
Naive Bayes Classifier

                 Class
Attribute          win    loss    draw
                (0.64)  (0.26)   (0.1)
=======================================
a1
  x              9833.0  6576.0  2081.0
  o             12483.0  2375.0  1744.0
  b             12435.0  4934.0  1593.0
  [total]       34751.0 13885.0  5418.0

a2
  x              5620.0  3289.0  1372.0
  o              7439.0  1794.0  1104.0
  b             21692.0  8802.0  2942.0
  [total]       34751.0 13885.0  5418.0

a3
  x              3134.0  1435.0   740.0
  o              3642.0  1240.0   673.0
  b             27975.0 11210.0  4005.0
  [total]       34751.0 13885.0  5418.0

a4
  x              1668.0   677.0   346.0
  o              1713.0   697.0   454.0
  b             31370.0 12511.0  4618.0
  [total]       34751.0 13885.0  5418.0

a5
  x               585.0   371.0   177.0
  o               804.0   180.0   140.0
  b             33362.0 13334.0  5101.0
  [total]       34751.0 13885.0  5418.0

a6
  x                68.0    64.0    24.0
  o               281.0    42.0    43.0
  b             34402.0 13779.0  5351.0
  [total]       34751.0 13885.0  5418.0

b1
  x             12861.0  6469.0  2331.0
  o             11601.0  3175.0  1349.0
  b             10289.0  4241.0  1738.0
  [total]       34751.0 13885.0  5418.0

b2
  x              8305.0  2206.0   634.0
  o              6593.0  3432.0  1347.0
  b             19853.0  8247.0  3437.0
  [total]       34751.0 13885.0  5418.0

b3
  x              3840.0  1152.0   647.0
  o              3725.0  1906.0   427.0
  b             27186.0 10827.0  4344.0
  [total]       34751.0 13885.0  5418.0

b4
  x              2063.0   561.0   218.0
  o              1868.0   860.0   321.0
  b             30820.0 12464.0  4879.0
  [total]       34751.0 13885.0  5418.0

b5
  x               621.0   366.0   142.0
  o               934.0   161.0    74.0
  b             33196.0 13358.0  5202.0
  [total]       34751.0 13885.0  5418.0

b6
  x                65.0    69.0    22.0
  o               307.0    23.0    33.0
  b             34379.0 13793.0  5363.0
  [total]       34751.0 13885.0  5418.0

c1
  x             19652.0  7709.0  3015.0
  o              5653.0  2590.0  1022.0
  b              9446.0  3586.0  1381.0
  [total]       34751.0 13885.0  5418.0

c2
  x              7834.0  1966.0   875.0
  o              6919.0  4512.0  1238.0
  b             19998.0  7407.0  3305.0
  [total]       34751.0 13885.0  5418.0

c3
  x              4126.0   885.0   359.0
  o              2829.0  2746.0   845.0
  b             27796.0 10254.0  4214.0
  [total]       34751.0 13885.0  5418.0

c4
  x              1759.0   606.0   339.0
  o              1771.0   909.0   263.0
  b             31221.0 12370.0  4816.0
  [total]       34751.0 13885.0  5418.0

c5
  x               514.0   365.0   125.0
  o               816.0   169.0   107.0
  b             33421.0 13351.0  5186.0
  [total]       34751.0 13885.0  5418.0

c6
  x                58.0    57.0    35.0
  o               266.0    38.0    29.0
  b             34427.0 13790.0  5354.0
  [total]       34751.0 13885.0  5418.0

d1
  x              5219.0   537.0   280.0
  o             10183.0  6785.0  2031.0
  b             19349.0  6563.0  3107.0
  [total]       34751.0 13885.0  5418.0

d2
  x              5503.0  1230.0   708.0
  o              1910.0  2602.0   159.0
  b             27338.0 10053.0  4551.0
  [total]       34751.0 13885.0  5418.0

d3
  x              2073.0   618.0    56.0
  o              1145.0  1195.0   447.0
  b             31533.0 12072.0  4915.0
  [total]       34751.0 13885.0  5418.0

d4
  x               671.0   296.0   151.0
  o               775.0   631.0    20.0
  b             33305.0 12958.0  5247.0
  [total]       34751.0 13885.0  5418.0

d5
  x               188.0   170.0    11.0
  o               305.0    93.0    50.0
  b             34258.0 13622.0  5357.0
  [total]       34751.0 13885.0  5418.0

d6
  x                 7.0     4.0    16.0
  o                76.0    33.0     2.0
  b             34668.0 13848.0  5400.0
  [total]       34751.0 13885.0  5418.0

e1
  x              3297.0  1346.0   486.0
  o             10796.0  3616.0  1553.0
  b             20658.0  8923.0  3379.0
  [total]       34751.0 13885.0  5418.0

e2
  x              4174.0   820.0   498.0
  o              2605.0  1436.0   345.0
  b             27972.0 11629.0  4575.0
  [total]       34751.0 13885.0  5418.0

e3
  x              1985.0   319.0   126.0
  o              1141.0   584.0   311.0
  b             31625.0 12982.0  4981.0
  [total]       34751.0 13885.0  5418.0

e4
  x               631.0   144.0    97.0
  o               679.0   261.0    96.0
  b             33441.0 13480.0  5225.0
  [total]       34751.0 13885.0  5418.0

e5
  x               146.0    87.0    34.0
  o               281.0    27.0    33.0
  b             34324.0 13771.0  5351.0
  [total]       34751.0 13885.0  5418.0

e6
  x                 7.0     7.0     7.0
  o                54.0     9.0     5.0
  b             34690.0 13869.0  5406.0
  [total]       34751.0 13885.0  5418.0

f1
  x              7878.0  3202.0  1183.0
  o             10085.0  3318.0  1382.0
  b             16788.0  7365.0  2853.0
  [total]       34751.0 13885.0  5418.0

f2
  x              4985.0  1281.0   483.0
  o              4247.0  1941.0   706.0
  b             25519.0 10663.0  4229.0
  [total]       34751.0 13885.0  5418.0

f3
  x              2207.0   647.0   269.0
  o              2029.0   864.0   199.0
  b             30515.0 12374.0  4950.0
  [total]       34751.0 13885.0  5418.0

f4
  x               867.0   197.0    67.0
  o               875.0   340.0   122.0
  b             33009.0 13348.0  5229.0
  [total]       34751.0 13885.0  5418.0

f5
  x               160.0    91.0    38.0
  o               348.0    49.0    29.0
  b             34243.0 13745.0  5351.0
  [total]       34751.0 13885.0  5418.0

f6
  x                 7.0     4.0    10.0
  o                58.0     6.0     8.0
  b             34686.0 13875.0  5400.0
  [total]       34751.0 13885.0  5418.0

g1
  x              8693.0  5683.0  1845.0
  o             11369.0  2128.0  1441.0
  b             14689.0  6074.0  2132.0
  [total]       34751.0 13885.0  5418.0

g2
  x              4484.0  2526.0  1092.0
  o              6194.0  1515.0   814.0
  b             24073.0  9844.0  3512.0
  [total]       34751.0 13885.0  5418.0

g3
  x              2200.0  1066.0   520.0
  o              2753.0   818.0   416.0
  b             29798.0 12001.0  4482.0
  [total]       34751.0 13885.0  5418.0

g4
  x               896.0   348.0   179.0
  o              1038.0   388.0   241.0
  b             32817.0 13149.0  4998.0
  [total]       34751.0 13885.0  5418.0

g5
  x               146.0   118.0    53.0
  o               385.0    77.0    66.0
  b             34220.0 13690.0  5299.0
  [total]       34751.0 13885.0  5418.0

g6
  x                 4.0     6.0    11.0
  o                59.0     5.0    13.0
  b             34688.0 13874.0  5394.0
  [total]       34751.0 13885.0  5418.0



Time taken to build model: 0.3 seconds
Time taken to test model on training data: 2.42 seconds

=== Error on training data ===

Correctly Classified Instances       38427               71.1019 %
Incorrectly Classified Instances     15618               28.8981 %
Kappa statistic                          0.3488
K&B Relative Info Score            1332607.3684 %
K&B Information Score                16604.1757 bits      0.3072 bits/instance
Class complexity | order 0           67337.4363 bits      1.246  bits/instance
Class complexity | scheme            54493.1414 bits      1.0083 bits/instance
Complexity improvement     (Sf)      12844.2948 bits      0.2377 bits/instance
Mean absolute error                      0.2703
Root mean squared error                  0.3646
Relative absolute error                 79.3907 %
Root relative squared error             88.383  %
Total Number of Instances            54045     


=== Detailed Accuracy By Class ===

               TP Rate   FP Rate   Precision   Recall  F-Measure   ROC Area  Class
                 0.908     0.571      0.741     0.908     0.816      0.805    win
                 0.464     0.084      0.655     0.464     0.543      0.823    loss
                 0.081     0.025      0.264     0.081     0.123      0.692    draw
Weighted Avg.    0.711     0.391      0.671     0.711     0.677      0.798


=== Confusion Matrix ===

     a     b     c   <-- classified as
 31556  2563   629 |     a = win
  6863  6435   584 |     b = loss
  4156   823   436 |     c = draw


=== Error on test data ===

Correctly Classified Instances       10007               74.0601 %
Incorrectly Classified Instances      3505               25.9399 %
Kappa statistic                          0.1903
K&B Relative Info Score             352099.958  %
K&B Information Score                 4387.1359 bits      0.3247 bits/instance
Class complexity | order 0           15027.6521 bits      1.1122 bits/instance
Class complexity | scheme            12802.5203 bits      0.9475 bits/instance
Complexity improvement     (Sf)       2225.1318 bits      0.1647 bits/instance
Mean absolute error                      0.2181
Root mean squared error                  0.3484
Relative absolute error                 68.5408 %
Root relative squared error             90.5824 %
Total Number of Instances            13512     


=== Detailed Accuracy By Class ===

               TP Rate   FP Rate   Precision   Recall  F-Measure   ROC Area  Class
                 0.963     0.819      0.751     0.963     0.844      0.797    win
                 0.231     0.037      0.616     0.231     0.336      0.833    loss
                 0.005     0.001      0.385     0.005     0.01       0.676    draw
Weighted Avg.    0.741     0.597      0.696     0.741     0.677      0.795


=== Confusion Matrix ===

    a    b    c   <-- classified as
 9365  355    5 |    a = win
 2113  637    3 |    b = loss
  987   42    5 |    c = draw

