
Radial basis function network
(Logistic regression applied to K-means clusters as basis functions):

Logistic Regression with ridge parameter of 1.0E-8
Coefficients...
                  Class
Variable            win     loss
================================
pCluster_0_0     1.0014  -0.1848
pCluster_0_1     1.0298  -0.8966
pCluster_1_0    -0.6447   1.0483
pCluster_1_1    -0.9408   1.0694
pCluster_2_0    -2.0247  -0.8636
pCluster_2_1    -1.1231  -0.4344
Intercept        1.8535   0.8497


Odds Ratios...
                  Class
Variable            win     loss
================================
pCluster_0_0     2.7221   0.8313
pCluster_0_1     2.8004    0.408
pCluster_1_0     0.5248   2.8529
pCluster_1_1     0.3903   2.9138
pCluster_2_0      0.132   0.4216
pCluster_2_1     0.3253   0.6476


Time taken to build model: 10.85 seconds
Time taken to test model on training data: 1.36 seconds

=== Error on training data ===

Correctly Classified Instances       36348               67.2551 %
Incorrectly Classified Instances     17697               32.7449 %
Kappa statistic                          0.223 
K&B Relative Info Score             736415.5524 %
K&B Information Score                 9175.6758 bits      0.1698 bits/instance
Class complexity | order 0           67337.4363 bits      1.246  bits/instance
Class complexity | scheme            60684.5552 bits      1.1229 bits/instance
Complexity improvement     (Sf)       6652.8811 bits      0.1231 bits/instance
Mean absolute error                      0.2998
Root mean squared error                  0.3874
Relative absolute error                 88.0646 %
Root relative squared error             93.8943 %
Total Number of Instances            54045     


=== Detailed Accuracy By Class ===

               TP Rate   FP Rate   Precision   Recall  F-Measure   ROC Area  Class
                 0.908     0.699      0.7       0.908     0.791      0.727    win
                 0.347     0.104      0.534     0.347     0.42       0.735    loss
                 0         0          0         0         0          0.632    draw
Weighted Avg.    0.673     0.477      0.587     0.673     0.616      0.719


=== Confusion Matrix ===

     a     b     c   <-- classified as
 31536  3211     1 |     a = win
  9069  4812     1 |     b = loss
  4429   986     0 |     c = draw


=== Error on test data ===

Correctly Classified Instances        9750               72.1581 %
Incorrectly Classified Instances      3762               27.8419 %
Kappa statistic                          0.1293
K&B Relative Info Score             217741.2609 %
K&B Information Score                 2713.0378 bits      0.2008 bits/instance
Class complexity | order 0           15027.6521 bits      1.1122 bits/instance
Class complexity | scheme            13635.3998 bits      1.0091 bits/instance
Complexity improvement     (Sf)       1392.2523 bits      0.103  bits/instance
Mean absolute error                      0.2562
Root mean squared error                  0.3644
Relative absolute error                 80.5214 %
Root relative squared error             94.7271 %
Total Number of Instances            13512     


=== Detailed Accuracy By Class ===

               TP Rate   FP Rate   Precision   Recall  F-Measure   ROC Area  Class
                 0.951     0.853      0.741     0.951     0.833      0.71     win
                 0.182     0.05       0.485     0.182     0.265      0.735    loss
                 0         0          0         0         0          0.603    draw
Weighted Avg.    0.722     0.624      0.632     0.722     0.654      0.707


=== Confusion Matrix ===

    a    b    c   <-- classified as
 9249  476    0 |    a = win
 2252  501    0 |    b = loss
  977   57    0 |    c = draw

