
Options: -U 

J48 unpruned tree
------------------

alm1 = 0.03: im (0.0)
alm1 = 0.05: im (0.0)
alm1 = 0.06: cp (1.0)
alm1 = 0.11: im (0.0)
alm1 = 0.14: cp (1.0)
alm1 = 0.15: im (0.0)
alm1 = 0.16: cp (1.0)
alm1 = 0.17: im (0.0)
alm1 = 0.18: cp (2.0)
alm1 = 0.19: im (0.0)
alm1 = 0.2: cp (3.0)
alm1 = 0.21: cp (1.0)
alm1 = 0.22: cp (3.0)
alm1 = 0.23: cp (3.0)
alm1 = 0.24: cp (1.0)
alm1 = 0.25: cp (4.0)
alm1 = 0.26: cp (5.0)
alm1 = 0.27: cp (3.0)
alm1 = 0.28: cp (5.0/1.0)
alm1 = 0.29: cp (4.0)
alm1 = 0.3: cp (4.0)
alm1 = 0.31: cp (4.0/1.0)
alm1 = 0.32: cp (3.0)
alm1 = 0.33: om (2.0)
alm1 = 0.34: cp (4.0)
alm1 = 0.35: cp (6.0/1.0)
alm1 = 0.36: cp (5.0/3.0)
alm1 = 0.37: cp (5.0/2.0)
alm1 = 0.38: cp (5.0/2.0)
alm1 = 0.39
|   mcg = 0: pp (0.0)
|   mcg = 0.04: pp (0.0)
|   mcg = 0.06: pp (0.0)
|   mcg = 0.07: pp (0.0)
|   mcg = 0.1: pp (0.0)
|   mcg = 0.11: pp (0.0)
|   mcg = 0.12: pp (0.0)
|   mcg = 0.16: im (1.0)
|   mcg = 0.17: pp (0.0)
|   mcg = 0.18: pp (0.0)
|   mcg = 0.2: pp (0.0)
|   mcg = 0.21: pp (0.0)
|   mcg = 0.22: pp (0.0)
|   mcg = 0.23: pp (0.0)
|   mcg = 0.24: pp (0.0)
|   mcg = 0.25: pp (0.0)
|   mcg = 0.26: pp (0.0)
|   mcg = 0.27: pp (0.0)
|   mcg = 0.28: pp (0.0)
|   mcg = 0.29: pp (0.0)
|   mcg = 0.3: pp (0.0)
|   mcg = 0.31: pp (0.0)
|   mcg = 0.32: pp (0.0)
|   mcg = 0.33: pp (0.0)
|   mcg = 0.34: pp (0.0)
|   mcg = 0.35: pp (0.0)
|   mcg = 0.36: pp (0.0)
|   mcg = 0.37: cp (1.0)
|   mcg = 0.38: pp (0.0)
|   mcg = 0.39: pp (0.0)
|   mcg = 0.4: pp (0.0)
|   mcg = 0.41: pp (0.0)
|   mcg = 0.42: pp (0.0)
|   mcg = 0.43: pp (0.0)
|   mcg = 0.44: pp (0.0)
|   mcg = 0.45: pp (0.0)
|   mcg = 0.46: pp (0.0)
|   mcg = 0.47: pp (0.0)
|   mcg = 0.48: pp (0.0)
|   mcg = 0.49: pp (0.0)
|   mcg = 0.5: pp (0.0)
|   mcg = 0.51: pp (0.0)
|   mcg = 0.52: pp (0.0)
|   mcg = 0.53: pp (0.0)
|   mcg = 0.54: pp (0.0)
|   mcg = 0.55: pp (0.0)
|   mcg = 0.56: pp (0.0)
|   mcg = 0.57: pp (0.0)
|   mcg = 0.58: pp (0.0)
|   mcg = 0.59: pp (0.0)
|   mcg = 0.6: pp (0.0)
|   mcg = 0.61: pp (1.0)
|   mcg = 0.62: pp (0.0)
|   mcg = 0.63: pp (1.0)
|   mcg = 0.64: pp (2.0)
|   mcg = 0.65: pp (0.0)
|   mcg = 0.66: pp (0.0)
|   mcg = 0.67: pp (0.0)
|   mcg = 0.68: pp (0.0)
|   mcg = 0.69: pp (2.0/1.0)
|   mcg = 0.7: pp (0.0)
|   mcg = 0.71: pp (0.0)
|   mcg = 0.72: pp (0.0)
|   mcg = 0.73: pp (0.0)
|   mcg = 0.74: pp (0.0)
|   mcg = 0.75: pp (0.0)
|   mcg = 0.76: pp (1.0)
|   mcg = 0.77: pp (0.0)
|   mcg = 0.78: pp (0.0)
|   mcg = 0.79: pp (0.0)
|   mcg = 0.81: pp (0.0)
|   mcg = 0.83: pp (0.0)
|   mcg = 0.84: pp (0.0)
|   mcg = 0.85: pp (0.0)
|   mcg = 0.86: pp (0.0)
|   mcg = 0.87: pp (0.0)
|   mcg = 0.88: pp (0.0)
|   mcg = 0.89: pp (0.0)
alm1 = 0.4: pp (6.0/3.0)
alm1 = 0.41: pp (2.0/1.0)
alm1 = 0.42: pp (5.0/2.0)
alm1 = 0.43: om (1.0)
alm1 = 0.44: pp (4.0/1.0)
alm1 = 0.45: cp (6.0/4.0)
alm1 = 0.46: cp (1.0)
alm1 = 0.47: pp (5.0/2.0)
alm1 = 0.48: cp (2.0/1.0)
alm1 = 0.49: pp (7.0/3.0)
alm1 = 0.5: pp (3.0/1.0)
alm1 = 0.51: pp (3.0)
alm1 = 0.52: pp (4.0/2.0)
alm1 = 0.53: om (3.0/1.0)
alm1 = 0.54
|   mcg = 0: pp (0.0)
|   mcg = 0.04: pp (0.0)
|   mcg = 0.06: pp (0.0)
|   mcg = 0.07: pp (0.0)
|   mcg = 0.1: pp (0.0)
|   mcg = 0.11: pp (0.0)
|   mcg = 0.12: pp (0.0)
|   mcg = 0.16: pp (0.0)
|   mcg = 0.17: pp (0.0)
|   mcg = 0.18: pp (0.0)
|   mcg = 0.2: pp (0.0)
|   mcg = 0.21: pp (0.0)
|   mcg = 0.22: pp (0.0)
|   mcg = 0.23: pp (0.0)
|   mcg = 0.24: pp (0.0)
|   mcg = 0.25: pp (0.0)
|   mcg = 0.26: pp (0.0)
|   mcg = 0.27: pp (0.0)
|   mcg = 0.28: pp (0.0)
|   mcg = 0.29: pp (0.0)
|   mcg = 0.3: pp (0.0)
|   mcg = 0.31: pp (0.0)
|   mcg = 0.32: pp (0.0)
|   mcg = 0.33: pp (0.0)
|   mcg = 0.34: pp (0.0)
|   mcg = 0.35: pp (0.0)
|   mcg = 0.36: pp (0.0)
|   mcg = 0.37: pp (0.0)
|   mcg = 0.38: pp (0.0)
|   mcg = 0.39: pp (0.0)
|   mcg = 0.4: pp (0.0)
|   mcg = 0.41: pp (0.0)
|   mcg = 0.42: pp (0.0)
|   mcg = 0.43: pp (0.0)
|   mcg = 0.44: pp (0.0)
|   mcg = 0.45: pp (0.0)
|   mcg = 0.46: pp (0.0)
|   mcg = 0.47: pp (0.0)
|   mcg = 0.48: pp (0.0)
|   mcg = 0.49: pp (0.0)
|   mcg = 0.5: pp (0.0)
|   mcg = 0.51: pp (0.0)
|   mcg = 0.52: pp (0.0)
|   mcg = 0.53: pp (0.0)
|   mcg = 0.54: pp (0.0)
|   mcg = 0.55: pp (0.0)
|   mcg = 0.56: pp (0.0)
|   mcg = 0.57: pp (0.0)
|   mcg = 0.58: pp (0.0)
|   mcg = 0.59: pp (0.0)
|   mcg = 0.6: pp (0.0)
|   mcg = 0.61: pp (0.0)
|   mcg = 0.62: pp (0.0)
|   mcg = 0.63: pp (0.0)
|   mcg = 0.64: pp (0.0)
|   mcg = 0.65: om (1.0)
|   mcg = 0.66: pp (0.0)
|   mcg = 0.67: om (1.0)
|   mcg = 0.68: pp (0.0)
|   mcg = 0.69: pp (0.0)
|   mcg = 0.7: pp (0.0)
|   mcg = 0.71: pp (2.0)
|   mcg = 0.72: pp (0.0)
|   mcg = 0.73: pp (0.0)
|   mcg = 0.74: pp (2.0/1.0)
|   mcg = 0.75: pp (0.0)
|   mcg = 0.76: pp (0.0)
|   mcg = 0.77: omL (1.0)
|   mcg = 0.78: pp (0.0)
|   mcg = 0.79: pp (0.0)
|   mcg = 0.81: pp (0.0)
|   mcg = 0.83: pp (0.0)
|   mcg = 0.84: pp (0.0)
|   mcg = 0.85: pp (0.0)
|   mcg = 0.86: pp (0.0)
|   mcg = 0.87: pp (0.0)
|   mcg = 0.88: pp (0.0)
|   mcg = 0.89: pp (0.0)
alm1 = 0.55: pp (2.0/1.0)
alm1 = 0.56: omL (1.0)
alm1 = 0.57: pp (3.0/1.0)
alm1 = 0.58: im (3.0/2.0)
alm1 = 0.59: imU (3.0/2.0)
alm1 = 0.61: im (3.0/1.0)
alm1 = 0.62: im (1.0)
alm1 = 0.64: im (2.0/1.0)
alm1 = 0.65: im (4.0/1.0)
alm1 = 0.66: im (3.0/1.0)
alm1 = 0.67: im (6.0/1.0)
alm1 = 0.68: pp (1.0)
alm1 = 0.69: im (1.0)
alm1 = 0.7: im (6.0/3.0)
alm1 = 0.71: im (7.0/2.0)
alm1 = 0.72: im (4.0/1.0)
alm1 = 0.73: imU (5.0/1.0)
alm1 = 0.74: imU (3.0/1.0)
alm1 = 0.75: im (5.0/2.0)
alm1 = 0.76
|   gvh = 0.16: im (0.0)
|   gvh = 0.23: im (0.0)
|   gvh = 0.24: im (0.0)
|   gvh = 0.26: im (0.0)
|   gvh = 0.27: im (0.0)
|   gvh = 0.28: im (0.0)
|   gvh = 0.29: im (0.0)
|   gvh = 0.3: im (0.0)
|   gvh = 0.31: im (0.0)
|   gvh = 0.32: im (0.0)
|   gvh = 0.33: im (0.0)
|   gvh = 0.34: im (0.0)
|   gvh = 0.35: im (0.0)
|   gvh = 0.36: im (0.0)
|   gvh = 0.37: im (0.0)
|   gvh = 0.38: im (0.0)
|   gvh = 0.39: im (1.0)
|   gvh = 0.4: im (0.0)
|   gvh = 0.41: im (0.0)
|   gvh = 0.42: im (0.0)
|   gvh = 0.43: im (0.0)
|   gvh = 0.44: im (0.0)
|   gvh = 0.45: im (0.0)
|   gvh = 0.46: im (0.0)
|   gvh = 0.47: im (1.0)
|   gvh = 0.48: imU (1.0)
|   gvh = 0.49: imU (2.0/1.0)
|   gvh = 0.5: im (0.0)
|   gvh = 0.51: im (0.0)
|   gvh = 0.52: im (0.0)
|   gvh = 0.53: im (0.0)
|   gvh = 0.54: im (1.0)
|   gvh = 0.55: im (0.0)
|   gvh = 0.56: im (0.0)
|   gvh = 0.57: im (0.0)
|   gvh = 0.58: im (0.0)
|   gvh = 0.59: im (2.0)
|   gvh = 0.6: im (0.0)
|   gvh = 0.61: im (0.0)
|   gvh = 0.63: im (0.0)
|   gvh = 0.64: im (0.0)
|   gvh = 0.65: im (0.0)
|   gvh = 0.66: im (0.0)
|   gvh = 0.67: im (1.0)
|   gvh = 0.68: im (0.0)
|   gvh = 0.69: im (0.0)
|   gvh = 0.7: im (0.0)
|   gvh = 0.71: im (0.0)
|   gvh = 0.72: im (0.0)
|   gvh = 0.73: im (0.0)
|   gvh = 0.74: im (0.0)
|   gvh = 0.75: im (0.0)
|   gvh = 0.76: im (0.0)
|   gvh = 0.78: im (0.0)
|   gvh = 0.8: im (0.0)
|   gvh = 0.81: im (0.0)
|   gvh = 0.82: im (0.0)
|   gvh = 0.83: im (0.0)
|   gvh = 0.84: im (0.0)
|   gvh = 0.86: im (0.0)
|   gvh = 0.88: im (0.0)
|   gvh = 0.9: im (0.0)
|   gvh = 1: im (0.0)
alm1 = 0.77
|   alm2 = 0: im (0.0)
|   alm2 = 0.01: im (0.0)
|   alm2 = 0.14: im (0.0)
|   alm2 = 0.15: im (0.0)
|   alm2 = 0.16: im (0.0)
|   alm2 = 0.17: im (0.0)
|   alm2 = 0.19: im (0.0)
|   alm2 = 0.2: im (0.0)
|   alm2 = 0.21: im (0.0)
|   alm2 = 0.23: im (0.0)
|   alm2 = 0.24: im (0.0)
|   alm2 = 0.25: im (0.0)
|   alm2 = 0.26: im (0.0)
|   alm2 = 0.27: im (0.0)
|   alm2 = 0.28: im (0.0)
|   alm2 = 0.29: im (0.0)
|   alm2 = 0.3: im (0.0)
|   alm2 = 0.31: im (0.0)
|   alm2 = 0.32: im (0.0)
|   alm2 = 0.33: im (0.0)
|   alm2 = 0.34: im (0.0)
|   alm2 = 0.35: im (0.0)
|   alm2 = 0.36: im (0.0)
|   alm2 = 0.37: im (0.0)
|   alm2 = 0.38: im (0.0)
|   alm2 = 0.39: im (0.0)
|   alm2 = 0.4: im (0.0)
|   alm2 = 0.41: im (0.0)
|   alm2 = 0.42: im (0.0)
|   alm2 = 0.43: im (0.0)
|   alm2 = 0.44: im (0.0)
|   alm2 = 0.45: im (0.0)
|   alm2 = 0.46: im (0.0)
|   alm2 = 0.47: im (0.0)
|   alm2 = 0.48: im (0.0)
|   alm2 = 0.49: im (0.0)
|   alm2 = 0.5: im (0.0)
|   alm2 = 0.51: im (0.0)
|   alm2 = 0.52: im (0.0)
|   alm2 = 0.53: im (0.0)
|   alm2 = 0.54: im (0.0)
|   alm2 = 0.55: im (0.0)
|   alm2 = 0.56: im (0.0)
|   alm2 = 0.57: im (0.0)
|   alm2 = 0.58: im (0.0)
|   alm2 = 0.59: im (0.0)
|   alm2 = 0.61: im (0.0)
|   alm2 = 0.62: im (0.0)
|   alm2 = 0.63: im (0.0)
|   alm2 = 0.66: im (0.0)
|   alm2 = 0.67: im (0.0)
|   alm2 = 0.68: im (0.0)
|   alm2 = 0.69: im (0.0)
|   alm2 = 0.7: im (0.0)
|   alm2 = 0.71: im (1.0)
|   alm2 = 0.72: im (0.0)
|   alm2 = 0.73: im (0.0)
|   alm2 = 0.74: im (0.0)
|   alm2 = 0.75: im (0.0)
|   alm2 = 0.76: im (0.0)
|   alm2 = 0.77: im (0.0)
|   alm2 = 0.78: im (0.0)
|   alm2 = 0.79: imU (3.0/1.0)
|   alm2 = 0.8: im (2.0/1.0)
|   alm2 = 0.81: im (0.0)
|   alm2 = 0.82: im (0.0)
|   alm2 = 0.83: im (0.0)
|   alm2 = 0.84: im (0.0)
|   alm2 = 0.85: im (0.0)
|   alm2 = 0.86: im (0.0)
|   alm2 = 0.87: im (0.0)
|   alm2 = 0.88: im (0.0)
|   alm2 = 0.89: im (0.0)
|   alm2 = 0.9: im (0.0)
|   alm2 = 0.92: im (0.0)
|   alm2 = 0.94: im (0.0)
|   alm2 = 0.99: im (0.0)
alm1 = 0.78
|   alm2 = 0: im (0.0)
|   alm2 = 0.01: im (0.0)
|   alm2 = 0.14: im (0.0)
|   alm2 = 0.15: im (0.0)
|   alm2 = 0.16: im (0.0)
|   alm2 = 0.17: im (0.0)
|   alm2 = 0.19: im (0.0)
|   alm2 = 0.2: im (0.0)
|   alm2 = 0.21: im (0.0)
|   alm2 = 0.23: im (0.0)
|   alm2 = 0.24: im (0.0)
|   alm2 = 0.25: im (0.0)
|   alm2 = 0.26: im (0.0)
|   alm2 = 0.27: im (0.0)
|   alm2 = 0.28: im (0.0)
|   alm2 = 0.29: im (0.0)
|   alm2 = 0.3: im (0.0)
|   alm2 = 0.31: im (0.0)
|   alm2 = 0.32: im (0.0)
|   alm2 = 0.33: im (0.0)
|   alm2 = 0.34: im (0.0)
|   alm2 = 0.35: im (0.0)
|   alm2 = 0.36: im (0.0)
|   alm2 = 0.37: im (0.0)
|   alm2 = 0.38: im (0.0)
|   alm2 = 0.39: im (0.0)
|   alm2 = 0.4: im (0.0)
|   alm2 = 0.41: im (0.0)
|   alm2 = 0.42: im (0.0)
|   alm2 = 0.43: im (0.0)
|   alm2 = 0.44: im (0.0)
|   alm2 = 0.45: im (0.0)
|   alm2 = 0.46: im (0.0)
|   alm2 = 0.47: im (0.0)
|   alm2 = 0.48: im (0.0)
|   alm2 = 0.49: im (0.0)
|   alm2 = 0.5: im (0.0)
|   alm2 = 0.51: im (0.0)
|   alm2 = 0.52: im (0.0)
|   alm2 = 0.53: im (0.0)
|   alm2 = 0.54: im (0.0)
|   alm2 = 0.55: im (0.0)
|   alm2 = 0.56: im (0.0)
|   alm2 = 0.57: im (0.0)
|   alm2 = 0.58: im (0.0)
|   alm2 = 0.59: im (0.0)
|   alm2 = 0.61: im (0.0)
|   alm2 = 0.62: im (0.0)
|   alm2 = 0.63: im (0.0)
|   alm2 = 0.66: im (0.0)
|   alm2 = 0.67: im (0.0)
|   alm2 = 0.68: im (0.0)
|   alm2 = 0.69: im (0.0)
|   alm2 = 0.7: im (0.0)
|   alm2 = 0.71: im (0.0)
|   alm2 = 0.72: im (0.0)
|   alm2 = 0.73: im (2.0)
|   alm2 = 0.74: imU (2.0)
|   alm2 = 0.75: im (0.0)
|   alm2 = 0.76: im (0.0)
|   alm2 = 0.77: im (0.0)
|   alm2 = 0.78: im (0.0)
|   alm2 = 0.79: im (0.0)
|   alm2 = 0.8: im (4.0/1.0)
|   alm2 = 0.81: im (1.0)
|   alm2 = 0.82: im (0.0)
|   alm2 = 0.83: im (0.0)
|   alm2 = 0.84: im (0.0)
|   alm2 = 0.85: im (0.0)
|   alm2 = 0.86: im (0.0)
|   alm2 = 0.87: im (0.0)
|   alm2 = 0.88: im (0.0)
|   alm2 = 0.89: im (0.0)
|   alm2 = 0.9: im (0.0)
|   alm2 = 0.92: im (0.0)
|   alm2 = 0.94: im (0.0)
|   alm2 = 0.99: im (0.0)
alm1 = 0.79: im (5.0/1.0)
alm1 = 0.8: im (2.0)
alm1 = 0.81: im (4.0/2.0)
alm1 = 0.82: im (4.0/2.0)
alm1 = 0.84: im (2.0/1.0)
alm1 = 0.85: im (2.0)
alm1 = 0.86: im (3.0/1.0)
alm1 = 0.87: im (4.0/1.0)
alm1 = 0.88: im (3.0)
alm1 = 0.89: imU (1.0)
alm1 = 0.9: im (2.0)
alm1 = 0.91: im (1.0)
alm1 = 0.92: im (3.0/1.0)
alm1 = 0.94: im (1.0)
alm1 = 1: im (1.0)

Number of Leaves  : 	450

Size of the tree : 	456


Time taken to build model: 0.06 seconds
Time taken to test model on training data: 0.03 seconds

=== Error on training data ===

Correctly Classified Instances         201               75      %
Incorrectly Classified Instances        67               25      %
Kappa statistic                          0.6687
K&B Relative Info Score              18705.8762 %
K&B Information Score                  451.3088 bits      1.684  bits/instance
Class complexity | order 0             634.6038 bits      2.3679 bits/instance
Class complexity | scheme              184.9999 bits      0.6903 bits/instance
Complexity improvement     (Sf)        449.6039 bits      1.6776 bits/instance
Mean absolute error                      0.0777
Root mean squared error                  0.1971
Relative absolute error                 39.7989 %
Root relative squared error             63.1964 %
Total Number of Instances              268     


=== Detailed Accuracy By Class ===

               TP Rate   FP Rate   Precision   Recall  F-Measure   ROC Area  Class
                 0.907     0.078      0.819     0.907     0.861      0.982    cp
                 0.948     0.136      0.737     0.948     0.83       0.963    im
                 0.712     0.088      0.661     0.712     0.685      0.938    pp
                 0.4       0.026      0.7       0.4       0.509      0.935    imU
                 0.35      0.004      0.875     0.35      0.5        0.969    om
                 0.4       0          1         0.4       0.571      0.995    omL
                 0         0          0         0         0          0.988    imL
                 0         0          0         0         0          0.994    imS
Weighted Avg.    0.75      0.082      0.745     0.75      0.727      0.961


=== Confusion Matrix ===

  a  b  c  d  e  f  g  h   <-- classified as
 68  0  7  0  0  0  0  0 |  a = cp
  0 73  1  3  0  0  0  0 |  b = im
 11  3 37  0  1  0  0  0 |  c = pp
  0 20  1 14  0  0  0  0 |  d = imU
  4  1  7  1  7  0  0  0 |  e = om
  0  1  1  1  0  2  0  0 |  f = omL
  0  1  1  0  0  0  0  0 |  g = imL
  0  0  1  1  0  0  0  0 |  h = imS


=== Error on test data ===

Correctly Classified Instances          40               58.8235 %
Incorrectly Classified Instances        28               41.1765 %
Kappa statistic                          0     
K&B Relative Info Score               2451.7859 %
K&B Information Score                   59.1532 bits      0.8699 bits/instance
Class complexity | order 0             126.5206 bits      1.8606 bits/instance
Class complexity | scheme            15073.2019 bits    221.6647 bits/instance
Complexity improvement     (Sf)     -14946.6813 bits   -219.8041 bits/instance
Mean absolute error                      0.1075
Root mean squared error                  0.2729
Relative absolute error                 59.3576 %
Root relative squared error             94.6295 %
Total Number of Instances               68     


=== Detailed Accuracy By Class ===

               TP Rate   FP Rate   Precision   Recall  F-Measure   ROC Area  Class
                 0.588     0          1         0.588     0.741      ?        cp
                 0         0.088      0         0         0          ?        im
                 0         0.191      0         0         0          ?        pp
                 0         0          0         0         0          ?        imU
                 0         0.132      0         0         0          ?        om
                 0         0          0         0         0          ?        omL
                 0         0          0         0         0          ?        imL
                 0         0          0         0         0          ?        imS
Weighted Avg.    0.588     0          1         0.588     0.741      0    


=== Confusion Matrix ===

  a  b  c  d  e  f  g  h   <-- classified as
 40  6 13  0  9  0  0  0 |  a = cp
  0  0  0  0  0  0  0  0 |  b = im
  0  0  0  0  0  0  0  0 |  c = pp
  0  0  0  0  0  0  0  0 |  d = imU
  0  0  0  0  0  0  0  0 |  e = om
  0  0  0  0  0  0  0  0 |  f = omL
  0  0  0  0  0  0  0  0 |  g = imL
  0  0  0  0  0  0  0  0 |  h = imS

