
Options: -K 5 -E 

IB1 instance-based classifier
using 5 nearest neighbour(s) for classification


Time taken to build model: 0.05 seconds
Time taken to test model on training data: 0.5 seconds

=== Error on training data ===

Correctly Classified Instances         557               46.925  %
Incorrectly Classified Instances       630               53.075  %
Kappa statistic                          0.2562
K&B Relative Info Score              36437.1991 %
K&B Information Score                  912.9245 bits      0.7691 bits/instance
Class complexity | order 0            2955.014  bits      2.4895 bits/instance
Class complexity | scheme             2102.8429 bits      1.7716 bits/instance
Complexity improvement     (Sf)        852.1711 bits      0.7179 bits/instance
Mean absolute error                      0.1309
Root mean squared error                  0.2515
Relative absolute error                 84.4052 %
Root relative squared error             90.3928 %
Total Number of Instances             1187     


=== Detailed Accuracy By Class ===

               TP Rate   FP Rate   Precision   Recall  F-Measure   ROC Area  Class
                 0.803     0.521      0.411     0.803     0.543      ?        CYT
                 0.461     0.186      0.519     0.461     0.488      ?        NUC
                 0.278     0.035      0.566     0.278     0.373      ?        MIT
                 0.259     0.011      0.745     0.259     0.385      ?        ME3
                 0.073     0.002      0.6       0.073     0.13       ?        ME2
                 0.154     0          1         0.154     0.267      ?        ME1
                 0.074     0          1         0.074     0.138      ?        EXC
                 0         0          0         0         0          ?        VAC
                 0.063     0          1         0.063     0.118      ?        POX
                 0         0          0         0         0          ?        ERL
Weighted Avg.    0.469     0.225      0.54      0.469     0.432      0    


=== Confusion Matrix ===

   a   b   c   d   e   f   g   h   i   j   <-- classified as
 297  60  13   0   0   0   0   0   0   0 |   a = CYT
 186 166   6   2   0   0   0   0   0   0 |   b = NUC
  89  32  47   1   0   0   0   0   0   0 |   c = MIT
  64  31   5  35   0   0   0   0   0   0 |   d = ME3
  22  10   4   2   3   0   0   0   0   0 |   e = ME2
  20   6   1   5   1   6   0   0   0   0 |   f = ME1
  17   2   4   1   1   0   2   0   0   0 |   g = EXC
  17   8   1   0   0   0   0   0   0   0 |   h = VAC
   8   4   2   1   0   0   0   0   1   0 |   i = POX
   3   1   0   0   0   0   0   0   0   0 |   j = ERL


=== Error on test data ===

Correctly Classified Instances         106               35.6902 %
Incorrectly Classified Instances       191               64.3098 %
Kappa statistic                          0.104 
K&B Relative Info Score               5474.0123 %
K&B Information Score                  137.1499 bits      0.4618 bits/instance
Class complexity | order 0             746.0557 bits      2.512  bits/instance
Class complexity | scheme              878.2093 bits      2.9569 bits/instance
Complexity improvement     (Sf)       -132.1536 bits     -0.445  bits/instance
Mean absolute error                      0.1441
Root mean squared error                  0.2751
Relative absolute error                 91.9403 %
Root relative squared error             97.8379 %
Total Number of Instances              297     


=== Detailed Accuracy By Class ===

               TP Rate   FP Rate   Precision   Recall  F-Measure   ROC Area  Class
                 0.753     0.637      0.35      0.753     0.478      0.662    CYT
                 0.304     0.193      0.323     0.304     0.313      0.636    NUC
                 0.16      0.036      0.6       0.16      0.253      0.652    MIT
                 0.107     0.03       0.273     0.107     0.154      0.731    ME3
                 0         0          0         0         0          0.783    ME2
                 0         0          0         0         0          0.864    ME1
                 0         0          0         0         0          0.766    EXC
                 0         0.003      0         0         0          0.305    VAC
                 0         0          0         0         0          0.57     POX
                 0         0          0         0         0          1        ERL
Weighted Avg.    0.357     0.256      0.362     0.357     0.301      0.665


=== Confusion Matrix ===

  a  b  c  d  e  f  g  h  i  j   <-- classified as
 70 20  3  0  0  0  0  0  0  0 |  a = CYT
 45 21  3  0  0  0  0  0  0  0 |  b = NUC
 48 12 12  3  0  0  0  0  0  0 |  c = MIT
 17  5  2  3  0  0  0  1  0  0 |  d = ME3
  7  2  0  1  0  0  0  0  0  0 |  e = ME2
  3  1  0  1  0  0  0  0  0  0 |  f = ME1
  5  2  0  1  0  0  0  0  0  0 |  g = EXC
  1  2  0  1  0  0  0  0  0  0 |  h = VAC
  3  0  0  1  0  0  0  0  0  0 |  i = POX
  1  0  0  0  0  0  0  0  0  0 |  j = ERL

