
Options: -U 

J48 unpruned tree
------------------

Sequence_Name = ADT1_YEAST: CYT (0.0)
Sequence_Name = ADT2_YEAST: CYT (0.0)
Sequence_Name = ADT3_YEAST: CYT (0.0)
Sequence_Name = AAR2_YEAST: CYT (0.0)
Sequence_Name = AATM_YEAST: CYT (0.0)
Sequence_Name = AATC_YEAST: CYT (0.0)
Sequence_Name = ABC1_YEAST: CYT (0.0)
Sequence_Name = BAF1_YEAST: CYT (0.0)
Sequence_Name = ABF2_YEAST: CYT (0.0)
Sequence_Name = ABP1_YEAST: CYT (0.0)
Sequence_Name = ACE1_YEAST: CYT (0.0)
Sequence_Name = ACE2_YEAST: CYT (0.0)
Sequence_Name = ACH1_YEAST: CYT (0.0)
Sequence_Name = ACON_YEAST: CYT (0.0)
Sequence_Name = ACR1_YEAST: CYT (0.0)
Sequence_Name = ACT_YEAST: CYT (0.0)
Sequence_Name = ACT2_YEAST: CYT (0.0)
Sequence_Name = ACT3_YEAST: CYT (0.0)
Sequence_Name = ACT5_YEAST: CYT (0.0)
Sequence_Name = ADA2_YEAST: CYT (0.0)
Sequence_Name = C1TC_YEAST: CYT (0.0)
Sequence_Name = PUR4_YEAST: CYT (0.0)
Sequence_Name = PUR3_YEAST: CYT (0.0)
Sequence_Name = ADH1_YEAST: CYT (0.0)
Sequence_Name = ADH2_YEAST: CYT (0.0)
Sequence_Name = ADH3_YEAST: CYT (0.0)
Sequence_Name = ADH4_YEAST: CYT (0.0)
Sequence_Name = KAD1_YEAST: CYT (0.0)
Sequence_Name = KAD2_YEAST: CYT (0.0)
Sequence_Name = ADP1_YEAST: CYT (0.0)
Sequence_Name = ADR1_YEAST: CYT (0.0)
Sequence_Name = AFG3_YEAST: CYT (0.0)
Sequence_Name = AFR1_YEAST: CYT (0.0)
Sequence_Name = RCS1_YEAST: CYT (0.0)
Sequence_Name = AGA1_YEAST: CYT (0.0)
Sequence_Name = AGA2_YEAST: CYT (0.0)
Sequence_Name = YMX1_YEAST: CYT (0.0)
Sequence_Name = SYAC_YEAST: CYT (0.0)
Sequence_Name = DHA1_YEAST: CYT (0.0)
Sequence_Name = DHA2_YEAST: CYT (0.0)
Sequence_Name = ALG1_YEAST: CYT (0.0)
Sequence_Name = ALG5_YEAST: CYT (0.0)
Sequence_Name = GPT_YEAST: CYT (0.0)
Sequence_Name = ALG8_YEAST: CYT (0.0)
Sequence_Name = MAN1_YEAST: CYT (0.0)
Sequence_Name = ANC1_YEAST: CYT (0.0)
Sequence_Name = ANP1_YEAST: CYT (0.0)
Sequence_Name = APE2_YEAST: CYT (0.0)
Sequence_Name = APE3_YEAST: CYT (0.0)
Sequence_Name = ALP1_YEAST: CYT (0.0)
Sequence_Name = ADB2_YEAST: CYT (0.0)
Sequence_Name = YHB9_YEAST: CYT (0.0)
Sequence_Name = APN1_YEAST: CYT (0.0)
Sequence_Name = ARD1_YEAST: CYT (0.0)
Sequence_Name = ARF1_YEAST: CYT (0.0)
Sequence_Name = ARF2_YEAST: CYT (0.0)
Sequence_Name = ASSY_YEAST: CYT (0.0)
Sequence_Name = OTC_YEAST: CYT (0.0)
Sequence_Name = ARLY_YEAST: CYT (0.0)
Sequence_Name = AR56_YEAST: CYT (0.0)
Sequence_Name = ARGD_YEAST: CYT (0.0)
Sequence_Name = ARG1_YEAST: CYT (0.0)
Sequence_Name = ARG2_YEAST: CYT (0.0)
Sequence_Name = ARG3_YEAST: CYT (0.0)
Sequence_Name = ARO1_YEAST: CYT (0.0)
Sequence_Name = AROC_YEAST: CYT (0.0)
Sequence_Name = AROF_YEAST: CYT (0.0)
Sequence_Name = AROG_YEAST: CYT (0.0)
Sequence_Name = CHMU_YEAST: CYT (0.0)
Sequence_Name = ASG2_YEAST: CYT (0.0)
Sequence_Name = AST1_YEAST: CYT (0.0)
Sequence_Name = ATE1_YEAST: CYT (0.0)
Sequence_Name = ATM1_YEAST: CYT (0.0)
Sequence_Name = ATPA_YEAST: CYT (0.0)
Sequence_Name = ATPY_YEAST: CYT (0.0)
Sequence_Name = ATPS_YEAST: CYT (0.0)
Sequence_Name = ATPT_YEAST: CYT (0.0)
Sequence_Name = ATPU_YEAST: CYT (0.0)
Sequence_Name = ATPE_YEAST: CYT (0.0)
Sequence_Name = ATPB_YEAST: CYT (0.0)
Sequence_Name = ATPG_YEAST: CYT (0.0)
Sequence_Name = ATPD_YEAST: CYT (0.0)
Sequence_Name = ATPO_YEAST: CYT (0.0)
Sequence_Name = ATP7_YEAST: CYT (0.0)
Sequence_Name = ATP8_YEAST: CYT (0.0)
Sequence_Name = ATR1_YEAST: CYT (0.0)
Sequence_Name = YBR8_YEAST: CYT (0.0)
Sequence_Name = BAR1_YEAST: CYT (0.0)
Sequence_Name = BAS1_YEAST: CYT (0.0)
Sequence_Name = BCK1_YEAST: CYT (0.0)
Sequence_Name = BCK2_YEAST: CYT (0.0)
Sequence_Name = BCS1_YEAST: CYT (0.0)
Sequence_Name = KAPR_YEAST: CYT (0.0)
Sequence_Name = BDF1_YEAST: CYT (0.0)
Sequence_Name = BEM1_YEAST: CYT (0.0)
Sequence_Name = BET1_YEAST: CYT (0.0)
Sequence_Name = BGL2_YEAST: CYT (0.0)
Sequence_Name = CYBM_YEAST: CYT (0.0)
Sequence_Name = YMC4_YEAST: CYT (0.0)
Sequence_Name = BIK1_YEAST: CYT (0.0)
Sequence_Name = BOS1_YEAST: CYT (0.0)
Sequence_Name = BSD2_YEAST: CYT (0.0)
Sequence_Name = BUD5_YEAST: CYT (0.0)
Sequence_Name = CAD1_YEAST: CYT (0.0)
Sequence_Name = CAP2_YEAST: CYT (0.0)
Sequence_Name = CAN1_YEAST: CYT (0.0)
Sequence_Name = CAPA_YEAST: CYT (0.0)
Sequence_Name = CAPB_YEAST: CYT (0.0)
Sequence_Name = ARGI_YEAST: CYT (0.0)
Sequence_Name = OAT_YEAST: CYT (0.0)
Sequence_Name = CACP_YEAST: CYT (0.0)
Sequence_Name = CAT8_YEAST: CYT (0.0)
Sequence_Name = CBF1_YEAST: CYT (0.0)
Sequence_Name = CB32_YEAST: CYT (0.0)
Sequence_Name = CBF5_YEAST: CYT (0.0)
Sequence_Name = CBP1_YEAST: CYT (0.0)
Sequence_Name = CBP2_YEAST: CYT (0.0)
Sequence_Name = CBP3_YEAST: CYT (0.0)
Sequence_Name = CBP4_YEAST: CYT (0.0)
Sequence_Name = CBP6_YEAST: CYT (0.0)
Sequence_Name = NC5R_YEAST: CYT (0.0)
Sequence_Name = CBS1_YEAST: CYT (0.0)
Sequence_Name = CBS2_YEAST: CYT (0.0)
Sequence_Name = TNT_YEAST: CYT (0.0)
Sequence_Name = ATU1_YEAST: CYT (0.0)
Sequence_Name = CCE1_YEAST: CYT (0.0)
Sequence_Name = CCL1_YEAST: CYT (0.0)
Sequence_Name = CCPR_YEAST: CYT (0.0)
Sequence_Name = CCR4_YEAST: CYT (0.0)
Sequence_Name = CTPT_YEAST: CYT (0.0)
Sequence_Name = CC10_YEAST: CYT (0.0)
Sequence_Name = CC11_YEAST: CYT (0.0)
Sequence_Name = CC12_YEAST: CYT (0.0)
Sequence_Name = CC16_YEAST: CYT (0.0)
Sequence_Name = CC23_YEAST: CYT (0.0)
Sequence_Name = CC24_YEAST: CYT (0.0)
Sequence_Name = CC25_YEAST: CYT (0.0)
Sequence_Name = CC27_YEAST: CYT (0.0)
Sequence_Name = CDC3_YEAST: CYT (0.0)
Sequence_Name = CC31_YEAST: CYT (0.0)
Sequence_Name = IF4E_YEAST: CYT (0.0)
Sequence_Name = UBC3_YEAST: CYT (0.0)
Sequence_Name = NOT2_YEAST: CYT (0.0)
Sequence_Name = NOT1_YEAST: CYT (0.0)
Sequence_Name = CC4_YEAST: CYT (0.0)
Sequence_Name = CC40_YEAST: CYT (0.0)
Sequence_Name = CC42_YEAST: CYT (0.0)
Sequence_Name = CAL1_YEAST: CYT (0.0)
Sequence_Name = RFC1_YEAST: CYT (0.0)
Sequence_Name = CC46_YEAST: CYT (0.0)
Sequence_Name = YB52_YEAST: CYT (0.0)
Sequence_Name = CC48_YEAST: CYT (0.0)
Sequence_Name = CC6_YEAST: CYT (0.0)
Sequence_Name = SYLC_YEAST: CYT (0.0)
Sequence_Name = CC68_YEAST: CYT (0.0)
Sequence_Name = CC7_YEAST: CYT (0.0)
Sequence_Name = KTHY_YEAST: CYT (0.0)
Sequence_Name = DNLI_YEAST: CYT (0.0)
Sequence_Name = MCE1_YEAST: CYT (0.0)
Sequence_Name = CEM1_YEAST: CYT (0.0)
Sequence_Name = RLUB_YEAST: CYT (0.0)
Sequence_Name = CLH_YEAST: CYT (0.0)
Sequence_Name = CHL1_YEAST: CYT (0.0)
Sequence_Name = CHL4_YEAST: CYT (0.0)
Sequence_Name = PSS_YEAST: CYT (0.0)
Sequence_Name = PEM1_YEAST: CYT (0.0)
Sequence_Name = CHS1_YEAST: CYT (0.0)
Sequence_Name = CHS2_YEAST: CYT (0.0)
Sequence_Name = CHS3_YEAST: CYT (0.0)
Sequence_Name = CIK1_YEAST: CYT (0.0)
Sequence_Name = CIN1_YEAST: CYT (0.0)
Sequence_Name = CIN4_YEAST: CYT (0.0)
Sequence_Name = CIN8_YEAST: CYT (0.0)
Sequence_Name = CISY_YEAST: CYT (0.0)
Sequence_Name = CISZ_YEAST: CYT (0.0)
Sequence_Name = KC21_YEAST: CYT (0.0)
Sequence_Name = KC22_YEAST: CYT (0.0)
Sequence_Name = KC2C_YEAST: CYT (0.0)
Sequence_Name = KICH_YEAST: CYT (0.0)
Sequence_Name = CLC1_YEAST: CYT (0.0)
Sequence_Name = CG11_YEAST: CYT (0.0)
Sequence_Name = CG12_YEAST: CYT (0.0)
Sequence_Name = CG13_YEAST: CYT (0.0)
Sequence_Name = CALM_YEAST: CYT (0.0)
Sequence_Name = KCC1_YEAST: CYT (0.0)
Sequence_Name = KCC2_YEAST: CYT (0.0)
Sequence_Name = P2B1_YEAST: CYT (0.0)
Sequence_Name = P2B2_YEAST: CYT (0.0)
Sequence_Name = CALB_YEAST: CYT (0.0)
Sequence_Name = CALX_YEAST: CYT (0.0)
Sequence_Name = CYB_YEAST: CYT (0.0)
Sequence_Name = COFI_YEAST: CYT (0.0)
Sequence_Name = COQ1_YEAST: CYT (0.0)
Sequence_Name = COQ2_YEAST: CYT (0.0)
Sequence_Name = COQ3_YEAST: CYT (0.0)
Sequence_Name = UCR1_YEAST: CYT (0.0)
Sequence_Name = COT1_YEAST: CYT (0.0)
Sequence_Name = COX1_YEAST: CYT (0.0)
Sequence_Name = COXX_YEAST: CYT (0.0)
Sequence_Name = COXZ_YEAST: CYT (0.0)
Sequence_Name = COXG_YEAST: CYT (0.0)
Sequence_Name = COXE_YEAST: CYT (0.0)
Sequence_Name = YEX1_YEAST: CYT (0.0)
Sequence_Name = COX2_YEAST: CYT (0.0)
Sequence_Name = COX3_YEAST: CYT (0.0)
Sequence_Name = COX4_YEAST: CYT (0.0)
Sequence_Name = COXA_YEAST: CYT (0.0)
Sequence_Name = COXB_YEAST: CYT (0.0)
Sequence_Name = COX6_YEAST: CYT (0.0)
Sequence_Name = COX7_YEAST: CYT (0.0)
Sequence_Name = COX8_YEAST: CYT (0.0)
Sequence_Name = COX9_YEAST: CYT (0.0)
Sequence_Name = CARA_YEAST: CYT (0.0)
Sequence_Name = CARB_YEAST: CYT (0.0)
Sequence_Name = CYPH_YEAST: CYT (0.0)
Sequence_Name = CYPB_YEAST: CYT (0.0)
Sequence_Name = CYPC_YEAST: CYT (0.0)
Sequence_Name = CYPR_YEAST: CYT (0.0)
Sequence_Name = CYPD_YEAST: CYT (0.0)
Sequence_Name = CBPS_YEAST: CYT (0.0)
Sequence_Name = CPT1_YEAST: CYT (0.0)
Sequence_Name = CRM1_YEAST: CYT (0.0)
Sequence_Name = R141_YEAST: CYT (0.0)
Sequence_Name = R142_YEAST: CYT (0.0)
Sequence_Name = CSE1_YEAST: CYT (0.0)
Sequence_Name = CSE2_YEAST: CYT (0.0)
Sequence_Name = YKE9_YEAST: CYT (0.0)
Sequence_Name = CSG2_YEAST: CYT (0.0)
Sequence_Name = CATA_YEAST: CYT (0.0)
Sequence_Name = CB33_YEAST: CYT (0.0)
Sequence_Name = CTK1_YEAST: CYT (0.0)
Sequence_Name = CTR1_YEAST: CYT (0.0)
Sequence_Name = CHI1_YEAST: CYT (0.0)
Sequence_Name = CHI2_YEAST: CYT (0.0)
Sequence_Name = CATT_YEAST: CYT (0.0)
Sequence_Name = MTC_YEAST: CYT (0.0)
Sequence_Name = CYB2_YEAST: CYT (0.0)
Sequence_Name = CYC1_YEAST: CYT (0.0)
Sequence_Name = CYC2_YEAST: CYT (0.0)
Sequence_Name = CCHL_YEAST: CYT (0.0)
Sequence_Name = CYC7_YEAST: CYT (0.0)
Sequence_Name = RL2A_YEAST: CYT (0.0)
Sequence_Name = CYAA_YEAST: CYT (0.0)
Sequence_Name = CYS3_YEAST: CYT (0.0)
Sequence_Name = CY1_YEAST: CYT (0.0)
Sequence_Name = CYT2_YEAST: CYT (0.0)
Sequence_Name = DAL4_YEAST: CYT (0.0)
Sequence_Name = DAL5_YEAST: CYT (0.0)
Sequence_Name = MASZ_YEAST: CYT (0.0)
Sequence_Name = DA80_YEAST: CYT (0.0)
Sequence_Name = DA81_YEAST: CYT (0.0)
Sequence_Name = DA82_YEAST: CYT (0.0)
Sequence_Name = DAP2_YEAST: CYT (0.0)
Sequence_Name = DATI_YEAST: CYT (0.0)
Sequence_Name = DBF4_YEAST: CYT (0.0)
Sequence_Name = DBP1_YEAST: CYT (0.0)
Sequence_Name = DBP2_YEAST: CYT (0.0)
Sequence_Name = DBR1_YEAST: CYT (0.0)
Sequence_Name = DED1_YEAST: CYT (0.0)
Sequence_Name = DEP1_YEAST: CYT (0.0)
Sequence_Name = DYR_YEAST: CYT (0.0)
Sequence_Name = DYHC_YEAST: CYT (0.0)
Sequence_Name = DHH1_YEAST: CYT (0.0)
Sequence_Name = DLD1_YEAST: CYT (0.0)
Sequence_Name = DMC1_YEAST: CYT (0.0)
Sequence_Name = DPB2_YEAST: CYT (0.0)
Sequence_Name = DPB3_YEAST: CYT (0.0)
Sequence_Name = DPM1_YEAST: CYT (0.0)
Sequence_Name = SYDC_YEAST: CYT (0.0)
Sequence_Name = DRS1_YEAST: CYT (0.0)
Sequence_Name = ATC4_YEAST: CYT (0.0)
Sequence_Name = DSS4_YEAST: CYT (0.0)
Sequence_Name = TFS2_YEAST: CYT (0.0)
Sequence_Name = DUN1_YEAST: CYT (0.0)
Sequence_Name = DUR3_YEAST: CYT (0.0)
Sequence_Name = EF1B_YEAST: CYT (0.0)
Sequence_Name = EF2_YEAST: CYT (0.0)
Sequence_Name = EGD1_YEAST: CYT (0.0)
Sequence_Name = ATN2_YEAST: CYT (0.0)
Sequence_Name = END2_YEAST: CYT (0.0)
Sequence_Name = END3_YEAST: CYT (0.0)
Sequence_Name = ENO1_YEAST: CYT (0.0)
Sequence_Name = ENO2_YEAST: CYT (0.0)
Sequence_Name = EPT1_YEAST: CYT (0.0)
Sequence_Name = ERD1_YEAST: CYT (0.0)
Sequence_Name = ERD2_YEAST: CYT (0.0)
Sequence_Name = ERG1_YEAST: CYT (0.0)
Sequence_Name = THIL_YEAST: CYT (0.0)
Sequence_Name = CP51_YEAST: CYT (0.0)
Sequence_Name = KIME_YEAST: CYT (0.0)
Sequence_Name = ERG2_YEAST: CYT (0.0)
Sequence_Name = FPPS_YEAST: CYT (0.0)
Sequence_Name = ER24_YEAST: CYT (0.0)
Sequence_Name = ERG3_YEAST: CYT (0.0)
Sequence_Name = ERG4_YEAST: CYT (0.0)
Sequence_Name = ERG6_YEAST: CYT (1.0)
Sequence_Name = ERG7_YEAST: ME2 (1.0)
Sequence_Name = ERG8_YEAST: CYT (1.0)
Sequence_Name = FDFT_YEAST: ME3 (1.0)
Sequence_Name = ERS1_YEAST: ME2 (1.0)
Sequence_Name = ESP1_YEAST: NUC (1.0)
Sequence_Name = EST1_YEAST: NUC (1.0)
Sequence_Name = EUG1_YEAST: ERL (1.0)
Sequence_Name = EXG1_YEAST: EXC (1.0)
Sequence_Name = LCF2_YEAST: CYT (1.0)
Sequence_Name = FAD1_YEAST: CYT (1.0)
Sequence_Name = FAS1_YEAST: CYT (1.0)
Sequence_Name = FAS2_YEAST: CYT (1.0)
Sequence_Name = COAC_YEAST: CYT (1.0)
Sequence_Name = ALF_YEAST: CYT (1.0)
Sequence_Name = F16P_YEAST: CYT (1.0)
Sequence_Name = F26_YEAST: CYT (1.0)
Sequence_Name = FCY2_YEAST: ME3 (1.0)
Sequence_Name = FET3_YEAST: ME3 (1.0)
Sequence_Name = FET4_YEAST: ME3 (1.0)
Sequence_Name = FHL1_YEAST: NUC (1.0)
Sequence_Name = FLO1_YEAST: EXC (1.0)
Sequence_Name = FOX2_YEAST: POX (1.0)
Sequence_Name = THIK_YEAST: POX (1.0)
Sequence_Name = FKBP_YEAST: CYT (1.0)
Sequence_Name = FKB2_YEAST: ME1 (1.0)
Sequence_Name = FKB3_YEAST: NUC (1.0)
Sequence_Name = FPS1_YEAST: ME3 (1.0)
Sequence_Name = FRE1_YEAST: ME1 (1.0)
Sequence_Name = YKW0_YEAST: ME2 (1.0)
Sequence_Name = SYFA_YEAST: CYT (1.0)
Sequence_Name = SYFB_YEAST: CYT (1.0)
Sequence_Name = FUMH_YEAST: CYT (1.0)
Sequence_Name = FU34_YEAST: ME3 (1.0)
Sequence_Name = FUR1_YEAST: CYT (1.0)
Sequence_Name = FUR4_YEAST: ME3 (1.0)
Sequence_Name = FUS1_YEAST: ME1 (1.0)
Sequence_Name = FUS3_YEAST: CYT (1.0)
Sequence_Name = FZF1_YEAST: NUC (1.0)
Sequence_Name = GAC1_YEAST: CYT (1.0)
Sequence_Name = GAL1_YEAST: CYT (1.0)
Sequence_Name = GALX_YEAST: CYT (1.0)
Sequence_Name = GALY_YEAST: NUC (1.0)
Sequence_Name = GAL2_YEAST: ME3 (1.0)
Sequence_Name = GAL4_YEAST: NUC (1.0)
Sequence_Name = GAL7_YEAST: CYT (1.0)
Sequence_Name = GAL8_YEAST: NUC (1.0)
Sequence_Name = GAP1_YEAST: ME3 (1.0)
Sequence_Name = GAR1_YEAST: NUC (1.0)
Sequence_Name = GAS1_YEAST: ME1 (1.0)
Sequence_Name = GBP2_YEAST: NUC (1.0)
Sequence_Name = E2BG_YEAST: CYT (1.0)
Sequence_Name = IF2G_YEAST: CYT (1.0)
Sequence_Name = E2BD_YEAST: CYT (1.0)
Sequence_Name = E2BE_YEAST: CYT (1.0)
Sequence_Name = E2BB_YEAST: CYT (1.0)
Sequence_Name = GCN1_YEAST: CYT (1.0)
Sequence_Name = GCN2_YEAST: CYT (1.0)
Sequence_Name = E2BA_YEAST: CYT (1.0)
Sequence_Name = GCN4_YEAST: NUC (1.0)
Sequence_Name = GCN5_YEAST: NUC (1.0)
Sequence_Name = GCR1_YEAST: NUC (1.0)
Sequence_Name = GCR2_YEAST: NUC (1.0)
Sequence_Name = GCR3_YEAST: NUC (1.0)
Sequence_Name = GCS1_YEAST: NUC (1.0)
Sequence_Name = GCY_YEAST: CYT (1.0)
Sequence_Name = GDA1_YEAST: ME2 (1.0)
Sequence_Name = DHE4_YEAST: CYT (1.0)
Sequence_Name = DHE2_YEAST: CYT (1.0)
Sequence_Name = GDI1_YEAST: CYT (1.0)
Sequence_Name = GEF1_YEAST: ME3 (1.0)
Sequence_Name = GFA1_YEAST: CYT (1.0)
Sequence_Name = GLGB_YEAST: CYT (1.0)
Sequence_Name = PP12_YEAST: CYT (1.0)
Sequence_Name = HXKG_YEAST: CYT (1.0)
Sequence_Name = GLNA_YEAST: CYT (1.0)
Sequence_Name = GLN3_YEAST: NUC (1.0)
Sequence_Name = SYQ_YEAST: CYT (1.0)
Sequence_Name = GLO3_YEAST: NUC (1.0)
Sequence_Name = GLS1_YEAST: ME3 (1.0)
Sequence_Name = 6PGD_YEAST: CYT (1.0)
Sequence_Name = GOG5_YEAST: ME2 (1.0)
Sequence_Name = GBA1_YEAST: CYT (1.0)
Sequence_Name = GPDA_YEAST: CYT (1.0)
Sequence_Name = PHSG_YEAST: CYT (1.0)
Sequence_Name = PMGY_YEAST: CYT (1.0)
Sequence_Name = PHO2_YEAST: NUC (1.0)
Sequence_Name = SYG_YEAST: CYT (1.0)
Sequence_Name = GSP1_YEAST: NUC (1.0)
Sequence_Name = GSP2_YEAST: NUC (1.0)
Sequence_Name = UGS1_YEAST: CYT (1.0)
Sequence_Name = UGS2_YEAST: CYT (1.0)
Sequence_Name = GTS1_YEAST: NUC (1.0)
Sequence_Name = GPDM_YEAST: MIT (1.0)
Sequence_Name = HAL1_YEAST: CYT (1.0)
Sequence_Name = CYP1_YEAST: NUC (1.0)
Sequence_Name = HAP2_YEAST: NUC (1.0)
Sequence_Name = HAP3_YEAST: NUC (1.0)
Sequence_Name = HAP4_YEAST: NUC (1.0)
Sequence_Name = HBS1_YEAST: CYT (1.0)
Sequence_Name = HCM1_YEAST: NUC (1.0)
Sequence_Name = HDF1_YEAST: NUC (1.0)
Sequence_Name = HEM1_YEAST: MIT (1.0)
Sequence_Name = DCUP_YEAST: CYT (1.0)
Sequence_Name = HEM6_YEAST: CYT (1.0)
Sequence_Name = HEMZ_YEAST: MIT (1.0)
Sequence_Name = HEM2_YEAST: CYT (1.0)
Sequence_Name = HEM3_YEAST: CYT (1.0)
Sequence_Name = HEX2_YEAST: NUC (1.0)
Sequence_Name = H4_YEAST: NUC (2.0)
Sequence_Name = H3_YEAST: NUC (2.0)
Sequence_Name = HIP1_YEAST: ME3 (1.0)
Sequence_Name = HIR1_YEAST: NUC (1.0)
Sequence_Name = HIR2_YEAST: NUC (1.0)
Sequence_Name = HIS7_YEAST: CYT (1.0)
Sequence_Name = HMD1_YEAST: ME3 (1.0)
Sequence_Name = HMD2_YEAST: ME3 (1.0)
Sequence_Name = MAT1_YEAST: NUC (1.0)
Sequence_Name = MAT2_YEAST: NUC (2.0)
Sequence_Name = MTA1_YEAST: NUC (1.0)
Sequence_Name = HO_YEAST: NUC (1.0)
Sequence_Name = HOP1_YEAST: NUC (1.0)
Sequence_Name = HPR1_YEAST: NUC (1.0)
Sequence_Name = HXTY_YEAST: ME3 (1.0)
Sequence_Name = YJ64_YEAST: ME1 (1.0)
Sequence_Name = HR25_YEAST: NUC (1.0)
Sequence_Name = HS83_YEAST: CYT (1.0)
Sequence_Name = HSF_YEAST: NUC (1.0)
Sequence_Name = CH10_YEAST: MIT (1.0)
Sequence_Name = H104_YEAST: CYT (1.0)
Sequence_Name = HS26_YEAST: CYT (1.0)
Sequence_Name = HS30_YEAST: ME3 (1.0)
Sequence_Name = HS60_YEAST: MIT (1.0)
Sequence_Name = HSP7_YEAST: MIT (1.0)
Sequence_Name = HS82_YEAST: CYT (1.0)
Sequence_Name = H2A1_YEAST: NUC (1.0)
Sequence_Name = H2A2_YEAST: NUC (1.0)
Sequence_Name = H2B1_YEAST: NUC (1.0)
Sequence_Name = H2B2_YEAST: NUC (1.0)
Sequence_Name = SYH_YEAST: MIT (1.0)
Sequence_Name = HXKA_YEAST: CYT (1.0)
Sequence_Name = HXKB_YEAST: CYT (1.0)
Sequence_Name = HXT1_YEAST: ME3 (1.0)
Sequence_Name = HXT2_YEAST: ME3 (1.0)
Sequence_Name = HXT3_YEAST: ME3 (1.0)
Sequence_Name = HXT4_YEAST: ME3 (1.0)
Sequence_Name = HXT5_YEAST: ME3 (1.0)
Sequence_Name = HXT6_YEAST: ME3 (1.0)
Sequence_Name = HXT7_YEAST: ME3 (1.0)
Sequence_Name = HXT8_YEAST: ME3 (1.0)
Sequence_Name = ACEA_YEAST: POX (1.0)
Sequence_Name = IDH1_YEAST: MIT (1.0)
Sequence_Name = IDH2_YEAST: MIT (1.0)
Sequence_Name = IPPI_YEAST: CYT (1.0)
Sequence_Name = IDHP_YEAST: MIT (1.0)
Sequence_Name = IF2M_YEAST: MIT (1.0)
Sequence_Name = SYI_YEAST: CYT (1.0)
Sequence_Name = THDH_YEAST: MIT (1.0)
Sequence_Name = ILVB_YEAST: MIT (1.0)
Sequence_Name = ILV5_YEAST: MIT (1.0)
Sequence_Name = IME1_YEAST: NUC (1.0)
Sequence_Name = IMP1_YEAST: MIT (1.0)
Sequence_Name = IMP2_YEAST: MIT (1.0)
Sequence_Name = IATP_YEAST: MIT (1.0)
Sequence_Name = INO1_YEAST: CYT (1.0)
Sequence_Name = INO2_YEAST: NUC (1.0)
Sequence_Name = INO4_YEAST: NUC (1.0)
Sequence_Name = IPYR_YEAST: CYT (1.0)
Sequence_Name = IRA1_YEAST: ME3 (1.0)
Sequence_Name = IRA2_YEAST: ME3 (1.0)
Sequence_Name = IRE1_YEAST: ME1 (1.0)
Sequence_Name = IS42_YEAST: MIT (1.0)
Sequence_Name = ISP6_YEAST: MIT (1.0)
Sequence_Name = ITR1_YEAST: ME3 (1.0)
Sequence_Name = ITR2_YEAST: ME3 (1.0)
Sequence_Name = IXR1_YEAST: NUC (1.0)
Sequence_Name = YJ12_YEAST: ME3 (1.0)
Sequence_Name = YJ13_YEAST: ME2 (1.0)
Sequence_Name = YJ16_YEAST: NUC (1.0)
Sequence_Name = ACOX_YEAST: MIT (1.0)
Sequence_Name = YJ36_YEAST: ME3 (1.0)
Sequence_Name = YJ43_YEAST: ME3 (1.0)
Sequence_Name = YJ49_YEAST: ME1 (1.0)
Sequence_Name = YJ51_YEAST: ME2 (1.0)
Sequence_Name = YJ90_YEAST: ME3 (1.0)
Sequence_Name = YJ91_YEAST: ME3 (1.0)
Sequence_Name = JNM1_YEAST: CYT (1.0)
Sequence_Name = KAR1_YEAST: NUC (1.0)
Sequence_Name = GR78_YEAST: ERL (1.0)
Sequence_Name = KAR3_YEAST: NUC (1.0)
Sequence_Name = KEM1_YEAST: NUC (1.0)
Sequence_Name = KEX1_YEAST: ME1 (1.0)
Sequence_Name = KEX2_YEAST: ME1 (1.0)
Sequence_Name = ODO1_YEAST: MIT (1.0)
Sequence_Name = ODO2_YEAST: MIT (1.0)
Sequence_Name = KHR1_YEAST: EXC (1.0)
Sequence_Name = KHS1_YEAST: EXC (1.0)
Sequence_Name = KIN1_YEAST: ME3 (1.0)
Sequence_Name = KIN2_YEAST: ME3 (1.0)
Sequence_Name = KI28_YEAST: NUC (1.0)
Sequence_Name = KIP1_YEAST: CYT (1.0)
Sequence_Name = KIP2_YEAST: CYT (1.0)
Sequence_Name = SMI1_YEAST: NUC (1.0)
Sequence_Name = KRE1_YEAST: ME1 (1.0)
Sequence_Name = KR11_YEAST: CYT (1.0)
Sequence_Name = KRE2_YEAST: ME2 (1.0)
Sequence_Name = KRE5_YEAST: ERL (1.0)
Sequence_Name = KRE6_YEAST: ME3 (1.0)
Sequence_Name = KRE9_YEAST: EXC (1.0)
Sequence_Name = SYKC_YEAST: CYT (1.0)
Sequence_Name = KSS1_YEAST: NUC (1.0)
Sequence_Name = KTR1_YEAST: ME2 (1.0)
Sequence_Name = KTR2_YEAST: ME2 (1.0)
Sequence_Name = KTR3_YEAST: ME2 (1.0)
Sequence_Name = KTR4_YEAST: ME2 (1.0)
Sequence_Name = MSF1_YEAST: MIT (1.0)
Sequence_Name = LAG1_YEAST: ME3 (1.0)
Sequence_Name = BLH1_YEAST: CYT (1.0)
Sequence_Name = AMPL_YEAST: VAC (1.0)
Sequence_Name = LAS1_YEAST: NUC (1.0)
Sequence_Name = ODP2_YEAST: MIT (1.0)
Sequence_Name = LCB1_YEAST: ME2 (1.0)
Sequence_Name = LCB2_YEAST: ME2 (1.0)
Sequence_Name = LEU2_YEAST: CYT (1.0)
Sequence_Name = LEU3_YEAST: CYT (1.0)
Sequence_Name = LEUR_YEAST: NUC (1.0)
Sequence_Name = LEU1_YEAST: MIT (1.0)
Sequence_Name = LGT3_YEAST: ME3 (1.0)
Sequence_Name = LIP5_YEAST: MIT (1.0)
Sequence_Name = LOS1_YEAST: NUC (1.0)
Sequence_Name = DLDH_YEAST: MIT (1.0)
Sequence_Name = LYP1_YEAST: ME3 (1.0)
Sequence_Name = LYS1_YEAST: CYT (1.0)
Sequence_Name = LY14_YEAST: NUC (1.0)
Sequence_Name = LYS2_YEAST: CYT (1.0)
Sequence_Name = MAC1_YEAST: NUC (1.0)
Sequence_Name = MAD1_YEAST: NUC (1.0)
Sequence_Name = MAG_YEAST: NUC (1.0)
Sequence_Name = MK11_YEAST: ME2 (1.0)
Sequence_Name = MK16_YEAST: NUC (1.0)
Sequence_Name = MAK3_YEAST: CYT (1.0)
Sequence_Name = MA3T_YEAST: ME3 (1.0)
Sequence_Name = MA3S_YEAST: CYT (1.0)
Sequence_Name = MA3R_YEAST: NUC (1.0)
Sequence_Name = MA6T_YEAST: ME3 (1.0)
Sequence_Name = MA6R_YEAST: NUC (1.0)
Sequence_Name = AMPM_YEAST: CYT (1.0)
Sequence_Name = MPP2_YEAST: MIT (1.0)
Sequence_Name = MPP1_YEAST: MIT (1.0)
Sequence_Name = OM20_YEAST: MIT (1.0)
Sequence_Name = MAS6_YEAST: MIT (1.0)
Sequence_Name = OM70_YEAST: MIT (1.0)
Sequence_Name = MBP1_YEAST: NUC (1.0)
Sequence_Name = MCM1_YEAST: NUC (1.0)
Sequence_Name = MCM2_YEAST: NUC (1.0)
Sequence_Name = MCM3_YEAST: NUC (1.0)
Sequence_Name = MDHM_YEAST: MIT (1.0)
Sequence_Name = MDHC_YEAST: CYT (1.0)
Sequence_Name = MDHP_YEAST: POX (1.0)
Sequence_Name = MDJ1_YEAST: MIT (1.0)
Sequence_Name = MDL1_YEAST: ME3 (1.0)
Sequence_Name = MDL2_YEAST: ME2 (1.0)
Sequence_Name = MDM1_YEAST: CYT (1.0)
Sequence_Name = MD10_YEAST: MIT (1.0)
Sequence_Name = MDS1_YEAST: NUC (1.0)
Sequence_Name = EFG1_YEAST: MIT (1.0)
Sequence_Name = EFG2_YEAST: MIT (1.0)
Sequence_Name = MEIX_YEAST: NUC (1.0)
Sequence_Name = AGAL_YEAST: EXC (1.0)
Sequence_Name = MEP1_YEAST: ME3 (1.0)
Sequence_Name = MER1_YEAST: NUC (1.0)
Sequence_Name = MER2_YEAST: NUC (1.0)
Sequence_Name = SYMC_YEAST: CYT (1.0)
Sequence_Name = MET2_YEAST: CYT (1.0)
Sequence_Name = MT17_YEAST: CYT (1.0)
Sequence_Name = MT28_YEAST: NUC (1.0)
Sequence_Name = MET4_YEAST: NUC (1.0)
Sequence_Name = METE_YEAST: CYT (1.0)
Sequence_Name = MFA2_YEAST: EXC (1.0)
Sequence_Name = MFA3_YEAST: EXC (1.0)
Sequence_Name = MFA4_YEAST: EXC (1.0)
Sequence_Name = GRPE_YEAST: MIT (1.0)
Sequence_Name = MGM1_YEAST: MIT (1.0)
Sequence_Name = M101_YEAST: MIT (1.0)
Sequence_Name = MGMT_YEAST: NUC (1.0)
Sequence_Name = MIF2_YEAST: NUC (1.0)
Sequence_Name = MIG1_YEAST: NUC (1.0)
Sequence_Name = DPOG_YEAST: MIT (1.0)
Sequence_Name = MPCP_YEAST: MIT (1.0)
Sequence_Name = C1TM_YEAST: MIT (1.0)
Sequence_Name = MLH1_YEAST: NUC (1.0)
Sequence_Name = MLP1_YEAST: CYT (1.0)
Sequence_Name = MASY_YEAST: POX (1.0)
Sequence_Name = MNN1_YEAST: ME2 (1.0)
Sequence_Name = MNN9_YEAST: ME2 (1.0)
Sequence_Name = MNS1_YEAST: ME2 (1.0)
Sequence_Name = MOD5_YEAST: MIT (1.0)
Sequence_Name = MOT1_YEAST: NUC (1.0)
Sequence_Name = MPI1_YEAST: MIT (1.0)
Sequence_Name = MPI2_YEAST: MIT (1.0)
Sequence_Name = MR11_YEAST: NUC (1.0)
Sequence_Name = RF1M_YEAST: MIT (1.0)
Sequence_Name = RT01_YEAST: MIT (1.0)
Sequence_Name = RT13_YEAST: MIT (1.0)
Sequence_Name = RT17_YEAST: MIT (1.0)
Sequence_Name = RT02_YEAST: MIT (1.0)
Sequence_Name = RM41_YEAST: MIT (1.0)
Sequence_Name = RT04_YEAST: MIT (1.0)
Sequence_Name = RM49_YEAST: MIT (1.0)
Sequence_Name = RM02_YEAST: MIT (1.0)
Sequence_Name = RT08_YEAST: MIT (1.0)
Sequence_Name = RM13_YEAST: MIT (1.0)
Sequence_Name = RM16_YEAST: MIT (1.0)
Sequence_Name = RM20_YEAST: MIT (1.0)
Sequence_Name = RM25_YEAST: MIT (1.0)
Sequence_Name = RM27_YEAST: MIT (1.0)
Sequence_Name = RM31_YEAST: MIT (1.0)
Sequence_Name = RM32_YEAST: MIT (1.0)
Sequence_Name = RM33_YEAST: MIT (1.0)
Sequence_Name = RM36_YEAST: MIT (1.0)
Sequence_Name = RM37_YEAST: MIT (1.0)
Sequence_Name = RM38_YEAST: MIT (1.0)
Sequence_Name = RM04_YEAST: MIT (1.0)
Sequence_Name = RM44_YEAST: MIT (1.0)
Sequence_Name = RM06_YEAST: MIT (1.0)
Sequence_Name = RM08_YEAST: MIT (1.0)
Sequence_Name = RM09_YEAST: MIT (1.0)
Sequence_Name = RT28_YEAST: MIT (1.0)
Sequence_Name = RT05_YEAST: MIT (1.0)
Sequence_Name = RT09_YEAST: MIT (1.0)
Sequence_Name = MRS1_YEAST: MIT (1.0)
Sequence_Name = MRS2_YEAST: MIT (1.0)
Sequence_Name = MRS3_YEAST: MIT (1.0)
Sequence_Name = MRS4_YEAST: MIT (1.0)
Sequence_Name = MSB2_YEAST: ME1 (1.0)
Sequence_Name = SYDM_YEAST: MIT (1.0)
Sequence_Name = SYFM_YEAST: MIT (1.0)
Sequence_Name = MSH1_YEAST: MIT (1.0)
Sequence_Name = MSH2_YEAST: NUC (1.0)
Sequence_Name = MSH3_YEAST: NUC (1.0)
Sequence_Name = MSH4_YEAST: NUC (1.0)
Sequence_Name = SYKM_YEAST: MIT (1.0)
Sequence_Name = SYMM_YEAST: MIT (1.0)
Sequence_Name = MSN1_YEAST: NUC (1.0)
Sequence_Name = MSN2_YEAST: NUC (1.0)
Sequence_Name = MSN4_YEAST: NUC (1.0)
Sequence_Name = MSP1_YEAST: MIT (1.0)
Sequence_Name = SYR_YEAST: MIT (1.0)
Sequence_Name = MSS1_YEAST: MIT (1.0)
Sequence_Name = MS16_YEAST: MIT (1.0)
Sequence_Name = MS18_YEAST: MIT (1.0)
Sequence_Name = MS51_YEAST: MIT (1.0)
Sequence_Name = SYTM_YEAST: MIT (1.0)
Sequence_Name = SYWM_YEAST: MIT (1.0)
Sequence_Name = MTD1_YEAST: CYT (1.0)
Sequence_Name = MTF1_YEAST: MIT (1.0)
Sequence_Name = RU1A_YEAST: NUC (1.0)
Sequence_Name = YKH4_YEAST: NUC (1.0)
Sequence_Name = MYS1_YEAST: CYT (1.0)
Sequence_Name = MYS2_YEAST: CYT (1.0)
Sequence_Name = MYS4_YEAST: CYT (1.0)
Sequence_Name = YN19_YEAST: EXC (1.0)
Sequence_Name = YN46_YEAST: NUC (1.0)
Sequence_Name = YN70_YEAST: EXC (1.0)
Sequence_Name = YN94_YEAST: ME1 (1.0)
Sequence_Name = YNE2_YEAST: ME3 (1.0)
Sequence_Name = NAB1_YEAST: CYT (1.0)
Sequence_Name = NAB2_YEAST: NUC (1.0)
Sequence_Name = NAB3_YEAST: NUC (1.0)
Sequence_Name = NAM1_YEAST: MIT (1.0)
Sequence_Name = SYLM_YEAST: MIT (1.0)
Sequence_Name = NAM7_YEAST: CYT (1.0)
Sequence_Name = NAM9_YEAST: MIT (1.0)
Sequence_Name = NAP1_YEAST: NUC (1.0)
Sequence_Name = NAT1_YEAST: CYT (1.0)
Sequence_Name = NAT2_YEAST: CYT (1.0)
Sequence_Name = NCPR_YEAST: ME2 (1.0)
Sequence_Name = NDC1_YEAST: NUC (1.0)
Sequence_Name = CB31_YEAST: NUC (1.0)
Sequence_Name = NDI1_YEAST: MIT (1.0)
Sequence_Name = NFS1_YEAST: NUC (1.0)
Sequence_Name = ADA3_YEAST: NUC (1.0)
Sequence_Name = NHP2_YEAST: NUC (1.0)
Sequence_Name = NHPA_YEAST: NUC (1.0)
Sequence_Name = NHPB_YEAST: NUC (1.0)
Sequence_Name = NI96_YEAST: NUC (1.0)
Sequence_Name = NIN1_YEAST: CYT (1.0)
Sequence_Name = NIP1_YEAST: CYT (1.0)
Sequence_Name = NMD2_YEAST: NUC (1.0)
Sequence_Name = NMT_YEAST: CYT (1.0)
Sequence_Name = FBRL_YEAST: NUC (1.0)
Sequence_Name = NOP2_YEAST: NUC (1.0)
Sequence_Name = NOP4_YEAST: NUC (1.0)
Sequence_Name = NOT3_YEAST: NUC (1.0)
Sequence_Name = NOP3_YEAST: NUC (1.0)
Sequence_Name = NSP1_YEAST: NUC (1.0)
Sequence_Name = NSR1_YEAST: NUC (1.0)
Sequence_Name = TREA_YEAST: CYT (1.0)
Sequence_Name = NUC1_YEAST: MIT (1.0)
Sequence_Name = RNC1_YEAST: NUC (1.0)
Sequence_Name = NUF1_YEAST: NUC (1.0)
Sequence_Name = NUF2_YEAST: NUC (1.0)
Sequence_Name = NUP1_YEAST: NUC (1.0)
Sequence_Name = N100_YEAST: NUC (1.0)
Sequence_Name = N116_YEAST: NUC (1.0)
Sequence_Name = YK62_YEAST: NUC (1.0)
Sequence_Name = NUP2_YEAST: NUC (1.0)
Sequence_Name = NU49_YEAST: NUC (1.0)
Sequence_Name = OCH1_YEAST: ME2 (1.0)
Sequence_Name = ACO1_YEAST: ME2 (1.0)
Sequence_Name = ATP9_YEAST: MIT (1.0)
Sequence_Name = ATP6_YEAST: MIT (1.0)
Sequence_Name = OM45_YEAST: MIT (1.0)
Sequence_Name = PORI_YEAST: MIT (1.0)
Sequence_Name = OPI1_YEAST: NUC (1.0)
Sequence_Name = PEM2_YEAST: ME3 (1.0)
Sequence_Name = ORC2_YEAST: NUC (1.0)
Sequence_Name = YHR8_YEAST: NUC (1.0)
Sequence_Name = YM38_YEAST: MIT (1.0)
Sequence_Name = YINO_YEAST: ME2 (1.0)
Sequence_Name = YDA2_YEAST: POX (1.0)
Sequence_Name = PABP_YEAST: CYT (1.0)
Sequence_Name = PAN1_YEAST: CYT (1.0)
Sequence_Name = PAP_YEAST: NUC (1.0)
Sequence_Name = PAS1_YEAST: CYT (1.0)
Sequence_Name = PTSR_YEAST: POX (1.0)
Sequence_Name = UBCX_YEAST: POX (1.0)
Sequence_Name = PAS3_YEAST: POX (1.0)
Sequence_Name = PAS7_YEAST: POX (1.0)
Sequence_Name = IPB2_YEAST: CYT (1.0)
Sequence_Name = ATC2_YEAST: ME3 (1.0)
Sequence_Name = ODPA_YEAST: MIT (1.0)
Sequence_Name = ODPB_YEAST: MIT (1.0)
Sequence_Name = DCP1_YEAST: CYT (1.0)
Sequence_Name = PDC2_YEAST: CYT (1.0)
Sequence_Name = DCP2_YEAST: CYT (1.0)
Sequence_Name = DCP3_YEAST: CYT (1.0)
Sequence_Name = CNA1_YEAST: CYT (1.0)
Sequence_Name = CNA2_YEAST: CYT (1.0)
Sequence_Name = PDI_YEAST: ERL (1.0)
Sequence_Name = PDR1_YEAST: NUC (1.0)
Sequence_Name = PDR3_YEAST: NUC (1.0)
Sequence_Name = PDR5_YEAST: ME3 (1.0)
Sequence_Name = PDS1_YEAST: NUC (1.0)
Sequence_Name = ODPX_YEAST: MIT (1.0)
Sequence_Name = PEP1_YEAST: ME1 (1.0)
Sequence_Name = PE12_YEAST: VAC (1.0)
Sequence_Name = PEP3_YEAST: VAC (1.0)
Sequence_Name = CARP_YEAST: VAC (1.0)
Sequence_Name = END1_YEAST: VAC (1.0)
Sequence_Name = PEP8_YEAST: VAC (1.0)
Sequence_Name = PES4_YEAST: NUC (1.0)
Sequence_Name = PT11_YEAST: MIT (1.0)
Sequence_Name = PT12_YEAST: MIT (1.0)
Sequence_Name = PT17_YEAST: MIT (1.0)
Sequence_Name = PT22_YEAST: MIT (1.0)
Sequence_Name = RTPT_YEAST: MIT (1.0)
Sequence_Name = PT27_YEAST: MIT (1.0)
Sequence_Name = PT91_YEAST: MIT (1.0)
Sequence_Name = PT09_YEAST: MIT (1.0)
Sequence_Name = PT94_YEAST: MIT (1.0)
Sequence_Name = PT54_YEAST: MIT (1.0)
Sequence_Name = K6P1_YEAST: CYT (1.0)
Sequence_Name = K6P2_YEAST: CYT (1.0)
Sequence_Name = 6P2K_YEAST: CYT (1.0)
Sequence_Name = PROF_YEAST: CYT (1.0)
Sequence_Name = PGD1_YEAST: NUC (1.0)
Sequence_Name = G6PI_YEAST: CYT (1.0)
Sequence_Name = PGK_YEAST: CYT (1.0)
Sequence_Name = PGM1_YEAST: CYT (1.0)
Sequence_Name = PGM2_YEAST: CYT (1.0)
Sequence_Name = PHD1_YEAST: NUC (1.0)
Sequence_Name = PPAB_YEAST: EXC (1.0)
Sequence_Name = PPAC_YEAST: EXC (1.0)
Sequence_Name = PNPP_YEAST: CYT (1.0)
Sequence_Name = PPA3_YEAST: EXC (1.0)
Sequence_Name = PHO4_YEAST: NUC (1.0)
Sequence_Name = PPA5_YEAST: EXC (1.0)
Sequence_Name = PPB_YEAST: ME3 (1.0)
Sequence_Name = PH80_YEAST: NUC (1.0)
Sequence_Name = PH84_YEAST: ME3 (1.0)
Sequence_Name = PH85_YEAST: NUC (1.0)
Sequence_Name = YCS7_YEAST: ME3 (1.0)
Sequence_Name = PHR_YEAST: NUC (1.0)
Sequence_Name = PIF1_YEAST: MIT (1.0)
Sequence_Name = PIK1_YEAST: NUC (1.0)
Sequence_Name = LONM_YEAST: MIT (1.0)
Sequence_Name = PIR1_YEAST: EXC (1.0)
Sequence_Name = H150_YEAST: EXC (1.0)
Sequence_Name = PIR3_YEAST: EXC (1.0)
Sequence_Name = PIS_YEAST: ME3 (1.0)
Sequence_Name = PLB1_YEAST: ME1 (1.0)
Sequence_Name = ATH1_YEAST: ME3 (1.0)
Sequence_Name = ATH2_YEAST: ME3 (1.0)
Sequence_Name = ATC3_YEAST: VAC (1.0)
Sequence_Name = MANA_YEAST: CYT (1.0)
Sequence_Name = PMP1_YEAST: ME2 (1.0)
Sequence_Name = PMP2_YEAST: ME2 (1.0)
Sequence_Name = ATC1_YEAST: ME3 (1.0)
Sequence_Name = ATN1_YEAST: ME3 (1.0)
Sequence_Name = PMS1_YEAST: NUC (1.0)
Sequence_Name = PMT1_YEAST: ME3 (1.0)
Sequence_Name = PMT2_YEAST: ME3 (1.0)
Sequence_Name = POB1_YEAST: NUC (1.0)
Sequence_Name = DPOA_YEAST: NUC (1.0)
Sequence_Name = DPO2_YEAST: NUC (1.0)
Sequence_Name = DPOE_YEAST: NUC (1.0)
Sequence_Name = DPOD_YEAST: NUC (1.0)
Sequence_Name = PCNA_YEAST: NUC (1.0)
Sequence_Name = DPO4_YEAST: NUC (1.0)
Sequence_Name = P152_YEAST: NUC (1.0)
Sequence_Name = POP2_YEAST: NUC (1.0)
Sequence_Name = CAO_YEAST: POX (1.0)
Sequence_Name = PPA1_YEAST: ME3 (1.0)
Sequence_Name = IPY2_YEAST: MIT (1.0)
Sequence_Name = PPCK_YEAST: CYT (1.0)
Sequence_Name = PPR1_YEAST: NUC (1.0)
Sequence_Name = PPX1_YEAST: CYT (1.0)
Sequence_Name = PRTB_YEAST: VAC (1.0)
Sequence_Name = CBPY_YEAST: VAC (1.0)
Sequence_Name = PRTD_YEAST: VAC (1.0)
Sequence_Name = PRCG_YEAST: CYT (1.0)
Sequence_Name = PRCE_YEAST: CYT (1.0)
Sequence_Name = PRCD_YEAST: CYT (1.0)
Sequence_Name = PRCH_YEAST: CYT (1.0)
Sequence_Name = PRC2_YEAST: CYT (1.0)
Sequence_Name = PRC6_YEAST: CYT (1.0)
Sequence_Name = PRI1_YEAST: NUC (1.0)
Sequence_Name = PRI2_YEAST: NUC (1.0)
Sequence_Name = PROB_YEAST: CYT (1.0)
Sequence_Name = PROC_YEAST: CYT (1.0)
Sequence_Name = PR16_YEAST: NUC (1.0)
Sequence_Name = PR18_YEAST: NUC (1.0)
Sequence_Name = PR19_YEAST: NUC (1.0)
Sequence_Name = PR02_YEAST: NUC (1.0)
Sequence_Name = PR21_YEAST: NUC (1.0)
Sequence_Name = PR22_YEAST: NUC (1.0)
Sequence_Name = PR28_YEAST: NUC (1.0)
Sequence_Name = PR38_YEAST: NUC (1.0)
Sequence_Name = PR39_YEAST: NUC (1.0)
Sequence_Name = PR04_YEAST: NUC (1.0)
Sequence_Name = PR05_YEAST: NUC (1.0)
Sequence_Name = PR06_YEAST: NUC (1.0)
Sequence_Name = PR08_YEAST: NUC (1.0)
Sequence_Name = PR09_YEAST: NUC (1.0)
Sequence_Name = PRC8_YEAST: CYT (1.0)
Sequence_Name = PRC5_YEAST: CYT (1.0)
Sequence_Name = PRC3_YEAST: CYT (1.0)
Sequence_Name = PRC9_YEAST: CYT (1.0)
Sequence_Name = PRT1_YEAST: CYT (1.0)
Sequence_Name = DPSD_YEAST: MIT (1.0)
Sequence_Name = SNM1_YEAST: NUC (1.0)
Sequence_Name = PTM1_YEAST: ME2 (1.0)
Sequence_Name = PTP1_YEAST: CYT (1.0)
Sequence_Name = PTP2_YEAST: CYT (1.0)
Sequence_Name = PTR2_YEAST: ME3 (1.0)
Sequence_Name = PUB1_YEAST: CYT (1.0)
Sequence_Name = PRCF_YEAST: CYT (1.0)
Sequence_Name = PRCZ_YEAST: CYT (1.0)
Sequence_Name = PUT1_YEAST: MIT (1.0)
Sequence_Name = PUT2_YEAST: MIT (1.0)
Sequence_Name = PUT3_YEAST: NUC (1.0)
Sequence_Name = PUT4_YEAST: ME3 (1.0)
Sequence_Name = PYC1_YEAST: CYT (1.0)
Sequence_Name = PYC2_YEAST: CYT (1.0)
Sequence_Name = KPYK_YEAST: CYT (1.0)
Sequence_Name = UCRX_YEAST: MIT (1.0)
Sequence_Name = UCR2_YEAST: MIT (1.0)
Sequence_Name = UCR6_YEAST: MIT (1.0)
Sequence_Name = UCRQ_YEAST: MIT (1.0)
Sequence_Name = UCR8_YEAST: MIT (1.0)
Sequence_Name = UCR9_YEAST: MIT (1.0)
Sequence_Name = RAD1_YEAST: NUC (1.0)
Sequence_Name = RA10_YEAST: NUC (1.0)
Sequence_Name = RA14_YEAST: NUC (1.0)
Sequence_Name = RA16_YEAST: NUC (1.0)
Sequence_Name = RA18_YEAST: NUC (1.0)
Sequence_Name = RAD2_YEAST: NUC (1.0)
Sequence_Name = RA23_YEAST: NUC (1.0)
Sequence_Name = RA26_YEAST: NUC (1.0)
Sequence_Name = RAD3_YEAST: NUC (1.0)
Sequence_Name = RAD4_YEAST: NUC (1.0)
Sequence_Name = RAD5_YEAST: NUC (1.0)
Sequence_Name = RA50_YEAST: NUC (1.0)
Sequence_Name = RA51_YEAST: NUC (1.0)
Sequence_Name = RA52_YEAST: NUC (1.0)
Sequence_Name = RA54_YEAST: NUC (1.0)
Sequence_Name = RA55_YEAST: NUC (1.0)
Sequence_Name = RA57_YEAST: NUC (1.0)
Sequence_Name = UBC2_YEAST: NUC (1.0)
Sequence_Name = RAD7_YEAST: NUC (1.0)
Sequence_Name = RAD9_YEAST: NUC (1.0)
Sequence_Name = SRS2_YEAST: NUC (1.0)
Sequence_Name = RAM1_YEAST: CYT (1.0)
Sequence_Name = RAM2_YEAST: CYT (1.0)
Sequence_Name = RAP1_YEAST: NUC (1.0)
Sequence_Name = RAS1_YEAST: CYT (1.0)
Sequence_Name = RAS2_YEAST: CYT (1.0)
Sequence_Name = RAT1_YEAST: NUC (1.0)
Sequence_Name = RCA1_YEAST: MIT (1.0)
Sequence_Name = REB1_YEAST: NUC (1.0)
Sequence_Name = R102_YEAST: NUC (1.0)
Sequence_Name = R104_YEAST: NUC (1.0)
Sequence_Name = R114_YEAST: NUC (1.0)
Sequence_Name = RED1_YEAST: NUC (1.0)
Sequence_Name = RER1_YEAST: ME3 (1.0)
Sequence_Name = DPOX_YEAST: NUC (1.0)
Sequence_Name = RFA1_YEAST: NUC (1.0)
Sequence_Name = RFA2_YEAST: NUC (1.0)
Sequence_Name = RFA3_YEAST: NUC (1.0)
Sequence_Name = RFC2_YEAST: NUC (1.0)
Sequence_Name = RFC3_YEAST: NUC (1.0)
Sequence_Name = RFC4_YEAST: NUC (1.0)
Sequence_Name = RFT1_YEAST: NUC (1.0)
Sequence_Name = RGM1_YEAST: NUC (1.0)
Sequence_Name = RHO1_YEAST: CYT (1.0)
Sequence_Name = RHO2_YEAST: CYT (1.0)
Sequence_Name = RIF1_YEAST: NUC (1.0)
Sequence_Name = RIM1_YEAST: MIT (1.0)
Sequence_Name = RIM2_YEAST: MIT (1.0)
Sequence_Name = UCRI_YEAST: MIT (1.0)
Sequence_Name = RME1_YEAST: NUC (1.0)
Sequence_Name = RNA1_YEAST: CYT (1.0)
Sequence_Name = RN12_YEAST: NUC (1.0)
Sequence_Name = RN14_YEAST: NUC (1.0)
Sequence_Name = RN15_YEAST: NUC (1.0)
Sequence_Name = ROX1_YEAST: NUC (1.0)
Sequence_Name = ROX3_YEAST: NUC (1.0)
Sequence_Name = RS3A_YEAST: CYT (1.0)
Sequence_Name = RS3B_YEAST: CYT (1.0)
Sequence_Name = R13A_YEAST: CYT (1.0)
Sequence_Name = RL18_YEAST: CYT (2.0)
Sequence_Name = RS24_YEAST: CYT (2.0)
Sequence_Name = R17A_YEAST: CYT (1.0)
Sequence_Name = R17B_YEAST: CYT (1.0)
Sequence_Name = R61A_YEAST: CYT (1.0)
Sequence_Name = RPA9_YEAST: NUC (1.0)
Sequence_Name = RPA2_YEAST: NUC (1.0)
Sequence_Name = RPA1_YEAST: NUC (1.0)
Sequence_Name = RPA3_YEAST: NUC (1.0)
Sequence_Name = RPBX_YEAST: NUC (1.0)
Sequence_Name = RPBY_YEAST: NUC (1.0)
Sequence_Name = RPB2_YEAST: NUC (1.0)
Sequence_Name = RPB3_YEAST: NUC (1.0)
Sequence_Name = RPB4_YEAST: NUC (1.0)
Sequence_Name = RPB5_YEAST: NUC (1.0)
Sequence_Name = RPB6_YEAST: NUC (1.0)
Sequence_Name = RPB7_YEAST: NUC (1.0)
Sequence_Name = RPB8_YEAST: NUC (1.0)
Sequence_Name = RPB9_YEAST: NUC (1.0)
Sequence_Name = RPCX_YEAST: NUC (1.0)
Sequence_Name = RPC2_YEAST: NUC (1.0)
Sequence_Name = RPC9_YEAST: NUC (1.0)
Sequence_Name = RPC8_YEAST: NUC (1.0)
Sequence_Name = RPC6_YEAST: NUC (1.0)
Sequence_Name = RPC5_YEAST: NUC (1.0)
Sequence_Name = RPC4_YEAST: NUC (1.0)
Sequence_Name = RPC3_YEAST: NUC (1.0)
Sequence_Name = RPD3_YEAST: NUC (1.0)
Sequence_Name = RL1_YEAST: CYT (1.0)
Sequence_Name = RL15_YEAST: CYT (2.0)
Sequence_Name = R14A_YEAST: CYT (1.0)
Sequence_Name = R14B_YEAST: CYT (1.0)
Sequence_Name = RL12_YEAST: CYT (2.0)
Sequence_Name = RL16_YEAST: CYT (1.0)
Sequence_Name = RL1A_YEAST: CYT (2.0)
Sequence_Name = R16A_YEAST: CYT (1.0)
Sequence_Name = R16B_YEAST: CYT (1.0)
Sequence_Name = RL17_YEAST: CYT (1.0)
Sequence_Name = RL19_YEAST: CYT (2.0)
Sequence_Name = RL25_YEAST: CYT (1.0)
Sequence_Name = RL27_YEAST: CYT (1.0)
Sequence_Name = RL2_YEAST: CYT (2.0)
Sequence_Name = RL3A_YEAST: CYT (1.0)
Sequence_Name = RL3B_YEAST: CYT (1.0)
Sequence_Name = RL3E_YEAST: CYT (1.0)
Sequence_Name = RL34_YEAST: CYT (1.0)
Sequence_Name = R37A_YEAST: CYT (1.0)
Sequence_Name = R37B_YEAST: CYT (1.0)
Sequence_Name = RL44_YEAST: CYT (2.0)
Sequence_Name = RL46_YEAST: CYT (1.0)
Sequence_Name = RL41_YEAST: CYT (2.0)
Sequence_Name = RL4A_YEAST: CYT (1.0)
Sequence_Name = RL4B_YEAST: CYT (1.0)
Sequence_Name = RL6_YEAST: CYT (1.0)
Sequence_Name = RL71_YEAST: CYT (1.0)
Sequence_Name = RL9_YEAST: CYT (1.0)
Sequence_Name = RLA0_YEAST: CYT (1.0)
Sequence_Name = RLA1_YEAST: CYT (1.0)
Sequence_Name = RLA2_YEAST: CYT (1.0)
Sequence_Name = RLA3_YEAST: CYT (1.0)
Sequence_Name = RLA4_YEAST: CYT (1.0)
Sequence_Name = RPM2_YEAST: MIT (1.0)
Sequence_Name = RPB1_YEAST: NUC (1.0)
Sequence_Name = RPC1_YEAST: NUC (1.0)
Sequence_Name = RPOM_YEAST: MIT (1.0)
Sequence_Name = RS6_YEAST: CYT (1.0)
Sequence_Name = R19A_YEAST: CYT (1.0)
Sequence_Name = R19B_YEAST: CYT (1.0)
Sequence_Name = RS41_YEAST: CYT (2.0)
Sequence_Name = RS15_YEAST: CYT (1.0)
Sequence_Name = RS22_YEAST: CYT (2.0)
Sequence_Name = RS21_YEAST: CYT (1.0)
Sequence_Name = R26A_YEAST: CYT (1.0)
Sequence_Name = R26B_YEAST: CYT (1.0)
Sequence_Name = R271_YEAST: CYT (1.0)
Sequence_Name = R272_YEAST: CYT (1.0)
Sequence_Name = RS28_YEAST: CYT (2.0)
Sequence_Name = RS3_YEAST: CYT (1.0)
Sequence_Name = RS31_YEAST: CYT (1.0)
Sequence_Name = RS33_YEAST: CYT (1.0)
Sequence_Name = RS37_YEAST: CYT (1.0)
Sequence_Name = RS4E_YEAST: CYT (2.0)
Sequence_Name = RS8_YEAST: CYT (2.0)
Sequence_Name = RRN6_YEAST: NUC (1.0)
Sequence_Name = RRN7_YEAST: NUC (1.0)
Sequence_Name = RTG1_YEAST: NUC (1.0)
Sequence_Name = R161_YEAST: CYT (1.0)
Sequence_Name = R167_YEAST: CYT (1.0)
Sequence_Name = RSD1_YEAST: ME3 (1.0)
Sequence_Name = FIMB_YEAST: CYT (1.0)
Sequence_Name = SAC7_YEAST: CYT (1.0)
Sequence_Name = SAG1_YEAST: ME1 (1.0)
Sequence_Name = SAR1_YEAST: CYT (1.0)
Sequence_Name = SC25_YEAST: CYT (1.0)
Sequence_Name = SCJ1_YEAST: MIT (1.0)
Sequence_Name = PRCI_YEAST: CYT (1.0)
Sequence_Name = TAT2_YEAST: ME3 (1.0)
Sequence_Name = SCO1_YEAST: MIT (1.0)
Sequence_Name = S160_YEAST: NUC (1.0)
Sequence_Name = DHSA_YEAST: MIT (1.0)
Sequence_Name = DHSB_YEAST: MIT (1.0)
Sequence_Name = SDH3_YEAST: MIT (1.0)
Sequence_Name = SDH4_YEAST: MIT (1.0)
Sequence_Name = SDHL_YEAST: CYT (1.0)
Sequence_Name = SEC1_YEAST: CYT (1.0)
Sequence_Name = SC11_YEAST: ME1 (1.0)
Sequence_Name = SC12_YEAST: ME2 (1.0)
Sequence_Name = SC13_YEAST: CYT (1.0)
Sequence_Name = SC14_YEAST: CYT (1.0)
Sequence_Name = SC15_YEAST: CYT (1.0)
Sequence_Name = SC17_YEAST: CYT (1.0)
Sequence_Name = SC18_YEAST: CYT (1.0)
Sequence_Name = SEC2_YEAST: CYT (1.0)
Sequence_Name = SC20_YEAST: ME2 (1.0)
Sequence_Name = SC21_YEAST: CYT (1.0)
Sequence_Name = SC22_YEAST: ME2 (1.0)
Sequence_Name = SC23_YEAST: CYT (1.0)
Sequence_Name = SEC4_YEAST: CYT (1.0)
Sequence_Name = PMM_YEAST: CYT (1.0)
Sequence_Name = SC59_YEAST: ME3 (1.0)
Sequence_Name = SEC6_YEAST: CYT (1.0)
Sequence_Name = S61A_YEAST: ME3 (1.0)
Sequence_Name = SC62_YEAST: ME3 (1.0)
Sequence_Name = NPL1_YEAST: ME3 (1.0)
Sequence_Name = SC65_YEAST: CYT (1.0)
Sequence_Name = SC66_YEAST: ME2 (1.0)
Sequence_Name = SEC7_YEAST: ME2 (1.0)
Sequence_Name = SC72_YEAST: CYT (1.0)
Sequence_Name = SEC8_YEAST: CYT (1.0)
Sequence_Name = SEC9_YEAST: CYT (1.0)
Sequence_Name = TRAM_YEAST: MIT (1.0)
Sequence_Name = SED1_YEAST: ME1 (1.0)
Sequence_Name = SED4_YEAST: ME3 (1.0)
Sequence_Name = SED5_YEAST: ME3 (1.0)
Sequence_Name = SEN1_YEAST: NUC (1.0)
Sequence_Name = SEN2_YEAST: NUC (1.0)
Sequence_Name = SYSC_YEAST: CYT (1.0)
Sequence_Name = SFL1_YEAST: NUC (1.0)
Sequence_Name = SFP1_YEAST: NUC (1.0)
Sequence_Name = AMYG_YEAST: VAC (1.0)
Sequence_Name = SGE1_YEAST: ME1 (1.0)
Sequence_Name = SHM1_YEAST: MIT (1.0)
Sequence_Name = GLYM_YEAST: MIT (1.0)
Sequence_Name = GLYC_YEAST: CYT (1.0)
Sequence_Name = SHR3_YEAST: ME2 (1.0)
Sequence_Name = SIC1_YEAST: CYT (1.0)
Sequence_Name = NOT4_YEAST: NUC (1.0)
Sequence_Name = SIN3_YEAST: NUC (1.0)
Sequence_Name = SIN4_YEAST: NUC (1.0)
Sequence_Name = SIP2_YEAST: NUC (1.0)
Sequence_Name = SIR1_YEAST: NUC (1.0)
Sequence_Name = SIR2_YEAST: NUC (1.0)
Sequence_Name = SIR3_YEAST: NUC (1.0)
Sequence_Name = SIR4_YEAST: NUC (1.0)
Sequence_Name = SIS1_YEAST: CYT (1.0)
Sequence_Name = SIS2_YEAST: NUC (1.0)
Sequence_Name = SKI3_YEAST: NUC (1.0)
Sequence_Name = SKN1_YEAST: ME3 (1.0)
Sequence_Name = SKN7_YEAST: NUC (1.0)
Sequence_Name = SKO1_YEAST: NUC (1.0)
Sequence_Name = SLA1_YEAST: CYT (1.0)
Sequence_Name = SLA2_YEAST: ME3 (1.0)
Sequence_Name = PLSC_YEAST: ME2 (1.0)
Sequence_Name = SLN1_YEAST: ME3 (1.0)
Sequence_Name = SLU7_YEAST: NUC (1.0)
Sequence_Name = SLY1_YEAST: CYT (1.0)
Sequence_Name = SLY4_YEAST: ME3 (1.0)
Sequence_Name = SMC1_YEAST: NUC (1.0)
Sequence_Name = SMC2_YEAST: NUC (1.0)
Sequence_Name = SMD1_YEAST: NUC (1.0)
Sequence_Name = SMF1_YEAST: MIT (1.0)
Sequence_Name = SMF2_YEAST: MIT (1.0)
Sequence_Name = SMY1_YEAST: CYT (1.0)
Sequence_Name = SMY2_YEAST: CYT (1.0)
Sequence_Name = SNC1_YEAST: ME3 (1.0)
Sequence_Name = SNC2_YEAST: ME3 (1.0)
Sequence_Name = SNF1_YEAST: CYT (1.0)
Sequence_Name = SNF2_YEAST: NUC (1.0)
Sequence_Name = SNF3_YEAST: ME3 (1.0)
Sequence_Name = SNF4_YEAST: CYT (1.0)
Sequence_Name = SNF5_YEAST: NUC (1.0)
Sequence_Name = SNF6_YEAST: NUC (1.0)
Sequence_Name = RU17_YEAST: NUC (1.0)
Sequence_Name = SNP2_YEAST: NUC (1.0)
Sequence_Name = YBC6_YEAST: NUC (1.0)
Sequence_Name = SNQ2_YEAST: ME3 (1.0)
Sequence_Name = SODC_YEAST: CYT (1.0)
Sequence_Name = SODM_YEAST: MIT (1.0)
Sequence_Name = SOF1_YEAST: NUC (1.0)
Sequence_Name = SOK1_YEAST: NUC (1.0)
Sequence_Name = SON1_YEAST: NUC (1.0)
Sequence_Name = RL35_YEAST: CYT (2.0)
Sequence_Name = SPA2_YEAST: CYT (1.0)
Sequence_Name = SPB4_YEAST: NUC (1.0)
Sequence_Name = SPK1_YEAST: NUC (1.0)
Sequence_Name = SP11_YEAST: NUC (1.0)
Sequence_Name = SPR1_YEAST: EXC (1.0)
Sequence_Name = SS10_YEAST: EXC (1.0)
Sequence_Name = SX18_YEAST: NUC (1.0)
Sequence_Name = SX19_YEAST: POX (1.0)
Sequence_Name = SP10_YEAST: NUC (1.0)
Sequence_Name = SP14_YEAST: NUC (1.0)
Sequence_Name = TF2D_YEAST: NUC (1.0)
Sequence_Name = SPT2_YEAST: NUC (1.0)
Sequence_Name = SP21_YEAST: NUC (1.0)
Sequence_Name = SP23_YEAST: NUC (1.0)
Sequence_Name = SPT3_YEAST: NUC (1.0)
Sequence_Name = SPT4_YEAST: NUC (1.0)
Sequence_Name = SPT5_YEAST: NUC (1.0)
Sequence_Name = SPT6_YEAST: NUC (1.0)
Sequence_Name = SPT7_YEAST: NUC (1.0)
Sequence_Name = SPT8_YEAST: NUC (1.0)
Sequence_Name = SRB2_YEAST: NUC (1.0)
Sequence_Name = SRB4_YEAST: NUC (1.0)
Sequence_Name = SRB5_YEAST: NUC (1.0)
Sequence_Name = SRB6_YEAST: NUC (1.0)
Sequence_Name = SCA1_YEAST: NUC (1.0)
Sequence_Name = SRD1_YEAST: NUC (1.0)
Sequence_Name = RCC_YEAST: NUC (1.0)
Sequence_Name = SRPI_YEAST: NUC (1.0)
Sequence_Name = SRPR_YEAST: ME3 (1.0)
Sequence_Name = SR14_YEAST: CYT (1.0)
Sequence_Name = SR54_YEAST: CYT (1.0)
Sequence_Name = SR68_YEAST: CYT (1.0)
Sequence_Name = SR72_YEAST: CYT (1.0)
Sequence_Name = CAP_YEAST: CYT (1.0)
Sequence_Name = HS71_YEAST: CYT (1.0)
Sequence_Name = HS72_YEAST: CYT (1.0)
Sequence_Name = HS73_YEAST: CYT (1.0)
Sequence_Name = HS74_YEAST: CYT (1.0)
Sequence_Name = HS75_YEAST: CYT (1.0)
Sequence_Name = HS76_YEAST: CYT (1.0)
Sequence_Name = SSB1_YEAST: NUC (1.0)
Sequence_Name = HS77_YEAST: MIT (1.0)
Sequence_Name = SSD1_YEAST: CYT (1.0)
Sequence_Name = RA25_YEAST: NUC (1.0)
Sequence_Name = SSN6_YEAST: NUC (1.0)
Sequence_Name = SSO1_YEAST: ME3 (1.0)
Sequence_Name = SSO2_YEAST: ME3 (1.0)
Sequence_Name = S120_YEAST: EXC (1.0)
Sequence_Name = S61G_YEAST: ME3 (1.0)
Sequence_Name = SST2_YEAST: ME3 (1.0)
Sequence_Name = AMYH_YEAST: EXC (1.0)
Sequence_Name = ST12_YEAST: NUC (1.0)
Sequence_Name = DAP1_YEAST: ME3 (1.0)
Sequence_Name = ST14_YEAST: ME3 (1.0)
Sequence_Name = GBG_YEAST: CYT (1.0)
Sequence_Name = STE2_YEAST: ME3 (1.0)
Sequence_Name = ST20_YEAST: CYT (1.0)
Sequence_Name = STE3_YEAST: ME1 (1.0)
Sequence_Name = GBB_YEAST: CYT (1.0)
Sequence_Name = STE5_YEAST: NUC (1.0)
Sequence_Name = STE6_YEAST: ME3 (1.0)
Sequence_Name = STF1_YEAST: MIT (1.0)
Sequence_Name = STF2_YEAST: MIT (1.0)
Sequence_Name = STH1_YEAST: NUC (1.0)
Sequence_Name = STL1_YEAST: ME3 (1.0)
Sequence_Name = STP1_YEAST: NUC (1.0)
Sequence_Name = STU1_YEAST: CYT (1.0)
Sequence_Name = STV1_YEAST: VAC (1.0)
Sequence_Name = TF2B_YEAST: NUC (1.0)
Sequence_Name = INV1_YEAST: EXC (1.0)
Sequence_Name = INV2_YEAST: EXC (1.0)
Sequence_Name = INV4_YEAST: EXC (1.0)
Sequence_Name = SUG1_YEAST: NUC (1.0)
Sequence_Name = SUI1_YEAST: CYT (1.0)
Sequence_Name = IF2A_YEAST: CYT (1.0)
Sequence_Name = IF2B_YEAST: CYT (1.0)
Sequence_Name = SUL1_YEAST: ME3 (1.0)
Sequence_Name = SUP1_YEAST: CYT (1.0)
Sequence_Name = SUP2_YEAST: CYT (1.0)
Sequence_Name = RS4_YEAST: CYT (1.0)
Sequence_Name = RS11_YEAST: CYT (1.0)
Sequence_Name = SUV3_YEAST: MIT (1.0)
Sequence_Name = ADR6_YEAST: NUC (1.0)
Sequence_Name = SWI3_YEAST: NUC (1.0)
Sequence_Name = SWI4_YEAST: NUC (1.0)
Sequence_Name = SWI5_YEAST: NUC (1.0)
Sequence_Name = SWI6_YEAST: NUC (1.0)
Sequence_Name = OSTD_YEAST: ME1 (1.0)
Sequence_Name = SYG1_YEAST: ME3 (1.0)
Sequence_Name = TAL1_YEAST: CYT (1.0)
Sequence_Name = VAL1_YEAST: ME3 (1.0)
Sequence_Name = TBF1_YEAST: NUC (1.0)
Sequence_Name = RL3_YEAST: CYT (1.0)
Sequence_Name = TCPA_YEAST: CYT (1.0)
Sequence_Name = TCPE_YEAST: CYT (1.0)
Sequence_Name = TCPB_YEAST: CYT (1.0)
Sequence_Name = TCPG_YEAST: CYT (1.0)
Sequence_Name = TCPD_YEAST: CYT (1.0)
Sequence_Name = TCPZ_YEAST: CYT (1.0)
Sequence_Name = G3P1_YEAST: CYT (1.0)
Sequence_Name = G3P2_YEAST: CYT (1.0)
Sequence_Name = G3P3_YEAST: CYT (1.0)
Sequence_Name = TF3B_YEAST: NUC (1.0)
Sequence_Name = TEC1_YEAST: NUC (1.0)
Sequence_Name = EF1A_YEAST: CYT (2.0)
Sequence_Name = EF1G_YEAST: CYT (1.0)
Sequence_Name = EF1H_YEAST: CYT (1.0)
Sequence_Name = T2EA_YEAST: NUC (1.0)
Sequence_Name = YK42_YEAST: NUC (1.0)
Sequence_Name = TFB1_YEAST: NUC (1.0)
Sequence_Name = TFC1_YEAST: NUC (1.0)
Sequence_Name = TF3A_YEAST: NUC (1.0)
Sequence_Name = TFC3_YEAST: NUC (1.0)
Sequence_Name = TFC4_YEAST: NUC (1.0)
Sequence_Name = DKA1_YEAST: CYT (1.0)
Sequence_Name = THRC_YEAST: CYT (1.0)
Sequence_Name = SYTC_YEAST: CYT (1.0)
Sequence_Name = IF4A_YEAST: CYT (2.0)
Sequence_Name = IF1A_YEAST: CYT (1.0)
Sequence_Name = TIF3_YEAST: CYT (1.0)
Sequence_Name = IF41_YEAST: CYT (1.0)
Sequence_Name = IF42_YEAST: CYT (1.0)
Sequence_Name = IF5_YEAST: CYT (1.0)
Sequence_Name = IF52_YEAST: CYT (1.0)
Sequence_Name = IF51_YEAST: CYT (1.0)
Sequence_Name = TIP1_YEAST: ME1 (1.0)
Sequence_Name = TP20_YEAST: CYT (1.0)
Sequence_Name = SRP1_YEAST: ME1 (1.0)
Sequence_Name = SRP2_YEAST: ME1 (1.0)
Sequence_Name = TKT1_YEAST: CYT (1.0)
Sequence_Name = TKT2_YEAST: CYT (1.0)
Sequence_Name = TYSY_YEAST: NUC (1.0)
Sequence_Name = TOA1_YEAST: NUC (1.0)
Sequence_Name = TOA2_YEAST: NUC (1.0)
Sequence_Name = TOP1_YEAST: NUC (1.0)
Sequence_Name = TOP2_YEAST: NUC (1.0)
Sequence_Name = TOP3_YEAST: NUC (1.0)
Sequence_Name = TOR2_YEAST: VAC (1.0)
Sequence_Name = TPIS_YEAST: CYT (1.0)
Sequence_Name = KAPA_YEAST: CYT (1.0)
Sequence_Name = KAPB_YEAST: CYT (1.0)
Sequence_Name = KAPC_YEAST: CYT (1.0)
Sequence_Name = TPM1_YEAST: CYT (1.0)
Sequence_Name = TPM2_YEAST: CYT (1.0)
Sequence_Name = TPS1_YEAST: CYT (1.0)
Sequence_Name = TPS2_YEAST: CYT (1.0)
Sequence_Name = TPS3_YEAST: CYT (1.0)
Sequence_Name = TRK1_YEAST: ME3 (1.0)
Sequence_Name = TRK2_YEAST: ME3 (1.0)
Sequence_Name = TRNL_YEAST: NUC (1.0)
Sequence_Name = TRM1_YEAST: MIT (1.0)
Sequence_Name = TRPF_YEAST: CYT (1.0)
Sequence_Name = TRPE_YEAST: CYT (1.0)
Sequence_Name = TRPG_YEAST: CYT (1.0)
Sequence_Name = TRPD_YEAST: CYT (1.0)
Sequence_Name = TRP_YEAST: CYT (1.0)
Sequence_Name = TSA_YEAST: CYT (1.0)
Sequence_Name = TSL1_YEAST: CYT (1.0)
Sequence_Name = TSM1_YEAST: NUC (1.0)
Sequence_Name = TTP1_YEAST: ME2 (1.0)
Sequence_Name = GLRX_YEAST: CYT (1.0)
Sequence_Name = TBA1_YEAST: CYT (1.0)
Sequence_Name = TBB_YEAST: CYT (1.0)
Sequence_Name = TBA3_YEAST: CYT (1.0)
Sequence_Name = EFTU_YEAST: MIT (1.0)
Sequence_Name = TUP1_YEAST: NUC (1.0)
Sequence_Name = TYE7_YEAST: NUC (1.0)
Sequence_Name = TYR1_YEAST: CYT (1.0)
Sequence_Name = UBA1_YEAST: CYT (1.0)
Sequence_Name = UBC1_YEAST: CYT (1.0)
Sequence_Name = UBC4_YEAST: CYT (1.0)
Sequence_Name = UBC5_YEAST: CYT (1.0)
Sequence_Name = UBC6_YEAST: ME3 (1.0)
Sequence_Name = UBC7_YEAST: CYT (1.0)
Sequence_Name = UBIQ_YEAST: CYT (1.0)
Sequence_Name = UBP1_YEAST: CYT (1.0)
Sequence_Name = UBP2_YEAST: CYT (1.0)
Sequence_Name = UBP3_YEAST: CYT (1.0)
Sequence_Name = UBR1_YEAST: CYT (1.0)
Sequence_Name = UGA3_YEAST: NUC (1.0)
Sequence_Name = UGA4_YEAST: ME3 (1.0)
Sequence_Name = UME5_YEAST: NUC (1.0)
Sequence_Name = UME6_YEAST: NUC (1.0)
Sequence_Name = UNG_YEAST: NUC (1.0)
Sequence_Name = PYRD_YEAST: CYT (1.0)
Sequence_Name = PYR1_YEAST: NUC (1.0)
Sequence_Name = UMPK_YEAST: CYT (1.0)
Sequence_Name = RL21_YEAST: CYT (1.0)
Sequence_Name = RSU2_YEAST: CYT (1.0)
Sequence_Name = USO1_YEAST: ME3 (1.0)
Sequence_Name = YEU2_YEAST: NUC (1.0)
Sequence_Name = VAC1_YEAST: VAC (1.0)
Sequence_Name = RMAR_YEAST: MIT (1.0)
Sequence_Name = SYV_YEAST: CYT (1.0)
Sequence_Name = VATA_YEAST: VAC (1.0)
Sequence_Name = VM11_YEAST: VAC (1.0)
Sequence_Name = VATB_YEAST: VAC (1.0)
Sequence_Name = VATL_YEAST: VAC (1.0)
Sequence_Name = VATE_YEAST: VAC (1.0)
Sequence_Name = VATC_YEAST: VAC (1.0)
Sequence_Name = VATX_YEAST: VAC (1.0)
Sequence_Name = VATF_YEAST: VAC (1.0)
Sequence_Name = VATD_YEAST: VAC (1.0)
Sequence_Name = VPH1_YEAST: VAC (1.0)
Sequence_Name = VM12_YEAST: VAC (1.0)
Sequence_Name = VPS1_YEAST: CYT (1.0)
Sequence_Name = VP15_YEAST: CYT (1.0)
Sequence_Name = VP16_YEAST: CYT (1.0)
Sequence_Name = VP17_YEAST: CYT (1.0)
Sequence_Name = YP51_YEAST: CYT (1.0)
Sequence_Name = SLP1_YEAST: CYT (1.0)
Sequence_Name = VP34_YEAST: VAC (1.0)
Sequence_Name = VP45_YEAST: CYT (1.0)
Sequence_Name = VRP1_YEAST: CYT (1.0)
Sequence_Name = OSTB_YEAST: ME1 (1.0)
Sequence_Name = XRS2_YEAST: NUC (1.0)
Sequence_Name = YAA7_YEAST: ME1 (1.0)
Sequence_Name = YAB1_YEAST: MIT (1.0)
Sequence_Name = YAB8_YEAST: ME1 (1.0)
Sequence_Name = YAB9_YEAST: NUC (1.0)
Sequence_Name = YAC2_YEAST: ME3 (1.0)
Sequence_Name = YAE2_YEAST: ME3 (1.0)
Sequence_Name = YAF1_YEAST: NUC (1.0)
Sequence_Name = YAF3_YEAST: ME1 (1.0)
Sequence_Name = YAG3_YEAST: ME2 (1.0)
Sequence_Name = YAG7_YEAST: ME3 (1.0)
Sequence_Name = PDR4_YEAST: NUC (1.0)
Sequence_Name = AP17_YEAST: CYT (1.0)
Sequence_Name = AP19_YEAST: CYT (1.0)
Sequence_Name = YAP3_YEAST: ME1 (1.0)
Sequence_Name = AP54_YEAST: ME3 (1.0)
Sequence_Name = ADB1_YEAST: ME3 (1.0)
Sequence_Name = CACM_YEAST: MIT (1.0)
Sequence_Name = FMT_YEAST: MIT (1.0)
Sequence_Name = YBC4_YEAST: NUC (1.0)
Sequence_Name = YBE2_YEAST: ME3 (1.0)
Sequence_Name = YBG6_YEAST: NUC (1.0)
Sequence_Name = YBI8_YEAST: ME3 (1.0)
Sequence_Name = RL3P_YEAST: CYT (1.0)
Sequence_Name = MRF1_YEAST: MIT (1.0)
Sequence_Name = YBT6_YEAST: ME3 (1.0)
Sequence_Name = YBY2_YEAST: ME3 (1.0)
Sequence_Name = YB00_YEAST: NUC (1.0)
Sequence_Name = YB30_YEAST: ME3 (1.0)
Sequence_Name = YB32_YEAST: NUC (1.0)
Sequence_Name = YB33_YEAST: ME3 (1.0)
Sequence_Name = YB37_YEAST: ME1 (1.0)
Sequence_Name = YB48_YEAST: NUC (1.0)
Sequence_Name = YB54_YEAST: POX (1.0)
Sequence_Name = YB72_YEAST: POX (1.0)
Sequence_Name = YB91_YEAST: ME3 (1.0)
Sequence_Name = YB8E_YEAST: MIT (1.0)
Sequence_Name = YB8G_YEAST: ME3 (1.0)
Sequence_Name = YB8I_YEAST: ME1 (1.0)
Sequence_Name = YCFI_YEAST: ME3 (1.0)
Sequence_Name = YCK1_YEAST: ME2 (1.0)
Sequence_Name = YCK2_YEAST: CYT (1.0)
Sequence_Name = YCA9_YEAST: MIT (1.0)
Sequence_Name = YCD8_YEAST: ME3 (1.0)
Sequence_Name = YCG9_YEAST: ME1 (1.0)
Sequence_Name = YCH0_YEAST: ME3 (1.0)
Sequence_Name = YCQ0_YEAST: ME3 (1.0)
Sequence_Name = YCQ7_YEAST: ME3 (1.0)
Sequence_Name = YCR3_YEAST: ME2 (1.0)
Sequence_Name = SYN_YEAST: MIT (1.0)
Sequence_Name = YCR8_YEAST: ME3 (1.0)
Sequence_Name = YCS4_YEAST: ME3 (1.0)
Sequence_Name = YCT8_YEAST: ME3 (1.0)
Sequence_Name = YCV1_YEAST: ME1 (1.0)
Sequence_Name = YCW2_YEAST: NUC (1.0)
Sequence_Name = YCX9_YEAST: EXC (1.0)
Sequence_Name = YCY8_YEAST: ME3 (1.0)
Sequence_Name = YCZ6_YEAST: NUC (1.0)
Sequence_Name = YD66_YEAST: ME3 (1.0)
Sequence_Name = MAS5_YEAST: CYT (1.0)
Sequence_Name = EF3_YEAST: CYT (1.0)
Sequence_Name = YEA6_YEAST: ME3 (1.0)
Sequence_Name = YEP0_YEAST: ME3 (1.0)
Sequence_Name = YE14_YEAST: NUC (1.0)
Sequence_Name = YGL1_YEAST: ME3 (1.0)
Sequence_Name = YGP1_YEAST: EXC (1.0)
Sequence_Name = YHA8_YEAST: ME3 (1.0)
Sequence_Name = YHA9_YEAST: NUC (1.0)
Sequence_Name = YHB7_YEAST: ME1 (1.0)
Sequence_Name = YHC6_YEAST: ME3 (1.0)
Sequence_Name = RIMI_YEAST: NUC (1.0)
Sequence_Name = YHD5_YEAST: ME3 (1.0)
Sequence_Name = YHE0_YEAST: ME3 (1.0)
Sequence_Name = YHF0_YEAST: ME3 (1.0)
Sequence_Name = YHG2_YEAST: ME3 (1.0)
Sequence_Name = YHI7_YEAST: ME3 (1.0)
Sequence_Name = YHJ2_YEAST: ME3 (1.0)
Sequence_Name = YHK5_YEAST: ME1 (1.0)
Sequence_Name = YHK8_YEAST: ME3 (1.0)
Sequence_Name = YHN8_YEAST: ME2 (1.0)
Sequence_Name = YHP0_YEAST: NUC (1.0)
Sequence_Name = YHQ1_YEAST: ME1 (1.0)
Sequence_Name = YHR0_YEAST: ME1 (1.0)
Sequence_Name = YHT3_YEAST: ME3 (1.0)
Sequence_Name = YHU0_YEAST: ME2 (1.0)
Sequence_Name = YHU2_YEAST: ME3 (1.0)
Sequence_Name = YHX8_YEAST: NUC (1.0)
Sequence_Name = YHY0_YEAST: POX (1.0)
Sequence_Name = YHY1_YEAST: ME1 (1.0)
Sequence_Name = YIA6_YEAST: MIT (1.0)
Sequence_Name = YIB3_YEAST: ME3 (1.0)
Sequence_Name = YIF2_YEAST: CYT (1.0)
Sequence_Name = YIG3_YEAST: NUC (1.0)
Sequence_Name = YIN0_YEAST: NUC (1.0)
Sequence_Name = YIN4_YEAST: MIT (1.0)
Sequence_Name = YIR3_YEAST: ME1 (1.0)
Sequence_Name = YKJ5_YEAST: NUC (1.0)
Sequence_Name = YKA5_YEAST: NUC (1.0)
Sequence_Name = YKA8_YEAST: ME3 (1.0)
Sequence_Name = MAOX_YEAST: NUC (1.0)
Sequence_Name = YKD8_YEAST: NUC (1.0)
Sequence_Name = YKE6_YEAST: ME1 (1.0)
Sequence_Name = TCTP_YEAST: CYT (1.0)
Sequence_Name = PMT_YEAST: MIT (1.0)
Sequence_Name = YKM9_YEAST: CYT (1.0)
Sequence_Name = YKN4_YEAST: MIT (1.0)
Sequence_Name = YKS8_YEAST: POX (1.0)
Sequence_Name = ACP_YEAST: MIT (1.0)
Sequence_Name = YKW2_YEAST: NUC (1.0)
Sequence_Name = YKY8_YEAST: NUC (1.0)
Sequence_Name = YK44_YEAST: NUC (1.0)
Sequence_Name = YK68_YEAST: ME3 (1.0)
Sequence_Name = RL13_YEAST: CYT (1.0)
Sequence_Name = YMC1_YEAST: MIT (1.0)
Sequence_Name = YMC2_YEAST: MIT (1.0)
Sequence_Name = YME1_YEAST: MIT (1.0)
Sequence_Name = RMR3_YEAST: MIT (1.0)
Sequence_Name = YOX1_YEAST: NUC (1.0)
Sequence_Name = YPT1_YEAST: CYT (1.0)
Sequence_Name = YP52_YEAST: CYT (1.0)
Sequence_Name = YP53_YEAST: CYT (1.0)
Sequence_Name = YPT7_YEAST: CYT (1.0)
Sequence_Name = R29A_YEAST: CYT (1.0)
Sequence_Name = R29B_YEAST: CYT (1.0)
Sequence_Name = YUR1_YEAST: ME2 (1.0)
Sequence_Name = ZIP1_YEAST: NUC (1.0)
Sequence_Name = ZNRP_YEAST: ME2 (1.0)
Sequence_Name = ZUO1_YEAST: NUC (1.0)
Sequence_Name = G6PD_YEAST: CYT (1.0)

Number of Leaves  : 	1462

Size of the tree : 	1463


Time taken to build model: 0.06 seconds
Time taken to test model on training data: 0.03 seconds

=== Error on training data ===

Correctly Classified Instances        1187              100      %
Incorrectly Classified Instances         0                0      %
Kappa statistic                          1     
K&B Relative Info Score             117942.3201 %
K&B Information Score                 2955.014  bits      2.4895 bits/instance
Class complexity | order 0            2955.014  bits      2.4895 bits/instance
Class complexity | scheme                0      bits      0      bits/instance
Complexity improvement     (Sf)       2955.014  bits      2.4895 bits/instance
Mean absolute error                      0     
Root mean squared error                  0     
Relative absolute error                  0      %
Root relative squared error              0      %
Total Number of Instances             1187     


=== Detailed Accuracy By Class ===

               TP Rate   FP Rate   Precision   Recall  F-Measure   ROC Area  Class
                 1         0          1         1         1          1        CYT
                 1         0          1         1         1          1        NUC
                 1         0          1         1         1          1        MIT
                 1         0          1         1         1          1        ME3
                 1         0          1         1         1          1        ME2
                 1         0          1         1         1          1        ME1
                 1         0          1         1         1          1        EXC
                 1         0          1         1         1          1        VAC
                 1         0          1         1         1          1        POX
                 1         0          1         1         1          1        ERL
Weighted Avg.    1         0          1         1         1          1    


=== Confusion Matrix ===

   a   b   c   d   e   f   g   h   i   j   <-- classified as
 370   0   0   0   0   0   0   0   0   0 |   a = CYT
   0 360   0   0   0   0   0   0   0   0 |   b = NUC
   0   0 169   0   0   0   0   0   0   0 |   c = MIT
   0   0   0 135   0   0   0   0   0   0 |   d = ME3
   0   0   0   0  41   0   0   0   0   0 |   e = ME2
   0   0   0   0   0  39   0   0   0   0 |   f = ME1
   0   0   0   0   0   0  27   0   0   0 |   g = EXC
   0   0   0   0   0   0   0  26   0   0 |   h = VAC
   0   0   0   0   0   0   0   0  16   0 |   i = POX
   0   0   0   0   0   0   0   0   0   4 |   j = ERL


=== Error on test data ===

Correctly Classified Instances          93               31.3131 %
Incorrectly Classified Instances       204               68.6869 %
Kappa statistic                          0     
K&B Relative Info Score                 63.9945 %
K&B Information Score                    1.6034 bits      0.0054 bits/instance
Class complexity | order 0             746.0557 bits      2.512  bits/instance
Class complexity | scheme              745.8754 bits      2.5114 bits/instance
Complexity improvement     (Sf)          0.1803 bits      0.0006 bits/instance
Mean absolute error                      0.1565
Root mean squared error                  0.2812
Relative absolute error                 99.8746 %
Root relative squared error            100.0082 %
Total Number of Instances              297     


=== Detailed Accuracy By Class ===

               TP Rate   FP Rate   Precision   Recall  F-Measure   ROC Area  Class
                 1         1          0.313     1         0.477      0.5      CYT
                 0         0          0         0         0          0.5      NUC
                 0         0          0         0         0          0.5      MIT
                 0         0          0         0         0          0.5      ME3
                 0         0          0         0         0          0.5      ME2
                 0         0          0         0         0          0.5      ME1
                 0         0          0         0         0          0.5      EXC
                 0         0          0         0         0          0.5      VAC
                 0         0          0         0         0          0.5      POX
                 0         0          0         0         0          0.5      ERL
Weighted Avg.    0.313     0.313      0.098     0.313     0.149      0.5  


=== Confusion Matrix ===

  a  b  c  d  e  f  g  h  i  j   <-- classified as
 93  0  0  0  0  0  0  0  0  0 |  a = CYT
 69  0  0  0  0  0  0  0  0  0 |  b = NUC
 75  0  0  0  0  0  0  0  0  0 |  c = MIT
 28  0  0  0  0  0  0  0  0  0 |  d = ME3
 10  0  0  0  0  0  0  0  0  0 |  e = ME2
  5  0  0  0  0  0  0  0  0  0 |  f = ME1
  8  0  0  0  0  0  0  0  0  0 |  g = EXC
  4  0  0  0  0  0  0  0  0  0 |  h = VAC
  4  0  0  0  0  0  0  0  0  0 |  i = POX
  1  0  0  0  0  0  0  0  0  0 |  j = ERL

