

=== Predictions under cross-validation ===

 inst#     actual  predicted error prediction (Hair,Feathers,Eggs,Milk,Airborne,Aquatic,Predator,Toothed,Backbone,Breathes,Venomous,Fins,Legs,Tail,Domestic,Catsize,Type)
     1    84:gnat    88:moth   +   1 (0,0,1,0,1,0,0,0,0,1,0,0,6,0,0,0,6)
     2     4:boar    20:lion   +   1 (1,0,0,1,0,0,1,1,1,1,0,0,4,1,0,1,1)
     3    82:toad    80:frog   +   1 (0,0,1,0,0,1,0,1,1,1,0,0,4,0,0,0,5)
     4    26:oryx 11:elephan   +   1 (1,0,0,1,0,0,0,1,1,1,0,0,4,1,0,1,1)
     5    39:vole    18:hare   +   1 (1,0,0,1,0,0,0,1,1,1,0,0,4,1,0,0,1)
     6 13:giraffe 11:elephan   +   1 (1,0,0,1,0,0,0,1,1,1,0,0,4,1,0,1,1)
     7    29:pony     6:calf   +   1 (1,0,0,1,0,0,0,1,1,1,0,0,4,1,1,1,1)
     8 51:ostrich 46:flaming   +   1 (0,1,1,0,0,0,0,0,1,1,0,0,2,1,0,1,2)
     9    35:seal 36:sealion   +   1 (1,0,0,1,0,1,1,1,1,1,0,1,0,0,0,1,1)
    10    77:sole 76:seahors   +   1 (0,0,1,0,0,1,0,1,1,0,0,1,0,1,0,0,4)
    11    90:wasp    88:moth   +   1 (1,0,1,0,1,0,0,0,0,1,1,0,6,0,0,0,6)
     1 94:lobster 93:crayfis   +   1 (0,0,1,0,0,1,1,0,0,0,0,0,6,0,0,0,7)
     2    21:lynx    20:lion   +   1 (1,0,0,1,0,0,1,1,1,1,0,0,4,1,0,1,1)
     3 33:raccoon    20:lion   +   1 (1,0,0,1,0,0,1,1,1,1,0,0,4,1,0,1,1)
     4    48:hawk    43:crow   +   1 (0,1,1,0,1,0,1,0,1,1,0,0,2,1,0,0,2)
     5 16:gorilla 40:wallaby   +   1 (1,0,0,1,0,0,0,1,1,1,0,0,2,0,0,1,1)
     6 97:seawasp    91:clam   +   1 (0,0,1,0,0,1,1,0,0,0,1,0,0,0,0,0,7)
     7 42:chicken    44:dove   +   1 (0,1,1,0,1,0,0,0,1,1,0,0,2,1,1,0,2)
     8 37:squirre 40:wallaby   +   1 (1,0,0,1,0,0,0,1,1,1,0,0,2,1,0,0,1)
     9     9:deer 13:giraffe   +   1 (1,0,0,1,0,0,0,1,1,1,0,0,4,1,0,1,1)
    10    18:hare    39:vole   +   1 (1,0,0,1,0,0,0,1,1,1,0,0,4,1,0,0,1)
     1 69:catfish    70:chub   +   1 (0,0,1,0,0,1,1,1,1,0,0,1,0,1,0,0,4)
     2    61:wren    50:lark   +   1 (0,1,1,0,1,0,0,0,1,1,0,0,2,1,0,0,2)
     3    45:duck    50:lark   +   1 (0,1,1,0,1,1,0,0,1,1,0,0,2,1,0,0,2)
     4 54:pheasan    50:lark   +   1 (0,1,1,0,1,0,0,0,1,1,0,0,2,1,0,0,2)
     5     6:calf 34:reindee   +   1 (1,0,0,1,0,0,0,1,1,1,0,0,4,1,1,1,1)
     6 30:porpois 10:dolphin   +   1 (0,0,0,1,0,1,1,1,1,1,0,1,0,1,0,1,1)
     7 12:fruitba 38:vampire   +   1 (1,0,0,1,1,0,0,1,1,1,0,0,2,1,0,0,1)
     8 40:wallaby    26:oryx   +   1 (1,0,0,1,0,0,0,1,1,1,0,0,2,1,0,1,1)
     9 99:starfis    92:crab   +   1 (0,0,1,0,0,1,1,0,0,0,0,0,5,0,0,0,7)
    10 86:housefl    88:moth   +   1 (1,0,1,0,1,0,0,0,0,1,0,0,6,0,0,0,6)
     1 11:elephan    26:oryx   +   1 (1,0,0,1,0,0,0,1,1,1,0,0,4,1,0,1,1)
     2 32:pussyca 24:mongoos   +   1 (1,0,0,1,0,0,1,1,1,1,0,0,4,1,1,1,1)
     3 19:leopard 24:mongoos   +   1 (1,0,0,1,0,0,1,1,1,1,0,0,4,1,0,1,1)
     4 96:scorpio    91:clam   +   1 (0,0,0,0,0,0,1,0,0,1,1,0,8,1,0,0,7)
     5 52:parakee 42:chicken   +   1 (0,1,1,0,1,0,0,0,1,1,0,0,2,1,1,0,2)
     6    59:swan 46:flaming   +   1 (0,1,1,0,1,1,0,0,1,1,0,0,2,1,0,1,2)
     7 36:sealion 30:porpois   +   1 (1,0,0,1,0,1,1,1,1,1,0,1,2,1,0,1,1)
     8 75:piranha    70:chub   +   1 (0,0,1,0,0,1,1,1,1,0,0,1,0,1,0,0,4)
     9 87:ladybir    84:gnat   +   1 (0,0,1,0,1,0,1,0,0,1,0,0,6,0,0,0,6)
    10 60:vulture    48:hawk   +   1 (0,1,1,0,1,0,1,0,1,1,0,0,2,1,0,1,2)
     1 2:antelope  5:buffalo   +   1 (1,0,0,1,0,0,0,1,1,1,0,0,4,1,0,1,1)
     2    92:crab 93:crayfis   +   1 (0,0,1,0,0,1,1,0,0,0,0,0,4,0,0,0,7)
     3    98:slug   100:worm   +   1 (0,0,1,0,0,0,0,0,0,1,0,0,0,0,0,0,7)
     4     3:bear 1:aardvark   +   1 (1,0,0,1,0,0,1,1,1,1,0,0,4,0,0,1,1)
     5 73:herring 75:piranha   +   1 (0,0,1,0,0,1,1,1,1,0,0,1,0,1,0,0,4)
     6 24:mongoos     4:boar   +   1 (1,0,0,1,0,0,1,1,1,1,0,0,4,1,0,1,1)
     7    41:wolf     4:boar   +   1 (1,0,0,1,0,0,1,1,1,1,0,0,4,1,0,1,1)
     8 76:seahors    77:sole   +   1 (0,0,1,0,0,1,0,1,1,0,0,1,0,1,0,0,4)
     9 62:pitvipe 64:slowwor   +   1 (0,0,1,0,0,0,1,1,1,1,1,0,0,1,0,0,3)
    10    14:girl 1:aardvark   +   1 (1,0,0,1,0,0,1,1,1,1,0,0,2,0,1,1,1)
     1  5:buffalo 13:giraffe   +   1 (1,0,0,1,0,0,0,1,1,1,0,0,4,1,0,1,1)
     2 58:sparrow    50:lark   +   1 (0,1,1,0,1,0,0,0,1,1,0,0,2,1,0,0,2)
     3 46:flaming 60:vulture   +   1 (0,1,1,0,1,0,0,0,1,1,0,0,2,1,0,1,2)
     4 63:seasnak 62:pitvipe   +   1 (0,0,0,0,0,1,1,1,1,0,1,0,0,1,0,0,3)
     5 34:reindee    15:goat   +   1 (1,0,0,1,0,0,0,1,1,1,0,0,4,1,1,1,1)
     6 78:stingra 71:dogfish   +   1 (0,0,1,0,0,1,1,1,1,0,1,1,0,1,0,1,4)
     7 93:crayfis 94:lobster   +   1 (0,0,1,0,0,1,1,0,0,0,0,0,6,0,0,0,7)
     8 85:honeybe    90:wasp   +   1 (1,0,1,0,1,0,0,0,0,1,1,0,6,0,1,0,6)
     9 28:polecat 19:leopard   +   1 (1,0,0,1,0,0,1,1,1,1,0,0,4,1,0,1,1)
    10   100:worm    98:slug   +   1 (0,0,1,0,0,0,0,0,0,1,0,0,0,0,0,0,7)
     1    31:puma 19:leopard   +   1 (1,0,0,1,0,0,1,1,1,1,0,0,4,1,0,1,1)
     2    79:tuna    74:pike   +   1 (0,0,1,0,0,1,1,1,1,0,0,1,0,1,0,1,4)
     3 71:dogfish    74:pike   +   1 (0,0,1,0,0,1,1,1,1,0,0,1,0,1,0,1,4)
     4 56:skimmer    47:gull   +   1 (0,1,1,0,1,1,1,0,1,1,0,0,2,1,0,0,2)
     5 64:slowwor 66:tuatara   +   1 (0,0,1,0,0,0,1,1,1,1,0,0,0,1,0,0,3)
     6     7:cavy 17:hamster   +   1 (1,0,0,1,0,0,0,1,1,1,0,0,4,0,1,0,1)
     7    91:clam 99:starfis   +   1 (0,0,1,0,0,0,1,0,0,0,0,0,0,0,0,0,7)
     8 95:octopus 99:starfis   +   1 (0,0,1,0,0,1,1,0,0,0,0,0,8,0,0,1,7)
     9    83:flea 89:termite   +   1 (0,0,1,0,0,0,0,0,0,1,0,0,6,0,0,0,6)
    10 25:opossum    23:mole   +   1 (1,0,0,1,0,0,1,1,1,1,0,0,4,1,0,0,1)
     1    68:carp    77:sole   +   1 (0,0,1,0,0,1,0,1,1,0,0,1,0,1,1,0,4)
     2 17:hamster     6:calf   +   1 (1,0,0,1,0,0,0,1,1,1,0,0,4,1,1,0,1)
     3 66:tuatara 64:slowwor   +   1 (0,0,1,0,0,0,1,1,1,1,0,0,4,1,0,0,3)
     4    74:pike 71:dogfish   +   1 (0,0,1,0,0,1,1,1,1,0,0,1,0,1,0,1,4)
     5 27:platypu    22:mink   +   1 (1,0,1,1,0,1,1,0,1,1,0,0,4,1,0,1,1)
     6    88:moth 86:housefl   +   1 (1,0,1,0,1,0,0,0,0,1,0,0,6,0,0,0,6)
     7    55:rhea 51:ostrich   +   1 (0,1,1,0,0,0,1,0,1,1,0,0,2,1,0,1,2)
     8    49:kiwi    48:hawk   +   1 (0,1,1,0,0,0,1,0,1,1,0,0,2,1,0,0,2)
     9    57:skua    47:gull   +   1 (0,1,1,0,1,1,1,0,1,1,0,0,2,1,0,0,2)
    10    23:mole 25:opossum   +   1 (1,0,0,1,0,0,1,1,1,1,0,0,4,1,0,0,1)
     1    80:frog    82:toad   +   1 (0,0,1,0,0,1,1,1,1,1,0,0,4,0,0,0,5)
     2 53:penguin    55:rhea   +   1 (0,1,1,0,0,1,1,0,1,1,0,0,2,1,0,1,2)
     3    81:newt    82:toad   +   1 (0,0,1,0,0,1,1,1,1,1,0,0,4,1,0,0,5)
     4 65:tortois 51:ostrich   +   1 (0,0,1,0,0,0,0,0,1,1,0,0,4,1,0,1,3)
     5    20:lion 19:leopard   +   1 (1,0,0,1,0,0,1,1,1,1,0,0,4,1,0,1,1)
     6 1:aardvark     3:bear   +   1 (1,0,0,1,0,0,1,1,1,1,0,0,4,0,0,1,1)
     7    22:mink 19:leopard   +   1 (1,0,0,1,0,1,1,1,1,1,0,0,4,1,0,1,1)
     8  8:cheetah 19:leopard   +   1 (1,0,0,1,0,0,1,1,1,1,0,0,4,1,0,1,1)
     9 38:vampire 12:fruitba   +   1 (1,0,0,1,1,0,0,1,1,1,0,0,2,1,0,0,1)
    10 10:dolphin 30:porpois   +   1 (0,0,0,1,0,1,1,1,1,1,0,1,0,1,0,1,1)
     1    80:frog    80:frog       1 (0,0,1,0,0,1,1,1,1,1,1,0,4,0,0,0,5)
     2    67:bass 75:piranha   +   1 (0,0,1,0,0,1,1,1,1,0,0,1,0,1,0,0,4)
     3    43:crow    48:hawk   +   1 (0,1,1,0,1,0,1,0,1,1,0,0,2,1,0,0,2)
     4    15:goat 34:reindee   +   1 (1,0,0,1,0,0,0,1,1,1,0,0,4,1,1,1,1)
     5    47:gull    57:skua   +   1 (0,1,1,0,1,1,1,0,1,1,0,0,2,1,0,0,2)
     6    44:dove 52:parakee   +   1 (0,1,1,0,1,0,0,0,1,1,0,0,2,1,1,0,2)
     7 72:haddock    77:sole   +   1 (0,0,1,0,0,1,0,1,1,0,0,1,0,1,0,0,4)
     8    70:chub 75:piranha   +   1 (0,0,1,0,0,1,1,1,1,0,0,1,0,1,0,0,4)
     9    50:lark    61:wren   +   1 (0,1,1,0,1,0,0,0,1,1,0,0,2,1,0,0,2)
    10 89:termite    83:flea   +   1 (0,0,1,0,0,0,0,0,0,1,0,0,6,0,0,0,6)

