

=== Predictions under cross-validation ===

 inst#     actual  predicted error prediction (Hair,Feathers,Eggs,Milk,Airborne,Aquatic,Predator,Toothed,Backbone,Breathes,Venomous,Fins,Legs,Tail,Domestic,Catsize,Type)
     1    84:gnat    83:flea   +   0.146 (0,0,1,0,1,0,0,0,0,1,0,0,6,0,0,0,6)
     2     4:boar  8:cheetah   +   0.061 (1,0,0,1,0,0,1,1,1,1,0,0,4,1,0,1,1)
     3    82:toad    80:frog   +   0.742 (0,0,1,0,0,1,0,1,1,1,0,0,4,0,0,0,5)
     4    26:oryx 2:antelope   +   0.071 (1,0,0,1,0,0,0,1,1,1,0,0,4,1,0,1,1)
     5    39:vole    18:hare   +   0.1 (1,0,0,1,0,0,0,1,1,1,0,0,4,1,0,0,1)
     6 13:giraffe 2:antelope   +   0.071 (1,0,0,1,0,0,0,1,1,1,0,0,4,1,0,1,1)
     7    29:pony     6:calf   +   0.097 (1,0,0,1,0,0,0,1,1,1,0,0,4,1,1,1,1)
     8 51:ostrich 46:flaming   +   0.113 (0,1,1,0,0,0,0,0,1,1,0,0,2,1,0,1,2)
     9    35:seal 10:dolphin   +   0.105 (1,0,0,1,0,1,1,1,1,1,0,1,0,0,0,1,1)
    10    77:sole 72:haddock   +   0.16 (0,0,1,0,0,1,0,1,1,0,0,1,0,1,0,0,4)
    11    90:wasp 85:honeybe   +   0.234 (1,0,1,0,1,0,0,0,0,1,1,0,6,0,0,0,6)
     1 94:lobster 93:crayfis   +   0.308 (0,0,1,0,0,1,1,0,0,0,0,0,6,0,0,0,7)
     2    21:lynx     4:boar   +   0.062 (1,0,0,1,0,0,1,1,1,1,0,0,4,1,0,1,1)
     3 33:raccoon     4:boar   +   0.062 (1,0,0,1,0,0,1,1,1,1,0,0,4,1,0,1,1)
     4    48:hawk    43:crow   +   0.133 (0,1,1,0,1,0,1,0,1,1,0,0,2,1,0,0,2)
     5 16:gorilla 40:wallaby   +   0.098 (1,0,0,1,0,0,0,1,1,1,0,0,2,0,0,1,1)
     6 97:seawasp    91:clam   +   0.148 (0,0,1,0,0,1,1,0,0,0,1,0,0,0,0,0,7)
     7 42:chicken    44:dove   +   0.168 (0,1,1,0,1,0,0,0,1,1,0,0,2,1,1,0,2)
     8 37:squirre 12:fruitba   +   0.079 (1,0,0,1,0,0,0,1,1,1,0,0,2,1,0,0,1)
     9     9:deer 2:antelope   +   0.069 (1,0,0,1,0,0,0,1,1,1,0,0,4,1,0,1,1)
    10    18:hare    39:vole   +   0.101 (1,0,0,1,0,0,0,1,1,1,0,0,4,1,0,0,1)
     1 69:catfish    67:bass   +   0.123 (0,0,1,0,0,1,1,1,1,0,0,1,0,1,0,0,4)
     2    61:wren    50:lark   +   0.137 (0,1,1,0,1,0,0,0,1,1,0,0,2,1,0,0,2)
     3    45:duck    47:gull   +   0.094 (0,1,1,0,1,1,0,0,1,1,0,0,2,1,0,0,2)
     4 54:pheasan    50:lark   +   0.137 (0,1,1,0,1,0,0,0,1,1,0,0,2,1,0,0,2)
     5     6:calf    15:goat   +   0.087 (1,0,0,1,0,0,0,1,1,1,0,0,4,1,1,1,1)
     6 30:porpois 10:dolphin   +   0.302 (0,0,0,1,0,1,1,1,1,1,0,1,0,1,0,1,1)
     7 12:fruitba 38:vampire   +   0.22 (1,0,0,1,1,0,0,1,1,1,0,0,2,1,0,0,1)
     8 40:wallaby 2:antelope   +   0.053 (1,0,0,1,0,0,0,1,1,1,0,0,2,1,0,1,1)
     9 99:starfis    92:crab   +   0.176 (0,0,1,0,0,1,1,0,0,0,0,0,5,0,0,0,7)
    10 86:housefl    88:moth   +   0.292 (1,0,1,0,1,0,0,0,0,1,0,0,6,0,0,0,6)
     1 11:elephan 2:antelope   +   0.063 (1,0,0,1,0,0,0,1,1,1,0,0,4,1,0,1,1)
     2 32:pussyca     4:boar   +   0.048 (1,0,0,1,0,0,1,1,1,1,0,0,4,1,1,1,1)
     3 19:leopard     4:boar   +   0.059 (1,0,0,1,0,0,1,1,1,1,0,0,4,1,0,1,1)
     4 96:scorpio 62:pitvipe   +   0.054 (0,0,0,0,0,0,1,0,0,1,1,0,8,1,0,0,7)
     5 52:parakee 42:chicken   +   0.168 (0,1,1,0,1,0,0,0,1,1,0,0,2,1,1,0,2)
     6    59:swan    45:duck   +   0.12 (0,1,1,0,1,1,0,0,1,1,0,0,2,1,0,1,2)
     7 36:sealion 10:dolphin   +   0.071 (1,0,0,1,0,1,1,1,1,1,0,1,2,1,0,1,1)
     8 75:piranha    67:bass   +   0.123 (0,0,1,0,0,1,1,1,1,0,0,1,0,1,0,0,4)
     9 87:ladybir    84:gnat   +   0.202 (0,0,1,0,1,0,1,0,0,1,0,0,6,0,0,0,6)
    10 60:vulture    43:crow   +   0.097 (0,1,1,0,1,0,1,0,1,1,0,0,2,1,0,1,2)
     1 2:antelope  5:buffalo   +   0.066 (1,0,0,1,0,0,0,1,1,1,0,0,4,1,0,1,1)
     2    92:crab 93:crayfis   +   0.171 (0,0,1,0,0,1,1,0,0,0,0,0,4,0,0,0,7)
     3    98:slug   100:worm   +   0.35 (0,0,1,0,0,0,0,0,0,1,0,0,0,0,0,0,7)
     4     3:bear 1:aardvark   +   0.109 (1,0,0,1,0,0,1,1,1,1,0,0,4,0,0,1,1)
     5 73:herring    67:bass   +   0.132 (0,0,1,0,0,1,1,1,1,0,0,1,0,1,0,0,4)
     6 24:mongoos     4:boar   +   0.063 (1,0,0,1,0,0,1,1,1,1,0,0,4,1,0,1,1)
     7    41:wolf     4:boar   +   0.063 (1,0,0,1,0,0,1,1,1,1,0,0,4,1,0,1,1)
     8 76:seahors 72:haddock   +   0.173 (0,0,1,0,0,1,0,1,1,0,0,1,0,1,0,0,4)
     9 62:pitvipe 64:slowwor   +   0.266 (0,0,1,0,0,0,1,1,1,1,1,0,0,1,0,0,3)
    10    14:girl 1:aardvark   +   0.071 (1,0,0,1,0,0,1,1,1,1,0,0,2,0,1,1,1)
     1  5:buffalo 2:antelope   +   0.064 (1,0,0,1,0,0,0,1,1,1,0,0,4,1,0,1,1)
     2 58:sparrow    50:lark   +   0.12 (0,1,1,0,1,0,0,0,1,1,0,0,2,1,0,0,2)
     3 46:flaming    50:lark   +   0.088 (0,1,1,0,1,0,0,0,1,1,0,0,2,1,0,1,2)
     4 63:seasnak 62:pitvipe   +   0.113 (0,0,0,0,0,1,1,1,1,0,1,0,0,1,0,0,3)
     5 34:reindee     6:calf   +   0.09 (1,0,0,1,0,0,0,1,1,1,0,0,4,1,1,1,1)
     6 78:stingra 71:dogfish   +   0.143 (0,0,1,0,0,1,1,1,1,0,1,1,0,1,0,1,4)
     7 93:crayfis 94:lobster   +   0.292 (0,0,1,0,0,1,1,0,0,0,0,0,6,0,0,0,7)
     8 85:honeybe    90:wasp   +   0.343 (1,0,1,0,1,0,0,0,0,1,1,0,6,0,1,0,6)
     9 28:polecat     4:boar   +   0.058 (1,0,0,1,0,0,1,1,1,1,0,0,4,1,0,1,1)
    10   100:worm    98:slug   +   0.351 (0,0,1,0,0,0,0,0,0,1,0,0,0,0,0,0,7)
     1    31:puma     4:boar   +   0.057 (1,0,0,1,0,0,1,1,1,1,0,0,4,1,0,1,1)
     2    79:tuna    74:pike   +   0.186 (0,0,1,0,0,1,1,1,1,0,0,1,0,1,0,1,4)
     3 71:dogfish    74:pike   +   0.186 (0,0,1,0,0,1,1,1,1,0,0,1,0,1,0,1,4)
     4 56:skimmer    47:gull   +   0.154 (0,1,1,0,1,1,1,0,1,1,0,0,2,1,0,0,2)
     5 64:slowwor 62:pitvipe   +   0.178 (0,0,1,0,0,0,1,1,1,1,0,0,0,1,0,0,3)
     6     7:cavy 17:hamster   +   0.11 (1,0,0,1,0,0,0,1,1,1,0,0,4,0,1,0,1)
     7    91:clam    92:crab   +   0.108 (0,0,1,0,0,0,1,0,0,0,0,0,0,0,0,0,7)
     8 95:octopus    92:crab   +   0.167 (0,0,1,0,0,1,1,0,0,0,0,0,8,0,0,1,7)
     9    83:flea 89:termite   +   0.282 (0,0,1,0,0,0,0,0,0,1,0,0,6,0,0,0,6)
    10 25:opossum    23:mole   +   0.091 (1,0,0,1,0,0,1,1,1,1,0,0,4,1,0,0,1)
     1    68:carp 72:haddock   +   0.152 (0,0,1,0,0,1,0,1,1,0,0,1,0,1,1,0,4)
     2 17:hamster     6:calf   +   0.064 (1,0,0,1,0,0,0,1,1,1,0,0,4,1,1,0,1)
     3 66:tuatara 64:slowwor   +   0.168 (0,0,1,0,0,0,1,1,1,1,0,0,4,1,0,0,3)
     4    74:pike 71:dogfish   +   0.16 (0,0,1,0,0,1,1,1,1,0,0,1,0,1,0,1,4)
     5 27:platypu    22:mink   +   0.087 (1,0,1,1,0,1,1,0,1,1,0,0,4,1,0,1,1)
     6    88:moth 86:housefl   +   0.289 (1,0,1,0,1,0,0,0,0,1,0,0,6,0,0,0,6)
     7    55:rhea 51:ostrich   +   0.13 (0,1,1,0,0,0,1,0,1,1,0,0,2,1,0,1,2)
     8    49:kiwi    43:crow   +   0.112 (0,1,1,0,0,0,1,0,1,1,0,0,2,1,0,0,2)
     9    57:skua    47:gull   +   0.164 (0,1,1,0,1,1,1,0,1,1,0,0,2,1,0,0,2)
    10    23:mole 25:opossum   +   0.089 (1,0,0,1,0,0,1,1,1,1,0,0,4,1,0,0,1)
     1    80:frog    80:frog       0.23 (0,0,1,0,0,1,1,1,1,1,0,0,4,0,0,0,5)
     2 53:penguin    55:rhea   +   0.144 (0,1,1,0,0,1,1,0,1,1,0,0,2,1,0,1,2)
     3    81:newt 66:tuatara   +   0.108 (0,0,1,0,0,1,1,1,1,1,0,0,4,1,0,0,5)
     4 65:tortois 51:ostrich   +   0.074 (0,0,1,0,0,0,0,0,1,1,0,0,4,1,0,1,3)
     5    20:lion     4:boar   +   0.063 (1,0,0,1,0,0,1,1,1,1,0,0,4,1,0,1,1)
     6 1:aardvark     3:bear   +   0.107 (1,0,0,1,0,0,1,1,1,1,0,0,4,0,0,1,1)
     7    22:mink     4:boar   +   0.058 (1,0,0,1,0,1,1,1,1,1,0,0,4,1,0,1,1)
     8  8:cheetah     4:boar   +   0.063 (1,0,0,1,0,0,1,1,1,1,0,0,4,1,0,1,1)
     9 38:vampire 12:fruitba   +   0.212 (1,0,0,1,1,0,0,1,1,1,0,0,2,1,0,0,1)
    10 10:dolphin 30:porpois   +   0.325 (0,0,0,1,0,1,1,1,1,1,0,1,0,1,0,1,1)
     1    80:frog    80:frog       0.295 (0,0,1,0,0,1,1,1,1,1,1,0,4,0,0,0,5)
     2    67:bass 69:catfish   +   0.151 (0,0,1,0,0,1,1,1,1,0,0,1,0,1,0,0,4)
     3    43:crow    48:hawk   +   0.154 (0,1,1,0,1,0,1,0,1,1,0,0,2,1,0,0,2)
     4    15:goat     6:calf   +   0.085 (1,0,0,1,0,0,0,1,1,1,0,0,4,1,1,1,1)
     5    47:gull 56:skimmer   +   0.178 (0,1,1,0,1,1,1,0,1,1,0,0,2,1,0,0,2)
     6    44:dove 42:chicken   +   0.188 (0,1,1,0,1,0,0,0,1,1,0,0,2,1,1,0,2)
     7 72:haddock 76:seahors   +   0.189 (0,0,1,0,0,1,0,1,1,0,0,1,0,1,0,0,4)
     8    70:chub 69:catfish   +   0.151 (0,0,1,0,0,1,1,1,1,0,0,1,0,1,0,0,4)
     9    50:lark 54:pheasan   +   0.132 (0,1,1,0,1,0,0,0,1,1,0,0,2,1,0,0,2)
    10 89:termite    83:flea   +   0.277 (0,0,1,0,0,0,0,0,0,1,0,0,6,0,0,0,6)

