

=== Predictions under cross-validation ===

 inst#     actual  predicted error prediction (Wifes_age,Wifes_education,Husbands_education,Number_of_children_ever_born,Wifes_religion,Wifes_now_working?,Husbands_occupation,Standard-of-living_index,Media_exposure)
     1        1:1        1:1       0.561 (26,2,3,1,1,0,3,4,1)
     2        1:1        1:1       0.948 (22,4,4,0,1,1,2,1,1)
     3        1:1        3:3   +   0.478 (28,2,4,1,1,0,3,4,0)
     4        1:1        3:3   +   0.679 (28,3,4,3,1,1,2,1,0)
     5        1:1        3:3   +   0.581 (32,2,2,1,1,1,2,1,0)
     6        1:1        3:3   +   0.668 (29,3,4,2,1,1,3,4,0)
     7        1:1        3:3   +   0.563 (43,2,3,3,0,1,2,3,0)
     8        1:1        1:1       0.998 (49,1,3,0,1,1,3,3,1)
     9        1:1        3:3   +   0.744 (32,2,3,1,1,1,3,3,0)
    10        1:1        1:1       0.999 (45,1,1,0,0,0,2,1,0)
    11        1:1        3:3   +   0.821 (26,2,3,3,1,1,3,4,0)
    12        1:1        2:2   +   0.704 (46,4,4,6,1,1,1,4,0)
    13        1:1        1:1       0.529 (36,2,1,6,1,1,2,3,0)
    14        1:1        1:1       0.868 (23,4,4,0,0,1,2,4,0)
    15        1:1        3:3   +   0.516 (38,2,4,5,0,1,2,2,0)
    16        1:1        3:3   +   0.737 (32,2,2,2,1,1,2,4,0)
    17        1:1        2:2   +   0.803 (37,4,4,2,0,1,1,4,0)
    18        1:1        2:2   +   0.811 (33,4,4,2,0,1,1,4,0)
    19        1:1        2:2   +   0.523 (31,3,4,3,0,0,2,4,0)
    20        1:1        2:2   +   0.606 (34,3,4,4,1,1,1,3,0)
    21        1:1        3:3   +   0.459 (43,3,3,4,1,1,2,4,0)
    22        1:1        1:1       0.609 (27,1,2,4,1,1,1,4,1)
    23        1:1        3:3   +   0.489 (33,4,4,5,1,1,3,4,0)
    24        1:1        3:3   +   0.643 (34,3,3,6,1,1,2,3,0)
    25        1:1        1:1       0.897 (20,4,4,0,0,0,2,4,0)
    26        1:1        2:2   +   0.404 (42,3,3,3,1,0,2,4,0)
    27        1:1        2:2   +   0.638 (40,4,4,3,0,1,3,4,0)
    28        1:1        1:1       0.561 (47,3,2,5,1,1,4,4,0)
    29        1:1        2:2   +   0.464 (31,3,4,2,1,1,1,4,0)
    30        1:1        1:1       0.499 (45,2,3,4,1,0,2,4,0)
    31        1:1        3:3   +   0.771 (22,3,3,2,1,1,2,4,0)
    32        1:1        1:1       0.907 (29,4,2,0,1,0,2,2,0)
    33        1:1        1:1       0.936 (47,1,2,2,1,1,2,3,1)
    34        1:1        1:1       0.598 (21,1,2,1,1,0,3,4,0)
    35        2:2        2:2       0.824 (45,4,4,3,1,1,1,4,0)
    36        2:2        2:2       0.58 (36,3,4,3,0,0,3,4,0)
    37        2:2        3:3   +   0.683 (26,3,4,2,1,1,3,3,0)
    38        2:2        2:2       0.824 (45,4,4,3,1,1,1,4,0)
    39        2:2        2:2       0.612 (29,4,4,2,1,0,1,3,0)
    40        2:2        2:2       0.899 (44,4,4,5,1,1,1,4,0)
    41        2:2        2:2       0.851 (46,4,4,3,0,0,1,4,0)
    42        2:2        2:2       0.627 (38,4,4,4,1,1,2,4,0)
    43        2:2        2:2       0.725 (37,4,4,4,0,1,2,4,0)
    44        2:2        2:2       0.775 (38,4,4,6,1,1,1,4,0)
    45        2:2        2:2       0.794 (36,4,4,4,0,1,2,4,0)
    46        2:2        2:2       0.611 (44,4,4,7,1,1,3,2,0)
    47        2:2        3:3   +   0.496 (23,4,4,1,1,1,3,3,0)
    48        2:2        1:1   +   0.99 (47,1,1,8,1,1,3,4,1)
    49        2:2        3:3   +   0.805 (33,2,2,3,1,1,2,3,0)
    50        2:2        2:2       0.477 (34,4,4,4,1,1,3,3,0)
    51        2:2        3:3   +   0.807 (22,3,3,2,1,1,3,3,0)
    52        2:2        1:1   +   0.702 (36,2,1,6,1,1,2,1,0)
    53        2:2        2:2       0.523 (34,4,4,6,1,1,3,4,0)
    54        2:2        2:2       0.711 (37,4,4,3,1,1,1,4,0)
    55        2:2        2:2       0.634 (34,4,4,4,1,1,2,4,0)
    56        2:2        1:1   +   0.736 (38,2,2,8,1,1,2,2,0)
    57        2:2        2:2       0.859 (48,4,4,7,1,0,1,4,0)
    58        2:2        3:3   +   0.58 (27,3,3,1,1,0,3,4,0)
    59        2:2        2:2       0.782 (36,4,4,3,1,1,1,4,0)
    60        2:2        2:2       0.76 (47,4,4,4,0,1,2,4,0)
    61        2:2        3:3   +   0.445 (24,4,4,2,1,1,2,4,0)
    62        2:2        2:2       0.45 (21,4,4,1,1,1,1,4,0)
    63        2:2        3:3   +   0.633 (33,2,2,6,1,0,3,4,0)
    64        2:2        3:3   +   0.77 (26,3,3,2,1,1,3,2,0)
    65        2:2        3:3   +   0.459 (23,4,4,1,1,1,3,4,0)
    66        2:2        3:3   +   0.613 (30,2,2,7,1,1,3,4,0)
    67        2:2        2:2       0.804 (40,4,4,4,1,1,1,4,0)
    68        3:3        3:3       0.74 (24,2,3,5,1,1,3,3,0)
    69        3:3        3:3       0.627 (24,3,4,4,1,1,3,1,0)
    70        3:3        3:3       0.585 (26,4,4,1,1,1,3,3,0)
    71        3:3        2:2   +   0.49 (26,4,4,4,1,1,3,4,0)
    72        3:3        3:3       0.765 (22,3,3,2,1,1,3,1,0)
    73        3:3        3:3       0.741 (33,2,4,3,1,1,3,4,0)
    74        3:3        3:3       0.572 (35,3,2,9,1,0,3,4,0)
    75        3:3        2:2   +   0.844 (35,4,4,4,1,1,1,4,0)
    76        3:3        2:2   +   0.776 (35,3,4,4,1,0,1,4,0)
    77        3:3        3:3       0.612 (24,3,4,2,1,1,3,3,0)
    78        3:3        3:3       0.575 (27,4,4,4,1,1,3,3,0)
    79        3:3        3:3       0.684 (24,3,3,2,1,1,3,3,0)
    80        3:3        2:2   +   0.854 (44,4,4,4,0,1,2,3,0)
    81        3:3        3:3       0.576 (29,2,4,4,1,0,2,4,0)
    82        3:3        2:2   +   0.686 (35,3,4,5,1,1,1,4,0)
    83        3:3        3:3       0.478 (24,2,4,2,1,1,1,4,0)
    84        3:3        3:3       0.534 (27,2,2,3,1,1,2,2,1)
    85        3:3        2:2   +   0.402 (23,4,4,2,1,0,2,4,0)
    86        3:3        3:3       0.717 (24,2,4,3,1,1,3,3,0)
    87        3:3        3:3       0.504 (28,4,4,4,1,1,3,4,0)
    88        3:3        3:3       0.563 (31,3,3,3,1,1,3,1,1)
    89        3:3        3:3       0.752 (29,1,3,5,1,1,3,3,0)
    90        3:3        2:2   +   0.801 (36,4,4,2,1,0,1,4,0)
    91        3:3        2:2   +   0.791 (36,4,4,3,0,0,2,4,0)
    92        3:3        2:2   +   0.557 (30,4,4,2,1,1,1,4,0)
    93        3:3        2:2   +   0.745 (37,4,4,5,0,0,2,4,0)
    94        3:3        3:3       0.508 (28,4,4,4,1,1,2,3,0)
    95        3:3        3:3       0.806 (29,2,3,3,1,0,3,2,0)
    96        3:3        2:2   +   0.695 (35,4,4,3,0,1,3,4,0)
    97        3:3        2:2   +   0.907 (36,4,4,4,0,1,1,4,0)
    98        3:3        2:2   +   0.782 (36,4,4,3,1,1,1,4,0)
    99        3:3        2:2   +   0.81 (43,4,4,3,1,1,1,4,0)
   100        3:3        2:2   +   0.56 (29,3,4,4,1,0,1,3,0)
   101        3:3        2:2   +   0.81 (43,4,4,3,1,1,1,4,0)
   102        3:3        3:3       0.47 (24,4,4,1,1,1,2,3,0)
   103        3:3        2:2   +   0.675 (36,4,4,3,0,1,3,4,0)
   104        3:3        3:3       0.705 (29,3,4,5,1,1,3,3,0)
   105        3:3        3:3       0.64 (27,2,4,1,1,1,3,3,0)
   106        3:3        3:3       0.781 (29,3,4,3,1,1,3,2,0)
   107        3:3        3:3       0.581 (30,4,4,1,1,0,3,2,0)
   108        3:3        3:3       0.739 (21,3,4,2,1,1,3,3,0)
   109        3:3        2:2   +   0.725 (35,3,4,4,1,1,1,4,0)
   110        3:3        3:3       0.605 (26,2,4,3,1,1,1,3,0)
   111        3:3        3:3       0.708 (30,3,4,3,1,1,2,3,0)
   112        3:3        3:3       0.788 (26,2,3,2,1,1,3,3,0)
   113        3:3        3:3       0.539 (23,4,3,2,1,0,2,3,0)
   114        3:3        3:3       0.643 (21,3,3,1,1,1,3,1,0)
   115        3:3        3:3       0.678 (34,2,4,4,1,1,3,3,0)
   116        3:3        3:3       0.668 (21,3,3,1,0,1,3,2,0)
   117        3:3        3:3       0.524 (25,3,4,2,1,0,2,4,0)
   118        3:3        3:3       0.514 (26,3,4,4,1,1,2,4,0)
     1        1:1        2:2   +   0.582 (28,4,4,5,1,1,1,4,0)
     2        1:1        2:2   +   0.568 (39,3,4,3,1,1,1,4,0)
     3        1:1        1:1       0.344 (48,3,4,11,1,1,1,4,0)
     4        1:1        1:1       0.569 (44,1,2,2,1,1,3,1,0)
     5        1:1        1:1       0.852 (38,2,2,10,1,1,3,2,0)
     6        1:1        1:1       0.931 (25,2,3,0,1,1,2,4,0)
     7        1:1        3:3   +   0.552 (30,2,3,1,1,1,2,1,0)
     8        1:1        3:3   +   0.723 (26,2,4,3,1,1,3,4,0)
     9        1:1        1:1       0.929 (45,3,4,0,1,1,1,3,0)
    10        1:1        1:1       0.933 (20,3,4,0,1,1,3,3,0)
    11        1:1        3:3   +   0.588 (26,2,3,1,1,0,4,4,0)
    12        1:1        1:1       0.811 (19,4,4,0,0,1,3,4,0)
    13        1:1        1:1       0.912 (21,2,4,0,1,1,2,2,0)
    14        1:1        1:1       0.989 (49,1,2,8,1,1,3,1,1)
    15        1:1        1:1       0.986 (22,2,1,0,1,1,2,2,0)
    16        1:1        1:1       0.71 (39,2,2,5,1,0,3,2,1)
    17        1:1        1:1       0.488 (49,3,4,6,1,1,1,4,0)
    18        1:1        3:3   +   0.554 (30,1,3,1,1,1,3,4,0)
    19        1:1        1:1       0.481 (44,1,3,4,1,1,3,3,1)
    20        1:1        3:3   +   0.594 (25,3,3,1,1,1,3,4,0)
    21        1:1        2:2   +   0.771 (48,4,4,1,0,1,1,4,0)
    22        1:1        1:1       0.897 (27,3,4,0,1,0,3,3,0)
    23        1:1        2:2   +   0.73 (24,4,4,4,1,1,1,4,0)
    24        1:1        3:3   +   0.582 (34,1,3,4,1,0,3,4,0)
    25        1:1        1:1       0.852 (38,1,2,12,1,1,2,3,0)
    26        1:1        1:1       0.828 (46,1,2,3,1,1,2,1,1)
    27        1:1        1:1       0.595 (45,2,3,11,1,1,2,3,0)
    28        1:1        2:2   +   0.698 (43,4,4,6,1,1,1,3,0)
    29        1:1        2:2   +   0.665 (47,4,4,1,1,1,1,4,0)
    30        1:1        1:1       0.897 (47,2,3,12,1,1,3,1,0)
    31        1:1        3:3   +   0.563 (19,4,4,1,1,1,1,3,0)
    32        1:1        3:3   +   0.643 (35,3,3,2,1,0,2,2,0)
    33        1:1        3:3   +   0.5 (31,3,3,1,1,0,3,4,0)
    34        1:1        1:1       0.851 (40,1,1,2,1,0,3,4,0)
    35        2:2        3:3   +   0.561 (36,4,4,3,1,1,3,3,0)
    36        2:2        1:1   +   0.636 (47,3,4,11,1,0,2,3,0)
    37        2:2        1:1   +   0.659 (26,1,1,2,1,1,3,4,0)
    38        2:2        3:3   +   0.705 (27,3,3,2,1,1,3,4,0)
    39        2:2        2:2       0.74 (40,4,4,3,1,1,1,4,0)
    40        2:2        3:3   +   0.542 (21,2,2,1,1,1,3,2,0)
    41        2:2        2:2       0.823 (38,4,4,3,1,0,1,4,0)
    42        2:2        3:3   +   0.629 (21,4,4,1,1,1,2,1,0)
    43        2:2        3:3   +   0.51 (21,4,4,1,1,1,1,4,0)
    44        2:2        1:1   +   0.662 (32,2,1,5,1,0,2,2,0)
    45        2:2        3:3   +   0.363 (43,3,4,2,1,0,2,4,0)
    46        2:2        3:3   +   0.583 (35,2,2,6,1,1,3,4,0)
    47        2:2        3:3   +   0.453 (44,3,4,6,1,1,3,2,0)
    48        2:2        2:2       0.677 (48,4,4,6,0,1,2,4,0)
    49        2:2        3:3   +   0.472 (32,4,4,3,0,1,3,3,0)
    50        2:2        2:2       0.871 (39,4,4,3,0,0,1,4,0)
    51        2:2        1:1   +   0.504 (49,3,4,4,1,1,3,4,0)
    52        2:2        2:2       0.56 (39,4,4,5,1,1,2,4,0)
    53        2:2        1:1   +   0.627 (49,3,3,11,1,1,1,4,0)
    54        2:2        3:3   +   0.53 (30,3,4,2,1,1,1,4,0)
    55        2:2        2:2       0.692 (39,4,4,3,0,1,2,4,0)
    56        2:2        2:2       0.583 (26,4,4,1,1,0,1,3,0)
    57        2:2        2:2       0.463 (48,4,3,7,1,0,2,4,0)
    58        2:2        2:2       0.835 (42,4,4,6,1,1,1,3,0)
    59        2:2        1:1   +   0.733 (28,2,1,2,1,0,3,3,0)
    60        2:2        2:2       0.888 (44,4,4,3,1,0,1,4,0)
    61        2:2        3:3   +   0.48 (36,3,4,7,1,1,2,2,0)
    62        2:2        3:3   +   0.53 (22,4,4,1,1,1,1,3,0)
    63        2:2        1:1   +   0.645 (18,3,4,1,1,1,3,4,0)
    64        2:2        3:3   +   0.739 (33,3,3,5,1,1,3,4,0)
    65        2:2        3:3   +   0.548 (25,4,4,2,1,1,2,4,0)
    66        2:2        2:2       0.744 (44,4,4,4,1,0,2,3,0)
    67        2:2        2:2       0.848 (39,4,4,3,0,1,1,4,0)
    68        3:3        2:2   +   0.594 (30,4,4,3,0,0,2,4,0)
    69        3:3        3:3       0.594 (25,2,4,2,1,1,2,4,0)
    70        3:3        3:3       0.712 (29,2,4,2,1,1,3,2,0)
    71        3:3        3:3       0.67 (22,4,4,1,1,1,3,3,0)
    72        3:3        3:3       0.665 (30,2,2,2,1,1,3,2,0)
    73        3:3        3:3       0.547 (27,4,4,2,1,1,3,4,0)
    74        3:3        3:3       0.494 (21,4,4,1,0,1,2,4,0)
    75        3:3        3:3       0.65 (27,2,4,4,1,1,3,4,0)
    76        3:3        1:1   +   0.499 (25,2,2,1,1,1,3,3,0)
    77        3:3        2:2   +   0.602 (26,4,4,1,0,0,2,4,0)
    78        3:3        3:3       0.576 (27,3,3,1,1,0,3,3,0)
    79        3:3        3:3       0.747 (27,3,3,3,1,1,2,3,0)
    80        3:3        3:3       0.628 (21,3,3,1,1,1,2,2,0)
    81        3:3        3:3       0.778 (32,2,3,4,1,1,3,2,0)
    82        3:3        3:3       0.779 (30,3,3,3,1,0,3,2,0)
    83        3:3        3:3       0.665 (24,3,3,3,1,0,2,1,0)
    84        3:3        3:3       0.553 (34,2,4,6,1,1,3,3,0)
    85        3:3        1:1   +   0.463 (42,2,4,6,1,1,2,4,0)
    86        3:3        3:3       0.633 (32,4,3,3,1,1,2,4,0)
    87        3:3        2:2   +   0.655 (32,4,4,4,1,1,1,3,0)
    88        3:3        3:3       0.552 (24,3,4,1,1,1,3,4,0)
    89        3:3        3:3       0.548 (25,4,4,2,1,1,2,4,0)
    90        3:3        3:3       0.673 (27,3,4,4,1,1,3,3,0)
    91        3:3        3:3       0.54 (26,4,4,3,1,1,3,4,0)
    92        3:3        1:1   +   0.672 (20,2,3,1,1,1,2,1,0)
    93        3:3        2:2   +   0.578 (37,4,4,6,1,0,3,4,0)
    94        3:3        3:3       0.475 (38,3,3,2,0,1,3,4,0)
    95        3:3        1:1   +   0.675 (22,1,2,3,1,1,3,1,1)
    96        3:3        2:2   +   0.631 (37,4,4,3,0,1,3,4,0)
    97        3:3        3:3       0.71 (22,2,2,3,1,0,3,3,0)
    98        3:3        1:1   +   0.542 (29,1,2,1,1,1,3,3,0)
    99        3:3        3:3       0.681 (31,3,4,5,1,1,3,1,0)
   100        3:3        3:3       0.547 (35,2,4,6,1,1,3,4,0)
   101        3:3        2:2   +   0.553 (30,4,4,1,1,1,1,4,0)
   102        3:3        3:3       0.606 (29,3,4,5,1,1,1,2,0)
   103        3:3        2:2   +   0.472 (24,3,4,3,1,1,1,4,0)
   104        3:3        2:2   +   0.452 (26,4,4,1,1,0,2,4,0)
   105        3:3        3:3       0.723 (26,2,4,3,1,1,3,4,0)
   106        3:3        3:3       0.766 (29,2,4,3,1,1,3,3,0)
   107        3:3        3:3       0.667 (22,3,4,1,1,1,3,3,0)
   108        3:3        3:3       0.751 (25,4,3,2,1,1,3,3,0)
   109        3:3        2:2   +   0.556 (34,4,3,3,0,1,2,4,0)
   110        3:3        3:3       0.742 (29,2,4,4,1,1,3,2,0)
   111        3:3        3:3       0.739 (25,2,4,3,1,1,3,2,0)
   112        3:3        3:3       0.632 (27,2,2,5,1,1,3,1,0)
   113        3:3        1:1   +   0.432 (39,4,3,1,1,0,2,2,0)
   114        3:3        3:3       0.455 (28,4,4,1,1,1,2,4,0)
   115        3:3        3:3       0.717 (29,2,3,5,1,1,2,4,0)
   116        3:3        3:3       0.591 (21,3,4,1,1,0,3,4,0)
   117        3:3        3:3       0.768 (30,3,4,3,1,1,3,3,0)
   118        3:3        1:1   +   0.785 (20,2,2,2,1,1,3,2,1)
     1        1:1        3:3   +   0.611 (25,3,3,1,1,1,2,2,0)
     2        1:1        3:3   +   0.609 (25,2,2,2,1,1,3,1,0)
     3        1:1        3:3   +   0.537 (16,3,4,1,1,1,3,3,0)
     4        1:1        3:3   +   0.593 (24,3,4,1,1,0,3,3,0)
     5        1:1        3:3   +   0.561 (29,3,4,2,1,1,1,3,0)
     6        1:1        3:3   +   0.422 (23,4,4,1,1,0,3,3,0)
     7        1:1        3:3   +   0.509 (26,1,3,1,1,1,3,1,0)
     8        1:1        1:1       0.873 (22,4,4,0,1,0,2,4,0)
     9        1:1        1:1       0.892 (29,2,4,0,1,0,3,4,0)
    10        1:1        3:3   +   0.489 (25,4,4,1,1,1,1,4,0)
    11        1:1        1:1       0.879 (37,3,4,0,1,1,3,4,0)
    12        1:1        3:3   +   0.668 (21,2,2,1,1,1,3,2,0)
    13        1:1        2:2   +   0.762 (35,4,4,3,1,1,1,4,0)
    14        1:1        1:1       0.831 (47,2,4,2,1,1,3,2,1)
    15        1:1        1:1       0.937 (29,3,2,0,1,1,2,2,0)
    16        1:1        3:3   +   0.807 (22,2,4,4,1,1,3,4,0)
    17        1:1        1:1       0.888 (21,2,3,0,1,1,3,4,0)
    18        1:1        2:2   +   0.63 (48,3,4,4,0,1,2,4,0)
    19        1:1        3:3   +   0.715 (27,3,3,4,1,1,2,4,0)
    20        1:1        3:3   +   0.639 (20,3,4,2,1,1,3,2,0)
    21        1:1        1:1       0.754 (18,3,2,1,1,1,3,1,0)
    22        1:1        2:2   +   0.678 (32,4,4,3,1,1,1,4,0)
    23        1:1        2:2   +   0.577 (49,3,4,9,1,1,1,4,0)
    24        1:1        1:1       0.57 (38,1,3,4,1,0,2,2,0)
    25        1:1        2:2   +   0.534 (28,4,4,1,0,1,1,3,0)
    26        1:1        1:1       0.489 (38,2,2,6,1,1,3,4,0)
    27        1:1        1:1       0.874 (25,4,4,0,0,1,2,4,0)
    28        1:1        2:2   +   0.873 (49,4,4,6,0,0,1,4,0)
    29        1:1        1:1       0.883 (43,1,2,1,1,1,3,4,1)
    30        1:1        1:1       0.941 (47,1,1,1,1,1,3,4,0)
    31        1:1        2:2   +   0.619 (49,4,4,4,1,1,3,4,0)
    32        1:1        3:3   +   0.639 (25,3,3,1,1,1,3,1,0)
    33        1:1        3:3   +   0.511 (35,2,3,8,1,1,3,2,0)
    34        1:1        2:2   +   0.72 (43,4,4,3,0,1,2,4,0)
    35        2:2        3:3   +   0.502 (24,4,4,1,0,1,2,3,0)
    36        2:2        2:2       0.53 (33,3,4,2,1,1,1,4,0)
    37        2:2        2:2       0.69 (32,4,4,2,1,0,1,4,0)
    38        2:2        3:3   +   0.45 (31,4,2,2,0,1,1,3,0)
    39        2:2        3:3   +   0.388 (23,4,4,1,1,1,1,2,0)
    40        2:2        3:3   +   0.587 (27,4,4,1,1,0,3,3,0)
    41        2:2        2:2       0.765 (33,4,4,4,1,1,1,4,0)
    42        2:2        2:2       0.58 (24,4,4,1,1,0,1,4,0)
    43        2:2        3:3   +   0.469 (37,4,4,5,1,1,3,4,0)
    44        2:2        2:2       0.842 (42,4,3,7,1,0,1,4,0)
    45        2:2        3:3   +   0.794 (35,3,3,4,1,1,3,2,0)
    46        2:2        3:3   +   0.547 (25,2,3,1,1,0,4,4,0)
    47        2:2        3:3   +   0.635 (19,4,4,1,1,1,2,3,0)
    48        2:2        2:2       0.681 (32,4,4,4,0,0,2,4,0)
    49        2:2        2:2       0.565 (35,4,4,5,1,1,2,4,0)
    50        2:2        2:2       0.643 (36,4,4,3,1,0,2,4,0)
    51        2:2        3:3   +   0.57 (25,2,4,3,1,1,1,4,1)
    52        2:2        3:3   +   0.767 (26,2,2,4,1,1,3,4,0)
    53        2:2        2:2       0.489 (32,4,4,4,1,1,2,4,0)
    54        2:2        3:3   +   0.377 (40,3,4,2,0,1,3,4,0)
    55        2:2        3:3   +   0.743 (25,3,4,3,1,1,2,3,0)
    56        2:2        2:2       0.81 (39,4,4,3,1,1,1,4,0)
    57        2:2        3:3   +   0.482 (29,4,4,1,1,0,2,4,0)
    58        2:2        2:2       0.501 (26,4,4,1,0,1,2,4,0)
    59        2:2        3:3   +   0.535 (44,2,4,4,1,1,3,3,0)
    60        2:2        3:3   +   0.475 (27,3,3,1,0,0,2,4,0)
    61        2:2        1:1   +   0.482 (40,2,3,6,1,1,1,2,0)
    62        2:2        3:3   +   0.661 (17,4,4,1,1,1,2,4,0)
    63        2:2        2:2       0.471 (45,3,3,5,0,1,1,3,0)
    64        2:2        1:1   +   0.566 (45,3,3,7,1,1,3,4,0)
    65        2:2        2:2       0.906 (36,4,4,4,0,0,1,4,0)
    66        2:2        2:2       0.465 (25,4,4,2,0,1,1,3,0)
    67        2:2        3:3   +   0.707 (35,2,4,4,0,1,3,2,0)
    68        3:3        1:1   +   0.49 (36,2,4,11,1,1,1,4,1)
    69        3:3        3:3       0.628 (26,3,3,2,1,0,2,2,0)
    70        3:3        3:3       0.816 (29,2,3,4,1,1,2,1,0)
    71        3:3        2:2   +   0.79 (37,4,4,6,1,1,1,4,0)
    72        3:3        1:1   +   0.553 (33,2,2,7,1,0,2,3,0)
    73        3:3        3:3       0.537 (35,4,3,2,0,1,3,4,0)
    74        3:3        3:3       0.566 (25,3,3,1,1,1,2,1,0)
    75        3:3        3:3       0.732 (27,2,2,5,1,1,3,3,0)
    76        3:3        2:2   +   0.839 (45,4,4,3,1,1,1,4,0)
    77        3:3        3:3       0.608 (19,4,4,1,1,1,2,4,0)
    78        3:3        2:2   +   0.359 (33,3,4,8,1,1,3,4,0)
    79        3:3        3:3       0.813 (29,3,3,2,1,1,3,2,0)
    80        3:3        3:3       0.538 (46,3,4,9,1,1,3,4,0)
    81        3:3        1:1   +   0.555 (23,3,3,1,1,1,2,2,0)
    82        3:3        3:3       0.794 (22,2,4,2,1,1,3,2,0)
    83        3:3        2:2   +   0.62 (40,3,4,3,1,0,1,4,0)
    84        3:3        3:3       0.525 (32,3,4,5,0,1,3,4,0)
    85        3:3        3:3       0.797 (29,3,3,4,1,1,3,4,0)
    86        3:3        3:3       0.744 (26,2,4,3,1,1,3,4,0)
    87        3:3        1:1   +   0.753 (39,1,2,2,1,0,2,4,0)
    88        3:3        2:2   +   0.762 (35,4,4,3,1,1,1,4,0)
    89        3:3        2:2   +   0.474 (25,4,4,3,1,1,1,4,0)
    90        3:3        1:1   +   0.484 (30,2,2,6,1,0,2,3,0)
    91        3:3        3:3       0.499 (26,3,4,2,1,1,1,3,0)
    92        3:3        2:2   +   0.716 (31,4,4,5,1,0,1,4,0)
    93        3:3        2:2   +   0.773 (35,4,4,2,1,0,1,4,0)
    94        3:3        3:3       0.806 (26,3,3,3,1,1,3,3,0)
    95        3:3        2:2   +   0.744 (33,4,4,5,1,1,1,4,0)
    96        3:3        3:3       0.704 (30,3,4,3,1,1,3,4,0)
    97        3:3        3:3       0.491 (23,4,3,1,1,1,2,2,0)
    98        3:3        3:3       0.621 (35,2,3,6,1,0,3,3,0)
    99        3:3        1:1   +   0.592 (23,3,2,2,1,0,3,2,0)
   100        3:3        3:3       0.668 (27,3,4,4,1,1,3,4,0)
   101        3:3        3:3       0.544 (27,3,4,2,1,1,1,3,0)
   102        3:3        2:2   +   0.719 (34,4,4,2,0,0,2,4,0)
   103        3:3        2:2   +   0.551 (38,4,4,2,1,1,3,4,0)
   104        3:3        1:1   +   0.458 (23,3,4,1,1,1,2,3,0)
   105        3:3        2:2   +   0.731 (32,4,4,3,1,0,1,4,0)
   106        3:3        2:2   +   0.494 (41,4,4,1,1,1,3,3,0)
   107        3:3        3:3       0.628 (24,1,2,3,1,1,3,2,0)
   108        3:3        3:3       0.548 (36,2,3,7,1,1,3,3,0)
   109        3:3        2:2   +   0.387 (38,3,4,7,1,1,3,2,0)
   110        3:3        1:1   +   0.958 (17,2,2,0,1,0,3,2,0)
   111        3:3        2:2   +   0.372 (48,3,4,3,1,1,2,3,0)
   112        3:3        3:3       0.583 (28,3,3,2,0,1,2,3,0)
   113        3:3        2:2   +   0.706 (29,4,4,3,1,0,1,4,0)
   114        3:3        1:1   +   0.652 (36,1,1,5,1,1,3,3,0)
   115        3:3        2:2   +   0.653 (41,3,3,7,0,1,2,4,0)
   116        3:3        1:1   +   0.45 (43,3,3,8,1,1,1,3,0)
   117        3:3        1:1   +   0.631 (21,1,3,1,1,1,3,3,1)
   118        3:3        3:3       0.647 (25,4,4,1,0,1,3,3,0)
     1        1:1        2:2   +   0.6 (26,4,4,2,1,1,1,3,0)
     2        1:1        3:3   +   0.716 (25,4,4,2,1,1,3,2,0)
     3        1:1        1:1       0.964 (49,1,2,5,1,0,2,2,1)
     4        1:1        3:3   +   0.496 (28,1,4,2,1,0,2,3,0)
     5        1:1        2:2   +   0.656 (27,4,4,3,1,1,1,4,0)
     6        1:1        1:1       0.521 (43,3,4,10,1,1,3,3,0)
     7        1:1        1:1       0.903 (25,3,3,0,1,1,3,4,0)
     8        1:1        1:1       0.847 (42,4,4,0,0,0,3,4,0)
     9        1:1        1:1       0.834 (32,3,4,0,1,1,3,4,0)
    10        1:1        3:3   +   0.662 (21,4,4,1,1,1,3,3,0)
    11        1:1        2:2   +   0.538 (45,3,4,3,0,1,3,4,0)
    12        1:1        1:1       0.904 (36,2,2,0,0,0,3,3,0)
    13        1:1        2:2   +   0.451 (28,4,4,2,1,1,1,3,0)
    14        1:1        1:1       0.474 (44,1,2,2,1,1,2,4,0)
    15        1:1        1:1       0.741 (22,2,2,1,1,1,3,1,1)
    16        1:1        3:3   +   0.7 (24,2,2,3,1,1,2,4,0)
    17        1:1        2:2   +   0.824 (44,4,4,3,1,0,1,4,1)
    18        1:1        3:3   +   0.513 (29,1,2,7,1,1,2,4,0)
    19        1:1        1:1       0.893 (21,3,3,0,1,1,2,2,0)
    20        1:1        3:3   +   0.775 (28,3,3,5,1,1,3,3,0)
    21        1:1        1:1       0.711 (47,2,3,5,1,1,1,1,0)
    22        1:1        3:3   +   0.474 (30,3,4,5,1,1,1,4,0)
    23        1:1        1:1       0.823 (31,4,4,0,0,0,2,4,0)
    24        1:1        3:3   +   0.476 (30,4,4,3,1,0,2,4,0)
    25        1:1        3:3   +   0.693 (25,2,3,2,1,1,3,2,0)
    26        1:1        3:3   +   0.605 (23,3,3,6,1,1,3,3,0)
    27        1:1        3:3   +   0.514 (26,3,4,1,0,1,2,2,0)
    28        1:1        3:3   +   0.497 (23,4,4,1,1,1,2,3,0)
    29        1:1        3:3   +   0.651 (23,2,2,2,1,1,3,3,0)
    30        1:1        3:3   +   0.448 (23,3,3,1,1,0,2,4,0)
    31        1:1        1:1       0.528 (23,3,4,4,1,1,3,1,1)
    32        1:1        1:1       0.854 (30,4,2,0,1,0,3,3,0)
    33        1:1        3:3   +   0.638 (33,2,2,3,0,0,2,4,0)
    34        1:1        3:3   +   0.598 (34,2,3,7,1,0,3,3,0)
    35        2:2        2:2       0.85 (39,4,4,4,1,0,1,4,0)
    36        2:2        2:2       0.718 (23,4,4,1,0,1,1,4,0)
    37        2:2        2:2       0.547 (38,3,4,7,0,1,2,3,0)
    38        2:2        3:3   +   0.587 (30,2,3,5,1,1,3,1,1)
    39        2:2        1:1   +   0.511 (42,2,4,8,1,1,1,4,0)
    40        2:2        2:2       0.637 (31,4,4,3,0,0,4,4,0)
    41        2:2        2:2       0.834 (37,4,4,7,1,1,1,4,0)
    42        2:2        3:3   +   0.62 (26,3,3,2,1,1,1,3,0)
    43        2:2        3:3   +   0.607 (33,3,3,6,1,1,3,4,0)
    44        2:2        2:2       0.789 (36,4,4,3,0,1,1,3,0)
    45        2:2        2:2       0.751 (35,4,4,5,1,1,1,4,0)
    46        2:2        2:2       0.871 (41,4,4,4,1,1,1,4,0)
    47        2:2        3:3   +   0.596 (25,2,4,6,1,1,3,4,0)
    48        2:2        2:2       0.917 (44,4,4,6,0,1,1,3,0)
    49        2:2        3:3   +   0.522 (35,2,4,3,0,0,3,4,1)
    50        2:2        2:2       0.839 (42,4,4,8,0,1,1,4,0)
    51        2:2        3:3   +   0.72 (24,2,4,2,1,1,3,3,0)
    52        2:2        3:3   +   0.487 (34,3,4,2,0,1,2,3,0)
    53        2:2        3:3   +   0.612 (34,1,2,5,1,1,3,4,0)
    54        2:2        2:2       0.447 (38,4,4,6,1,1,3,3,0)
    55        2:2        1:1   +   0.7 (25,3,1,4,1,1,3,1,0)
    56        2:2        2:2       0.8 (41,4,4,7,1,1,2,4,0)
    57        2:2        2:2       0.813 (36,4,4,3,1,0,1,4,0)
    58        2:2        2:2       0.62 (47,4,4,8,1,1,1,4,0)
    59        2:2        2:2       0.593 (29,4,4,2,1,1,1,4,0)
    60        2:2        2:2       0.768 (37,4,4,4,1,1,1,4,0)
    61        2:2        3:3   +   0.494 (38,2,3,4,1,1,1,2,0)
    62        2:2        1:1   +   0.519 (45,3,3,6,0,1,2,4,0)
    63        2:2        2:2       0.585 (24,4,4,2,1,0,1,3,0)
    64        2:2        3:3   +   0.672 (35,3,4,3,1,1,2,2,0)
    65        2:2        3:3   +   0.723 (28,2,3,2,1,1,3,3,0)
    66        2:2        2:2       0.881 (39,4,4,4,0,1,1,4,0)
    67        2:2        2:2       0.883 (42,4,4,3,1,0,1,4,0)
    68        3:3        3:3       0.589 (21,2,2,1,1,1,3,2,0)
    69        3:3        3:3       0.602 (38,4,3,9,1,1,3,3,0)
    70        3:3        2:2   +   0.455 (22,3,4,1,0,0,1,4,0)
    71        3:3        1:1   +   0.49 (48,3,4,8,1,0,1,4,0)
    72        3:3        3:3       0.746 (26,2,3,2,1,1,2,3,0)
    73        3:3        2:2   +   0.773 (32,4,4,3,1,0,1,4,0)
    74        3:3        2:2   +   0.723 (32,4,4,3,1,1,1,4,0)
    75        3:3        3:3       0.708 (21,3,3,1,1,1,3,3,0)
    76        3:3        3:3       0.792 (33,3,3,3,1,1,3,3,0)
    77        3:3        2:2   +   0.642 (29,4,4,3,1,1,1,4,0)
    78        3:3        2:2   +   0.545 (28,4,4,2,1,1,1,4,0)
    79        3:3        3:3       0.569 (19,4,4,1,1,1,3,2,0)
    80        3:3        2:2   +   0.746 (34,4,4,2,1,1,1,4,0)
    81        3:3        3:3       0.662 (21,3,4,1,1,1,3,2,0)
    82        3:3        3:3       0.679 (28,2,4,4,1,1,3,4,0)
    83        3:3        2:2   +   0.472 (25,4,4,1,1,1,1,4,0)
    84        3:3        3:3       0.559 (30,2,2,6,1,1,3,1,0)
    85        3:3        2:2   +   0.741 (26,4,4,2,1,0,1,4,0)
    86        3:3        2:2   +   0.521 (24,4,4,1,1,1,1,3,0)
    87        3:3        3:3       0.603 (24,2,3,2,1,1,2,1,0)
    88        3:3        1:1   +   0.503 (46,2,3,6,0,0,3,4,0)
    89        3:3        2:2   +   0.749 (47,4,4,5,1,1,1,3,0)
    90        3:3        3:3       0.843 (22,3,3,3,1,1,3,3,0)
    91        3:3        3:3       0.707 (25,4,4,2,1,1,3,3,0)
    92        3:3        3:3       0.797 (26,3,3,3,1,1,3,3,0)
    93        3:3        1:1   +   0.424 (37,3,3,11,1,1,1,2,0)
    94        3:3        3:3       0.541 (26,4,4,2,1,0,3,3,0)
    95        3:3        3:3       0.766 (25,2,3,4,1,1,3,3,0)
    96        3:3        3:3       0.718 (30,2,2,4,1,1,2,4,0)
    97        3:3        3:3       0.713 (29,3,3,6,1,1,3,3,0)
    98        3:3        3:3       0.723 (30,3,4,4,1,1,3,3,0)
    99        3:3        3:3       0.698 (30,1,3,4,1,1,3,4,0)
   100        3:3        1:1   +   0.596 (19,3,3,1,1,1,2,1,0)
   101        3:3        3:3       0.69 (25,2,4,3,1,1,1,3,0)
   102        3:3        2:2   +   0.616 (24,4,4,2,1,1,1,4,0)
   103        3:3        3:3       0.459 (27,4,4,4,1,1,1,2,1)
   104        3:3        3:3       0.759 (24,4,3,3,1,1,3,3,0)
   105        3:3        3:3       0.704 (33,2,2,2,1,1,3,4,0)
   106        3:3        3:3       0.799 (21,3,4,3,1,1,3,1,0)
   107        3:3        1:1   +   0.826 (16,2,3,1,1,1,3,1,0)
   108        3:3        2:2   +   0.891 (35,4,4,4,0,0,1,4,0)
   109        3:3        3:3       0.708 (26,3,4,3,1,1,3,3,0)
   110        3:3        3:3       0.587 (24,3,3,1,1,1,3,2,0)
   111        3:3        2:2   +   0.453 (34,3,3,6,1,1,1,4,0)
   112        3:3        3:3       0.703 (37,2,3,5,1,1,4,2,0)
   113        3:3        1:1   +   0.68 (23,1,2,3,1,1,3,2,1)
   114        3:3        3:3       0.786 (29,3,3,3,1,1,2,1,0)
   115        3:3        2:2   +   0.79 (35,4,4,4,1,1,1,4,0)
   116        3:3        3:3       0.74 (26,3,4,3,1,1,3,2,0)
   117        3:3        2:2   +   0.722 (31,4,4,3,1,0,1,4,0)
   118        3:3        3:3       0.614 (30,3,4,2,1,1,1,2,0)
     1        1:1        3:3   +   0.559 (25,3,3,1,1,0,2,4,0)
     2        1:1        2:2   +   0.434 (23,4,4,1,1,0,2,4,0)
     3        1:1        3:3   +   0.715 (31,3,4,2,1,1,3,3,0)
     4        1:1        1:1       0.787 (47,2,2,4,1,1,3,1,0)
     5        1:1        3:3   +   0.749 (30,3,3,5,1,0,3,4,0)
     6        1:1        1:1       0.682 (35,2,2,6,1,0,3,1,1)
     7        1:1        3:3   +   0.725 (25,3,4,3,1,1,1,1,0)
     8        1:1        3:3   +   0.569 (28,2,3,1,1,1,3,1,0)
     9        1:1        1:1       0.549 (39,3,1,1,1,1,2,3,0)
    10        1:1        2:2   +   0.441 (28,4,4,1,0,1,2,4,0)
    11        1:1        3:3   +   0.749 (22,3,4,2,1,1,2,3,0)
    12        1:1        1:1       0.619 (18,3,4,1,1,1,3,1,0)
    13        1:1        3:3   +   0.448 (37,3,4,4,1,0,2,4,0)
    14        1:1        3:3   +   0.672 (36,4,3,3,1,0,3,2,0)
    15        1:1        1:1       0.81 (31,1,1,6,1,1,3,2,0)
    16        1:1        1:1       0.628 (39,2,3,10,1,1,3,4,0)
    17        1:1        1:1       0.853 (25,4,4,0,1,0,3,4,0)
    18        1:1        1:1       0.648 (25,1,4,2,1,0,3,3,1)
    19        1:1        1:1       0.542 (49,4,4,1,1,1,3,4,0)
    20        1:1        1:1       0.92 (46,1,2,8,1,1,3,3,1)
    21        1:1        2:2   +   0.446 (31,4,4,2,1,1,1,2,0)
    22        1:1        2:2   +   0.903 (42,4,4,3,1,0,1,4,0)
    23        1:1        3:3   +   0.773 (37,2,3,4,1,1,2,3,0)
    24        1:1        3:3   +   0.491 (20,3,4,1,1,1,3,2,0)
    25        1:1        1:1       0.955 (45,3,4,0,1,1,1,3,0)
    26        1:1        1:1       0.994 (49,2,3,0,1,1,1,2,0)
    27        1:1        3:3   +   0.696 (22,2,4,1,1,1,3,4,0)
    28        1:1        1:1       0.578 (42,3,3,8,1,1,4,3,0)
    29        1:1        3:3   +   0.828 (21,2,4,3,1,1,3,2,0)
    30        1:1        3:3   +   0.693 (34,2,2,9,1,0,2,3,0)
    31        1:1        1:1       0.811 (39,1,2,2,1,1,3,1,1)
    32        1:1        3:3   +   0.349 (42,2,4,2,1,1,3,4,0)
    33        1:1        3:3   +   0.705 (30,2,3,2,1,0,2,4,0)
    34        2:2        3:3   +   0.669 (33,2,3,5,1,0,2,1,0)
    35        2:2        2:2       0.872 (41,4,4,6,1,1,1,4,0)
    36        2:2        3:3   +   0.49 (28,3,4,3,1,1,1,4,0)
    37        2:2        2:2       0.701 (34,3,4,3,0,1,1,4,0)
    38        2:2        2:2       0.457 (34,4,4,2,0,0,3,2,0)
    39        2:2        2:2       0.762 (33,4,4,2,0,0,1,3,0)
    40        2:2        2:2       0.914 (44,4,4,4,1,1,1,4,0)
    41        2:2        2:2       0.856 (45,4,4,4,1,1,1,4,0)
    42        2:2        2:2       0.707 (40,4,4,6,1,1,1,3,0)
    43        2:2        2:2       0.853 (48,4,4,3,0,1,1,4,0)
    44        2:2        2:2       0.751 (43,4,4,6,1,1,1,4,0)
    45        2:2        1:1   +   0.45 (43,1,3,4,1,1,1,4,0)
    46        2:2        2:2       0.838 (41,4,4,8,1,1,1,4,0)
    47        2:2        2:2       0.606 (41,3,4,5,1,1,1,3,0)
    48        2:2        3:3   +   0.539 (26,2,4,2,1,1,1,4,0)
    49        2:2        2:2       0.441 (42,3,3,4,0,1,3,4,0)
    50        2:2        1:1   +   0.766 (45,3,3,8,1,1,2,3,0)
    51        2:2        3:3   +   0.763 (29,4,3,4,1,0,3,2,0)
    52        2:2        2:2       0.438 (42,2,4,5,0,1,2,3,0)
    53        2:2        3:3   +   0.641 (27,3,2,5,1,1,2,4,0)
    54        2:2        2:2       0.856 (47,4,4,4,1,0,1,4,0)
    55        2:2        2:2       0.852 (39,4,4,4,1,1,1,4,0)
    56        2:2        3:3   +   0.631 (26,2,4,2,1,1,1,3,0)
    57        2:2        2:2       0.581 (35,4,4,4,0,1,3,3,0)
    58        2:2        2:2       0.695 (35,4,4,3,0,0,3,4,0)
    59        2:2        3:3   +   0.506 (37,3,4,3,1,1,1,3,0)
    60        2:2        2:2       0.744 (33,4,4,3,1,1,1,4,0)
    61        2:2        3:3   +   0.438 (28,4,4,2,1,1,1,3,0)
    62        2:2        3:3   +   0.783 (34,2,3,2,1,1,3,3,0)
    63        2:2        3:3   +   0.537 (44,3,3,9,1,1,1,1,0)
    64        2:2        3:3   +   0.645 (32,3,3,6,1,0,3,3,0)
    65        2:2        2:2       0.557 (49,4,4,10,1,1,1,4,0)
    66        2:2        2:2       0.897 (44,4,4,3,1,1,1,4,0)
    67        2:2        2:2       0.894 (48,4,4,7,0,1,1,4,0)
    68        3:3        2:2   +   0.519 (24,4,4,1,1,1,1,3,0)
    69        3:3        3:3       0.683 (36,2,2,5,1,1,3,4,0)
    70        3:3        3:3       0.426 (19,4,4,1,1,1,1,3,0)
    71        3:3        3:3       0.872 (29,2,3,3,1,1,3,3,0)
    72        3:3        1:1   +   0.357 (41,1,4,5,1,0,2,4,0)
    73        3:3        2:2   +   0.576 (27,4,4,2,0,0,2,4,0)
    74        3:3        3:3       0.706 (32,3,4,4,1,1,3,2,0)
    75        3:3        1:1   +   0.491 (29,1,4,3,1,1,4,4,1)
    76        3:3        3:3       0.659 (35,2,3,6,1,0,3,2,0)
    77        3:3        2:2   +   0.642 (49,4,3,13,1,1,1,4,0)
    78        3:3        2:2   +   0.819 (32,4,4,3,0,1,1,4,0)
    79        3:3        3:3       0.687 (26,4,4,3,1,1,3,2,0)
    80        3:3        2:2   +   0.735 (44,4,4,8,1,1,2,4,0)
    81        3:3        3:3       0.663 (22,4,4,2,1,1,3,4,0)
    82        3:3        3:3       0.626 (36,3,4,9,1,1,3,4,0)
    83        3:3        3:3       0.865 (30,3,3,3,1,1,3,1,0)
    84        3:3        1:1   +   0.707 (45,1,3,3,1,1,3,2,0)
    85        3:3        2:2   +   0.423 (28,4,4,1,1,1,1,3,0)
    86        3:3        2:2   +   0.809 (35,4,4,6,1,1,1,4,0)
    87        3:3        2:2   +   0.563 (33,4,4,2,1,0,2,4,0)
    88        3:3        3:3       0.645 (21,4,4,2,1,1,2,3,0)
    89        3:3        2:2   +   0.853 (39,4,4,3,1,0,1,4,0)
    90        3:3        3:3       0.551 (34,4,4,2,1,1,3,3,0)
    91        3:3        1:1   +   0.684 (20,3,3,2,1,1,2,2,1)
    92        3:3        3:3       0.483 (27,2,4,1,1,1,1,4,0)
    93        3:3        3:3       0.563 (30,4,4,2,1,1,4,3,0)
    94        3:3        2:2   +   0.75 (48,4,4,16,1,1,1,4,0)
    95        3:3        1:1   +   0.612 (20,2,2,1,1,1,3,2,0)
    96        3:3        1:1   +   0.645 (21,3,2,1,1,1,3,1,1)
    97        3:3        2:2   +   0.756 (44,4,4,5,1,1,3,4,0)
    98        3:3        2:2   +   0.577 (47,4,3,4,1,1,1,3,0)
    99        3:3        2:2   +   0.85 (42,4,4,7,1,1,2,4,0)
   100        3:3        3:3       0.628 (17,2,2,1,1,1,3,2,0)
   101        3:3        3:3       0.662 (33,3,4,4,1,1,3,3,0)
   102        3:3        1:1   +   0.404 (47,4,4,5,1,1,3,2,0)
   103        3:3        3:3       0.49 (28,3,4,3,1,1,1,4,0)
   104        3:3        2:2   +   0.848 (36,4,4,4,1,1,1,4,0)
   105        3:3        2:2   +   0.819 (32,4,4,3,0,1,1,4,0)
   106        3:3        3:3       0.636 (26,4,4,2,1,1,3,3,0)
   107        3:3        3:3       0.587 (21,4,4,1,1,1,2,3,0)
   108        3:3        2:2   +   0.456 (19,4,4,2,1,1,1,4,0)
   109        3:3        2:2   +   0.802 (40,4,4,4,1,1,1,4,0)
   110        3:3        3:3       0.765 (25,2,3,5,1,1,2,3,0)
   111        3:3        3:3       0.768 (28,2,3,3,1,1,3,4,0)
   112        3:3        3:3       0.527 (36,1,3,6,1,1,3,2,0)
   113        3:3        2:2   +   0.823 (32,4,4,2,0,0,1,4,0)
   114        3:3        3:3       0.586 (33,3,4,6,1,1,3,2,0)
   115        3:3        3:3       0.559 (28,1,3,5,1,1,3,4,0)
   116        3:3        3:3       0.455 (37,2,4,5,1,1,1,4,0)
   117        3:3        2:2   +   0.744 (33,4,4,3,1,1,1,4,0)
   118        3:3        2:2   +   0.51 (33,4,4,2,1,1,2,4,0)
     1        1:1        1:1       0.976 (23,3,2,0,1,1,2,2,0)
     2        1:1        1:1       0.728 (26,4,4,0,1,1,3,4,0)
     3        1:1        1:1       0.879 (31,2,2,8,1,1,2,2,1)
     4        1:1        3:3   +   0.567 (36,3,3,2,1,0,2,4,0)
     5        1:1        1:1       0.915 (45,2,2,7,1,1,3,1,1)
     6        1:1        2:2   +   0.9 (48,4,4,4,0,1,1,4,0)
     7        1:1        1:1       0.881 (46,1,2,7,1,1,3,1,1)
     8        1:1        1:1       0.597 (25,2,3,1,1,0,2,1,0)
     9        1:1        1:1       0.598 (40,3,3,3,1,1,2,2,1)
    10        1:1        1:1       0.582 (24,2,2,2,1,1,3,1,1)
    11        1:1        1:1       0.751 (46,1,4,8,1,1,1,4,1)
    12        1:1        1:1       0.748 (30,1,1,7,1,1,2,3,0)
    13        1:1        3:3   +   0.653 (21,4,4,1,1,1,3,4,0)
    14        1:1        1:1       0.887 (20,3,4,0,1,1,3,3,0)
    15        1:1        3:3   +   0.717 (32,2,4,5,1,1,2,3,0)
    16        1:1        3:3   +   0.482 (41,1,3,3,1,0,2,4,0)
    17        1:1        3:3   +   0.791 (33,3,3,3,1,1,3,4,0)
    18        1:1        1:1       0.907 (28,3,4,0,1,0,1,3,0)
    19        1:1        3:3   +   0.593 (27,3,4,2,1,1,1,3,0)
    20        1:1        3:3   +   0.415 (32,3,4,1,0,1,2,4,0)
    21        1:1        3:3   +   0.617 (20,2,3,1,1,1,3,4,0)
    22        1:1        3:3   +   0.72 (20,3,4,2,1,1,3,3,0)
    23        1:1        3:3   +   0.451 (38,3,3,5,1,1,1,4,0)
    24        1:1        1:1       0.438 (28,3,4,1,0,1,2,2,0)
    25        1:1        1:1       0.577 (35,2,3,8,1,1,3,3,1)
    26        1:1        3:3   +   0.641 (24,3,4,2,1,1,2,4,0)
    27        1:1        3:3   +   0.509 (31,4,4,3,1,0,2,3,0)
    28        1:1        3:3   +   0.56 (25,4,4,1,1,1,3,4,0)
    29        1:1        3:3   +   0.75 (24,2,4,2,1,1,3,4,0)
    30        1:1        3:3   +   0.78 (24,2,3,2,1,1,3,1,0)
    31        1:1        1:1       0.644 (45,2,4,8,1,1,2,3,0)
    32        1:1        1:1       0.896 (33,1,1,5,1,1,3,1,1)
    33        1:1        3:3   +   0.805 (20,2,3,3,1,1,3,4,0)
    34        2:2        2:2       0.892 (44,4,4,5,1,0,1,4,0)
    35        2:2        3:3   +   0.571 (31,4,4,4,1,1,3,3,0)
    36        2:2        3:3   +   0.747 (32,3,3,4,1,0,3,3,0)
    37        2:2        3:3   +   0.622 (21,3,4,3,1,1,1,4,0)
    38        2:2        3:3   +   0.492 (43,2,4,13,1,1,2,3,0)
    39        2:2        2:2       0.654 (28,4,4,2,0,1,1,4,0)
    40        2:2        3:3   +   0.452 (30,4,4,1,0,1,2,4,0)
    41        2:2        3:3   +   0.517 (22,4,4,1,1,1,1,3,0)
    42        2:2        3:3   +   0.545 (36,3,3,5,1,0,1,3,0)
    43        2:2        2:2       0.502 (41,3,3,5,1,1,1,4,0)
    44        2:2        3:3   +   0.642 (29,4,4,2,1,1,3,4,0)
    45        2:2        3:3   +   0.784 (30,3,3,2,1,1,2,3,0)
    46        2:2        2:2       0.683 (40,4,4,5,1,1,1,3,0)
    47        2:2        2:2       0.483 (34,4,4,4,1,0,3,3,0)
    48        2:2        3:3   +   0.481 (27,4,4,3,1,1,1,3,0)
    49        2:2        2:2       0.664 (38,4,4,5,1,1,1,3,0)
    50        2:2        2:2       0.63 (41,4,4,3,1,0,2,3,0)
    51        2:2        2:2       0.363 (30,4,1,4,1,1,3,3,0)
    52        2:2        2:2       0.811 (41,4,4,5,0,1,2,4,0)
    53        2:2        3:3   +   0.565 (37,4,4,2,1,0,3,3,0)
    54        2:2        2:2       0.632 (31,4,4,3,1,1,1,4,0)
    55        2:2        2:2       0.731 (34,4,4,3,1,1,1,4,0)
    56        2:2        1:1   +   0.639 (45,2,2,9,1,1,3,3,0)
    57        2:2        2:2       0.7 (34,4,4,2,1,1,1,4,0)
    58        2:2        3:3   +   0.593 (32,3,4,5,1,1,1,2,0)
    59        2:2        2:2       0.547 (24,4,4,1,1,1,1,4,0)
    60        2:2        2:2       0.634 (30,4,4,2,0,0,1,4,0)
    61        2:2        2:2       0.364 (42,3,3,4,1,1,2,4,0)
    62        2:2        3:3   +   0.609 (33,4,3,5,1,1,2,4,0)
    63        2:2        2:2       0.785 (32,4,4,2,0,0,1,4,0)
    64        2:2        2:2       0.74 (37,4,4,4,0,0,2,4,0)
    65        2:2        2:2       0.777 (39,4,4,3,1,1,1,4,0)
    66        2:2        2:2       0.877 (35,4,4,5,0,0,1,4,0)
    67        2:2        3:3   +   0.683 (24,4,4,1,1,1,3,2,0)
    68        3:3        1:1   +   0.612 (41,1,2,6,1,1,3,3,0)
    69        3:3        3:3       0.417 (20,3,4,1,0,1,2,4,0)
    70        3:3        2:2   +   0.483 (33,4,4,4,1,1,2,3,0)
    71        3:3        2:2   +   0.566 (40,3,4,6,1,1,1,3,0)
    72        3:3        3:3       0.562 (35,1,2,5,1,1,3,3,0)
    73        3:3        3:3       0.575 (35,2,3,6,1,1,2,3,0)
    74        3:3        3:3       0.558 (22,4,4,1,0,1,3,1,0)
    75        3:3        3:3       0.768 (21,4,4,2,1,1,3,3,0)
    76        3:3        1:1   +   0.717 (25,1,2,2,1,1,2,1,0)
    77        3:3        2:2   +   0.632 (31,4,4,3,1,1,1,4,0)
    78        3:3        2:2   +   0.538 (35,4,4,2,1,1,2,4,0)
    79        3:3        1:1   +   0.725 (36,1,2,4,1,1,3,1,1)
    80        3:3        2:2   +   0.452 (34,4,4,6,1,1,2,2,0)
    81        3:3        3:3       0.529 (23,2,3,2,1,0,3,2,0)
    82        3:3        3:3       0.673 (27,2,4,4,1,1,2,1,0)
    83        3:3        3:3       0.623 (22,4,3,1,1,1,2,2,0)
    84        3:3        3:3       0.616 (31,2,3,7,1,1,3,3,0)
    85        3:3        3:3       0.551 (34,2,2,4,0,1,3,2,0)
    86        3:3        1:1   +   0.584 (40,2,2,4,0,0,2,4,0)
    87        3:3        3:3       0.712 (30,3,3,4,1,0,2,2,0)
    88        3:3        2:2   +   0.833 (43,4,4,5,0,1,1,4,0)
    89        3:3        2:2   +   0.623 (25,4,4,1,0,1,1,4,0)
    90        3:3        3:3       0.635 (22,3,4,2,1,1,2,4,0)
    91        3:3        3:3       0.708 (24,2,2,2,1,1,3,4,0)
    92        3:3        1:1   +   0.921 (31,1,1,3,1,1,4,2,1)
    93        3:3        3:3       0.474 (37,3,4,5,1,0,2,4,0)
    94        3:3        3:3       0.615 (22,3,4,2,0,1,3,4,0)
    95        3:3        3:3       0.78 (21,3,3,2,1,1,2,3,0)
    96        3:3        2:2   +   0.448 (41,4,3,5,1,0,3,4,0)
    97        3:3        2:2   +   0.794 (44,3,4,5,1,0,1,4,0)
    98        3:3        3:3       0.817 (29,2,3,4,1,1,3,2,0)
    99        3:3        3:3       0.752 (22,3,4,3,1,1,2,3,0)
   100        3:3        3:3       0.616 (25,4,4,2,1,1,2,3,0)
   101        3:3        3:3       0.747 (32,3,2,5,1,1,3,3,0)
   102        3:3        2:2   +   0.737 (36,4,4,4,1,1,1,3,0)
   103        3:3        1:1   +   0.606 (25,2,2,1,1,1,3,1,0)
   104        3:3        1:1   +   0.806 (35,2,2,6,1,0,2,2,1)
   105        3:3        3:3       0.579 (22,2,2,2,1,1,2,3,0)
   106        3:3        3:3       0.611 (28,4,4,1,1,1,3,2,0)
   107        3:3        3:3       0.563 (19,4,4,1,1,1,2,3,0)
   108        3:3        3:3       0.604 (33,2,3,7,1,0,3,1,0)
   109        3:3        1:1   +   0.556 (23,3,2,1,1,1,3,3,0)
   110        3:3        1:1   +   0.64 (32,2,2,8,1,1,2,1,0)
   111        3:3        2:2   +   0.404 (40,3,4,5,1,1,1,2,0)
   112        3:3        3:3       0.649 (25,3,4,3,1,1,2,4,0)
   113        3:3        2:2   +   0.638 (32,3,4,5,0,1,1,4,0)
   114        3:3        2:2   +   0.733 (31,4,4,2,0,1,1,4,0)
   115        3:3        2:2   +   0.602 (35,3,4,5,1,1,1,4,0)
   116        3:3        2:2   +   0.544 (27,4,4,1,1,1,1,4,0)
   117        3:3        1:1   +   0.719 (36,2,2,7,1,0,2,2,1)
   118        3:3        3:3       0.48 (39,4,3,4,1,1,3,4,0)
     1        1:1        2:2   +   0.752 (39,3,4,6,1,1,1,4,0)
     2        1:1        1:1       0.642 (32,1,2,4,1,1,3,2,1)
     3        1:1        1:1       0.702 (46,3,1,5,1,1,3,2,0)
     4        1:1        1:1       0.826 (34,4,3,0,0,0,3,3,0)
     5        1:1        1:1       0.739 (40,2,2,8,1,1,2,2,0)
     6        1:1        2:2   +   0.866 (42,4,4,3,1,1,1,4,0)
     7        1:1        1:1       0.869 (49,1,3,6,1,1,2,4,0)
     8        1:1        1:1       0.991 (48,1,1,8,1,0,2,2,1)
     9        1:1        3:3   +   0.477 (37,2,3,5,0,0,2,4,0)
    10        1:1        1:1       0.846 (27,3,4,0,1,1,3,3,0)
    11        1:1        1:1       0.892 (40,1,2,6,1,1,3,1,1)
    12        1:1        3:3   +   0.574 (29,3,4,4,1,1,1,4,0)
    13        1:1        1:1       0.975 (28,1,4,0,1,0,4,1,0)
    14        1:1        1:1       0.609 (45,1,3,7,1,0,1,3,0)
    15        1:1        1:1       0.882 (25,4,4,0,1,0,2,4,0)
    16        1:1        1:1       0.821 (45,2,3,6,1,1,3,2,1)
    17        1:1        3:3   +   0.378 (44,1,4,9,1,1,1,2,0)
    18        1:1        1:1       0.917 (28,3,4,0,1,0,3,4,0)
    19        1:1        2:2   +   0.749 (28,4,4,3,0,1,1,4,0)
    20        1:1        1:1       0.716 (27,2,2,1,1,0,3,2,1)
    21        1:1        3:3   +   0.625 (25,4,4,3,1,1,1,2,0)
    22        1:1        2:2   +   0.697 (41,3,4,3,0,1,2,4,0)
    23        1:1        3:3   +   0.398 (43,3,4,2,0,1,3,4,0)
    24        1:1        1:1       0.741 (33,4,4,0,1,0,3,3,0)
    25        1:1        2:2   +   0.813 (33,4,4,3,0,0,1,3,0)
    26        1:1        1:1       0.985 (48,1,1,1,1,0,3,3,1)
    27        1:1        2:2   +   0.825 (42,4,4,1,1,0,1,4,0)
    28        1:1        1:1       0.588 (47,1,4,6,1,1,1,4,0)
    29        1:1        2:2   +   0.758 (45,4,4,1,1,1,1,4,0)
    30        1:1        1:1       0.819 (23,4,4,0,1,0,1,4,0)
    31        1:1        3:3   +   0.45 (38,2,4,3,1,1,1,3,0)
    32        1:1        2:2   +   0.839 (39,4,4,2,1,0,1,4,0)
    33        1:1        3:3   +   0.514 (23,3,3,2,1,1,2,2,0)
    34        2:2        3:3   +   0.598 (30,2,4,1,1,0,3,4,0)
    35        2:2        3:3   +   0.669 (22,4,4,1,1,1,1,2,0)
    36        2:2        2:2       0.607 (27,4,4,3,1,1,1,4,0)
    37        2:2        2:2       0.88 (36,4,4,4,0,1,1,4,0)
    38        2:2        2:2       0.894 (42,4,4,4,0,0,2,4,0)
    39        2:2        2:2       0.391 (44,1,4,2,1,1,1,3,0)
    40        2:2        3:3   +   0.635 (29,3,4,2,1,1,1,4,0)
    41        2:2        3:3   +   0.406 (23,4,4,1,1,0,3,4,0)
    42        2:2        2:2       0.897 (41,4,4,4,0,0,2,4,0)
    43        2:2        3:3   +   0.387 (35,3,4,5,1,0,1,3,1)
    44        2:2        2:2       0.822 (38,4,4,4,0,0,1,2,0)
    45        2:2        2:2       0.608 (37,4,4,3,0,1,3,4,0)
    46        2:2        3:3   +   0.794 (30,2,4,3,1,1,3,4,0)
    47        2:2        1:1   +   0.679 (25,3,1,2,1,0,3,4,0)
    48        2:2        3:3   +   0.645 (36,3,2,6,1,1,3,2,0)
    49        2:2        2:2       0.732 (36,4,4,3,1,1,1,4,0)
    50        2:2        2:2       0.723 (35,4,4,5,1,0,1,3,0)
    51        2:2        3:3   +   0.651 (22,3,4,1,1,1,4,4,0)
    52        2:2        3:3   +   0.564 (34,3,3,6,1,1,3,4,0)
    53        2:2        3:3   +   0.72 (29,3,4,3,1,1,1,3,0)
    54        2:2        3:3   +   0.538 (29,4,4,2,1,0,1,3,0)
    55        2:2        1:1   +   0.53 (43,3,4,5,1,1,3,2,1)
    56        2:2        1:1   +   0.985 (47,1,1,10,1,1,3,3,0)
    57        2:2        3:3   +   0.515 (29,4,4,3,1,1,1,4,0)
    58        2:2        2:2       0.784 (35,4,4,4,1,1,1,4,0)
    59        2:2        2:2       0.742 (38,4,4,2,1,1,1,4,0)
    60        2:2        3:3   +   0.72 (29,3,4,3,1,1,1,3,0)
    61        2:2        3:3   +   0.492 (32,4,4,2,1,0,3,4,0)
    62        2:2        3:3   +   0.847 (29,4,4,3,1,1,3,2,0)
    63        2:2        2:2       0.544 (46,4,3,5,1,1,1,4,0)
    64        2:2        3:3   +   0.427 (30,3,4,7,1,1,2,4,0)
    65        2:2        3:3   +   0.716 (23,4,3,3,1,1,3,3,0)
    66        2:2        3:3   +   0.453 (26,4,4,1,1,0,2,3,0)
    67        2:2        2:2       0.633 (32,4,4,2,1,1,1,4,0)
    68        3:3        3:3       0.561 (24,4,4,2,1,0,3,3,0)
    69        3:3        2:2   +   0.557 (34,3,4,3,0,0,3,4,0)
    70        3:3        3:3       0.787 (30,3,2,3,1,1,3,3,0)
    71        3:3        2:2   +   0.713 (39,4,4,2,0,1,3,4,0)
    72        3:3        1:1   +   0.819 (47,1,3,9,1,0,3,3,0)
    73        3:3        1:1   +   0.8 (35,1,2,6,1,1,2,2,1)
    74        3:3        3:3       0.722 (25,4,4,3,1,1,3,3,0)
    75        3:3        3:3       0.603 (25,2,3,2,1,1,2,4,0)
    76        3:3        2:2   +   0.567 (36,4,4,3,1,1,2,4,0)
    77        3:3        3:3       0.489 (37,3,4,3,0,1,3,4,0)
    78        3:3        3:3       0.658 (32,2,3,5,1,0,2,3,0)
    79        3:3        3:3       0.557 (24,3,4,4,1,1,2,3,0)
    80        3:3        3:3       0.681 (28,2,3,3,1,1,2,4,0)
    81        3:3        3:3       0.68 (21,3,3,1,1,1,3,2,0)
    82        3:3        3:3       0.787 (27,3,3,3,1,1,2,2,0)
    83        3:3        2:2   +   0.59 (37,3,4,4,0,1,2,4,0)
    84        3:3        2:2   +   0.847 (39,4,4,2,0,1,1,3,0)
    85        3:3        3:3       0.749 (27,3,4,2,1,1,3,2,0)
    86        3:3        3:3       0.665 (25,3,4,3,1,0,3,4,0)
    87        3:3        1:1   +   0.736 (35,1,2,5,1,1,2,2,1)
    88        3:3        2:2   +   0.708 (39,4,4,3,1,1,2,4,0)
    89        3:3        1:1   +   0.867 (21,2,1,3,1,0,3,1,1)
    90        3:3        3:3       0.519 (28,2,4,7,1,1,3,3,0)
    91        3:3        2:2   +   0.515 (31,3,4,5,1,1,1,4,0)
    92        3:3        3:3       0.67 (26,3,2,5,1,1,2,2,0)
    93        3:3        3:3       0.6 (28,3,3,3,1,0,2,4,0)
    94        3:3        3:3       0.659 (32,3,3,4,1,1,2,1,0)
    95        3:3        3:3       0.606 (37,4,4,4,1,1,3,2,0)
    96        3:3        2:2   +   0.607 (34,3,4,4,1,1,1,3,0)
    97        3:3        3:3       0.482 (20,3,3,2,1,1,2,4,0)
    98        3:3        3:3       0.518 (23,4,4,1,1,1,3,3,0)
    99        3:3        1:1   +   0.486 (41,1,4,9,1,1,2,1,0)
   100        3:3        2:2   +   0.637 (24,4,4,1,1,0,1,4,0)
   101        3:3        3:3       0.638 (22,4,4,1,1,1,2,3,0)
   102        3:3        3:3       0.756 (35,2,3,5,1,1,3,3,0)
   103        3:3        2:2   +   0.603 (31,4,4,1,1,1,1,4,0)
   104        3:3        3:3       0.738 (29,3,3,1,1,1,3,3,0)
   105        3:3        3:3       0.532 (31,3,4,4,1,0,3,3,0)
   106        3:3        2:2   +   0.678 (38,4,4,6,1,1,2,4,0)
   107        3:3        3:3       0.578 (30,2,2,4,1,1,2,1,0)
   108        3:3        2:2   +   0.866 (46,4,4,4,0,1,1,4,0)
   109        3:3        3:3       0.623 (25,3,3,2,1,1,2,3,0)
   110        3:3        2:2   +   0.553 (38,4,4,5,1,1,2,3,0)
   111        3:3        1:1   +   0.497 (23,2,3,2,1,1,3,1,0)
   112        3:3        3:3       0.557 (28,3,4,2,1,1,2,3,0)
   113        3:3        2:2   +   0.737 (33,4,4,2,1,0,1,4,0)
   114        3:3        2:2   +   0.917 (44,4,4,5,1,0,1,4,0)
   115        3:3        2:2   +   0.424 (34,2,4,7,1,1,2,3,0)
   116        3:3        3:3       0.619 (23,4,4,3,1,1,3,3,0)
   117        3:3        1:1   +   0.874 (46,1,2,9,1,0,3,4,1)
   118        3:3        3:3       0.492 (32,4,4,2,1,0,3,4,0)
     1        1:1        3:3   +   0.691 (24,3,4,2,1,1,2,2,0)
     2        1:1        2:2   +   0.572 (35,4,4,1,1,1,1,3,0)
     3        1:1        2:2   +   0.631 (37,4,4,2,1,1,1,4,0)
     4        1:1        1:1       0.897 (42,1,3,12,1,1,2,4,0)
     5        1:1        3:3   +   0.66 (20,2,3,3,1,1,3,4,0)
     6        1:1        2:2   +   0.636 (33,4,4,1,0,0,3,4,0)
     7        1:1        3:3   +   0.599 (30,3,4,4,0,1,2,3,0)
     8        1:1        1:1       0.968 (48,1,1,6,1,1,2,3,1)
     9        1:1        3:3   +   0.682 (24,3,3,2,1,0,3,2,0)
    10        1:1        1:1       0.696 (47,1,4,7,1,1,2,3,0)
    11        1:1        3:3   +   0.498 (29,3,4,4,1,0,1,3,0)
    12        1:1        1:1       0.503 (25,3,2,1,1,0,3,3,0)
    13        1:1        1:1       0.587 (32,1,3,4,1,1,2,2,1)
    14        1:1        2:2   +   0.59 (26,4,4,1,1,1,1,4,0)
    15        1:1        1:1       0.904 (22,3,4,0,1,0,3,4,0)
    16        1:1        1:1       0.537 (38,3,3,4,0,0,3,2,1)
    17        1:1        3:3   +   0.544 (36,3,3,3,0,0,2,3,1)
    18        1:1        3:3   +   0.407 (34,2,4,6,1,0,3,4,0)
    19        1:1        3:3   +   0.494 (30,4,4,4,1,1,2,4,0)
    20        1:1        2:2   +   0.62 (30,4,4,1,1,0,1,4,0)
    21        1:1        3:3   +   0.665 (37,2,3,2,0,0,3,3,0)
    22        1:1        3:3   +   0.66 (37,3,3,6,1,1,2,2,0)
    23        1:1        1:1       0.496 (18,3,4,1,1,1,3,3,0)
    24        1:1        1:1       0.963 (19,2,2,0,1,1,2,2,0)
    25        1:1        1:1       0.747 (29,4,4,0,1,0,2,4,0)
    26        1:1        3:3   +   0.557 (36,1,4,2,1,1,2,2,0)
    27        1:1        1:1       0.951 (28,2,4,0,1,1,3,1,0)
    28        1:1        2:2   +   0.444 (27,4,4,1,0,1,3,4,0)
    29        1:1        2:2   +   0.594 (35,4,4,2,0,1,3,4,0)
    30        1:1        3:3   +   0.626 (29,3,4,1,0,1,2,3,0)
    31        1:1        3:3   +   0.518 (34,3,4,4,0,1,3,1,1)
    32        1:1        2:2   +   0.613 (42,4,4,1,1,1,2,4,0)
    33        1:1        3:3   +   0.347 (47,3,4,3,1,1,2,3,0)
    34        2:2        2:2       0.433 (25,4,4,1,1,1,1,4,0)
    35        2:2        2:2       0.438 (28,4,4,2,1,0,1,3,0)
    36        2:2        3:3   +   0.595 (33,3,4,5,0,1,3,3,0)
    37        2:2        3:3   +   0.51 (39,3,4,5,1,1,3,4,0)
    38        2:2        3:3   +   0.463 (27,4,4,2,1,1,1,3,0)
    39        2:2        1:1   +   0.658 (34,2,2,8,1,1,2,2,0)
    40        2:2        3:3   +   0.56 (24,4,4,1,1,1,3,4,0)
    41        2:2        2:2       0.717 (37,4,4,4,1,1,1,4,0)
    42        2:2        2:2       0.925 (41,4,4,4,0,1,1,4,0)
    43        2:2        2:2       0.742 (39,4,4,5,1,1,1,4,0)
    44        2:2        2:2       0.467 (28,4,4,4,1,1,1,3,0)
    45        2:2        2:2       0.699 (40,4,4,4,1,1,1,3,0)
    46        2:2        3:3   +   0.584 (28,3,4,2,0,1,2,3,0)
    47        2:2        2:2       0.699 (46,4,4,4,1,1,1,4,0)
    48        2:2        2:2       0.879 (41,4,4,4,0,0,2,4,0)
    49        2:2        3:3   +   0.642 (32,3,3,2,1,0,3,4,0)
    50        2:2        3:3   +   0.72 (26,3,4,3,1,1,2,3,0)
    51        2:2        2:2       0.682 (26,4,4,2,1,0,1,4,0)
    52        2:2        2:2       0.532 (36,4,4,2,1,1,2,4,0)
    53        2:2        2:2       0.85 (42,4,4,5,1,1,1,4,0)
    54        2:2        3:3   +   0.625 (37,2,3,7,1,1,3,4,0)
    55        2:2        3:3   +   0.492 (20,3,4,1,1,1,3,2,0)
    56        2:2        1:1   +   0.393 (44,2,3,1,0,1,2,4,0)
    57        2:2        2:2       0.879 (41,4,4,4,0,0,2,4,0)
    58        2:2        2:2       0.757 (36,4,4,3,1,1,1,4,0)
    59        2:2        3:3   +   0.556 (24,3,4,5,1,1,1,2,1)
    60        2:2        2:2       0.753 (27,4,4,1,0,0,1,4,0)
    61        2:2        2:2       0.487 (37,4,3,8,1,1,1,4,0)
    62        2:2        2:2       0.884 (44,4,4,4,1,1,1,4,0)
    63        2:2        2:2       0.699 (46,4,4,4,1,1,1,4,0)
    64        2:2        2:2       0.754 (35,4,4,2,1,0,1,4,0)
    65        2:2        3:3   +   0.525 (31,3,4,4,1,1,1,3,0)
    66        2:2        3:3   +   0.533 (35,4,4,3,1,1,2,3,0)
    67        3:3        1:1   +   0.499 (25,2,3,1,1,1,3,1,0)
    68        3:3        3:3       0.57 (24,1,2,3,1,1,3,2,0)
    69        3:3        3:3       0.637 (22,3,3,1,1,1,3,2,0)
    70        3:3        3:3       0.601 (25,2,3,2,1,1,3,1,0)
    71        3:3        3:3       0.569 (20,3,4,2,1,1,1,3,0)
    72        3:3        3:3       0.595 (19,2,4,1,1,1,2,3,0)
    73        3:3        3:3       0.661 (37,2,3,6,1,1,3,4,0)
    74        3:3        3:3       0.593 (36,2,3,6,1,1,2,4,0)
    75        3:3        3:3       0.585 (34,2,3,3,0,1,3,2,1)
    76        3:3        2:2   +   0.699 (46,4,4,4,1,1,1,4,0)
    77        3:3        2:2   +   0.783 (34,4,4,3,1,1,1,4,0)
    78        3:3        2:2   +   0.504 (28,4,4,3,0,0,3,4,0)
    79        3:3        3:3       0.517 (22,1,3,2,1,1,3,2,0)
    80        3:3        1:1   +   0.54 (28,1,2,4,1,1,2,3,0)
    81        3:3        3:3       0.612 (30,1,3,2,1,1,3,4,0)
    82        3:3        3:3       0.652 (32,1,4,4,1,1,3,2,0)
    83        3:3        2:2   +   0.799 (38,4,4,2,1,0,1,4,0)
    84        3:3        3:3       0.665 (17,3,4,1,1,1,3,3,0)
    85        3:3        2:2   +   0.565 (27,4,4,2,1,1,1,4,0)
    86        3:3        3:3       0.721 (25,3,4,2,1,1,3,3,0)
    87        3:3        3:3       0.766 (30,3,3,4,1,0,3,2,0)
    88        3:3        2:2   +   0.713 (43,4,4,2,1,1,1,4,0)
    89        3:3        2:2   +   0.448 (28,4,4,1,0,0,2,4,0)
    90        3:3        3:3       0.699 (28,4,3,2,1,1,3,2,0)
    91        3:3        3:3       0.674 (33,3,3,4,1,0,2,2,0)
    92        3:3        3:3       0.59 (17,3,3,1,1,1,2,4,0)
    93        3:3        3:3       0.599 (30,4,4,2,1,0,2,2,0)
    94        3:3        3:3       0.655 (22,2,4,1,1,1,3,3,0)
    95        3:3        1:1   +   0.462 (34,1,4,4,1,1,3,4,1)
    96        3:3        1:1   +   0.541 (22,1,3,2,1,1,3,1,0)
    97        3:3        3:3       0.531 (26,3,4,2,1,0,2,4,0)
    98        3:3        3:3       0.439 (22,4,4,1,1,0,2,4,0)
    99        3:3        3:3       0.751 (22,4,4,3,1,1,3,2,0)
   100        3:3        2:2   +   0.671 (27,4,4,1,0,0,1,3,0)
   101        3:3        3:3       0.681 (24,4,4,2,1,1,3,3,0)
   102        3:3        1:1   +   0.486 (35,1,2,4,1,0,4,4,0)
   103        3:3        2:2   +   0.444 (27,4,4,1,0,1,3,4,0)
   104        3:3        3:3       0.686 (32,2,3,4,1,0,2,2,0)
   105        3:3        3:3       0.586 (27,2,4,3,1,1,4,4,0)
   106        3:3        1:1   +   0.488 (45,2,3,3,0,0,2,4,0)
   107        3:3        3:3       0.53 (26,1,2,3,1,0,3,2,0)
   108        3:3        1:1   +   0.5 (21,2,2,1,1,1,4,3,0)
   109        3:3        3:3       0.424 (46,3,4,4,1,0,3,4,0)
   110        3:3        3:3       0.53 (22,3,2,2,1,1,2,1,0)
   111        3:3        3:3       0.662 (33,3,3,4,1,0,2,3,0)
   112        3:3        3:3       0.692 (27,3,3,5,1,1,2,4,0)
   113        3:3        2:2   +   0.82 (41,4,4,8,1,1,1,4,0)
   114        3:3        3:3       0.719 (30,2,3,5,1,0,3,4,0)
   115        3:3        3:3       0.444 (40,2,4,3,0,1,3,4,0)
   116        3:3        3:3       0.53 (20,4,4,2,1,1,1,3,0)
   117        3:3        2:2   +   0.829 (41,4,4,5,1,1,1,4,0)
   118        3:3        2:2   +   0.675 (36,4,4,3,0,1,3,4,0)
     1        1:1        3:3   +   0.443 (42,3,3,5,1,1,2,2,0)
     2        1:1        1:1       0.924 (38,1,2,8,1,1,3,3,1)
     3        1:1        3:3   +   0.452 (23,2,4,2,1,1,1,4,0)
     4        1:1        3:3   +   0.784 (30,2,3,4,1,0,3,2,0)
     5        1:1        2:2   +   0.504 (27,4,4,1,0,0,2,4,0)
     6        1:1        3:3   +   0.618 (41,2,2,5,0,1,2,2,0)
     7        1:1        1:1       0.763 (47,2,2,7,1,1,2,2,0)
     8        1:1        1:1       0.486 (31,3,2,1,1,1,3,4,0)
     9        1:1        3:3   +   0.496 (16,2,4,1,1,1,3,4,0)
    10        1:1        3:3   +   0.737 (25,2,2,3,1,1,3,3,0)
    11        1:1        1:1       0.846 (47,1,2,2,1,1,2,4,0)
    12        1:1        3:3   +   0.603 (19,2,2,2,1,1,3,1,0)
    13        1:1        2:2   +   0.754 (28,4,4,3,0,0,1,4,0)
    14        1:1        2:2   +   0.752 (45,3,4,2,0,1,1,4,0)
    15        1:1        3:3   +   0.498 (23,4,4,2,1,0,3,3,0)
    16        1:1        1:1       0.976 (33,1,2,0,1,0,3,3,0)
    17        1:1        3:3   +   0.869 (17,2,3,1,1,1,3,2,0)
    18        1:1        1:1       0.812 (40,2,2,6,1,1,2,2,1)
    19        1:1        2:2   +   0.4 (42,2,3,2,1,1,1,4,0)
    20        1:1        3:3   +   0.648 (23,3,3,2,1,1,3,3,0)
    21        1:1        1:1       0.988 (48,1,1,8,1,1,1,1,1)
    22        1:1        3:3   +   0.508 (28,4,4,5,1,0,3,4,0)
    23        1:1        2:2   +   0.394 (39,3,4,1,0,1,3,4,0)
    24        1:1        1:1       0.937 (43,1,2,8,1,1,2,2,1)
    25        1:1        1:1       0.769 (18,2,3,1,1,1,2,3,0)
    26        1:1        2:2   +   0.346 (48,3,4,5,1,1,2,3,0)
    27        1:1        2:2   +   0.658 (43,4,4,5,1,1,1,3,0)
    28        1:1        1:1       0.857 (22,4,4,0,1,1,3,2,0)
    29        1:1        1:1       0.996 (40,1,1,0,1,1,3,2,0)
    30        1:1        2:2   +   0.742 (32,4,4,1,0,1,1,4,0)
    31        1:1        3:3   +   0.611 (36,2,3,6,1,1,2,3,0)
    32        1:1        2:2   +   0.806 (47,4,4,1,0,1,1,4,0)
    33        1:1        1:1       0.568 (25,1,3,1,1,1,4,2,0)
    34        2:2        2:2       0.499 (33,4,4,5,1,1,2,4,0)
    35        2:2        1:1   +   0.492 (20,3,4,1,1,1,2,4,0)
    36        2:2        3:3   +   0.555 (33,4,4,3,1,1,3,4,0)
    37        2:2        3:3   +   0.635 (22,4,4,1,1,0,2,2,0)
    38        2:2        2:2       0.768 (26,4,4,2,0,1,1,4,0)
    39        2:2        3:3   +   0.483 (33,3,4,3,0,1,2,4,0)
    40        2:2        3:3   +   0.697 (26,3,4,3,1,1,3,4,0)
    41        2:2        2:2       0.808 (43,4,4,3,0,1,1,4,0)
    42        2:2        3:3   +   0.59 (34,3,4,4,1,1,3,3,0)
    43        2:2        1:1   +   0.752 (35,1,3,7,1,0,2,3,1)
    44        2:2        2:2       0.745 (38,4,4,3,0,0,2,4,0)
    45        2:2        2:2       0.709 (32,3,4,7,0,1,1,3,0)
    46        2:2        2:2       0.561 (27,4,4,2,1,0,1,3,0)
    47        2:2        2:2       0.496 (32,4,4,4,1,1,1,2,0)
    48        2:2        2:2       0.637 (41,3,4,3,0,1,2,4,0)
    49        2:2        2:2       0.731 (42,4,4,4,1,1,3,4,0)
    50        2:2        3:3   +   0.48 (37,4,4,3,1,1,3,4,0)
    51        2:2        3:3   +   0.749 (30,4,4,3,1,1,2,1,0)
    52        2:2        3:3   +   0.474 (26,3,4,3,1,1,1,4,0)
    53        2:2        2:2       0.637 (36,3,4,4,0,0,2,4,0)
    54        2:2        3:3   +   0.728 (28,3,3,3,1,1,1,2,0)
    55        2:2        2:2       0.733 (38,4,4,4,0,1,3,4,0)
    56        2:2        1:1   +   0.637 (31,2,2,4,1,1,4,3,1)
    57        2:2        1:1   +   0.767 (23,3,1,1,1,0,3,3,0)
    58        2:2        2:2       0.791 (35,4,4,5,1,0,1,4,0)
    59        2:2        1:1   +   0.475 (43,3,3,6,1,0,3,2,0)
    60        2:2        2:2       0.609 (33,4,4,3,0,1,2,4,0)
    61        2:2        1:1   +   0.798 (24,1,4,1,1,0,4,2,1)
    62        2:2        3:3   +   0.502 (32,4,4,4,1,1,2,3,0)
    63        2:2        1:1   +   0.441 (42,2,3,7,1,1,3,4,0)
    64        2:2        2:2       0.833 (43,4,4,5,0,1,1,4,0)
    65        2:2        2:2       0.508 (34,4,4,5,1,1,3,4,0)
    66        2:2        2:2       0.52 (34,4,4,3,1,0,3,4,0)
    67        3:3        3:3       0.726 (33,2,3,4,1,1,2,3,0)
    68        3:3        3:3       0.667 (25,3,3,3,1,1,2,1,0)
    69        3:3        1:1   +   0.959 (21,2,2,0,0,1,4,4,0)
    70        3:3        3:3       0.665 (33,2,4,3,1,1,2,4,0)
    71        3:3        2:2   +   0.869 (41,4,4,5,1,1,1,4,0)
    72        3:3        3:3       0.764 (25,2,4,3,1,1,3,3,0)
    73        3:3        2:2   +   0.906 (44,4,4,11,1,1,1,4,0)
    74        3:3        3:3       0.638 (40,2,3,5,1,1,3,3,0)
    75        3:3        3:3       0.654 (34,2,3,2,1,1,2,3,0)
    76        3:3        2:2   +   0.857 (38,4,4,4,1,0,1,4,0)
    77        3:3        3:3       0.525 (25,1,2,3,1,1,2,3,0)
    78        3:3        3:3       0.702 (26,3,2,4,1,1,3,4,0)
    79        3:3        1:1   +   0.496 (31,1,2,4,1,1,3,3,0)
    80        3:3        2:2   +   0.405 (45,3,4,2,0,1,3,3,0)
    81        3:3        1:1   +   0.491 (31,3,3,6,0,1,3,1,0)
    82        3:3        3:3       0.737 (29,2,4,3,1,0,3,3,0)
    83        3:3        2:2   +   0.579 (36,2,4,8,1,1,1,4,0)
    84        3:3        2:2   +   0.842 (34,4,4,2,0,1,1,4,0)
    85        3:3        2:2   +   0.883 (40,4,4,2,0,0,1,4,0)
    86        3:3        2:2   +   0.514 (37,4,4,3,1,1,2,4,0)
    87        3:3        3:3       0.73 (29,3,3,4,1,1,3,4,0)
    88        3:3        2:2   +   0.461 (25,4,4,2,1,1,1,3,0)
    89        3:3        2:2   +   0.354 (38,4,4,3,0,0,3,3,1)
    90        3:3        3:3       0.698 (21,3,3,1,1,1,3,3,0)
    91        3:3        3:3       0.453 (33,3,4,4,1,0,2,4,0)
    92        3:3        3:3       0.619 (26,3,4,4,1,1,2,3,0)
    93        3:3        3:3       0.57 (22,1,2,2,1,1,3,4,0)
    94        3:3        3:3       0.48 (22,3,4,1,1,0,1,4,0)
    95        3:3        3:3       0.642 (37,2,4,3,1,1,2,3,0)
    96        3:3        1:1   +   0.771 (18,3,3,1,1,1,2,2,0)
    97        3:3        2:2   +   0.479 (28,4,4,2,0,1,2,4,0)
    98        3:3        3:3       0.713 (37,2,3,9,1,1,3,3,0)
    99        3:3        3:3       0.6 (29,4,4,3,1,1,3,4,0)
   100        3:3        2:2   +   0.619 (32,4,4,2,1,0,1,3,0)
   101        3:3        3:3       0.666 (24,1,3,4,1,1,3,3,0)
   102        3:3        3:3       0.645 (30,3,3,7,1,1,3,4,0)
   103        3:3        2:2   +   0.887 (42,4,4,5,1,1,1,4,0)
   104        3:3        3:3       0.547 (28,2,2,5,1,0,2,4,0)
   105        3:3        3:3       0.565 (25,4,4,2,1,1,1,2,0)
   106        3:3        3:3       0.511 (28,2,3,6,1,1,2,4,0)
   107        3:3        3:3       0.675 (23,2,3,3,1,1,2,3,0)
   108        3:3        3:3       0.464 (29,3,3,1,0,0,2,4,0)
   109        3:3        3:3       0.574 (37,3,3,6,1,1,3,3,0)
   110        3:3        3:3       0.596 (43,3,3,5,1,0,3,3,0)
   111        3:3        2:2   +   0.526 (31,4,4,4,1,0,3,4,0)
   112        3:3        2:2   +   0.445 (31,4,4,3,1,1,4,4,0)
   113        3:3        3:3       0.503 (23,4,4,2,1,1,3,4,0)
   114        3:3        3:3       0.705 (26,3,4,2,1,1,3,3,0)
   115        3:3        1:1   +   0.55 (32,1,2,6,0,1,2,3,0)
   116        3:3        1:1   +   0.624 (31,3,3,3,1,1,2,1,1)
   117        3:3        3:3       0.678 (21,4,4,1,1,1,3,1,0)
     1        1:1        3:3   +   0.559 (27,2,4,1,1,0,1,1,0)
     2        1:1        3:3   +   0.468 (25,4,4,1,0,1,2,3,0)
     3        1:1        1:1       0.633 (49,2,3,4,1,1,2,3,0)
     4        1:1        3:3   +   0.59 (36,1,4,1,1,1,3,3,0)
     5        1:1        1:1       0.953 (35,1,2,0,1,0,4,4,0)
     6        1:1        3:3   +   0.684 (31,3,3,2,1,0,3,3,0)
     7        1:1        2:2   +   0.452 (28,4,4,1,1,0,1,3,0)
     8        1:1        2:2   +   0.479 (37,3,4,7,1,1,3,4,0)
     9        1:1        1:1       0.945 (37,1,3,0,1,1,3,4,0)
    10        1:1        1:1       0.877 (24,3,4,0,1,0,2,3,0)
    11        1:1        1:1       0.604 (40,2,2,8,1,1,1,3,0)
    12        1:1        2:2   +   0.685 (26,4,4,3,1,1,1,4,0)
    13        1:1        1:1       0.91 (47,1,1,4,1,1,2,2,0)
    14        1:1        2:2   +   0.747 (46,4,4,10,1,1,1,3,0)
    15        1:1        1:1       0.6 (48,3,4,8,1,1,3,3,0)
    16        1:1        2:2   +   0.727 (45,4,4,1,1,0,1,4,0)
    17        1:1        2:2   +   0.433 (40,4,4,2,1,1,3,4,0)
    18        1:1        3:3   +   0.536 (35,3,4,6,1,0,2,2,0)
    19        1:1        1:1       0.918 (38,1,2,6,1,1,2,1,1)
    20        1:1        3:3   +   0.541 (32,2,3,4,0,1,2,4,0)
    21        1:1        3:3   +   0.562 (41,3,2,11,1,1,2,3,0)
    22        1:1        3:3   +   0.744 (24,2,2,4,1,1,3,4,0)
    23        1:1        2:2   +   0.499 (24,4,4,1,1,0,1,3,0)
    24        1:1        3:3   +   0.563 (19,3,3,1,1,1,2,4,0)
    25        1:1        1:1       0.579 (47,3,3,2,1,1,2,4,0)
    26        1:1        3:3   +   0.545 (38,2,4,5,1,1,3,3,0)
    27        1:1        2:2   +   0.777 (35,4,4,5,1,1,1,4,0)
    28        1:1        1:1       0.981 (21,1,3,0,1,0,3,4,1)
    29        1:1        2:2   +   0.715 (45,4,4,1,1,1,1,4,0)
    30        1:1        3:3   +   0.788 (22,3,4,2,1,1,3,3,0)
    31        1:1        2:2   +   0.709 (47,4,4,2,1,1,1,4,0)
    32        1:1        2:2   +   0.626 (27,4,4,2,1,0,1,4,0)
    33        1:1        3:3   +   0.554 (41,2,4,1,1,1,2,3,0)
    34        2:2        2:2       0.76 (47,4,4,6,1,0,1,4,0)
    35        2:2        3:3   +   0.551 (35,1,2,9,1,0,3,1,0)
    36        2:2        3:3   +   0.515 (24,4,4,1,1,1,2,4,0)
    37        2:2        3:3   +   0.683 (35,3,3,6,1,1,2,3,0)
    38        2:2        2:2       0.853 (44,4,4,7,1,1,2,4,0)
    39        2:2        2:2       0.534 (38,4,4,6,1,0,3,3,0)
    40        2:2        3:3   +   0.562 (33,4,4,3,1,1,3,3,0)
    41        2:2        2:2       0.476 (25,4,4,1,1,0,1,4,0)
    42        2:2        3:3   +   0.576 (28,3,4,2,0,1,3,3,0)
    43        2:2        2:2       0.539 (31,4,4,3,0,1,2,4,0)
    44        2:2        2:2       0.9 (41,4,4,4,1,0,1,4,0)
    45        2:2        3:3   +   0.684 (31,3,3,2,1,0,3,3,0)
    46        2:2        2:2       0.511 (31,4,4,1,1,1,1,4,0)
    47        2:2        3:3   +   0.547 (36,3,3,4,1,1,1,3,0)
    48        2:2        2:2       0.905 (48,4,4,4,0,1,1,4,0)
    49        2:2        2:2       0.872 (40,4,4,6,0,0,1,4,0)
    50        2:2        2:2       0.735 (35,4,4,3,1,1,1,4,0)
    51        2:2        3:3   +   0.636 (29,4,4,3,1,0,3,3,0)
    52        2:2        2:2       0.751 (37,4,4,3,1,1,1,4,0)
    53        2:2        2:2       0.554 (24,4,4,1,1,1,1,4,0)
    54        2:2        2:2       0.896 (42,4,4,3,1,0,1,4,0)
    55        2:2        3:3   +   0.547 (25,3,3,1,1,1,3,1,0)
    56        2:2        2:2       0.758 (45,4,4,3,0,1,2,4,0)
    57        2:2        2:2       0.922 (41,4,4,6,0,1,1,4,0)
    58        2:2        2:2       0.736 (36,4,4,3,0,1,2,4,0)
    59        2:2        2:2       0.554 (27,4,4,1,1,1,1,4,0)
    60        2:2        2:2       0.884 (45,4,4,7,1,1,1,4,0)
    61        2:2        1:1   +   0.762 (47,2,2,7,1,1,2,4,0)
    62        2:2        3:3   +   0.531 (23,3,3,2,1,0,3,4,0)
    63        2:2        2:2       0.832 (42,4,4,6,1,1,1,3,0)
    64        2:2        2:2       0.688 (46,4,4,2,1,0,1,4,0)
    65        2:2        2:2       0.673 (32,4,4,2,0,0,2,4,0)
    66        2:2        3:3   +   0.567 (21,4,4,1,1,1,1,3,0)
    67        3:3        2:2   +   0.788 (37,4,4,3,1,0,1,4,0)
    68        3:3        3:3       0.57 (32,2,2,6,1,1,2,3,0)
    69        3:3        3:3       0.673 (30,2,3,7,1,1,3,3,0)
    70        3:3        2:2   +   0.859 (42,4,4,5,0,1,2,4,0)
    71        3:3        3:3       0.687 (25,3,4,3,1,1,3,4,0)
    72        3:3        3:3       0.629 (30,3,4,3,0,1,3,3,0)
    73        3:3        3:3       0.42 (33,3,3,8,1,1,3,4,0)
    74        3:3        3:3       0.531 (29,1,2,5,1,0,1,2,0)
    75        3:3        3:3       0.662 (32,2,4,3,1,1,3,4,0)
    76        3:3        2:2   +   0.742 (33,4,4,3,0,0,2,4,0)
    77        3:3        3:3       0.625 (21,2,3,1,1,0,3,2,0)
    78        3:3        3:3       0.537 (38,2,3,3,1,1,2,4,0)
    79        3:3        3:3       0.75 (25,3,3,3,1,1,3,2,0)
    80        3:3        2:2   +   0.736 (36,4,4,3,0,1,2,4,0)
    81        3:3        3:3       0.504 (33,4,4,5,1,1,3,3,0)
    82        3:3        2:2   +   0.82 (32,4,4,4,1,0,1,4,0)
    83        3:3        3:3       0.618 (29,4,4,2,1,1,3,4,0)
    84        3:3        2:2   +   0.805 (37,4,4,1,0,1,1,4,0)
    85        3:3        3:3       0.714 (31,2,2,4,1,1,3,3,0)
    86        3:3        2:2   +   0.828 (43,4,4,5,1,1,1,4,0)
    87        3:3        3:3       0.55 (37,2,4,4,1,0,2,3,0)
    88        3:3        3:3       0.622 (17,3,4,1,1,1,2,1,0)
    89        3:3        3:3       0.673 (25,2,3,4,1,0,3,2,0)
    90        3:3        2:2   +   0.615 (36,4,4,6,0,1,1,2,1)
    91        3:3        2:2   +   0.789 (33,4,4,2,0,0,1,3,0)
    92        3:3        3:3       0.614 (32,2,4,5,1,1,3,4,0)
    93        3:3        3:3       0.811 (30,2,3,3,1,1,3,3,0)
    94        3:3        2:2   +   0.768 (32,4,4,3,1,0,1,4,0)
    95        3:3        3:3       0.471 (46,2,2,5,1,1,2,4,0)
    96        3:3        3:3       0.526 (28,3,4,5,1,1,2,4,0)
    97        3:3        3:3       0.736 (28,3,3,4,1,1,3,3,0)
    98        3:3        2:2   +   0.839 (42,4,4,3,0,1,2,4,0)
    99        3:3        3:3       0.783 (25,3,3,3,1,1,3,3,0)
   100        3:3        3:3       0.586 (22,4,4,1,1,1,2,4,0)
   101        3:3        1:1   +   0.639 (23,2,2,1,1,1,2,4,0)
   102        3:3        2:2   +   0.486 (39,3,3,8,1,0,1,4,0)
   103        3:3        2:2   +   0.438 (25,4,4,1,1,1,1,4,0)
   104        3:3        2:2   +   0.538 (39,3,4,2,1,1,1,3,0)
   105        3:3        2:2   +   0.803 (35,4,4,1,0,1,1,4,0)
   106        3:3        3:3       0.711 (32,1,3,4,1,1,3,3,0)
   107        3:3        3:3       0.586 (27,4,4,3,1,1,3,4,1)
   108        3:3        3:3       0.745 (30,4,3,4,1,1,3,3,0)
   109        3:3        1:1   +   0.43 (43,3,3,2,0,0,3,4,0)
   110        3:3        3:3       0.44 (28,4,4,5,1,1,2,4,0)
   111        3:3        3:3       0.561 (38,3,4,3,1,1,3,2,0)
   112        3:3        2:2   +   0.557 (37,4,4,3,1,1,2,4,0)
   113        3:3        2:2   +   0.554 (24,4,4,1,1,1,1,4,0)
   114        3:3        3:3       0.764 (19,3,3,3,1,1,2,3,0)
   115        3:3        3:3       0.612 (28,3,4,2,1,1,3,4,0)
   116        3:3        3:3       0.474 (30,4,4,2,0,0,3,3,0)
   117        3:3        3:3       0.539 (20,4,3,1,1,1,3,4,0)

