
Options: -K 5 -E 

IB1 instance-based classifier
using 5 nearest neighbour(s) for classification


Time taken to build model: 0.19 seconds
Time taken to test model on training data: 0.77 seconds

=== Error on training data ===

Correctly Classified Instances         694               58.9134 %
Incorrectly Classified Instances       484               41.0866 %
Kappa statistic                          0.3547
K&B Relative Info Score              29904.0518 %
K&B Information Score                  464.614  bits      0.3944 bits/instance
Class complexity | order 0            1830.0531 bits      1.5535 bits/instance
Class complexity | scheme             1474.005  bits      1.2513 bits/instance
Complexity improvement     (Sf)        356.0482 bits      0.3022 bits/instance
Mean absolute error                      0.3563
Root mean squared error                  0.4182
Relative absolute error                 82.0279 %
Root relative squared error             89.7311 %
Total Number of Instances             1178     


=== Detailed Accuracy By Class ===

               TP Rate   FP Rate   Precision   Recall  F-Measure   ROC Area  Class
                 0.446     0.098      0.642     0.446     0.527      ?        1
                 0.535     0.167      0.558     0.535     0.546      ?        2
                 0.718     0.39       0.585     0.718     0.645      ?        3
Weighted Avg.    0.589     0.244      0.594     0.589     0.583      0    


=== Confusion Matrix ===

   a   b   c   <-- classified as
 149  49 136 |   a = 1
  31 178 124 |   b = 2
  52  92 367 |   c = 3


=== Error on test data ===

Correctly Classified Instances          87               29.4915 %
Incorrectly Classified Instances       208               70.5085 %
Kappa statistic                          0     
K&B Relative Info Score               4204.7753 %
K&B Information Score                   65.3289 bits      0.2215 bits/instance
Class complexity | order 0             536.2439 bits      1.8178 bits/instance
Class complexity | scheme              677.2928 bits      2.2959 bits/instance
Complexity improvement     (Sf)       -141.0489 bits     -0.4781 bits/instance
Mean absolute error                      0.4544
Root mean squared error                  0.5208
Relative absolute error                 95.1543 %
Root relative squared error            102.0631 %
Total Number of Instances              295     


=== Detailed Accuracy By Class ===

               TP Rate   FP Rate   Precision   Recall  F-Measure   ROC Area  Class
                 0.295     0          1         0.295     0.455      ?        1
                 0         0.176      0         0         0          ?        2
                 0         0.529      0         0         0          ?        3
Weighted Avg.    0.295     0          1         0.295     0.455      0    


=== Confusion Matrix ===

   a   b   c   <-- classified as
  87  52 156 |   a = 1
   0   0   0 |   b = 2
   0   0   0 |   c = 3

