
Logistic Regression with ridge parameter of 1.0E-8
Coefficients...
               Class
Variable         win     loss
=============================
a1=x         -0.5305   0.6496
a1=o          0.3771  -0.7334
a1=b          0.1719   0.0433
a2=x         -0.6383   0.4152
a2=o          0.4849  -0.6785
a2=b          0.0988   0.1738
a3=x         -0.5963   0.5616
a3=o          0.4942  -0.4315
a3=b          0.0451   -0.062
a4=x         -0.4907   0.4202
a4=o          0.1209  -0.6152
a4=b          0.1859   0.1192
a5=x         -0.7535   0.8153
a5=o          0.7249  -0.7445
a5=b          0.0176  -0.0393
a6=x         -1.1514   1.3955
a6=o          0.8367  -0.9542
a6=b         -0.2465   0.2566
b1=x          -0.289   0.1929
b1=o          0.1935  -0.1435
b1=b          0.1373  -0.0775
b2=x          0.6827   0.0431
b2=o         -0.3619   0.1311
b2=b         -0.2124  -0.1186
b3=x         -0.1373  -0.4911
b3=o         -0.1204   0.6055
b3=b          0.1463  -0.0847
b4=x          0.3067  -0.3416
b4=o         -0.2944   0.2561
b4=b           0.004   0.0348
b5=x         -0.8215   0.0763
b5=o          0.7756  -0.2222
b5=b          0.0095   0.0772
b6=x         -1.5876   1.2628
b6=o          0.8302   -1.194
b6=b         -0.1076   0.4611
c1=x         -0.1028  -0.0345
c1=o         -0.0507  -0.1083
c1=b          0.1662    0.122
c2=x          0.7708  -0.4272
c2=o         -0.3512   0.6368
c2=b          -0.241  -0.1898
c3=x          0.9397  -0.6014
c3=o         -1.2338   0.6905
c3=b          0.2643  -0.1083
c4=x          0.3093  -0.8535
c4=o            -0.4   0.5919
c4=b           0.063   0.1078
c5=x         -0.4737   0.1299
c5=o           0.403   -0.274
c5=b          0.0176    0.082
c6=x         -1.8748   0.5254
c6=o          0.9395  -0.7157
c6=b         -0.0704   0.3336
d1=x          1.1758  -0.2744
d1=o         -0.5391   0.1583
d1=b          0.0253  -0.0357
d2=x          0.7115  -1.4483
d2=o         -0.0261   2.0769
d2=b         -0.4739    0.046
d3=x          1.6452  -0.7468
d3=o         -2.2719   1.2061
d3=b          0.3454  -0.2498
d4=x          0.2531  -1.7114
d4=o          0.5029   2.1797
d4=b         -0.4024  -0.4759
d5=x          0.4717   0.7336
d5=o         -0.3077  -0.0423
d5=b         -0.0447  -0.3105
d6=x         -3.0699  -1.7843
d6=o          1.7636    1.195
d6=b         -0.8843  -0.6531
e1=x         -0.1743   0.0901
e1=o           0.171  -0.1922
e1=b         -0.0866   0.1356
e2=x          0.5477  -0.4923
e2=o           -0.29   0.7823
e2=b           -0.19  -0.0896
e3=x          0.9011  -0.4716
e3=o         -1.3323   0.3906
e3=b          0.1266   0.0804
e4=x          0.4743  -0.5417
e4=o         -0.4592   0.5014
e4=b          0.0325  -0.0245
e5=x         -0.7539   0.5395
e5=o          0.2243  -0.6905
e5=b          0.2062   0.1515
e6=x         -2.3038   1.2121
e6=o          1.1214  -0.2727
e6=b         -0.3783  -0.0496
f1=x         -0.1187   0.1004
f1=o          0.2101  -0.1841
f1=b         -0.0837   0.0759
f2=x          0.3183  -0.1566
f2=o         -0.2342   0.1183
f2=b         -0.0462   0.0209
f3=x          0.0884  -0.1783
f3=o          0.0206   0.6823
f3=b         -0.0582  -0.2662
f4=x          0.4567  -0.2059
f4=o         -0.2631   0.1331
f4=b          -0.069   0.0231
f5=x         -1.0746   0.1689
f5=o          0.5404  -0.1338
f5=b          0.1127   0.0116
f6=x         -3.9154  -1.0301
f6=o          0.9241  -0.6799
f6=b          0.0779   0.7528
g1=x          -0.545    0.536
g1=o          0.5808  -0.7074
g1=b         -0.0069   0.1183
g2=x         -0.7791   0.3948
g2=o          0.5797  -0.5478
g2=b          0.1046   0.1054
g3=x         -0.6983   0.4942
g3=o           0.632  -0.3387
g3=b          0.0187  -0.0735
g4=x          -0.474   0.4028
g4=o          0.2113  -0.5066
g4=b          0.1082   0.0894
g5=x         -0.9815   1.1114
g5=o          0.7133  -0.6327
g5=b          -0.078  -0.0218
g6=x         -3.6561   0.7945
g6=o          0.9642  -1.3819
g6=b         -0.0595   0.9563
Intercept     3.5052  -1.0129


Odds Ratios...
               Class
Variable         win     loss
=============================
a1=x          0.5883   1.9149
a1=o           1.458   0.4803
a1=b          1.1876   1.0443
a2=x          0.5282   1.5146
a2=o           1.624   0.5074
a2=b          1.1038   1.1898
a3=x          0.5509   1.7535
a3=o          1.6392   0.6495
a3=b          1.0461   0.9399
a4=x          0.6122   1.5223
a4=o          1.1285   0.5405
a4=b          1.2043   1.1266
a5=x          0.4707     2.26
a5=o          2.0645    0.475
a5=b          1.0177   0.9614
a6=x          0.3162   4.0369
a6=o          2.3087   0.3851
a6=b          0.7815   1.2926
b1=x           0.749   1.2128
b1=o          1.2135   0.8663
b1=b          1.1472   0.9254
b2=x          1.9792   1.0441
b2=o          0.6964   1.1401
b2=b          0.8086   0.8881
b3=x          0.8717   0.6119
b3=o          0.8866   1.8322
b3=b          1.1575   0.9188
b4=x           1.359   0.7107
b4=o           0.745   1.2919
b4=b           1.004   1.0354
b5=x          0.4398   1.0793
b5=o          2.1719   0.8007
b5=b          1.0096   1.0802
b6=x          0.2044   3.5354
b6=o          2.2938    0.303
b6=b           0.898   1.5858
c1=x          0.9023   0.9661
c1=o          0.9506   0.8974
c1=b          1.1808   1.1298
c2=x          2.1615   0.6524
c2=o          0.7039   1.8904
c2=b          0.7858   0.8271
c3=x          2.5591    0.548
c3=o          0.2912   1.9948
c3=b          1.3025   0.8974
c4=x          1.3625   0.4259
c4=o          0.6703   1.8074
c4=b           1.065   1.1138
c5=x          0.6227   1.1387
c5=o          1.4964   0.7603
c5=b          1.0177   1.0854
c6=x          0.1534   1.6911
c6=o          2.5586   0.4889
c6=b           0.932    1.396
d1=x          3.2406     0.76
d1=o          0.5833   1.1715
d1=b          1.0256    0.965
d2=x          2.0369    0.235
d2=o          0.9742   7.9794
d2=b          0.6226   1.0471
d3=x          5.1818   0.4739
d3=o          0.1031   3.3405
d3=b          1.4126   0.7789
d4=x           1.288   0.1806
d4=o          1.6536   8.8437
d4=b          0.6687   0.6213
d5=x          1.6027   2.0826
d5=o          0.7351   0.9586
d5=b          0.9563   0.7331
d6=x          0.0464   0.1679
d6=o          5.8335   3.3036
d6=b           0.413   0.5204
e1=x            0.84   1.0943
e1=o          1.1865   0.8252
e1=b           0.917   1.1452
e2=x          1.7293   0.6112
e2=o          0.7482   2.1865
e2=b           0.827   0.9143
e3=x          2.4622    0.624
e3=o          0.2639   1.4779
e3=b           1.135   1.0837
e4=x          1.6069   0.5818
e4=o          0.6318    1.651
e4=b          1.0331   0.9758
e5=x          0.4705   1.7151
e5=o          1.2514   0.5013
e5=b          1.2289   1.1636
e6=x          0.0999   3.3605
e6=o          3.0693   0.7613
e6=b           0.685   0.9517
f1=x          0.8881   1.1056
f1=o          1.2338   0.8319
f1=b          0.9197   1.0788
f2=x          1.3748   0.8551
f2=o          0.7912   1.1256
f2=b          0.9548   1.0211
f3=x          1.0925   0.8367
f3=o          1.0208   1.9785
f3=b          0.9435   0.7663
f4=x          1.5788   0.8139
f4=o          0.7687   1.1423
f4=b          0.9333   1.0234
f5=x          0.3414    1.184
f5=o          1.7168   0.8748
f5=b          1.1193   1.0116
f6=x          0.0199    0.357
f6=o          2.5197   0.5067
f6=b          1.0811   2.1229
g1=x          0.5799   1.7092
g1=o          1.7874   0.4929
g1=b          0.9931   1.1256
g2=x          0.4588   1.4841
g2=o          1.7855   0.5782
g2=b          1.1103   1.1111
g3=x          0.4974   1.6391
g3=o          1.8814   0.7127
g3=b          1.0189   0.9291
g4=x          0.6225    1.496
g4=o          1.2353   0.6026
g4=b          1.1142   1.0935
g5=x          0.3747   3.0388
g5=o          2.0407   0.5311
g5=b          0.9249   0.9784
g6=x          0.0258   2.2134
g6=o          2.6228   0.2511
g6=b          0.9422    2.602


Time taken to build model: 41 seconds
Time taken to test model on training data: 0.34 seconds

=== Error on training data ===

Correctly Classified Instances       40829               75.5463 %
Incorrectly Classified Instances     13216               24.4537 %
Kappa statistic                          0.4646
K&B Relative Info Score            1950525.8284 %
K&B Information Score                24303.3878 bits      0.4497 bits/instance
Class complexity | order 0           67337.4363 bits      1.246  bits/instance
Class complexity | scheme            47374.9217 bits      0.8766 bits/instance
Complexity improvement     (Sf)      19962.5146 bits      0.3694 bits/instance
Mean absolute error                      0.2278
Root mean squared error                  0.3374
Relative absolute error                 66.9086 %
Root relative squared error             81.7724 %
Total Number of Instances            54045     


=== Detailed Accuracy By Class ===

               TP Rate   FP Rate   Precision   Recall  F-Measure   ROC Area  Class
                 0.91      0.443      0.787     0.91      0.844      0.865    win
                 0.656     0.114      0.666     0.656     0.661      0.88     loss
                 0.018     0.002      0.505     0.018     0.034      0.76     draw
Weighted Avg.    0.755     0.314      0.728     0.755     0.716      0.858


=== Confusion Matrix ===

     a     b     c   <-- classified as
 31623  3078    47 |     a = win
  4725  9110    47 |     b = loss
  3824  1495    96 |     c = draw


=== Error on test data ===

Correctly Classified Instances       10388               76.8798 %
Incorrectly Classified Instances      3124               23.1202 %
Kappa statistic                          0.3392
K&B Relative Info Score             475394.7189 %
K&B Information Score                 5923.3782 bits      0.4384 bits/instance
Class complexity | order 0           15027.6521 bits      1.1122 bits/instance
Class complexity | scheme            12203.8857 bits      0.9032 bits/instance
Complexity improvement     (Sf)       2823.7663 bits      0.209  bits/instance
Mean absolute error                      0.1793
Root mean squared error                  0.3381
Relative absolute error                 56.3411 %
Root relative squared error             87.9064 %
Total Number of Instances            13512     


=== Detailed Accuracy By Class ===

               TP Rate   FP Rate   Precision   Recall  F-Measure   ROC Area  Class
                 0.945     0.659      0.786     0.945     0.859      0.856    win
                 0.434     0.058      0.656     0.434     0.522      0.879    loss
                 0.001     0          1         0.001     0.002      0.744    draw
Weighted Avg.    0.769     0.486      0.776     0.769     0.724      0.852


=== Confusion Matrix ===

    a    b    c   <-- classified as
 9193  532    0 |    a = win
 1559 1194    0 |    b = loss
  938   95    1 |    c = draw

