

=== Predictions under cross-validation ===

 inst#     actual  predicted error prediction (Sequence_Name,mcg,gvh,lip,chg,aac,alm1,alm2)
     1       2:im       2:im       1 (PTCC_ECOLI,0.5,0.57,0.48,0.5,0.71,0.61,0.66)
     2       2:im       2:im       0.874 (PTBA_ECOLI,0.51,0.4,0.48,0.5,0.57,0.62,0.67)
     3       2:im       2:im       1 (PNTA_ECOLI,0.33,0.37,0.48,0.5,0.46,0.65,0.69)
     4       2:im       2:im       0.862 (EXBB_ECOLI,0.47,0.55,0.48,0.5,0.58,0.71,0.75)
     5       2:im      4:imU   +   0.993 (DHG_ECOLI,0.84,0.44,0.48,0.5,0.48,0.71,0.74)
     6       2:im       2:im       0.89 (KDGL_ECOLI,0.33,0.45,0.48,0.5,0.45,0.88,0.89)
     7       2:im      4:imU   +   0.584 (NHAA_ECOLI,0.89,0.55,0.48,0.5,0.51,0.72,0.76)
     8       2:im       2:im       0.903 (LYSP_ECOLI,0.34,0.51,0.48,0.5,0.67,0.9,0.9)
     9       5:om       5:om       0.802 (OMPT_ECOLI,0.63,0.49,0.48,0.5,0.79,0.45,0.28)
    10       5:om       3:pp   +   1 (TOLC_ECOLI,0.71,0.71,0.48,0.5,0.68,0.43,0.36)
    11       1:cp       1:cp       0.99 (PNP_ECOLI,0.36,0.56,0.48,0.5,0.43,0.45,0.53)
    12       1:cp       1:cp       1 (PHOB_ECOLI,0.41,0.43,0.48,0.5,0.45,0.31,0.41)
    13       1:cp       1:cp       1 (SYR_ECOLI,0.4,0.46,0.48,0.5,0.42,0.35,0.44)
    14       1:cp       1:cp       1 (XGPT_ECOLI,0.27,0.42,0.48,0.5,0.37,0.38,0.43)
    15       1:cp       1:cp       0.998 (PTFA_ECOLI,0.34,0.46,0.48,0.5,0.52,0.35,0.44)
    16       1:cp       1:cp       0.691 (RND_ECOLI,0.44,0.49,0.48,0.5,0.39,0.38,0.4)
    17       1:cp       1:cp       1 (PTGA_ECOLI,0.4,0.42,0.48,0.5,0.37,0.27,0.27)
    18       1:cp       3:pp   +   0.697 (SOXS_ECOLI,0.32,0.33,0.48,0.5,0.6,0.06,0.2)
    19      4:imU      4:imU       1 (GLTS_ECOLI,0.58,0.6,0.48,0.5,0.59,0.73,0.76)
    20      4:imU       2:im   +   0.993 (TYRP_ECOLI,0.86,0.55,0.48,0.5,0.63,0.81,0.83)
    21      4:imU       2:im   +   1 (NUPG_ECOLI,0.64,0.45,0.48,0.5,0.67,0.61,0.66)
    22       3:pp       3:pp       0.957 (POTD_ECOLI,0.63,0.8,0.48,0.5,0.46,0.31,0.29)
    23       3:pp       5:om   +   0.992 (YTFQ_ECOLI,0.74,0.74,0.48,0.5,0.31,0.53,0.52)
    24       3:pp       2:im   +   0.911 (UGPB_ECOLI,0.71,0.57,0.48,0.5,0.48,0.35,0.32)
    25       3:pp       3:pp       1 (PPA_ECOLI,0.69,0.59,0.48,0.5,0.46,0.44,0.52)
    26       3:pp       3:pp       0.505 (MALE_ECOLI,0.64,0.84,0.48,0.5,0.37,0.45,0.4)
    27       3:pp       3:pp       1 (DGAL_ECOLI,0.63,1,0.48,0.5,0.35,0.51,0.49)
     1       2:im       2:im       1 (AROP_ECOLI,0.43,0.4,0.48,0.5,0.58,0.75,0.78)
     2       2:im       2:im       1 (PTOA_ECOLI,0.35,0.51,0.48,0.5,0.61,0.71,0.74)
     3       2:im       2:im       0.998 (PTTB_ECOLI,0.31,0.44,0.48,0.5,0.5,0.79,0.82)
     4       2:im       1:cp   +   0.708 (DCTA_ECOLI,0.73,0.36,0.48,0.5,0.53,0.91,0.92)
     5       2:im       2:im       0.935 (FRDD_ECOLI,0.64,0.58,0.48,0.5,0.48,0.78,0.73)
     6       2:im       2:im       0.988 (ATP6_ECOLI,0.27,0.35,0.48,0.5,0.51,0.77,0.79)
     7       2:im       2:im       0.999 (LACY_ECOLI,0.71,0.4,0.48,0.5,0.71,0.7,0.74)
     8       2:im       2:im       0.905 (KGTP_ECOLI,0.45,0.4,0.48,0.5,0.61,0.74,0.77)
     9       5:om       5:om       0.773 (OMPC_ECOLI,0.73,0.84,0.48,0.5,0.86,0.58,0.29)
    10       5:om       5:om       0.953 (TSX_ECOLI,0.68,0.76,0.48,0.5,0.84,0.45,0.27)
    11       1:cp       3:pp   +   0.934 (PTKB_ECOLI,0.64,0.76,0.48,0.5,0.45,0.35,0.38)
    12       1:cp       1:cp       0.991 (RHAR_ECOLI,0.51,0.46,0.48,0.5,0.58,0.31,0.41)
    13       1:cp       1:cp       0.999 (NFRC_ECOLI,0.44,0.51,0.48,0.5,0.47,0.26,0.36)
    14       1:cp       1:cp       0.997 (PTWB_ECOLI,0.57,0.54,0.48,0.5,0.37,0.28,0.33)
    15       1:cp       1:cp       0.992 (SYW_ECOLI,0.39,0.31,0.48,0.5,0.38,0.34,0.43)
    16       1:cp       3:pp   +   0.507 (SYV_ECOLI,0,0.38,0.48,0.5,0.42,0.48,0.55)
    17       1:cp       1:cp       0.986 (UVRC_ECOLI,0.44,0.35,0.48,0.5,0.44,0.52,0.59)
    18       1:cp       3:pp   +   0.984 (MURF_ECOLI,0.35,0.48,0.48,0.5,0.56,0.4,0.48)
    19      4:imU       3:pp   +   0.533 (DPPB_ECOLI,0.64,0.46,0.48,0.5,0.48,0.73,0.76)
    20      4:imU       2:im   +   0.697 (CYOE_ECOLI,0.67,0.37,0.48,0.5,0.54,0.64,0.68)
    21      4:imU       2:im   +   1 (PTKC_ECOLI,0.73,0.26,0.48,0.5,0.57,0.75,0.78)
    22       3:pp       3:pp       0.883 (DPPA_ECOLI,0.57,0.59,0.48,0.5,0.39,0.47,0.33)
    23       3:pp       3:pp       0.977 (FIMC_ECOLI,0.63,0.57,0.48,0.5,0.49,0.7,0.2)
    24       3:pp       1:cp   +   0.556 (XYLF_ECOLI,0.59,0.61,0.48,0.5,0.42,0.42,0.37)
    25       3:pp       1:cp   +   1 (FECR_ECOLI,0.32,0.39,0.48,0.5,0.53,0.28,0.38)
    26       3:pp       3:pp       0.999 (MODA_ECOLI,0.63,0.65,0.48,0.5,0.39,0.44,0.35)
    27      6:omL       5:om   +   0.988 (SLP_ECOLI,0.68,0.49,1,0.5,0.62,0.55,0.28)
     1       2:im       5:om   +   0.766 (MTR_ECOLI,0.74,0.7,0.48,0.5,0.66,0.65,0.69)
     2       2:im      4:imU   +   0.608 (ATKB_ECOLI,0.46,0.61,0.48,0.5,0.48,0.86,0.87)
     3       2:im       5:om   +   0.545 (DSBB_ECOLI,0.5,0.66,0.48,0.5,0.31,0.92,0.92)
     4       2:im       5:om   +   0.821 (DPPC_ECOLI,0.48,0.41,0.48,0.5,0.51,0.9,0.88)
     5       2:im       5:om   +   0.612 (EMRB_ECOLI,0.71,0.52,0.48,0.5,0.64,1,0.99)
     6       2:im       5:om   +   0.741 (LGT_ECOLI,0.5,0.37,0.48,0.5,0.66,0.64,0.69)
     7       2:im       5:om   +   0.667 (EXBD_ECOLI,0.46,0.59,0.48,0.5,0.36,0.76,0.23)
     8       2:im       5:om   +   0.655 (NANT_ECOLI,0.2,0.46,0.48,0.5,0.57,0.78,0.81)
     9       5:om       5:om       0.879 (OMPX_ECOLI,0.77,0.57,0.48,0.5,0.88,0.53,0.2)
    10       5:om       5:om       0.986 (FHUE_ECOLI,0.6,0.76,1,0.5,0.77,0.59,0.52)
    11       1:cp       5:om   +   0.894 (NHAR_ECOLI,0.37,0.5,0.48,0.5,0.42,0.36,0.45)
    12       1:cp       5:om   +   0.93 (RIMI_ECOLI,0.24,0.57,0.48,0.5,0.63,0.34,0.43)
    13       1:cp       5:om   +   0.967 (SYFA_ECOLI,0.41,0.51,0.48,0.5,0.58,0.2,0.31)
    14       1:cp       5:om   +   0.912 (USPA_ECOLI,0.4,0.41,0.48,0.5,0.55,0.22,0.33)
    15       1:cp       5:om   +   0.974 (THGA_ECOLI,0.27,0.3,0.48,0.5,0.71,0.28,0.39)
    16       1:cp       5:om   +   0.595 (PGK_ECOLI,0.34,0.28,0.48,0.5,0.41,0.35,0.44)
    17       1:cp       5:om   +   0.989 (UGPQ_ECOLI,0.26,0.4,0.48,0.5,0.36,0.26,0.37)
    18       1:cp       5:om   +   0.783 (PT1_ECOLI,0.52,0.44,0.48,0.5,0.37,0.36,0.42)
    19      4:imU       5:om   +   0.715 (KUP_ECOLI,0.62,0.42,0.48,0.5,0.58,0.79,0.81)
    20      4:imU      4:imU       0.526 (PNTB_ECOLI,0.81,0.52,0.48,0.5,0.57,0.78,0.8)
    21      4:imU       2:im   +   0.741 (RHAT_ECOLI,0.49,0.61,1,0.5,0.56,0.71,0.74)
    22       3:pp       5:om   +   0.88 (FECB_ECOLI,0.68,0.82,0.48,0.5,0.38,0.65,0.56)
    23       3:pp       5:om   +   0.953 (TBPA_ECOLI,0.56,0.54,0.48,0.5,0.43,0.37,0.3)
    24       3:pp       5:om   +   0.819 (CYSP_ECOLI,0.67,0.61,0.48,0.5,0.51,0.37,0.38)
    25       3:pp       5:om   +   0.773 (TOLB_ECOLI,0.69,0.65,0.48,0.5,0.63,0.48,0.41)
    26       3:pp       5:om   +   0.968 (MEPA_ECOLI,0.75,0.84,0.48,0.5,0.35,0.52,0.33)
    27      6:omL       5:om   +   0.94 (MULI_ECOLI,0.77,0.57,1,0.5,0.37,0.54,0.01)
     1       2:im      4:imU   +   1 (RODA_ECOLI,0.61,0.66,0.48,0.5,0.46,0.87,0.88)
     2       2:im      4:imU   +   1 (EMRA_ECOLI,0.06,0.61,0.48,0.5,0.49,0.92,0.37)
     3       2:im      4:imU   +   0.999 (MOTB_ECOLI,0.3,0.51,0.48,0.5,0.42,0.61,0.34)
     4       2:im      4:imU   +   0.984 (PTHB_ECOLI,0.36,0.47,0.48,0.5,0.51,0.69,0.72)
     5       2:im      4:imU   +   0.992 (MSBB_ECOLI,0.16,0.51,0.48,0.5,0.33,0.39,0.48)
     6       2:im      4:imU   +   0.985 (BETT_ECOLI,0.52,0.39,0.48,0.5,0.65,0.71,0.73)
     7       2:im      4:imU   +   0.998 (GLTP_ECOLI,0.74,0.44,0.48,0.5,0.55,0.88,0.89)
     8       2:im      4:imU   +   1 (FRDC_ECOLI,0.33,0.56,0.48,0.5,0.33,0.78,0.8)
     9       5:om      4:imU   +   0.999 (FADL_ECOLI,0.78,0.68,0.48,0.5,0.83,0.4,0.29)
    10       5:om      4:imU   +   1 (OMPA_ECOLI,0.74,0.9,0.48,0.5,0.57,0.53,0.29)
    11       1:cp      4:imU   +   0.998 (OMPR_ECOLI,0.24,0.43,0.48,0.5,0.37,0.28,0.38)
    12       1:cp      4:imU   +   0.983 (PTKA_ECOLI,0.31,0.47,0.48,0.5,0.29,0.28,0.39)
    13       1:cp      4:imU   +   0.98 (SYFB_ECOLI,0.34,0.42,0.48,0.5,0.41,0.34,0.43)
    14       1:cp      4:imU   +   1 (THIK_ECOLI,0.17,0.52,0.48,0.5,0.49,0.37,0.46)
    15       1:cp      4:imU   +   0.999 (SYL_ECOLI,0.04,0.31,0.48,0.5,0.41,0.29,0.39)
    16       1:cp      4:imU   +   0.999 (PEPE_ECOLI,0.41,0.48,0.48,0.5,0.51,0.44,0.51)
    17       1:cp      4:imU   +   0.991 (SYD_ECOLI,0.38,0.3,0.48,0.5,0.43,0.29,0.39)
    18       1:cp      4:imU   +   1 (PROB_ECOLI,0.4,0.46,0.48,0.5,0.52,0.49,0.56)
    19      4:imU      4:imU       1 (CADB_ECOLI,0.83,0.48,0.48,0.5,0.65,0.76,0.79)
    20      4:imU      4:imU       0.982 (TEHA_ECOLI,0.63,0.51,0.48,0.5,0.64,0.72,0.76)
    21      4:imU      4:imU       1 (CYDB_ECOLI,0.75,0.37,0.48,0.5,0.64,0.7,0.74)
    22       3:pp      4:imU   +   0.999 (SPEA_ECOLI,0.29,0.39,0.48,0.5,0.52,0.4,0.48)
    23       3:pp      4:imU   +   0.999 (GGT_ECOLI,0.74,0.82,0.48,0.5,0.49,0.49,0.41)
    24       3:pp      4:imU   +   0.955 (GLPQ_ECOLI,0.63,0.83,0.48,0.5,0.4,0.39,0.19)
    25       3:pp      4:imU   +   0.982 (PPB_ECOLI,0.68,0.67,0.48,0.5,0.49,0.4,0.34)
    26       3:pp      4:imU   +   0.896 (DSBA_ECOLI,0.71,0.71,0.48,0.5,0.4,0.54,0.39)
    27      6:omL      4:imU   +   1 (NLPB_ECOLI,0.66,0.49,1,0.5,0.54,0.56,0.36)
     1       2:im       2:im       1 (PTFB_ECOLI,0.37,0.47,0.48,0.5,0.39,0.76,0.79)
     2       2:im       2:im       0.988 (LNT_ECOLI,0.6,0.61,0.48,0.5,0.54,0.67,0.71)
     3       2:im       2:im       1 (GABP_ECOLI,0.47,0.59,0.48,0.5,0.52,0.76,0.79)
     4       2:im       2:im       0.921 (MCP3_ECOLI,0.6,0.5,1,0.5,0.54,0.77,0.8)
     5       2:im       2:im       0.581 (DHSD_ECOLI,0.54,0.49,0.48,0.5,0.4,0.87,0.88)
     6       2:im       2:im       0.991 (SECE_ECOLI,0.48,0.49,0.48,0.5,0.52,0.77,0.71)
     7       2:im      4:imU   +   0.88 (PTDA_ECOLI,0.6,0.46,0.48,0.5,0.45,0.81,0.83)
     8       2:im      4:imU   +   0.969 (ENVZ_ECOLI,0.72,0.46,0.48,0.5,0.51,0.66,0.7)
     9       5:om       3:pp   +   0.841 (FECA_ECOLI,0.52,0.81,0.48,0.5,0.72,0.38,0.38)
    10       5:om       3:pp   +   0.996 (PA1_ECOLI,0.68,0.63,0.48,0.5,0.73,0.4,0.3)
    11       1:cp       1:cp       1 (RNC_ECOLI,0.26,0.5,0.48,0.5,0.44,0.32,0.41)
    12       1:cp       2:im   +   0.999 (PTCA_ECOLI,0.5,0.51,0.48,0.5,0.27,0.23,0.34)
    13       1:cp       1:cp       1 (SYE_ECOLI,0.38,0.44,0.48,0.5,0.43,0.2,0.31)
    14       1:cp       1:cp       0.999 (OTC2_ECOLI,0.48,0.42,0.48,0.5,0.45,0.25,0.35)
    15       1:cp       1:cp       0.999 (UBIC_ECOLI,0.3,0.37,0.48,0.5,0.43,0.18,0.3)
    16       1:cp       1:cp       0.999 (SYK1_ECOLI,0.24,0.41,0.48,0.5,0.49,0.23,0.34)
    17       1:cp       1:cp       1 (UVRB_ECOLI,0.22,0.34,0.48,0.5,0.42,0.29,0.39)
    18      4:imU       2:im   +   0.993 (CRED_ECOLI,0.78,0.33,0.48,0.5,0.57,0.77,0.79)
    19      4:imU       2:im   +   0.914 (KEFC_ECOLI,0.63,0.42,0.48,0.5,0.48,0.77,0.8)
    20      4:imU      4:imU       0.487 (CAIT_ECOLI,0.69,0.43,0.48,0.5,0.59,0.74,0.77)
    21      4:imU      4:imU       0.561 (LEP_ECOLI,0.78,0.44,0.48,0.5,0.45,0.73,0.68)
    22       3:pp       3:pp       0.984 (ECOT_ECOLI,0.67,0.81,0.48,0.5,0.25,0.42,0.25)
    23       3:pp       1:cp   +   0.999 (TESA_ECOLI,0.69,0.66,0.48,0.5,0.41,0.5,0.25)
    24       3:pp       5:om   +   0.995 (AGP_ECOLI,0.74,0.49,0.48,0.5,0.42,0.54,0.36)
    25       3:pp       3:pp       0.518 (RBSB_ECOLI,0.64,0.81,0.48,0.5,0.37,0.39,0.44)
    26       3:pp       3:pp       0.504 (TORA_ECOLI,0.43,0.59,0.48,0.5,0.52,0.49,0.56)
    27      6:omL      4:imU   +   0.808 (NLPE_ECOLI,0.71,0.46,1,0.5,0.52,0.59,0.3)
     1       2:im       2:im       1 (YCEE_ECOLI,0.52,0.54,0.48,0.5,0.62,0.76,0.79)
     2       2:im       2:im       1 (PSTA_ECOLI,0.34,0.67,0.48,0.5,0.52,0.76,0.79)
     3       2:im       2:im       1 (POTE_ECOLI,0.63,0.65,0.48,0.5,0.66,0.67,0.71)
     4       2:im       2:im       1 (AMPE_ECOLI,0.63,0.47,0.48,0.5,0.51,0.82,0.84)
     5       2:im       2:im       1 (MALG_ECOLI,0.7,0.4,0.48,0.5,0.56,0.86,0.83)
     6       2:im       2:im       1 (FTSL_ECOLI,0.36,0.45,0.48,0.5,0.38,0.79,0.17)
     7       2:im       2:im       1 (GLPT_ECOLI,0.31,0.5,0.48,0.5,0.57,0.84,0.85)
     8       2:im       2:im       1 (ARAE_ECOLI,0.23,0.48,0.48,0.5,0.59,0.88,0.89)
     9       5:om       2:im   +   1 (OMPP_ECOLI,0.69,0.59,0.48,0.5,0.77,0.39,0.21)
    10       5:om       2:im   +   1 (OMPF_ECOLI,0.75,0.76,0.48,0.5,0.83,0.57,0.3)
    11       1:cp       2:im   +   1 (PFLB_ECOLI,0.29,0.41,0.48,0.5,0.48,0.38,0.46)
    12       1:cp       2:im   +   1 (SYQ_ECOLI,0.28,0.33,0.48,0.5,0.45,0.22,0.33)
    13       1:cp       2:im   +   1 (RNE_ECOLI,0.43,0.32,0.48,0.5,0.33,0.45,0.52)
    14       1:cp       2:im   +   1 (RHAS_ECOLI,0.38,0.4,0.48,0.5,0.63,0.25,0.35)
    15       1:cp       2:im   +   1 (NADA_ECOLI,0.26,0.26,0.48,0.5,0.34,0.25,0.35)
    16       1:cp       2:im   +   1 (METX_ECOLI,0.25,0.37,0.48,0.5,0.43,0.26,0.36)
    17       1:cp       2:im   +   1 (SERC_ECOLI,0.49,0.43,0.48,0.5,0.49,0.3,0.4)
    18      4:imU       2:im   +   1 (NUPC_ECOLI,0.7,0.53,0.48,0.5,0.7,0.86,0.87)
    19      4:imU       2:im   +   1 (MELB_ECOLI,0.47,0.46,0.48,0.5,0.62,0.74,0.77)
    20      4:imU       2:im   +   1 (BCR_ECOLI,0.79,0.41,0.48,0.5,0.66,0.81,0.83)
    21      4:imU       2:im   +   1 (DSBD_ECOLI,0.76,0.71,0.48,0.5,0.5,0.71,0.75)
    22       3:pp       2:im   +   1 (GLNH_ECOLI,0.63,0.86,0.48,0.5,0.39,0.47,0.34)
    23       3:pp       2:im   +   1 (DSBC_ECOLI,0.66,0.74,0.48,0.5,0.31,0.38,0.43)
    24       3:pp       2:im   +   1 (AMY1_ECOLI,0.7,0.61,0.48,0.5,0.56,0.52,0.43)
    25       3:pp       2:im   +   1 (LIVJ_ECOLI,0.71,0.86,0.48,0.5,0.4,0.54,0.32)
    26       3:pp       2:im   +   1 (USHA_ECOLI,0.61,0.6,0.48,0.5,0.44,0.39,0.38)
    27      6:omL       2:im   +   1 (PAL_ECOLI,0.67,0.55,1,0.5,0.66,0.58,0.16)
     1       2:im       3:pp   +   1 (TOLQ_ECOLI,0.63,0.75,0.48,0.5,0.64,0.73,0.66)
     2       2:im       3:pp   +   1 (FTSW_ECOLI,0.54,0.57,0.48,0.5,0.56,0.81,0.83)
     3       2:im       3:pp   +   1 (FTSN_ECOLI,0,0.51,0.48,0.5,0.35,0.67,0.44)
     4       2:im       3:pp   +   1 (NHAB_ECOLI,0.7,0.46,0.48,0.5,0.56,0.78,0.73)
     5       2:im       3:pp   +   1 (PTGB_ECOLI,0.58,0.55,0.48,0.5,0.57,0.7,0.74)
     6       2:im       3:pp   +   1 (SECY_ECOLI,0.31,0.36,0.48,0.5,0.58,0.94,0.94)
     7       2:im       3:pp   +   1 (PHOR_ECOLI,0.61,0.52,0.48,0.5,0.54,0.67,0.52)
     8       2:im       3:pp   +   1 (CYOC_ECOLI,0.12,0.67,0.48,0.5,0.74,0.58,0.63)
     9       5:om       3:pp   +   1 (NFRA_ECOLI,0.61,0.75,0.48,0.5,0.51,0.33,0.33)
    10       5:om       3:pp   +   1 (CIRA_ECOLI,0.65,0.51,0.48,0.5,0.66,0.54,0.33)
    11       1:cp       3:pp   +   1 (TYRB_ECOLI,0.36,0.42,0.48,0.5,0.53,0.32,0.41)
    12       1:cp       3:pp   +   1 (SYK2_ECOLI,0.17,0.39,0.48,0.5,0.53,0.3,0.39)
    13       1:cp       3:pp   +   1 (SYY_ECOLI,0.3,0.44,0.48,0.5,0.49,0.22,0.33)
    14       1:cp       3:pp   +   1 (NIRD_ECOLI,0.44,0.42,0.48,0.5,0.42,0.25,0.2)
    15       1:cp       3:pp   +   1 (PTHP_ECOLI,0.3,0.45,0.48,0.5,0.36,0.21,0.32)
    16       1:cp       3:pp   +   1 (PMBA_ECOLI,0.34,0.55,0.48,0.5,0.58,0.31,0.41)
    17       1:cp       3:pp   +   1 (SLYD_ECOLI,0.47,0.28,0.48,0.5,0.56,0.2,0.25)
    18      4:imU       3:pp   +   1 (MCP2_ECOLI,0.81,0.53,0.48,0.5,0.57,0.87,0.88)
    19      4:imU       3:pp   +   1 (SECD_ECOLI,0.88,0.42,0.48,0.5,0.52,0.73,0.75)
    20      4:imU       3:pp   +   1 (TONB_ECOLI,0.57,0.38,0.48,0.5,0.06,0.49,0.33)
    21      4:imU       3:pp   +   1 (MOTA_ECOLI,0.76,0.41,0.48,0.5,0.5,0.59,0.62)
    22       3:pp       3:pp       1 (PSTS_ECOLI,0.62,0.78,0.48,0.5,0.47,0.49,0.54)
    23       3:pp       3:pp       1 (FEPB_ECOLI,0.7,0.64,0.48,0.5,0.47,0.51,0.47)
    24       3:pp       3:pp       1 (BGLX_ECOLI,0.65,0.57,0.48,0.5,0.47,0.47,0.51)
    25       3:pp       3:pp       1 (CN16_ECOLI,0.67,0.7,0.48,0.5,0.46,0.45,0.33)
    26       3:pp       3:pp       1 (SUBI_ECOLI,0.62,0.83,0.48,0.5,0.46,0.36,0.4)
    27      7:imL       3:pp   +   1 (CYOA_ECOLI,0.7,0.39,1,0.5,0.51,0.82,0.84)
     1       2:im       2:im       1 (TNAB_ECOLI,0.68,0.51,0.48,0.5,0.71,0.75,0.78)
     2       2:im       2:im       1 (CODB_ECOLI,0.29,0.47,0.48,0.5,0.71,0.65,0.69)
     3       2:im      4:imU   +   1 (LLDP_ECOLI,0.66,0.53,0.48,0.5,0.59,0.66,0.66)
     4       2:im       2:im       0.618 (FTSQ_ECOLI,0.1,0.49,0.48,0.5,0.41,0.67,0.21)
     5       2:im       2:im       1 (PSTC_ECOLI,0.58,0.34,0.48,0.5,0.56,0.87,0.81)
     6       2:im      4:imU   +   0.999 (PHEP_ECOLI,0.12,0.43,0.48,0.5,0.63,0.7,0.74)
     7       2:im       1:cp   +   0.977 (CYOD_ECOLI,0.4,0.5,0.48,0.5,0.65,0.82,0.84)
     8       5:om       3:pp   +   0.995 (NMPC_ECOLI,0.67,0.84,0.48,0.5,0.74,0.54,0.37)
     9       5:om       3:pp   +   0.996 (FEPA_ECOLI,0.64,0.57,0.48,0.5,0.7,0.33,0.26)
    10      8:imS       2:im   +   1 (NFRB_ECOLI,0.63,0.49,0.48,0.5,0.54,0.76,0.79)
    11       1:cp       1:cp       0.999 (SYP_ECOLI,0.34,0.51,0.48,0.5,0.44,0.37,0.46)
    12       1:cp       1:cp       0.995 (XYLA_ECOLI,0.16,0.43,0.48,0.5,0.54,0.27,0.37)
    13       1:cp       1:cp       1 (RNB_ECOLI,0.24,0.34,0.48,0.5,0.38,0.3,0.4)
    14       1:cp       2:im   +   0.999 (SYA_ECOLI,0.34,0.35,0.48,0.5,0.51,0.49,0.56)
    15       1:cp       1:cp       1 (PFLA_ECOLI,0.44,0.28,0.48,0.5,0.43,0.27,0.37)
    16       1:cp       1:cp       0.906 (SYH_ECOLI,0.29,0.28,0.48,0.5,0.5,0.42,0.5)
    17       1:cp       1:cp       0.801 (SYM_ECOLI,0.61,0.36,0.48,0.5,0.49,0.35,0.44)
    18      4:imU       2:im   +   1 (SECG_ECOLI,0.84,0.54,0.48,0.5,0.75,0.92,0.7)
    19      4:imU      4:imU       0.952 (ATKA_ECOLI,0.72,0.42,0.48,0.5,0.65,0.77,0.79)
    20      4:imU      4:imU       0.984 (CYOB_ECOLI,0.59,0.29,0.48,0.5,0.64,0.75,0.77)
    21      4:imU       2:im   +   1 (MCP4_ECOLI,0.87,0.49,0.48,0.5,0.61,0.76,0.79)
    22       3:pp       3:pp       1 (OSMY_ECOLI,0.64,0.66,0.48,0.5,0.41,0.39,0.2)
    23       3:pp       3:pp       0.998 (MALM_ECOLI,0.74,0.47,0.48,0.5,0.5,0.57,0.42)
    24       3:pp       3:pp       0.997 (NRFA_ECOLI,0.69,0.67,0.48,0.5,0.3,0.39,0.24)
    25       3:pp       1:cp   +   0.996 (PTR_ECOLI,0.76,0.73,0.48,0.5,0.44,0.39,0.39)
    26       3:pp       3:pp       0.995 (CYPH_ECOLI,0.67,0.81,0.48,0.5,0.54,0.49,0.23)
    27      7:imL       3:pp   +   1 (NLPA_ECOLI,0.75,0.55,1,1,0.4,0.47,0.3)
     1       2:im       2:im       1 (TOLA_ECOLI,0.61,0.47,0.48,0.5,0,0.8,0.32)
     2       2:im      4:imU   +   1 (XYLE_ECOLI,0.69,0.39,0.48,0.5,0.57,0.76,0.79)
     3       2:im       2:im       1 (DHSC_ECOLI,0.48,0.45,0.48,0.5,0.6,0.78,0.8)
     4       2:im       2:im       0.992 (PTMA_ECOLI,0.39,0.41,0.48,0.5,0.52,0.72,0.75)
     5       2:im       2:im       0.898 (LSPA_ECOLI,0.83,0.37,0.48,0.5,0.61,0.71,0.74)
     6       2:im       2:im       0.915 (GLNP_ECOLI,0.49,0.42,0.48,0.5,0.53,0.79,0.81)
     7       2:im       1:cp   +   1 (AAS_ECOLI,0.44,0.52,0.48,0.5,0.43,0.47,0.54)
     8       5:om       3:pp   +   1 (LAMB_ECOLI,0.67,0.88,0.48,0.5,0.73,0.5,0.25)
     9       5:om       3:pp   +   0.999 (PHOE_ECOLI,0.74,0.78,0.48,0.5,0.75,0.54,0.15)
    10      8:imS       3:pp   +   0.994 (ATKC_ECOLI,0.85,0.53,0.48,0.5,0.53,0.52,0.35)
    11       1:cp       5:om   +   0.97 (PTWX_ECOLI,0.65,0.55,0.48,0.5,0.34,0.37,0.28)
    12       1:cp       1:cp       1 (PTCB_ECOLI,0.53,0.42,0.48,0.5,0.16,0.29,0.39)
    13       1:cp       1:cp       1 (SYGB_ECOLI,0.25,0.51,0.48,0.5,0.37,0.42,0.5)
    14       1:cp       1:cp       1 (PTHA_ECOLI,0.41,0.43,0.48,0.5,0.5,0.24,0.25)
    15       1:cp       1:cp       0.954 (PHOH_ECOLI,0.29,0.47,0.48,0.5,0.41,0.23,0.34)
    16       1:cp       2:im   +   0.999 (RIML_ECOLI,0.33,0.47,0.48,0.5,0.53,0.18,0.29)
    17       1:cp       1:cp       0.987 (RIMJ_ECOLI,0.38,0.26,0.48,0.5,0.54,0.16,0.28)
    18      4:imU       2:im   +   1 (DMSC_ECOLI,0.66,0.48,0.48,0.5,0.54,0.7,0.74)
    19      4:imU      4:imU       0.992 (UHPB_ECOLI,0.79,0.54,0.48,0.5,0.5,0.66,0.68)
    20      4:imU       2:im   +   1 (FEPD_ECOLI,0.84,0.49,0.48,0.5,0.55,0.78,0.74)
    21      4:imU       2:im   +   1 (FEPG_ECOLI,0.77,0.55,0.48,0.5,0.51,0.78,0.74)
    22       3:pp       3:pp       0.999 (POTF_ECOLI,0.66,0.71,0.48,0.5,0.41,0.5,0.35)
    23       3:pp       3:pp       0.992 (HTRA_ECOLI,0.63,0.71,0.48,0.5,0.6,0.4,0.39)
    24       3:pp       3:pp       1 (PROX_ECOLI,0.64,0.78,0.48,0.5,0.5,0.36,0.38)
    25       3:pp       3:pp       1 (NRFF_ECOLI,0.7,0.71,0.48,0.5,0.42,0.84,0.85)
    26       3:pp       3:pp       0.967 (LIVK_ECOLI,0.68,0.78,0.48,0.5,0.43,0.44,0.42)
     1       2:im       2:im       0.979 (PTAA_ECOLI,0.59,0.56,0.48,0.5,0.55,0.8,0.82)
     2       2:im       2:im       0.992 (PROP_ECOLI,0.41,0.51,0.48,0.5,0.53,0.75,0.78)
     3       2:im       2:im       0.993 (ARAH_ECOLI,0.34,0.49,0.48,0.5,0.58,0.85,0.8)
     4       2:im      4:imU   +   0.646 (MALF_ECOLI,0.63,0.54,0.48,0.5,0.65,0.79,0.81)
     5       2:im       2:im       0.989 (GALP_ECOLI,0.63,0.5,0.48,0.5,0.59,0.85,0.86)
     6       2:im       2:im       0.993 (CYDA_ECOLI,0.55,0.47,0.48,0.5,0.57,0.78,0.8)
     7       2:im       2:im       0.991 (SECF_ECOLI,0.11,0.5,0.48,0.5,0.58,0.72,0.68)
     8       5:om       3:pp   +   0.537 (FHUA_ECOLI,0.63,0.69,0.48,0.5,0.65,0.41,0.28)
     9       5:om       1:cp   +   0.876 (BTUB_ECOLI,0.56,0.68,0.48,0.5,0.77,0.36,0.45)
    10       1:cp       1:cp       0.996 (SYS_ECOLI,0.23,0.34,0.48,0.5,0.43,0.26,0.37)
    11       1:cp       1:cp       1 (SYI_ECOLI,0.25,0.26,0.48,0.5,0.39,0.32,0.42)
    12       1:cp       1:cp       1 (OTC1_ECOLI,0.42,0.3,0.48,0.5,0.48,0.26,0.36)
    13       1:cp       1:cp       0.544 (SYGA_ECOLI,0.51,0.49,0.48,0.5,0.53,0.14,0.26)
    14       1:cp       1:cp       0.98 (SYC_ECOLI,0.35,0.34,0.48,0.5,0.46,0.3,0.27)
    15       1:cp       1:cp       0.986 (PT1A_ECOLI,0.5,0.49,0.48,0.5,0.49,0.46,0.53)
    16       1:cp       3:pp   +   0.642 (SYT_ECOLI,0.37,0.44,0.48,0.5,0.42,0.39,0.47)
    17       1:cp       1:cp       1 (PTNA_ECOLI,0.35,0.37,0.48,0.5,0.3,0.34,0.43)
    18      4:imU       2:im   +   0.989 (MCP1_ECOLI,0.86,0.39,0.48,0.5,0.59,0.89,0.9)
    19      4:imU       2:im   +   0.997 (CPXA_ECOLI,0.79,0.36,0.48,0.5,0.46,0.82,0.7)
    20      4:imU      4:imU       0.998 (FTSH_ECOLI,0.81,0.44,0.48,0.5,0.42,0.67,0.68)
    21       3:pp       1:cp   +   0.954 (ARAF_ECOLI,0.66,0.86,0.48,0.5,0.34,0.41,0.36)
    22       3:pp       5:om   +   0.718 (ASG2_ECOLI,0.73,0.78,0.48,0.5,0.58,0.51,0.31)
    23       3:pp       2:im   +   1 (C562_ECOLI,0.72,0.86,0.48,0.5,0.17,0.55,0.21)
    24       3:pp       3:pp       1 (OPPA_ECOLI,0.69,0.8,0.48,0.5,0.46,0.57,0.26)
    25       3:pp       3:pp       0.999 (TREA_ECOLI,0.74,0.56,0.48,0.5,0.47,0.68,0.3)
    26       3:pp       3:pp       1 (ECPD_ECOLI,0.64,0.72,0.48,0.5,0.49,0.42,0.19)

