
Options: -K 5 -E 

IB1 instance-based classifier
using 5 nearest neighbour(s) for classification


Time taken to build model: 0.58 seconds
Time taken to test model on training data: 55.77 seconds

=== Error on training data ===

Correctly Classified Instances       14800               92.5    %
Incorrectly Classified Instances      1200                7.5    %
Kappa statistic                          0.922 
K&B Relative Info Score            1446364.7825 %
K&B Information Score                67970.9866 bits      4.2482 bits/instance
Class complexity | order 0           75190.9228 bits      4.6994 bits/instance
Class complexity | scheme             7220.9312 bits      0.4513 bits/instance
Complexity improvement     (Sf)      67969.9916 bits      4.2481 bits/instance
Mean absolute error                      0.0152
Root mean squared error                  0.0765
Relative absolute error                 20.6089 %
Root relative squared error             39.8001 %
Total Number of Instances            16000     


=== Detailed Accuracy By Class ===

               TP Rate   FP Rate   Precision   Recall  F-Measure   ROC Area  Class
                 0.981     0.003      0.928     0.981     0.954      ?        A
                 0.932     0.011      0.769     0.932     0.843      ?        B
                 0.931     0.001      0.96      0.931     0.946      ?        C
                 0.923     0.007      0.854     0.923     0.887      ?        D
                 0.932     0.005      0.891     0.932     0.911      ?        E
                 0.919     0.004      0.915     0.919     0.917      ?        F
                 0.923     0.004      0.904     0.923     0.913      ?        G
                 0.873     0.006      0.849     0.873     0.861      ?        H
                 0.954     0.002      0.948     0.954     0.951      ?        I
                 0.915     0.001      0.978     0.915     0.945      ?        J
                 0.895     0.002      0.94      0.895     0.917      ?        K
                 0.914     0.001      0.969     0.914     0.941      ?        L
                 0.949     0.002      0.953     0.949     0.951      ?        M
                 0.923     0.002      0.941     0.923     0.932      ?        N
                 0.919     0.007      0.846     0.919     0.881      ?        O
                 0.935     0.001      0.976     0.935     0.955      ?        P
                 0.916     0.003      0.932     0.916     0.924      ?        Q
                 0.899     0.004      0.903     0.899     0.901      ?        R
                 0.886     0.001      0.963     0.886     0.923      ?        S
                 0.944     0.002      0.954     0.944     0.949      ?        T
                 0.939     0.002      0.946     0.939     0.942      ?        U
                 0.941     0.002      0.952     0.941     0.946      ?        V
                 0.951     0.001      0.974     0.951     0.962      ?        W
                 0.905     0.003      0.917     0.905     0.911      ?        X
                 0.911     0.001      0.986     0.911     0.947      ?        Y
                 0.933     0.001      0.969     0.933     0.951      ?        Z
Weighted Avg.    0.925     0.003      0.928     0.925     0.926      0    


=== Confusion Matrix ===

   a   b   c   d   e   f   g   h   i   j   k   l   m   n   o   p   q   r   s   t   u   v   w   x   y   z   <-- classified as
 617   0   0   0   0   0   0   1   0   0   1   2   0   1   4   0   0   1   1   0   1   0   0   0   0   0 |   a = A
   2 565   0   8   2   0   1   3   0   0   1   0   1   1   1   0   0   5   3   0   2   8   0   1   0   2 |   b = B
   0   1 530   0   4   0  15   2   0   0   1   1   0   0   5   0   4   0   0   0   5   0   0   1   0   0 |   c = C
   1  10   2 590   2   2   0   5   1   0   1   0   0   2  12   1   1   7   1   0   0   0   0   1   0   0 |   d = D
   1   9   5   2 575   1   6   0   0   0   1   2   0   1   1   0   0   0   2   1   1   0   1   5   0   3 |   e = E
   0   8   0   9   3 578   1   2   1   0   2   0   0   6   0   5   0   0   2   8   0   1   0   2   1   0 |   f = F
   4   6   2   7  12   1 572   4   0   0   0   0   0   1   2   0   4   1   0   0   0   0   0   2   1   1 |   g = G
   1  18   0  15   2   2   2 494   0   0   5   0   3   4   4   2   1   5   0   1   3   0   1   3   0   0 |   h = H
   0   6   1   0   2   4   0   0 565   7   0   1   0   0   3   0   1   1   0   0   1   0   0   0   0   0 |   i = I
   0   9   1   3   0   1   2   1  21 527   0   3   0   2   1   0   0   0   0   1   0   0   0   2   0   2 |   j = J
   2   7   2   6   6   2   2  17   0   0 536   0   3   0   3   0   0   8   1   0   1   0   0   2   0   1 |   k = K
   6   7   1   0  10   1   4   2   4   1   4 564   0   1   0   1   5   3   0   0   1   0   0   2   0   0 |   l = L
   6   4   0   0   1   2   2   6   0   0   1   0 594   4   0   0   0   0   0   0   2   1   2   1   0   0 |   m = M
   1   5   0   8   1   2   1   9   0   1   1   0   4 589   7   0   0   6   0   0   1   1   0   1   0   0 |   n = N
   4   4   1   9   1   0   6   2   0   0   0   0   1   1 555   0   8   2   0   0   0   0   3   7   0   0 |   o = O
   0   6   1   2   1  20   1   1   0   0   0   0   1   0   3 601   1   1   0   0   0   0   0   3   1   0 |   p = P
   3   2   2   2   3   0   7   1   0   0   1   1   1   0  26   1 591   1   1   0   0   0   1   0   0   1 |   q = Q
   2  21   0   7   3   1   0   3   0   1   8   1   4   5   1   0   1 558   1   0   0   0   0   3   0   1 |   r = R
   6  16   0   2   1   3   3   7   1   0   1   3   2   0  11   0   2   4 523   0   0   1   0   1   0   3 |   s = S
   0   6   0   4   1   2   4   2   1   0   0   0   1   0   0   1   0   3   3 604   0   0   1   2   4   1 |   t = T
   2   4   3   3   1   0   1   5   0   0   0   0   3   5   4   0   2   1   0   0 612   4   1   1   0   0 |   u = U
   1   8   0   0   0   2   1   1   0   0   1   2   4   1   1   1   1   0   0   3   3 572   5   1   0   0 |   v = V
   0   4   1   2   2   0   1   5   0   0   0   1   1   1   6   0   2   1   0   0   1   2 597   0   0   1 |   w = W
   3   6   0  10   9   2   1   7   1   0   5   1   0   1   4   0   0   4   0   0   5   0   0 562   0   0 |   x = X
   2   2   0   1   0   5   0   1   0   1   0   0   0   0   1   3   2   2   0  15   5  11   0   3 570   2 |   y = Y
   1   1   0   1   3   1   0   1   1   1   0   0   0   0   1   0   8   4   5   0   3   0   1   7   1 559 |   z = Z


=== Error on test data ===

Correctly Classified Instances        3512               87.8    %
Incorrectly Classified Instances       488               12.2    %
Kappa statistic                          0.8731
K&B Relative Info Score             346760.8288 %
K&B Information Score                16295.8031 bits      4.074  bits/instance
Class complexity | order 0           18810.5263 bits      4.7026 bits/instance
Class complexity | scheme             3286.5926 bits      0.8216 bits/instance
Complexity improvement     (Sf)      15523.9337 bits      3.881  bits/instance
Mean absolute error                      0.0189
Root mean squared error                  0.0891
Relative absolute error                 25.5418 %
Root relative squared error             46.3444 %
Total Number of Instances             4000     


=== Detailed Accuracy By Class ===

               TP Rate   FP Rate   Precision   Recall  F-Measure   ROC Area  Class
                 0.975     0.005      0.897     0.975     0.934      0.996    A
                 0.888     0.014      0.732     0.888     0.802      0.977    B
                 0.886     0.004      0.914     0.886     0.9        0.987    C
                 0.849     0.01       0.779     0.849     0.813      0.983    D
                 0.921     0.008      0.818     0.921     0.866      0.995    E
                 0.89      0.008      0.813     0.89      0.85       0.986    F
                 0.856     0.006      0.856     0.856     0.856      0.982    G
                 0.78      0.008      0.819     0.78      0.799      0.985    H
                 0.933     0.005      0.889     0.933     0.91       0.974    I
                 0.848     0.001      0.973     0.848     0.906      0.993    J
                 0.814     0.005      0.857     0.814     0.835      0.976    K
                 0.882     0.001      0.969     0.882     0.924      0.985    L
                 0.904     0.003      0.926     0.904     0.915      0.999    M
                 0.89      0.004      0.89      0.89      0.89       0.993    N
                 0.906     0.009      0.794     0.906     0.846      0.995    O
                 0.819     0.001      0.978     0.819     0.891      0.976    P
                 0.899     0.004      0.879     0.899     0.889      0.997    Q
                 0.847     0.008      0.8       0.847     0.823      0.994    R
                 0.835     0.002      0.957     0.835     0.892      0.995    S
                 0.917     0.004      0.899     0.917     0.908      0.981    T
                 0.876     0.004      0.91      0.876     0.892      0.985    U
                 0.859     0.003      0.931     0.859     0.893      0.995    V
                 0.952     0.003      0.922     0.952     0.937      0.999    W
                 0.837     0.006      0.863     0.837     0.85       0.992    X
                 0.913     0.002      0.942     0.913     0.927      0.994    Y
                 0.874     0.002      0.944     0.874     0.908      0.991    Z
Weighted Avg.    0.878     0.005      0.883     0.878     0.879      0.989


=== Confusion Matrix ===

   a   b   c   d   e   f   g   h   i   j   k   l   m   n   o   p   q   r   s   t   u   v   w   x   y   z   <-- classified as
 156   1   0   0   0   0   0   0   0   0   0   1   0   0   0   0   0   0   0   0   0   0   0   2   0   0 |   a = A
   0 142   0   1   2   1   1   2   0   0   1   1   0   1   0   0   0   2   0   0   2   2   1   0   0   1 |   b = B
   0   0 148   0   1   2   5   1   0   0   0   1   2   0   1   0   1   1   1   0   2   0   0   0   1   0 |   c = C
   2   4   1 141   0   0   0   3   0   0   3   0   0   1   9   0   1   1   0   0   0   0   0   0   0   0 |   d = D
   0   2   2   0 139   1   1   1   0   0   0   0   0   0   0   0   2   0   0   0   0   0   0   2   0   1 |   e = E
   0   1   0   2   2 130   0   1   4   0   0   0   0   2   0   1   0   0   1   1   0   0   0   0   1   0 |   f = F
   1   2   2   2   8   0 131   2   0   0   0   0   0   0   0   0   0   0   2   0   1   1   0   1   0   0 |   g = G
   2   8   0   6   0   0   0 131   0   0   5   0   0   1   0   1   1   5   0   0   1   2   2   3   0   0 |   h = H
   0   1   0   2   2   2   0   0 152   1   1   0   0   0   1   0   0   0   0   1   0   0   0   0   0   0 |   i = I
   0   2   0   0   0   5   0   0  12 145   0   0   1   0   1   0   0   1   0   2   0   0   0   0   0   2 |   j = J
   2   3   0   3   1   3   3   3   0   0 114   0   0   0   0   0   1   4   0   0   1   0   0   2   0   0 |   k = K
   3   0   3   0   3   0   3   0   1   0   1 127   0   0   0   0   1   0   1   0   0   0   0   1   0   0 |   l = L
   4   3   1   1   0   0   0   0   0   1   2   0 150   1   0   0   0   1   0   0   0   0   2   0   0   0 |   m = M
   0   1   0   4   1   0   0   3   0   1   0   0   2 129   2   0   0   1   0   0   1   0   0   0   0   0 |   n = N
   0   0   0   3   0   0   1   2   0   0   0   0   0   0 135   0   5   1   0   0   1   0   0   1   0   0 |   o = O
   0   3   0   5   1  11   0   1   0   0   0   0   0   2   0 131   0   1   0   1   0   0   0   4   0   0 |   p = P
   0   0   0   1   1   1   2   0   0   0   0   0   0   1   5   0 124   2   0   1   0   0   0   0   0   0 |   q = Q
   0   7   0   1   1   0   0   2   0   0   1   0   2   3   1   0   1 116   1   0   0   1   0   0   0   0 |   r = R
   1   3   0   1   2   1   1   3   2   0   1   1   0   0   1   0   0   3 132   0   1   1   0   2   0   2 |   s = S
   0   0   1   1   1   0   1   1   0   0   1   0   0   0   2   0   0   1   0 143   0   1   0   0   3   0 |   t = T
   0   2   3   1   0   0   3   0   0   1   0   0   3   1   3   0   1   0   0   0 141   1   0   0   1   0 |   u = U
   2   3   0   0   0   1   0   0   0   0   0   0   1   3   1   1   0   1   0   2   2 134   2   0   3   0 |   v = V
   0   1   0   0   0   0   0   3   0   0   0   0   0   0   0   0   0   1   0   0   0   0 118   1   0   0 |   w = W
   1   1   0   4   2   0   1   1   0   0   3   0   1   0   8   0   1   1   0   1   1   0   1 139   0   0 |   x = X
   0   0   1   0   0   1   0   0   0   0   0   0   0   0   0   0   1   0   0   5   1   1   2   1 146   1 |   y = Y
   0   4   0   2   3   1   0   0   0   0   0   0   0   0   0   0   1   2   0   2   0   0   0   2   0 118 |   z = Z

