
IB1 classifier

Time taken to build model: 0.15 seconds
Time taken to test model on training data: 54.59 seconds

=== Error on training data ===

Correctly Classified Instances       16000              100      %
Incorrectly Classified Instances         0                0      %
Kappa statistic                          1     
K&B Relative Info Score            1599998.8848 %
K&B Information Score                75190.9228 bits      4.6994 bits/instance
Class complexity | order 0           75190.9228 bits      4.6994 bits/instance
Class complexity | scheme                0      bits      0      bits/instance
Complexity improvement     (Sf)      75190.9228 bits      4.6994 bits/instance
Mean absolute error                      0     
Root mean squared error                  0     
Relative absolute error                  0      %
Root relative squared error              0      %
Total Number of Instances            16000     


=== Detailed Accuracy By Class ===

               TP Rate   FP Rate   Precision   Recall  F-Measure   ROC Area  Class
                 1         0          1         1         1          ?        A
                 1         0          1         1         1          ?        B
                 1         0          1         1         1          ?        C
                 1         0          1         1         1          ?        D
                 1         0          1         1         1          ?        E
                 1         0          1         1         1          ?        F
                 1         0          1         1         1          ?        G
                 1         0          1         1         1          ?        H
                 1         0          1         1         1          ?        I
                 1         0          1         1         1          ?        J
                 1         0          1         1         1          ?        K
                 1         0          1         1         1          ?        L
                 1         0          1         1         1          ?        M
                 1         0          1         1         1          ?        N
                 1         0          1         1         1          ?        O
                 1         0          1         1         1          ?        P
                 1         0          1         1         1          ?        Q
                 1         0          1         1         1          ?        R
                 1         0          1         1         1          ?        S
                 1         0          1         1         1          ?        T
                 1         0          1         1         1          ?        U
                 1         0          1         1         1          ?        V
                 1         0          1         1         1          ?        W
                 1         0          1         1         1          ?        X
                 1         0          1         1         1          ?        Y
                 1         0          1         1         1          ?        Z
Weighted Avg.    1         0          1         1         1          0    


=== Confusion Matrix ===

   a   b   c   d   e   f   g   h   i   j   k   l   m   n   o   p   q   r   s   t   u   v   w   x   y   z   <-- classified as
 629   0   0   0   0   0   0   0   0   0   0   0   0   0   0   0   0   0   0   0   0   0   0   0   0   0 |   a = A
   0 606   0   0   0   0   0   0   0   0   0   0   0   0   0   0   0   0   0   0   0   0   0   0   0   0 |   b = B
   0   0 569   0   0   0   0   0   0   0   0   0   0   0   0   0   0   0   0   0   0   0   0   0   0   0 |   c = C
   0   0   0 639   0   0   0   0   0   0   0   0   0   0   0   0   0   0   0   0   0   0   0   0   0   0 |   d = D
   0   0   0   0 617   0   0   0   0   0   0   0   0   0   0   0   0   0   0   0   0   0   0   0   0   0 |   e = E
   0   0   0   0   0 629   0   0   0   0   0   0   0   0   0   0   0   0   0   0   0   0   0   0   0   0 |   f = F
   0   0   0   0   0   0 620   0   0   0   0   0   0   0   0   0   0   0   0   0   0   0   0   0   0   0 |   g = G
   0   0   0   0   0   0   0 566   0   0   0   0   0   0   0   0   0   0   0   0   0   0   0   0   0   0 |   h = H
   0   0   0   0   0   0   0   0 592   0   0   0   0   0   0   0   0   0   0   0   0   0   0   0   0   0 |   i = I
   0   0   0   0   0   0   0   0   0 576   0   0   0   0   0   0   0   0   0   0   0   0   0   0   0   0 |   j = J
   0   0   0   0   0   0   0   0   0   0 599   0   0   0   0   0   0   0   0   0   0   0   0   0   0   0 |   k = K
   0   0   0   0   0   0   0   0   0   0   0 617   0   0   0   0   0   0   0   0   0   0   0   0   0   0 |   l = L
   0   0   0   0   0   0   0   0   0   0   0   0 626   0   0   0   0   0   0   0   0   0   0   0   0   0 |   m = M
   0   0   0   0   0   0   0   0   0   0   0   0   0 638   0   0   0   0   0   0   0   0   0   0   0   0 |   n = N
   0   0   0   0   0   0   0   0   0   0   0   0   0   0 604   0   0   0   0   0   0   0   0   0   0   0 |   o = O
   0   0   0   0   0   0   0   0   0   0   0   0   0   0   0 643   0   0   0   0   0   0   0   0   0   0 |   p = P
   0   0   0   0   0   0   0   0   0   0   0   0   0   0   0   0 645   0   0   0   0   0   0   0   0   0 |   q = Q
   0   0   0   0   0   0   0   0   0   0   0   0   0   0   0   0   0 621   0   0   0   0   0   0   0   0 |   r = R
   0   0   0   0   0   0   0   0   0   0   0   0   0   0   0   0   0   0 590   0   0   0   0   0   0   0 |   s = S
   0   0   0   0   0   0   0   0   0   0   0   0   0   0   0   0   0   0   0 640   0   0   0   0   0   0 |   t = T
   0   0   0   0   0   0   0   0   0   0   0   0   0   0   0   0   0   0   0   0 652   0   0   0   0   0 |   u = U
   0   0   0   0   0   0   0   0   0   0   0   0   0   0   0   0   0   0   0   0   0 608   0   0   0   0 |   v = V
   0   0   0   0   0   0   0   0   0   0   0   0   0   0   0   0   0   0   0   0   0   0 628   0   0   0 |   w = W
   0   0   0   0   0   0   0   0   0   0   0   0   0   0   0   0   0   0   0   0   0   0   0 621   0   0 |   x = X
   0   0   0   0   0   0   0   0   0   0   0   0   0   0   0   0   0   0   0   0   0   0   0   0 626   0 |   y = Y
   0   0   0   0   0   0   0   0   0   0   0   0   0   0   0   0   0   0   0   0   0   0   0   0   0 599 |   z = Z


=== Error on test data ===

Correctly Classified Instances        3505               87.625  %
Incorrectly Classified Instances       495               12.375  %
Kappa statistic                          0.8713
K&B Relative Info Score             350103.2934 %
K&B Information Score                16452.88   bits      4.1132 bits/instance
Class complexity | order 0           18810.5263 bits      4.7026 bits/instance
Class complexity | scheme           531630      bits    132.9075 bits/instance
Complexity improvement     (Sf)    -512819.4737 bits   -128.2049 bits/instance
Mean absolute error                      0.0095
Root mean squared error                  0.0976
Relative absolute error                 12.8696 %
Root relative squared error             50.7316 %
Total Number of Instances             4000     


=== Detailed Accuracy By Class ===

               TP Rate   FP Rate   Precision   Recall  F-Measure   ROC Area  Class
                 0.963     0.002      0.957     0.963     0.96       0.98     A
                 0.819     0.009      0.789     0.819     0.804      0.905    B
                 0.868     0.003      0.929     0.868     0.898      0.933    C
                 0.843     0.007      0.833     0.843     0.838      0.918    D
                 0.881     0.007      0.831     0.881     0.855      0.937    E
                 0.863     0.006      0.851     0.863     0.857      0.929    F
                 0.869     0.008      0.821     0.869     0.844      0.931    G
                 0.792     0.009      0.801     0.792     0.796      0.892    H
                 0.908     0.005      0.886     0.908     0.897      0.952    I
                 0.86      0.002      0.961     0.86      0.907      0.929    J
                 0.807     0.008      0.785     0.807     0.796      0.9      K
                 0.882     0.003      0.914     0.882     0.898      0.939    L
                 0.898     0.002      0.961     0.898     0.928      0.948    M
                 0.903     0.004      0.903     0.903     0.903      0.95     N
                 0.893     0.006      0.853     0.893     0.872      0.943    O
                 0.856     0.002      0.945     0.856     0.898      0.927    P
                 0.855     0.005      0.868     0.855     0.861      0.925    Q
                 0.818     0.01       0.747     0.818     0.78       0.904    R
                 0.905     0.003      0.923     0.905     0.914      0.951    S
                 0.859     0.005      0.876     0.859     0.867      0.927    T
                 0.876     0.003      0.922     0.876     0.898      0.936    U
                 0.91      0.004      0.899     0.91      0.904      0.953    V
                 0.976     0.002      0.931     0.976     0.953      0.987    W
                 0.88      0.006      0.859     0.88      0.869      0.937    X
                 0.9       0.005      0.883     0.9       0.892      0.948    Y
                 0.919     0.004      0.879     0.919     0.899      0.957    Z
Weighted Avg.    0.876     0.005      0.878     0.876     0.877      0.936


=== Confusion Matrix ===

   a   b   c   d   e   f   g   h   i   j   k   l   m   n   o   p   q   r   s   t   u   v   w   x   y   z   <-- classified as
 154   0   0   0   0   0   0   1   0   0   0   1   0   0   0   0   1   0   1   0   0   0   1   0   0   1 |   a = A
   1 131   0   1   3   0   0   4   0   0   2   0   1   3   1   0   0   5   0   1   1   1   0   2   1   2 |   b = B
   1   1 145   1   3   2   7   0   0   1   0   0   0   0   1   0   0   0   1   1   2   0   0   1   0   0 |   c = C
   1   7   0 140   0   0   3   3   0   0   1   1   0   3   4   0   3   0   0   0   0   0   0   0   0   0 |   d = D
   0   1   1   0 133   0   1   1   1   0   1   2   1   1   0   0   1   1   0   0   0   0   0   4   0   2 |   e = E
   0   0   1   2   0 126   1   0   3   0   0   0   0   0   0   2   2   1   1   4   0   0   0   0   2   1 |   f = F
   0   1   1   1   4   1 133   3   1   0   3   0   1   0   2   0   0   1   1   0   0   0   0   0   0   0 |   g = G
   0   5   0   4   2   1   2 133   1   0   5   0   0   2   3   1   2   2   0   0   0   0   1   0   3   1 |   h = H
   0   0   1   3   2   3   0   0 148   1   1   0   0   0   0   0   0   1   0   1   0   0   0   0   0   2 |   i = I
   0   1   0   0   0   6   1   1   9 147   0   1   1   0   0   0   0   2   0   0   0   0   0   0   0   2 |   j = J
   0   1   1   1   2   0   1   3   0   0 113   0   1   0   0   0   0   7   0   0   1   0   0   9   0   0 |   k = K
   1   0   1   0   2   0   3   0   1   1   1 127   0   1   0   1   0   1   1   2   0   0   0   1   0   0 |   l = L
   1   2   1   0   1   0   0   1   0   1   0   0 149   2   0   0   0   4   0   0   1   2   1   0   0   0 |   m = M
   0   1   0   2   1   0   0   2   0   0   1   0   0 131   0   1   0   4   0   0   0   2   0   0   0   0 |   n = N
   0   0   2   4   0   0   1   0   0   0   1   0   0   0 133   0   4   0   1   0   1   0   1   1   0   0 |   o = O
   0   0   0   0   1   6   0   4   1   0   1   0   0   0   2 137   1   0   0   2   0   1   0   2   1   1 |   p = P
   0   0   0   2   0   2   1   1   1   0   0   1   0   0   4   1 118   1   1   0   0   0   1   1   2   1 |   q = Q
   0   7   0   4   2   0   1   2   0   1   3   2   0   1   1   0   0 112   0   0   0   1   0   0   0   0 |   r = R
   0   2   0   0   0   1   1   1   0   0   1   0   0   0   2   0   1   3 143   0   0   1   0   0   0   2 |   s = S
   0   0   1   0   0   0   0   0   0   0   0   0   0   0   1   1   0   3   2 134   2   5   0   0   7   0 |   t = T
   0   2   1   0   1   0   3   2   1   1   2   2   1   1   1   1   0   0   1   0 141   0   0   0   0   0 |   u = U
   0   2   0   0   0   0   0   0   0   0   2   1   0   0   0   0   0   0   0   1   2 142   3   0   3   0 |   v = V
   0   1   0   0   0   0   1   1   0   0   0   0   0   0   0   0   0   0   0   0   0   0 121   0   0   0 |   w = W
   2   0   0   2   1   0   0   2   0   0   6   0   0   0   1   0   1   0   0   2   2   0   0 146   0   1 |   x = X
   0   0   0   0   0   0   0   1   0   0   0   0   0   0   0   0   1   1   1   4   0   3   1   3 144   1 |   y = Y
   0   1   0   1   2   0   2   0   0   0   0   1   0   0   0   0   1   1   1   1   0   0   0   0   0 124 |   z = Z

