
JRIP rules:
===========

(x-ege = 3) and (xegvy = 8) and (y-ege = 0) => lettr=H (119.0/1.0)
(y2bar = 6) and (y-ege = 3) and (x-ege = 3) and (xy2br = 8) and (xybar = 10) => lettr=H (40.0/0.0)
(xybar = 10) and (x2bar = 3) and (x-ege = 3) and (xegvy = 8) => lettr=H (63.0/10.0)
(y2bar = 6) and (y-ege = 3) and (x-ege = 3) and (xybar = 7) => lettr=H (80.0/18.0)
(xybar = 10) and (x2bar = 3) and (y2bar = 6) and (xy2br = 9) => lettr=H (10.0/4.0)
(xybar = 10) and (x2bar = 3) and (y2bar = 6) and (y-ege = 4) and (x-ege = 4) and (width = 8) => lettr=H (5.0/0.0)
(x-ege = 6) and (xegvy = 8) and (y2bar = 7) and (yegvx = 8) and (xybar = 7) => lettr=H (7.0/0.0)
(x-ege = 6) and (y-ege = 5) and (xybar = 10) and (x2bar = 3) => lettr=H (13.0/0.0)
(x-ege = 6) and (y2bar = 6) and (xegvy = 8) and (y-ege = 3) => lettr=H (15.0/3.0)
(xy2br = 7) and (yegvx = 9) and (x-box = 7) and (x2bar = 3) => lettr=H (10.0/3.0)
(xy2br = 7) and (x-ege = 7) and (x2bar = 4) and (yegvx = 8) => lettr=H (8.0/2.0)
(xybar = 10) and (y-ege = 4) and (x2bar = 3) and (x-ege = 5) => lettr=H (15.0/3.0)
(x-ege = 6) and (x2bar = 4) and (xybar = 9) and (high = 8) and (onpix = 5) => lettr=H (5.0/0.0)
(xybar = 7) and (x-ege = 3) and (high = 2) and (xy2br = 8) and (x2ybr = 6) => lettr=H (10.0/0.0)
(x-ege = 6) and (y-ege = 4) and (x2ybr = 6) and (x-bar = 8) => lettr=H (6.0/1.0)
(x-ege = 3) and (x2ybr = 5) and (xegvy = 7) and (x-bar = 6) and (yegvx = 10) => lettr=H (6.0/0.0)
(x-ege = 3) and (xybar = 7) and (y2bar = 7) and (onpix = 7) => lettr=H (7.0/2.0)
(xybar = 7) and (high = 0) and (x2bar = 10) and (xegvy = 8) => lettr=H (11.0/0.0)
(x-ege = 6) and (x-bar = 6) and (yegvx = 11) => lettr=H (4.0/1.0)
(xybar = 10) and (y2bar = 6) and (xy2br = 8) and (y-ege = 4) and (onpix = 8) => lettr=H (5.0/0.0)
(x-ege = 7) and (y-ege = 5) and (xegvy = 11) => lettr=H (6.0/0.0)
(onpix = 6) and (y2bar = 2) and (y-ege = 8) => lettr=H (11.0/5.0)
(x-ege = 3) and (y2bar = 1) and (y-ege = 8) => lettr=H (4.0/0.0)
(x-ege = 3) and (xybar = 7) and (x-box = 2) and (y2bar = 5) and (x2ybr = 6) => lettr=H (8.0/1.0)
(x-ege = 3) and (y-ege = 3) and (high = 2) and (x2bar = 3) => lettr=H (3.0/0.0)
(x-ege = 6) and (x2ybr = 5) and (yegvx = 10) and (x-bar = 6) => lettr=H (4.0/1.0)
(x-ege = 6) and (x2bar = 4) and (x-bar = 9) and (width = 4) => lettr=H (3.0/0.0)
(xy2br = 7) and (yegvx = 9) and (x-ege = 7) and (y-ege = 5) => lettr=H (3.0/0.0)
(x-ege = 3) and (xybar = 7) and (x2bar = 12) and (x2ybr = 8) => lettr=H (4.0/0.0)
(x2bar = 4) and (x-ege = 7) and (y2bar = 3) and (y-ege = 7) => lettr=H (4.0/1.0)
(xy2br = 7) and (y-bar = 6) and (x2bar = 4) and (xybar = 11) and (x-ege = 6) => lettr=H (3.0/0.0)
(xybar = 10) and (y2bar = 6) and (y-ege = 3) and (xy2br = 7) and (yegvx = 9) => lettr=H (5.0/1.0)
(xybar = 10) and (x-ege = 4) and (y-box = 8) and (x-box = 6) => lettr=H (5.0/1.0)
(x-ege = 4) and (y2bar = 1) and (y-box = 7) => lettr=H (3.0/0.0)
(x-ege = 3) and (x2ybr = 9) and (y-ege = 0) and (y-bar = 5) => lettr=H (4.0/0.0)
(x2bar = 4) and (high = 10) and (x2ybr = 4) => lettr=H (3.0/0.0)
(xybar = 10) and (x2bar = 3) and (x-box = 8) and (x-ege = 5) => lettr=H (5.0/1.0)
(x-ege = 6) and (y-ege = 4) and (y2bar = 5) and (yegvx = 8) => lettr=H (5.0/1.0)
(xy2br = 13) and (y-ege = 4) => lettr=C (111.0/7.0)
(xy2br = 14) and (y-ege = 4) => lettr=C (85.0/0.0)
(xy2br = 12) and (x-ege = 1) and (x-bar = 4) => lettr=C (29.0/0.0)
(xy2br = 11) and (x-ege = 1) and (x-bar = 5) => lettr=C (15.0/0.0)
(xy2br = 13) and (y-bar = 8) and (x-ege = 1) => lettr=C (21.0/0.0)
(xy2br = 12) and (y-bar = 8) and (x2bar = 6) => lettr=C (18.0/0.0)
(xy2br = 11) and (xegvy = 9) and (y-ege = 3) => lettr=C (26.0/7.0)
(xy2br = 12) and (y-ege = 4) and (x-ege = 1) => lettr=C (22.0/0.0)
(xy2br = 11) and (x-ege = 1) and (x-bar = 4) => lettr=C (8.0/0.0)
(x2ybr = 8) and (xy2br = 13) and (x-ege = 2) => lettr=C (2.0/0.0)
(xy2br = 11) and (xegvy = 10) and (y-bar = 8) => lettr=C (9.0/2.0)
(x2ybr = 8) and (yegvx = 11) and (x2bar = 4) => lettr=C (10.0/0.0)
(xy2br = 11) and (x2bar = 4) and (x-ege = 4) => lettr=C (16.0/4.0)
(x-bar = 5) and (xybar = 12) and (xy2br = 10) => lettr=C (8.0/0.0)
(x2ybr = 8) and (y2bar = 8) and (yegvx = 9) => lettr=C (10.0/2.0)
(x-bar = 5) and (xy2br = 13) and (high = 8) => lettr=C (4.0/1.0)
(x-bar = 5) and (xybar = 12) and (x2bar = 6) and (x-ege = 2) => lettr=C (5.0/0.0)
(xy2br = 12) and (x-ege = 2) and (y-bar = 8) => lettr=C (14.0/1.0)
(xegvy = 9) and (xy2br = 14) => lettr=C (6.0/0.0)
(x-bar = 5) and (y-ege = 8) and (onpix = 8) => lettr=C (3.0/0.0)
(xegvy = 9) and (yegvx = 9) and (y-ege = 5) and (x2ybr = 6) and (x-ege = 2) => lettr=C (5.0/1.0)
(xegvy = 9) and (x2bar = 4) and (xy2br = 10) and (y-bar = 7) => lettr=C (7.0/1.0)
(xy2br = 11) and (x-ege = 1) and (x-bar = 3) => lettr=C (6.0/0.0)
(xegvy = 9) and (xy2br = 13) and (y-ege = 3) => lettr=C (5.0/0.0)
(x2bar = 7) and (xybar = 13) and (x-ege = 2) => lettr=C (12.0/1.0)
(xy2br = 14) and (y-ege = 3) => lettr=C (10.0/0.0)
(xy2br = 12) and (y-ege = 3) and (x-ege = 1) => lettr=C (4.0/0.0)
(xy2br = 11) and (y-ege = 4) and (x2ybr = 6) and (xybar = 8) => lettr=C (6.0/0.0)
(yegvx = 9) and (xy2br = 15) => lettr=C (5.0/0.0)
(xegvy = 9) and (x-ege = 4) and (x2ybr = 8) and (high = 8) => lettr=C (5.0/1.0)
(xy2br = 12) and (xegvy = 9) and (x-ege = 6) => lettr=C (3.0/0.0)
(xy2br = 11) and (xegvy = 10) and (y2bar = 5) => lettr=C (7.0/2.0)
(xy2br = 11) and (x-ege = 8) and (high = 7) => lettr=C (2.0/0.0)
(x2bar = 6) and (x-ege = 1) and (x-bar = 4) => lettr=C (7.0/2.0)
(xy2br = 10) and (y-ege = 8) and (xybar = 9) => lettr=C (4.0/1.0)
(x2bar = 8) and (y2bar = 6) and (xy2br = 13) => lettr=C (3.0/0.0)
(xy2br = 12) and (x2ybr = 10) and (width = 4) => lettr=C (2.0/0.0)
(x-ege = 4) and (x2bar = 8) and (y-ege = 4) and (x2ybr = 6) => lettr=C (9.0/2.0)
(xegvy = 7) and (y-ege = 0) and (x-ege = 0) and (yegvx = 8) => lettr=J (124.0/0.0)
(xegvy = 6) and (x-ege = 1) and (y-ege = 0) and (yegvx = 8) => lettr=J (65.0/0.0)
(xybar = 15) => lettr=J (68.0/0.0)
(xybar = 14) and (xegvy = 7) and (yegvx = 7) => lettr=J (25.0/0.0)
(x-bar = 10) and (yegvx = 7) and (xybar = 12) => lettr=J (33.0/0.0)
(xegvy = 6) and (x-ege = 1) and (y-bar = 6) => lettr=J (31.0/1.0)
(xybar = 14) and (xegvy = 6) => lettr=J (27.0/1.0)
(xegvy = 7) and (y-ege = 1) and (xybar = 11) and (x-ege = 0) => lettr=J (20.0/0.0)
(x2ybr = 4) and (y-ege = 1) and (xegvy = 7) => lettr=J (11.0/0.0)
(x2ybr = 4) and (y-ege = 6) and (xy2br = 6) and (xybar = 8) => lettr=J (7.0/2.0)
(yegvx = 6) and (xybar = 8) and (y-ege = 4) => lettr=J (20.0/5.0)
(x-bar = 10) and (width = 4) and (x-ege = 3) and (y-bar = 6) => lettr=J (8.0/3.0)
(x2ybr = 5) and (y-ege = 1) and (x-ege = 1) => lettr=J (10.0/2.0)
(xybar = 13) and (y2bar = 3) and (x2bar = 3) => lettr=J (12.0/1.0)
(x-bar = 9) and (y-ege = 6) and (onpix = 3) and (y2bar = 3) => lettr=J (5.0/0.0)
(x2ybr = 5) and (xy2br = 5) and (y-ege = 7) => lettr=J (7.0/2.0)
(xybar = 12) and (x-bar = 15) => lettr=J (5.0/0.0)
(xy2br = 7) and (x2ybr = 3) and (x-ege = 0) => lettr=J (6.0/0.0)
(xegvy = 7) and (y-ege = 0) and (width = 2) => lettr=J (8.0/1.0)
(high = 10) and (y-box = 13) => lettr=J (3.0/0.0)
(y-ege = 9) and (x-ege = 0) and (xybar = 5) => lettr=S (62.0/0.0)
(x-bar = 8) and (y-ege = 9) and (x-ege = 2) => lettr=S (52.0/2.0)
(x-bar = 8) and (y-ege = 8) and (x-ege = 2) and (x-box = 2) => lettr=S (19.0/0.0)
(xy2br = 7) and (y-ege = 5) and (yegvx = 8) and (x-ege = 1) => lettr=S (11.0/0.0)
(x-ege = 2) and (y-ege = 5) and (x2bar = 4) and (xybar = 11) => lettr=S (44.0/6.0)
(y-ege = 8) and (x-ege = 2) and (y2bar = 5) and (x2bar = 7) => lettr=S (16.0/0.0)
(y-ege = 9) and (y2bar = 9) and (x2ybr = 6) => lettr=S (18.0/0.0)
(xy2br = 7) and (y2bar = 7) and (xybar = 10) and (y-bar = 8) => lettr=S (23.0/3.0)
(y-ege = 5) and (xybar = 10) and (y2bar = 7) => lettr=S (51.0/24.0)
(x-bar = 8) and (x-ege = 0) and (xybar = 5) => lettr=S (36.0/0.0)
(y-ege = 9) and (x2bar = 7) and (x-ege = 2) => lettr=S (4.0/0.0)
(y-ege = 10) and (xybar = 8) and (y2bar = 3) => lettr=S (10.0/0.0)
(y-ege = 9) and (x-ege = 1) and (onpix = 4) => lettr=S (5.0/0.0)
(y-ege = 9) and (xy2br = 8) and (x-ege = 5) and (xegvy = 10) => lettr=S (6.0/0.0)
(x2bar = 3) and (yegvx = 1) => lettr=S (8.0/0.0)
(xy2br = 7) and (y-ege = 12) => lettr=S (11.0/3.0)
(y-ege = 5) and (x2ybr = 2) and (yegvx = 8) => lettr=S (8.0/1.0)
(xy2br = 7) and (x-ege = 2) and (y-ege = 5) and (high = 8) => lettr=S (10.0/4.0)
(xybar = 13) and (y-ege = 3) and (y2bar = 3) => lettr=S (12.0/0.0)
(xy2br = 7) and (xybar = 11) and (y2bar = 8) and (width = 5) => lettr=S (12.0/5.0)
(y-ege = 8) and (x2bar = 5) and (x-ege = 0) => lettr=S (13.0/0.0)
(x-ege = 2) and (y-ege = 5) and (xybar = 10) and (xy2br = 8) => lettr=S (11.0/2.0)
(y-ege = 8) and (x-ege = 2) and (x-bar = 8) and (x2bar = 8) => lettr=S (7.0/1.0)
(y-ege = 9) and (y-box = 6) and (x2bar = 4) and (x-ege = 4) => lettr=S (3.0/0.0)
(y-box = 15) and (x2ybr = 2) and (x-ege = 4) => lettr=S (6.0/0.0)
(y-ege = 9) and (xybar = 8) and (x-ege = 2) => lettr=S (6.0/1.0)
(y-ege = 10) and (high = 4) => lettr=S (3.0/0.0)
(x2bar = 3) and (x2ybr = 5) and (yegvx = 3) => lettr=S (4.0/0.0)
(x-bar = 8) and (y-ege = 8) and (y-box = 3) => lettr=S (3.0/0.0)
(xybar = 13) and (y-ege = 3) and (xy2br = 9) => lettr=S (9.0/1.0)
(x2bar = 3) and (y-ege = 4) and (x-ege = 1) and (y2bar = 7) => lettr=S (10.0/0.0)
(y-ege = 13) and (x2bar = 5) => lettr=S (4.0/0.0)
(y-ege = 5) and (y-bar = 3) and (onpix = 3) => lettr=S (7.0/2.0)
(y-ege = 11) and (xybar = 8) => lettr=S (6.0/2.0)
(x-bar = 9) and (yegvx = 11) and (x-ege = 2) and (x2bar = 5) => lettr=S (4.0/0.0)
(xy2br = 7) and (xybar = 13) and (xegvy = 9) and (y-ege = 3) => lettr=S (3.0/0.0)
(y-ege = 10) and (y2bar = 8) and (xybar = 5) => lettr=S (3.0/0.0)
(x-bar = 8) and (y-ege = 9) and (width = 4) => lettr=S (4.0/1.0)
(x-ege = 0) and (x2ybr = 6) and (x2bar = 0) => lettr=I (167.0/0.0)
(x-ege = 0) and (width = 0) => lettr=I (156.0/0.0)
(x-ege = 0) and (y2bar = 7) and (xegvy = 8) and (xy2br = 8) and (x2bar = 1) => lettr=I (39.0/0.0)
(x-ege = 0) and (y-ege = 4) and (xybar = 7) => lettr=I (29.0/1.0)
(xybar = 13) and (x2bar = 0) => lettr=I (32.0/0.0)
(x2bar = 1) and (x2ybr = 6) and (x-ege = 0) => lettr=I (31.0/0.0)
(y-ege = 5) and (xy2br = 5) and (y-bar = 6) => lettr=I (13.0/1.0)
(xybar = 13) and (y-ege = 5) and (yegvx = 10) => lettr=I (12.0/2.0)
(xybar = 14) and (xegvy = 8) and (x-ege = 0) => lettr=I (11.0/2.0)
(y2bar = 5) and (x2bar = 2) and (xybar = 11) and (xy2br = 6) => lettr=I (6.0/0.0)
(xybar = 13) and (y-ege = 5) and (y2bar = 5) => lettr=I (10.0/3.0)
(x-bar = 10) and (xy2br = 5) and (x-box = 2) => lettr=I (5.0/0.0)
(y-box = 14) and (xybar = 14) => lettr=I (7.0/3.0)
(x-ege = 3) and (y-ege = 8) and (xybar = 7) and (y-bar = 9) => lettr=I (9.0/3.0)
(y-bar = 5) and (y-ege = 5) and (xegvy = 8) and (x2ybr = 3) => lettr=I (4.0/0.0)
(y2bar = 6) and (x-bar = 8) and (x-ege = 1) and (y-ege = 4) => lettr=I (4.0/0.0)
(y2bar = 6) and (x-bar = 12) and (x-box = 3) => lettr=I (2.0/0.0)
(y2bar = 5) and (y-ege = 9) and (x-ege = 3) and (x2bar = 5) => lettr=I (6.0/2.0)
(xybar = 13) and (y-ege = 4) and (yegvx = 9) and (onpix = 2) => lettr=I (3.0/0.0)
(x2bar = 2) and (width = 1) and (xybar = 7) => lettr=I (6.0/1.0)
(xybar = 12) and (yegvx = 11) and (width = 4) => lettr=I (3.0/0.0)
(high = 8) and (xy2br = 4) and (x-bar = 10) and (x2bar = 2) => lettr=I (4.0/0.0)
(xy2br = 11) and (xegvy = 8) and (x-ege = 3) and (y-bar = 7) and (x2ybr = 6) and (x-bar = 5) => lettr=K (27.0/0.0)
(xy2br = 11) and (xegvy = 8) and (x-bar = 4) => lettr=K (59.0/0.0)
(xy2br = 11) and (x-bar = 3) => lettr=K (70.0/5.0)
(y2bar = 7) and (xy2br = 10) and (xegvy = 8) and (x-ege = 3) => lettr=K (50.0/8.0)
(xybar = 10) and (x2bar = 2) and (xy2br = 10) => lettr=K (27.0/4.0)
(xybar = 10) and (x2bar = 2) and (y2bar = 7) and (x-ege = 3) => lettr=K (18.0/1.0)
(xybar = 10) and (y2bar = 6) and (x2bar = 1) => lettr=K (42.0/2.0)
(x-ege = 4) and (xegvy = 7) and (y2bar = 7) and (xybar = 10) => lettr=K (11.0/1.0)
(xy2br = 12) and (y-ege = 3) and (xybar = 7) => lettr=K (14.0/0.0)
(y2bar = 7) and (xy2br = 11) and (x-ege = 3) and (xegvy = 8) => lettr=K (9.0/0.0)
(x-ege = 4) and (xy2br = 12) and (y-ege = 4) => lettr=K (7.0/0.0)
(x-ege = 4) and (x2bar = 2) and (xybar = 10) and (y-bar = 7) => lettr=K (6.0/1.0)
(x2bar = 3) and (y-ege = 4) and (x-ege = 6) and (xybar = 9) => lettr=K (9.0/0.0)
(y-bar = 6) and (x-bar = 5) and (xybar = 6) => lettr=K (15.0/4.0)
(x-ege = 5) and (y-ege = 4) and (y2bar = 7) and (y-bar = 7) => lettr=K (8.0/1.0)
(x-ege = 5) and (x2bar = 3) and (y-ege = 3) and (y-bar = 8) => lettr=K (6.0/1.0)
(x-bar = 6) and (x2ybr = 6) and (x2bar = 4) and (y-bar = 7) and (xegvy = 8) => lettr=K (10.0/0.0)
(y-bar = 6) and (x-bar = 4) => lettr=K (11.0/2.0)
(x-ege = 4) and (xegvy = 6) and (y2bar = 4) => lettr=K (14.0/6.0)
(width = 9) and (xy2br = 12) => lettr=K (9.0/3.0)
(y-bar = 6) and (x2bar = 2) and (x2ybr = 3) and (xy2br = 8) => lettr=K (9.0/2.0)
(y-bar = 6) and (x2bar = 3) and (xybar = 6) and (y2bar = 4) => lettr=K (5.0/0.0)
(y2bar = 7) and (x-ege = 7) and (xybar = 6) => lettr=K (6.0/0.0)
(x-ege = 6) and (y-ege = 3) and (xybar = 9) => lettr=K (15.0/2.0)
(onpix = 7) and (x2ybr = 3) and (xy2br = 9) => lettr=K (4.0/1.0)
(y-bar = 7) and (x-bar = 5) and (xy2br = 10) and (x2ybr = 6) and (xegvy = 8) => lettr=K (8.0/0.0)
(y-bar = 6) and (yegvx = 12) and (xegvy = 6) => lettr=K (5.0/1.0)
(x-ege = 5) and (y-ege = 3) and (xybar = 10) and (y-bar = 7) => lettr=K (5.0/0.0)
(y-bar = 6) and (x2bar = 1) and (xegvy = 7) and (x-bar = 6) => lettr=K (3.0/0.0)
(yegvx = 11) and (y-ege = 2) and (xegvy = 8) => lettr=K (6.0/0.0)
(x-ege = 5) and (x2bar = 3) and (y-ege = 4) and (y-box = 14) => lettr=K (3.0/0.0)
(x-ege = 4) and (x-bar = 6) and (x2bar = 5) and (xy2br = 8) => lettr=K (6.0/2.0)
(y-bar = 6) and (x-bar = 5) and (xybar = 7) and (high = 4) => lettr=K (3.0/0.0)
(x-ege = 4) and (x2ybr = 4) and (xy2br = 9) and (x2bar = 2) => lettr=K (6.0/1.0)
(x-ege = 7) and (x2ybr = 6) and (x2bar = 3) and (xybar = 6) => lettr=K (5.0/1.0)
(x-ege = 4) and (y-bar = 7) and (x2bar = 1) and (high = 6) => lettr=K (3.0/0.0)
(width = 8) and (x-ege = 8) and (y-ege = 8) and (xybar = 6) => lettr=K (3.0/0.0)
(high = 7) and (xy2br = 12) and (y-bar = 8) => lettr=K (3.0/0.0)
(width = 9) and (x-ege = 7) and (x2ybr = 3) => lettr=K (2.0/0.0)
(y2bar = 9) and (x-ege = 1) and (yegvx = 8) => lettr=Z (66.0/1.0)
(y-ege = 8) and (x-ege = 0) and (xy2br = 8) => lettr=Z (102.0/0.0)
(y2bar = 9) and (x2bar = 2) and (x-ege = 1) and (xegvy = 8) => lettr=Z (38.0/0.0)
(y2bar = 10) and (x-ege = 1) => lettr=Z (64.0/7.0)
(y2bar = 9) and (y-ege = 7) and (x-ege = 2) => lettr=Z (26.0/0.0)
(y-ege = 6) and (x2bar = 2) and (y2bar = 9) => lettr=Z (22.0/2.0)
(x2ybr = 6) and (x-ege = 0) and (xy2br = 8) => lettr=Z (55.0/1.0)
(y-ege = 10) and (xegvy = 9) and (y-bar = 9) => lettr=Z (6.0/0.0)
(y2bar = 8) and (width = 2) and (x-ege = 1) => lettr=Z (18.0/0.0)
(y2bar = 8) and (width = 2) and (xybar = 6) => lettr=Z (10.0/3.0)
(y-ege = 10) and (x-ege = 1) => lettr=Z (8.0/0.0)
(y2bar = 11) and (x-bar = 7) => lettr=Z (9.0/0.0)
(xybar = 12) and (y2bar = 9) and (y-bar = 6) => lettr=Z (6.0/0.0)
(x-bar = 9) and (x-ege = 3) and (x2ybr = 5) and (xybar = 6) => lettr=Z (10.0/0.0)
(xybar = 11) and (high = 11) => lettr=Z (7.0/0.0)
(xybar = 12) and (y2bar = 9) and (x-ege = 1) => lettr=Z (4.0/0.0)
(xybar = 11) and (y-ege = 6) and (y-bar = 9) and (x-bar = 6) => lettr=Z (6.0/0.0)
(x-bar = 11) and (y-ege = 6) and (x-ege = 2) => lettr=Z (6.0/0.0)
(y-ege = 9) and (x-ege = 0) => lettr=Z (4.0/0.0)
(y2bar = 10) and (x-ege = 2) => lettr=Z (24.0/10.0)
(xybar = 11) and (xy2br = 9) and (y-bar = 5) and (y2bar = 8) => lettr=Z (5.0/0.0)
(x-bar = 9) and (y-ege = 10) and (y2bar = 4) and (x2ybr = 5) => lettr=Z (5.0/0.0)
(xybar = 12) and (onpix = 5) and (x2ybr = 8) => lettr=Z (3.0/0.0)
(x2ybr = 3) and (y-box = 5) and (onpix = 4) => lettr=Z (8.0/2.0)
(y2bar = 9) and (y-ege = 7) and (x-bar = 6) => lettr=Z (4.0/0.0)
(xybar = 11) and (x-ege = 3) and (xy2br = 7) and (x-bar = 7) => lettr=Z (5.0/1.0)
(y-ege = 8) and (y2bar = 11) and (x-ege = 1) => lettr=Z (3.0/0.0)
(y-ege = 9) and (x2bar = 5) and (x-ege = 3) and (x-bar = 9) => lettr=Z (4.0/0.0)
(y-ege = 8) and (onpix = 4) and (xy2br = 7) and (xybar = 7) and (x-bar = 8) => lettr=Z (3.0/0.0)
(xybar = 11) and (y2bar = 9) and (y-ege = 7) => lettr=Z (3.0/0.0)
(y2bar = 8) and (x-bar = 8) and (x2bar = 2) and (x-ege = 3) => lettr=Z (4.0/0.0)
(xybar = 12) and (yegvx = 11) and (xegvy = 9) => lettr=Z (3.0/0.0)
(y-ege = 11) and (x-box = 4) => lettr=Z (4.0/0.0)
(x2ybr = 3) and (high = 10) => lettr=Z (5.0/1.0)
(x-ege = 1) and (y-bar = 8) and (x-box = 4) and (x-bar = 7) => lettr=Z (5.0/0.0)
(xybar = 12) and (xy2br = 10) and (y-box = 9) and (xegvy = 8) => lettr=Z (3.0/0.0)
(y-ege = 10) and (x-bar = 10) and (x-box = 6) => lettr=Z (2.0/0.0)
(xybar = 11) and (high = 10) => lettr=Z (3.0/0.0)
(high = 9) and (onpix = 4) and (x-ege = 1) => lettr=Z (4.0/1.0)
(y2bar = 8) and (y-ege = 5) and (yegvx = 5) and (x-box = 5) => lettr=Z (3.0/0.0)
(xybar = 12) and (onpix = 6) and (xy2br = 8) => lettr=Z (4.0/1.0)
(xegvy = 8) and (y-ege = 3) and (xy2br = 8) and (xybar = 7) and (x2bar = 8) => lettr=O (42.0/0.0)
(xegvy = 8) and (y-ege = 3) and (xy2br = 8) and (x2bar = 7) => lettr=O (88.0/5.0)
(x2bar = 8) and (x-ege = 3) and (yegvx = 8) => lettr=O (116.0/25.0)
(xegvy = 8) and (x-bar = 8) and (yegvx = 8) and (xybar = 7) and (y-ege = 3) and (y-bar = 7) => lettr=O (5.0/0.0)
(xegvy = 8) and (xybar = 9) and (xy2br = 8) and (y-ege = 2) => lettr=O (34.0/0.0)
(xegvy = 8) and (y-ege = 3) and (y2bar = 4) and (x-ege = 3) => lettr=O (23.0/3.0)
(x2bar = 9) and (y-ege = 4) and (xybar = 7) => lettr=O (38.0/5.0)
(x2bar = 7) and (xybar = 10) and (y2bar = 4) => lettr=O (17.0/3.0)
(x2bar = 7) and (y-ege = 3) and (width = 4) and (y2bar = 5) => lettr=O (9.0/0.0)
(y-ege = 5) and (xybar = 9) and (x-ege = 5) and (yegvx = 8) => lettr=O (13.0/2.0)
(y-ege = 5) and (x-ege = 5) and (x-box = 7) and (width = 5) => lettr=O (6.0/0.0)
(x2bar = 9) and (x-bar = 7) and (x-ege = 3) => lettr=O (21.0/4.0)
(x-bar = 8) and (y-box = 10) and (x-ege = 5) and (onpix = 6) => lettr=O (8.0/1.0)
(x-bar = 8) and (xegvy = 8) and (y-ege = 2) and (xybar = 7) => lettr=O (9.0/0.0)
(y-ege = 5) and (xybar = 9) and (x-bar = 7) and (x2ybr = 5) => lettr=O (11.0/1.0)
(x2bar = 8) and (xybar = 10) and (x-ege = 4) => lettr=O (9.0/0.0)
(x-bar = 8) and (y-ege = 4) and (x-ege = 8) and (x2bar = 5) => lettr=O (7.0/0.0)
(xegvy = 8) and (y-ege = 3) and (xy2br = 8) and (x2bar = 6) and (x-bar = 7) => lettr=O (17.0/3.0)
(x2bar = 8) and (yegvx = 7) and (x-ege = 3) => lettr=O (21.0/6.0)
(y-ege = 5) and (x-ege = 5) and (xybar = 10) and (y2bar = 3) => lettr=O (7.0/1.0)
(x-bar = 8) and (xybar = 9) and (y-bar = 4) and (y-ege = 5) => lettr=O (4.0/0.0)
(x2bar = 7) and (y2bar = 4) and (yegvx = 7) and (x-bar = 7) => lettr=O (6.0/0.0)
(y-ege = 5) and (x-ege = 5) and (y2bar = 4) and (x-box = 6) => lettr=O (4.0/0.0)
(x2bar = 7) and (y2bar = 4) and (y-ege = 2) and (xegvy = 8) => lettr=O (6.0/0.0)
(x-bar = 8) and (x2bar = 9) and (y-bar = 8) => lettr=O (6.0/1.0)
(y-ege = 5) and (x-ege = 4) and (onpix = 2) => lettr=O (5.0/1.0)
(x-bar = 8) and (xybar = 9) and (y-ege = 3) and (x2bar = 7) => lettr=O (4.0/0.0)
(x-bar = 8) and (xybar = 7) and (xegvy = 9) and (y2bar = 2) and (y-bar = 6) => lettr=O (5.0/1.0)
(y-ege = 5) and (xybar = 8) and (y-bar = 6) and (width = 6) => lettr=O (5.0/1.0)
(x-bar = 8) and (xybar = 9) and (y2bar = 4) and (y-bar = 4) => lettr=O (3.0/0.0)
(x2bar = 6) and (xy2br = 8) and (xybar = 9) => lettr=O (8.0/1.0)
(x2bar = 8) and (x-box = 7) and (width = 7) => lettr=O (3.0/0.0)
(y-ege = 5) and (width = 6) and (x-ege = 8) and (yegvx = 10) => lettr=O (3.0/0.0)
(y-ege = 4) and (x-box = 5) and (onpix = 5) and (y2bar = 4) and (x-bar = 8) => lettr=O (5.0/1.0)
(x2bar = 6) and (y2bar = 1) and (y-bar = 7) => lettr=O (5.0/2.0)
(y-ege = 4) and (x2bar = 9) and (x-bar = 9) => lettr=O (3.0/0.0)
(high = 8) and (x2ybr = 3) and (x-bar = 7) and (xegvy = 8) => lettr=O (3.0/0.0)
(width = 7) and (y-ege = 4) and (y-bar = 5) and (xybar = 8) => lettr=O (3.0/0.0)
(x-ege = 4) and (x-bar = 6) and (y-bar = 6) and (y-box = 9) and (high = 8) => lettr=O (3.0/0.0)
(x2bar = 7) and (xybar = 10) and (onpix = 6) => lettr=O (2.0/0.0)
(x2bar = 8) and (y-ege = 4) and (x-bar = 7) and (onpix = 4) => lettr=O (5.0/1.0)
(xegvy = 8) and (x-ege = 2) and (xy2br = 7) and (yegvx = 10) => lettr=B (72.0/2.0)
(xegvy = 8) and (x-ege = 2) and (xy2br = 7) and (yegvx = 9) => lettr=B (64.0/4.0)
(xy2br = 6) and (xegvy = 8) and (yegvx = 10) => lettr=B (79.0/7.0)
(xegvy = 8) and (xy2br = 6) and (yegvx = 9) and (x-ege = 2) and (y-bar = 7) => lettr=B (43.0/0.0)
(xy2br = 7) and (x-ege = 1) and (xegvy = 8) => lettr=B (37.0/2.0)
(yegvx = 9) and (xy2br = 6) and (x2ybr = 6) and (x-box = 2) => lettr=B (13.0/0.0)
(xy2br = 6) and (xegvy = 8) and (x-bar = 7) and (x-ege = 2) => lettr=B (17.0/5.0)
(y-ege = 7) and (y2bar = 6) and (x2bar = 5) => lettr=B (25.0/9.0)
(xy2br = 7) and (y-bar = 6) and (yegvx = 11) and (x-bar = 10) => lettr=B (13.0/2.0)
(y-ege = 7) and (y2bar = 6) and (x-bar = 8) => lettr=B (23.0/9.0)
(xy2br = 7) and (yegvx = 9) and (y-ege = 7) => lettr=B (10.0/3.0)
(xy2br = 7) and (y-ege = 8) and (xybar = 9) => lettr=B (12.0/3.0)
(y-ege = 6) and (xy2br = 6) and (y-bar = 8) and (xegvy = 8) and (x2bar = 6) => lettr=B (6.0/0.0)
(y-ege = 6) and (xy2br = 6) and (x2ybr = 5) and (xegvy = 8) => lettr=B (13.0/4.0)
(xy2br = 7) and (high = 6) and (x-ege = 6) and (onpix = 8) => lettr=B (4.0/0.0)
(xy2br = 7) and (y-bar = 6) and (yegvx = 10) and (onpix = 6) => lettr=B (6.0/1.0)
(y-ege = 6) and (xy2br = 5) and (xegvy = 8) and (xybar = 7) => lettr=B (8.0/0.0)
(y-ege = 7) and (x-ege = 6) and (yegvx = 11) => lettr=B (7.0/2.0)
(y-ege = 8) and (x-ege = 7) and (xegvy = 9) and (y2bar = 4) => lettr=B (8.0/1.0)
(y-ege = 6) and (xybar = 10) and (x-bar = 9) and (x2ybr = 4) => lettr=B (7.0/0.0)
(xy2br = 7) and (x-ege = 4) and (y-ege = 5) and (x2bar = 2) => lettr=B (5.0/0.0)
(xy2br = 7) and (xybar = 7) and (y-box = 11) and (yegvx = 10) => lettr=B (6.0/0.0)
(y-ege = 7) and (xy2br = 7) and (x-box = 3) and (x-bar = 6) => lettr=B (4.0/0.0)
(y-ege = 7) and (xybar = 9) and (xy2br = 7) and (y2bar = 5) => lettr=B (3.0/0.0)
(x2ybr = 6) and (y2bar = 5) and (y-bar = 7) and (xybar = 9) and (x-bar = 8) => lettr=B (7.0/1.0)
(y-ege = 8) and (xybar = 10) and (xegvy = 6) => lettr=B (5.0/0.0)
(xy2br = 6) and (yegvx = 9) and (y-ege = 5) => lettr=B (13.0/6.0)
(xy2br = 7) and (yegvx = 9) and (x2ybr = 7) and (y-box = 8) => lettr=B (3.0/0.0)
(y-ege = 7) and (x-ege = 6) and (width = 4) => lettr=B (5.0/1.0)
(y-ege = 6) and (xybar = 10) and (y-box = 8) => lettr=B (3.0/0.0)
(x2ybr = 6) and (y-ege = 9) and (x-ege = 7) and (xy2br = 8) => lettr=B (6.0/1.0)
(xy2br = 7) and (y-ege = 5) and (x2bar = 3) and (yegvx = 12) => lettr=B (4.0/0.0)
(y-ege = 7) and (x2bar = 4) and (width = 5) and (x-ege = 6) => lettr=B (3.0/0.0)
(y-ege = 6) and (xy2br = 7) and (xegvy = 8) and (yegvx = 8) => lettr=B (5.0/1.0)
(y-ege = 6) and (y2bar = 5) and (yegvx = 9) and (xybar = 7) => lettr=B (5.0/0.0)
(x2ybr = 5) and (x-ege = 4) and (high = 6) and (xybar = 7) and (y-bar = 8) => lettr=B (4.0/0.0)
(yegvx = 10) and (xy2br = 5) and (x2ybr = 6) => lettr=B (5.0/1.0)
(xy2br = 6) and (x2bar = 6) and (y-ege = 7) and (x-bar = 7) => lettr=B (6.0/1.0)
(y-ege = 8) and (x-ege = 6) and (xegvy = 9) and (x2bar = 5) => lettr=B (5.0/1.0)
(yegvx = 10) and (x-ege = 6) and (y2bar = 6) => lettr=B (7.0/3.0)
(xy2br = 7) and (xybar = 6) and (xegvy = 9) and (y-bar = 6) and (x-box = 4) => lettr=B (3.0/0.0)
(yegvx = 10) and (y-ege = 10) and (y-box = 6) => lettr=B (2.0/0.0)
(y-ege = 8) and (xy2br = 5) and (x2bar = 7) => lettr=B (3.0/0.0)
(y-ege = 6) and (xy2br = 6) and (high = 5) and (x-box = 5) => lettr=B (4.0/1.0)
(y-bar = 7) and (xybar = 9) and (xy2br = 6) and (width = 8) => lettr=B (6.0/2.0)
(y-ege = 9) and (width = 4) and (x-box = 4) => lettr=B (3.0/0.0)
(xegvy = 10) and (y-ege = 1) and (x-ege = 2) => lettr=V (115.0/1.0)
(xegvy = 10) and (x-ege = 3) and (yegvx = 8) and (x2bar = 4) and (y-ege = 0) => lettr=V (49.0/0.0)
(y-bar = 12) and (y2bar = 3) and (x2ybr = 11) => lettr=V (50.0/0.0)
(yegvx = 8) and (xegvy = 10) and (x2ybr = 12) and (x2bar = 3) => lettr=V (26.0/0.0)
(yegvx = 8) and (x2bar = 4) and (y-ege = 0) and (x-ege = 3) => lettr=V (35.0/0.0)
(x2ybr = 11) and (y2bar = 2) => lettr=V (35.0/7.0)
(y-bar = 11) and (y-ege = 1) and (x-ege = 3) => lettr=V (38.0/3.0)
(x2ybr = 10) and (y2bar = 2) and (yegvx = 8) => lettr=V (20.0/2.0)
(xegvy = 10) and (xy2br = 8) and (x-ege = 2) and (x2bar = 4) => lettr=V (25.0/0.0)
(xybar = 8) and (xy2br = 5) and (xegvy = 12) => lettr=V (11.0/2.0)
(x2ybr = 10) and (x-bar = 9) and (y2bar = 4) => lettr=V (7.0/0.0)
(x2ybr = 12) and (y-ege = 1) and (y2bar = 4) => lettr=V (15.0/1.0)
(xybar = 8) and (xegvy = 10) and (y2bar = 2) and (xy2br = 8) => lettr=V (6.0/0.0)
(x2ybr = 11) and (x-ege = 3) and (xegvy = 10) => lettr=V (12.0/1.0)
(xybar = 8) and (x2bar = 5) and (y-bar = 5) => lettr=V (11.0/3.0)
(y-bar = 11) and (x-ege = 4) and (x-box = 7) => lettr=V (6.0/0.0)
(x2ybr = 10) and (xegvy = 12) and (x-ege = 5) => lettr=V (7.0/0.0)
(xy2br = 8) and (y-bar = 9) and (y2bar = 1) and (x2bar = 3) => lettr=V (11.0/2.0)
(y2bar = 3) and (x2ybr = 14) => lettr=V (10.0/0.0)
(xegvy = 11) and (y2bar = 3) and (x-ege = 2) and (y-ege = 1) => lettr=V (13.0/0.0)
(x2ybr = 10) and (x-bar = 8) and (y-ege = 3) => lettr=V (9.0/0.0)
(x2ybr = 10) and (y2bar = 3) and (xy2br = 9) => lettr=V (12.0/4.0)
(xybar = 8) and (x-bar = 4) and (yegvx = 7) => lettr=V (6.0/0.0)
(xybar = 8) and (x2bar = 4) and (yegvx = 8) and (width = 5) => lettr=V (5.0/0.0)
(x-ege = 7) and (onpix = 10) and (xy2br = 8) => lettr=V (4.0/0.0)
(x2bar = 4) and (y-ege = 2) and (xybar = 9) and (y-bar = 9) => lettr=V (5.0/1.0)
(x-ege = 6) and (xegvy = 13) and (onpix = 4) => lettr=V (3.0/0.0)
(xy2br = 8) and (y-ege = 7) and (x-ege = 6) and (xegvy = 9) and (x2bar = 5) => lettr=V (7.0/2.0)
(y2bar = 2) and (x2ybr = 10) and (x-ege = 2) => lettr=V (4.0/0.0)
(x2bar = 4) and (y-ege = 2) and (x-ege = 4) and (x-bar = 5) => lettr=V (5.0/0.0)
(x-ege = 7) and (xegvy = 10) and (x-box = 5) and (width = 7) => lettr=V (5.0/1.0)
(x2ybr = 10) and (xybar = 9) and (y-bar = 12) => lettr=V (3.0/0.0)
(x-ege = 5) and (y-box = 11) and (x-bar = 7) and (x2bar = 4) => lettr=V (4.0/0.0)
(xegvy = 12) and (x2bar = 6) and (x2ybr = 9) => lettr=V (7.0/2.0)
(x-ege = 0) and (xegvy = 7) => lettr=L (174.0/3.0)
(xybar = 0) => lettr=L (114.0/0.0)
(y-bar = 4) and (x-ege = 1) => lettr=L (79.0/9.0)
(xybar = 1) => lettr=L (48.0/0.0)
(y-bar = 3) and (x-ege = 1) and (x-box = 3) => lettr=L (13.0/0.0)
(x2bar = 3) and (y-ege = 6) and (y2bar = 5) and (x2ybr = 7) => lettr=L (15.0/1.0)
(y-bar = 4) and (x-ege = 0) => lettr=L (17.0/0.0)
(y-bar = 3) and (x-ege = 1) and (y-ege = 3) => lettr=L (8.0/0.0)
(xy2br = 13) and (x-ege = 2) => lettr=L (12.0/1.0)
(x-ege = 3) and (y-ege = 8) and (xybar = 7) and (yegvx = 11) => lettr=L (9.0/2.0)
(y-bar = 5) and (x-bar = 5) and (x2ybr = 2) => lettr=L (7.0/1.0)
(xy2br = 11) and (x2bar = 3) and (y-ege = 6) => lettr=L (7.0/0.0)
(yegvx = 10) and (y-bar = 6) and (xy2br = 8) and (y2bar = 5) => lettr=L (5.0/1.0)
(y-bar = 3) and (y2bar = 8) => lettr=L (4.0/0.0)
(xy2br = 11) and (xybar = 12) and (x2bar = 3) => lettr=L (4.0/0.0)
(xy2br = 12) and (xegvy = 7) => lettr=L (8.0/3.0)
(xy2br = 10) and (x2bar = 1) and (x2ybr = 2) => lettr=L (5.0/0.0)
(y-ege = 8) and (x2ybr = 7) and (xegvy = 8) and (x-ege = 3) => lettr=L (7.0/2.0)
(yegvx = 10) and (x2ybr = 6) and (y2bar = 6) and (x-bar = 6) => lettr=L (7.0/2.0)
(y2bar = 5) and (yegvx = 11) and (xybar = 7) and (onpix = 4) => lettr=L (4.0/1.0)
(y2bar = 5) and (x2ybr = 7) and (high = 7) and (y-box = 8) and (x2bar = 4) => lettr=L (5.0/1.0)
(xy2br = 11) and (xybar = 12) and (y2bar = 5) => lettr=L (3.0/0.0)
(x2bar = 3) and (xy2br = 10) and (x-bar = 7) and (yegvx = 5) => lettr=L (4.0/0.0)
(y-bar = 4) and (xegvy = 5) and (y-box = 11) => lettr=L (3.0/0.0)
(xybar = 2) => lettr=L (7.0/2.0)
(xy2br = 11) and (y-bar = 2) and (x-box = 6) => lettr=L (2.0/0.0)
(y-ege = 7) and (y-box = 13) and (xybar = 11) and (x2ybr = 6) => lettr=L (3.0/0.0)
(x2bar = 3) and (xy2br = 13) => lettr=L (4.0/1.0)
(yegvx = 10) and (y-bar = 4) and (xegvy = 10) => lettr=L (2.0/0.0)
(xegvy = 8) and (x-bar = 3) and (xybar = 7) => lettr=E (117.0/0.0)
(xegvy = 8) and (xybar = 11) and (y-ege = 4) and (xy2br = 9) => lettr=E (55.0/2.0)
(xegvy = 8) and (x2bar = 5) and (y-ege = 6) and (yegvx = 9) => lettr=E (48.0/4.0)
(xegvy = 8) and (xybar = 11) and (y-ege = 5) => lettr=E (54.0/11.0)
(xegvy = 8) and (yegvx = 10) and (xybar = 7) and (y2bar = 7) => lettr=E (39.0/1.0)
(xybar = 11) and (x2bar = 2) and (xy2br = 9) and (yegvx = 8) => lettr=E (11.0/0.0)
(xegvy = 8) and (xybar = 11) and (x-ege = 2) and (y-ege = 4) => lettr=E (15.0/1.0)
(xy2br = 9) and (xybar = 11) and (x2bar = 2) and (y-ege = 5) => lettr=E (3.0/0.0)
(xegvy = 8) and (y-ege = 6) and (x2bar = 6) and (y2bar = 8) => lettr=E (14.0/0.0)
(y-ege = 8) and (y-bar = 7) and (x2ybr = 7) and (x2bar = 3) => lettr=E (18.0/4.0)
(xegvy = 8) and (y-ege = 7) and (yegvx = 9) and (x2bar = 5) => lettr=E (12.0/0.0)
(xegvy = 8) and (xybar = 11) and (xy2br = 8) and (x2bar = 2) => lettr=E (15.0/6.0)
(xy2br = 9) and (x-bar = 7) and (xybar = 10) and (x2ybr = 6) => lettr=E (8.0/1.0)
(xy2br = 9) and (xybar = 11) and (x-ege = 2) and (y-bar = 7) => lettr=E (7.0/1.0)
(xy2br = 9) and (x2bar = 4) and (yegvx = 11) => lettr=E (25.0/11.0)
(y-ege = 8) and (xybar = 10) and (xegvy = 9) => lettr=E (8.0/2.0)
(xegvy = 8) and (y-ege = 6) and (x2bar = 6) and (y2bar = 9) => lettr=E (8.0/0.0)
(y-ege = 7) and (xy2br = 10) and (yegvx = 9) => lettr=E (8.0/3.0)
(xegvy = 8) and (yegvx = 10) and (xybar = 7) and (y-bar = 7) and (x-ege = 2) => lettr=E (8.0/0.0)
(xy2br = 9) and (x2bar = 4) and (x-bar = 6) and (xybar = 12) => lettr=E (4.0/0.0)
(y-ege = 7) and (xybar = 10) and (onpix = 3) => lettr=E (9.0/1.0)
(y-ege = 8) and (xy2br = 10) and (xegvy = 8) => lettr=E (7.0/2.0)
(xegvy = 8) and (y-ege = 7) and (width = 4) and (onpix = 2) => lettr=E (5.0/1.0)
(xy2br = 9) and (y2bar = 8) and (y-ege = 4) and (x-ege = 2) => lettr=E (4.0/0.0)
(xegvy = 8) and (x-bar = 6) and (y-ege = 6) and (yegvx = 8) => lettr=E (7.0/0.0)
(xy2br = 9) and (yegvx = 12) and (x-bar = 7) and (y2bar = 3) => lettr=E (3.0/0.0)
(xy2br = 9) and (xegvy = 8) and (xybar = 7) and (y-bar = 7) and (x-bar = 7) => lettr=E (9.0/2.0)
(yegvx = 10) and (x-ege = 4) and (xy2br = 9) and (xybar = 7) => lettr=E (4.0/0.0)
(xy2br = 11) and (y-ege = 9) => lettr=E (9.0/4.0)
(y-ege = 8) and (xy2br = 11) and (xybar = 6) => lettr=E (4.0/1.0)
(xy2br = 10) and (yegvx = 11) and (xegvy = 10) => lettr=E (5.0/1.0)
(xybar = 11) and (y-bar = 6) and (y-ege = 6) and (width = 6) => lettr=E (5.0/1.0)
(xy2br = 9) and (yegvx = 12) and (y-box = 9) => lettr=E (4.0/1.0)
(xegvy = 8) and (xybar = 11) and (yegvx = 11) and (x-box = 4) => lettr=E (4.0/0.0)
(x-ege = 2) and (y-ege = 4) and (yegvx = 9) and (x-bar = 6) and (xegvy = 9) => lettr=G (52.0/0.0)
(y-bar = 6) and (x-ege = 1) => lettr=G (45.0/2.0)
(x-ege = 2) and (y-ege = 4) and (y-bar = 6) and (x-bar = 6) => lettr=G (28.0/1.0)
(x-ege = 2) and (y-bar = 7) and (xy2br = 10) and (y2bar = 5) => lettr=G (28.0/1.0)
(x-ege = 2) and (xybar = 6) and (yegvx = 11) and (x-bar = 7) => lettr=G (30.0/0.0)
(x-ege = 2) and (yegvx = 10) and (xy2br = 11) => lettr=G (25.0/4.0)
(x-ege = 2) and (yegvx = 9) and (x-bar = 7) and (y-ege = 4) => lettr=G (47.0/2.0)
(x2bar = 6) and (yegvx = 9) and (y2bar = 6) and (xy2br = 10) => lettr=G (14.0/1.0)
(y-ege = 5) and (x-ege = 1) and (xybar = 6) => lettr=G (12.0/1.0)
(x2ybr = 6) and (xy2br = 9) and (x2bar = 5) and (x-ege = 2) => lettr=G (9.0/2.0)
(x-ege = 2) and (yegvx = 9) and (xybar = 9) and (x2bar = 5) => lettr=G (13.0/0.0)
(x2ybr = 6) and (y-bar = 6) and (xy2br = 10) and (x-ege = 2) => lettr=G (8.0/0.0)
(x2ybr = 6) and (xybar = 6) and (xegvy = 7) and (x-ege = 2) => lettr=G (15.0/1.0)
(y-bar = 6) and (xy2br = 12) => lettr=G (24.0/5.0)
(x2bar = 6) and (yegvx = 9) and (x-bar = 5) => lettr=G (7.0/1.0)
(x2ybr = 7) and (x-ege = 2) and (xegvy = 7) and (y-bar = 8) => lettr=G (13.0/0.0)
(x2ybr = 6) and (xy2br = 10) and (y2bar = 2) and (x2bar = 5) => lettr=G (8.0/0.0)
(x2bar = 6) and (x-bar = 7) and (y-ege = 7) and (yegvx = 7) => lettr=G (13.0/3.0)
(x2bar = 7) and (xy2br = 11) and (y-ege = 4) => lettr=G (7.0/0.0)
(y-bar = 6) and (x2ybr = 6) and (y2bar = 2) and (y-box = 9) => lettr=G (6.0/1.0)
(x-ege = 4) and (xegvy = 7) and (y-ege = 5) and (onpix = 3) => lettr=G (9.0/1.0)
(x2ybr = 7) and (yegvx = 10) and (xybar = 9) => lettr=G (11.0/1.0)
(xegvy = 7) and (xybar = 5) and (y-bar = 7) and (x-ege = 2) => lettr=G (8.0/1.0)
(x2bar = 7) and (xybar = 6) and (yegvx = 11) => lettr=G (13.0/4.0)
(y2bar = 3) and (x-bar = 7) and (x2ybr = 6) and (y-bar = 8) and (x2bar = 5) => lettr=G (5.0/0.0)
(x2ybr = 7) and (xegvy = 11) and (x-bar = 7) and (xybar = 7) => lettr=G (15.0/1.0)
(x2bar = 6) and (yegvx = 9) and (xegvy = 10) => lettr=G (15.0/6.0)
(x2bar = 6) and (high = 8) and (xybar = 10) and (y2bar = 6) => lettr=G (4.0/0.0)
(y-ege = 5) and (x2bar = 7) and (y-bar = 6) => lettr=G (13.0/6.0)
(x2ybr = 6) and (x-ege = 7) and (y2bar = 2) => lettr=G (9.0/3.0)
(x-ege = 4) and (y-bar = 3) and (xegvy = 7) => lettr=G (8.0/1.0)
(xy2br = 9) and (y-ege = 4) and (y2bar = 6) and (x-box = 4) => lettr=G (3.0/0.0)
(y-bar = 7) and (x2ybr = 7) and (x-ege = 2) and (xegvy = 7) => lettr=G (4.0/0.0)
(y2bar = 3) and (y-ege = 9) and (x-bar = 7) => lettr=G (6.0/1.0)
(x2bar = 5) and (onpix = 5) and (x-ege = 4) and (yegvx = 8) => lettr=G (6.0/1.0)
(xy2br = 10) and (y2bar = 3) and (y-box = 10) => lettr=G (6.0/0.0)
(xybar = 6) and (y-ege = 4) and (y2bar = 7) and (x2bar = 6) => lettr=G (4.0/0.0)
(x-ege = 4) and (y2bar = 2) and (x2ybr = 6) => lettr=G (6.0/1.0)
(y-bar = 6) and (xy2br = 13) => lettr=G (2.0/0.0)
(xegvy = 7) and (yegvx = 11) and (xybar = 7) => lettr=R (99.0/3.0)
(xegvy = 7) and (x2ybr = 5) and (x-ege = 2) and (y-ege = 4) => lettr=R (38.0/0.0)
(xegvy = 7) and (y-bar = 7) and (yegvx = 10) and (x2bar = 3) => lettr=R (30.0/0.0)
(x2ybr = 5) and (xegvy = 7) and (xy2br = 7) and (y-bar = 7) and (x-ege = 3) => lettr=R (15.0/1.0)
(x2ybr = 5) and (xegvy = 7) and (y-bar = 8) => lettr=R (55.0/19.0)
(yegvx = 11) and (xybar = 9) and (y-bar = 8) => lettr=R (25.0/0.0)
(x2ybr = 5) and (y-ege = 6) and (x-ege = 3) and (xegvy = 8) and (xy2br = 8) => lettr=R (16.0/0.0)
(yegvx = 10) and (xegvy = 6) and (x2bar = 3) and (y-bar = 8) => lettr=R (10.0/0.0)
(yegvx = 10) and (xegvy = 6) and (y-bar = 7) => lettr=R (13.0/2.0)
(yegvx = 11) and (xegvy = 6) and (y-ege = 4) => lettr=R (9.0/0.0)
(yegvx = 10) and (xegvy = 7) and (y-bar = 7) and (xy2br = 7) => lettr=R (18.0/1.0)
(x2ybr = 4) and (xegvy = 7) and (y2bar = 5) and (y-bar = 7) => lettr=R (14.0/2.0)
(x2ybr = 5) and (xybar = 8) and (y-ege = 6) => lettr=R (24.0/8.0)
(x2ybr = 5) and (xegvy = 6) and (xybar = 6) => lettr=R (20.0/3.0)
(yegvx = 11) and (x-bar = 5) => lettr=R (7.0/0.0)
(y-ege = 7) and (xybar = 8) and (xy2br = 7) and (x-bar = 8) => lettr=R (8.0/0.0)
(x2ybr = 5) and (xybar = 7) and (y2bar = 3) => lettr=R (20.0/6.0)
(x2ybr = 4) and (xegvy = 7) and (y-bar = 8) => lettr=R (20.0/6.0)
(yegvx = 11) and (xegvy = 5) => lettr=R (12.0/2.0)
(yegvx = 11) and (y-bar = 7) and (y2bar = 6) => lettr=R (6.0/1.0)
(x2ybr = 5) and (xegvy = 6) and (y-bar = 8) and (y-ege = 4) => lettr=R (6.0/0.0)
(y-ege = 7) and (x2bar = 3) and (x-ege = 6) => lettr=R (20.0/7.0)
(y-ege = 5) and (xegvy = 6) and (x2bar = 5) => lettr=R (7.0/1.0)
(xegvy = 7) and (xy2br = 6) and (y-bar = 7) and (onpix = 3) => lettr=R (9.0/1.0)
(y-ege = 6) and (x-ege = 6) and (x2bar = 3) and (xy2br = 8) => lettr=R (8.0/0.0)
(xegvy = 7) and (width = 3) and (y-bar = 7) => lettr=R (6.0/0.0)
(yegvx = 10) and (x-bar = 6) and (y-ege = 5) => lettr=R (19.0/2.0)
(xegvy = 7) and (high = 2) and (x2bar = 4) => lettr=R (5.0/0.0)
(y-ege = 6) and (yegvx = 11) and (xybar = 8) and (x-bar = 8) => lettr=R (5.0/0.0)
(y-ege = 6) and (x-ege = 7) and (x2ybr = 2) => lettr=R (4.0/0.0)
(yegvx = 10) and (y2bar = 6) and (x-box = 5) and (x-ege = 4) => lettr=R (6.0/0.0)
(yegvx = 11) and (width = 4) and (x-bar = 6) => lettr=R (7.0/2.0)
(y-ege = 7) and (x-ege = 7) and (x2bar = 3) => lettr=R (7.0/3.0)
(xegvy = 7) and (x2ybr = 3) and (xybar = 10) and (y2bar = 5) => lettr=R (5.0/1.0)
(y-ege = 5) and (onpix = 6) and (xegvy = 8) and (x-bar = 6) and (x-box = 5) => lettr=R (5.0/1.0)
(y-ege = 7) and (xybar = 8) and (xegvy = 7) and (y-box = 7) => lettr=R (3.0/0.0)
(x2ybr = 4) and (y-bar = 9) and (xegvy = 5) => lettr=R (4.0/0.0)
(y-ege = 7) and (x-box = 6) and (xybar = 8) and (width = 9) => lettr=R (3.0/0.0)
(y-ege = 6) and (x-ege = 6) and (y2bar = 5) and (xybar = 10) => lettr=R (5.0/0.0)
(x2ybr = 4) and (y-bar = 8) and (xegvy = 6) and (x-ege = 3) => lettr=R (3.0/0.0)
(y-ege = 6) and (x2ybr = 4) and (x-ege = 6) => lettr=R (3.0/0.0)
(yegvx = 10) and (xegvy = 6) and (y-box = 7) => lettr=R (4.0/1.0)
(y-ege = 5) and (xegvy = 5) and (y2bar = 6) => lettr=R (3.0/0.0)
(x2ybr = 5) and (xybar = 8) and (onpix = 9) => lettr=R (2.0/0.0)
(xegvy = 7) and (yegvx = 11) and (y-ege = 4) => lettr=R (3.0/0.0)
(y-bar = 7) and (y-ege = 4) and (y2bar = 4) and (xegvy = 8) and (xybar = 7) => lettr=X (139.0/0.0)
(y2bar = 8) and (xegvy = 8) and (xybar = 10) and (x2bar = 1) => lettr=X (59.0/0.0)
(y2bar = 9) and (xybar = 6) and (x-bar = 7) => lettr=X (42.0/0.0)
(y2bar = 8) and (y-bar = 7) and (x2bar = 3) and (xegvy = 8) => lettr=X (27.0/1.0)
(y2bar = 9) and (y-bar = 7) and (xy2br = 8) => lettr=X (36.0/0.0)
(y2bar = 8) and (xy2br = 7) and (x2bar = 2) => lettr=X (22.0/0.0)
(y2bar = 9) and (x2bar = 3) and (onpix = 2) => lettr=X (4.0/0.0)
(y2bar = 8) and (y-ege = 3) and (yegvx = 6) => lettr=X (12.0/2.0)
(y2bar = 8) and (x2bar = 3) and (x-ege = 4) => lettr=X (14.0/3.0)
(x2bar = 2) and (x-ege = 3) and (xybar = 7) and (y-bar = 7) => lettr=X (10.0/0.0)
(y2bar = 9) and (x-ege = 4) => lettr=X (23.0/5.0)
(y2bar = 8) and (y-bar = 7) and (xy2br = 8) and (y-ege = 3) => lettr=X (7.0/0.0)
(x2bar = 2) and (y-ege = 7) and (x-box = 4) => lettr=X (16.0/2.0)
(y2bar = 8) and (x-ege = 4) and (y-ege = 4) and (width = 8) => lettr=X (6.0/1.0)
(x2bar = 2) and (xegvy = 8) and (x-ege = 3) and (y2bar = 8) => lettr=X (5.0/0.0)
(x2bar = 2) and (y-bar = 8) and (y-ege = 8) => lettr=X (6.0/0.0)
(y2bar = 9) and (xybar = 10) and (xegvy = 8) => lettr=X (15.0/1.0)
(y2bar = 8) and (xegvy = 9) and (y-ege = 4) and (onpix = 4) => lettr=X (7.0/1.0)
(x2ybr = 6) and (x2bar = 2) and (x-ege = 4) and (y-bar = 7) => lettr=X (7.0/0.0)
(x2bar = 3) and (xybar = 6) and (y2bar = 5) => lettr=X (27.0/7.0)
(y2bar = 8) and (xegvy = 7) and (x-box = 3) and (x-bar = 7) => lettr=X (3.0/0.0)
(y2bar = 8) and (x-box = 2) => lettr=X (10.0/3.0)
(x2bar = 2) and (y-ege = 7) and (x-box = 3) => lettr=X (6.0/0.0)
(y-bar = 7) and (x2bar = 3) and (x-box = 1) => lettr=X (7.0/0.0)
(x2bar = 2) and (x-ege = 3) and (y-box = 6) and (y2bar = 5) => lettr=X (4.0/0.0)
(x2bar = 1) and (y-bar = 8) and (xybar = 10) => lettr=X (11.0/4.0)
(x2bar = 2) and (x-ege = 4) and (y2bar = 7) and (xybar = 11) => lettr=X (7.0/2.0)
(y2bar = 8) and (x2bar = 3) and (x-box = 4) and (x-ege = 3) => lettr=X (5.0/0.0)
(y2bar = 9) and (y-box = 5) and (xybar = 11) => lettr=X (4.0/0.0)
(x2ybr = 6) and (x-ege = 3) and (width = 5) and (yegvx = 7) and (onpix = 3) => lettr=X (4.0/0.0)
(x2bar = 3) and (y-ege = 10) => lettr=X (7.0/3.0)
(y2bar = 8) and (x2bar = 0) and (xegvy = 8) => lettr=X (6.0/1.0)
(y-ege = 8) and (x2bar = 3) and (xy2br = 6) => lettr=X (4.0/1.0)
(x2bar = 2) and (x-ege = 3) and (high = 5) and (y-bar = 6) => lettr=X (4.0/1.0)
(y-ege = 8) and (x2bar = 1) => lettr=X (2.0/0.0)
(y-bar = 7) and (onpix = 1) and (y2bar = 2) => lettr=X (4.0/1.0)
(x2bar = 2) and (y-bar = 8) and (x-ege = 2) and (xybar = 8) => lettr=X (3.0/0.0)
(y-bar = 7) and (x2bar = 3) and (y-ege = 6) and (x-bar = 7) => lettr=X (4.0/1.0)
(x2bar = 2) and (x-ege = 3) and (y-bar = 7) and (width = 8) => lettr=X (3.0/0.0)
(xegvy = 6) and (x-ege = 8) => lettr=M (134.0/4.0)
(y-bar = 6) and (y-ege = 2) and (xegvy = 5) => lettr=M (74.0/0.0)
(xegvy = 6) and (y-bar = 6) and (yegvx = 8) and (y-ege = 0) => lettr=M (38.0/0.0)
(xegvy = 5) and (x-ege = 7) => lettr=M (36.0/3.0)
(x-ege = 9) and (xegvy = 6) => lettr=M (37.0/2.0)
(x-ege = 10) and (y2bar = 5) and (xybar = 9) => lettr=M (10.0/0.0)
(y-bar = 6) and (xegvy = 6) and (x2ybr = 7) and (x2bar = 6) => lettr=M (16.0/0.0)
(x-ege = 8) and (y-ege = 2) and (y2bar = 5) => lettr=M (11.0/0.0)
(xegvy = 5) and (y-ege = 1) => lettr=M (21.0/2.0)
(x-ege = 10) and (x2bar = 3) and (xybar = 10) => lettr=M (5.0/0.0)
(x-ege = 11) => lettr=M (60.0/28.0)
(x-ege = 9) and (y-ege = 2) and (y2bar = 5) => lettr=M (8.0/0.0)
(xegvy = 5) and (x2ybr = 9) => lettr=M (10.0/0.0)
(x-ege = 10) and (y-box = 9) and (x-box = 6) => lettr=M (4.0/0.0)
(x-ege = 10) and (x2ybr = 4) => lettr=M (7.0/0.0)
(x-ege = 9) and (y-ege = 3) and (y-bar = 7) => lettr=M (6.0/0.0)
(xegvy = 2) => lettr=M (15.0/3.0)
(x-ege = 8) and (y-ege = 3) and (y-bar = 7) => lettr=M (4.0/0.0)
(x-ege = 12) => lettr=M (22.0/6.0)
(y2bar = 4) and (x-ege = 10) and (x2ybr = 6) => lettr=M (8.0/1.0)
(xegvy = 3) and (y-ege = 1) => lettr=M (9.0/0.0)
(x-ege = 8) and (width = 5) and (x-bar = 7) and (y-bar = 6) => lettr=M (4.0/0.0)
(xegvy = 5) and (x2ybr = 8) => lettr=M (11.0/2.0)
(x-ege = 8) and (y2bar = 4) and (x2bar = 7) => lettr=M (3.0/0.0)
(y2bar = 4) and (x2bar = 6) and (x-ege = 6) and (x-box = 6) => lettr=M (4.0/0.0)
(y2bar = 4) and (xegvy = 6) and (y-ege = 2) => lettr=M (25.0/2.0)
(x-ege = 10) and (yegvx = 7) and (xybar = 4) => lettr=M (3.0/0.0)
(x-ege = 14) => lettr=M (8.0/2.0)
(x-ege = 8) and (xegvy = 1) => lettr=M (3.0/0.0)
(x-ege = 13) and (x-box = 8) => lettr=M (3.0/0.0)
(x-ege = 10) and (y-ege = 5) and (high = 6) => lettr=M (4.0/1.0)
(y2bar = 4) and (xy2br = 10) and (x2bar = 3) and (x-box = 4) => lettr=M (3.0/0.0)
(x-ege = 15) => lettr=M (3.0/0.0)
(x2ybr = 5) and (yegvx = 8) and (y2bar = 4) and (x2bar = 7) => lettr=M (3.0/0.0)
(x-ege = 9) and (xybar = 4) => lettr=M (5.0/0.0)
(x2bar = 6) and (x-ege = 8) and (y-bar = 10) => lettr=M (2.0/0.0)
(x2bar = 6) and (x-ege = 9) and (xybar = 6) => lettr=M (4.0/1.0)
(xegvy = 7) and (y-ege = 2) and (x2ybr = 5) => lettr=M (4.0/1.0)
(xegvy = 11) and (x-ege = 1) and (y-bar = 10) => lettr=Y (174.0/4.0)
(xegvy = 11) and (x2ybr = 12) and (y-ege = 2) => lettr=Y (37.0/0.0)
(xegvy = 11) and (x2bar = 1) => lettr=Y (52.0/9.0)
(xegvy = 11) and (onpix = 1) and (y-ege = 0) => lettr=Y (34.0/1.0)
(xegvy = 11) and (xy2br = 5) and (x-bar = 4) => lettr=Y (23.0/1.0)
(xegvy = 10) and (x2ybr = 12) and (x-ege = 1) => lettr=Y (25.0/0.0)
(x2ybr = 12) and (x2bar = 2) => lettr=Y (20.0/6.0)
(yegvx = 4) and (xegvy = 10) and (x-bar = 4) => lettr=Y (16.0/2.0)
(xegvy = 10) and (x2ybr = 11) and (width = 5) => lettr=Y (13.0/2.0)
(xegvy = 11) and (xy2br = 6) and (onpix = 2) => lettr=Y (13.0/1.0)
(yegvx = 4) and (x-bar = 9) => lettr=Y (33.0/13.0)
(xegvy = 10) and (yegvx = 4) and (x2bar = 4) => lettr=Y (13.0/3.0)
(xegvy = 11) and (xy2br = 9) and (x2ybr = 8) and (y2bar = 2) => lettr=Y (9.0/0.0)
(yegvx = 5) and (x2ybr = 7) and (x-ege = 5) and (xegvy = 10) => lettr=Y (6.0/1.0)
(yegvx = 5) and (y-bar = 6) and (xybar = 9) => lettr=Y (3.0/0.0)
(yegvx = 3) and (xybar = 10) => lettr=Y (11.0/0.0)
(x2ybr = 11) and (xy2br = 5) => lettr=Y (14.0/0.0)
(yegvx = 5) and (xegvy = 11) and (x2ybr = 7) => lettr=Y (10.0/4.0)
(yegvx = 5) and (y2bar = 6) and (y-box = 13) => lettr=Y (3.0/0.0)
(xegvy = 10) and (x-ege = 4) and (x2ybr = 10) => lettr=Y (12.0/1.0)
(xegvy = 11) and (x2ybr = 12) => lettr=Y (11.0/2.0)
(x2ybr = 11) and (xy2br = 6) and (x-box = 7) => lettr=Y (4.0/0.0)
(yegvx = 3) and (x-bar = 9) => lettr=Y (6.0/1.0)
(high = 12) and (width = 7) => lettr=Y (5.0/0.0)
(yegvx = 5) and (xybar = 5) and (x2bar = 6) => lettr=Y (4.0/1.0)
(yegvx = 4) and (xybar = 10) and (xy2br = 5) => lettr=Y (8.0/1.0)
(x2ybr = 11) and (xybar = 4) and (x-bar = 9) => lettr=Y (5.0/0.0)
(x2ybr = 11) and (xy2br = 6) and (x-bar = 3) => lettr=Y (3.0/0.0)
(xegvy = 11) and (xy2br = 9) and (y-box = 5) and (onpix = 6) => lettr=Y (3.0/0.0)
(xegvy = 11) and (width = 8) and (high = 8) and (onpix = 4) => lettr=Y (3.0/0.0)
(x2ybr = 8) and (xegvy = 13) and (xy2br = 9) => lettr=Y (5.0/0.0)
(xegvy = 10) and (x2bar = 0) => lettr=Y (5.0/0.0)
(yegvx = 5) and (xegvy = 11) and (x2ybr = 10) and (xy2br = 4) => lettr=Y (3.0/0.0)
(y-bar = 5) and (xegvy = 10) and (x2bar = 4) => lettr=Y (7.0/2.0)
(yegvx = 5) and (xy2br = 8) and (x2bar = 6) => lettr=Y (7.0/3.0)
(yegvx = 4) and (xybar = 9) and (y-bar = 9) => lettr=Y (4.0/0.0)
(xegvy = 11) and (high = 9) and (xybar = 6) => lettr=Y (3.0/0.0)
(x2ybr = 10) and (xy2br = 5) and (x-box = 2) => lettr=Y (6.0/2.0)
(x2bar = 1) and (y-bar = 10) and (y2bar = 7) => lettr=Y (4.0/1.0)
(yegvx = 3) and (x2ybr = 10) => lettr=Y (2.0/0.0)
(x2bar = 1) and (x2ybr = 12) => lettr=Y (3.0/0.0)
(onpix = 10) and (x2ybr = 8) => lettr=Y (9.0/4.0)
(x-bar = 8) and (x2ybr = 8) and (y-ege = 9) and (xybar = 5) => lettr=Y (3.0/0.0)
(xegvy = 11) and (y2bar = 2) and (x2ybr = 9) => lettr=W (87.0/0.0)
(x2ybr = 8) and (xy2br = 8) and (yegvx = 8) and (y-bar = 8) => lettr=W (108.0/1.0)
(xegvy = 11) and (y2bar = 3) and (x2bar = 2) => lettr=W (53.0/2.0)
(y2bar = 2) and (y-ege = 1) => lettr=W (70.0/8.0)
(x-ege = 7) and (y-bar = 11) => lettr=W (18.0/0.0)
(x-ege = 8) and (x2ybr = 9) => lettr=W (30.0/1.0)
(x-ege = 9) => lettr=W (78.0/29.0)
(x-ege = 10) => lettr=W (66.0/24.0)
(x-ege = 7) and (x2ybr = 9) => lettr=W (28.0/6.0)
(y2bar = 2) and (xegvy = 12) and (x-ege = 6) => lettr=W (8.0/0.0)
(x-ege = 8) and (y2bar = 3) => lettr=W (26.0/7.0)
(y2bar = 2) and (xegvy = 11) and (y-ege = 2) => lettr=W (9.0/0.0)
(x-ege = 7) and (y-bar = 10) => lettr=W (22.0/5.0)
(x-ege = 6) and (x2ybr = 8) and (x2bar = 6) => lettr=W (8.0/1.0)
(y2bar = 2) and (xy2br = 8) and (x2bar = 6) => lettr=W (10.0/2.0)
(x-ege = 8) and (x2ybr = 10) and (width = 7) => lettr=W (3.0/0.0)
(x-ege = 13) => lettr=W (6.0/2.0)
(x-ege = 7) and (y2bar = 2) and (y-box = 12) => lettr=W (2.0/0.0)
(x-ege = 8) and (xybar = 11) => lettr=W (3.0/0.0)
(x-ege = 6) and (y-bar = 11) and (x-box = 2) => lettr=W (3.0/0.0)
(x-ege = 8) and (x-bar = 10) => lettr=W (2.0/0.0)
(y2bar = 3) and (x-ege = 6) and (y-ege = 3) => lettr=W (3.0/0.0)
(x-ege = 6) and (xegvy = 11) and (y-box = 8) => lettr=W (3.0/0.0)
(xy2br = 5) and (xybar = 13) and (yegvx = 7) => lettr=F (52.0/0.0)
(x-bar = 1) => lettr=F (103.0/1.0)
(xegvy = 10) and (yegvx = 6) and (y2bar = 5) and (y-ege = 3) => lettr=F (31.0/0.0)
(xegvy = 10) and (y2bar = 6) and (x-ege = 2) and (y-ege = 3) => lettr=F (18.0/0.0)
(xybar = 13) and (y-ege = 2) => lettr=F (73.0/11.0)
(y-bar = 10) and (xybar = 10) and (x2ybr = 9) => lettr=F (36.0/4.0)
(xybar = 11) and (onpix = 0) => lettr=F (30.0/0.0)
(xegvy = 10) and (x2bar = 1) and (y2bar = 5) => lettr=F (11.0/0.0)
(y-bar = 9) and (x2ybr = 6) and (xegvy = 9) and (x-ege = 4) => lettr=F (12.0/2.0)
(xy2br = 5) and (xegvy = 9) and (onpix = 1) => lettr=F (18.0/7.0)
(xegvy = 10) and (y-ege = 8) and (y2bar = 4) => lettr=F (12.0/2.0)
(xy2br = 5) and (xegvy = 9) and (y2bar = 6) and (x-ege = 2) => lettr=F (11.0/1.0)
(xegvy = 10) and (y2bar = 6) and (x-ege = 1) and (onpix = 2) => lettr=F (10.0/0.0)
(yegvx = 6) and (x-ege = 0) and (xegvy = 8) => lettr=F (16.0/0.0)
(xegvy = 10) and (xy2br = 5) and (yegvx = 6) => lettr=F (8.0/1.0)
(xegvy = 10) and (xy2br = 6) and (xybar = 11) => lettr=F (12.0/2.0)
(y-bar = 9) and (y-ege = 3) and (y2bar = 6) and (xy2br = 6) => lettr=F (6.0/0.0)
(xy2br = 4) and (y-ege = 1) and (xybar = 13) => lettr=F (11.0/0.0)
(xegvy = 10) and (y-ege = 7) and (xybar = 11) => lettr=F (7.0/0.0)
(xybar = 14) and (x-ege = 1) => lettr=F (9.0/2.0)
(y-bar = 9) and (xybar = 8) and (x-bar = 7) and (x2ybr = 6) => lettr=F (12.0/4.0)
(xy2br = 5) and (y-box = 9) and (yegvx = 5) and (y-bar = 11) => lettr=F (6.0/1.0)
(y2bar = 4) and (y-ege = 9) and (xegvy = 11) => lettr=F (4.0/0.0)
(xy2br = 6) and (xybar = 9) and (y2bar = 4) => lettr=F (8.0/2.0)
(xybar = 12) and (y2bar = 5) and (x-bar = 6) => lettr=F (4.0/0.0)
(xy2br = 6) and (xybar = 12) and (x-box = 4) => lettr=F (4.0/0.0)
(x2ybr = 2) and (x-ege = 2) => lettr=A (185.0/6.0)
(x2ybr = 1) and (x-ege = 2) => lettr=A (104.0/3.0)
(x2ybr = 2) and (y2bar = 2) => lettr=A (45.0/0.0)
(x2ybr = 1) and (x-ege = 3) => lettr=A (61.0/6.0)
(x2ybr = 2) and (x2bar = 2) and (xy2br = 8) => lettr=A (11.0/1.0)
(x2ybr = 0) and (xy2br = 8) => lettr=A (43.0/0.0)
(y-bar = 3) and (y2bar = 2) => lettr=A (18.0/0.0)
(x2ybr = 2) and (y2bar = 3) => lettr=A (16.0/0.0)
(y-bar = 2) => lettr=A (39.0/8.0)
(y2bar = 4) and (yegvx = 4) and (x2ybr = 6) and (x2bar = 7) => lettr=A (8.0/0.0)
(y2bar = 4) and (x2bar = 8) and (xy2br = 8) => lettr=A (13.0/4.0)
(x-ege = 5) and (xybar = 7) and (x2bar = 2) => lettr=A (9.0/0.0)
(x2bar = 3) and (y-ege = 4) and (x-ege = 5) and (x-bar = 8) => lettr=A (5.0/0.0)
(y2bar = 4) and (yegvx = 5) and (xybar = 6) and (width = 6) => lettr=A (6.0/1.0)
(xegvy = 5) and (y2bar = 2) => lettr=A (6.0/0.0)
(xegvy = 4) and (onpix = 3) => lettr=A (4.0/0.0)
(x2ybr = 1) and (x-bar = 7) => lettr=A (3.0/0.0)
(y-ege = 4) and (x-ege = 8) and (xybar = 7) => lettr=A (4.0/1.0)
(x2ybr = 2) and (y-ege = 6) => lettr=A (6.0/2.0)
(yegvx = 3) and (xegvy = 8) and (x2ybr = 6) => lettr=A (6.0/1.0)
(y2bar = 1) and (x2ybr = 3) => lettr=A (4.0/0.0)
(x2ybr = 8) and (xybar = 7) and (x2bar = 3) and (y-ege = 3) => lettr=A (4.0/0.0)
(xegvy = 6) and (y2bar = 1) => lettr=A (2.0/0.0)
(x-ege = 4) and (y-box = 5) and (y2bar = 4) and (y-bar = 8) => lettr=A (5.0/1.0)
(yegvx = 4) and (xybar = 6) and (high = 6) => lettr=A (5.0/1.0)
(xegvy = 4) and (onpix = 4) and (xybar = 10) => lettr=A (2.0/0.0)
(x2ybr = 2) and (y2bar = 1) => lettr=A (2.0/0.0)
(x-ege = 6) and (y-ege = 0) => lettr=N (114.0/3.0)
(x-ege = 5) and (y-ege = 1) => lettr=N (125.0/7.0)
(x-ege = 6) and (xegvy = 9) and (y-ege = 2) => lettr=N (23.0/1.0)
(x-ege = 5) and (y-ege = 0) => lettr=N (76.0/4.0)
(x-ege = 6) and (y-ege = 1) and (y2bar = 5) => lettr=N (26.0/0.0)
(x-bar = 7) and (x2ybr = 6) and (y-ege = 0) => lettr=N (30.0/3.0)
(x-ege = 6) and (onpix = 4) and (y-bar = 9) => lettr=N (12.0/1.0)
(y2bar = 4) and (y-ege = 1) and (xybar = 7) => lettr=N (16.0/0.0)
(x-ege = 6) and (y-ege = 1) and (y2bar = 1) => lettr=N (9.0/0.0)
(x-ege = 6) and (y-ege = 3) and (y2bar = 5) => lettr=N (11.0/1.0)
(x-ege = 5) and (y-ege = 2) => lettr=N (60.0/17.0)
(x-ege = 6) and (y2bar = 4) and (onpix = 5) => lettr=N (13.0/5.0)
(x-ege = 6) and (y-bar = 10) and (width = 8) => lettr=N (5.0/0.0)
(x-ege = 6) and (y-ege = 2) and (xegvy = 11) => lettr=N (5.0/1.0)
(x-ege = 7) and (yegvx = 5) => lettr=N (11.0/2.0)
(x-ege = 6) and (y2bar = 4) and (y-bar = 9) => lettr=N (5.0/1.0)
(x-ege = 7) and (y-bar = 9) and (xegvy = 8) => lettr=N (5.0/0.0)
(x-ege = 7) and (onpix = 5) and (high = 8) => lettr=N (9.0/3.0)
(x-ege = 6) and (x2ybr = 5) and (x-box = 4) => lettr=N (6.0/2.0)
(y2bar = 4) and (y-bar = 8) and (xybar = 8) and (x2bar = 3) => lettr=N (10.0/1.0)
(x-ege = 4) and (x-box = 2) => lettr=N (15.0/6.0)
(x-ege = 6) and (y-ege = 3) and (y-bar = 10) => lettr=N (3.0/0.0)
(x-ege = 7) and (y2bar = 4) and (width = 8) => lettr=N (6.0/2.0)
(x-ege = 6) and (x2ybr = 5) and (x-box = 5) and (width = 7) => lettr=N (3.0/0.0)
(x-ege = 8) and (x-box = 6) and (x-bar = 6) => lettr=N (3.0/0.0)
(x-ege = 8) and (xy2br = 3) => lettr=N (2.0/0.0)
(x-ege = 6) and (y-ege = 2) and (xegvy = 10) => lettr=N (4.0/1.0)
(y2bar = 5) and (x2bar = 9) and (high = 6) => lettr=N (4.0/0.0)
(xegvy = 7) and (y-ege = 3) and (x2bar = 7) => lettr=N (5.0/0.0)
(xegvy = 8) and (y-ege = 3) and (xy2br = 6) => lettr=D (114.0/2.0)
(xegvy = 8) and (xy2br = 5) and (y-bar = 7) and (yegvx = 8) => lettr=D (70.0/0.0)
(xegvy = 8) and (xy2br = 5) and (yegvx = 7) => lettr=D (85.0/4.0)
(xy2br = 6) and (xegvy = 8) and (x2bar = 10) => lettr=D (20.0/0.0)
(xy2br = 6) and (xegvy = 8) and (y-ege = 2) => lettr=D (22.0/0.0)
(xegvy = 8) and (xy2br = 5) and (xybar = 10) => lettr=D (13.0/0.0)
(y-bar = 7) and (x2ybr = 5) and (xybar = 6) and (xy2br = 4) => lettr=D (7.0/0.0)
(xegvy = 8) and (xy2br = 4) => lettr=D (49.0/13.0)
(xy2br = 6) and (xybar = 7) and (y2bar = 5) and (x-bar = 9) => lettr=D (12.0/0.0)
(xy2br = 7) and (x2ybr = 4) and (y-bar = 6) => lettr=D (23.0/6.0)
(x2ybr = 5) and (y-bar = 7) and (xy2br = 6) => lettr=D (19.0/6.0)
(y-bar = 7) and (y2bar = 7) and (high = 8) and (yegvx = 5) => lettr=D (5.0/0.0)
(y-bar = 7) and (xybar = 7) and (y-ege = 3) and (yegvx = 7) => lettr=D (5.0/0.0)
(xy2br = 6) and (x2ybr = 6) and (y-bar = 8) and (y2bar = 4) => lettr=D (7.0/0.0)
(xegvy = 7) and (xy2br = 7) and (onpix = 5) and (x2bar = 5) => lettr=D (5.0/0.0)
(xy2br = 5) and (x-ege = 3) and (y-ege = 4) and (xegvy = 8) => lettr=D (17.0/1.0)
(xy2br = 7) and (xybar = 10) and (x-ege = 6) => lettr=D (11.0/2.0)
(x-ege = 5) and (x2ybr = 5) and (y2bar = 6) => lettr=D (11.0/3.0)
(xy2br = 6) and (xybar = 10) and (y-bar = 6) => lettr=D (8.0/2.0)
(x-ege = 5) and (x-box = 6) and (onpix = 3) and (xy2br = 8) => lettr=D (4.0/0.0)
(x-ege = 4) and (xybar = 7) and (xegvy = 7) and (x-box = 5) => lettr=D (3.0/0.0)
(xy2br = 6) and (x2ybr = 6) and (width = 5) and (x2bar = 4) => lettr=D (7.0/0.0)
(x-ege = 5) and (onpix = 4) and (x-box = 6) and (xybar = 9) => lettr=D (3.0/0.0)
(y-bar = 7) and (x-bar = 6) and (xy2br = 6) => lettr=D (8.0/2.0)
(x-ege = 5) and (x2ybr = 3) and (y-ege = 5) and (x-bar = 9) => lettr=D (3.0/0.0)
(x-bar = 10) and (xy2br = 7) and (high = 6) => lettr=D (6.0/2.0)
(x-ege = 5) and (x-bar = 10) and (y-bar = 4) => lettr=D (6.0/1.0)
(y-bar = 7) and (xy2br = 5) and (y2bar = 7) => lettr=D (6.0/1.0)
(x-ege = 4) and (xy2br = 5) and (xegvy = 9) and (xybar = 8) => lettr=D (3.0/0.0)
(xegvy = 6) and (x-box = 7) and (width = 6) => lettr=D (4.0/1.0)
(y-bar = 7) and (xegvy = 5) and (xybar = 7) => lettr=D (3.0/0.0)
(xegvy = 6) and (y2bar = 7) and (xybar = 7) => lettr=D (4.0/1.0)
(x-ege = 7) and (y-ege = 3) => lettr=D (5.0/0.0)
(xy2br = 5) and (y-bar = 6) and (y2bar = 5) => lettr=D (4.0/1.0)
(x2ybr = 11) and (y2bar = 6) and (yegvx = 8) => lettr=T (109.0/0.0)
(yegvx = 4) and (x2ybr = 9) and (y-bar = 11) => lettr=T (41.0/0.0)
(y-bar = 12) and (y-ege = 1) and (xegvy = 11) => lettr=T (33.0/0.0)
(x-ege = 0) and (y-ege = 0) => lettr=T (75.0/1.0)
(yegvx = 5) and (x-ege = 1) and (onpix = 1) => lettr=T (40.0/0.0)
(xegvy = 12) and (x-ege = 2) => lettr=T (47.0/3.0)
(yegvx = 4) and (xybar = 11) and (xy2br = 5) => lettr=T (14.0/0.0)
(x2bar = 2) and (y-bar = 11) and (y2bar = 7) => lettr=T (21.0/1.0)
(yegvx = 4) and (y-ege = 2) => lettr=T (23.0/2.0)
(yegvx = 5) and (xybar = 12) and (x-bar = 4) => lettr=T (9.0/0.0)
(x-bar = 6) and (yegvx = 4) and (y-bar = 10) => lettr=T (7.0/0.0)
(y2bar = 7) and (y-ege = 5) and (x-ege = 5) => lettr=T (8.0/2.0)
(y2bar = 8) and (y-ege = 7) and (x-ege = 3) => lettr=T (10.0/0.0)
(y2bar = 7) and (x2ybr = 7) and (high = 4) => lettr=T (6.0/1.0)
(yegvx = 5) and (x-bar = 6) and (x2bar = 3) => lettr=T (12.0/3.0)
(y-bar = 11) and (y-ege = 1) => lettr=T (18.0/2.0)
(x-bar = 6) and (x2bar = 7) and (y2bar = 7) => lettr=T (15.0/4.0)
(yegvx = 5) and (xybar = 11) and (x2ybr = 9) => lettr=T (14.0/0.0)
(x-ege = 2) and (xybar = 13) and (x-bar = 5) => lettr=T (7.0/0.0)
(yegvx = 4) and (xy2br = 4) => lettr=T (6.0/1.0)
(x2bar = 2) and (xybar = 12) and (x2ybr = 7) => lettr=T (7.0/0.0)
(y-bar = 8) and (x2bar = 4) and (yegvx = 6) and (xybar = 7) => lettr=T (7.0/1.0)
(yegvx = 5) and (x-bar = 7) and (y-ege = 5) and (x2bar = 2) => lettr=T (4.0/0.0)
(yegvx = 3) and (y-bar = 11) => lettr=T (6.0/1.0)
(x2ybr = 7) and (x-bar = 7) and (xy2br = 9) and (xybar = 6) => lettr=T (6.0/0.0)
(y2bar = 8) and (yegvx = 7) and (y-box = 9) => lettr=T (4.0/1.0)
(y2bar = 6) and (xy2br = 10) and (x-bar = 6) and (xybar = 7) => lettr=T (5.0/1.0)
(y2bar = 8) and (xybar = 13) => lettr=T (7.0/3.0)
(y2bar = 9) and (xybar = 13) => lettr=T (3.0/0.0)
(xegvy = 10) and (x-ege = 1) and (xy2br = 3) => lettr=P (109.0/1.0)
(xy2br = 4) => lettr=P (243.0/23.0)
(xegvy = 10) and (xy2br = 5) => lettr=P (49.0/9.0)
(xy2br = 3) => lettr=P (66.0/8.0)
(xy2br = 5) and (yegvx = 8) and (x-bar = 5) => lettr=P (13.0/1.0)
(xy2br = 2) => lettr=P (40.0/0.0)
(xy2br = 6) and (y2bar = 0) => lettr=P (9.0/0.0)
(xy2br = 6) and (x2ybr = 8) => lettr=P (11.0/3.0)
(xy2br = 5) and (xegvy = 9) and (y-ege = 4) and (yegvx = 8) => lettr=P (8.0/1.0)
(xy2br = 6) and (x-ege = 5) and (yegvx = 8) and (onpix = 3) => lettr=P (8.0/0.0)
(onpix = 7) and (yegvx = 9) and (xybar = 8) => lettr=P (6.0/1.0)
(xy2br = 5) and (xybar = 11) and (width = 4) => lettr=P (3.0/0.0)
(xy2br = 7) and (xegvy = 10) and (x-ege = 6) and (width = 6) => lettr=P (5.0/0.0)
(x-ege = 5) and (yegvx = 10) and (y2bar = 4) => lettr=P (7.0/1.0)
(xy2br = 1) => lettr=P (4.0/0.0)
(xy2br = 7) and (y2bar = 1) => lettr=P (5.0/0.0)
(xy2br = 6) and (x2bar = 2) and (x-box = 4) => lettr=P (4.0/1.0)
(xegvy = 12) and (x-ege = 7) => lettr=P (7.0/2.0)
(xy2br = 5) and (x2ybr = 4) and (y-ege = 5) => lettr=P (6.0/2.0)
(high = 10) and (x-ege = 6) => lettr=P (2.0/0.0)
(y-ege = 7) and (x2bar = 7) and (xybar = 8) => lettr=P (4.0/0.0)
(xybar = 13) and (x-bar = 9) and (x2bar = 2) => lettr=P (4.0/1.0)
(xy2br = 7) and (yegvx = 5) and (x-bar = 8) and (x-box = 5) => lettr=P (3.0/0.0)
(x-bar = 8) and (xy2br = 9) and (x-ege = 2) => lettr=Q (72.0/7.0)
(x-bar = 8) and (xy2br = 10) and (xegvy = 9) => lettr=Q (46.0/0.0)
(x-bar = 8) and (xy2br = 9) and (yegvx = 8) => lettr=Q (26.0/8.0)
(x-bar = 8) and (x2bar = 7) => lettr=Q (89.0/25.0)
(x-bar = 8) and (x2bar = 8) and (yegvx = 10) => lettr=Q (24.0/1.0)
(y2bar = 2) and (xegvy = 9) => lettr=Q (48.0/5.0)
(xybar = 5) and (x-bar = 9) and (x-ege = 3) => lettr=Q (21.0/0.0)
(xy2br = 11) and (y-ege = 6) and (x-box = 4) => lettr=Q (10.0/0.0)
(x-bar = 8) and (yegvx = 9) and (x-ege = 3) => lettr=Q (52.0/8.0)
(y-bar = 4) and (x2bar = 4) => lettr=Q (50.0/11.0)
(x-bar = 8) and (x-ege = 2) and (x-box = 2) and (width = 2) => lettr=Q (5.0/0.0)
(x-bar = 8) and (x2bar = 6) and (xy2br = 10) => lettr=Q (12.0/3.0)
(x-bar = 8) and (xybar = 5) and (high = 10) => lettr=Q (4.0/0.0)
(xy2br = 11) and (x-bar = 8) => lettr=Q (14.0/2.0)
(high = 9) and (y2bar = 3) => lettr=Q (13.0/2.0)
(y-bar = 5) and (x2ybr = 4) => lettr=Q (28.0/11.0)
(high = 11) and (x-box = 6) => lettr=Q (7.0/0.0)
(y2bar = 1) and (xy2br = 10) => lettr=Q (9.0/0.0)
(x-bar = 9) and (xy2br = 10) => lettr=Q (16.0/4.0)
(x2ybr = 5) and (y-ege = 9) and (x2bar = 4) => lettr=Q (11.0/1.0)
(y-bar = 4) and (x2ybr = 5) => lettr=Q (6.0/1.0)
(y-bar = 3) and (x2ybr = 3) => lettr=Q (9.0/2.0)
(y2bar = 3) and (x-ege = 3) and (x2bar = 5) => lettr=Q (7.0/1.0)
(y2bar = 2) and (xy2br = 12) => lettr=Q (5.0/0.0)
(xy2br = 11) and (x-bar = 9) => lettr=Q (10.0/2.0)
(xegvy = 8) and (yegvx = 8) and (x-bar = 8) and (xybar = 6) => lettr=Q (8.0/2.0)
(y-bar = 4) and (x2bar = 3) and (x2ybr = 3) => lettr=Q (7.0/1.0)
(x2bar = 8) and (yegvx = 8) and (x-bar = 8) => lettr=Q (5.0/0.0)
(yegvx = 9) and (x2bar = 7) and (y-bar = 7) => lettr=Q (6.0/1.0)
(y-ege = 5) and (x-box = 3) and (x2ybr = 8) => lettr=Q (4.0/0.0)
(yegvx = 11) and (x2bar = 4) and (y-bar = 5) => lettr=Q (3.0/0.0)
 => lettr=U (1593.0/1025.0)

Number of Rules : 847


Time taken to build model: 36.22 seconds
Time taken to test model on training data: 0.16 seconds

=== Error on training data ===

Correctly Classified Instances       13704               85.65   %
Incorrectly Classified Instances      2296               14.35   %
Kappa statistic                          0.8507
K&B Relative Info Score            1353487.6603 %
K&B Information Score                63606.2857 bits      3.9754 bits/instance
Class complexity | order 0           75190.9228 bits      4.6994 bits/instance
Class complexity | scheme            12288.7643 bits      0.768  bits/instance
Complexity improvement     (Sf)      62902.1585 bits      3.9314 bits/instance
Mean absolute error                      0.0166
Root mean squared error                  0.0911
Relative absolute error                 22.4565 %
Root relative squared error             47.3882 %
Total Number of Instances            16000     


=== Detailed Accuracy By Class ===

               TP Rate   FP Rate   Precision   Recall  F-Measure   ROC Area  Class
                 0.924     0.002      0.943     0.924     0.933      0.997    A
                 0.856     0.005      0.877     0.856     0.866      0.992    B
                 0.859     0.002      0.933     0.859     0.895      0.992    C
                 0.82      0.003      0.916     0.82      0.865      0.99     D
                 0.802     0.004      0.89      0.802     0.844      0.988    E
                 0.769     0.003      0.924     0.769     0.84       0.985    F
                 0.805     0.003      0.906     0.805     0.852      0.987    G
                 0.816     0.004      0.885     0.816     0.849      0.987    H
                 0.914     0.001      0.968     0.914     0.94       0.994    I
                 0.828     0.001      0.964     0.828     0.891      0.99     J
                 0.79      0.003      0.906     0.79      0.844      0.987    K
                 0.891     0.002      0.948     0.891     0.919      0.994    L
                 0.909     0.004      0.907     0.909     0.908      0.996    M
                 0.87      0.004      0.901     0.87      0.885      0.992    N
                 0.868     0.004      0.885     0.868     0.876      0.991    O
                 0.874     0.004      0.912     0.874     0.893      0.994    P
                 0.82      0.006      0.844     0.82      0.832      0.99     Q
                 0.866     0.005      0.881     0.866     0.873      0.992    R
                 0.79      0.004      0.889     0.79      0.837      0.986    S
                 0.839     0.002      0.952     0.839     0.892      0.991    T
                 0.871     0.067      0.357     0.871     0.506      0.96     U
                 0.903     0.002      0.945     0.903     0.923      0.995    V
                 0.889     0.006      0.864     0.889     0.876      0.996    W
                 0.873     0.003      0.931     0.873     0.901      0.993    X
                 0.909     0.004      0.897     0.909     0.903      0.995    Y
                 0.908     0.002      0.948     0.908     0.928      0.995    Z
Weighted Avg.    0.857     0.006      0.89      0.857     0.867      0.99 


=== Confusion Matrix ===

   a   b   c   d   e   f   g   h   i   j   k   l   m   n   o   p   q   r   s   t   u   v   w   x   y   z   <-- classified as
 581   0   4   0   1   0   1   1   0   0   1   7   8   0   1   1   3   4   1   1   7   0   4   2   1   0 |   a = A
   0 519   0   3   2   0   2   6   0   2   3   1   0   2   0   0   0   7   9   0  47   2   0   0   1   0 |   b = B
   0   0 489   0   7   1   4   2   1   0   0   1   0   0   1   0   5   0   0   1  53   0   1   1   1   1 |   c = C
   1  10   1 524   3   2   4  17   1   1   2   0   0   3  13   6   1  10   3   0  28   0   0   4   5   0 |   d = D
   0   1   5   0 495   0   4   1   0   0   3   1   0   0   0   0   8   0   6   1  77   0   1   4   0  10 |   e = E
   0   7   1  11   2 484   0   1   0   2   2   1   0   2   1  24   0   2   2   1  73   1   1   3   8   0 |   f = F
   0   6   8   1   4   0 499   4   1   0   4   4   0   1   4   1   7   5   6   2  51   0   8   1   0   3 |   g = G
   0   1   0   4   1   0   0 462   0   0   1   0   2   3   1   1   5   3   0   0  71   0   8   1   1   1 |   h = H
   0   1   0   3   0   0   1   0 541   2   0   2   0   0   0   5   4   2   1   0  30   0   0   0   0   0 |   i = I
   2   2   0   1   0   1   0   0   5 477   1   5   0   3   0   2   7   1   1   2  63   0   0   0   3   0 |   j = J
   0   0   4   3   6   0   1  10   0   0 473   0   2   1   0   1   4  12   7   0  67   0   1   7   0   0 |   k = K
   3   4   3   1   2   0   1   2   0   1   1 550   0   0   0   0   4   2   1   0  36   1   0   3   0   2 |   l = L
   0   1   1   0   0   0   3   0   0   1   5   0 569   8   0   0   0   7   0   0  15   1  13   0   1   1 |   m = M
   1   0   2   4   1   2   0   5   1   2   2   0   2 555   5   4   0   6   0   1  33   1   8   0   3   0 |   n = N
   1   2   1   1   0   0   0   2   0   0   1   0   8   0 524   0  14   0   0   0  36   2  12   0   0   0 |   o = O
   0   3   2   4   0  23   2   0   6   1   0   0   0   1   4 562   1   4   1   2  18   1   5   0   3   0 |   p = P
   4   4   2   2   9   0  13   0   0   1   7   0   4   0  31   0 529   0   1   0  28   0   6   2   1   1 |   q = Q
   1   9   0   2   3   3   1   2   0   2   2   0   1   2   1   0   5 538   3   1  45   0   0   0   0   0 |   r = R
  16   4   0   0   1   2   1   4   0   0   1   1   0   0   0   0   7   2 466   2  80   1   0   0   0   2 |   s = S
   0   4   0   6   2   4   0   0   1   0   1   3   0   1   0   1   1   2   3 537  38   5   0   6  19   6 |   t = T
   2   0   0   0   1   0   2   2   0   0   1   2  10  24   3   2  10   1   0   6 568   1  14   3   0   0 |   u = U
   1   5   0   0   0   0   1   0   0   0   1   0   0   4   1   1   4   0   0   0  32 549   5   0   4   0 |   v = V
   0   0   0   0   0   1   7   0   0   1   1   0  21   6   1   0   1   0   0   0  12  10 558   0   9   0 |   w = W
   1   7   1   1  10   1   1   0   0   0   5   1   0   0   1   2   0   2   6   1  36   0   0 542   2   1 |   x = X
   0   1   0   0   0   0   0   1   1   2   3   1   0   0   0   2   3   0   0   5  26   6   1   3 569   2 |   y = Y
   2   1   0   1   6   0   3   0   1   0   1   0   0   0   0   1   4   1   7   1  23   0   0   0   3 544 |   z = Z


=== Error on test data ===

Correctly Classified Instances        2943               73.575  %
Incorrectly Classified Instances      1057               26.425  %
Kappa statistic                          0.7251
K&B Relative Info Score             291378.5329 %
K&B Information Score                13693.1475 bits      3.4233 bits/instance
Class complexity | order 0           18810.5263 bits      4.7026 bits/instance
Class complexity | scheme           377517.6167 bits     94.3794 bits/instance
Complexity improvement     (Sf)    -358707.0904 bits    -89.6768 bits/instance
Mean absolute error                      0.0247
Root mean squared error                  0.1244
Relative absolute error                 33.3389 %
Root relative squared error             64.6883 %
Total Number of Instances             4000     


=== Detailed Accuracy By Class ===

               TP Rate   FP Rate   Precision   Recall  F-Measure   ROC Area  Class
                 0.85      0.005      0.866     0.85      0.858      0.967    A
                 0.631     0.01       0.732     0.631     0.678      0.921    B
                 0.749     0.004      0.88      0.749     0.809      0.946    C
                 0.645     0.008      0.787     0.645     0.709      0.926    D
                 0.682     0.007      0.786     0.682     0.73       0.92     E
                 0.767     0.007      0.806     0.767     0.786      0.923    F
                 0.614     0.006      0.797     0.614     0.694      0.904    G
                 0.69      0.008      0.789     0.69      0.737      0.91     H
                 0.853     0.004      0.903     0.853     0.877      0.968    I
                 0.678     0.003      0.921     0.678     0.781      0.928    J
                 0.693     0.006      0.802     0.693     0.743      0.922    K
                 0.806     0.006      0.835     0.806     0.82       0.944    L
                 0.765     0.005      0.864     0.765     0.812      0.96     M
                 0.752     0.007      0.807     0.752     0.779      0.915    N
                 0.698     0.009      0.743     0.698     0.72       0.939    O
                 0.738     0.007      0.808     0.738     0.771      0.941    P
                 0.696     0.013      0.653     0.696     0.674      0.914    Q
                 0.679     0.01       0.71      0.679     0.694      0.908    R
                 0.684     0.007      0.806     0.684     0.74       0.925    S
                 0.724     0.005      0.856     0.724     0.785      0.943    T
                 0.82      0.104      0.249     0.82      0.382      0.892    U
                 0.788     0.005      0.854     0.788     0.82       0.936    V
                 0.774     0.01       0.716     0.774     0.744      0.962    W
                 0.765     0.006      0.847     0.765     0.804      0.944    X
                 0.781     0.007      0.822     0.781     0.801      0.907    Y
                 0.815     0.005      0.853     0.815     0.833      0.943    Z
Weighted Avg.    0.736     0.011      0.79      0.736     0.753      0.931


=== Confusion Matrix ===

   a   b   c   d   e   f   g   h   i   j   k   l   m   n   o   p   q   r   s   t   u   v   w   x   y   z   <-- classified as
 136   0   1   1   0   1   2   0   0   1   1   6   3   0   0   1   0   0   0   0   6   0   1   0   0   0 |   a = A
   1 101   0   4   5   0   1   4   0   1   1   2   0   1   0   0   1   6   1   0  29   1   0   0   1   0 |   b = B
   0   0 125   0   2   1   2   2   1   0   0   1   0   0   1   0   0   0   1   3  25   0   1   1   0   1 |   c = C
   1   7   0 107   1   0   2   9   0   1   0   0   0   1   6   5   2   3   3   0  13   0   0   4   1   0 |   d = D
   1   0   2   0 103   0   2   1   0   0   2   1   0   0   0   1   2   2   2   2  23   0   0   4   0   3 |   e = E
   0   2   0   2   0 112   0   0   2   1   1   0   0   0   0   1   0   1   2   2  14   0   0   2   4   0 |   f = F
   1   1   0   1   2   0  94   4   0   0   1   1   0   0   4   0   8   2   3   2  22   1   4   1   0   1 |   g = G
   0   1   0   2   3   0   1 116   1   0   2   0   1   2   1   1   4   2   0   0  27   1   1   1   0   1 |   h = H
   0   1   0   1   0   1   0   0 139   3   0   0   0   0   0   2   0   1   1   0  13   0   0   0   0   1 |   i = I
   0   2   1   2   1   2   0   0   9 116   0   3   1   0   0   0   5   2   0   1  24   0   0   0   1   1 |   j = J
   0   1   1   0   3   0   0   1   0   0  97   1   1   2   1   0   1   4   1   0  24   0   0   2   0   0 |   k = K
   2   0   5   1   1   0   1   1   1   1   2 116   0   0   0   0   1   3   0   1   6   1   0   0   1   0 |   l = L
   4   1   1   0   0   0   1   0   0   0   4   0 127   3   0   0   0   3   0   0   6   0  16   0   0   0 |   m = M
   0   0   0   6   0   2   0   1   0   0   1   0   0 109   5   6   1   2   0   0   6   2   3   0   1   0 |   n = N
   1   3   1   2   0   0   0   2   0   0   2   0   0   1 104   1   2   1   0   0  27   0   2   0   0   0 |   o = O
   1   2   0   1   1   7   0   2   1   1   0   0   0   0   2 118   4   0   1   0  18   1   0   0   0   0 |   p = P
   0   0   4   0   2   0   4   0   0   0   1   0   0   0  11   2  96   1   2   0  10   1   1   1   1   1 |   q = Q
   2   5   0   2   3   2   1   1   0   0   2   3   0   2   0   0   2  93   0   1  17   0   0   1   0   0 |   r = R
   4   3   0   1   2   2   1   1   0   0   0   1   0   0   0   2   3   3 108   0  24   0   0   0   0   3 |   s = S
   0   1   1   0   0   1   1   0   0   0   0   1   0   0   0   4   2   1   0 113  15   2   0   2   9   3 |   t = T
   1   0   0   2   0   0   0   1   0   0   2   1   4   7   2   0   3   0   0   1 132   1   3   1   0   0 |   u = U
   1   1   0   0   0   2   0   1   0   1   0   0   0   3   0   0   1   0   0   1  14 123   3   0   5   0 |   v = V
   0   0   0   0   0   2   0   0   0   0   0   0  10   4   2   0   0   0   0   0   4   4  96   0   2   0 |   w = W
   0   5   0   1   2   0   2   0   0   0   2   0   0   0   1   0   1   0   2   0  18   0   0 127   1   4 |   x = X
   0   0   0   0   0   4   2   0   0   0   0   0   0   0   0   1   6   0   3   3   7   6   3   0 125   0 |   y = Y
   1   1   0   0   0   0   1   0   0   0   0   2   0   0   0   1   2   1   4   2   7   0   0   3   0 110 |   z = Z

