

=== Predictions under cross-validation ===

 inst#     actual  predicted error prediction (Buying,Maint,Doors,Persons,Lug_boot,Safety)
     1    1:unacc    1:unacc       0.972 (med,high,5more,2,med,med)
     2    1:unacc    1:unacc       0.972 (med,vhigh,5more,2,small,med)
     3    1:unacc    1:unacc       0.972 (low,vhigh,5more,2,big,low)
     4    1:unacc    1:unacc       0.972 (med,low,2,4,small,low)
     5    1:unacc      2:acc   +   0.657 (vhigh,low,2,more,med,med)
     6    1:unacc    1:unacc       0.972 (high,low,5more,more,big,low)
     7    1:unacc    1:unacc       0.972 (low,vhigh,5more,2,med,low)
     8    1:unacc    1:unacc       0.972 (low,vhigh,3,4,med,low)
     9    1:unacc    1:unacc       0.972 (low,high,2,2,small,med)
    10    1:unacc    1:unacc       0.972 (high,vhigh,2,4,small,low)
    11    1:unacc    1:unacc       0.972 (med,high,5more,more,med,low)
    12    1:unacc    1:unacc       0.972 (high,high,4,4,med,low)
    13    1:unacc      2:acc   +   0.764 (low,vhigh,2,more,small,high)
    14    1:unacc    1:unacc       0.972 (high,high,3,4,small,low)
    15    1:unacc    1:unacc       0.972 (high,low,4,2,big,high)
    16    1:unacc    1:unacc       0.972 (med,med,3,4,big,low)
    17    1:unacc    1:unacc       0.972 (med,vhigh,4,4,small,med)
    18    1:unacc    1:unacc       0.972 (low,med,4,4,big,low)
    19    1:unacc    1:unacc       0.972 (high,high,3,2,small,low)
    20    1:unacc    1:unacc       0.972 (med,vhigh,2,4,med,low)
    21    1:unacc    1:unacc       0.972 (med,vhigh,2,4,small,low)
    22    1:unacc    1:unacc       0.972 (high,high,5more,2,small,med)
    23    1:unacc    1:unacc       0.972 (low,low,4,2,small,high)
    24    1:unacc    1:unacc       0.972 (med,vhigh,5more,more,small,med)
    25    1:unacc      2:acc   +   0.764 (high,vhigh,3,more,small,high)
    26    1:unacc    1:unacc       0.972 (low,high,2,more,small,low)
    27    1:unacc    1:unacc       0.972 (high,low,3,2,small,high)
    28    1:unacc    1:unacc       0.972 (low,vhigh,3,more,big,low)
    29    1:unacc    1:unacc       0.972 (med,vhigh,5more,2,big,med)
    30    1:unacc    1:unacc       0.972 (med,low,5more,4,big,low)
    31    1:unacc    1:unacc       0.972 (low,high,2,4,big,low)
    32    1:unacc    1:unacc       0.972 (high,med,4,2,med,high)
    33    1:unacc    1:unacc       0.972 (med,vhigh,4,2,med,med)
    34    1:unacc    1:unacc       0.972 (low,vhigh,4,2,med,low)
    35    1:unacc    1:unacc       0.972 (low,low,5more,2,small,low)
    36    1:unacc    1:unacc       0.972 (vhigh,low,5more,more,small,low)
    37    1:unacc    1:unacc       0.972 (high,high,4,2,med,high)
    38    1:unacc    1:unacc       0.972 (high,med,4,2,big,high)
    39    1:unacc    1:unacc       0.972 (high,vhigh,2,2,big,med)
    40    1:unacc    1:unacc       0.972 (high,low,2,2,small,low)
    41    1:unacc    1:unacc       0.972 (med,high,3,4,small,med)
    42    1:unacc    1:unacc       0.972 (low,med,2,2,big,low)
    43    1:unacc    1:unacc       0.972 (med,low,5more,2,small,high)
    44    1:unacc    1:unacc       0.972 (low,low,4,2,med,high)
    45    1:unacc    1:unacc       0.972 (high,high,5more,2,med,high)
    46    1:unacc    1:unacc       0.972 (high,low,2,2,small,high)
    47    1:unacc    1:unacc       0.972 (high,high,2,2,med,high)
    48    1:unacc    1:unacc       0.972 (high,low,3,2,med,low)
    49    1:unacc    1:unacc       0.972 (high,med,5more,2,med,med)
    50    1:unacc    4:vgood   +   0.727 (med,low,3,2,big,high)
    51    1:unacc    1:unacc       0.972 (vhigh,low,3,4,small,med)
    52    1:unacc    1:unacc       0.972 (low,med,4,2,small,low)
    53    1:unacc    1:unacc       0.972 (vhigh,low,3,2,med,med)
    54    1:unacc    1:unacc       0.972 (med,vhigh,5more,2,big,high)
    55    1:unacc      2:acc   +   0.764 (low,high,2,more,small,high)
    56    1:unacc    1:unacc       0.972 (med,high,2,more,small,low)
    57    1:unacc    1:unacc       0.972 (med,med,5more,2,med,med)
    58    1:unacc    1:unacc       0.972 (low,vhigh,2,4,big,low)
    59    1:unacc    1:unacc       0.972 (high,low,2,2,big,med)
    60    1:unacc    1:unacc       0.972 (high,low,3,more,med,low)
    61    1:unacc    1:unacc       0.972 (low,vhigh,2,more,med,low)
    62    1:unacc    1:unacc       0.972 (med,high,4,2,big,high)
    63    1:unacc    1:unacc       0.972 (med,med,5more,2,big,med)
    64    1:unacc    1:unacc       0.972 (low,med,2,2,big,high)
    65    1:unacc    1:unacc       0.972 (med,high,2,2,med,med)
    66    1:unacc    1:unacc       0.972 (low,low,4,more,big,low)
    67    1:unacc    1:unacc       0.972 (med,med,4,2,small,high)
    68    1:unacc    1:unacc       0.972 (high,med,3,more,med,low)
    69    1:unacc    1:unacc       0.972 (high,vhigh,3,2,big,med)
    70    1:unacc    1:unacc       0.972 (vhigh,low,5more,4,small,med)
    71    1:unacc    1:unacc       0.972 (low,low,3,2,med,low)
    72    1:unacc    1:unacc       0.972 (high,med,4,more,small,low)
    73    1:unacc    1:unacc       0.972 (high,low,5more,more,med,low)
    74    1:unacc    1:unacc       0.972 (high,vhigh,3,2,med,high)
    75    1:unacc    1:unacc       0.972 (low,high,3,4,small,low)
    76    1:unacc    1:unacc       0.972 (med,high,4,2,med,med)
    77    1:unacc    1:unacc       0.972 (med,low,5more,2,big,low)
    78    1:unacc    1:unacc       0.972 (med,vhigh,5more,more,small,low)
    79    1:unacc    1:unacc       0.972 (high,med,3,2,big,low)
    80    1:unacc    1:unacc       0.972 (low,vhigh,4,2,big,med)
    81    1:unacc    1:unacc       0.972 (high,vhigh,2,2,small,med)
    82    1:unacc    1:unacc       0.972 (high,low,4,2,small,low)
    83    1:unacc     3:good   +   0.636 (low,low,2,more,small,med)
    84    1:unacc    1:unacc       0.972 (med,med,2,2,big,med)
    85    1:unacc    1:unacc       0.972 (low,med,5more,more,med,low)
    86    1:unacc    1:unacc       0.972 (high,high,4,2,big,high)
    87    1:unacc      2:acc   +   0.667 (low,vhigh,2,4,med,med)
    88    1:unacc    1:unacc       0.972 (med,vhigh,4,more,small,med)
    89    1:unacc    1:unacc       0.972 (low,high,4,2,big,high)
    90    1:unacc      2:acc   +   0.764 (high,vhigh,5more,more,med,high)
    91    1:unacc    1:unacc       0.972 (low,low,2,more,big,low)
    92    4:vgood    4:vgood       0.714 (low,med,3,more,big,high)
    93    4:vgood    4:vgood       0.714 (low,low,3,more,big,high)
    94    4:vgood    4:vgood       0.692 (low,high,2,4,big,high)
    95    4:vgood     3:good   +   1 (low,low,4,4,med,high)
    96    4:vgood    4:vgood       0.692 (low,high,3,4,big,high)
    97    4:vgood    4:vgood       0.692 (low,med,5more,4,big,high)
    98      2:acc      2:acc       0.81 (high,low,2,4,med,high)
    99      2:acc      2:acc       0.657 (high,med,3,more,med,med)
   100      2:acc      2:acc       0.657 (vhigh,low,4,more,med,med)
   101      2:acc      2:acc       0.816 (high,med,4,4,big,med)
   102      2:acc      2:acc       0.714 (high,high,5more,4,med,med)
   103      2:acc      2:acc       0.764 (high,low,2,more,big,high)
   104      2:acc      2:acc       0.657 (high,low,3,more,med,med)
   105      2:acc    1:unacc   +   0.972 (med,low,2,4,med,med)
   106      2:acc      2:acc       0.657 (low,vhigh,4,more,med,med)
   107      2:acc      2:acc       0.895 (vhigh,low,2,more,big,med)
   108      2:acc      2:acc       0.81 (high,low,4,4,med,high)
   109      2:acc      2:acc       0.81 (low,high,3,4,small,high)
   110      2:acc      2:acc       0.816 (high,low,4,4,big,med)
   111      2:acc      2:acc       0.895 (med,med,3,more,big,med)
   112      2:acc      2:acc       0.81 (low,high,2,4,med,high)
   113      2:acc      2:acc       0.816 (med,vhigh,4,4,big,med)
   114      2:acc      2:acc       0.81 (high,high,4,4,med,high)
   115      2:acc      2:acc       0.657 (med,high,3,more,med,med)
   116      2:acc      2:acc       0.667 (low,high,2,4,med,med)
   117      2:acc      2:acc       0.764 (med,high,3,more,small,high)
   118      2:acc    4:vgood   +   0.6 (low,vhigh,5more,more,med,high)
   119      2:acc      2:acc       0.667 (low,vhigh,4,4,med,med)
   120      2:acc      2:acc       0.657 (med,low,2,more,med,med)
   121      2:acc    1:unacc   +   0.972 (med,low,3,4,med,med)
   122      2:acc      2:acc       0.667 (low,high,4,4,small,med)
   123      2:acc    1:unacc   +   0.972 (med,high,4,4,med,med)
   124      2:acc      2:acc       0.657 (med,vhigh,4,more,med,med)
   125      2:acc      2:acc       0.816 (low,high,4,4,big,med)
   126      2:acc      2:acc       0.764 (high,med,5more,more,small,high)
   127      2:acc      2:acc       0.667 (low,med,5more,4,small,med)
   128      2:acc      2:acc       0.667 (low,low,2,4,small,med)
   129      2:acc      2:acc       0.764 (med,high,5more,more,med,high)
   130      2:acc      2:acc       0.81 (high,low,5more,4,small,high)
   131      2:acc      2:acc       0.667 (low,high,3,4,med,med)
   132      2:acc      2:acc       0.81 (high,med,4,4,small,high)
   133     3:good     3:good       1 (med,low,4,4,small,high)
   134     3:good      2:acc   +   0.816 (low,med,4,4,big,med)
   135     3:good      2:acc   +   0.667 (low,med,5more,4,med,med)
   136     3:good      2:acc   +   0.657 (med,low,3,more,med,med)
   137     3:good      2:acc   +   0.764 (low,med,5more,more,small,high)
   138     3:good      2:acc   +   0.764 (med,low,3,more,small,high)
   139     3:good    4:vgood   +   1 (med,low,2,more,med,high)
     1    1:unacc    1:unacc       0.997 (high,high,5more,4,med,low)
     2    1:unacc    1:unacc       0.997 (med,med,5more,more,med,low)
     3    1:unacc    1:unacc       0.997 (low,vhigh,2,more,big,low)
     4    1:unacc    1:unacc       0.997 (med,high,3,2,small,low)
     5    1:unacc    1:unacc       0.997 (high,vhigh,3,4,big,low)
     6    1:unacc    1:unacc       0.997 (med,high,3,2,med,low)
     7    1:unacc    1:unacc       0.997 (low,med,5more,4,small,low)
     8    1:unacc    1:unacc       0.997 (high,vhigh,3,4,med,low)
     9    1:unacc    1:unacc       0.997 (high,vhigh,2,2,big,low)
    10    1:unacc      2:acc   +   0.867 (high,vhigh,3,4,small,high)
    11    1:unacc    1:unacc       0.997 (low,low,4,2,big,high)
    12    1:unacc    1:unacc       0.997 (high,med,2,2,small,low)
    13    1:unacc    1:unacc       0.997 (high,low,4,2,med,low)
    14    1:unacc    1:unacc       0.997 (high,med,5more,4,small,med)
    15    1:unacc      2:acc   +   0.756 (med,high,2,more,small,high)
    16    1:unacc      2:acc   +   0.756 (high,low,2,more,small,high)
    17    1:unacc    1:unacc       0.997 (low,low,5more,more,big,low)
    18    1:unacc    1:unacc       0.997 (med,high,4,2,med,high)
    19    1:unacc     3:good   +   1 (low,low,2,more,small,high)
    20    1:unacc    1:unacc       0.997 (high,med,5more,2,small,high)
    21    1:unacc    1:unacc       0.997 (high,vhigh,5more,2,med,low)
    22    1:unacc    1:unacc       0.997 (med,low,2,2,med,low)
    23    1:unacc    1:unacc       0.997 (low,med,2,4,small,low)
    24    1:unacc    1:unacc       0.997 (vhigh,low,4,2,med,med)
    25    1:unacc    1:unacc       0.997 (high,low,4,4,small,med)
    26    1:unacc    1:unacc       0.997 (med,vhigh,3,2,small,low)
    27    1:unacc    1:unacc       0.997 (low,high,4,more,big,low)
    28    1:unacc    1:unacc       0.997 (med,med,4,more,big,low)
    29    1:unacc    1:unacc       0.997 (high,low,5more,2,small,high)
    30    1:unacc    1:unacc       0.997 (med,vhigh,3,2,big,high)
    31    1:unacc    1:unacc       0.997 (med,low,2,2,small,high)
    32    1:unacc    4:vgood   +   0.8 (med,med,4,2,big,high)
    33    1:unacc    1:unacc       0.997 (low,low,2,4,big,low)
    34    1:unacc    1:unacc       0.997 (low,med,5more,2,small,high)
    35    1:unacc    1:unacc       0.997 (low,med,3,2,med,high)
    36    1:unacc    1:unacc       0.997 (vhigh,low,5more,2,big,low)
    37    1:unacc    1:unacc       0.997 (med,med,3,2,big,med)
    38    1:unacc    1:unacc       0.997 (high,low,5more,2,big,high)
    39    1:unacc    1:unacc       0.997 (low,med,5more,2,small,med)
    40    1:unacc    1:unacc       0.997 (low,high,3,2,small,high)
    41    1:unacc    1:unacc       0.997 (low,high,5more,2,small,high)
    42    1:unacc    1:unacc       0.997 (high,low,5more,2,small,med)
    43    1:unacc    1:unacc       0.997 (high,low,5more,4,small,low)
    44    1:unacc    1:unacc       0.997 (low,med,5more,2,med,low)
    45    1:unacc    4:vgood   +   0.8 (med,med,3,2,big,high)
    46    1:unacc      2:acc   +   0.756 (high,vhigh,5more,more,small,high)
    47    1:unacc    1:unacc       0.997 (high,med,5more,4,small,low)
    48    1:unacc    1:unacc       0.997 (med,vhigh,4,more,med,low)
    49    1:unacc      2:acc   +   0.69 (low,vhigh,3,4,med,med)
    50    1:unacc    1:unacc       0.997 (med,high,3,2,small,med)
    51    1:unacc    1:unacc       0.997 (med,low,5more,2,med,low)
    52    1:unacc    1:unacc       0.997 (low,low,3,2,big,low)
    53    1:unacc    1:unacc       0.997 (high,high,2,2,small,low)
    54    1:unacc    1:unacc       0.997 (low,vhigh,2,more,small,med)
    55    1:unacc      2:acc   +   1 (low,med,2,more,small,med)
    56    1:unacc    1:unacc       0.997 (med,vhigh,3,4,big,low)
    57    1:unacc    1:unacc       0.997 (high,med,3,4,small,med)
    58    1:unacc    1:unacc       0.997 (low,low,3,2,small,med)
    59    1:unacc    1:unacc       0.997 (med,vhigh,5more,2,small,high)
    60    1:unacc      2:acc   +   0.756 (high,med,2,more,small,high)
    61    1:unacc    1:unacc       0.997 (high,low,4,more,big,low)
    62    1:unacc    1:unacc       0.997 (high,med,3,2,med,med)
    63    1:unacc    1:unacc       0.997 (high,high,4,2,med,med)
    64    1:unacc      2:acc   +   0.756 (high,vhigh,2,more,med,high)
    65    1:unacc    1:unacc       0.997 (med,high,5more,2,big,med)
    66    1:unacc    1:unacc       0.997 (med,med,4,more,med,low)
    67    1:unacc    1:unacc       0.997 (high,high,5more,4,big,low)
    68    1:unacc    1:unacc       0.997 (low,high,3,2,med,med)
    69    1:unacc    1:unacc       0.997 (high,low,5more,2,big,low)
    70    1:unacc    1:unacc       0.997 (med,low,3,4,med,low)
    71    1:unacc    1:unacc       0.997 (high,vhigh,3,2,med,med)
    72    1:unacc    1:unacc       0.997 (low,vhigh,4,more,big,low)
    73    1:unacc    1:unacc       0.997 (med,med,2,4,small,low)
    74    1:unacc    1:unacc       0.997 (low,vhigh,5more,4,big,low)
    75    1:unacc    1:unacc       0.997 (med,high,4,4,med,low)
    76    1:unacc    1:unacc       0.997 (med,high,3,4,med,med)
    77    1:unacc    1:unacc       0.997 (high,low,4,more,small,low)
    78    1:unacc    1:unacc       0.997 (med,med,2,4,big,low)
    79    1:unacc    1:unacc       0.997 (med,high,5more,4,small,low)
    80    1:unacc    1:unacc       0.997 (low,med,3,more,small,low)
    81    1:unacc    1:unacc       0.997 (high,vhigh,5more,2,big,low)
    82    1:unacc    1:unacc       0.997 (med,vhigh,2,4,med,med)
    83    1:unacc    1:unacc       0.997 (low,low,5more,2,big,med)
    84    1:unacc    1:unacc       0.997 (med,high,2,4,small,low)
    85    1:unacc    1:unacc       0.997 (vhigh,low,4,more,med,low)
    86    1:unacc      2:acc   +   0.867 (high,vhigh,5more,4,small,high)
    87    1:unacc    1:unacc       0.997 (med,low,2,4,med,low)
    88    1:unacc    1:unacc       0.997 (high,low,2,2,big,low)
    89    1:unacc    1:unacc       0.997 (med,low,4,4,small,low)
    90    1:unacc    1:unacc       0.997 (high,low,3,more,small,med)
    91    1:unacc    1:unacc       0.997 (med,high,2,2,big,high)
    92    4:vgood    4:vgood       0.714 (low,med,3,4,big,high)
    93    4:vgood    4:vgood       0.714 (low,low,4,4,big,high)
    94    4:vgood      2:acc   +   0.756 (med,low,4,more,med,high)
    95    4:vgood    4:vgood       0.786 (low,low,5more,more,big,high)
    96    4:vgood    4:vgood       0.636 (med,low,5more,more,big,high)
    97    4:vgood    4:vgood       0.533 (low,med,3,more,med,high)
    98      2:acc      2:acc       0.867 (low,vhigh,3,4,med,high)
    99      2:acc      2:acc       0.889 (high,low,5more,more,big,med)
   100      2:acc      2:acc       1 (med,low,5more,4,small,med)
   101      2:acc      2:acc       0.756 (low,vhigh,5more,more,small,high)
   102      2:acc      2:acc       0.862 (low,vhigh,4,4,big,med)
   103      2:acc      2:acc       0.667 (med,vhigh,3,more,med,med)
   104      2:acc      2:acc       0.867 (med,med,3,4,med,high)
   105      2:acc      2:acc       0.867 (high,low,4,4,big,high)
   106      2:acc      2:acc       0.69 (low,low,3,4,med,med)
   107      2:acc    4:vgood   +   0.786 (low,vhigh,3,more,big,high)
   108      2:acc      2:acc       0.889 (high,low,3,more,big,med)
   109      2:acc      2:acc       0.756 (med,high,5more,more,big,high)
   110      2:acc      2:acc       0.756 (high,low,5more,more,med,high)
   111      2:acc      2:acc       0.889 (med,high,4,more,big,med)
   112      2:acc      2:acc       0.69 (low,high,5more,4,med,med)
   113      2:acc      2:acc       0.756 (low,high,5more,more,small,high)
   114      2:acc      2:acc       0.667 (med,high,5more,more,med,med)
   115      2:acc      2:acc       0.867 (high,med,3,4,small,high)
   116      2:acc      2:acc       0.862 (high,high,4,4,big,med)
   117      2:acc      2:acc       0.867 (vhigh,low,3,4,med,high)
   118      2:acc      2:acc       0.756 (vhigh,low,5more,more,big,high)
   119      2:acc      2:acc       0.756 (med,vhigh,4,more,small,high)
   120      2:acc      2:acc       0.867 (low,high,2,4,small,high)
   121      2:acc    1:unacc   +   0.997 (low,high,3,more,small,med)
   122      2:acc      2:acc       0.867 (low,high,5more,4,small,high)
   123      2:acc      2:acc       0.756 (med,high,4,more,big,high)
   124      2:acc      2:acc       0.889 (high,med,4,more,big,med)
   125      2:acc      2:acc       0.867 (low,high,3,4,med,high)
   126      2:acc      2:acc       0.756 (med,vhigh,3,more,med,high)
   127      2:acc      2:acc       0.862 (low,vhigh,5more,4,big,med)
   128      2:acc      2:acc       0.756 (vhigh,low,4,more,small,high)
   129      2:acc      2:acc       0.756 (high,low,3,more,big,high)
   130      2:acc     3:good   +   0.615 (vhigh,low,5more,4,big,med)
   131      2:acc     3:good   +   0.615 (high,low,5more,4,big,med)
   132      2:acc      2:acc       0.867 (vhigh,low,3,4,small,high)
   133     3:good     3:good       0.636 (low,med,3,4,big,med)
   134     3:good     3:good       1 (low,low,3,4,small,high)
   135     3:good     3:good       1 (low,low,5more,more,small,high)
   136     3:good     3:good       0.545 (med,low,4,more,big,med)
   137     3:good      2:acc   +   0.756 (med,low,5more,more,small,high)
   138     3:good      2:acc   +   0.857 (med,low,5more,4,med,med)
   139     3:good     3:good       0.714 (med,low,2,4,small,high)
     1    1:unacc    1:unacc       0.992 (med,med,5more,4,med,low)
     2    1:unacc    1:unacc       0.992 (med,high,3,more,big,low)
     3    1:unacc      2:acc   +   0.853 (high,vhigh,4,4,big,high)
     4    1:unacc    1:unacc       0.992 (low,vhigh,3,2,med,high)
     5    1:unacc    1:unacc       0.992 (low,low,2,4,small,low)
     6    1:unacc    1:unacc       0.992 (med,low,3,2,big,med)
     7    1:unacc    1:unacc       0.992 (med,med,4,2,small,med)
     8    1:unacc    1:unacc       0.992 (high,vhigh,5more,2,med,high)
     9    1:unacc    1:unacc       0.992 (low,high,3,2,big,high)
    10    1:unacc    1:unacc       0.992 (med,high,2,2,big,low)
    11    1:unacc    1:unacc       0.992 (high,low,4,2,med,med)
    12    1:unacc     3:good   +   0.636 (med,low,3,2,small,high)
    13    1:unacc    1:unacc       0.992 (med,high,3,2,big,high)
    14    1:unacc    1:unacc       0.992 (med,vhigh,2,more,big,low)
    15    1:unacc    1:unacc       0.992 (high,high,5more,more,small,med)
    16    1:unacc    1:unacc       0.992 (med,med,2,2,big,high)
    17    1:unacc    1:unacc       0.992 (med,med,5more,2,med,high)
    18    1:unacc    1:unacc       0.992 (high,high,4,2,big,low)
    19    1:unacc    1:unacc       0.992 (high,vhigh,3,2,big,high)
    20    1:unacc    1:unacc       0.992 (low,vhigh,2,2,big,high)
    21    1:unacc    1:unacc       0.992 (low,low,5more,2,big,high)
    22    1:unacc    1:unacc       0.992 (low,vhigh,2,2,med,med)
    23    1:unacc    1:unacc       0.992 (low,high,4,more,med,low)
    24    1:unacc    1:unacc       0.992 (low,vhigh,4,2,med,med)
    25    1:unacc    1:unacc       0.992 (med,low,3,more,med,low)
    26    1:unacc    1:unacc       0.992 (med,vhigh,4,2,small,low)
    27    1:unacc    1:unacc       0.992 (low,med,5more,4,big,low)
    28    1:unacc    1:unacc       0.992 (high,med,3,2,med,high)
    29    1:unacc    1:unacc       0.992 (high,vhigh,5more,4,small,med)
    30    1:unacc    1:unacc       0.992 (high,vhigh,4,2,big,high)
    31    1:unacc    1:unacc       0.992 (low,low,4,4,med,low)
    32    1:unacc    1:unacc       0.992 (med,high,4,2,small,med)
    33    1:unacc    1:unacc       0.992 (low,med,4,2,big,high)
    34    1:unacc    1:unacc       0.992 (low,high,2,2,med,med)
    35    1:unacc    4:vgood   +   0.556 (med,low,5more,2,med,high)
    36    1:unacc    1:unacc       0.992 (med,high,3,more,small,med)
    37    1:unacc    1:unacc       0.992 (med,vhigh,4,4,big,low)
    38    1:unacc    1:unacc       0.992 (med,high,5more,4,med,low)
    39    1:unacc    1:unacc       0.992 (vhigh,low,4,2,med,low)
    40    1:unacc    1:unacc       0.992 (med,low,4,2,small,low)
    41    1:unacc    1:unacc       0.992 (med,high,4,2,small,low)
    42    1:unacc    1:unacc       0.992 (low,vhigh,2,2,small,low)
    43    1:unacc     3:good   +   0.727 (low,low,2,2,big,med)
    44    1:unacc    1:unacc       0.992 (low,low,3,4,big,low)
    45    1:unacc    1:unacc       0.992 (low,high,3,2,small,low)
    46    1:unacc    1:unacc       0.992 (med,med,3,2,small,low)
    47    1:unacc    1:unacc       0.992 (low,low,5more,more,med,low)
    48    1:unacc    4:vgood   +   0.556 (med,low,3,2,med,high)
    49    1:unacc    1:unacc       0.992 (low,high,2,2,med,low)
    50    1:unacc    1:unacc       0.992 (high,low,3,more,small,low)
    51    1:unacc    1:unacc       0.992 (med,low,3,4,big,low)
    52    1:unacc    1:unacc       0.992 (vhigh,low,3,2,big,med)
    53    1:unacc    1:unacc       0.992 (high,high,4,more,small,low)
    54    1:unacc      2:acc   +   0.938 (high,vhigh,4,4,big,med)
    55    1:unacc    1:unacc       0.992 (high,vhigh,2,more,med,low)
    56    1:unacc    1:unacc       0.992 (low,high,4,2,med,high)
    57    1:unacc      2:acc   +   0.75 (med,vhigh,2,more,med,med)
    58    1:unacc    1:unacc       0.992 (med,low,3,more,big,low)
    59    1:unacc    1:unacc       0.992 (med,med,2,more,small,med)
    60    1:unacc    1:unacc       0.992 (med,vhigh,5more,2,big,low)
    61    1:unacc    1:unacc       0.992 (high,high,3,2,med,high)
    62    1:unacc    1:unacc       0.992 (high,low,4,more,med,low)
    63    1:unacc    1:unacc       0.992 (low,high,4,more,small,low)
    64    1:unacc    1:unacc       0.992 (high,med,5more,2,med,high)
    65    1:unacc    1:unacc       0.992 (med,high,4,more,med,low)
    66    1:unacc    1:unacc       0.992 (high,high,2,4,small,med)
    67    1:unacc    1:unacc       0.992 (low,high,2,more,small,med)
    68    1:unacc    1:unacc       0.992 (low,high,4,4,big,low)
    69    1:unacc      2:acc   +   0.938 (high,vhigh,2,4,big,med)
    70    1:unacc    1:unacc       0.992 (med,med,5more,more,big,low)
    71    1:unacc    1:unacc       0.992 (med,med,3,2,big,low)
    72    1:unacc    1:unacc       0.992 (vhigh,low,4,2,med,high)
    73    1:unacc      2:acc   +   0.75 (med,high,2,more,med,med)
    74    1:unacc      2:acc   +   0.689 (high,vhigh,4,more,med,high)
    75    1:unacc    1:unacc       0.992 (med,med,4,4,med,low)
    76    1:unacc    1:unacc       0.992 (low,high,5more,more,big,low)
    77    1:unacc    1:unacc       0.992 (vhigh,low,3,4,med,low)
    78    1:unacc    1:unacc       0.992 (high,high,2,2,med,low)
    79    1:unacc    1:unacc       0.992 (high,low,5more,4,med,low)
    80    1:unacc    1:unacc       0.992 (low,med,4,more,small,low)
    81    1:unacc    1:unacc       0.992 (med,high,2,2,small,high)
    82    1:unacc    1:unacc       0.992 (med,low,5more,2,med,med)
    83    1:unacc    1:unacc       0.992 (high,low,3,more,big,low)
    84    1:unacc    1:unacc       0.992 (high,vhigh,4,2,small,low)
    85    1:unacc    1:unacc       0.992 (vhigh,low,4,2,small,med)
    86    1:unacc    1:unacc       0.992 (high,low,2,4,small,low)
    87    1:unacc    1:unacc       0.992 (high,med,2,4,big,low)
    88    1:unacc    1:unacc       0.992 (low,low,5more,more,small,low)
    89    1:unacc    1:unacc       0.992 (high,med,2,2,small,med)
    90    1:unacc    1:unacc       0.992 (high,vhigh,3,2,med,low)
    91    1:unacc    1:unacc       0.992 (high,vhigh,4,2,small,high)
    92    4:vgood    4:vgood       1 (med,med,5more,more,big,high)
    93    4:vgood    4:vgood       0.786 (low,low,4,more,big,high)
    94    4:vgood      2:acc   +   0.853 (low,high,4,4,med,high)
    95    4:vgood     3:good   +   0.6 (low,low,5more,more,med,high)
    96    4:vgood    4:vgood       0.636 (med,low,4,more,big,high)
    97    4:vgood     3:good   +   0.6 (low,low,4,more,med,high)
    98      2:acc      2:acc       0.889 (vhigh,low,5more,more,big,med)
    99      2:acc      2:acc       0.833 (vhigh,low,5more,4,med,med)
   100      2:acc      2:acc       0.938 (low,vhigh,3,4,big,med)
   101      2:acc      2:acc       0.853 (high,high,3,4,med,high)
   102      2:acc      2:acc       0.853 (high,med,2,4,small,high)
   103      2:acc      2:acc       0.853 (med,vhigh,3,4,big,high)
   104      2:acc      2:acc       0.689 (high,med,4,more,big,high)
   105      2:acc      2:acc       0.689 (vhigh,low,4,more,med,high)
   106      2:acc      2:acc       0.938 (high,med,5more,4,big,med)
   107      2:acc      2:acc       0.689 (vhigh,low,5more,more,med,high)
   108      2:acc    1:unacc   +   0.992 (low,low,3,more,small,med)
   109      2:acc      2:acc       0.689 (high,med,4,more,small,high)
   110      2:acc      2:acc       0.75 (low,vhigh,5more,more,med,med)
   111      2:acc      2:acc       0.75 (low,high,2,more,med,med)
   112      2:acc      2:acc       0.853 (high,high,2,4,med,high)
   113      2:acc      2:acc       0.853 (high,low,3,4,med,high)
   114      2:acc    4:vgood   +   0.786 (low,vhigh,2,more,big,high)
   115      2:acc      2:acc       0.938 (vhigh,low,4,4,big,med)
   116      2:acc      2:acc       1 (med,med,3,4,small,med)
   117      2:acc      2:acc       0.689 (high,med,2,more,big,high)
   118      2:acc      2:acc       0.689 (low,high,3,more,small,high)
   119      2:acc      2:acc       0.689 (low,high,4,more,small,high)
   120      2:acc      2:acc       0.853 (high,med,3,4,med,high)
   121      2:acc    1:unacc   +   0.992 (med,med,3,more,small,med)
   122      2:acc      2:acc       0.889 (low,high,3,more,big,med)
   123      2:acc      2:acc       0.938 (med,high,5more,4,big,med)
   124      2:acc      2:acc       0.689 (high,med,5more,more,big,high)
   125      2:acc    1:unacc   +   0.992 (low,high,4,more,small,med)
   126      2:acc      2:acc       0.689 (high,high,4,more,med,high)
   127      2:acc      2:acc       0.889 (low,vhigh,4,more,big,med)
   128      2:acc      2:acc       0.889 (med,high,2,more,big,med)
   129      2:acc      2:acc       0.853 (high,med,5more,4,small,high)
   130      2:acc      2:acc       0.938 (high,high,2,4,big,med)
   131      2:acc      2:acc       0.689 (high,low,2,more,med,high)
   132      2:acc      2:acc       0.853 (med,vhigh,2,4,small,high)
   133     3:good    4:vgood   +   0.556 (med,low,3,4,med,high)
   134     3:good    4:vgood   +   1 (low,low,3,4,med,high)
   135     3:good      2:acc   +   0.689 (low,med,4,more,small,high)
   136     3:good     3:good       0.6 (low,low,4,more,small,high)
   137     3:good      2:acc   +   0.71 (low,med,4,4,med,med)
   138     3:good    4:vgood   +   1 (low,low,2,4,med,high)
     1    1:unacc    1:unacc       0.99 (high,med,2,2,med,low)
     2    1:unacc    1:unacc       0.99 (high,vhigh,5more,2,big,med)
     3    1:unacc      2:acc   +   0.573 (high,med,4,4,small,med)
     4    1:unacc    1:unacc       0.99 (high,low,2,more,small,low)
     5    1:unacc    1:unacc       0.99 (med,med,2,2,small,high)
     6    1:unacc    1:unacc       0.99 (high,med,2,2,small,high)
     7    1:unacc    1:unacc       0.99 (med,low,3,4,small,low)
     8    1:unacc    1:unacc       0.99 (vhigh,low,3,more,big,low)
     9    1:unacc    1:unacc       0.99 (high,low,3,2,big,med)
    10    1:unacc    1:unacc       0.99 (med,med,2,2,med,med)
    11    1:unacc    1:unacc       0.99 (low,vhigh,4,4,med,low)
    12    1:unacc    1:unacc       0.99 (high,vhigh,2,2,small,low)
    13    1:unacc    1:unacc       0.99 (low,high,5more,2,med,high)
    14    1:unacc    1:unacc       0.99 (med,vhigh,5more,4,big,low)
    15    1:unacc    1:unacc       0.99 (med,low,3,2,med,low)
    16    1:unacc    1:unacc       0.99 (low,vhigh,3,more,med,low)
    17    1:unacc    1:unacc       0.99 (low,high,4,2,med,low)
    18    1:unacc    1:unacc       0.99 (low,low,2,more,med,low)
    19    1:unacc      2:acc   +   0.573 (med,high,4,4,small,med)
    20    1:unacc    1:unacc       0.99 (low,high,2,2,big,low)
    21    1:unacc      2:acc   +   0.573 (high,low,3,4,med,med)
    22    1:unacc    1:unacc       0.99 (high,vhigh,2,2,small,high)
    23    1:unacc    1:unacc       0.99 (high,med,4,2,med,med)
    24    1:unacc    1:unacc       0.99 (high,high,5more,more,med,low)
    25    1:unacc    1:unacc       0.99 (vhigh,low,4,2,big,med)
    26    1:unacc    1:unacc       0.99 (high,med,5more,more,small,low)
    27    1:unacc    1:unacc       0.99 (low,low,2,2,med,low)
    28    1:unacc    1:unacc       0.99 (low,vhigh,5more,2,small,med)
    29    1:unacc      2:acc   +   0.683 (high,vhigh,2,more,big,high)
    30    1:unacc    1:unacc       0.99 (low,vhigh,4,2,small,med)
    31    1:unacc    1:unacc       0.99 (low,low,2,2,med,high)
    32    1:unacc    1:unacc       0.99 (low,med,3,2,med,low)
    33    1:unacc    1:unacc       0.99 (high,low,4,2,med,high)
    34    1:unacc    1:unacc       0.99 (low,vhigh,5more,more,small,low)
    35    1:unacc    1:unacc       0.99 (low,vhigh,3,4,small,low)
    36    1:unacc    1:unacc       0.99 (low,vhigh,5more,more,med,low)
    37    1:unacc    1:unacc       0.99 (high,high,2,2,big,high)
    38    1:unacc    1:unacc       0.99 (med,vhigh,4,more,small,low)
    39    1:unacc    1:unacc       0.99 (low,low,3,more,med,low)
    40    1:unacc    1:unacc       0.99 (med,med,2,4,med,low)
    41    1:unacc    1:unacc       0.99 (med,low,4,2,big,med)
    42    1:unacc      2:acc   +   0.573 (high,low,2,4,med,med)
    43    1:unacc    1:unacc       0.99 (low,med,5more,2,med,high)
    44    1:unacc    1:unacc       0.99 (high,low,5more,more,small,low)
    45    1:unacc    1:unacc       0.99 (med,low,2,2,big,med)
    46    1:unacc    1:unacc       0.99 (med,high,2,4,med,low)
    47    1:unacc    1:unacc       0.99 (high,vhigh,5more,2,small,med)
    48    1:unacc    1:unacc       0.99 (high,low,4,2,small,med)
    49    1:unacc    1:unacc       0.99 (high,vhigh,3,2,big,low)
    50    1:unacc    1:unacc       0.99 (high,high,2,more,small,low)
    51    1:unacc    1:unacc       0.99 (high,vhigh,3,more,big,low)
    52    1:unacc    1:unacc       0.99 (med,vhigh,4,2,big,high)
    53    1:unacc    1:unacc       0.99 (high,med,3,2,big,high)
    54    1:unacc    1:unacc       0.99 (vhigh,low,5more,more,med,low)
    55    1:unacc      2:acc   +   0.941 (high,vhigh,4,more,big,med)
    56    1:unacc      2:acc   +   0.573 (high,low,3,4,small,med)
    57    1:unacc    1:unacc       0.99 (low,med,3,more,big,low)
    58    1:unacc    1:unacc       0.99 (vhigh,low,5more,2,med,low)
    59    1:unacc    1:unacc       0.99 (high,low,3,2,med,med)
    60    1:unacc    1:unacc       0.99 (high,vhigh,5more,2,med,med)
    61    1:unacc      2:acc   +   0.684 (high,vhigh,4,more,med,med)
    62    1:unacc    1:unacc       0.99 (high,vhigh,4,4,big,low)
    63    1:unacc    1:unacc       0.99 (low,med,4,4,med,low)
    64    1:unacc    1:unacc       0.99 (high,vhigh,3,more,med,low)
    65    1:unacc    1:unacc       0.99 (high,med,4,4,small,low)
    66    1:unacc      2:acc   +   0.941 (high,vhigh,2,more,big,med)
    67    1:unacc    4:vgood   +   0.667 (med,low,5more,2,big,high)
    68    1:unacc    1:unacc       0.99 (high,vhigh,3,2,small,med)
    69    1:unacc    1:unacc       0.99 (med,high,4,4,big,low)
    70    1:unacc    1:unacc       0.99 (high,high,3,more,big,low)
    71    1:unacc    1:unacc       0.99 (vhigh,low,4,2,small,low)
    72    1:unacc    1:unacc       0.99 (med,vhigh,4,4,small,low)
    73    1:unacc      2:acc   +   0.573 (high,vhigh,4,4,med,med)
    74    1:unacc      2:acc   +   0.792 (high,vhigh,4,4,med,high)
    75    1:unacc    1:unacc       0.99 (med,low,5more,2,small,low)
    76    1:unacc     3:good   +   0.6 (med,low,2,more,small,med)
    77    1:unacc    1:unacc       0.99 (low,vhigh,5more,2,med,high)
    78    1:unacc      2:acc   +   0.573 (low,vhigh,3,4,small,med)
    79    1:unacc    1:unacc       0.99 (low,med,4,more,med,low)
    80    1:unacc    1:unacc       0.99 (med,low,2,more,med,low)
    81    1:unacc    1:unacc       0.99 (high,high,5more,2,big,high)
    82    1:unacc    1:unacc       0.99 (high,low,2,more,big,low)
    83    1:unacc    1:unacc       0.99 (vhigh,low,5more,2,big,med)
    84    1:unacc     3:good   +   0.727 (low,med,5more,2,big,med)
    85    1:unacc    1:unacc       0.99 (low,med,4,more,big,low)
    86    1:unacc    1:unacc       0.99 (vhigh,low,5more,more,small,med)
    87    1:unacc    1:unacc       0.99 (med,med,3,2,med,high)
    88    1:unacc    1:unacc       0.99 (high,low,3,2,small,med)
    89    1:unacc    1:unacc       0.99 (med,low,5more,4,med,low)
    90    1:unacc    1:unacc       0.99 (low,vhigh,4,2,big,low)
    91    1:unacc    1:unacc       0.99 (high,med,3,2,small,low)
    92    4:vgood    4:vgood       0.533 (low,low,3,more,med,high)
    93    4:vgood    4:vgood       0.667 (med,low,3,more,big,high)
    94    4:vgood    4:vgood       0.636 (low,med,5more,more,big,high)
    95    4:vgood      2:acc   +   0.683 (med,med,5more,more,med,high)
    96    4:vgood    4:vgood       0.667 (med,low,3,4,big,high)
    97    4:vgood     3:good   +   1 (low,low,5more,4,med,high)
    98      2:acc      2:acc       0.683 (high,low,5more,more,small,high)
    99      2:acc      2:acc       0.573 (med,vhigh,2,4,big,med)
   100      2:acc      2:acc       0.684 (med,med,3,more,med,med)
   101      2:acc     3:good   +   0.636 (low,low,5more,more,small,med)
   102      2:acc      2:acc       0.684 (low,med,2,more,med,med)
   103      2:acc     3:good   +   0.538 (high,low,2,4,big,med)
   104      2:acc      2:acc       0.573 (low,high,2,4,small,med)
   105      2:acc      2:acc       0.792 (high,med,2,4,med,high)
   106      2:acc      2:acc       0.941 (high,med,2,more,big,med)
   107      2:acc      2:acc       0.792 (low,vhigh,2,4,small,high)
   108      2:acc      2:acc       0.941 (med,high,3,more,big,med)
   109      2:acc      2:acc       0.573 (med,high,3,4,big,med)
   110      2:acc      2:acc       0.941 (high,med,3,more,big,med)
   111      2:acc      2:acc       0.792 (high,high,5more,4,small,high)
   112      2:acc    1:unacc   +   0.99 (low,high,5more,more,small,med)
   113      2:acc      2:acc       0.684 (high,med,4,more,med,med)
   114      2:acc      2:acc       0.792 (med,vhigh,3,4,small,high)
   115      2:acc      2:acc       0.792 (high,high,4,4,big,high)
   116      2:acc      2:acc       0.683 (high,med,3,more,small,high)
   117      2:acc      2:acc       0.792 (vhigh,low,4,4,big,high)
   118      2:acc      2:acc       0.684 (med,med,4,more,med,med)
   119      2:acc      2:acc       0.573 (med,med,2,4,big,med)
   120      2:acc      2:acc       0.792 (high,high,3,4,small,high)
   121      2:acc      2:acc       0.573 (med,vhigh,5more,4,med,med)
   122      2:acc      2:acc       0.683 (med,vhigh,5more,more,big,high)
   123      2:acc    1:unacc   +   0.99 (low,med,3,more,small,med)
   124      2:acc      2:acc       0.941 (low,vhigh,5more,more,big,med)
   125      2:acc      2:acc       0.573 (med,med,3,4,big,med)
   126      2:acc      2:acc       0.573 (high,low,5more,4,med,med)
   127      2:acc      2:acc       0.683 (vhigh,low,3,more,small,high)
   128      2:acc      2:acc       0.683 (high,high,3,more,big,high)
   129      2:acc      2:acc       0.573 (high,low,4,4,med,med)
   130      2:acc      2:acc       0.792 (med,vhigh,5more,4,med,high)
   131      2:acc      2:acc       0.573 (med,med,5more,4,small,med)
   132     3:good      2:acc   +   0.792 (med,low,5more,4,small,high)
   133     3:good     3:good       0.538 (med,low,5more,4,big,med)
   134     3:good     3:good       0.8 (low,med,2,4,small,high)
   135     3:good     3:good       0.6 (med,low,4,more,med,med)
   136     3:good     3:good       0.8 (low,med,2,4,med,high)
   137     3:good      2:acc   +   0.573 (low,low,4,4,med,med)
   138     3:good      2:acc   +   0.684 (low,med,5more,more,med,med)
     1    1:unacc    1:unacc       0.997 (med,high,5more,2,small,high)
     2    1:unacc    1:unacc       0.997 (med,vhigh,3,2,small,high)
     3    1:unacc    1:unacc       0.997 (high,vhigh,2,4,med,med)
     4    1:unacc    1:unacc       0.997 (high,high,2,4,med,med)
     5    1:unacc    1:unacc       0.997 (low,vhigh,5more,4,med,low)
     6    1:unacc    1:unacc       0.997 (high,med,4,2,big,low)
     7    1:unacc     3:good   +   0.7 (low,med,2,2,big,med)
     8    1:unacc    1:unacc       0.997 (low,vhigh,5more,more,big,low)
     9    1:unacc    1:unacc       0.997 (low,high,5more,2,med,med)
    10    1:unacc     3:good   +   1 (med,low,2,more,small,high)
    11    1:unacc    1:unacc       0.997 (med,high,5more,2,big,high)
    12    1:unacc    1:unacc       0.997 (high,vhigh,4,4,small,med)
    13    1:unacc    1:unacc       0.997 (med,med,2,2,small,low)
    14    1:unacc    1:unacc       0.997 (high,vhigh,5more,2,small,low)
    15    1:unacc      2:acc   +   0.842 (high,vhigh,2,4,small,high)
    16    1:unacc    1:unacc       0.997 (low,med,4,2,med,med)
    17    1:unacc    1:unacc       0.997 (vhigh,low,3,2,small,high)
    18    1:unacc    1:unacc       0.997 (high,vhigh,4,more,big,low)
    19    1:unacc    1:unacc       0.997 (high,low,3,2,small,low)
    20    1:unacc    1:unacc       0.997 (med,vhigh,2,more,small,med)
    21    1:unacc    1:unacc       0.997 (low,low,2,2,small,low)
    22    1:unacc    1:unacc       0.997 (high,low,4,4,med,low)
    23    1:unacc    1:unacc       0.997 (high,low,5more,4,big,low)
    24    1:unacc    1:unacc       0.997 (med,high,3,more,med,low)
    25    1:unacc    1:unacc       0.997 (high,vhigh,5more,4,big,low)
    26    1:unacc    1:unacc       0.997 (high,med,4,2,small,high)
    27    1:unacc    1:unacc       0.997 (vhigh,low,5more,4,small,low)
    28    1:unacc    1:unacc       0.997 (low,low,2,2,big,high)
    29    1:unacc    1:unacc       0.997 (low,vhigh,5more,2,small,high)
    30    1:unacc    1:unacc       0.997 (med,high,4,2,big,low)
    31    1:unacc    1:unacc       0.997 (low,vhigh,3,4,big,low)
    32    1:unacc    1:unacc       0.997 (high,high,4,2,small,low)
    33    1:unacc      2:acc   +   0.909 (high,vhigh,3,more,big,med)
    34    1:unacc    1:unacc       0.997 (high,vhigh,5more,more,med,low)
    35    1:unacc    1:unacc       0.997 (vhigh,low,5more,2,small,high)
    36    1:unacc    1:unacc       0.997 (high,low,5more,2,med,high)
    37    1:unacc    1:unacc       0.997 (high,low,2,2,med,high)
    38    1:unacc    1:unacc       0.997 (med,med,5more,4,big,low)
    39    1:unacc    1:unacc       0.997 (med,high,2,2,med,low)
    40    1:unacc    1:unacc       0.997 (high,vhigh,3,more,small,med)
    41    1:unacc    1:unacc       0.997 (high,high,2,more,small,med)
    42    1:unacc    1:unacc       0.997 (low,high,2,2,small,high)
    43    1:unacc    1:unacc       0.997 (med,vhigh,2,more,small,low)
    44    1:unacc    1:unacc       0.997 (high,med,2,2,big,low)
    45    1:unacc      2:acc   +   0.722 (high,vhigh,5more,more,big,high)
    46    1:unacc    1:unacc       0.997 (high,high,4,2,big,med)
    47    1:unacc    1:unacc       0.997 (med,vhigh,4,2,small,high)
    48    1:unacc    1:unacc       0.997 (med,high,4,more,big,low)
    49    1:unacc    1:unacc       0.997 (high,vhigh,4,4,med,low)
    50    1:unacc    1:unacc       0.997 (med,low,5more,2,big,med)
    51    1:unacc    1:unacc       0.997 (vhigh,low,4,4,small,low)
    52    1:unacc    1:unacc       0.997 (high,high,5more,2,small,high)
    53    1:unacc    1:unacc       0.997 (low,med,3,2,med,med)
    54    1:unacc    1:unacc       0.997 (med,high,5more,4,small,med)
    55    1:unacc    1:unacc       0.997 (high,vhigh,5more,4,med,low)
    56    1:unacc    1:unacc       0.997 (high,high,4,2,small,med)
    57    1:unacc    1:unacc       0.997 (med,vhigh,4,2,med,low)
    58    1:unacc    1:unacc       0.997 (high,low,5more,2,med,med)
    59    1:unacc    1:unacc       0.997 (low,med,4,2,big,low)
    60    1:unacc    1:unacc       0.997 (low,vhigh,3,2,small,med)
    61    1:unacc    1:unacc       0.997 (high,high,2,2,big,med)
    62    1:unacc    1:unacc       0.997 (med,med,4,4,big,low)
    63    1:unacc    1:unacc       0.997 (high,high,2,2,big,low)
    64    1:unacc    1:unacc       0.997 (high,high,3,2,small,high)
    65    1:unacc    1:unacc       0.997 (med,low,5more,more,small,low)
    66    1:unacc    1:unacc       0.997 (high,vhigh,5more,4,small,low)
    67    1:unacc    1:unacc       0.997 (high,med,5more,more,med,low)
    68    1:unacc    1:unacc       0.997 (low,high,3,more,small,low)
    69    1:unacc    1:unacc       0.997 (low,high,5more,4,small,low)
    70    1:unacc    1:unacc       0.997 (med,vhigh,4,2,big,low)
    71    1:unacc    1:unacc       0.997 (med,med,3,more,med,low)
    72    1:unacc      2:acc   +   0.707 (high,high,2,more,med,med)
    73    1:unacc    1:unacc       0.997 (high,high,3,4,med,low)
    74    1:unacc    1:unacc       0.997 (high,high,2,4,small,low)
    75    1:unacc    1:unacc       0.997 (low,high,3,2,big,med)
    76    1:unacc    1:unacc       0.997 (high,low,2,2,big,high)
    77    1:unacc    1:unacc       0.997 (high,vhigh,2,4,big,low)
    78    1:unacc    1:unacc       0.997 (high,vhigh,2,2,med,med)
    79    1:unacc    1:unacc       0.997 (low,low,3,2,small,high)
    80    1:unacc    1:unacc       0.997 (high,vhigh,5more,more,big,low)
    81    1:unacc    1:unacc       0.997 (low,med,3,2,small,med)
    82    1:unacc    1:unacc       0.997 (low,low,4,more,med,low)
    83    1:unacc    1:unacc       0.997 (high,med,3,2,small,med)
    84    1:unacc    1:unacc       0.997 (low,med,3,more,med,low)
    85    1:unacc    1:unacc       0.997 (high,med,2,2,big,high)
    86    1:unacc    1:unacc       0.997 (high,med,3,2,med,low)
    87    1:unacc    1:unacc       0.997 (high,med,2,2,big,med)
    88    1:unacc    1:unacc       0.997 (med,vhigh,2,2,big,low)
    89    1:unacc    1:unacc       0.997 (high,vhigh,2,2,med,high)
    90    1:unacc    1:unacc       0.997 (high,vhigh,4,2,big,med)
    91    4:vgood     3:good   +   1 (low,med,5more,4,med,high)
    92    4:vgood    4:vgood       0.714 (low,med,4,4,big,high)
    93    4:vgood      2:acc   +   0.842 (med,med,4,4,big,high)
    94    4:vgood      2:acc   +   0.842 (med,med,4,4,med,high)
    95    4:vgood    4:vgood       0.714 (low,low,5more,4,big,high)
    96    4:vgood      2:acc   +   0.842 (med,med,5more,4,med,high)
    97    4:vgood    4:vgood       0.533 (low,med,5more,more,med,high)
    98      2:acc      2:acc       0.909 (vhigh,low,4,more,big,med)
    99      2:acc      2:acc       0.909 (low,high,2,more,big,med)
   100      2:acc      2:acc       0.667 (low,med,3,4,med,med)
   101      2:acc      2:acc       0.722 (high,high,2,more,med,high)
   102      2:acc    4:vgood   +   0.7 (med,med,4,more,small,high)
   103      2:acc      2:acc       0.909 (med,med,5more,more,big,med)
   104      2:acc      2:acc       0.667 (low,high,3,4,small,med)
   105      2:acc      2:acc       0.909 (high,high,4,more,big,med)
   106      2:acc      2:acc       0.842 (high,low,3,4,big,high)
   107      2:acc      2:acc       0.722 (vhigh,low,2,more,big,high)
   108      2:acc      2:acc       0.8 (high,med,4,4,med,med)
   109      2:acc      2:acc       0.8 (vhigh,low,4,4,med,med)
   110      2:acc      2:acc       0.842 (med,med,4,4,small,high)
   111      2:acc      2:acc       0.722 (high,low,3,more,med,high)
   112      2:acc      2:acc       0.842 (high,low,3,4,small,high)
   113      2:acc      2:acc       0.909 (vhigh,low,3,more,big,med)
   114      2:acc      2:acc       0.842 (high,high,2,4,small,high)
   115      2:acc     3:good   +   0.636 (med,low,4,more,small,med)
   116      2:acc      2:acc       0.722 (high,high,5more,more,med,high)
   117      2:acc      2:acc       0.842 (high,med,4,4,med,high)
   118      2:acc      2:acc       0.842 (med,high,3,4,med,high)
   119      2:acc      2:acc       0.886 (med,med,4,4,big,med)
   120      2:acc      2:acc       0.722 (high,low,4,more,big,high)
   121      2:acc      2:acc       0.842 (high,low,5more,4,med,high)
   122      2:acc      2:acc       0.886 (med,vhigh,5more,4,big,med)
   123      2:acc      2:acc       0.722 (high,med,5more,more,med,high)
   124      2:acc      2:acc       0.842 (low,high,4,4,small,high)
   125      2:acc      2:acc       0.886 (low,high,5more,4,big,med)
   126      2:acc      2:acc       0.886 (med,vhigh,3,4,big,med)
   127      2:acc    1:unacc   +   0.997 (med,med,4,more,small,med)
   128      2:acc      2:acc       0.722 (med,high,3,more,med,high)
   129      2:acc      2:acc       0.909 (high,high,5more,more,big,med)
   130      2:acc      2:acc       0.707 (high,low,5more,more,med,med)
   131      2:acc    4:vgood   +   0.7 (med,med,5more,more,small,high)
   132     3:good     3:good       0.7 (low,med,3,more,big,med)
   133     3:good     3:good       1 (low,med,3,4,med,high)
   134     3:good     3:good       1 (low,low,2,more,big,med)
   135     3:good     3:good       0.667 (med,low,3,4,small,high)
   136     3:good     3:good       0.667 (med,low,2,4,med,high)
   137     3:good      2:acc   +   0.722 (low,med,3,more,small,high)
   138     3:good      2:acc   +   0.707 (low,low,3,more,med,med)
     1    1:unacc    1:unacc       0.996 (high,high,3,more,small,med)
     2    1:unacc    1:unacc       0.996 (high,low,3,4,med,low)
     3    1:unacc    1:unacc       0.996 (med,high,4,more,small,med)
     4    1:unacc    1:unacc       0.996 (med,low,4,2,med,med)
     5    1:unacc    1:unacc       0.996 (high,vhigh,4,2,med,high)
     6    1:unacc    1:unacc       0.996 (med,vhigh,5more,2,med,high)
     7    1:unacc    1:unacc       0.996 (low,med,3,2,small,low)
     8    1:unacc    1:unacc       0.996 (low,med,5more,more,small,low)
     9    1:unacc    1:unacc       0.996 (low,high,5more,2,big,low)
    10    1:unacc    1:unacc       0.996 (vhigh,low,4,more,big,low)
    11    1:unacc    1:unacc       0.996 (med,vhigh,3,more,small,low)
    12    1:unacc    1:unacc       0.996 (low,high,5more,4,med,low)
    13    1:unacc    1:unacc       0.996 (high,med,2,4,med,med)
    14    1:unacc    1:unacc       0.996 (med,high,5more,2,big,low)
    15    1:unacc    1:unacc       0.996 (med,med,2,2,big,low)
    16    1:unacc    1:unacc       0.996 (low,med,3,4,med,low)
    17    1:unacc    1:unacc       0.996 (med,low,4,4,med,low)
    18    1:unacc    1:unacc       0.996 (low,high,2,more,big,low)
    19    1:unacc    1:unacc       0.996 (med,med,3,2,med,low)
    20    1:unacc    1:unacc       0.996 (med,med,4,2,med,high)
    21    1:unacc    1:unacc       0.996 (low,vhigh,3,2,big,low)
    22    1:unacc    1:unacc       0.996 (low,vhigh,3,2,small,high)
    23    1:unacc    1:unacc       0.996 (high,vhigh,5more,more,small,med)
    24    1:unacc    1:unacc       0.996 (vhigh,low,4,4,big,low)
    25    1:unacc    1:unacc       0.996 (med,vhigh,2,2,big,med)
    26    1:unacc    1:unacc       0.996 (high,med,3,more,small,med)
    27    1:unacc    1:unacc       0.996 (high,high,3,2,big,low)
    28    1:unacc    1:unacc       0.996 (low,high,2,2,big,high)
    29    1:unacc    1:unacc       0.996 (med,vhigh,3,2,med,high)
    30    1:unacc      2:acc   +   0.714 (high,vhigh,5more,more,med,med)
    31    1:unacc    1:unacc       0.996 (med,high,4,2,small,high)
    32    1:unacc    1:unacc       0.996 (high,med,3,4,med,med)
    33    1:unacc    1:unacc       0.996 (low,low,2,2,big,low)
    34    1:unacc    1:unacc       0.996 (med,high,2,more,big,low)
    35    1:unacc    1:unacc       0.996 (high,low,5more,2,small,low)
    36    1:unacc    1:unacc       0.996 (low,vhigh,5more,2,small,low)
    37    1:unacc    1:unacc       0.996 (high,high,2,more,med,low)
    38    1:unacc    1:unacc       0.996 (high,med,5more,2,big,high)
    39    1:unacc    1:unacc       0.996 (med,vhigh,5more,2,small,low)
    40    1:unacc    1:unacc       0.996 (med,low,3,2,big,low)
    41    1:unacc    1:unacc       0.996 (low,vhigh,2,2,med,high)
    42    1:unacc    1:unacc       0.996 (high,high,4,4,big,low)
    43    1:unacc    1:unacc       0.996 (high,low,3,4,small,low)
    44    1:unacc    1:unacc       0.996 (low,high,5more,more,med,low)
    45    1:unacc    1:unacc       0.996 (high,med,3,more,big,low)
    46    1:unacc    1:unacc       0.996 (high,high,5more,more,small,low)
    47    1:unacc    1:unacc       0.996 (med,low,4,4,big,low)
    48    1:unacc    1:unacc       0.996 (low,low,5more,4,med,low)
    49    1:unacc    1:unacc       0.996 (low,vhigh,5more,2,big,med)
    50    1:unacc    1:unacc       0.996 (low,high,3,2,med,low)
    51    1:unacc    1:unacc       0.996 (low,high,3,2,small,med)
    52    1:unacc    1:unacc       0.996 (high,low,5more,4,small,med)
    53    1:unacc    1:unacc       0.996 (low,low,3,4,small,low)
    54    1:unacc    1:unacc       0.996 (high,med,3,4,small,low)
    55    1:unacc    1:unacc       0.996 (vhigh,low,5more,more,big,low)
    56    1:unacc      2:acc   +   0.692 (low,vhigh,4,4,small,med)
    57    1:unacc    1:unacc       0.996 (med,high,3,2,big,med)
    58    1:unacc      2:acc   +   0.6 (low,vhigh,3,more,small,med)
    59    1:unacc    1:unacc       0.996 (med,vhigh,3,2,big,low)
    60    1:unacc    1:unacc       0.996 (low,vhigh,5more,2,big,high)
    61    1:unacc    1:unacc       0.996 (high,med,2,4,small,low)
    62    1:unacc    1:unacc       0.996 (low,med,2,more,big,low)
    63    1:unacc    1:unacc       0.996 (high,high,2,2,small,med)
    64    1:unacc    1:unacc       0.996 (high,high,2,4,big,low)
    65    1:unacc    1:unacc       0.996 (low,med,3,2,big,med)
    66    1:unacc    1:unacc       0.996 (low,high,5more,2,big,med)
    67    1:unacc    1:unacc       0.996 (high,vhigh,3,4,small,low)
    68    1:unacc    1:unacc       0.996 (low,med,5more,2,med,med)
    69    1:unacc    1:unacc       0.996 (med,med,3,2,small,high)
    70    1:unacc    1:unacc       0.996 (med,vhigh,3,2,med,low)
    71    1:unacc    1:unacc       0.996 (high,med,3,4,med,low)
    72    1:unacc    1:unacc       0.996 (low,med,2,2,med,high)
    73    1:unacc    1:unacc       0.996 (low,high,3,4,big,low)
    74    1:unacc    1:unacc       0.996 (high,vhigh,3,4,med,high)
    75    1:unacc    1:unacc       0.996 (med,med,2,2,med,low)
    76    1:unacc    1:unacc       0.996 (high,high,2,2,med,med)
    77    1:unacc    1:unacc       0.996 (low,high,2,2,big,med)
    78    1:unacc    1:unacc       0.996 (high,vhigh,4,2,med,med)
    79    1:unacc    1:unacc       0.996 (med,vhigh,4,4,med,low)
    80    1:unacc    1:unacc       0.996 (low,high,5more,more,small,low)
    81    1:unacc    1:unacc       0.996 (med,low,4,more,big,low)
    82    1:unacc    1:unacc       0.996 (low,low,5more,2,med,high)
    83    1:unacc    1:unacc       0.996 (med,med,4,4,small,low)
    84    1:unacc    1:unacc       0.996 (high,high,3,2,big,high)
    85    1:unacc    1:unacc       0.996 (vhigh,low,3,2,big,low)
    86    1:unacc    1:unacc       0.996 (med,med,2,more,med,low)
    87    1:unacc    1:unacc       0.996 (low,high,4,2,small,low)
    88    1:unacc    1:unacc       0.996 (vhigh,low,3,2,med,high)
    89    1:unacc    1:unacc       0.996 (low,vhigh,4,4,small,low)
    90    1:unacc    1:unacc       0.996 (low,med,3,2,small,high)
    91    4:vgood      2:acc   +   0.731 (med,med,4,more,med,high)
    92    4:vgood     3:good   +   0.857 (med,low,4,4,med,high)
    93    4:vgood    4:vgood       0.636 (low,high,4,more,med,high)
    94    4:vgood    4:vgood       0.786 (low,high,4,4,big,high)
    95    4:vgood    4:vgood       0.636 (low,high,3,more,med,high)
    96    4:vgood    4:vgood       1 (med,low,4,4,big,high)
    97    4:vgood    4:vgood       0.786 (low,high,2,more,big,high)
    98      2:acc      2:acc       0.731 (med,vhigh,2,more,med,high)
    99      2:acc    4:vgood   +   0.786 (low,vhigh,5more,more,big,high)
   100      2:acc      2:acc       0.692 (low,med,2,4,med,med)
   101      2:acc      2:acc       1 (high,low,4,4,small,high)
   102      2:acc      2:acc       0.731 (vhigh,low,2,more,med,high)
   103      2:acc      2:acc       0.964 (high,high,5more,4,big,high)
   104      2:acc      2:acc       0.731 (high,high,4,more,big,high)
   105      2:acc      2:acc       0.833 (high,med,5more,4,med,med)
   106      2:acc      2:acc       0.692 (low,med,3,4,small,med)
   107      2:acc      2:acc       0.889 (med,med,2,more,big,med)
   108      2:acc      2:acc       1 (high,low,2,4,big,high)
   109      2:acc      2:acc       0.692 (low,low,5more,4,small,med)
   110      2:acc      2:acc       0.714 (vhigh,low,5more,more,med,med)
   111      2:acc      2:acc       0.731 (high,high,5more,more,small,high)
   112      2:acc      2:acc       0.714 (low,high,5more,more,med,med)
   113      2:acc      2:acc       0.889 (med,vhigh,2,more,big,med)
   114      2:acc      2:acc       0.731 (high,high,3,more,med,high)
   115      2:acc    4:vgood   +   0.636 (low,vhigh,4,more,med,high)
   116      2:acc      2:acc       0.889 (low,vhigh,2,more,big,med)
   117      2:acc      2:acc       1 (med,med,5more,4,med,med)
   118      2:acc      2:acc       0.692 (low,high,4,4,med,med)
   119      2:acc      2:acc       0.889 (med,vhigh,4,more,big,med)
   120      2:acc      2:acc       0.964 (med,high,3,4,small,high)
   121      2:acc    4:vgood   +   0.786 (low,vhigh,3,4,big,high)
   122      2:acc      2:acc       0.731 (high,high,4,more,small,high)
   123      2:acc      2:acc       0.892 (low,vhigh,2,4,big,med)
   124      2:acc    4:vgood   +   0.636 (low,vhigh,3,more,med,high)
   125      2:acc      2:acc       0.731 (high,low,5more,more,big,high)
   126      2:acc      2:acc       0.731 (vhigh,low,3,more,med,high)
   127      2:acc      2:acc       0.892 (high,high,3,4,big,med)
   128      2:acc      2:acc       0.964 (med,high,5more,4,big,high)
   129      2:acc      2:acc       0.714 (high,med,5more,more,med,med)
   130      2:acc      2:acc       0.714 (low,vhigh,3,more,med,med)
   131      2:acc      2:acc       1 (high,med,5more,4,big,high)
   132     3:good    4:vgood   +   0.636 (low,med,2,more,med,high)
   133     3:good     3:good       0.6 (low,low,4,more,big,med)
   134     3:good      2:acc   +   0.731 (low,low,3,more,small,high)
   135     3:good     3:good       1 (low,med,5more,more,big,med)
   136     3:good    4:vgood   +   0.636 (med,low,4,more,small,high)
   137     3:good     3:good       0.6 (low,low,4,4,big,med)
   138     3:good      2:acc   +   0.692 (low,low,5more,4,med,med)
     1    1:unacc      2:acc   +   0.786 (high,vhigh,4,more,big,high)
     2    1:unacc    1:unacc       0.997 (vhigh,low,5more,4,big,low)
     3    1:unacc    1:unacc       0.997 (med,high,3,2,big,low)
     4    1:unacc    1:unacc       0.997 (med,vhigh,3,4,med,med)
     5    1:unacc    1:unacc       0.997 (med,high,2,more,med,low)
     6    1:unacc    1:unacc       0.997 (high,vhigh,2,4,med,low)
     7    1:unacc    1:unacc       0.997 (low,vhigh,3,2,small,low)
     8    1:unacc    1:unacc       0.997 (med,low,5more,4,small,low)
     9    1:unacc    1:unacc       0.997 (med,med,4,2,big,low)
    10    1:unacc    1:unacc       0.997 (med,low,2,2,big,low)
    11    1:unacc    1:unacc       0.997 (low,vhigh,2,4,med,low)
    12    1:unacc    1:unacc       0.997 (high,med,5more,2,big,med)
    13    1:unacc    1:unacc       0.997 (high,high,4,4,small,low)
    14    1:unacc    1:unacc       0.997 (low,med,2,2,med,low)
    15    1:unacc    1:unacc       0.997 (high,med,5more,4,med,low)
    16    1:unacc    1:unacc       0.997 (med,low,2,2,med,high)
    17    1:unacc    1:unacc       0.997 (med,high,5more,2,small,med)
    18    1:unacc    1:unacc       0.997 (low,vhigh,2,2,small,high)
    19    1:unacc    1:unacc       0.997 (low,low,2,2,small,high)
    20    1:unacc    1:unacc       0.997 (med,med,2,2,med,high)
    21    1:unacc    1:unacc       0.997 (high,low,5more,more,small,med)
    22    1:unacc    1:unacc       0.997 (high,med,3,more,small,low)
    23    1:unacc    1:unacc       0.997 (med,vhigh,3,4,med,low)
    24    1:unacc    1:unacc       0.997 (high,vhigh,4,4,small,low)
    25    1:unacc    1:unacc       0.997 (high,high,3,4,med,med)
    26    1:unacc      2:acc   +   0.802 (high,vhigh,2,4,big,high)
    27    1:unacc      2:acc   +   0.692 (high,low,2,more,med,med)
    28    1:unacc    1:unacc       0.997 (low,low,2,2,med,med)
    29    1:unacc    1:unacc       0.997 (high,low,4,2,big,low)
    30    1:unacc    1:unacc       0.997 (med,low,4,2,big,low)
    31    1:unacc    1:unacc       0.997 (high,low,2,4,med,low)
    32    1:unacc    1:unacc       0.997 (med,vhigh,2,2,big,high)
    33    1:unacc    1:unacc       0.997 (high,med,4,2,small,med)
    34    1:unacc    1:unacc       0.997 (low,high,5more,2,med,low)
    35    1:unacc    1:unacc       0.997 (high,med,2,4,small,med)
    36    1:unacc    1:unacc       0.997 (med,med,4,2,small,low)
    37    1:unacc    1:unacc       0.997 (vhigh,low,4,more,small,low)
    38    1:unacc    1:unacc       0.997 (high,low,3,2,big,low)
    39    1:unacc    1:unacc       0.997 (high,med,4,2,big,med)
    40    1:unacc    1:unacc       0.997 (high,high,3,2,small,med)
    41    1:unacc    1:unacc       0.997 (high,low,2,more,small,med)
    42    1:unacc    1:unacc       0.997 (high,high,2,more,big,low)
    43    1:unacc    1:unacc       0.997 (high,med,5more,more,big,low)
    44    1:unacc    1:unacc       0.997 (high,med,2,4,med,low)
    45    1:unacc    1:unacc       0.997 (low,low,4,2,small,med)
    46    1:unacc    1:unacc       0.997 (high,vhigh,2,4,small,med)
    47    1:unacc    1:unacc       0.997 (low,vhigh,3,2,big,high)
    48    1:unacc      2:acc   +   0.912 (high,vhigh,5more,more,big,med)
    49    1:unacc    1:unacc       0.997 (low,high,5more,4,big,low)
    50    1:unacc    1:unacc       0.997 (med,med,5more,2,big,low)
    51    1:unacc    1:unacc       0.997 (high,high,5more,4,small,low)
    52    1:unacc    1:unacc       0.997 (low,med,2,2,small,high)
    53    1:unacc    1:unacc       0.997 (high,low,2,4,small,med)
    54    1:unacc    1:unacc       0.997 (vhigh,low,5more,2,small,low)
    55    1:unacc      2:acc   +   0.786 (high,vhigh,3,more,big,high)
    56    1:unacc      2:acc   +   0.802 (high,vhigh,2,4,med,high)
    57    1:unacc     3:good   +   0.667 (low,low,4,2,big,med)
    58    1:unacc    1:unacc       0.997 (high,med,2,more,small,med)
    59    1:unacc    1:unacc       0.997 (vhigh,low,4,4,med,low)
    60    1:unacc    1:unacc       0.997 (low,med,5more,more,big,low)
    61    1:unacc    1:unacc       0.997 (high,low,4,more,small,med)
    62    1:unacc    1:unacc       0.997 (vhigh,low,2,more,big,low)
    63    1:unacc    1:unacc       0.997 (high,med,2,more,med,low)
    64    1:unacc    1:unacc       0.997 (med,high,5more,more,small,low)
    65    1:unacc    1:unacc       0.997 (high,high,3,2,med,med)
    66    1:unacc    1:unacc       0.997 (high,high,5more,4,small,med)
    67    1:unacc      2:acc   +   0.75 (high,vhigh,5more,4,med,med)
    68    1:unacc      2:acc   +   0.919 (high,vhigh,5more,4,big,med)
    69    1:unacc    1:unacc       0.997 (med,vhigh,3,2,med,med)
    70    1:unacc    1:unacc       0.997 (high,low,2,2,med,low)
    71    1:unacc    1:unacc       0.997 (med,vhigh,5more,2,med,low)
    72    1:unacc    1:unacc       0.997 (high,high,3,2,med,low)
    73    1:unacc    1:unacc       0.997 (med,high,4,2,big,med)
    74    1:unacc    1:unacc       0.997 (med,low,4,2,med,high)
    75    1:unacc     3:good   +   1 (low,med,2,more,small,high)
    76    1:unacc    1:unacc       0.997 (med,high,4,4,small,low)
    77    1:unacc    1:unacc       0.997 (high,med,5more,2,small,low)
    78    1:unacc      2:acc   +   0.692 (high,med,2,more,med,med)
    79    1:unacc      2:acc   +   0.692 (low,vhigh,2,more,med,med)
    80    1:unacc    1:unacc       0.997 (high,vhigh,4,more,small,med)
    81    1:unacc    1:unacc       0.997 (low,high,5more,2,big,high)
    82    1:unacc    1:unacc       0.997 (low,vhigh,2,2,big,low)
    83    1:unacc    1:unacc       0.997 (vhigh,low,3,more,small,low)
    84    1:unacc    1:unacc       0.997 (med,high,5more,4,big,low)
    85    1:unacc      2:acc   +   0.6 (low,vhigh,5more,more,small,med)
    86    1:unacc    1:unacc       0.997 (low,vhigh,3,more,small,low)
    87    1:unacc    1:unacc       0.997 (low,med,2,2,small,low)
    88    1:unacc    1:unacc       0.997 (med,high,2,4,med,med)
    89    1:unacc    1:unacc       0.997 (high,high,5more,2,med,med)
    90    1:unacc    1:unacc       0.997 (high,low,3,2,big,high)
    91    4:vgood    4:vgood       0.75 (low,med,2,4,big,high)
    92    4:vgood    4:vgood       0.75 (low,high,5more,4,big,high)
    93    4:vgood      2:acc   +   0.802 (med,low,5more,4,big,high)
    94    4:vgood    4:vgood       0.75 (low,low,3,4,big,high)
    95    4:vgood    4:vgood       0.538 (low,med,4,more,med,high)
    96    4:vgood     3:good   +   0.571 (med,low,3,more,med,high)
    97    4:vgood    4:vgood       0.538 (low,high,5more,more,med,high)
    98      2:acc      2:acc       0.786 (med,high,2,more,big,high)
    99      2:acc      2:acc       0.802 (low,vhigh,3,4,small,high)
   100      2:acc      2:acc       0.786 (low,vhigh,4,more,small,high)
   101      2:acc      2:acc       0.802 (med,vhigh,2,4,med,high)
   102      2:acc    4:vgood   +   0.538 (low,vhigh,2,more,med,high)
   103      2:acc      2:acc       0.786 (high,med,3,more,med,high)
   104      2:acc      2:acc       0.786 (vhigh,low,4,more,big,high)
   105      2:acc      2:acc       0.802 (high,med,3,4,big,high)
   106      2:acc      2:acc       0.912 (high,high,2,more,big,med)
   107      2:acc      2:acc       0.912 (med,vhigh,5more,more,big,med)
   108      2:acc      2:acc       0.786 (med,vhigh,2,more,big,high)
   109      2:acc      2:acc       0.692 (high,high,5more,more,med,med)
   110      2:acc      2:acc       0.786 (high,med,3,more,big,high)
   111      2:acc      2:acc       0.912 (med,med,4,more,big,med)
   112      2:acc      2:acc       0.919 (high,high,5more,4,big,med)
   113      2:acc      2:acc       0.802 (med,high,2,4,med,high)
   114      2:acc      2:acc       0.786 (med,high,4,more,small,high)
   115      2:acc      2:acc       0.692 (low,high,4,more,med,med)
   116      2:acc      2:acc       0.786 (med,vhigh,3,more,big,high)
   117      2:acc      2:acc       0.786 (high,low,4,more,small,high)
   118      2:acc      2:acc       0.802 (med,vhigh,5more,4,small,high)
   119      2:acc    4:vgood   +   0.75 (low,vhigh,2,4,big,high)
   120      2:acc      2:acc       0.802 (vhigh,low,5more,4,med,high)
   121      2:acc      2:acc       0.802 (med,high,2,4,big,high)
   122      2:acc      2:acc       0.692 (high,high,3,more,med,med)
   123      2:acc      2:acc       0.912 (high,high,3,more,big,med)
   124      2:acc      2:acc       0.802 (low,vhigh,4,4,small,high)
   125      2:acc      2:acc       0.802 (high,med,4,4,big,high)
   126      2:acc      2:acc       0.912 (low,high,5more,more,big,med)
   127      2:acc      2:acc       0.692 (high,low,4,more,med,med)
   128      2:acc      2:acc       0.75 (med,high,5more,4,med,med)
   129      2:acc      2:acc       0.802 (med,vhigh,4,4,big,high)
   130      2:acc      2:acc       1 (med,med,2,4,small,med)
   131      2:acc    4:vgood   +   1 (low,vhigh,5more,4,med,high)
   132     3:good      2:acc   +   0.692 (med,low,5more,more,med,med)
   133     3:good     3:good       1 (med,low,5more,more,big,med)
   134     3:good     3:good       0.667 (low,low,3,4,big,med)
   135     3:good      2:acc   +   0.692 (low,med,4,more,med,med)
   136     3:good     3:good       1 (med,low,3,more,big,med)
   137     3:good     3:good       0.667 (low,low,5more,4,big,med)
   138     3:good     3:good       1 (med,low,4,4,big,med)
     1    1:unacc    1:unacc       0.996 (med,high,2,more,small,med)
     2    1:unacc    1:unacc       0.996 (med,vhigh,4,2,med,high)
     3    1:unacc    1:unacc       0.996 (low,med,4,2,small,high)
     4    1:unacc    1:unacc       0.996 (low,med,2,more,small,low)
     5    1:unacc    1:unacc       0.996 (low,low,5more,2,big,low)
     6    1:unacc    1:unacc       0.996 (med,low,4,more,med,low)
     7    1:unacc    1:unacc       0.996 (vhigh,low,3,4,small,low)
     8    1:unacc    1:unacc       0.996 (low,vhigh,2,2,med,low)
     9    1:unacc    1:unacc       0.996 (med,low,3,2,small,med)
    10    1:unacc    1:unacc       0.996 (high,high,4,4,small,med)
    11    1:unacc    1:unacc       0.996 (low,vhigh,4,4,big,low)
    12    1:unacc    1:unacc       0.996 (high,vhigh,2,more,small,high)
    13    1:unacc    1:unacc       0.996 (vhigh,low,5more,4,med,low)
    14    1:unacc    1:unacc       0.996 (med,vhigh,2,4,small,med)
    15    1:unacc    1:unacc       0.996 (low,med,4,4,small,low)
    16    1:unacc    1:unacc       0.996 (med,vhigh,3,4,small,med)
    17    1:unacc    1:unacc       0.996 (low,vhigh,5more,4,small,low)
    18    1:unacc    1:unacc       0.996 (low,low,4,2,small,low)
    19    1:unacc    1:unacc       0.996 (high,med,3,2,big,med)
    20    1:unacc    1:unacc       0.996 (med,vhigh,2,2,small,med)
    21    1:unacc    1:unacc       0.996 (high,med,4,more,small,med)
    22    1:unacc    1:unacc       0.996 (high,low,4,2,small,high)
    23    1:unacc      2:acc   +   0.913 (high,high,2,more,small,high)
    24    1:unacc    1:unacc       0.996 (high,vhigh,5more,4,med,high)
    25    1:unacc    1:unacc       0.996 (high,vhigh,4,2,small,med)
    26    1:unacc    1:unacc       0.996 (vhigh,low,3,4,med,med)
    27    1:unacc    1:unacc       0.996 (high,vhigh,5more,more,small,low)
    28    1:unacc    1:unacc       0.996 (med,high,2,4,small,med)
    29    1:unacc    1:unacc       0.996 (low,low,3,more,small,low)
    30    1:unacc    1:unacc       0.996 (low,high,4,2,med,med)
    31    1:unacc    1:unacc       0.996 (high,low,2,2,med,med)
    32    1:unacc    1:unacc       0.996 (high,med,5more,2,big,low)
    33    1:unacc    1:unacc       0.996 (med,med,5more,2,small,med)
    34    1:unacc    1:unacc       0.996 (high,high,3,4,small,med)
    35    1:unacc    1:unacc       0.996 (med,high,5more,2,med,low)
    36    1:unacc    1:unacc       0.996 (low,vhigh,2,2,big,med)
    37    1:unacc    1:unacc       0.996 (vhigh,low,3,2,small,low)
    38    1:unacc    1:unacc       0.996 (high,high,3,2,big,med)
    39    1:unacc    1:unacc       0.996 (med,high,5more,2,med,high)
    40    1:unacc    1:unacc       0.996 (med,low,2,more,small,low)
    41    1:unacc    1:unacc       0.996 (vhigh,low,3,more,med,low)
    42    1:unacc    1:unacc       0.996 (high,vhigh,2,2,big,high)
    43    1:unacc    1:unacc       0.996 (low,med,5more,4,med,low)
    44    1:unacc    1:unacc       0.996 (low,vhigh,4,2,small,high)
    45    1:unacc    1:unacc       0.996 (low,high,3,more,med,low)
    46    1:unacc    1:unacc       0.996 (low,med,5more,2,small,low)
    47    1:unacc    1:unacc       0.996 (high,low,3,2,med,high)
    48    1:unacc    4:vgood   +   0.7 (med,low,2,2,big,high)
    49    1:unacc    1:unacc       0.996 (low,low,4,2,big,low)
    50    1:unacc    1:unacc       0.996 (low,med,5more,2,big,low)
    51    1:unacc      2:acc   +   0.714 (low,vhigh,2,4,small,med)
    52    1:unacc    1:unacc       0.996 (high,vhigh,2,more,small,low)
    53    1:unacc    1:unacc       0.996 (med,med,2,more,small,low)
    54    1:unacc    1:unacc       0.996 (med,low,5more,more,big,low)
    55    1:unacc    1:unacc       0.996 (high,med,2,more,small,low)
    56    1:unacc    1:unacc       0.996 (low,low,4,2,med,low)
    57    1:unacc    1:unacc       0.996 (high,high,4,more,big,low)
    58    1:unacc    1:unacc       0.996 (med,low,5more,more,med,low)
    59    1:unacc    1:unacc       0.996 (high,low,5more,2,big,med)
    60    1:unacc    1:unacc       0.996 (vhigh,low,4,2,big,low)
    61    1:unacc    1:unacc       0.996 (low,low,4,more,small,low)
    62    1:unacc    1:unacc       0.996 (high,high,4,2,med,low)
    63    1:unacc    1:unacc       0.996 (vhigh,low,4,more,small,med)
    64    1:unacc    1:unacc       0.996 (med,vhigh,2,2,small,high)
    65    1:unacc    1:unacc       0.996 (med,vhigh,2,2,med,med)
    66    1:unacc    1:unacc       0.996 (vhigh,low,3,2,big,high)
    67    1:unacc    1:unacc       0.996 (low,high,4,2,big,med)
    68    1:unacc    1:unacc       0.996 (high,vhigh,2,2,med,low)
    69    1:unacc    1:unacc       0.996 (low,med,2,4,med,low)
    70    1:unacc    1:unacc       0.996 (low,high,5more,2,small,med)
    71    1:unacc    1:unacc       0.996 (med,med,5more,2,small,low)
    72    1:unacc    1:unacc       0.996 (low,med,2,more,med,low)
    73    1:unacc    1:unacc       0.996 (med,vhigh,5more,more,med,low)
    74    1:unacc    1:unacc       0.996 (low,med,2,2,med,med)
    75    1:unacc    1:unacc       0.996 (med,high,2,2,small,med)
    76    1:unacc    1:unacc       0.996 (low,vhigh,3,2,med,low)
    77    1:unacc    1:unacc       0.996 (med,med,3,2,med,med)
    78    1:unacc    1:unacc       0.996 (high,med,4,4,med,low)
    79    1:unacc    1:unacc       0.996 (low,low,3,2,med,med)
    80    1:unacc    1:unacc       0.996 (low,low,5more,4,small,low)
    81    1:unacc    1:unacc       0.996 (high,med,5more,more,small,med)
    82    1:unacc    1:unacc       0.996 (low,high,2,more,med,low)
    83    1:unacc    1:unacc       0.996 (low,low,5more,2,med,low)
    84    1:unacc    1:unacc       0.996 (low,low,3,2,small,low)
    85    1:unacc    1:unacc       0.996 (med,high,2,4,big,low)
    86    1:unacc    1:unacc       0.996 (low,high,4,4,small,low)
    87    1:unacc    1:unacc       0.996 (med,vhigh,5more,4,small,low)
    88    1:unacc    1:unacc       0.996 (low,high,3,4,med,low)
    89    1:unacc    1:unacc       0.996 (vhigh,low,3,more,small,med)
    90    1:unacc      2:acc   +   0.714 (low,vhigh,5more,4,small,med)
    91    4:vgood    4:vgood       1 (med,med,5more,4,big,high)
    92    4:vgood    4:vgood       1 (low,med,4,4,med,high)
    93    4:vgood    4:vgood       0.7 (med,low,2,more,big,high)
    94    4:vgood    4:vgood       0.714 (low,med,4,more,big,high)
    95    4:vgood     3:good   +   0.857 (med,low,5more,4,med,high)
    96    4:vgood    4:vgood       0.714 (low,low,2,more,big,high)
    97    4:vgood     3:good   +   0.571 (med,low,5more,more,med,high)
    98      2:acc      2:acc       0.889 (med,med,5more,4,small,high)
    99      2:acc    4:vgood   +   0.8 (low,vhigh,4,4,big,high)
   100      2:acc      2:acc       0.95 (vhigh,low,5more,more,small,high)
   101      2:acc      2:acc       0.833 (med,low,2,4,small,med)
   102      2:acc      2:acc       0.95 (vhigh,low,3,more,big,high)
   103      2:acc      2:acc       1 (high,high,5more,4,med,high)
   104      2:acc      2:acc       0.889 (high,low,3,4,big,med)
   105      2:acc      2:acc       1 (high,med,5more,4,med,high)
   106      2:acc      2:acc       0.895 (low,high,4,more,big,med)
   107      2:acc      2:acc       1 (med,high,3,4,big,high)
   108      2:acc      2:acc       0.913 (med,high,3,more,big,high)
   109      2:acc      2:acc       1 (med,med,4,4,med,med)
   110      2:acc      2:acc       0.895 (high,med,5more,more,big,med)
   111      2:acc      2:acc       0.913 (med,high,2,more,med,high)
   112      2:acc      2:acc       0.889 (med,vhigh,3,4,med,high)
   113      2:acc      2:acc       0.714 (low,med,2,4,small,med)
   114      2:acc     3:good   +   0.6 (low,med,5more,more,small,med)
   115      2:acc      2:acc       1 (vhigh,low,5more,4,big,high)
   116      2:acc      2:acc       0.889 (med,high,2,4,big,med)
   117      2:acc      2:acc       0.95 (high,low,3,more,small,high)
   118      2:acc      2:acc       0.909 (high,med,4,more,med,high)
   119      2:acc      2:acc       1 (vhigh,low,3,4,big,high)
   120      2:acc    4:vgood   +   1 (low,vhigh,4,4,med,high)
   121      2:acc      2:acc       0.913 (med,high,5more,more,small,high)
   122      2:acc      2:acc       0.718 (high,high,4,more,med,med)
   123      2:acc     3:good   +   0.636 (med,low,3,more,small,med)
   124      2:acc     3:good   +   0.667 (low,low,4,more,small,med)
   125      2:acc      2:acc       0.913 (med,high,4,more,med,high)
   126      2:acc      2:acc       0.714 (low,med,4,4,small,med)
   127      2:acc     3:good   +   0.667 (low,low,2,more,med,med)
   128      2:acc      2:acc       1 (med,high,4,4,small,high)
   129      2:acc      2:acc       0.889 (vhigh,low,3,4,big,med)
   130      2:acc      2:acc       1 (vhigh,low,4,4,small,high)
   131      2:acc      2:acc       0.867 (med,vhigh,4,more,med,high)
   132     3:good     3:good       1 (low,med,2,4,big,med)
   133     3:good     3:good       1 (low,low,5more,4,small,high)
   134     3:good     3:good       0.667 (low,low,3,more,big,med)
   135     3:good     3:good       1 (low,low,2,4,big,med)
   136     3:good     3:good       1 (low,med,4,4,small,high)
   137     3:good     3:good       1 (med,low,3,4,big,med)
   138     3:good     3:good       0.6 (low,med,4,more,big,med)
     1    1:unacc      2:acc   +   0.7 (high,vhigh,2,more,med,med)
     2    1:unacc    1:unacc       0.996 (med,low,4,2,small,high)
     3    1:unacc    1:unacc       0.996 (high,vhigh,2,more,big,low)
     4    1:unacc    1:unacc       0.996 (vhigh,low,3,4,big,low)
     5    1:unacc    4:vgood   +   0.537 (low,low,3,2,big,high)
     6    1:unacc    1:unacc       0.996 (high,high,4,more,small,med)
     7    1:unacc    1:unacc       0.996 (med,low,2,2,small,low)
     8    1:unacc    1:unacc       0.996 (high,vhigh,4,2,big,low)
     9    1:unacc    1:unacc       0.996 (low,low,2,2,small,med)
    10    1:unacc    1:unacc       0.996 (low,low,2,4,med,low)
    11    1:unacc    1:unacc       0.996 (low,high,2,4,small,low)
    12    1:unacc    1:unacc       0.996 (high,med,4,2,small,low)
    13    1:unacc    1:unacc       0.996 (high,med,4,4,big,low)
    14    1:unacc    1:unacc       0.996 (low,low,3,4,med,low)
    15    1:unacc      2:acc   +   0.868 (high,vhigh,5more,4,big,high)
    16    1:unacc    1:unacc       0.996 (low,vhigh,5more,2,med,med)
    17    1:unacc    1:unacc       0.996 (high,high,3,4,big,low)
    18    1:unacc    1:unacc       0.996 (low,med,2,4,big,low)
    19    1:unacc    1:unacc       0.996 (med,high,3,4,small,low)
    20    1:unacc    1:unacc       0.996 (high,vhigh,3,2,small,low)
    21    1:unacc    1:unacc       0.996 (low,high,4,2,small,med)
    22    1:unacc    1:unacc       0.996 (high,high,4,2,small,high)
    23    1:unacc    1:unacc       0.996 (low,low,4,4,big,low)
    24    1:unacc    1:unacc       0.996 (med,high,3,more,small,low)
    25    1:unacc      2:acc   +   0.7 (high,vhigh,3,more,med,med)
    26    1:unacc    1:unacc       0.996 (med,high,2,2,small,low)
    27    1:unacc    1:unacc       0.996 (high,high,3,more,small,low)
    28    1:unacc    4:vgood   +   0.537 (low,med,5more,2,big,high)
    29    1:unacc    1:unacc       0.996 (med,vhigh,4,2,small,med)
    30    1:unacc    1:unacc       0.996 (low,high,4,2,big,low)
    31    1:unacc    1:unacc       0.996 (high,vhigh,4,more,med,low)
    32    1:unacc    1:unacc       0.996 (high,high,5more,2,med,low)
    33    1:unacc     3:good   +   1 (low,low,4,2,med,med)
    34    1:unacc    1:unacc       0.996 (med,med,4,2,med,low)
    35    1:unacc    1:unacc       0.996 (low,vhigh,4,more,med,low)
    36    1:unacc    1:unacc       0.996 (high,low,2,2,small,med)
    37    1:unacc    1:unacc       0.996 (med,high,5more,more,small,med)
    38    1:unacc    1:unacc       0.996 (high,med,4,more,med,low)
    39    1:unacc    1:unacc       0.996 (low,vhigh,4,2,med,high)
    40    1:unacc    1:unacc       0.996 (med,med,3,more,big,low)
    41    1:unacc    1:unacc       0.996 (med,med,5more,more,small,low)
    42    1:unacc      2:acc   +   0.868 (high,vhigh,4,4,small,high)
    43    1:unacc    1:unacc       0.996 (vhigh,low,4,2,big,high)
    44    1:unacc    1:unacc       0.996 (low,low,5more,2,med,med)
    45    1:unacc    1:unacc       0.996 (med,vhigh,5more,more,big,low)
    46    1:unacc    1:unacc       0.996 (med,med,5more,2,small,high)
    47    1:unacc    1:unacc       0.996 (med,low,2,2,med,med)
    48    1:unacc    1:unacc       0.996 (med,med,4,2,med,med)
    49    1:unacc    1:unacc       0.996 (vhigh,low,5more,2,med,med)
    50    1:unacc    1:unacc       0.996 (high,vhigh,3,2,small,high)
    51    1:unacc    1:unacc       0.996 (med,high,5more,more,big,low)
    52    1:unacc    1:unacc       0.996 (med,vhigh,3,more,small,med)
    53    1:unacc    1:unacc       0.996 (vhigh,low,5more,2,med,high)
    54    1:unacc    1:unacc       0.996 (med,high,5more,2,small,low)
    55    1:unacc     3:good   +   0.727 (low,low,3,2,big,med)
    56    1:unacc    1:unacc       0.996 (low,high,2,2,med,high)
    57    1:unacc    1:unacc       0.996 (high,high,5more,2,small,low)
    58    1:unacc    1:unacc       0.996 (high,vhigh,5more,2,big,high)
    59    1:unacc    1:unacc       0.996 (med,high,3,2,small,high)
    60    1:unacc    1:unacc       0.996 (low,low,2,more,small,low)
    61    1:unacc    1:unacc       0.996 (low,high,3,2,big,low)
    62    1:unacc      2:acc   +   0.69 (med,vhigh,2,more,small,high)
    63    1:unacc    1:unacc       0.996 (med,vhigh,3,more,big,low)
    64    1:unacc    1:unacc       0.996 (med,high,4,more,small,low)
    65    1:unacc    1:unacc       0.996 (high,med,2,2,med,high)
    66    1:unacc    1:unacc       0.996 (low,med,4,2,med,low)
    67    1:unacc    1:unacc       0.996 (low,low,5more,4,big,low)
    68    1:unacc    1:unacc       0.996 (low,med,4,2,med,high)
    69    1:unacc    1:unacc       0.996 (high,med,3,2,small,high)
    70    1:unacc    1:unacc       0.996 (vhigh,low,3,2,small,med)
    71    1:unacc    1:unacc       0.996 (low,high,3,2,med,high)
    72    1:unacc    1:unacc       0.996 (low,vhigh,3,2,big,med)
    73    1:unacc    4:vgood   +   0.537 (low,vhigh,4,2,big,high)
    74    1:unacc    1:unacc       0.996 (low,vhigh,2,2,small,med)
    75    1:unacc    1:unacc       0.996 (med,high,2,2,med,high)
    76    1:unacc    1:unacc       0.996 (med,med,5more,4,small,low)
    77    1:unacc    1:unacc       0.996 (high,med,4,more,big,low)
    78    1:unacc    1:unacc       0.996 (low,high,3,more,big,low)
    79    1:unacc    1:unacc       0.996 (low,vhigh,4,more,small,low)
    80    1:unacc    1:unacc       0.996 (med,high,4,2,med,low)
    81    1:unacc    1:unacc       0.996 (high,low,4,2,big,med)
    82    1:unacc    1:unacc       0.996 (high,high,4,more,med,low)
    83    1:unacc    1:unacc       0.996 (low,vhigh,3,2,med,med)
    84    1:unacc    1:unacc       0.996 (high,high,2,4,med,low)
    85    1:unacc    1:unacc       0.996 (med,vhigh,2,2,small,low)
    86    1:unacc    4:vgood   +   0.7 (med,low,4,2,big,high)
    87    1:unacc    1:unacc       0.996 (high,vhigh,2,more,small,med)
    88    1:unacc    1:unacc       0.996 (low,high,5more,2,small,low)
    89    1:unacc    1:unacc       0.996 (high,low,3,4,big,low)
    90    1:unacc    1:unacc       0.996 (med,med,4,more,small,low)
    91    4:vgood    4:vgood       0.537 (low,high,3,more,big,high)
    92    4:vgood    4:vgood       0.7 (med,low,2,4,big,high)
    93    4:vgood      2:acc   +   0.69 (med,med,3,more,med,high)
    94    4:vgood    4:vgood       1 (med,med,3,4,big,high)
    95    4:vgood      2:acc   +   0.69 (med,med,2,more,big,high)
    96    4:vgood      2:acc   +   0.69 (med,med,3,more,big,high)
    97    4:vgood    4:vgood       0.537 (low,low,2,4,big,high)
    98      2:acc      2:acc       0.868 (high,low,5more,4,big,high)
    99      2:acc      2:acc       0.895 (med,vhigh,3,more,big,med)
   100      2:acc      2:acc       1 (med,med,4,4,small,med)
   101      2:acc      2:acc       0.882 (low,high,3,4,big,med)
   102      2:acc      2:acc       0.868 (med,high,2,4,small,high)
   103      2:acc      2:acc       0.69 (med,vhigh,5more,more,small,high)
   104      2:acc      2:acc       0.7 (med,med,5more,more,med,med)
   105      2:acc      2:acc       0.868 (high,high,2,4,big,high)
   106      2:acc      2:acc       0.69 (med,vhigh,5more,more,med,high)
   107      2:acc      2:acc       0.69 (med,vhigh,3,more,small,high)
   108      2:acc      2:acc       0.69 (low,high,5more,4,small,med)
   109      2:acc      2:acc       0.882 (med,med,5more,4,big,med)
   110      2:acc      2:acc       0.69 (med,med,2,more,med,high)
   111      2:acc      2:acc       0.868 (low,vhigh,5more,4,small,high)
   112      2:acc      2:acc       0.882 (low,high,2,4,big,med)
   113      2:acc    4:vgood   +   0.537 (low,vhigh,4,more,big,high)
   114      2:acc      2:acc       0.7 (med,med,2,more,med,med)
   115      2:acc      2:acc       1 (med,med,3,4,med,med)
   116      2:acc      2:acc       0.69 (high,med,2,more,med,high)
   117      2:acc      2:acc       0.882 (high,med,2,4,big,med)
   118      2:acc      2:acc       0.69 (med,vhigh,4,more,big,high)
   119      2:acc      2:acc       0.833 (med,low,4,4,small,med)
   120      2:acc      2:acc       0.868 (med,vhigh,4,4,small,high)
   121      2:acc      2:acc       0.69 (low,vhigh,5more,4,med,med)
   122      2:acc      2:acc       0.69 (high,low,4,more,med,high)
   123      2:acc      2:acc       0.533 (low,med,4,more,small,med)
   124      2:acc      2:acc       0.882 (med,high,4,4,big,med)
   125      2:acc      2:acc       0.868 (med,high,5more,4,med,high)
   126      2:acc      2:acc       0.895 (low,vhigh,3,more,big,med)
   127      2:acc      2:acc       0.7 (med,high,4,more,med,med)
   128      2:acc      2:acc       0.868 (med,high,4,4,big,high)
   129      2:acc    4:vgood   +   0.537 (low,vhigh,5more,4,big,high)
   130      2:acc      2:acc       0.868 (vhigh,low,4,4,med,high)
   131      2:acc      2:acc       0.833 (high,high,4,4,med,med)
   132     3:good      2:acc   +   0.7 (low,low,5more,more,med,med)
   133     3:good     3:good       1 (low,low,4,4,small,high)
   134     3:good     3:good       1 (med,low,2,4,big,med)
   135     3:good    4:vgood   +   0.6 (low,low,2,more,med,high)
   136     3:good     3:good       1 (low,med,3,4,small,high)
   137     3:good     3:good       1 (low,med,5more,4,big,med)
   138     3:good      2:acc   +   0.7 (low,med,3,more,med,med)
     1    1:unacc    1:unacc       0.995 (med,high,3,2,med,high)
     2    1:unacc    1:unacc       0.995 (low,med,3,4,big,low)
     3    1:unacc    1:unacc       0.995 (med,med,5more,2,med,low)
     4    1:unacc    1:unacc       0.995 (high,vhigh,5more,2,small,high)
     5    1:unacc    1:unacc       0.995 (med,vhigh,5more,2,med,med)
     6    1:unacc    1:unacc       0.995 (high,vhigh,3,4,small,med)
     7    1:unacc    1:unacc       0.995 (high,med,5more,2,med,low)
     8    1:unacc    1:unacc       0.995 (med,vhigh,4,more,big,low)
     9    1:unacc    1:unacc       0.995 (med,low,5more,2,small,med)
    10    1:unacc    1:unacc       0.995 (med,high,3,4,big,low)
    11    1:unacc    1:unacc       0.995 (med,low,2,2,small,med)
    12    1:unacc    1:unacc       0.995 (low,med,3,4,small,low)
    13    1:unacc    1:unacc       0.995 (high,med,5more,4,big,low)
    14    1:unacc    1:unacc       0.995 (high,high,2,2,small,high)
    15    1:unacc    1:unacc       0.995 (low,low,5more,2,small,high)
    16    1:unacc    1:unacc       0.995 (med,low,3,2,med,med)
    17    1:unacc    1:unacc       0.995 (med,med,4,2,big,med)
    18    1:unacc    1:unacc       0.995 (high,vhigh,4,2,med,low)
    19    1:unacc    1:unacc       0.995 (high,low,2,4,big,low)
    20    1:unacc    1:unacc       0.995 (high,low,2,more,med,low)
    21    1:unacc    1:unacc       0.995 (med,high,3,4,med,low)
    22    1:unacc    1:unacc       0.995 (vhigh,low,4,4,small,med)
    23    1:unacc    1:unacc       0.995 (high,high,5more,more,big,low)
    24    1:unacc    1:unacc       0.995 (med,vhigh,3,2,small,med)
    25    1:unacc      2:acc   +   0.919 (high,vhigh,3,4,big,med)
    26    1:unacc    1:unacc       0.995 (high,med,4,2,med,low)
    27    1:unacc    1:unacc       0.995 (med,med,3,more,small,low)
    28    1:unacc    1:unacc       0.995 (low,med,3,2,big,high)
    29    1:unacc    1:unacc       0.995 (med,vhigh,5more,4,med,low)
    30    1:unacc    1:unacc       0.995 (med,med,3,4,small,low)
    31    1:unacc    1:unacc       0.995 (med,vhigh,2,more,med,low)
    32    1:unacc    1:unacc       0.995 (low,high,4,4,med,low)
    33    1:unacc    1:unacc       0.995 (low,low,3,2,med,high)
    34    1:unacc    1:unacc       0.995 (med,vhigh,3,2,big,med)
    35    1:unacc    1:unacc       0.995 (med,vhigh,2,2,med,high)
    36    1:unacc    1:unacc       0.995 (high,med,2,more,big,low)
    37    1:unacc    1:unacc       0.995 (high,low,5more,2,med,low)
    38    1:unacc      2:acc   +   0.78 (high,vhigh,3,more,med,high)
    39    1:unacc    1:unacc       0.995 (low,med,3,2,big,low)
    40    1:unacc    1:unacc       0.995 (med,low,4,more,small,low)
    41    1:unacc    1:unacc       0.995 (vhigh,low,5more,2,big,high)
    42    1:unacc    1:unacc       0.995 (med,low,2,4,big,low)
    43    1:unacc    1:unacc       0.995 (med,vhigh,2,4,big,low)
    44    1:unacc    1:unacc       0.995 (med,low,2,more,big,low)
    45    1:unacc    1:unacc       0.995 (vhigh,low,3,2,med,low)
    46    1:unacc    1:unacc       0.995 (med,vhigh,5more,4,small,med)
    47    1:unacc    1:unacc       0.995 (med,vhigh,2,2,med,low)
    48    1:unacc    1:unacc       0.995 (high,low,4,4,small,low)
    49    1:unacc     3:good   +   0.7 (low,med,4,2,big,med)
    50    1:unacc    1:unacc       0.995 (high,vhigh,4,more,small,low)
    51    1:unacc    1:unacc       0.995 (vhigh,low,5more,2,small,med)
    52    1:unacc    1:unacc       0.995 (low,high,2,4,med,low)
    53    1:unacc    1:unacc       0.995 (med,high,2,2,big,med)
    54    1:unacc    1:unacc       0.995 (low,low,4,4,small,low)
    55    1:unacc    1:unacc       0.995 (med,low,4,2,med,low)
    56    1:unacc    1:unacc       0.995 (high,high,5more,2,big,low)
    57    1:unacc    1:unacc       0.995 (med,vhigh,4,2,big,med)
    58    1:unacc    1:unacc       0.995 (high,high,5more,2,big,med)
    59    1:unacc    1:unacc       0.995 (med,low,3,more,small,low)
    60    1:unacc    1:unacc       0.995 (high,high,3,more,med,low)
    61    1:unacc    1:unacc       0.995 (high,vhigh,3,more,small,low)
    62    1:unacc      2:acc   +   0.78 (high,vhigh,4,more,small,high)
    63    1:unacc    1:unacc       0.995 (high,med,5more,2,small,med)
    64    1:unacc    1:unacc       0.995 (vhigh,low,4,2,small,high)
    65    1:unacc    1:unacc       0.995 (med,med,2,2,small,med)
    66    1:unacc    1:unacc       0.995 (med,vhigh,3,4,small,low)
    67    1:unacc    1:unacc       0.995 (low,med,4,2,small,med)
    68    1:unacc    1:unacc       0.995 (low,med,2,2,small,med)
    69    1:unacc      2:acc   +   0.6 (low,vhigh,4,more,small,med)
    70    1:unacc      2:acc   +   0.851 (high,vhigh,3,4,big,high)
    71    1:unacc    1:unacc       0.995 (high,low,4,4,big,low)
    72    1:unacc    1:unacc       0.995 (low,vhigh,2,more,small,low)
    73    1:unacc    1:unacc       0.995 (low,high,2,2,small,low)
    74    1:unacc    1:unacc       0.995 (med,high,3,2,med,med)
    75    1:unacc      2:acc   +   0.78 (med,med,2,more,small,high)
    76    1:unacc    1:unacc       0.995 (med,med,2,more,big,low)
    77    1:unacc    1:unacc       0.995 (low,vhigh,2,4,small,low)
    78    1:unacc    1:unacc       0.995 (high,vhigh,3,4,med,med)
    79    1:unacc    1:unacc       0.995 (high,med,2,2,med,med)
    80    1:unacc    1:unacc       0.995 (low,high,4,2,small,high)
    81    1:unacc    1:unacc       0.995 (med,med,3,4,med,low)
    82    1:unacc    1:unacc       0.995 (med,med,3,2,small,med)
    83    1:unacc    4:vgood   +   0.667 (med,med,5more,2,big,high)
    84    1:unacc    1:unacc       0.995 (med,low,4,2,small,med)
    85    1:unacc    1:unacc       0.995 (low,low,3,more,big,low)
    86    1:unacc    1:unacc       0.995 (low,vhigh,4,2,small,low)
    87    1:unacc    1:unacc       0.995 (high,med,3,4,big,low)
    88    1:unacc    1:unacc       0.995 (med,low,3,2,small,low)
    89    1:unacc    1:unacc       0.995 (med,vhigh,3,more,med,low)
    90    1:unacc    1:unacc       0.995 (low,low,5more,2,small,med)
    91    4:vgood    4:vgood       0.667 (med,med,4,more,big,high)
    92    4:vgood    4:vgood       0.692 (low,med,2,more,big,high)
    93    4:vgood    4:vgood       0.667 (med,med,2,4,big,high)
    94    4:vgood    4:vgood       0.692 (low,high,4,more,big,high)
    95    4:vgood    4:vgood       0.692 (low,high,5more,more,big,high)
    96    4:vgood      2:acc   +   0.851 (low,high,5more,4,med,high)
    97      2:acc      2:acc       0.892 (high,low,4,more,big,med)
    98      2:acc      2:acc       0.851 (med,med,2,4,small,high)
    99      2:acc     3:good   +   0.667 (low,low,2,4,med,med)
   100      2:acc      2:acc       0.919 (high,med,3,4,big,med)
   101      2:acc      2:acc       0.851 (med,med,3,4,small,high)
   102      2:acc      2:acc       1 (med,low,3,4,small,med)
   103      2:acc      2:acc       0.851 (med,high,4,4,med,high)
   104      2:acc    1:unacc   +   0.995 (med,med,5more,more,small,med)
   105      2:acc      2:acc       0.78 (med,med,3,more,small,high)
   106      2:acc      2:acc       0.78 (low,vhigh,3,more,small,high)
   107      2:acc     3:good   +   0.667 (low,low,4,4,small,med)
   108      2:acc      2:acc       0.851 (high,high,3,4,big,high)
   109      2:acc    4:vgood   +   0.6 (low,high,2,more,med,high)
   110      2:acc      2:acc       0.833 (med,vhigh,4,4,med,med)
   111      2:acc    1:unacc   +   0.995 (med,low,5more,more,small,med)
   112      2:acc      2:acc       0.78 (high,high,5more,more,big,high)
   113      2:acc      2:acc       0.851 (high,low,2,4,small,high)
   114      2:acc      2:acc       0.851 (med,vhigh,5more,4,big,high)
   115      2:acc      2:acc       0.892 (high,low,2,more,big,med)
   116      2:acc      2:acc       0.851 (high,med,2,4,big,high)
   117      2:acc      2:acc       0.851 (low,vhigh,2,4,med,high)
   118      2:acc     3:good   +   0.667 (low,low,3,4,small,med)
   119      2:acc      2:acc       0.652 (med,med,2,4,med,med)
   120      2:acc      2:acc       0.851 (med,high,5more,4,small,high)
   121      2:acc      2:acc       0.851 (high,high,4,4,small,high)
   122      2:acc      2:acc       0.851 (med,vhigh,2,4,big,high)
   123      2:acc      2:acc       0.78 (high,high,3,more,small,high)
   124      2:acc      2:acc       0.675 (low,high,3,more,med,med)
   125      2:acc      2:acc       0.78 (high,high,2,more,big,high)
   126      2:acc      2:acc       0.892 (med,high,5more,more,big,med)
   127      2:acc      2:acc       0.851 (med,med,2,4,med,high)
   128      2:acc      2:acc       0.675 (vhigh,low,3,more,med,med)
   129      2:acc      2:acc       0.851 (vhigh,low,5more,4,small,high)
   130      2:acc      2:acc       0.675 (med,vhigh,5more,more,med,med)
   131      2:acc      2:acc       0.851 (med,vhigh,4,4,med,high)
   132     3:good     3:good       0.833 (low,med,5more,4,small,high)
   133     3:good     3:good       0.833 (low,low,2,4,small,high)
   134     3:good     3:good       1 (low,low,5more,more,big,med)
   135     3:good     3:good       0.7 (low,med,2,more,big,med)
   136     3:good     3:good       1 (med,low,2,more,big,med)
   137     3:good      2:acc   +   0.675 (low,low,4,more,med,med)
   138     3:good      2:acc   +   1 (med,low,4,4,med,med)

