

=== Predictions under cross-validation ===

 inst#     actual  predicted error prediction (Buying,Maint,Doors,Persons,Lug_boot,Safety)
     1    1:unacc    1:unacc       0.996 (med,high,5more,2,med,med)
     2    1:unacc    1:unacc       0.999 (med,vhigh,5more,2,small,med)
     3    1:unacc    1:unacc       0.996 (low,vhigh,5more,2,big,low)
     4    1:unacc    1:unacc       0.999 (med,low,2,4,small,low)
     5    1:unacc      2:acc   +   0.934 (vhigh,low,2,more,med,med)
     6    1:unacc    1:unacc       0.997 (high,low,5more,more,big,low)
     7    1:unacc    1:unacc       0.998 (low,vhigh,5more,2,med,low)
     8    1:unacc    1:unacc       0.999 (low,vhigh,3,4,med,low)
     9    1:unacc    1:unacc       0.999 (low,high,2,2,small,med)
    10    1:unacc    1:unacc       0.999 (high,vhigh,2,4,small,low)
    11    1:unacc    1:unacc       0.994 (med,high,5more,more,med,low)
    12    1:unacc    1:unacc       0.998 (high,high,4,4,med,low)
    13    1:unacc    1:unacc       0.934 (low,vhigh,2,more,small,high)
    14    1:unacc    1:unacc       0.999 (high,high,3,4,small,low)
    15    1:unacc    1:unacc       0.998 (high,low,4,2,big,high)
    16    1:unacc    1:unacc       0.991 (med,med,3,4,big,low)
    17    1:unacc    1:unacc       0.794 (med,vhigh,4,4,small,med)
    18    1:unacc    1:unacc       0.974 (low,med,4,4,big,low)
    19    1:unacc    1:unacc       0.999 (high,high,3,2,small,low)
    20    1:unacc    1:unacc       0.999 (med,vhigh,2,4,med,low)
    21    1:unacc    1:unacc       0.999 (med,vhigh,2,4,small,low)
    22    1:unacc    1:unacc       0.999 (high,high,5more,2,small,med)
    23    1:unacc    1:unacc       0.999 (low,low,4,2,small,high)
    24    1:unacc    1:unacc       0.53 (med,vhigh,5more,more,small,med)
    25    1:unacc    1:unacc       0.725 (high,vhigh,3,more,small,high)
    26    1:unacc    1:unacc       0.999 (low,high,2,more,small,low)
    27    1:unacc    1:unacc       0.999 (high,low,3,2,small,high)
    28    1:unacc    1:unacc       0.999 (low,vhigh,3,more,big,low)
    29    1:unacc    1:unacc       0.996 (med,vhigh,5more,2,big,med)
    30    1:unacc    1:unacc       0.973 (med,low,5more,4,big,low)
    31    1:unacc    1:unacc       0.995 (low,high,2,4,big,low)
    32    1:unacc    1:unacc       0.999 (high,med,4,2,med,high)
    33    1:unacc    1:unacc       0.999 (med,vhigh,4,2,med,med)
    34    1:unacc    1:unacc       0.999 (low,vhigh,4,2,med,low)
    35    1:unacc    1:unacc       0.999 (low,low,5more,2,small,low)
    36    1:unacc    1:unacc       0.999 (vhigh,low,5more,more,small,low)
    37    1:unacc    1:unacc       0.998 (high,high,4,2,med,high)
    38    1:unacc    1:unacc       0.997 (high,med,4,2,big,high)
    39    1:unacc    1:unacc       0.998 (high,vhigh,2,2,big,med)
    40    1:unacc    1:unacc       0.999 (high,low,2,2,small,low)
    41    1:unacc      2:acc   +   0.521 (med,high,3,4,small,med)
    42    1:unacc    1:unacc       0.998 (low,med,2,2,big,low)
    43    1:unacc    1:unacc       0.998 (med,low,5more,2,small,high)
    44    1:unacc    1:unacc       0.993 (low,low,4,2,med,high)
    45    1:unacc    1:unacc       0.996 (high,high,5more,2,med,high)
    46    1:unacc    1:unacc       0.999 (high,low,2,2,small,high)
    47    1:unacc    1:unacc       0.998 (high,high,2,2,med,high)
    48    1:unacc    1:unacc       0.999 (high,low,3,2,med,low)
    49    1:unacc    1:unacc       0.998 (high,med,5more,2,med,med)
    50    1:unacc    1:unacc       0.993 (med,low,3,2,big,high)
    51    1:unacc    1:unacc       0.95 (vhigh,low,3,4,small,med)
    52    1:unacc    1:unacc       0.999 (low,med,4,2,small,low)
    53    1:unacc    1:unacc       0.999 (vhigh,low,3,2,med,med)
    54    1:unacc    1:unacc       0.995 (med,vhigh,5more,2,big,high)
    55    1:unacc      2:acc   +   0.792 (low,high,2,more,small,high)
    56    1:unacc    1:unacc       0.999 (med,high,2,more,small,low)
    57    1:unacc    1:unacc       0.995 (med,med,5more,2,med,med)
    58    1:unacc    1:unacc       0.997 (low,vhigh,2,4,big,low)
    59    1:unacc    1:unacc       0.999 (high,low,2,2,big,med)
    60    1:unacc    1:unacc       0.999 (high,low,3,more,med,low)
    61    1:unacc    1:unacc       0.999 (low,vhigh,2,more,med,low)
    62    1:unacc    1:unacc       0.992 (med,high,4,2,big,high)
    63    1:unacc    1:unacc       0.991 (med,med,5more,2,big,med)
    64    1:unacc    1:unacc       0.987 (low,med,2,2,big,high)
    65    1:unacc    1:unacc       0.998 (med,high,2,2,med,med)
    66    1:unacc      2:acc   +   0.591 (low,low,4,more,big,low)
    67    1:unacc    1:unacc       0.999 (med,med,4,2,small,high)
    68    1:unacc    1:unacc       0.999 (high,med,3,more,med,low)
    69    1:unacc    1:unacc       0.999 (high,vhigh,3,2,big,med)
    70    1:unacc      2:acc   +   0.761 (vhigh,low,5more,4,small,med)
    71    1:unacc    1:unacc       0.999 (low,low,3,2,med,low)
    72    1:unacc    1:unacc       0.999 (high,med,4,more,small,low)
    73    1:unacc    1:unacc       0.999 (high,low,5more,more,med,low)
    74    1:unacc    1:unacc       0.999 (high,vhigh,3,2,med,high)
    75    1:unacc    1:unacc       0.999 (low,high,3,4,small,low)
    76    1:unacc    1:unacc       0.998 (med,high,4,2,med,med)
    77    1:unacc    1:unacc       0.998 (med,low,5more,2,big,low)
    78    1:unacc    1:unacc       0.999 (med,vhigh,5more,more,small,low)
    79    1:unacc    1:unacc       0.999 (high,med,3,2,big,low)
    80    1:unacc    1:unacc       0.997 (low,vhigh,4,2,big,med)
    81    1:unacc    1:unacc       0.999 (high,vhigh,2,2,small,med)
    82    1:unacc    1:unacc       0.999 (high,low,4,2,small,low)
    83    1:unacc      2:acc   +   0.963 (low,low,2,more,small,med)
    84    1:unacc    1:unacc       0.995 (med,med,2,2,big,med)
    85    1:unacc    1:unacc       0.97 (low,med,5more,more,med,low)
    86    1:unacc    1:unacc       0.996 (high,high,4,2,big,high)
    87    1:unacc      2:acc   +   0.847 (low,vhigh,2,4,med,med)
    88    1:unacc    1:unacc       0.936 (med,vhigh,4,more,small,med)
    89    1:unacc    1:unacc       0.986 (low,high,4,2,big,high)
    90    1:unacc    1:unacc       0.649 (high,vhigh,5more,more,med,high)
    91    1:unacc    1:unacc       0.928 (low,low,2,more,big,low)
    92    4:vgood    4:vgood       1 (low,med,3,more,big,high)
    93    4:vgood    4:vgood       1 (low,low,3,more,big,high)
    94    4:vgood    4:vgood       0.956 (low,high,2,4,big,high)
    95    4:vgood    4:vgood       0.984 (low,low,4,4,med,high)
    96    4:vgood    4:vgood       0.999 (low,high,3,4,big,high)
    97    4:vgood    4:vgood       1 (low,med,5more,4,big,high)
    98      2:acc    1:unacc   +   0.597 (high,low,2,4,med,high)
    99      2:acc    1:unacc   +   0.745 (high,med,3,more,med,med)
   100      2:acc      2:acc       0.97 (vhigh,low,4,more,med,med)
   101      2:acc      2:acc       0.783 (high,med,4,4,big,med)
   102      2:acc      2:acc       0.635 (high,high,5more,4,med,med)
   103      2:acc      2:acc       0.969 (high,low,2,more,big,high)
   104      2:acc    1:unacc   +   0.904 (high,low,3,more,med,med)
   105      2:acc      2:acc       0.922 (med,low,2,4,med,med)
   106      2:acc      2:acc       0.844 (low,vhigh,4,more,med,med)
   107      2:acc      2:acc       0.914 (vhigh,low,2,more,big,med)
   108      2:acc      2:acc       0.617 (high,low,4,4,med,high)
   109      2:acc      2:acc       0.86 (low,high,3,4,small,high)
   110      2:acc      2:acc       0.934 (high,low,4,4,big,med)
   111      2:acc      2:acc       0.657 (med,med,3,more,big,med)
   112      2:acc      2:acc       0.82 (low,high,2,4,med,high)
   113      2:acc      2:acc       0.939 (med,vhigh,4,4,big,med)
   114      2:acc      2:acc       0.853 (high,high,4,4,med,high)
   115      2:acc      2:acc       0.883 (med,high,3,more,med,med)
   116      2:acc      2:acc       0.938 (low,high,2,4,med,med)
   117      2:acc      2:acc       0.974 (med,high,3,more,small,high)
   118      2:acc      2:acc       0.934 (low,vhigh,5more,more,med,high)
   119      2:acc      2:acc       0.911 (low,vhigh,4,4,med,med)
   120      2:acc      2:acc       0.679 (med,low,2,more,med,med)
   121      2:acc      2:acc       0.946 (med,low,3,4,med,med)
   122      2:acc      2:acc       0.771 (low,high,4,4,small,med)
   123      2:acc      2:acc       0.943 (med,high,4,4,med,med)
   124      2:acc      2:acc       0.636 (med,vhigh,4,more,med,med)
   125      2:acc      2:acc       0.97 (low,high,4,4,big,med)
   126      2:acc      2:acc       0.96 (high,med,5more,more,small,high)
   127      2:acc      2:acc       0.961 (low,med,5more,4,small,med)
   128      2:acc      2:acc       0.911 (low,low,2,4,small,med)
   129      2:acc      2:acc       0.876 (med,high,5more,more,med,high)
   130      2:acc      2:acc       0.794 (high,low,5more,4,small,high)
   131      2:acc      2:acc       0.939 (low,high,3,4,med,med)
   132      2:acc      2:acc       0.806 (high,med,4,4,small,high)
   133     3:good      2:acc   +   0.819 (med,low,4,4,small,high)
   134     3:good     3:good       0.933 (low,med,4,4,big,med)
   135     3:good      2:acc   +   0.768 (low,med,5more,4,med,med)
   136     3:good      2:acc   +   0.826 (med,low,3,more,med,med)
   137     3:good      2:acc   +   0.511 (low,med,5more,more,small,high)
   138     3:good      2:acc   +   0.918 (med,low,3,more,small,high)
   139     3:good      2:acc   +   0.762 (med,low,2,more,med,high)
     1    1:unacc    1:unacc       0.999 (high,high,5more,4,med,low)
     2    1:unacc    1:unacc       0.982 (med,med,5more,more,med,low)
     3    1:unacc    1:unacc       0.994 (low,vhigh,2,more,big,low)
     4    1:unacc    1:unacc       0.999 (med,high,3,2,small,low)
     5    1:unacc    1:unacc       0.997 (high,vhigh,3,4,big,low)
     6    1:unacc    1:unacc       0.999 (med,high,3,2,med,low)
     7    1:unacc    1:unacc       0.991 (low,med,5more,4,small,low)
     8    1:unacc    1:unacc       0.998 (high,vhigh,3,4,med,low)
     9    1:unacc    1:unacc       0.998 (high,vhigh,2,2,big,low)
    10    1:unacc    1:unacc       0.706 (high,vhigh,3,4,small,high)
    11    1:unacc    1:unacc       0.99 (low,low,4,2,big,high)
    12    1:unacc    1:unacc       0.998 (high,med,2,2,small,low)
    13    1:unacc    1:unacc       0.999 (high,low,4,2,med,low)
    14    1:unacc    1:unacc       0.622 (high,med,5more,4,small,med)
    15    1:unacc    1:unacc       0.647 (med,high,2,more,small,high)
    16    1:unacc      2:acc   +   0.532 (high,low,2,more,small,high)
    17    1:unacc    1:unacc       0.74 (low,low,5more,more,big,low)
    18    1:unacc    1:unacc       0.998 (med,high,4,2,med,high)
    19    1:unacc     3:good   +   0.789 (low,low,2,more,small,high)
    20    1:unacc    1:unacc       0.999 (high,med,5more,2,small,high)
    21    1:unacc    1:unacc       0.999 (high,vhigh,5more,2,med,low)
    22    1:unacc    1:unacc       0.999 (med,low,2,2,med,low)
    23    1:unacc    1:unacc       0.988 (low,med,2,4,small,low)
    24    1:unacc    1:unacc       0.999 (vhigh,low,4,2,med,med)
    25    1:unacc    1:unacc       0.663 (high,low,4,4,small,med)
    26    1:unacc    1:unacc       0.998 (med,vhigh,3,2,small,low)
    27    1:unacc    1:unacc       0.974 (low,high,4,more,big,low)
    28    1:unacc    1:unacc       0.954 (med,med,4,more,big,low)
    29    1:unacc    1:unacc       0.999 (high,low,5more,2,small,high)
    30    1:unacc    1:unacc       0.999 (med,vhigh,3,2,big,high)
    31    1:unacc    1:unacc       0.995 (med,low,2,2,small,high)
    32    1:unacc    1:unacc       0.982 (med,med,4,2,big,high)
    33    1:unacc    1:unacc       0.982 (low,low,2,4,big,low)
    34    1:unacc    1:unacc       0.992 (low,med,5more,2,small,high)
    35    1:unacc    1:unacc       0.99 (low,med,3,2,med,high)
    36    1:unacc    1:unacc       0.999 (vhigh,low,5more,2,big,low)
    37    1:unacc    1:unacc       0.999 (med,med,3,2,big,med)
    38    1:unacc    1:unacc       0.999 (high,low,5more,2,big,high)
    39    1:unacc    1:unacc       0.998 (low,med,5more,2,small,med)
    40    1:unacc    1:unacc       0.998 (low,high,3,2,small,high)
    41    1:unacc    1:unacc       0.998 (low,high,5more,2,small,high)
    42    1:unacc    1:unacc       0.999 (high,low,5more,2,small,med)
    43    1:unacc    1:unacc       0.998 (high,low,5more,4,small,low)
    44    1:unacc    1:unacc       0.999 (low,med,5more,2,med,low)
    45    1:unacc    1:unacc       0.994 (med,med,3,2,big,high)
    46    1:unacc    1:unacc       0.883 (high,vhigh,5more,more,small,high)
    47    1:unacc    1:unacc       0.997 (high,med,5more,4,small,low)
    48    1:unacc    1:unacc       0.997 (med,vhigh,4,more,med,low)
    49    1:unacc    1:unacc       0.528 (low,vhigh,3,4,med,med)
    50    1:unacc    1:unacc       0.998 (med,high,3,2,small,med)
    51    1:unacc    1:unacc       0.999 (med,low,5more,2,med,low)
    52    1:unacc    1:unacc       0.999 (low,low,3,2,big,low)
    53    1:unacc    1:unacc       0.997 (high,high,2,2,small,low)
    54    1:unacc    1:unacc       0.982 (low,vhigh,2,more,small,med)
    55    1:unacc      2:acc   +   0.567 (low,med,2,more,small,med)
    56    1:unacc    1:unacc       0.997 (med,vhigh,3,4,big,low)
    57    1:unacc    1:unacc       0.692 (high,med,3,4,small,med)
    58    1:unacc    1:unacc       0.999 (low,low,3,2,small,med)
    59    1:unacc    1:unacc       0.998 (med,vhigh,5more,2,small,high)
    60    1:unacc    1:unacc       0.63 (high,med,2,more,small,high)
    61    1:unacc    1:unacc       0.998 (high,low,4,more,big,low)
    62    1:unacc    1:unacc       0.999 (high,med,3,2,med,med)
    63    1:unacc    1:unacc       0.999 (high,high,4,2,med,med)
    64    1:unacc      2:acc   +   0.59 (high,vhigh,2,more,med,high)
    65    1:unacc    1:unacc       0.999 (med,high,5more,2,big,med)
    66    1:unacc    1:unacc       0.984 (med,med,4,more,med,low)
    67    1:unacc    1:unacc       0.998 (high,high,5more,4,big,low)
    68    1:unacc    1:unacc       0.999 (low,high,3,2,med,med)
    69    1:unacc    1:unacc       0.999 (high,low,5more,2,big,low)
    70    1:unacc    1:unacc       0.997 (med,low,3,4,med,low)
    71    1:unacc    1:unacc       0.999 (high,vhigh,3,2,med,med)
    72    1:unacc    1:unacc       0.995 (low,vhigh,4,more,big,low)
    73    1:unacc    1:unacc       0.993 (med,med,2,4,small,low)
    74    1:unacc    1:unacc       0.996 (low,vhigh,5more,4,big,low)
    75    1:unacc    1:unacc       0.998 (med,high,4,4,med,low)
    76    1:unacc      2:acc   +   0.503 (med,high,3,4,med,med)
    77    1:unacc    1:unacc       0.998 (high,low,4,more,small,low)
    78    1:unacc    1:unacc       0.965 (med,med,2,4,big,low)
    79    1:unacc    1:unacc       0.996 (med,high,5more,4,small,low)
    80    1:unacc    1:unacc       0.992 (low,med,3,more,small,low)
    81    1:unacc    1:unacc       0.999 (high,vhigh,5more,2,big,low)
    82    1:unacc      2:acc   +   0.63 (med,vhigh,2,4,med,med)
    83    1:unacc    1:unacc       0.996 (low,low,5more,2,big,med)
    84    1:unacc    1:unacc       0.995 (med,high,2,4,small,low)
    85    1:unacc    1:unacc       0.998 (vhigh,low,4,more,med,low)
    86    1:unacc    1:unacc       0.695 (high,vhigh,5more,4,small,high)
    87    1:unacc    1:unacc       0.996 (med,low,2,4,med,low)
    88    1:unacc    1:unacc       0.999 (high,low,2,2,big,low)
    89    1:unacc    1:unacc       0.998 (med,low,4,4,small,low)
    90    1:unacc    1:unacc       0.657 (high,low,3,more,small,med)
    91    1:unacc    1:unacc       0.992 (med,high,2,2,big,high)
    92    4:vgood    4:vgood       1 (low,med,3,4,big,high)
    93    4:vgood    4:vgood       0.993 (low,low,4,4,big,high)
    94    4:vgood    4:vgood       0.981 (med,low,4,more,med,high)
    95    4:vgood    4:vgood       0.995 (low,low,5more,more,big,high)
    96    4:vgood    4:vgood       0.98 (med,low,5more,more,big,high)
    97    4:vgood    4:vgood       0.867 (low,med,3,more,med,high)
    98      2:acc      2:acc       0.931 (low,vhigh,3,4,med,high)
    99      2:acc      2:acc       0.875 (high,low,5more,more,big,med)
   100      2:acc      2:acc       0.9 (med,low,5more,4,small,med)
   101      2:acc    1:unacc   +   0.759 (low,vhigh,5more,more,small,high)
   102      2:acc      2:acc       0.909 (low,vhigh,4,4,big,med)
   103      2:acc      2:acc       0.647 (med,vhigh,3,more,med,med)
   104      2:acc      2:acc       0.655 (med,med,3,4,med,high)
   105      2:acc      2:acc       0.87 (high,low,4,4,big,high)
   106      2:acc     3:good   +   0.761 (low,low,3,4,med,med)
   107      2:acc      2:acc       0.986 (low,vhigh,3,more,big,high)
   108      2:acc      2:acc       0.828 (high,low,3,more,big,med)
   109      2:acc      2:acc       0.721 (med,high,5more,more,big,high)
   110      2:acc      2:acc       0.955 (high,low,5more,more,med,high)
   111      2:acc      2:acc       0.983 (med,high,4,more,big,med)
   112      2:acc      2:acc       0.58 (low,high,5more,4,med,med)
   113      2:acc      2:acc       0.929 (low,high,5more,more,small,high)
   114      2:acc      2:acc       0.854 (med,high,5more,more,med,med)
   115      2:acc      2:acc       0.819 (high,med,3,4,small,high)
   116      2:acc      2:acc       0.949 (high,high,4,4,big,med)
   117      2:acc      2:acc       0.841 (vhigh,low,3,4,med,high)
   118      2:acc      2:acc       0.832 (vhigh,low,5more,more,big,high)
   119      2:acc      2:acc       0.675 (med,vhigh,4,more,small,high)
   120      2:acc      2:acc       0.912 (low,high,2,4,small,high)
   121      2:acc    1:unacc   +   0.684 (low,high,3,more,small,med)
   122      2:acc      2:acc       0.969 (low,high,5more,4,small,high)
   123      2:acc      2:acc       0.897 (med,high,4,more,big,high)
   124      2:acc      2:acc       0.735 (high,med,4,more,big,med)
   125      2:acc    4:vgood   +   0.512 (low,high,3,4,med,high)
   126      2:acc      2:acc       0.975 (med,vhigh,3,more,med,high)
   127      2:acc      2:acc       0.701 (low,vhigh,5more,4,big,med)
   128      2:acc      2:acc       0.955 (vhigh,low,4,more,small,high)
   129      2:acc      2:acc       0.978 (high,low,3,more,big,high)
   130      2:acc      2:acc       0.933 (vhigh,low,5more,4,big,med)
   131      2:acc      2:acc       0.556 (high,low,5more,4,big,med)
   132      2:acc     3:good   +   0.937 (vhigh,low,3,4,small,high)
   133     3:good     3:good       0.686 (low,med,3,4,big,med)
   134     3:good     3:good       1 (low,low,3,4,small,high)
   135     3:good     3:good       0.887 (low,low,5more,more,small,high)
   136     3:good     3:good       0.96 (med,low,4,more,big,med)
   137     3:good      2:acc   +   0.936 (med,low,5more,more,small,high)
   138     3:good      2:acc   +   0.875 (med,low,5more,4,med,med)
   139     3:good     3:good       0.974 (med,low,2,4,small,high)
     1    1:unacc    1:unacc       0.982 (med,med,5more,4,med,low)
     2    1:unacc    1:unacc       0.996 (med,high,3,more,big,low)
     3    1:unacc      2:acc   +   0.73 (high,vhigh,4,4,big,high)
     4    1:unacc    1:unacc       0.988 (low,vhigh,3,2,med,high)
     5    1:unacc    1:unacc       0.995 (low,low,2,4,small,low)
     6    1:unacc    1:unacc       0.997 (med,low,3,2,big,med)
     7    1:unacc    1:unacc       0.996 (med,med,4,2,small,med)
     8    1:unacc    1:unacc       0.993 (high,vhigh,5more,2,med,high)
     9    1:unacc    1:unacc       0.921 (low,high,3,2,big,high)
    10    1:unacc    1:unacc       0.996 (med,high,2,2,big,low)
    11    1:unacc    1:unacc       0.998 (high,low,4,2,med,med)
    12    1:unacc    1:unacc       0.997 (med,low,3,2,small,high)
    13    1:unacc    1:unacc       0.99 (med,high,3,2,big,high)
    14    1:unacc    1:unacc       0.99 (med,vhigh,2,more,big,low)
    15    1:unacc      2:acc   +   0.812 (high,high,5more,more,small,med)
    16    1:unacc    1:unacc       0.983 (med,med,2,2,big,high)
    17    1:unacc    1:unacc       0.882 (med,med,5more,2,med,high)
    18    1:unacc    1:unacc       0.998 (high,high,4,2,big,low)
    19    1:unacc    1:unacc       0.998 (high,vhigh,3,2,big,high)
    20    1:unacc    1:unacc       0.981 (low,vhigh,2,2,big,high)
    21    1:unacc      2:acc   +   0.62 (low,low,5more,2,big,high)
    22    1:unacc    1:unacc       0.983 (low,vhigh,2,2,med,med)
    23    1:unacc    1:unacc       0.969 (low,high,4,more,med,low)
    24    1:unacc    1:unacc       0.982 (low,vhigh,4,2,med,med)
    25    1:unacc    1:unacc       0.996 (med,low,3,more,med,low)
    26    1:unacc    1:unacc       0.992 (med,vhigh,4,2,small,low)
    27    1:unacc    1:unacc       0.95 (low,med,5more,4,big,low)
    28    1:unacc    1:unacc       0.998 (high,med,3,2,med,high)
    29    1:unacc    1:unacc       0.64 (high,vhigh,5more,4,small,med)
    30    1:unacc    1:unacc       0.996 (high,vhigh,4,2,big,high)
    31    1:unacc    1:unacc       0.988 (low,low,4,4,med,low)
    32    1:unacc    1:unacc       0.996 (med,high,4,2,small,med)
    33    1:unacc    1:unacc       0.785 (low,med,4,2,big,high)
    34    1:unacc    1:unacc       0.989 (low,high,2,2,med,med)
    35    1:unacc    1:unacc       0.977 (med,low,5more,2,med,high)
    36    1:unacc    1:unacc       0.633 (med,high,3,more,small,med)
    37    1:unacc    1:unacc       0.989 (med,vhigh,4,4,big,low)
    38    1:unacc    1:unacc       0.987 (med,high,5more,4,med,low)
    39    1:unacc    1:unacc       0.998 (vhigh,low,4,2,med,low)
    40    1:unacc    1:unacc       0.998 (med,low,4,2,small,low)
    41    1:unacc    1:unacc       0.996 (med,high,4,2,small,low)
    42    1:unacc    1:unacc       0.984 (low,vhigh,2,2,small,low)
    43    1:unacc    1:unacc       0.993 (low,low,2,2,big,med)
    44    1:unacc    1:unacc       0.951 (low,low,3,4,big,low)
    45    1:unacc    1:unacc       0.996 (low,high,3,2,small,low)
    46    1:unacc    1:unacc       0.998 (med,med,3,2,small,low)
    47    1:unacc    1:unacc       0.966 (low,low,5more,more,med,low)
    48    1:unacc    1:unacc       0.995 (med,low,3,2,med,high)
    49    1:unacc    1:unacc       0.99 (low,high,2,2,med,low)
    50    1:unacc    1:unacc       0.998 (high,low,3,more,small,low)
    51    1:unacc    1:unacc       0.992 (med,low,3,4,big,low)
    52    1:unacc    1:unacc       0.998 (vhigh,low,3,2,big,med)
    53    1:unacc    1:unacc       0.998 (high,high,4,more,small,low)
    54    1:unacc      2:acc   +   0.556 (high,vhigh,4,4,big,med)
    55    1:unacc    1:unacc       0.997 (high,vhigh,2,more,med,low)
    56    1:unacc    1:unacc       0.944 (low,high,4,2,med,high)
    57    1:unacc      2:acc   +   0.937 (med,vhigh,2,more,med,med)
    58    1:unacc    1:unacc       0.995 (med,low,3,more,big,low)
    59    1:unacc    1:unacc       0.807 (med,med,2,more,small,med)
    60    1:unacc    1:unacc       0.985 (med,vhigh,5more,2,big,low)
    61    1:unacc    1:unacc       0.998 (high,high,3,2,med,high)
    62    1:unacc    1:unacc       0.998 (high,low,4,more,med,low)
    63    1:unacc    1:unacc       0.99 (low,high,4,more,small,low)
    64    1:unacc    1:unacc       0.994 (high,med,5more,2,med,high)
    65    1:unacc    1:unacc       0.989 (med,high,4,more,med,low)
    66    1:unacc    1:unacc       0.789 (high,high,2,4,small,med)
    67    1:unacc    1:unacc       0.658 (low,high,2,more,small,med)
    68    1:unacc    1:unacc       0.977 (low,high,4,4,big,low)
    69    1:unacc    1:unacc       0.737 (high,vhigh,2,4,big,med)
    70    1:unacc    1:unacc       0.972 (med,med,5more,more,big,low)
    71    1:unacc    1:unacc       0.998 (med,med,3,2,big,low)
    72    1:unacc    1:unacc       0.997 (vhigh,low,4,2,med,high)
    73    1:unacc      2:acc   +   0.938 (med,high,2,more,med,med)
    74    1:unacc      2:acc   +   0.572 (high,vhigh,4,more,med,high)
    75    1:unacc    1:unacc       0.989 (med,med,4,4,med,low)
    76    1:unacc    1:unacc       0.971 (low,high,5more,more,big,low)
    77    1:unacc    1:unacc       0.998 (vhigh,low,3,4,med,low)
    78    1:unacc    1:unacc       0.998 (high,high,2,2,med,low)
    79    1:unacc    1:unacc       0.997 (high,low,5more,4,med,low)
    80    1:unacc    1:unacc       0.987 (low,med,4,more,small,low)
    81    1:unacc    1:unacc       0.995 (med,high,2,2,small,high)
    82    1:unacc    1:unacc       0.992 (med,low,5more,2,med,med)
    83    1:unacc    1:unacc       0.998 (high,low,3,more,big,low)
    84    1:unacc    1:unacc       0.997 (high,vhigh,4,2,small,low)
    85    1:unacc    1:unacc       0.998 (vhigh,low,4,2,small,med)
    86    1:unacc    1:unacc       0.998 (high,low,2,4,small,low)
    87    1:unacc    1:unacc       0.997 (high,med,2,4,big,low)
    88    1:unacc    1:unacc       0.987 (low,low,5more,more,small,low)
    89    1:unacc    1:unacc       0.998 (high,med,2,2,small,med)
    90    1:unacc    1:unacc       0.998 (high,vhigh,3,2,med,low)
    91    1:unacc    1:unacc       0.997 (high,vhigh,4,2,small,high)
    92    4:vgood    4:vgood       0.999 (med,med,5more,more,big,high)
    93    4:vgood    4:vgood       0.999 (low,low,4,more,big,high)
    94    4:vgood      2:acc   +   0.803 (low,high,4,4,med,high)
    95    4:vgood    4:vgood       0.67 (low,low,5more,more,med,high)
    96    4:vgood    4:vgood       0.989 (med,low,4,more,big,high)
    97    4:vgood    4:vgood       0.966 (low,low,4,more,med,high)
    98      2:acc      2:acc       0.885 (vhigh,low,5more,more,big,med)
    99      2:acc      2:acc       0.88 (vhigh,low,5more,4,med,med)
   100      2:acc      2:acc       0.911 (low,vhigh,3,4,big,med)
   101      2:acc      2:acc       0.815 (high,high,3,4,med,high)
   102      2:acc      2:acc       0.671 (high,med,2,4,small,high)
   103      2:acc      2:acc       0.964 (med,vhigh,3,4,big,high)
   104      2:acc      2:acc       0.919 (high,med,4,more,big,high)
   105      2:acc      2:acc       0.941 (vhigh,low,4,more,med,high)
   106      2:acc      2:acc       0.807 (high,med,5more,4,big,med)
   107      2:acc      2:acc       0.841 (vhigh,low,5more,more,med,high)
   108      2:acc      2:acc       0.506 (low,low,3,more,small,med)
   109      2:acc      2:acc       0.633 (high,med,4,more,small,high)
   110      2:acc    1:unacc   +   0.657 (low,vhigh,5more,more,med,med)
   111      2:acc      2:acc       0.897 (low,high,2,more,med,med)
   112      2:acc      2:acc       0.727 (high,high,2,4,med,high)
   113      2:acc      2:acc       0.61 (high,low,3,4,med,high)
   114      2:acc      2:acc       0.726 (low,vhigh,2,more,big,high)
   115      2:acc      2:acc       0.804 (vhigh,low,4,4,big,med)
   116      2:acc    1:unacc   +   0.716 (med,med,3,4,small,med)
   117      2:acc      2:acc       0.804 (high,med,2,more,big,high)
   118      2:acc      2:acc       0.932 (low,high,3,more,small,high)
   119      2:acc      2:acc       0.915 (low,high,4,more,small,high)
   120      2:acc      2:acc       0.678 (high,med,3,4,med,high)
   121      2:acc    1:unacc   +   0.77 (med,med,3,more,small,med)
   122      2:acc      2:acc       0.934 (low,high,3,more,big,med)
   123      2:acc      2:acc       0.925 (med,high,5more,4,big,med)
   124      2:acc      2:acc       0.924 (high,med,5more,more,big,high)
   125      2:acc      2:acc       0.554 (low,high,4,more,small,med)
   126      2:acc      2:acc       0.85 (high,high,4,more,med,high)
   127      2:acc      2:acc       0.88 (low,vhigh,4,more,big,med)
   128      2:acc      2:acc       0.913 (med,high,2,more,big,med)
   129      2:acc      2:acc       0.928 (high,med,5more,4,small,high)
   130      2:acc    1:unacc   +   0.577 (high,high,2,4,big,med)
   131      2:acc    1:unacc   +   0.629 (high,low,2,more,med,high)
   132      2:acc    1:unacc   +   0.728 (med,vhigh,2,4,small,high)
   133     3:good      2:acc   +   0.483 (med,low,3,4,med,high)
   134     3:good    4:vgood   +   0.781 (low,low,3,4,med,high)
   135     3:good      2:acc   +   0.704 (low,med,4,more,small,high)
   136     3:good      2:acc   +   0.508 (low,low,4,more,small,high)
   137     3:good      2:acc   +   0.826 (low,med,4,4,med,med)
   138     3:good    4:vgood   +   0.639 (low,low,2,4,med,high)
     1    1:unacc    1:unacc       1 (high,med,2,2,med,low)
     2    1:unacc    1:unacc       1 (high,vhigh,5more,2,big,med)
     3    1:unacc    1:unacc       0.519 (high,med,4,4,small,med)
     4    1:unacc    1:unacc       1 (high,low,2,more,small,low)
     5    1:unacc    1:unacc       1 (med,med,2,2,small,high)
     6    1:unacc    1:unacc       1 (high,med,2,2,small,high)
     7    1:unacc    1:unacc       1 (med,low,3,4,small,low)
     8    1:unacc    1:unacc       1 (vhigh,low,3,more,big,low)
     9    1:unacc    1:unacc       1 (high,low,3,2,big,med)
    10    1:unacc    1:unacc       1 (med,med,2,2,med,med)
    11    1:unacc    1:unacc       0.999 (low,vhigh,4,4,med,low)
    12    1:unacc    1:unacc       1 (high,vhigh,2,2,small,low)
    13    1:unacc    1:unacc       0.996 (low,high,5more,2,med,high)
    14    1:unacc    1:unacc       0.999 (med,vhigh,5more,4,big,low)
    15    1:unacc    1:unacc       1 (med,low,3,2,med,low)
    16    1:unacc    1:unacc       0.999 (low,vhigh,3,more,med,low)
    17    1:unacc    1:unacc       1 (low,high,4,2,med,low)
    18    1:unacc    1:unacc       0.998 (low,low,2,more,med,low)
    19    1:unacc    1:unacc       0.673 (med,high,4,4,small,med)
    20    1:unacc    1:unacc       1 (low,high,2,2,big,low)
    21    1:unacc      2:acc   +   0.872 (high,low,3,4,med,med)
    22    1:unacc    1:unacc       1 (high,vhigh,2,2,small,high)
    23    1:unacc    1:unacc       1 (high,med,4,2,med,med)
    24    1:unacc    1:unacc       1 (high,high,5more,more,med,low)
    25    1:unacc    1:unacc       1 (vhigh,low,4,2,big,med)
    26    1:unacc    1:unacc       1 (high,med,5more,more,small,low)
    27    1:unacc    1:unacc       1 (low,low,2,2,med,low)
    28    1:unacc    1:unacc       1 (low,vhigh,5more,2,small,med)
    29    1:unacc    1:unacc       0.666 (high,vhigh,2,more,big,high)
    30    1:unacc    1:unacc       1 (low,vhigh,4,2,small,med)
    31    1:unacc    1:unacc       0.999 (low,low,2,2,med,high)
    32    1:unacc    1:unacc       1 (low,med,3,2,med,low)
    33    1:unacc    1:unacc       1 (high,low,4,2,med,high)
    34    1:unacc    1:unacc       1 (low,vhigh,5more,more,small,low)
    35    1:unacc    1:unacc       1 (low,vhigh,3,4,small,low)
    36    1:unacc    1:unacc       0.999 (low,vhigh,5more,more,med,low)
    37    1:unacc    1:unacc       1 (high,high,2,2,big,high)
    38    1:unacc    1:unacc       1 (med,vhigh,4,more,small,low)
    39    1:unacc    1:unacc       0.997 (low,low,3,more,med,low)
    40    1:unacc    1:unacc       0.999 (med,med,2,4,med,low)
    41    1:unacc    1:unacc       1 (med,low,4,2,big,med)
    42    1:unacc      2:acc   +   0.608 (high,low,2,4,med,med)
    43    1:unacc    1:unacc       0.992 (low,med,5more,2,med,high)
    44    1:unacc    1:unacc       1 (high,low,5more,more,small,low)
    45    1:unacc    1:unacc       1 (med,low,2,2,big,med)
    46    1:unacc    1:unacc       1 (med,high,2,4,med,low)
    47    1:unacc    1:unacc       1 (high,vhigh,5more,2,small,med)
    48    1:unacc    1:unacc       1 (high,low,4,2,small,med)
    49    1:unacc    1:unacc       1 (high,vhigh,3,2,big,low)
    50    1:unacc    1:unacc       1 (high,high,2,more,small,low)
    51    1:unacc    1:unacc       0.999 (high,vhigh,3,more,big,low)
    52    1:unacc    1:unacc       1 (med,vhigh,4,2,big,high)
    53    1:unacc    1:unacc       1 (high,med,3,2,big,high)
    54    1:unacc    1:unacc       1 (vhigh,low,5more,more,med,low)
    55    1:unacc      2:acc   +   0.577 (high,vhigh,4,more,big,med)
    56    1:unacc    1:unacc       0.865 (high,low,3,4,small,med)
    57    1:unacc    1:unacc       0.996 (low,med,3,more,big,low)
    58    1:unacc    1:unacc       1 (vhigh,low,5more,2,med,low)
    59    1:unacc    1:unacc       1 (high,low,3,2,med,med)
    60    1:unacc    1:unacc       1 (high,vhigh,5more,2,med,med)
    61    1:unacc      2:acc   +   0.825 (high,vhigh,4,more,med,med)
    62    1:unacc    1:unacc       0.999 (high,vhigh,4,4,big,low)
    63    1:unacc    1:unacc       0.988 (low,med,4,4,med,low)
    64    1:unacc    1:unacc       1 (high,vhigh,3,more,med,low)
    65    1:unacc    1:unacc       1 (high,med,4,4,small,low)
    66    1:unacc    1:unacc       0.912 (high,vhigh,2,more,big,med)
    67    1:unacc    1:unacc       0.998 (med,low,5more,2,big,high)
    68    1:unacc    1:unacc       1 (high,vhigh,3,2,small,med)
    69    1:unacc    1:unacc       0.999 (med,high,4,4,big,low)
    70    1:unacc    1:unacc       1 (high,high,3,more,big,low)
    71    1:unacc    1:unacc       1 (vhigh,low,4,2,small,low)
    72    1:unacc    1:unacc       1 (med,vhigh,4,4,small,low)
    73    1:unacc      2:acc   +   0.601 (high,vhigh,4,4,med,med)
    74    1:unacc      2:acc   +   0.857 (high,vhigh,4,4,med,high)
    75    1:unacc    1:unacc       1 (med,low,5more,2,small,low)
    76    1:unacc    1:unacc       0.918 (med,low,2,more,small,med)
    77    1:unacc    1:unacc       1 (low,vhigh,5more,2,med,high)
    78    1:unacc    1:unacc       0.726 (low,vhigh,3,4,small,med)
    79    1:unacc    1:unacc       0.99 (low,med,4,more,med,low)
    80    1:unacc    1:unacc       1 (med,low,2,more,med,low)
    81    1:unacc    1:unacc       0.999 (high,high,5more,2,big,high)
    82    1:unacc    1:unacc       1 (high,low,2,more,big,low)
    83    1:unacc    1:unacc       1 (vhigh,low,5more,2,big,med)
    84    1:unacc    1:unacc       0.991 (low,med,5more,2,big,med)
    85    1:unacc    1:unacc       0.972 (low,med,4,more,big,low)
    86    1:unacc      2:acc   +   0.713 (vhigh,low,5more,more,small,med)
    87    1:unacc    1:unacc       0.998 (med,med,3,2,med,high)
    88    1:unacc    1:unacc       1 (high,low,3,2,small,med)
    89    1:unacc    1:unacc       0.999 (med,low,5more,4,med,low)
    90    1:unacc    1:unacc       1 (low,vhigh,4,2,big,low)
    91    1:unacc    1:unacc       1 (high,med,3,2,small,low)
    92    4:vgood     3:good   +   0.487 (low,low,3,more,med,high)
    93    4:vgood    4:vgood       0.742 (med,low,3,more,big,high)
    94    4:vgood    4:vgood       0.984 (low,med,5more,more,big,high)
    95    4:vgood    4:vgood       0.998 (med,med,5more,more,med,high)
    96    4:vgood    4:vgood       0.525 (med,low,3,4,big,high)
    97    4:vgood    4:vgood       0.954 (low,low,5more,4,med,high)
    98      2:acc    1:unacc   +   0.606 (high,low,5more,more,small,high)
    99      2:acc      2:acc       0.807 (med,vhigh,2,4,big,med)
   100      2:acc      2:acc       0.924 (med,med,3,more,med,med)
   101      2:acc      2:acc       0.537 (low,low,5more,more,small,med)
   102      2:acc     3:good   +   0.663 (low,med,2,more,med,med)
   103      2:acc      2:acc       0.783 (high,low,2,4,big,med)
   104      2:acc      2:acc       0.731 (low,high,2,4,small,med)
   105      2:acc      2:acc       0.655 (high,med,2,4,med,high)
   106      2:acc    1:unacc   +   0.698 (high,med,2,more,big,med)
   107      2:acc    1:unacc   +   0.533 (low,vhigh,2,4,small,high)
   108      2:acc      2:acc       0.807 (med,high,3,more,big,med)
   109      2:acc      2:acc       0.976 (med,high,3,4,big,med)
   110      2:acc      2:acc       0.651 (high,med,3,more,big,med)
   111      2:acc      2:acc       0.958 (high,high,5more,4,small,high)
   112      2:acc    1:unacc   +   0.62 (low,high,5more,more,small,med)
   113      2:acc      2:acc       0.956 (high,med,4,more,med,med)
   114      2:acc    1:unacc   +   0.501 (med,vhigh,3,4,small,high)
   115      2:acc      2:acc       0.979 (high,high,4,4,big,high)
   116      2:acc      2:acc       0.641 (high,med,3,more,small,high)
   117      2:acc      2:acc       0.501 (vhigh,low,4,4,big,high)
   118      2:acc      2:acc       0.94 (med,med,4,more,med,med)
   119      2:acc      2:acc       0.959 (med,med,2,4,big,med)
   120      2:acc      2:acc       0.86 (high,high,3,4,small,high)
   121      2:acc      2:acc       0.709 (med,vhigh,5more,4,med,med)
   122      2:acc      2:acc       0.963 (med,vhigh,5more,more,big,high)
   123      2:acc      2:acc       0.784 (low,med,3,more,small,med)
   124      2:acc    1:unacc   +   0.609 (low,vhigh,5more,more,big,med)
   125      2:acc      2:acc       0.918 (med,med,3,4,big,med)
   126      2:acc      2:acc       0.816 (high,low,5more,4,med,med)
   127      2:acc      2:acc       0.833 (vhigh,low,3,more,small,high)
   128      2:acc      2:acc       0.883 (high,high,3,more,big,high)
   129      2:acc      2:acc       0.93 (high,low,4,4,med,med)
   130      2:acc      2:acc       0.929 (med,vhigh,5more,4,med,high)
   131      2:acc      2:acc       0.906 (med,med,5more,4,small,med)
   132     3:good     3:good       0.871 (med,low,5more,4,small,high)
   133     3:good      2:acc   +   0.78 (med,low,5more,4,big,med)
   134     3:good      2:acc   +   0.65 (low,med,2,4,small,high)
   135     3:good      2:acc   +   0.946 (med,low,4,more,med,med)
   136     3:good    4:vgood   +   0.445 (low,med,2,4,med,high)
   137     3:good     3:good       0.987 (low,low,4,4,med,med)
   138     3:good     3:good       0.767 (low,med,5more,more,med,med)
     1    1:unacc    1:unacc       0.998 (med,high,5more,2,small,high)
     2    1:unacc    1:unacc       0.998 (med,vhigh,3,2,small,high)
     3    1:unacc    1:unacc       0.86 (high,vhigh,2,4,med,med)
     4    1:unacc      2:acc   +   0.686 (high,high,2,4,med,med)
     5    1:unacc    1:unacc       0.997 (low,vhigh,5more,4,med,low)
     6    1:unacc    1:unacc       0.999 (high,med,4,2,big,low)
     7    1:unacc    1:unacc       0.99 (low,med,2,2,big,med)
     8    1:unacc    1:unacc       0.997 (low,vhigh,5more,more,big,low)
     9    1:unacc    1:unacc       0.997 (low,high,5more,2,med,med)
    10    1:unacc     3:good   +   0.883 (med,low,2,more,small,high)
    11    1:unacc    1:unacc       0.988 (med,high,5more,2,big,high)
    12    1:unacc    1:unacc       0.924 (high,vhigh,4,4,small,med)
    13    1:unacc    1:unacc       0.999 (med,med,2,2,small,low)
    14    1:unacc    1:unacc       0.998 (high,vhigh,5more,2,small,low)
    15    1:unacc    1:unacc       0.822 (high,vhigh,2,4,small,high)
    16    1:unacc    1:unacc       0.994 (low,med,4,2,med,med)
    17    1:unacc    1:unacc       0.999 (vhigh,low,3,2,small,high)
    18    1:unacc    1:unacc       0.998 (high,vhigh,4,more,big,low)
    19    1:unacc    1:unacc       1 (high,low,3,2,small,low)
    20    1:unacc    1:unacc       0.881 (med,vhigh,2,more,small,med)
    21    1:unacc    1:unacc       0.998 (low,low,2,2,small,low)
    22    1:unacc    1:unacc       1 (high,low,4,4,med,low)
    23    1:unacc    1:unacc       1 (high,low,5more,4,big,low)
    24    1:unacc    1:unacc       1 (med,high,3,more,med,low)
    25    1:unacc    1:unacc       0.999 (high,vhigh,5more,4,big,low)
    26    1:unacc    1:unacc       0.997 (high,med,4,2,small,high)
    27    1:unacc    1:unacc       1 (vhigh,low,5more,4,small,low)
    28    1:unacc    1:unacc       0.972 (low,low,2,2,big,high)
    29    1:unacc    1:unacc       0.996 (low,vhigh,5more,2,small,high)
    30    1:unacc    1:unacc       1 (med,high,4,2,big,low)
    31    1:unacc    1:unacc       0.998 (low,vhigh,3,4,big,low)
    32    1:unacc    1:unacc       0.999 (high,high,4,2,small,low)
    33    1:unacc      2:acc   +   0.71 (high,vhigh,3,more,big,med)
    34    1:unacc    1:unacc       0.998 (high,vhigh,5more,more,med,low)
    35    1:unacc    1:unacc       0.995 (vhigh,low,5more,2,small,high)
    36    1:unacc    1:unacc       0.997 (high,low,5more,2,med,high)
    37    1:unacc    1:unacc       0.997 (high,low,2,2,med,high)
    38    1:unacc    1:unacc       0.998 (med,med,5more,4,big,low)
    39    1:unacc    1:unacc       0.999 (med,high,2,2,med,low)
    40    1:unacc    1:unacc       0.859 (high,vhigh,3,more,small,med)
    41    1:unacc    1:unacc       0.895 (high,high,2,more,small,med)
    42    1:unacc    1:unacc       0.997 (low,high,2,2,small,high)
    43    1:unacc    1:unacc       0.998 (med,vhigh,2,more,small,low)
    44    1:unacc    1:unacc       0.998 (high,med,2,2,big,low)
    45    1:unacc    1:unacc       0.583 (high,vhigh,5more,more,big,high)
    46    1:unacc    1:unacc       0.998 (high,high,4,2,big,med)
    47    1:unacc    1:unacc       0.997 (med,vhigh,4,2,small,high)
    48    1:unacc    1:unacc       0.999 (med,high,4,more,big,low)
    49    1:unacc    1:unacc       0.999 (high,vhigh,4,4,med,low)
    50    1:unacc    1:unacc       0.982 (med,low,5more,2,big,med)
    51    1:unacc    1:unacc       1 (vhigh,low,4,4,small,low)
    52    1:unacc    1:unacc       0.997 (high,high,5more,2,small,high)
    53    1:unacc    1:unacc       0.993 (low,med,3,2,med,med)
    54    1:unacc    1:unacc       0.749 (med,high,5more,4,small,med)
    55    1:unacc    1:unacc       0.999 (high,vhigh,5more,4,med,low)
    56    1:unacc    1:unacc       0.998 (high,high,4,2,small,med)
    57    1:unacc    1:unacc       0.999 (med,vhigh,4,2,med,low)
    58    1:unacc    1:unacc       0.999 (high,low,5more,2,med,med)
    59    1:unacc    1:unacc       0.998 (low,med,4,2,big,low)
    60    1:unacc    1:unacc       0.997 (low,vhigh,3,2,small,med)
    61    1:unacc    1:unacc       0.997 (high,high,2,2,big,med)
    62    1:unacc    1:unacc       0.999 (med,med,4,4,big,low)
    63    1:unacc    1:unacc       0.998 (high,high,2,2,big,low)
    64    1:unacc    1:unacc       0.998 (high,high,3,2,small,high)
    65    1:unacc    1:unacc       1 (med,low,5more,more,small,low)
    66    1:unacc    1:unacc       0.999 (high,vhigh,5more,4,small,low)
    67    1:unacc    1:unacc       0.999 (high,med,5more,more,med,low)
    68    1:unacc    1:unacc       0.999 (low,high,3,more,small,low)
    69    1:unacc    1:unacc       0.999 (low,high,5more,4,small,low)
    70    1:unacc    1:unacc       0.999 (med,vhigh,4,2,big,low)
    71    1:unacc    1:unacc       0.999 (med,med,3,more,med,low)
    72    1:unacc      2:acc   +   0.601 (high,high,2,more,med,med)
    73    1:unacc    1:unacc       1 (high,high,3,4,med,low)
    74    1:unacc    1:unacc       0.999 (high,high,2,4,small,low)
    75    1:unacc    1:unacc       0.997 (low,high,3,2,big,med)
    76    1:unacc    1:unacc       0.997 (high,low,2,2,big,high)
    77    1:unacc    1:unacc       0.998 (high,vhigh,2,4,big,low)
    78    1:unacc    1:unacc       0.997 (high,vhigh,2,2,med,med)
    79    1:unacc    1:unacc       0.985 (low,low,3,2,small,high)
    80    1:unacc    1:unacc       0.999 (high,vhigh,5more,more,big,low)
    81    1:unacc    1:unacc       0.998 (low,med,3,2,small,med)
    82    1:unacc    1:unacc       0.988 (low,low,4,more,med,low)
    83    1:unacc    1:unacc       0.999 (high,med,3,2,small,med)
    84    1:unacc    1:unacc       0.995 (low,med,3,more,med,low)
    85    1:unacc    1:unacc       0.997 (high,med,2,2,big,high)
    86    1:unacc    1:unacc       1 (high,med,3,2,med,low)
    87    1:unacc    1:unacc       0.997 (high,med,2,2,big,med)
    88    1:unacc    1:unacc       0.998 (med,vhigh,2,2,big,low)
    89    1:unacc    1:unacc       0.997 (high,vhigh,2,2,med,high)
    90    1:unacc    1:unacc       0.997 (high,vhigh,4,2,big,med)
    91    4:vgood    4:vgood       0.582 (low,med,5more,4,med,high)
    92    4:vgood    4:vgood       1 (low,med,4,4,big,high)
    93    4:vgood    4:vgood       0.971 (med,med,4,4,big,high)
    94    4:vgood      2:acc   +   0.522 (med,med,4,4,med,high)
    95    4:vgood    4:vgood       1 (low,low,5more,4,big,high)
    96    4:vgood    4:vgood       0.574 (med,med,5more,4,med,high)
    97    4:vgood    4:vgood       0.982 (low,med,5more,more,med,high)
    98      2:acc      2:acc       0.928 (vhigh,low,4,more,big,med)
    99      2:acc      2:acc       0.911 (low,high,2,more,big,med)
   100      2:acc     3:good   +   0.577 (low,med,3,4,med,med)
   101      2:acc      2:acc       0.523 (high,high,2,more,med,high)
   102      2:acc     3:good   +   0.561 (med,med,4,more,small,high)
   103      2:acc     3:good   +   0.715 (med,med,5more,more,big,med)
   104      2:acc    1:unacc   +   0.543 (low,high,3,4,small,med)
   105      2:acc      2:acc       0.912 (high,high,4,more,big,med)
   106      2:acc      2:acc       0.946 (high,low,3,4,big,high)
   107      2:acc      2:acc       0.907 (vhigh,low,2,more,big,high)
   108      2:acc      2:acc       0.731 (high,med,4,4,med,med)
   109      2:acc      2:acc       0.852 (vhigh,low,4,4,med,med)
   110      2:acc     3:good   +   0.787 (med,med,4,4,small,high)
   111      2:acc      2:acc       0.955 (high,low,3,more,med,high)
   112      2:acc      2:acc       0.951 (high,low,3,4,small,high)
   113      2:acc      2:acc       0.925 (vhigh,low,3,more,big,med)
   114      2:acc    1:unacc   +   0.63 (high,high,2,4,small,high)
   115      2:acc    1:unacc   +   0.781 (med,low,4,more,small,med)
   116      2:acc      2:acc       0.851 (high,high,5more,more,med,high)
   117      2:acc      2:acc       0.832 (high,med,4,4,med,high)
   118      2:acc      2:acc       0.986 (med,high,3,4,med,high)
   119      2:acc      2:acc       0.975 (med,med,4,4,big,med)
   120      2:acc      2:acc       0.948 (high,low,4,more,big,high)
   121      2:acc      2:acc       0.967 (high,low,5more,4,med,high)
   122      2:acc      2:acc       0.977 (med,vhigh,5more,4,big,med)
   123      2:acc      2:acc       0.861 (high,med,5more,more,med,high)
   124      2:acc      2:acc       0.81 (low,high,4,4,small,high)
   125      2:acc      2:acc       0.989 (low,high,5more,4,big,med)
   126      2:acc      2:acc       0.959 (med,vhigh,3,4,big,med)
   127      2:acc      2:acc       0.534 (med,med,4,more,small,med)
   128      2:acc      2:acc       0.977 (med,high,3,more,med,high)
   129      2:acc      2:acc       0.801 (high,high,5more,more,big,med)
   130      2:acc      2:acc       0.593 (high,low,5more,more,med,med)
   131      2:acc      2:acc       0.834 (med,med,5more,more,small,high)
   132     3:good     3:good       0.985 (low,med,3,more,big,med)
   133     3:good    4:vgood   +   0.873 (low,med,3,4,med,high)
   134     3:good     3:good       0.997 (low,low,2,more,big,med)
   135     3:good     3:good       0.64 (med,low,3,4,small,high)
   136     3:good     3:good       0.87 (med,low,2,4,med,high)
   137     3:good      2:acc   +   0.581 (low,med,3,more,small,high)
   138     3:good     3:good       0.982 (low,low,3,more,med,med)
     1    1:unacc      2:acc   +   0.731 (high,high,3,more,small,med)
     2    1:unacc    1:unacc       0.999 (high,low,3,4,med,low)
     3    1:unacc      2:acc   +   0.899 (med,high,4,more,small,med)
     4    1:unacc    1:unacc       0.994 (med,low,4,2,med,med)
     5    1:unacc    1:unacc       0.999 (high,vhigh,4,2,med,high)
     6    1:unacc    1:unacc       0.998 (med,vhigh,5more,2,med,high)
     7    1:unacc    1:unacc       0.999 (low,med,3,2,small,low)
     8    1:unacc    1:unacc       0.998 (low,med,5more,more,small,low)
     9    1:unacc    1:unacc       0.999 (low,high,5more,2,big,low)
    10    1:unacc    1:unacc       0.998 (vhigh,low,4,more,big,low)
    11    1:unacc    1:unacc       0.997 (med,vhigh,3,more,small,low)
    12    1:unacc    1:unacc       0.995 (low,high,5more,4,med,low)
    13    1:unacc    1:unacc       0.581 (high,med,2,4,med,med)
    14    1:unacc    1:unacc       0.998 (med,high,5more,2,big,low)
    15    1:unacc    1:unacc       0.998 (med,med,2,2,big,low)
    16    1:unacc    1:unacc       0.99 (low,med,3,4,med,low)
    17    1:unacc    1:unacc       0.992 (med,low,4,4,med,low)
    18    1:unacc    1:unacc       0.994 (low,high,2,more,big,low)
    19    1:unacc    1:unacc       0.998 (med,med,3,2,med,low)
    20    1:unacc    1:unacc       0.767 (med,med,4,2,med,high)
    21    1:unacc    1:unacc       0.999 (low,vhigh,3,2,big,low)
    22    1:unacc    1:unacc       0.999 (low,vhigh,3,2,small,high)
    23    1:unacc    1:unacc       0.928 (high,vhigh,5more,more,small,med)
    24    1:unacc    1:unacc       0.999 (vhigh,low,4,4,big,low)
    25    1:unacc    1:unacc       0.998 (med,vhigh,2,2,big,med)
    26    1:unacc    1:unacc       0.838 (high,med,3,more,small,med)
    27    1:unacc    1:unacc       0.999 (high,high,3,2,big,low)
    28    1:unacc    1:unacc       0.975 (low,high,2,2,big,high)
    29    1:unacc    1:unacc       0.998 (med,vhigh,3,2,med,high)
    30    1:unacc    1:unacc       0.752 (high,vhigh,5more,more,med,med)
    31    1:unacc    1:unacc       0.999 (med,high,4,2,small,high)
    32    1:unacc    1:unacc       0.529 (high,med,3,4,med,med)
    33    1:unacc    1:unacc       0.999 (low,low,2,2,big,low)
    34    1:unacc    1:unacc       0.995 (med,high,2,more,big,low)
    35    1:unacc    1:unacc       0.999 (high,low,5more,2,small,low)
    36    1:unacc    1:unacc       0.999 (low,vhigh,5more,2,small,low)
    37    1:unacc    1:unacc       0.996 (high,high,2,more,med,low)
    38    1:unacc    1:unacc       0.999 (high,med,5more,2,big,high)
    39    1:unacc    1:unacc       0.999 (med,vhigh,5more,2,small,low)
    40    1:unacc    1:unacc       0.999 (med,low,3,2,big,low)
    41    1:unacc    1:unacc       0.998 (low,vhigh,2,2,med,high)
    42    1:unacc    1:unacc       0.999 (high,high,4,4,big,low)
    43    1:unacc    1:unacc       0.999 (high,low,3,4,small,low)
    44    1:unacc    1:unacc       0.994 (low,high,5more,more,med,low)
    45    1:unacc    1:unacc       0.998 (high,med,3,more,big,low)
    46    1:unacc    1:unacc       0.998 (high,high,5more,more,small,low)
    47    1:unacc    1:unacc       0.993 (med,low,4,4,big,low)
    48    1:unacc    1:unacc       0.989 (low,low,5more,4,med,low)
    49    1:unacc    1:unacc       0.999 (low,vhigh,5more,2,big,med)
    50    1:unacc    1:unacc       0.998 (low,high,3,2,med,low)
    51    1:unacc    1:unacc       0.999 (low,high,3,2,small,med)
    52    1:unacc    1:unacc       0.951 (high,low,5more,4,small,med)
    53    1:unacc    1:unacc       0.998 (low,low,3,4,small,low)
    54    1:unacc    1:unacc       0.999 (high,med,3,4,small,low)
    55    1:unacc    1:unacc       0.995 (vhigh,low,5more,more,big,low)
    56    1:unacc    1:unacc       0.821 (low,vhigh,4,4,small,med)
    57    1:unacc    1:unacc       0.998 (med,high,3,2,big,med)
    58    1:unacc    1:unacc       0.822 (low,vhigh,3,more,small,med)
    59    1:unacc    1:unacc       0.999 (med,vhigh,3,2,big,low)
    60    1:unacc    1:unacc       0.999 (low,vhigh,5more,2,big,high)
    61    1:unacc    1:unacc       0.999 (high,med,2,4,small,low)
    62    1:unacc    1:unacc       0.99 (low,med,2,more,big,low)
    63    1:unacc    1:unacc       0.999 (high,high,2,2,small,med)
    64    1:unacc    1:unacc       0.997 (high,high,2,4,big,low)
    65    1:unacc    1:unacc       0.999 (low,med,3,2,big,med)
    66    1:unacc    1:unacc       0.999 (low,high,5more,2,big,med)
    67    1:unacc    1:unacc       0.999 (high,vhigh,3,4,small,low)
    68    1:unacc    1:unacc       0.998 (low,med,5more,2,med,med)
    69    1:unacc    1:unacc       0.999 (med,med,3,2,small,high)
    70    1:unacc    1:unacc       0.998 (med,vhigh,3,2,med,low)
    71    1:unacc    1:unacc       0.998 (high,med,3,4,med,low)
    72    1:unacc    1:unacc       0.983 (low,med,2,2,med,high)
    73    1:unacc    1:unacc       0.989 (low,high,3,4,big,low)
    74    1:unacc      2:acc   +   0.746 (high,vhigh,3,4,med,high)
    75    1:unacc    1:unacc       0.997 (med,med,2,2,med,low)
    76    1:unacc    1:unacc       0.998 (high,high,2,2,med,med)
    77    1:unacc    1:unacc       0.998 (low,high,2,2,big,med)
    78    1:unacc    1:unacc       0.999 (high,vhigh,4,2,med,med)
    79    1:unacc    1:unacc       0.997 (med,vhigh,4,4,med,low)
    80    1:unacc    1:unacc       0.997 (low,high,5more,more,small,low)
    81    1:unacc    1:unacc       0.944 (med,low,4,more,big,low)
    82    1:unacc    1:unacc       0.985 (low,low,5more,2,med,high)
    83    1:unacc    1:unacc       0.998 (med,med,4,4,small,low)
    84    1:unacc    1:unacc       0.999 (high,high,3,2,big,high)
    85    1:unacc    1:unacc       0.999 (vhigh,low,3,2,big,low)
    86    1:unacc    1:unacc       0.994 (med,med,2,more,med,low)
    87    1:unacc    1:unacc       0.999 (low,high,4,2,small,low)
    88    1:unacc    1:unacc       0.999 (vhigh,low,3,2,med,high)
    89    1:unacc    1:unacc       0.999 (low,vhigh,4,4,small,low)
    90    1:unacc    1:unacc       0.999 (low,med,3,2,small,high)
    91    4:vgood    4:vgood       1 (med,med,4,more,med,high)
    92    4:vgood     3:good   +   0.585 (med,low,4,4,med,high)
    93    4:vgood    4:vgood       1 (low,high,4,more,med,high)
    94    4:vgood    4:vgood       0.524 (low,high,4,4,big,high)
    95    4:vgood      2:acc   +   0.915 (low,high,3,more,med,high)
    96    4:vgood    4:vgood       0.971 (med,low,4,4,big,high)
    97    4:vgood      2:acc   +   0.899 (low,high,2,more,big,high)
    98      2:acc    1:unacc   +   0.87 (med,vhigh,2,more,med,high)
    99      2:acc      2:acc       0.974 (low,vhigh,5more,more,big,high)
   100      2:acc      2:acc       0.557 (low,med,2,4,med,med)
   101      2:acc    1:unacc   +   0.904 (high,low,4,4,small,high)
   102      2:acc      2:acc       0.964 (vhigh,low,2,more,med,high)
   103      2:acc      2:acc       0.986 (high,high,5more,4,big,high)
   104      2:acc      2:acc       0.981 (high,high,4,more,big,high)
   105      2:acc      2:acc       0.576 (high,med,5more,4,med,med)
   106      2:acc     3:good   +   0.596 (low,med,3,4,small,med)
   107      2:acc      2:acc       0.889 (med,med,2,more,big,med)
   108      2:acc      2:acc       0.966 (high,low,2,4,big,high)
   109      2:acc      2:acc       0.462 (low,low,5more,4,small,med)
   110      2:acc      2:acc       0.715 (vhigh,low,5more,more,med,med)
   111      2:acc      2:acc       0.958 (high,high,5more,more,small,high)
   112      2:acc      2:acc       0.666 (low,high,5more,more,med,med)
   113      2:acc    1:unacc   +   0.796 (med,vhigh,2,more,big,med)
   114      2:acc      2:acc       0.972 (high,high,3,more,med,high)
   115      2:acc      2:acc       0.954 (low,vhigh,4,more,med,high)
   116      2:acc    1:unacc   +   0.729 (low,vhigh,2,more,big,med)
   117      2:acc      2:acc       0.906 (med,med,5more,4,med,med)
   118      2:acc      2:acc       0.911 (low,high,4,4,med,med)
   119      2:acc      2:acc       0.89 (med,vhigh,4,more,big,med)
   120      2:acc      2:acc       0.961 (med,high,3,4,small,high)
   121      2:acc      2:acc       0.964 (low,vhigh,3,4,big,high)
   122      2:acc      2:acc       0.89 (high,high,4,more,small,high)
   123      2:acc    1:unacc   +   0.709 (low,vhigh,2,4,big,med)
   124      2:acc      2:acc       0.954 (low,vhigh,3,more,med,high)
   125      2:acc      2:acc       0.974 (high,low,5more,more,big,high)
   126      2:acc      2:acc       0.954 (vhigh,low,3,more,med,high)
   127      2:acc      2:acc       0.921 (high,high,3,4,big,med)
   128      2:acc    4:vgood   +   0.959 (med,high,5more,4,big,high)
   129      2:acc      2:acc       0.645 (high,med,5more,more,med,med)
   130      2:acc    1:unacc   +   0.556 (low,vhigh,3,more,med,med)
   131      2:acc      2:acc       0.957 (high,med,5more,4,big,high)
   132     3:good    4:vgood   +   0.815 (low,med,2,more,med,high)
   133     3:good     3:good       0.977 (low,low,4,more,big,med)
   134     3:good      2:acc   +   0.62 (low,low,3,more,small,high)
   135     3:good      2:acc   +   0.587 (low,med,5more,more,big,med)
   136     3:good      2:acc   +   0.888 (med,low,4,more,small,high)
   137     3:good     3:good       0.666 (low,low,4,4,big,med)
   138     3:good     3:good       0.846 (low,low,5more,4,med,med)
     1    1:unacc      2:acc   +   0.777 (high,vhigh,4,more,big,high)
     2    1:unacc    1:unacc       0.997 (vhigh,low,5more,4,big,low)
     3    1:unacc    1:unacc       0.999 (med,high,3,2,big,low)
     4    1:unacc      2:acc   +   0.748 (med,vhigh,3,4,med,med)
     5    1:unacc    1:unacc       0.999 (med,high,2,more,med,low)
     6    1:unacc    1:unacc       1 (high,vhigh,2,4,med,low)
     7    1:unacc    1:unacc       0.999 (low,vhigh,3,2,small,low)
     8    1:unacc    1:unacc       0.999 (med,low,5more,4,small,low)
     9    1:unacc    1:unacc       0.999 (med,med,4,2,big,low)
    10    1:unacc    1:unacc       0.999 (med,low,2,2,big,low)
    11    1:unacc    1:unacc       1 (low,vhigh,2,4,med,low)
    12    1:unacc    1:unacc       0.999 (high,med,5more,2,big,med)
    13    1:unacc    1:unacc       0.999 (high,high,4,4,small,low)
    14    1:unacc    1:unacc       0.999 (low,med,2,2,med,low)
    15    1:unacc    1:unacc       0.999 (high,med,5more,4,med,low)
    16    1:unacc    1:unacc       0.99 (med,low,2,2,med,high)
    17    1:unacc    1:unacc       0.999 (med,high,5more,2,small,med)
    18    1:unacc    1:unacc       0.999 (low,vhigh,2,2,small,high)
    19    1:unacc    1:unacc       0.998 (low,low,2,2,small,high)
    20    1:unacc    1:unacc       0.994 (med,med,2,2,med,high)
    21    1:unacc    1:unacc       0.683 (high,low,5more,more,small,med)
    22    1:unacc    1:unacc       0.999 (high,med,3,more,small,low)
    23    1:unacc    1:unacc       1 (med,vhigh,3,4,med,low)
    24    1:unacc    1:unacc       0.999 (high,vhigh,4,4,small,low)
    25    1:unacc      2:acc   +   0.689 (high,high,3,4,med,med)
    26    1:unacc    1:unacc       0.648 (high,vhigh,2,4,big,high)
    27    1:unacc      2:acc   +   0.877 (high,low,2,more,med,med)
    28    1:unacc    1:unacc       0.997 (low,low,2,2,med,med)
    29    1:unacc    1:unacc       0.999 (high,low,4,2,big,low)
    30    1:unacc    1:unacc       0.999 (med,low,4,2,big,low)
    31    1:unacc    1:unacc       0.999 (high,low,2,4,med,low)
    32    1:unacc    1:unacc       0.999 (med,vhigh,2,2,big,high)
    33    1:unacc    1:unacc       0.999 (high,med,4,2,small,med)
    34    1:unacc    1:unacc       0.999 (low,high,5more,2,med,low)
    35    1:unacc    1:unacc       0.865 (high,med,2,4,small,med)
    36    1:unacc    1:unacc       0.999 (med,med,4,2,small,low)
    37    1:unacc    1:unacc       0.999 (vhigh,low,4,more,small,low)
    38    1:unacc    1:unacc       0.999 (high,low,3,2,big,low)
    39    1:unacc    1:unacc       0.999 (high,med,4,2,big,med)
    40    1:unacc    1:unacc       0.999 (high,high,3,2,small,med)
    41    1:unacc    1:unacc       0.688 (high,low,2,more,small,med)
    42    1:unacc    1:unacc       0.999 (high,high,2,more,big,low)
    43    1:unacc    1:unacc       0.999 (high,med,5more,more,big,low)
    44    1:unacc    1:unacc       0.999 (high,med,2,4,med,low)
    45    1:unacc    1:unacc       0.999 (low,low,4,2,small,med)
    46    1:unacc    1:unacc       0.922 (high,vhigh,2,4,small,med)
    47    1:unacc    1:unacc       0.998 (low,vhigh,3,2,big,high)
    48    1:unacc      2:acc   +   0.842 (high,vhigh,5more,more,big,med)
    49    1:unacc    1:unacc       0.997 (low,high,5more,4,big,low)
    50    1:unacc    1:unacc       0.999 (med,med,5more,2,big,low)
    51    1:unacc    1:unacc       0.999 (high,high,5more,4,small,low)
    52    1:unacc    1:unacc       0.998 (low,med,2,2,small,high)
    53    1:unacc    1:unacc       0.934 (high,low,2,4,small,med)
    54    1:unacc    1:unacc       0.999 (vhigh,low,5more,2,small,low)
    55    1:unacc    1:unacc       0.528 (high,vhigh,3,more,big,high)
    56    1:unacc    1:unacc       0.554 (high,vhigh,2,4,med,high)
    57    1:unacc    1:unacc       0.997 (low,low,4,2,big,med)
    58    1:unacc    1:unacc       0.706 (high,med,2,more,small,med)
    59    1:unacc    1:unacc       0.999 (vhigh,low,4,4,med,low)
    60    1:unacc    1:unacc       0.995 (low,med,5more,more,big,low)
    61    1:unacc    1:unacc       0.678 (high,low,4,more,small,med)
    62    1:unacc    1:unacc       0.999 (vhigh,low,2,more,big,low)
    63    1:unacc    1:unacc       0.999 (high,med,2,more,med,low)
    64    1:unacc    1:unacc       0.999 (med,high,5more,more,small,low)
    65    1:unacc    1:unacc       0.999 (high,high,3,2,med,med)
    66    1:unacc    1:unacc       0.808 (high,high,5more,4,small,med)
    67    1:unacc    1:unacc       0.522 (high,vhigh,5more,4,med,med)
    68    1:unacc    1:unacc       0.621 (high,vhigh,5more,4,big,med)
    69    1:unacc    1:unacc       0.999 (med,vhigh,3,2,med,med)
    70    1:unacc    1:unacc       0.999 (high,low,2,2,med,low)
    71    1:unacc    1:unacc       0.999 (med,vhigh,5more,2,med,low)
    72    1:unacc    1:unacc       0.999 (high,high,3,2,med,low)
    73    1:unacc    1:unacc       0.999 (med,high,4,2,big,med)
    74    1:unacc    1:unacc       0.99 (med,low,4,2,med,high)
    75    1:unacc      2:acc   +   0.796 (low,med,2,more,small,high)
    76    1:unacc    1:unacc       0.999 (med,high,4,4,small,low)
    77    1:unacc    1:unacc       0.999 (high,med,5more,2,small,low)
    78    1:unacc      2:acc   +   0.855 (high,med,2,more,med,med)
    79    1:unacc    1:unacc       0.711 (low,vhigh,2,more,med,med)
    80    1:unacc    1:unacc       0.876 (high,vhigh,4,more,small,med)
    81    1:unacc    1:unacc       0.99 (low,high,5more,2,big,high)
    82    1:unacc    1:unacc       0.999 (low,vhigh,2,2,big,low)
    83    1:unacc    1:unacc       0.999 (vhigh,low,3,more,small,low)
    84    1:unacc    1:unacc       0.998 (med,high,5more,4,big,low)
    85    1:unacc    1:unacc       0.763 (low,vhigh,5more,more,small,med)
    86    1:unacc    1:unacc       0.999 (low,vhigh,3,more,small,low)
    87    1:unacc    1:unacc       0.999 (low,med,2,2,small,low)
    88    1:unacc      2:acc   +   0.904 (med,high,2,4,med,med)
    89    1:unacc    1:unacc       0.999 (high,high,5more,2,med,med)
    90    1:unacc    1:unacc       0.998 (high,low,3,2,big,high)
    91    4:vgood    4:vgood       0.942 (low,med,2,4,big,high)
    92    4:vgood    4:vgood       0.743 (low,high,5more,4,big,high)
    93    4:vgood    4:vgood       0.995 (med,low,5more,4,big,high)
    94    4:vgood    4:vgood       0.984 (low,low,3,4,big,high)
    95    4:vgood    4:vgood       0.999 (low,med,4,more,med,high)
    96    4:vgood    4:vgood       0.497 (med,low,3,more,med,high)
    97    4:vgood    4:vgood       0.617 (low,high,5more,more,med,high)
    98      2:acc      2:acc       0.703 (med,high,2,more,big,high)
    99      2:acc      2:acc       0.865 (low,vhigh,3,4,small,high)
   100      2:acc    1:unacc   +   0.626 (low,vhigh,4,more,small,high)
   101      2:acc      2:acc       0.617 (med,vhigh,2,4,med,high)
   102      2:acc    1:unacc   +   0.748 (low,vhigh,2,more,med,high)
   103      2:acc      2:acc       0.931 (high,med,3,more,med,high)
   104      2:acc      2:acc       0.896 (vhigh,low,4,more,big,high)
   105      2:acc      2:acc       0.931 (high,med,3,4,big,high)
   106      2:acc      2:acc       0.838 (high,high,2,more,big,med)
   107      2:acc      2:acc       0.603 (med,vhigh,5more,more,big,med)
   108      2:acc    1:unacc   +   0.663 (med,vhigh,2,more,big,high)
   109      2:acc      2:acc       0.839 (high,high,5more,more,med,med)
   110      2:acc      2:acc       0.961 (high,med,3,more,big,high)
   111      2:acc      2:acc       0.812 (med,med,4,more,big,med)
   112      2:acc    1:unacc   +   0.587 (high,high,5more,4,big,med)
   113      2:acc      2:acc       0.946 (med,high,2,4,med,high)
   114      2:acc      2:acc       0.947 (med,high,4,more,small,high)
   115      2:acc      2:acc       0.914 (low,high,4,more,med,med)
   116      2:acc      2:acc       0.844 (med,vhigh,3,more,big,high)
   117      2:acc    1:unacc   +   0.741 (high,low,4,more,small,high)
   118      2:acc      2:acc       0.913 (med,vhigh,5more,4,small,high)
   119      2:acc      2:acc       0.876 (low,vhigh,2,4,big,high)
   120      2:acc      2:acc       0.681 (vhigh,low,5more,4,med,high)
   121      2:acc      2:acc       0.903 (med,high,2,4,big,high)
   122      2:acc      2:acc       0.729 (high,high,3,more,med,med)
   123      2:acc      2:acc       0.656 (high,high,3,more,big,med)
   124      2:acc      2:acc       0.586 (low,vhigh,4,4,small,high)
   125      2:acc      2:acc       0.973 (high,med,4,4,big,high)
   126      2:acc      2:acc       0.919 (low,high,5more,more,big,med)
   127      2:acc      2:acc       0.908 (high,low,4,more,med,med)
   128      2:acc      2:acc       0.938 (med,high,5more,4,med,med)
   129      2:acc      2:acc       0.97 (med,vhigh,4,4,big,high)
   130      2:acc      2:acc       0.793 (med,med,2,4,small,med)
   131      2:acc      2:acc       0.936 (low,vhigh,5more,4,med,high)
   132     3:good      2:acc   +   0.824 (med,low,5more,more,med,med)
   133     3:good      2:acc   +   0.866 (med,low,5more,more,big,med)
   134     3:good      2:acc   +   0.6 (low,low,3,4,big,med)
   135     3:good     3:good       0.924 (low,med,4,more,med,med)
   136     3:good      2:acc   +   0.874 (med,low,3,more,big,med)
   137     3:good     3:good       0.55 (low,low,5more,4,big,med)
   138     3:good      2:acc   +   0.869 (med,low,4,4,big,med)
     1    1:unacc    1:unacc       0.671 (med,high,2,more,small,med)
     2    1:unacc    1:unacc       1 (med,vhigh,4,2,med,high)
     3    1:unacc    1:unacc       1 (low,med,4,2,small,high)
     4    1:unacc    1:unacc       0.999 (low,med,2,more,small,low)
     5    1:unacc    1:unacc       1 (low,low,5more,2,big,low)
     6    1:unacc    1:unacc       0.989 (med,low,4,more,med,low)
     7    1:unacc    1:unacc       0.999 (vhigh,low,3,4,small,low)
     8    1:unacc    1:unacc       0.999 (low,vhigh,2,2,med,low)
     9    1:unacc    1:unacc       1 (med,low,3,2,small,med)
    10    1:unacc    1:unacc       0.555 (high,high,4,4,small,med)
    11    1:unacc    1:unacc       0.999 (low,vhigh,4,4,big,low)
    12    1:unacc    1:unacc       0.936 (high,vhigh,2,more,small,high)
    13    1:unacc    1:unacc       0.998 (vhigh,low,5more,4,med,low)
    14    1:unacc    1:unacc       0.942 (med,vhigh,2,4,small,med)
    15    1:unacc    1:unacc       0.999 (low,med,4,4,small,low)
    16    1:unacc    1:unacc       0.824 (med,vhigh,3,4,small,med)
    17    1:unacc    1:unacc       0.999 (low,vhigh,5more,4,small,low)
    18    1:unacc    1:unacc       1 (low,low,4,2,small,low)
    19    1:unacc    1:unacc       1 (high,med,3,2,big,med)
    20    1:unacc    1:unacc       1 (med,vhigh,2,2,small,med)
    21    1:unacc    1:unacc       0.635 (high,med,4,more,small,med)
    22    1:unacc    1:unacc       1 (high,low,4,2,small,high)
    23    1:unacc      2:acc   +   0.807 (high,high,2,more,small,high)
    24    1:unacc    1:unacc       0.714 (high,vhigh,5more,4,med,high)
    25    1:unacc    1:unacc       0.999 (high,vhigh,4,2,small,med)
    26    1:unacc      2:acc   +   0.995 (vhigh,low,3,4,med,med)
    27    1:unacc    1:unacc       0.999 (high,vhigh,5more,more,small,low)
    28    1:unacc    1:unacc       0.86 (med,high,2,4,small,med)
    29    1:unacc    1:unacc       0.998 (low,low,3,more,small,low)
    30    1:unacc    1:unacc       1 (low,high,4,2,med,med)
    31    1:unacc    1:unacc       0.999 (high,low,2,2,med,med)
    32    1:unacc    1:unacc       1 (high,med,5more,2,big,low)
    33    1:unacc    1:unacc       1 (med,med,5more,2,small,med)
    34    1:unacc    1:unacc       0.86 (high,high,3,4,small,med)
    35    1:unacc    1:unacc       1 (med,high,5more,2,med,low)
    36    1:unacc    1:unacc       1 (low,vhigh,2,2,big,med)
    37    1:unacc    1:unacc       1 (vhigh,low,3,2,small,low)
    38    1:unacc    1:unacc       0.999 (high,high,3,2,big,med)
    39    1:unacc    1:unacc       0.999 (med,high,5more,2,med,high)
    40    1:unacc    1:unacc       0.999 (med,low,2,more,small,low)
    41    1:unacc    1:unacc       0.998 (vhigh,low,3,more,med,low)
    42    1:unacc    1:unacc       0.999 (high,vhigh,2,2,big,high)
    43    1:unacc    1:unacc       0.988 (low,med,5more,4,med,low)
    44    1:unacc    1:unacc       1 (low,vhigh,4,2,small,high)
    45    1:unacc    1:unacc       0.997 (low,high,3,more,med,low)
    46    1:unacc    1:unacc       1 (low,med,5more,2,small,low)
    47    1:unacc    1:unacc       0.999 (high,low,3,2,med,high)
    48    1:unacc    1:unacc       0.999 (med,low,2,2,big,high)
    49    1:unacc    1:unacc       1 (low,low,4,2,big,low)
    50    1:unacc    1:unacc       1 (low,med,5more,2,big,low)
    51    1:unacc    1:unacc       0.97 (low,vhigh,2,4,small,med)
    52    1:unacc    1:unacc       0.999 (high,vhigh,2,more,small,low)
    53    1:unacc    1:unacc       1 (med,med,2,more,small,low)
    54    1:unacc    1:unacc       0.968 (med,low,5more,more,big,low)
    55    1:unacc    1:unacc       0.999 (high,med,2,more,small,low)
    56    1:unacc    1:unacc       1 (low,low,4,2,med,low)
    57    1:unacc    1:unacc       0.999 (high,high,4,more,big,low)
    58    1:unacc    1:unacc       0.97 (med,low,5more,more,med,low)
    59    1:unacc    1:unacc       0.999 (high,low,5more,2,big,med)
    60    1:unacc    1:unacc       1 (vhigh,low,4,2,big,low)
    61    1:unacc    1:unacc       0.999 (low,low,4,more,small,low)
    62    1:unacc    1:unacc       1 (high,high,4,2,med,low)
    63    1:unacc      2:acc   +   0.788 (vhigh,low,4,more,small,med)
    64    1:unacc    1:unacc       1 (med,vhigh,2,2,small,high)
    65    1:unacc    1:unacc       0.999 (med,vhigh,2,2,med,med)
    66    1:unacc    1:unacc       0.999 (vhigh,low,3,2,big,high)
    67    1:unacc    1:unacc       1 (low,high,4,2,big,med)
    68    1:unacc    1:unacc       0.999 (high,vhigh,2,2,med,low)
    69    1:unacc    1:unacc       0.998 (low,med,2,4,med,low)
    70    1:unacc    1:unacc       1 (low,high,5more,2,small,med)
    71    1:unacc    1:unacc       1 (med,med,5more,2,small,low)
    72    1:unacc    1:unacc       0.991 (low,med,2,more,med,low)
    73    1:unacc    1:unacc       0.998 (med,vhigh,5more,more,med,low)
    74    1:unacc    1:unacc       0.999 (low,med,2,2,med,med)
    75    1:unacc    1:unacc       1 (med,high,2,2,small,med)
    76    1:unacc    1:unacc       0.999 (low,vhigh,3,2,med,low)
    77    1:unacc    1:unacc       0.999 (med,med,3,2,med,med)
    78    1:unacc    1:unacc       0.999 (high,med,4,4,med,low)
    79    1:unacc    1:unacc       0.977 (low,low,3,2,med,med)
    80    1:unacc    1:unacc       0.999 (low,low,5more,4,small,low)
    81    1:unacc    1:unacc       0.674 (high,med,5more,more,small,med)
    82    1:unacc    1:unacc       0.998 (low,high,2,more,med,low)
    83    1:unacc    1:unacc       1 (low,low,5more,2,med,low)
    84    1:unacc    1:unacc       1 (low,low,3,2,small,low)
    85    1:unacc    1:unacc       0.999 (med,high,2,4,big,low)
    86    1:unacc    1:unacc       0.999 (low,high,4,4,small,low)
    87    1:unacc    1:unacc       0.999 (med,vhigh,5more,4,small,low)
    88    1:unacc    1:unacc       0.998 (low,high,3,4,med,low)
    89    1:unacc      2:acc   +   0.542 (vhigh,low,3,more,small,med)
    90    1:unacc    1:unacc       0.905 (low,vhigh,5more,4,small,med)
    91    4:vgood    4:vgood       0.666 (med,med,5more,4,big,high)
    92    4:vgood    4:vgood       0.784 (low,med,4,4,med,high)
    93    4:vgood    4:vgood       0.536 (med,low,2,more,big,high)
    94    4:vgood    4:vgood       0.999 (low,med,4,more,big,high)
    95    4:vgood      2:acc   +   0.45 (med,low,5more,4,med,high)
    96    4:vgood    4:vgood       0.988 (low,low,2,more,big,high)
    97    4:vgood    4:vgood       0.871 (med,low,5more,more,med,high)
    98      2:acc    1:unacc   +   0.467 (med,med,5more,4,small,high)
    99      2:acc      2:acc       0.98 (low,vhigh,4,4,big,high)
   100      2:acc      2:acc       0.764 (vhigh,low,5more,more,small,high)
   101      2:acc    1:unacc   +   0.881 (med,low,2,4,small,med)
   102      2:acc      2:acc       0.995 (vhigh,low,3,more,big,high)
   103      2:acc      2:acc       0.949 (high,high,5more,4,med,high)
   104      2:acc      2:acc       0.833 (high,low,3,4,big,med)
   105      2:acc      2:acc       0.972 (high,med,5more,4,med,high)
   106      2:acc      2:acc       0.996 (low,high,4,more,big,med)
   107      2:acc    4:vgood   +   0.599 (med,high,3,4,big,high)
   108      2:acc      2:acc       0.927 (med,high,3,more,big,high)
   109      2:acc      2:acc       0.926 (med,med,4,4,med,med)
   110      2:acc      2:acc       0.992 (high,med,5more,more,big,med)
   111      2:acc      2:acc       0.977 (med,high,2,more,med,high)
   112      2:acc      2:acc       0.877 (med,vhigh,3,4,med,high)
   113      2:acc    1:unacc   +   0.768 (low,med,2,4,small,med)
   114      2:acc      2:acc       0.984 (low,med,5more,more,small,med)
   115      2:acc      2:acc       0.976 (vhigh,low,5more,4,big,high)
   116      2:acc      2:acc       0.684 (med,high,2,4,big,med)
   117      2:acc    1:unacc   +   0.691 (high,low,3,more,small,high)
   118      2:acc      2:acc       0.987 (high,med,4,more,med,high)
   119      2:acc      2:acc       0.715 (vhigh,low,3,4,big,high)
   120      2:acc      2:acc       0.97 (low,vhigh,4,4,med,high)
   121      2:acc      2:acc       0.886 (med,high,5more,more,small,high)
   122      2:acc      2:acc       0.657 (high,high,4,more,med,med)
   123      2:acc      2:acc       0.848 (med,low,3,more,small,med)
   124      2:acc      2:acc       0.969 (low,low,4,more,small,med)
   125      2:acc      2:acc       0.736 (med,high,4,more,med,high)
   126      2:acc    1:unacc   +   0.609 (low,med,4,4,small,med)
   127      2:acc      2:acc       0.801 (low,low,2,more,med,med)
   128      2:acc      2:acc       0.899 (med,high,4,4,small,high)
   129      2:acc      2:acc       0.996 (vhigh,low,3,4,big,med)
   130      2:acc      2:acc       0.934 (vhigh,low,4,4,small,high)
   131      2:acc      2:acc       0.975 (med,vhigh,4,more,med,high)
   132     3:good     3:good       0.713 (low,med,2,4,big,med)
   133     3:good     3:good       0.939 (low,low,5more,4,small,high)
   134     3:good     3:good       1 (low,low,3,more,big,med)
   135     3:good     3:good       0.986 (low,low,2,4,big,med)
   136     3:good     3:good       0.734 (low,med,4,4,small,high)
   137     3:good     3:good       0.771 (med,low,3,4,big,med)
   138     3:good     3:good       0.999 (low,med,4,more,big,med)
     1    1:unacc    1:unacc       0.83 (high,vhigh,2,more,med,med)
     2    1:unacc    1:unacc       0.999 (med,low,4,2,small,high)
     3    1:unacc    1:unacc       0.999 (high,vhigh,2,more,big,low)
     4    1:unacc    1:unacc       0.999 (vhigh,low,3,4,big,low)
     5    1:unacc    1:unacc       0.983 (low,low,3,2,big,high)
     6    1:unacc    1:unacc       0.944 (high,high,4,more,small,med)
     7    1:unacc    1:unacc       0.999 (med,low,2,2,small,low)
     8    1:unacc    1:unacc       0.999 (high,vhigh,4,2,big,low)
     9    1:unacc    1:unacc       0.999 (low,low,2,2,small,med)
    10    1:unacc    1:unacc       0.992 (low,low,2,4,med,low)
    11    1:unacc    1:unacc       0.999 (low,high,2,4,small,low)
    12    1:unacc    1:unacc       0.999 (high,med,4,2,small,low)
    13    1:unacc    1:unacc       0.999 (high,med,4,4,big,low)
    14    1:unacc    1:unacc       0.987 (low,low,3,4,med,low)
    15    1:unacc    1:unacc       0.655 (high,vhigh,5more,4,big,high)
    16    1:unacc    1:unacc       0.998 (low,vhigh,5more,2,med,med)
    17    1:unacc    1:unacc       0.999 (high,high,3,4,big,low)
    18    1:unacc    1:unacc       0.993 (low,med,2,4,big,low)
    19    1:unacc    1:unacc       0.999 (med,high,3,4,small,low)
    20    1:unacc    1:unacc       0.999 (high,vhigh,3,2,small,low)
    21    1:unacc    1:unacc       0.999 (low,high,4,2,small,med)
    22    1:unacc    1:unacc       0.999 (high,high,4,2,small,high)
    23    1:unacc    1:unacc       0.993 (low,low,4,4,big,low)
    24    1:unacc    1:unacc       0.999 (med,high,3,more,small,low)
    25    1:unacc    1:unacc       0.654 (high,vhigh,3,more,med,med)
    26    1:unacc    1:unacc       0.999 (med,high,2,2,small,low)
    27    1:unacc    1:unacc       0.999 (high,high,3,more,small,low)
    28    1:unacc      2:acc   +   0.687 (low,med,5more,2,big,high)
    29    1:unacc    1:unacc       0.999 (med,vhigh,4,2,small,med)
    30    1:unacc    1:unacc       0.999 (low,high,4,2,big,low)
    31    1:unacc    1:unacc       0.999 (high,vhigh,4,more,med,low)
    32    1:unacc    1:unacc       0.998 (high,high,5more,2,med,low)
    33    1:unacc    1:unacc       0.992 (low,low,4,2,med,med)
    34    1:unacc    1:unacc       0.999 (med,med,4,2,med,low)
    35    1:unacc    1:unacc       0.998 (low,vhigh,4,more,med,low)
    36    1:unacc    1:unacc       0.999 (high,low,2,2,small,med)
    37    1:unacc      2:acc   +   0.874 (med,high,5more,more,small,med)
    38    1:unacc    1:unacc       0.999 (high,med,4,more,med,low)
    39    1:unacc    1:unacc       0.998 (low,vhigh,4,2,med,high)
    40    1:unacc    1:unacc       0.996 (med,med,3,more,big,low)
    41    1:unacc    1:unacc       0.999 (med,med,5more,more,small,low)
    42    1:unacc      2:acc   +   0.824 (high,vhigh,4,4,small,high)
    43    1:unacc    1:unacc       0.999 (vhigh,low,4,2,big,high)
    44    1:unacc    1:unacc       0.986 (low,low,5more,2,med,med)
    45    1:unacc    1:unacc       0.998 (med,vhigh,5more,more,big,low)
    46    1:unacc    1:unacc       0.998 (med,med,5more,2,small,high)
    47    1:unacc    1:unacc       0.999 (med,low,2,2,med,med)
    48    1:unacc    1:unacc       0.998 (med,med,4,2,med,med)
    49    1:unacc    1:unacc       0.998 (vhigh,low,5more,2,med,med)
    50    1:unacc    1:unacc       0.999 (high,vhigh,3,2,small,high)
    51    1:unacc    1:unacc       0.997 (med,high,5more,more,big,low)
    52    1:unacc    1:unacc       0.773 (med,vhigh,3,more,small,med)
    53    1:unacc    1:unacc       0.988 (vhigh,low,5more,2,med,high)
    54    1:unacc    1:unacc       0.999 (med,high,5more,2,small,low)
    55    1:unacc    1:unacc       0.996 (low,low,3,2,big,med)
    56    1:unacc    1:unacc       0.993 (low,high,2,2,med,high)
    57    1:unacc    1:unacc       0.999 (high,high,5more,2,small,low)
    58    1:unacc    1:unacc       0.998 (high,vhigh,5more,2,big,high)
    59    1:unacc    1:unacc       0.999 (med,high,3,2,small,high)
    60    1:unacc    1:unacc       0.999 (low,low,2,more,small,low)
    61    1:unacc    1:unacc       0.999 (low,high,3,2,big,low)
    62    1:unacc    1:unacc       0.694 (med,vhigh,2,more,small,high)
    63    1:unacc    1:unacc       0.999 (med,vhigh,3,more,big,low)
    64    1:unacc    1:unacc       0.999 (med,high,4,more,small,low)
    65    1:unacc    1:unacc       0.998 (high,med,2,2,med,high)
    66    1:unacc    1:unacc       0.999 (low,med,4,2,med,low)
    67    1:unacc    1:unacc       0.867 (low,low,5more,4,big,low)
    68    1:unacc    1:unacc       0.64 (low,med,4,2,med,high)
    69    1:unacc    1:unacc       0.999 (high,med,3,2,small,high)
    70    1:unacc    1:unacc       0.999 (vhigh,low,3,2,small,med)
    71    1:unacc    1:unacc       0.993 (low,high,3,2,med,high)
    72    1:unacc    1:unacc       0.999 (low,vhigh,3,2,big,med)
    73    1:unacc    1:unacc       0.998 (low,vhigh,4,2,big,high)
    74    1:unacc    1:unacc       0.999 (low,vhigh,2,2,small,med)
    75    1:unacc    1:unacc       0.997 (med,high,2,2,med,high)
    76    1:unacc    1:unacc       0.998 (med,med,5more,4,small,low)
    77    1:unacc    1:unacc       0.999 (high,med,4,more,big,low)
    78    1:unacc    1:unacc       0.998 (low,high,3,more,big,low)
    79    1:unacc    1:unacc       0.999 (low,vhigh,4,more,small,low)
    80    1:unacc    1:unacc       0.999 (med,high,4,2,med,low)
    81    1:unacc    1:unacc       0.999 (high,low,4,2,big,med)
    82    1:unacc    1:unacc       0.999 (high,high,4,more,med,low)
    83    1:unacc    1:unacc       0.998 (low,vhigh,3,2,med,med)
    84    1:unacc    1:unacc       0.998 (high,high,2,4,med,low)
    85    1:unacc    1:unacc       0.999 (med,vhigh,2,2,small,low)
    86    1:unacc    1:unacc       0.991 (med,low,4,2,big,high)
    87    1:unacc    1:unacc       0.947 (high,vhigh,2,more,small,med)
    88    1:unacc    1:unacc       0.999 (low,high,5more,2,small,low)
    89    1:unacc    1:unacc       0.999 (high,low,3,4,big,low)
    90    1:unacc    1:unacc       0.999 (med,med,4,more,small,low)
    91    4:vgood      2:acc   +   0.566 (low,high,3,more,big,high)
    92    4:vgood      2:acc   +   0.755 (med,low,2,4,big,high)
    93    4:vgood    4:vgood       0.946 (med,med,3,more,med,high)
    94    4:vgood    4:vgood       0.766 (med,med,3,4,big,high)
    95    4:vgood    4:vgood       0.682 (med,med,2,more,big,high)
    96    4:vgood    4:vgood       0.987 (med,med,3,more,big,high)
    97    4:vgood    4:vgood       0.626 (low,low,2,4,big,high)
    98      2:acc      2:acc       0.975 (high,low,5more,4,big,high)
    99      2:acc      2:acc       0.751 (med,vhigh,3,more,big,med)
   100      2:acc      2:acc       0.814 (med,med,4,4,small,med)
   101      2:acc      2:acc       0.896 (low,high,3,4,big,med)
   102      2:acc      2:acc       0.662 (med,high,2,4,small,high)
   103      2:acc      2:acc       0.772 (med,vhigh,5more,more,small,high)
   104      2:acc      2:acc       0.968 (med,med,5more,more,med,med)
   105      2:acc      2:acc       0.891 (high,high,2,4,big,high)
   106      2:acc      2:acc       0.694 (med,vhigh,5more,more,med,high)
   107      2:acc      2:acc       0.54 (med,vhigh,3,more,small,high)
   108      2:acc      2:acc       0.583 (low,high,5more,4,small,med)
   109      2:acc      2:acc       0.884 (med,med,5more,4,big,med)
   110      2:acc      2:acc       0.461 (med,med,2,more,med,high)
   111      2:acc      2:acc       0.812 (low,vhigh,5more,4,small,high)
   112      2:acc      2:acc       0.791 (low,high,2,4,big,med)
   113      2:acc      2:acc       0.901 (low,vhigh,4,more,big,high)
   114      2:acc      2:acc       0.961 (med,med,2,more,med,med)
   115      2:acc      2:acc       0.928 (med,med,3,4,med,med)
   116      2:acc      2:acc       0.891 (high,med,2,more,med,high)
   117      2:acc    1:unacc   +   0.597 (high,med,2,4,big,med)
   118      2:acc      2:acc       0.966 (med,vhigh,4,more,big,high)
   119      2:acc      2:acc       0.782 (med,low,4,4,small,med)
   120      2:acc      2:acc       0.873 (med,vhigh,4,4,small,high)
   121      2:acc    1:unacc   +   0.955 (low,vhigh,5more,4,med,med)
   122      2:acc      2:acc       0.966 (high,low,4,more,med,high)
   123      2:acc      2:acc       0.55 (low,med,4,more,small,med)
   124      2:acc      2:acc       0.798 (med,high,4,4,big,med)
   125      2:acc      2:acc       0.878 (med,high,5more,4,med,high)
   126      2:acc      2:acc       0.826 (low,vhigh,3,more,big,med)
   127      2:acc      2:acc       0.978 (med,high,4,more,med,med)
   128      2:acc      2:acc       0.695 (med,high,4,4,big,high)
   129      2:acc      2:acc       0.984 (low,vhigh,5more,4,big,high)
   130      2:acc      2:acc       0.768 (vhigh,low,4,4,med,high)
   131      2:acc      2:acc       0.806 (high,high,4,4,med,med)
   132     3:good     3:good       0.969 (low,low,5more,more,med,med)
   133     3:good      2:acc   +   0.635 (low,low,4,4,small,high)
   134     3:good      2:acc   +   0.897 (med,low,2,4,big,med)
   135     3:good    4:vgood   +   0.746 (low,low,2,more,med,high)
   136     3:good      2:acc   +   0.495 (low,med,3,4,small,high)
   137     3:good     3:good       0.857 (low,med,5more,4,big,med)
   138     3:good     3:good       0.648 (low,med,3,more,med,med)
     1    1:unacc    1:unacc       0.997 (med,high,3,2,med,high)
     2    1:unacc    1:unacc       0.98 (low,med,3,4,big,low)
     3    1:unacc    1:unacc       0.999 (med,med,5more,2,med,low)
     4    1:unacc    1:unacc       0.999 (high,vhigh,5more,2,small,high)
     5    1:unacc    1:unacc       0.999 (med,vhigh,5more,2,med,med)
     6    1:unacc    1:unacc       0.796 (high,vhigh,3,4,small,med)
     7    1:unacc    1:unacc       0.999 (high,med,5more,2,med,low)
     8    1:unacc    1:unacc       0.997 (med,vhigh,4,more,big,low)
     9    1:unacc    1:unacc       0.998 (med,low,5more,2,small,med)
    10    1:unacc    1:unacc       0.996 (med,high,3,4,big,low)
    11    1:unacc    1:unacc       0.998 (med,low,2,2,small,med)
    12    1:unacc    1:unacc       0.997 (low,med,3,4,small,low)
    13    1:unacc    1:unacc       0.996 (high,med,5more,4,big,low)
    14    1:unacc    1:unacc       0.999 (high,high,2,2,small,high)
    15    1:unacc    1:unacc       0.997 (low,low,5more,2,small,high)
    16    1:unacc    1:unacc       0.99 (med,low,3,2,med,med)
    17    1:unacc    1:unacc       0.996 (med,med,4,2,big,med)
    18    1:unacc    1:unacc       0.999 (high,vhigh,4,2,med,low)
    19    1:unacc    1:unacc       0.997 (high,low,2,4,big,low)
    20    1:unacc    1:unacc       0.998 (high,low,2,more,med,low)
    21    1:unacc    1:unacc       0.996 (med,high,3,4,med,low)
    22    1:unacc    1:unacc       0.933 (vhigh,low,4,4,small,med)
    23    1:unacc    1:unacc       0.998 (high,high,5more,more,big,low)
    24    1:unacc    1:unacc       0.999 (med,vhigh,3,2,small,med)
    25    1:unacc      2:acc   +   0.535 (high,vhigh,3,4,big,med)
    26    1:unacc    1:unacc       0.998 (high,med,4,2,med,low)
    27    1:unacc    1:unacc       0.997 (med,med,3,more,small,low)
    28    1:unacc    1:unacc       0.985 (low,med,3,2,big,high)
    29    1:unacc    1:unacc       0.998 (med,vhigh,5more,4,med,low)
    30    1:unacc    1:unacc       0.997 (med,med,3,4,small,low)
    31    1:unacc    1:unacc       0.998 (med,vhigh,2,more,med,low)
    32    1:unacc    1:unacc       0.992 (low,high,4,4,med,low)
    33    1:unacc    1:unacc       0.98 (low,low,3,2,med,high)
    34    1:unacc    1:unacc       0.999 (med,vhigh,3,2,big,med)
    35    1:unacc    1:unacc       0.999 (med,vhigh,2,2,med,high)
    36    1:unacc    1:unacc       0.998 (high,med,2,more,big,low)
    37    1:unacc    1:unacc       0.999 (high,low,5more,2,med,low)
    38    1:unacc    1:unacc       0.653 (high,vhigh,3,more,med,high)
    39    1:unacc    1:unacc       0.998 (low,med,3,2,big,low)
    40    1:unacc    1:unacc       0.997 (med,low,4,more,small,low)
    41    1:unacc    1:unacc       0.99 (vhigh,low,5more,2,big,high)
    42    1:unacc    1:unacc       0.991 (med,low,2,4,big,low)
    43    1:unacc    1:unacc       0.997 (med,vhigh,2,4,big,low)
    44    1:unacc    1:unacc       0.988 (med,low,2,more,big,low)
    45    1:unacc    1:unacc       0.998 (vhigh,low,3,2,med,low)
    46    1:unacc    1:unacc       0.634 (med,vhigh,5more,4,small,med)
    47    1:unacc    1:unacc       0.999 (med,vhigh,2,2,med,low)
    48    1:unacc    1:unacc       0.997 (high,low,4,4,small,low)
    49    1:unacc    1:unacc       0.994 (low,med,4,2,big,med)
    50    1:unacc    1:unacc       0.998 (high,vhigh,4,more,small,low)
    51    1:unacc    1:unacc       0.998 (vhigh,low,5more,2,small,med)
    52    1:unacc    1:unacc       0.996 (low,high,2,4,med,low)
    53    1:unacc    1:unacc       0.998 (med,high,2,2,big,med)
    54    1:unacc    1:unacc       0.997 (low,low,4,4,small,low)
    55    1:unacc    1:unacc       0.998 (med,low,4,2,med,low)
    56    1:unacc    1:unacc       0.999 (high,high,5more,2,big,low)
    57    1:unacc    1:unacc       0.998 (med,vhigh,4,2,big,med)
    58    1:unacc    1:unacc       0.999 (high,high,5more,2,big,med)
    59    1:unacc    1:unacc       0.997 (med,low,3,more,small,low)
    60    1:unacc    1:unacc       0.998 (high,high,3,more,med,low)
    61    1:unacc    1:unacc       0.998 (high,vhigh,3,more,small,low)
    62    1:unacc      2:acc   +   0.842 (high,vhigh,4,more,small,high)
    63    1:unacc    1:unacc       0.998 (high,med,5more,2,small,med)
    64    1:unacc    1:unacc       0.996 (vhigh,low,4,2,small,high)
    65    1:unacc    1:unacc       0.998 (med,med,2,2,small,med)
    66    1:unacc    1:unacc       0.997 (med,vhigh,3,4,small,low)
    67    1:unacc    1:unacc       0.998 (low,med,4,2,small,med)
    68    1:unacc    1:unacc       0.998 (low,med,2,2,small,med)
    69    1:unacc    1:unacc       0.645 (low,vhigh,4,more,small,med)
    70    1:unacc      2:acc   +   0.688 (high,vhigh,3,4,big,high)
    71    1:unacc    1:unacc       0.997 (high,low,4,4,big,low)
    72    1:unacc    1:unacc       0.998 (low,vhigh,2,more,small,low)
    73    1:unacc    1:unacc       0.998 (low,high,2,2,small,low)
    74    1:unacc    1:unacc       0.998 (med,high,3,2,med,med)
    75    1:unacc      2:acc   +   0.61 (med,med,2,more,small,high)
    76    1:unacc    1:unacc       0.993 (med,med,2,more,big,low)
    77    1:unacc    1:unacc       0.998 (low,vhigh,2,4,small,low)
    78    1:unacc    1:unacc       0.578 (high,vhigh,3,4,med,med)
    79    1:unacc    1:unacc       0.999 (high,med,2,2,med,med)
    80    1:unacc    1:unacc       0.998 (low,high,4,2,small,high)
    81    1:unacc    1:unacc       0.988 (med,med,3,4,med,low)
    82    1:unacc    1:unacc       0.998 (med,med,3,2,small,med)
    83    1:unacc    1:unacc       0.992 (med,med,5more,2,big,high)
    84    1:unacc    1:unacc       0.997 (med,low,4,2,small,med)
    85    1:unacc    1:unacc       0.958 (low,low,3,more,big,low)
    86    1:unacc    1:unacc       0.998 (low,vhigh,4,2,small,low)
    87    1:unacc    1:unacc       0.997 (high,med,3,4,big,low)
    88    1:unacc    1:unacc       0.998 (med,low,3,2,small,low)
    89    1:unacc    1:unacc       0.998 (med,vhigh,3,more,med,low)
    90    1:unacc    1:unacc       0.998 (low,low,5more,2,small,med)
    91    4:vgood    4:vgood       0.989 (med,med,4,more,big,high)
    92    4:vgood    4:vgood       0.948 (low,med,2,more,big,high)
    93    4:vgood    4:vgood       0.49 (med,med,2,4,big,high)
    94    4:vgood    4:vgood       0.631 (low,high,4,more,big,high)
    95    4:vgood    4:vgood       0.948 (low,high,5more,more,big,high)
    96    4:vgood    4:vgood       0.997 (low,high,5more,4,med,high)
    97      2:acc      2:acc       0.531 (high,low,4,more,big,med)
    98      2:acc      2:acc       0.543 (med,med,2,4,small,high)
    99      2:acc     3:good   +   0.98 (low,low,2,4,med,med)
   100      2:acc      2:acc       0.869 (high,med,3,4,big,med)
   101      2:acc     3:good   +   0.6 (med,med,3,4,small,high)
   102      2:acc      2:acc       0.499 (med,low,3,4,small,med)
   103      2:acc      2:acc       0.872 (med,high,4,4,med,high)
   104      2:acc    1:unacc   +   0.585 (med,med,5more,more,small,med)
   105      2:acc     3:good   +   0.555 (med,med,3,more,small,high)
   106      2:acc      2:acc       0.805 (low,vhigh,3,more,small,high)
   107      2:acc    1:unacc   +   0.631 (low,low,4,4,small,med)
   108      2:acc      2:acc       0.935 (high,high,3,4,big,high)
   109      2:acc      2:acc       0.933 (low,high,2,more,med,high)
   110      2:acc      2:acc       0.893 (med,vhigh,4,4,med,med)
   111      2:acc      2:acc       0.552 (med,low,5more,more,small,med)
   112      2:acc      2:acc       0.771 (high,high,5more,more,big,high)
   113      2:acc      2:acc       0.652 (high,low,2,4,small,high)
   114      2:acc      2:acc       0.934 (med,vhigh,5more,4,big,high)
   115      2:acc    1:unacc   +   0.625 (high,low,2,more,big,med)
   116      2:acc      2:acc       0.904 (high,med,2,4,big,high)
   117      2:acc      2:acc       0.726 (low,vhigh,2,4,med,high)
   118      2:acc      2:acc       0.694 (low,low,3,4,small,med)
   119      2:acc      2:acc       0.856 (med,med,2,4,med,med)
   120      2:acc      2:acc       0.934 (med,high,5more,4,small,high)
   121      2:acc      2:acc       0.913 (high,high,4,4,small,high)
   122      2:acc      2:acc       0.91 (med,vhigh,2,4,big,high)
   123      2:acc      2:acc       0.894 (high,high,3,more,small,high)
   124      2:acc      2:acc       0.818 (low,high,3,more,med,med)
   125      2:acc      2:acc       0.825 (high,high,2,more,big,high)
   126      2:acc      2:acc       0.827 (med,high,5more,more,big,med)
   127      2:acc      2:acc       0.555 (med,med,2,4,med,high)
   128      2:acc      2:acc       0.958 (vhigh,low,3,more,med,med)
   129      2:acc      2:acc       0.902 (vhigh,low,5more,4,small,high)
   130      2:acc    1:unacc   +   0.836 (med,vhigh,5more,more,med,med)
   131      2:acc      2:acc       0.965 (med,vhigh,4,4,med,high)
   132     3:good     3:good       0.929 (low,med,5more,4,small,high)
   133     3:good     3:good       0.922 (low,low,2,4,small,high)
   134     3:good     3:good       0.969 (low,low,5more,more,big,med)
   135     3:good      2:acc   +   0.862 (low,med,2,more,big,med)
   136     3:good     3:good       0.519 (med,low,2,more,big,med)
   137     3:good     3:good       0.898 (low,low,4,more,med,med)
   138     3:good     3:good       0.943 (med,low,4,4,med,med)

