

=== Predictions under cross-validation ===

 inst#     actual  predicted error prediction (Wifes_age,Wifes_education,Husbands_education,Number_of_children_ever_born,Wifes_religion,Wifes_now_working?,Husbands_occupation,Standard-of-living_index,Media_exposure)
     1        1:1        1:1       1 (26,2,3,1,1,0,3,4,1)
     2        1:1        1:1       1 (22,4,4,0,1,1,2,1,1)
     3        1:1        3:3   +   1 (28,2,4,1,1,0,3,4,0)
     4        1:1        3:3   +   0.607 (28,3,4,3,1,1,2,1,0)
     5        1:1        3:3   +   0.7 (32,2,2,1,1,1,2,1,0)
     6        1:1        3:3   +   0.431 (29,3,4,2,1,1,3,4,0)
     7        1:1        2:2   +   1 (43,2,3,3,0,1,2,3,0)
     8        1:1        1:1       0.525 (49,1,3,0,1,1,3,3,1)
     9        1:1        3:3   +   0.7 (32,2,3,1,1,1,3,3,0)
    10        1:1        1:1       0.525 (45,1,1,0,0,0,2,1,0)
    11        1:1        3:3   +   0.667 (26,2,3,3,1,1,3,4,0)
    12        1:1        2:2   +   0.6 (46,4,4,6,1,1,1,4,0)
    13        1:1        3:3   +   0.75 (36,2,1,6,1,1,2,3,0)
    14        1:1        1:1       1 (23,4,4,0,0,1,2,4,0)
    15        1:1        1:1       0.667 (38,2,4,5,0,1,2,2,0)
    16        1:1        3:3   +   0.7 (32,2,2,2,1,1,2,4,0)
    17        1:1        3:3   +   0.557 (37,4,4,2,0,1,1,4,0)
    18        1:1        3:3   +   0.557 (33,4,4,2,0,1,1,4,0)
    19        1:1        3:3   +   0.607 (31,3,4,3,0,0,2,4,0)
    20        1:1        3:3   +   0.525 (34,3,4,4,1,1,1,3,0)
    21        1:1        3:3   +   0.525 (43,3,3,4,1,1,2,4,0)
    22        1:1        1:1       0.525 (27,1,2,4,1,1,1,4,1)
    23        1:1        2:2   +   0.474 (33,4,4,5,1,1,3,4,0)
    24        1:1        2:2   +   0.421 (34,3,3,6,1,1,2,3,0)
    25        1:1        1:1       1 (20,4,4,0,0,0,2,4,0)
    26        1:1        3:3   +   0.607 (42,3,3,3,1,0,2,4,0)
    27        1:1        2:2   +   0.455 (40,4,4,3,0,1,3,4,0)
    28        1:1        3:3   +   0.424 (47,3,2,5,1,1,4,4,0)
    29        1:1        3:3   +   0.431 (31,3,4,2,1,1,1,4,0)
    30        1:1        1:1       0.667 (45,2,3,4,1,0,2,4,0)
    31        1:1        3:3   +   0.431 (22,3,3,2,1,1,2,4,0)
    32        1:1        1:1       1 (29,4,2,0,1,0,2,2,0)
    33        1:1        1:1       0.525 (47,1,2,2,1,1,2,3,1)
    34        1:1        1:1       0.525 (21,1,2,1,1,0,3,4,0)
    35        2:2        2:2       0.455 (45,4,4,3,1,1,1,4,0)
    36        2:2        3:3   +   0.607 (36,3,4,3,0,0,3,4,0)
    37        2:2        3:3   +   0.431 (26,3,4,2,1,1,3,3,0)
    38        2:2        2:2       0.455 (45,4,4,3,1,1,1,4,0)
    39        2:2        3:3   +   0.557 (29,4,4,2,1,0,1,3,0)
    40        2:2        2:2       0.474 (44,4,4,5,1,1,1,4,0)
    41        2:2        2:2       0.455 (46,4,4,3,0,0,1,4,0)
    42        2:2        2:2       0.65 (38,4,4,4,1,1,2,4,0)
    43        2:2        2:2       0.65 (37,4,4,4,0,1,2,4,0)
    44        2:2        2:2       0.6 (38,4,4,6,1,1,1,4,0)
    45        2:2        2:2       0.65 (36,4,4,4,0,1,2,4,0)
    46        2:2        2:2       0.875 (44,4,4,7,1,1,3,2,0)
    47        2:2        3:3   +   0.398 (23,4,4,1,1,1,3,3,0)
    48        2:2        1:1   +   0.525 (47,1,1,8,1,1,3,4,1)
    49        2:2        3:3   +   0.714 (33,2,2,3,1,1,2,3,0)
    50        2:2        2:2       0.65 (34,4,4,4,1,1,3,3,0)
    51        2:2        3:3   +   0.431 (22,3,3,2,1,1,3,3,0)
    52        2:2        3:3   +   0.75 (36,2,1,6,1,1,2,1,0)
    53        2:2        2:2       0.6 (34,4,4,6,1,1,3,4,0)
    54        2:2        2:2       0.455 (37,4,4,3,1,1,1,4,0)
    55        2:2        2:2       0.65 (34,4,4,4,1,1,2,4,0)
    56        2:2        1:1   +   0.667 (38,2,2,8,1,1,2,2,0)
    57        2:2        2:2       0.875 (48,4,4,7,1,0,1,4,0)
    58        2:2        2:2       0.5 (27,3,3,1,1,0,3,4,0)
    59        2:2        2:2       0.455 (36,4,4,3,1,1,1,4,0)
    60        2:2        2:2       0.65 (47,4,4,4,0,1,2,4,0)
    61        2:2        3:3   +   0.557 (24,4,4,2,1,1,2,4,0)
    62        2:2        3:3   +   0.398 (21,4,4,1,1,1,1,4,0)
    63        2:2        3:3   +   0.714 (33,2,2,6,1,0,3,4,0)
    64        2:2        3:3   +   0.431 (26,3,3,2,1,1,3,2,0)
    65        2:2        3:3   +   0.398 (23,4,4,1,1,1,3,4,0)
    66        2:2        3:3   +   1 (30,2,2,7,1,1,3,4,0)
    67        2:2        2:2       0.65 (40,4,4,4,1,1,1,4,0)
    68        3:3        1:1   +   0.625 (24,2,3,5,1,1,3,3,0)
    69        3:3        3:3       0.525 (24,3,4,4,1,1,3,1,0)
    70        3:3        3:3       0.398 (26,4,4,1,1,1,3,3,0)
    71        3:3        2:2   +   0.65 (26,4,4,4,1,1,3,4,0)
    72        3:3        3:3       0.431 (22,3,3,2,1,1,3,1,0)
    73        3:3        3:3       0.714 (33,2,4,3,1,1,3,4,0)
    74        3:3        3:3       1 (35,3,2,9,1,0,3,4,0)
    75        3:3        2:2   +   0.65 (35,4,4,4,1,1,1,4,0)
    76        3:3        3:3       0.525 (35,3,4,4,1,0,1,4,0)
    77        3:3        3:3       0.431 (24,3,4,2,1,1,3,3,0)
    78        3:3        2:2   +   0.65 (27,4,4,4,1,1,3,3,0)
    79        3:3        3:3       0.431 (24,3,3,2,1,1,3,3,0)
    80        3:3        2:2   +   0.65 (44,4,4,4,0,1,2,3,0)
    81        3:3        3:3       0.889 (29,2,4,4,1,0,2,4,0)
    82        3:3        3:3       0.424 (35,3,4,5,1,1,1,4,0)
    83        3:3        1:1   +   0.625 (24,2,4,2,1,1,1,4,0)
    84        3:3        3:3       1 (27,2,2,3,1,1,2,2,1)
    85        3:3        3:3       0.557 (23,4,4,2,1,0,2,4,0)
    86        3:3        1:1   +   0.625 (24,2,4,3,1,1,3,3,0)
    87        3:3        2:2   +   0.65 (28,4,4,4,1,1,3,4,0)
    88        3:3        3:3       0.607 (31,3,3,3,1,1,3,1,1)
    89        3:3        1:1   +   0.525 (29,1,3,5,1,1,3,3,0)
    90        3:3        3:3       0.557 (36,4,4,2,1,0,1,4,0)
    91        3:3        2:2   +   0.455 (36,4,4,3,0,0,2,4,0)
    92        3:3        3:3       0.557 (30,4,4,2,1,1,1,4,0)
    93        3:3        2:2   +   0.474 (37,4,4,5,0,0,2,4,0)
    94        3:3        2:2   +   0.65 (28,4,4,4,1,1,2,3,0)
    95        3:3        3:3       0.889 (29,2,3,3,1,0,3,2,0)
    96        3:3        2:2   +   0.455 (35,4,4,3,0,1,3,4,0)
    97        3:3        2:2   +   0.65 (36,4,4,4,0,1,1,4,0)
    98        3:3        2:2   +   0.455 (36,4,4,3,1,1,1,4,0)
    99        3:3        2:2   +   0.455 (43,4,4,3,1,1,1,4,0)
   100        3:3        3:3       0.525 (29,3,4,4,1,0,1,3,0)
   101        3:3        2:2   +   0.455 (43,4,4,3,1,1,1,4,0)
   102        3:3        3:3       0.398 (24,4,4,1,1,1,2,3,0)
   103        3:3        2:2   +   0.455 (36,4,4,3,0,1,3,4,0)
   104        3:3        3:3       0.424 (29,3,4,5,1,1,3,3,0)
   105        3:3        3:3       1 (27,2,4,1,1,1,3,3,0)
   106        3:3        3:3       0.607 (29,3,4,3,1,1,3,2,0)
   107        3:3        3:3       0.398 (30,4,4,1,1,0,3,2,0)
   108        3:3        3:3       0.431 (21,3,4,2,1,1,3,3,0)
   109        3:3        3:3       0.525 (35,3,4,4,1,1,1,4,0)
   110        3:3        3:3       0.667 (26,2,4,3,1,1,1,3,0)
   111        3:3        3:3       0.607 (30,3,4,3,1,1,2,3,0)
   112        3:3        2:2   +   0.667 (26,2,3,2,1,1,3,3,0)
   113        3:3        3:3       0.557 (23,4,3,2,1,0,2,3,0)
   114        3:3        3:3       1 (21,3,3,1,1,1,3,1,0)
   115        3:3        3:3       0.714 (34,2,4,4,1,1,3,3,0)
   116        3:3        3:3       1 (21,3,3,1,0,1,3,2,0)
   117        3:3        3:3       0.431 (25,3,4,2,1,0,2,4,0)
   118        3:3        3:3       0.525 (26,3,4,4,1,1,2,4,0)
     1        1:1        2:2   +   0.462 (28,4,4,5,1,1,1,4,0)
     2        1:1        1:1       0.5 (39,3,4,3,1,1,1,4,0)
     3        1:1        1:1       0.6 (48,3,4,11,1,1,1,4,0)
     4        1:1        3:3   +   0.6 (44,1,2,2,1,1,3,1,0)
     5        1:1        3:3   +   0.484 (38,2,2,10,1,1,3,2,0)
     6        1:1        3:3   +   0.484 (25,2,3,0,1,1,2,4,0)
     7        1:1        3:3   +   0.484 (30,2,3,1,1,1,2,1,0)
     8        1:1        3:3   +   0.484 (26,2,4,3,1,1,3,4,0)
     9        1:1        1:1       0.75 (45,3,4,0,1,1,1,3,0)
    10        1:1        1:1       0.8 (20,3,4,0,1,1,3,3,0)
    11        1:1        3:3   +   0.484 (26,2,3,1,1,0,4,4,0)
    12        1:1        1:1       1 (19,4,4,0,0,1,3,4,0)
    13        1:1        3:3   +   0.484 (21,2,4,0,1,1,2,2,0)
    14        1:1        1:1       0.857 (49,1,2,8,1,1,3,1,1)
    15        1:1        3:3   +   0.484 (22,2,1,0,1,1,2,2,0)
    16        1:1        3:3   +   0.484 (39,2,2,5,1,0,3,2,1)
    17        1:1        1:1       1 (49,3,4,6,1,1,1,4,0)
    18        1:1        1:1       0.778 (30,1,3,1,1,1,3,4,0)
    19        1:1        3:3   +   0.875 (44,1,3,4,1,1,3,3,1)
    20        1:1        1:1       0.667 (25,3,3,1,1,1,3,4,0)
    21        1:1        3:3   +   0.389 (48,4,4,1,0,1,1,4,0)
    22        1:1        3:3   +   0.455 (27,3,4,0,1,0,3,3,0)
    23        1:1        2:2   +   0.634 (24,4,4,4,1,1,1,4,0)
    24        1:1        3:3   +   0.875 (34,1,3,4,1,0,3,4,0)
    25        1:1        1:1       1 (38,1,2,12,1,1,2,3,0)
    26        1:1        3:3   +   0.889 (46,1,2,3,1,1,2,1,1)
    27        1:1        3:3   +   0.484 (45,2,3,11,1,1,2,3,0)
    28        1:1        2:2   +   0.632 (43,4,4,6,1,1,1,3,0)
    29        1:1        3:3   +   0.389 (47,4,4,1,1,1,1,4,0)
    30        1:1        3:3   +   0.484 (47,2,3,12,1,1,3,1,0)
    31        1:1        3:3   +   0.389 (19,4,4,1,1,1,1,3,0)
    32        1:1        2:2   +   0.667 (35,3,3,2,1,0,2,2,0)
    33        1:1        1:1       0.75 (31,3,3,1,1,0,3,4,0)
    34        1:1        1:1       0.5 (40,1,1,2,1,0,3,4,0)
    35        2:2        2:2       0.43 (36,4,4,3,1,1,3,3,0)
    36        2:2        1:1   +   1 (47,3,4,11,1,0,2,3,0)
    37        2:2        1:1   +   0.5 (26,1,1,2,1,1,3,4,0)
    38        2:2        3:3   +   0.455 (27,3,3,2,1,1,3,4,0)
    39        2:2        2:2       0.43 (40,4,4,3,1,1,1,4,0)
    40        2:2        3:3   +   0.484 (21,2,2,1,1,1,3,2,0)
    41        2:2        2:2       0.43 (38,4,4,3,1,0,1,4,0)
    42        2:2        3:3   +   0.389 (21,4,4,1,1,1,2,1,0)
    43        2:2        3:3   +   0.389 (21,4,4,1,1,1,1,4,0)
    44        2:2        3:3   +   0.484 (32,2,1,5,1,0,2,2,0)
    45        2:2        1:1   +   0.667 (43,3,4,2,1,0,2,4,0)
    46        2:2        3:3   +   0.484 (35,2,2,6,1,1,3,4,0)
    47        2:2        2:2       0.5 (44,3,4,6,1,1,3,2,0)
    48        2:2        2:2       0.632 (48,4,4,6,0,1,2,4,0)
    49        2:2        2:2       0.43 (32,4,4,3,0,1,3,3,0)
    50        2:2        2:2       0.43 (39,4,4,3,0,0,1,4,0)
    51        2:2        1:1   +   1 (49,3,4,4,1,1,3,4,0)
    52        2:2        2:2       0.462 (39,4,4,5,1,1,2,4,0)
    53        2:2        1:1   +   1 (49,3,3,11,1,1,1,4,0)
    54        2:2        3:3   +   0.667 (30,3,4,2,1,1,1,4,0)
    55        2:2        2:2       0.43 (39,4,4,3,0,1,2,4,0)
    56        2:2        3:3   +   0.389 (26,4,4,1,1,0,1,3,0)
    57        2:2        2:2       0.889 (48,4,3,7,1,0,2,4,0)
    58        2:2        2:2       0.632 (42,4,4,6,1,1,1,3,0)
    59        2:2        3:3   +   0.484 (28,2,1,2,1,0,3,3,0)
    60        2:2        2:2       0.43 (44,4,4,3,1,0,1,4,0)
    61        2:2        2:2       0.625 (36,3,4,7,1,1,2,2,0)
    62        2:2        3:3   +   0.389 (22,4,4,1,1,1,1,3,0)
    63        2:2        1:1   +   0.75 (18,3,4,1,1,1,3,4,0)
    64        2:2        3:3   +   0.727 (33,3,3,5,1,1,3,4,0)
    65        2:2        3:3   +   0.543 (25,4,4,2,1,1,2,4,0)
    66        2:2        2:2       0.634 (44,4,4,4,1,0,2,3,0)
    67        2:2        2:2       0.43 (39,4,4,3,0,1,1,4,0)
    68        3:3        2:2   +   0.43 (30,4,4,3,0,0,2,4,0)
    69        3:3        3:3       0.484 (25,2,4,2,1,1,2,4,0)
    70        3:3        3:3       0.484 (29,2,4,2,1,1,3,2,0)
    71        3:3        3:3       0.389 (22,4,4,1,1,1,3,3,0)
    72        3:3        3:3       0.484 (30,2,2,2,1,1,3,2,0)
    73        3:3        3:3       0.543 (27,4,4,2,1,1,3,4,0)
    74        3:3        3:3       0.389 (21,4,4,1,0,1,2,4,0)
    75        3:3        3:3       0.484 (27,2,4,4,1,1,3,4,0)
    76        3:3        3:3       0.484 (25,2,2,1,1,1,3,3,0)
    77        3:3        3:3       0.389 (26,4,4,1,0,0,2,4,0)
    78        3:3        3:3       0.455 (27,3,3,1,1,0,3,3,0)
    79        3:3        3:3       0.455 (27,3,3,3,1,1,2,3,0)
    80        3:3        3:3       0.833 (21,3,3,1,1,1,2,2,0)
    81        3:3        3:3       0.484 (32,2,3,4,1,1,3,2,0)
    82        3:3        3:3       0.667 (30,3,3,3,1,0,3,2,0)
    83        3:3        1:1   +   0.75 (24,3,3,3,1,0,2,1,0)
    84        3:3        3:3       0.484 (34,2,4,6,1,1,3,3,0)
    85        3:3        3:3       0.484 (42,2,4,6,1,1,2,4,0)
    86        3:3        2:2   +   0.43 (32,4,3,3,1,1,2,4,0)
    87        3:3        2:2   +   0.634 (32,4,4,4,1,1,1,3,0)
    88        3:3        3:3       1 (24,3,4,1,1,1,3,4,0)
    89        3:3        3:3       0.543 (25,4,4,2,1,1,2,4,0)
    90        3:3        3:3       0.455 (27,3,4,4,1,1,3,3,0)
    91        3:3        2:2   +   0.43 (26,4,4,3,1,1,3,4,0)
    92        3:3        3:3       0.484 (20,2,3,1,1,1,2,1,0)
    93        3:3        2:2   +   0.632 (37,4,4,6,1,0,3,4,0)
    94        3:3        1:1   +   1 (38,3,3,2,0,1,3,4,0)
    95        3:3        3:3       0.889 (22,1,2,3,1,1,3,1,1)
    96        3:3        2:2   +   0.43 (37,4,4,3,0,1,3,4,0)
    97        3:3        3:3       0.484 (22,2,2,3,1,0,3,3,0)
    98        3:3        1:1   +   0.778 (29,1,2,1,1,1,3,3,0)
    99        3:3        3:3       1 (31,3,4,5,1,1,3,1,0)
   100        3:3        3:3       0.484 (35,2,4,6,1,1,3,4,0)
   101        3:3        3:3       0.389 (30,4,4,1,1,1,1,4,0)
   102        3:3        1:1   +   0.455 (29,3,4,5,1,1,1,2,0)
   103        3:3        2:2   +   1 (24,3,4,3,1,1,1,4,0)
   104        3:3        3:3       0.389 (26,4,4,1,1,0,2,4,0)
   105        3:3        3:3       0.484 (26,2,4,3,1,1,3,4,0)
   106        3:3        3:3       0.484 (29,2,4,3,1,1,3,3,0)
   107        3:3        3:3       0.6 (22,3,4,1,1,1,3,3,0)
   108        3:3        3:3       0.543 (25,4,3,2,1,1,3,3,0)
   109        3:3        2:2   +   0.43 (34,4,3,3,0,1,2,4,0)
   110        3:3        3:3       0.484 (29,2,4,4,1,1,3,2,0)
   111        3:3        3:3       0.484 (25,2,4,3,1,1,3,2,0)
   112        3:3        3:3       0.484 (27,2,2,5,1,1,3,1,0)
   113        3:3        3:3       0.389 (39,4,3,1,1,0,2,2,0)
   114        3:3        3:3       0.389 (28,4,4,1,1,1,2,4,0)
   115        3:3        3:3       0.484 (29,2,3,5,1,1,2,4,0)
   116        3:3        3:3       0.833 (21,3,4,1,1,0,3,4,0)
   117        3:3        3:3       0.667 (30,3,4,3,1,1,3,3,0)
   118        3:3        3:3       0.484 (20,2,2,2,1,1,3,2,1)
     1        1:1        1:1       0.75 (25,3,3,1,1,1,2,2,0)
     2        1:1        3:3   +   0.502 (25,2,2,2,1,1,3,1,0)
     3        1:1        3:3   +   0.453 (16,3,4,1,1,1,3,3,0)
     4        1:1        3:3   +   0.615 (24,3,4,1,1,0,3,3,0)
     5        1:1        3:3   +   0.563 (29,3,4,2,1,1,1,3,0)
     6        1:1        3:3   +   0.427 (23,4,4,1,1,0,3,3,0)
     7        1:1        1:1       0.541 (26,1,3,1,1,1,3,1,0)
     8        1:1        1:1       1 (22,4,4,0,1,0,2,4,0)
     9        1:1        3:3   +   0.502 (29,2,4,0,1,0,3,4,0)
    10        1:1        3:3   +   0.427 (25,4,4,1,1,1,1,4,0)
    11        1:1        3:3   +   0.556 (37,3,4,0,1,1,3,4,0)
    12        1:1        3:3   +   0.502 (21,2,2,1,1,1,3,2,0)
    13        1:1        2:2   +   0.542 (35,4,4,3,1,1,1,4,0)
    14        1:1        3:3   +   0.502 (47,2,4,2,1,1,3,2,1)
    15        1:1        3:3   +   0.563 (29,3,2,0,1,1,2,2,0)
    16        1:1        3:3   +   0.502 (22,2,4,4,1,1,3,4,0)
    17        1:1        3:3   +   0.502 (21,2,3,0,1,1,3,4,0)
    18        1:1        1:1       0.75 (48,3,4,4,0,1,2,4,0)
    19        1:1        2:2   +   0.75 (27,3,3,4,1,1,2,4,0)
    20        1:1        1:1       0.8 (20,3,4,2,1,1,3,2,0)
    21        1:1        1:1       0.5 (18,3,2,1,1,1,3,1,0)
    22        1:1        2:2   +   0.542 (32,4,4,3,1,1,1,4,0)
    23        1:1        2:2   +   0.667 (49,3,4,9,1,1,1,4,0)
    24        1:1        1:1       0.541 (38,1,3,4,1,0,2,2,0)
    25        1:1        3:3   +   0.427 (28,4,4,1,0,1,1,3,0)
    26        1:1        3:3   +   0.502 (38,2,2,6,1,1,3,4,0)
    27        1:1        1:1       1 (25,4,4,0,0,1,2,4,0)
    28        1:1        2:2   +   0.667 (49,4,4,6,0,0,1,4,0)
    29        1:1        1:1       0.541 (43,1,2,1,1,1,3,4,1)
    30        1:1        1:1       0.541 (47,1,1,1,1,1,3,4,0)
    31        1:1        2:2   +   0.609 (49,4,4,4,1,1,3,4,0)
    32        1:1        1:1       0.75 (25,3,3,1,1,1,3,1,0)
    33        1:1        3:3   +   0.502 (35,2,3,8,1,1,3,2,0)
    34        1:1        3:3   +   0.611 (43,4,4,3,0,1,2,4,0)
    35        2:2        3:3   +   0.427 (24,4,4,1,0,1,2,3,0)
    36        2:2        3:3   +   0.7 (33,3,4,2,1,1,1,4,0)
    37        2:2        3:3   +   0.551 (32,4,4,2,1,0,1,4,0)
    38        2:2        3:3   +   0.551 (31,4,2,2,0,1,1,3,0)
    39        2:2        3:3   +   0.427 (23,4,4,1,1,1,1,2,0)
    40        2:2        3:3   +   0.427 (27,4,4,1,1,0,3,3,0)
    41        2:2        2:2       0.609 (33,4,4,4,1,1,1,4,0)
    42        2:2        3:3   +   0.427 (24,4,4,1,1,0,1,4,0)
    43        2:2        2:2       0.459 (37,4,4,5,1,1,3,4,0)
    44        2:2        2:2       0.889 (42,4,3,7,1,0,1,4,0)
    45        2:2        1:1   +   0.667 (35,3,3,4,1,1,3,2,0)
    46        2:2        3:3   +   0.502 (25,2,3,1,1,0,4,4,0)
    47        2:2        3:3   +   0.427 (19,4,4,1,1,1,2,3,0)
    48        2:2        2:2       0.609 (32,4,4,4,0,0,2,4,0)
    49        2:2        2:2       0.459 (35,4,4,5,1,1,2,4,0)
    50        2:2        3:3   +   0.611 (36,4,4,3,1,0,2,4,0)
    51        2:2        3:3   +   0.502 (25,2,4,3,1,1,1,4,1)
    52        2:2        3:3   +   0.502 (26,2,2,4,1,1,3,4,0)
    53        2:2        2:2       0.609 (32,4,4,4,1,1,2,4,0)
    54        2:2        3:3   +   0.667 (40,3,4,2,0,1,3,4,0)
    55        2:2        3:3   +   0.857 (25,3,4,3,1,1,2,3,0)
    56        2:2        2:2       0.542 (39,4,4,3,1,1,1,4,0)
    57        2:2        3:3   +   0.427 (29,4,4,1,1,0,2,4,0)
    58        2:2        3:3   +   0.427 (26,4,4,1,0,1,2,4,0)
    59        2:2        3:3   +   0.502 (44,2,4,4,1,1,3,3,0)
    60        2:2        2:2       0.75 (27,3,3,1,0,0,2,4,0)
    61        2:2        3:3   +   0.502 (40,2,3,6,1,1,1,2,0)
    62        2:2        3:3   +   0.427 (17,4,4,1,1,1,2,4,0)
    63        2:2        2:2       1 (45,3,3,5,0,1,1,3,0)
    64        2:2        2:2       1 (45,3,3,7,1,1,3,4,0)
    65        2:2        2:2       0.609 (36,4,4,4,0,0,1,4,0)
    66        2:2        3:3   +   0.551 (25,4,4,2,0,1,1,3,0)
    67        2:2        3:3   +   0.502 (35,2,4,4,0,1,3,2,0)
    68        3:3        3:3       0.502 (36,2,4,11,1,1,1,4,1)
    69        3:3        3:3       0.563 (26,3,3,2,1,0,2,2,0)
    70        3:3        3:3       0.502 (29,2,3,4,1,1,2,1,0)
    71        3:3        2:2   +   0.667 (37,4,4,6,1,1,1,4,0)
    72        3:3        3:3       0.502 (33,2,2,7,1,0,2,3,0)
    73        3:3        3:3       0.551 (35,4,3,2,0,1,3,4,0)
    74        3:3        1:1   +   0.75 (25,3,3,1,1,1,2,1,0)
    75        3:3        3:3       0.502 (27,2,2,5,1,1,3,3,0)
    76        3:3        2:2   +   0.542 (45,4,4,3,1,1,1,4,0)
    77        3:3        3:3       0.427 (19,4,4,1,1,1,2,4,0)
    78        3:3        3:3       0.7 (33,3,4,8,1,1,3,4,0)
    79        3:3        3:3       0.563 (29,3,3,2,1,1,3,2,0)
    80        3:3        1:1   +   0.5 (46,3,4,9,1,1,3,4,0)
    81        3:3        1:1   +   0.833 (23,3,3,1,1,1,2,2,0)
    82        3:3        3:3       0.502 (22,2,4,2,1,1,3,2,0)
    83        3:3        3:3       0.667 (40,3,4,3,1,0,1,4,0)
    84        3:3        2:2   +   0.455 (32,3,4,5,0,1,3,4,0)
    85        3:3        3:3       0.563 (29,3,3,4,1,1,3,4,0)
    86        3:3        3:3       0.502 (26,2,4,3,1,1,3,4,0)
    87        3:3        1:1   +   0.541 (39,1,2,2,1,0,2,4,0)
    88        3:3        2:2   +   0.542 (35,4,4,3,1,1,1,4,0)
    89        3:3        2:2   +   0.542 (25,4,4,3,1,1,1,4,0)
    90        3:3        3:3       0.502 (30,2,2,6,1,0,2,3,0)
    91        3:3        3:3       0.563 (26,3,4,2,1,1,1,3,0)
    92        3:3        2:2   +   0.459 (31,4,4,5,1,0,1,4,0)
    93        3:3        3:3       0.551 (35,4,4,2,1,0,1,4,0)
    94        3:3        3:3       0.563 (26,3,3,3,1,1,3,3,0)
    95        3:3        2:2   +   0.459 (33,4,4,5,1,1,1,4,0)
    96        3:3        3:3       0.647 (30,3,4,3,1,1,3,4,0)
    97        3:3        3:3       0.427 (23,4,3,1,1,1,2,2,0)
    98        3:3        3:3       0.502 (35,2,3,6,1,0,3,3,0)
    99        3:3        2:2   +   0.667 (23,3,2,2,1,0,3,2,0)
   100        3:3        2:2   +   0.75 (27,3,4,4,1,1,3,4,0)
   101        3:3        1:1   +   0.75 (27,3,4,2,1,1,1,3,0)
   102        3:3        3:3       0.551 (34,4,4,2,0,0,2,4,0)
   103        3:3        3:3       0.551 (38,4,4,2,1,1,3,4,0)
   104        3:3        1:1   +   0.833 (23,3,4,1,1,1,2,3,0)
   105        3:3        2:2   +   0.542 (32,4,4,3,1,0,1,4,0)
   106        3:3        3:3       0.427 (41,4,4,1,1,1,3,3,0)
   107        3:3        1:1   +   0.541 (24,1,2,3,1,1,3,2,0)
   108        3:3        3:3       0.502 (36,2,3,7,1,1,3,3,0)
   109        3:3        2:2   +   0.5 (38,3,4,7,1,1,3,2,0)
   110        3:3        3:3       0.502 (17,2,2,0,1,0,3,2,0)
   111        3:3        1:1   +   0.75 (48,3,4,3,1,1,2,3,0)
   112        3:3        2:2   +   1 (28,3,3,2,0,1,2,3,0)
   113        3:3        2:2   +   0.542 (29,4,4,3,1,0,1,4,0)
   114        3:3        1:1   +   0.541 (36,1,1,5,1,1,3,3,0)
   115        3:3        1:1   +   0.667 (41,3,3,7,0,1,2,4,0)
   116        3:3        1:1   +   0.75 (43,3,3,8,1,1,1,3,0)
   117        3:3        1:1   +   0.541 (21,1,3,1,1,1,3,3,1)
   118        3:3        3:3       0.427 (25,4,4,1,0,1,3,3,0)
     1        1:1        3:3   +   0.553 (26,4,4,2,1,1,1,3,0)
     2        1:1        3:3   +   0.553 (25,4,4,2,1,1,3,2,0)
     3        1:1        1:1       0.535 (49,1,2,5,1,0,2,2,1)
     4        1:1        1:1       0.535 (28,1,4,2,1,0,2,3,0)
     5        1:1        2:2   +   0.465 (27,4,4,3,1,1,1,4,0)
     6        1:1        3:3   +   1 (43,3,4,10,1,1,3,3,0)
     7        1:1        3:3   +   0.526 (25,3,3,0,1,1,3,4,0)
     8        1:1        1:1       1 (42,4,4,0,0,0,3,4,0)
     9        1:1        3:3   +   0.625 (32,3,4,0,1,1,3,4,0)
    10        1:1        3:3   +   0.398 (21,4,4,1,1,1,3,3,0)
    11        1:1        1:1       0.75 (45,3,4,3,0,1,3,4,0)
    12        1:1        3:3   +   0.5 (36,2,2,0,0,0,3,3,0)
    13        1:1        3:3   +   0.553 (28,4,4,2,1,1,1,3,0)
    14        1:1        1:1       0.535 (44,1,2,2,1,1,2,4,0)
    15        1:1        3:3   +   0.5 (22,2,2,1,1,1,3,1,1)
    16        1:1        3:3   +   0.5 (24,2,2,3,1,1,2,4,0)
    17        1:1        2:2   +   0.465 (44,4,4,3,1,0,1,4,1)
    18        1:1        1:1       0.535 (29,1,2,7,1,1,2,4,0)
    19        1:1        3:3   +   0.9 (21,3,3,0,1,1,2,2,0)
    20        1:1        3:3   +   0.467 (28,3,3,5,1,1,3,3,0)
    21        1:1        3:3   +   0.5 (47,2,3,5,1,1,1,1,0)
    22        1:1        3:3   +   0.667 (30,3,4,5,1,1,1,4,0)
    23        1:1        1:1       1 (31,4,4,0,0,0,2,4,0)
    24        1:1        2:2   +   0.465 (30,4,4,3,1,0,2,4,0)
    25        1:1        3:3   +   0.5 (25,2,3,2,1,1,3,2,0)
    26        1:1        1:1       0.5 (23,3,3,6,1,1,3,3,0)
    27        1:1        3:3   +   0.643 (26,3,4,1,0,1,2,2,0)
    28        1:1        3:3   +   0.398 (23,4,4,1,1,1,2,3,0)
    29        1:1        3:3   +   0.5 (23,2,2,2,1,1,3,3,0)
    30        1:1        2:2   +   0.667 (23,3,3,1,1,0,2,4,0)
    31        1:1        1:1       0.5 (23,3,4,4,1,1,3,1,1)
    32        1:1        1:1       1 (30,4,2,0,1,0,3,3,0)
    33        1:1        3:3   +   0.5 (33,2,2,3,0,0,2,4,0)
    34        1:1        3:3   +   0.5 (34,2,3,7,1,0,3,3,0)
    35        2:2        2:2       0.627 (39,4,4,4,1,0,1,4,0)
    36        2:2        3:3   +   0.398 (23,4,4,1,0,1,1,4,0)
    37        2:2        3:3   +   1 (38,3,4,7,0,1,2,3,0)
    38        2:2        3:3   +   0.5 (30,2,3,5,1,1,3,1,1)
    39        2:2        3:3   +   0.5 (42,2,4,8,1,1,1,4,0)
    40        2:2        2:2       0.465 (31,4,4,3,0,0,4,4,0)
    41        2:2        2:2       0.875 (37,4,4,7,1,1,1,4,0)
    42        2:2        3:3   +   0.643 (26,3,3,2,1,1,1,3,0)
    43        2:2        3:3   +   1 (33,3,3,6,1,1,3,4,0)
    44        2:2        2:2       0.465 (36,4,4,3,0,1,1,3,0)
    45        2:2        2:2       0.462 (35,4,4,5,1,1,1,4,0)
    46        2:2        2:2       0.627 (41,4,4,4,1,1,1,4,0)
    47        2:2        3:3   +   0.5 (25,2,4,6,1,1,3,4,0)
    48        2:2        2:2       0.571 (44,4,4,6,0,1,1,3,0)
    49        2:2        3:3   +   0.5 (35,2,4,3,0,0,3,4,1)
    50        2:2        2:2       0.5 (42,4,4,8,0,1,1,4,0)
    51        2:2        3:3   +   0.5 (24,2,4,2,1,1,3,3,0)
    52        2:2        1:1   +   0.5 (34,3,4,2,0,1,2,3,0)
    53        2:2        1:1   +   0.535 (34,1,2,5,1,1,3,4,0)
    54        2:2        2:2       0.571 (38,4,4,6,1,1,3,3,0)
    55        2:2        3:3   +   0.526 (25,3,1,4,1,1,3,1,0)
    56        2:2        2:2       0.875 (41,4,4,7,1,1,2,4,0)
    57        2:2        2:2       0.465 (36,4,4,3,1,0,1,4,0)
    58        2:2        2:2       0.5 (47,4,4,8,1,1,1,4,0)
    59        2:2        3:3   +   0.553 (29,4,4,2,1,1,1,4,0)
    60        2:2        2:2       0.627 (37,4,4,4,1,1,1,4,0)
    61        2:2        3:3   +   0.5 (38,2,3,4,1,1,1,2,0)
    62        2:2        2:2       1 (45,3,3,6,0,1,2,4,0)
    63        2:2        3:3   +   0.553 (24,4,4,2,1,0,1,3,0)
    64        2:2        1:1   +   0.667 (35,3,4,3,1,1,2,2,0)
    65        2:2        3:3   +   0.5 (28,2,3,2,1,1,3,3,0)
    66        2:2        2:2       0.627 (39,4,4,4,0,1,1,4,0)
    67        2:2        2:2       0.465 (42,4,4,3,1,0,1,4,0)
    68        3:3        3:3       0.5 (21,2,2,1,1,1,3,2,0)
    69        3:3        2:2   +   0.427 (38,4,3,9,1,1,3,3,0)
    70        3:3        3:3       0.571 (22,3,4,1,0,0,1,4,0)
    71        3:3        1:1   +   0.8 (48,3,4,8,1,0,1,4,0)
    72        3:3        3:3       0.5 (26,2,3,2,1,1,2,3,0)
    73        3:3        2:2   +   0.465 (32,4,4,3,1,0,1,4,0)
    74        3:3        2:2   +   0.465 (32,4,4,3,1,1,1,4,0)
    75        3:3        3:3       0.9 (21,3,3,1,1,1,3,3,0)
    76        3:3        1:1   +   0.5 (33,3,3,3,1,1,3,3,0)
    77        3:3        2:2   +   0.465 (29,4,4,3,1,1,1,4,0)
    78        3:3        3:3       0.553 (28,4,4,2,1,1,1,4,0)
    79        3:3        3:3       0.398 (19,4,4,1,1,1,3,2,0)
    80        3:3        3:3       0.553 (34,4,4,2,1,1,1,4,0)
    81        3:3        3:3       0.9 (21,3,4,1,1,1,3,2,0)
    82        3:3        3:3       0.5 (28,2,4,4,1,1,3,4,0)
    83        3:3        3:3       0.398 (25,4,4,1,1,1,1,4,0)
    84        3:3        3:3       0.5 (30,2,2,6,1,1,3,1,0)
    85        3:3        3:3       0.553 (26,4,4,2,1,0,1,4,0)
    86        3:3        3:3       0.398 (24,4,4,1,1,1,1,3,0)
    87        3:3        3:3       0.5 (24,2,3,2,1,1,2,1,0)
    88        3:3        3:3       0.5 (46,2,3,6,0,0,3,4,0)
    89        3:3        2:2   +   0.462 (47,4,4,5,1,1,1,3,0)
    90        3:3        3:3       0.571 (22,3,3,3,1,1,3,3,0)
    91        3:3        3:3       0.553 (25,4,4,2,1,1,3,3,0)
    92        3:3        3:3       0.643 (26,3,3,3,1,1,3,3,0)
    93        3:3        1:1   +   0.571 (37,3,3,11,1,1,1,2,0)
    94        3:3        3:3       0.553 (26,4,4,2,1,0,3,3,0)
    95        3:3        3:3       0.5 (25,2,3,4,1,1,3,3,0)
    96        3:3        3:3       0.5 (30,2,2,4,1,1,2,4,0)
    97        3:3        3:3       1 (29,3,3,6,1,1,3,3,0)
    98        3:3        3:3       0.667 (30,3,4,4,1,1,3,3,0)
    99        3:3        1:1   +   0.535 (30,1,3,4,1,1,3,4,0)
   100        3:3        1:1   +   0.5 (19,3,3,1,1,1,2,1,0)
   101        3:3        3:3       0.5 (25,2,4,3,1,1,1,3,0)
   102        3:3        3:3       0.553 (24,4,4,2,1,1,1,4,0)
   103        3:3        2:2   +   0.627 (27,4,4,4,1,1,1,2,1)
   104        3:3        2:2   +   0.465 (24,4,3,3,1,1,3,3,0)
   105        3:3        3:3       0.5 (33,2,2,2,1,1,3,4,0)
   106        3:3        3:3       0.9 (21,3,4,3,1,1,3,1,0)
   107        3:3        3:3       0.5 (16,2,3,1,1,1,3,1,0)
   108        3:3        2:2   +   0.627 (35,4,4,4,0,0,1,4,0)
   109        3:3        3:3       0.643 (26,3,4,3,1,1,3,3,0)
   110        3:3        3:3       0.538 (24,3,3,1,1,1,3,2,0)
   111        3:3        2:2   +   0.667 (34,3,3,6,1,1,1,4,0)
   112        3:3        3:3       0.5 (37,2,3,5,1,1,4,2,0)
   113        3:3        1:1   +   0.535 (23,1,2,3,1,1,3,2,1)
   114        3:3        3:3       1 (29,3,3,3,1,1,2,1,0)
   115        3:3        2:2   +   0.627 (35,4,4,4,1,1,1,4,0)
   116        3:3        3:3       0.643 (26,3,4,3,1,1,3,2,0)
   117        3:3        2:2   +   0.465 (31,4,4,3,1,0,1,4,0)
   118        3:3        3:3       0.667 (30,3,4,2,1,1,1,2,0)
     1        1:1        3:3   +   0.519 (25,3,3,1,1,0,2,4,0)
     2        1:1        2:2   +   0.556 (23,4,4,1,1,0,2,4,0)
     3        1:1        3:3   +   0.439 (31,3,4,2,1,1,3,3,0)
     4        1:1        3:3   +   0.509 (47,2,2,4,1,1,3,1,0)
     5        1:1        3:3   +   0.485 (30,3,3,5,1,0,3,4,0)
     6        1:1        3:3   +   0.509 (35,2,2,6,1,0,3,1,1)
     7        1:1        3:3   +   0.614 (25,3,4,3,1,1,1,1,0)
     8        1:1        3:3   +   0.509 (28,2,3,1,1,1,3,1,0)
     9        1:1        3:3   +   0.519 (39,3,1,1,1,1,2,3,0)
    10        1:1        3:3   +   1 (28,4,4,1,0,1,2,4,0)
    11        1:1        3:3   +   0.439 (22,3,4,2,1,1,2,3,0)
    12        1:1        3:3   +   0.519 (18,3,4,1,1,1,3,1,0)
    13        1:1        3:3   +   0.558 (37,3,4,4,1,0,2,4,0)
    14        1:1        2:2   +   0.461 (36,4,3,3,1,0,3,2,0)
    15        1:1        1:1       0.552 (31,1,1,6,1,1,3,2,0)
    16        1:1        3:3   +   0.509 (39,2,3,10,1,1,3,4,0)
    17        1:1        1:1       1 (25,4,4,0,1,0,3,4,0)
    18        1:1        1:1       0.552 (25,1,4,2,1,0,3,3,1)
    19        1:1        3:3   +   0.392 (49,4,4,1,1,1,3,4,0)
    20        1:1        1:1       0.552 (46,1,2,8,1,1,3,3,1)
    21        1:1        3:3   +   0.524 (31,4,4,2,1,1,1,2,0)
    22        1:1        2:2   +   0.461 (42,4,4,3,1,0,1,4,0)
    23        1:1        3:3   +   0.509 (37,2,3,4,1,1,2,3,0)
    24        1:1        3:3   +   0.519 (20,3,4,1,1,1,3,2,0)
    25        1:1        1:1       1 (45,3,4,0,1,1,1,3,0)
    26        1:1        3:3   +   0.509 (49,2,3,0,1,1,1,2,0)
    27        1:1        3:3   +   0.509 (22,2,4,1,1,1,3,4,0)
    28        1:1        3:3   +   0.833 (42,3,3,8,1,1,4,3,0)
    29        1:1        3:3   +   0.509 (21,2,4,3,1,1,3,2,0)
    30        1:1        3:3   +   0.509 (34,2,2,9,1,0,2,3,0)
    31        1:1        1:1       0.552 (39,1,2,2,1,1,3,1,1)
    32        1:1        3:3   +   0.509 (42,2,4,2,1,1,3,4,0)
    33        1:1        3:3   +   0.509 (30,2,3,2,1,0,2,4,0)
    34        2:2        3:3   +   0.509 (33,2,3,5,1,0,2,1,0)
    35        2:2        2:2       0.579 (41,4,4,6,1,1,1,4,0)
    36        2:2        3:3   +   0.614 (28,3,4,3,1,1,1,4,0)
    37        2:2        3:3   +   0.614 (34,3,4,3,0,1,1,4,0)
    38        2:2        3:3   +   0.524 (34,4,4,2,0,0,3,2,0)
    39        2:2        3:3   +   0.524 (33,4,4,2,0,0,1,3,0)
    40        2:2        2:2       0.615 (44,4,4,4,1,1,1,4,0)
    41        2:2        2:2       0.615 (45,4,4,4,1,1,1,4,0)
    42        2:2        2:2       0.579 (40,4,4,6,1,1,1,3,0)
    43        2:2        2:2       0.461 (48,4,4,3,0,1,1,4,0)
    44        2:2        2:2       0.579 (43,4,4,6,1,1,1,4,0)
    45        2:2        1:1   +   0.552 (43,1,3,4,1,1,1,4,0)
    46        2:2        2:2       0.75 (41,4,4,8,1,1,1,4,0)
    47        2:2        3:3   +   0.485 (41,3,4,5,1,1,1,3,0)
    48        2:2        3:3   +   0.509 (26,2,4,2,1,1,1,4,0)
    49        2:2        3:3   +   0.558 (42,3,3,4,0,1,3,4,0)
    50        2:2        3:3   +   0.833 (45,3,3,8,1,1,2,3,0)
    51        2:2        2:2       0.615 (29,4,3,4,1,0,3,2,0)
    52        2:2        3:3   +   0.509 (42,2,4,5,0,1,2,3,0)
    53        2:2        3:3   +   0.485 (27,3,2,5,1,1,2,4,0)
    54        2:2        2:2       0.615 (47,4,4,4,1,0,1,4,0)
    55        2:2        2:2       0.615 (39,4,4,4,1,1,1,4,0)
    56        2:2        3:3   +   0.509 (26,2,4,2,1,1,1,3,0)
    57        2:2        2:2       0.615 (35,4,4,4,0,1,3,3,0)
    58        2:2        2:2       0.461 (35,4,4,3,0,0,3,4,0)
    59        2:2        3:3   +   0.614 (37,3,4,3,1,1,1,3,0)
    60        2:2        2:2       0.461 (33,4,4,3,1,1,1,4,0)
    61        2:2        3:3   +   0.524 (28,4,4,2,1,1,1,3,0)
    62        2:2        3:3   +   0.509 (34,2,3,2,1,1,3,3,0)
    63        2:2        3:3   +   0.667 (44,3,3,9,1,1,1,1,0)
    64        2:2        2:2       0.389 (32,3,3,6,1,0,3,3,0)
    65        2:2        1:1   +   1 (49,4,4,10,1,1,1,4,0)
    66        2:2        2:2       0.461 (44,4,4,3,1,1,1,4,0)
    67        2:2        2:2       1 (48,4,4,7,0,1,1,4,0)
    68        3:3        2:2   +   0.583 (24,4,4,1,1,1,1,3,0)
    69        3:3        3:3       0.509 (36,2,2,5,1,1,3,4,0)
    70        3:3        3:3       0.6 (19,4,4,1,1,1,1,3,0)
    71        3:3        3:3       0.509 (29,2,3,3,1,1,3,3,0)
    72        3:3        1:1   +   0.552 (41,1,4,5,1,0,2,4,0)
    73        3:3        3:3       0.524 (27,4,4,2,0,0,2,4,0)
    74        3:3        3:3       0.558 (32,3,4,4,1,1,3,2,0)
    75        3:3        1:1   +   0.552 (29,1,4,3,1,1,4,4,1)
    76        3:3        3:3       0.509 (35,2,3,6,1,0,3,2,0)
    77        3:3        2:2   +   0.431 (49,4,3,13,1,1,1,4,0)
    78        3:3        2:2   +   0.461 (32,4,4,3,0,1,1,4,0)
    79        3:3        2:2   +   0.461 (26,4,4,3,1,1,3,2,0)
    80        3:3        2:2   +   0.75 (44,4,4,8,1,1,2,4,0)
    81        3:3        3:3       0.524 (22,4,4,2,1,1,3,4,0)
    82        3:3        3:3       0.667 (36,3,4,9,1,1,3,4,0)
    83        3:3        3:3       0.614 (30,3,3,3,1,1,3,1,0)
    84        3:3        1:1   +   0.552 (45,1,3,3,1,1,3,2,0)
    85        3:3        1:1   +   1 (28,4,4,1,1,1,1,3,0)
    86        3:3        2:2   +   0.579 (35,4,4,6,1,1,1,4,0)
    87        3:3        3:3       0.524 (33,4,4,2,1,0,2,4,0)
    88        3:3        3:3       0.524 (21,4,4,2,1,1,2,3,0)
    89        3:3        2:2   +   0.461 (39,4,4,3,1,0,1,4,0)
    90        3:3        3:3       0.524 (34,4,4,2,1,1,3,3,0)
    91        3:3        3:3       0.439 (20,3,3,2,1,1,2,2,1)
    92        3:3        3:3       0.509 (27,2,4,1,1,1,1,4,0)
    93        3:3        3:3       0.524 (30,4,4,2,1,1,4,3,0)
    94        3:3        2:2   +   0.431 (48,4,4,16,1,1,1,4,0)
    95        3:3        3:3       0.509 (20,2,2,1,1,1,3,2,0)
    96        3:3        3:3       0.519 (21,3,2,1,1,1,3,1,1)
    97        3:3        2:2   +   0.487 (44,4,4,5,1,1,3,4,0)
    98        3:3        2:2   +   0.615 (47,4,3,4,1,1,1,3,0)
    99        3:3        2:2   +   1 (42,4,4,7,1,1,2,4,0)
   100        3:3        3:3       0.509 (17,2,2,1,1,1,3,2,0)
   101        3:3        3:3       0.558 (33,3,4,4,1,1,3,3,0)
   102        3:3        2:2   +   0.487 (47,4,4,5,1,1,3,2,0)
   103        3:3        3:3       0.614 (28,3,4,3,1,1,1,4,0)
   104        3:3        2:2   +   0.615 (36,4,4,4,1,1,1,4,0)
   105        3:3        2:2   +   0.461 (32,4,4,3,0,1,1,4,0)
   106        3:3        3:3       0.524 (26,4,4,2,1,1,3,3,0)
   107        3:3        2:2   +   0.5 (21,4,4,1,1,1,2,3,0)
   108        3:3        3:3       0.524 (19,4,4,2,1,1,1,4,0)
   109        3:3        2:2   +   0.615 (40,4,4,4,1,1,1,4,0)
   110        3:3        3:3       0.509 (25,2,3,5,1,1,2,3,0)
   111        3:3        3:3       0.509 (28,2,3,3,1,1,3,4,0)
   112        3:3        1:1   +   0.552 (36,1,3,6,1,1,3,2,0)
   113        3:3        3:3       0.524 (32,4,4,2,0,0,1,4,0)
   114        3:3        2:2   +   0.389 (33,3,4,6,1,1,3,2,0)
   115        3:3        1:1   +   0.552 (28,1,3,5,1,1,3,4,0)
   116        3:3        3:3       0.509 (37,2,4,5,1,1,1,4,0)
   117        3:3        2:2   +   0.461 (33,4,4,3,1,1,1,4,0)
   118        3:3        3:3       0.524 (33,4,4,2,1,1,2,4,0)
     1        1:1        1:1       0.959 (23,3,2,0,1,1,2,2,0)
     2        1:1        1:1       0.959 (26,4,4,0,1,1,3,4,0)
     3        1:1        1:1       0.667 (31,2,2,8,1,1,2,2,1)
     4        1:1        3:3   +   0.49 (36,3,3,2,1,0,2,4,0)
     5        1:1        2:2   +   0.559 (45,2,2,7,1,1,3,1,1)
     6        1:1        2:2   +   0.636 (48,4,4,4,0,1,1,4,0)
     7        1:1        2:2   +   0.559 (46,1,2,7,1,1,3,1,1)
     8        1:1        3:3   +   0.667 (25,2,3,1,1,0,2,1,0)
     9        1:1        3:3   +   0.54 (40,3,3,3,1,1,2,2,1)
    10        1:1        3:3   +   0.49 (24,2,2,2,1,1,3,1,1)
    11        1:1        3:3   +   0.538 (46,1,4,8,1,1,1,4,1)
    12        1:1        2:2   +   0.559 (30,1,1,7,1,1,2,3,0)
    13        1:1        3:3   +   0.75 (21,4,4,1,1,1,3,4,0)
    14        1:1        1:1       0.959 (20,3,4,0,1,1,3,3,0)
    15        1:1        3:3   +   0.5 (32,2,4,5,1,1,2,3,0)
    16        1:1        3:3   +   0.54 (41,1,3,3,1,0,2,4,0)
    17        1:1        3:3   +   0.54 (33,3,3,3,1,1,3,4,0)
    18        1:1        1:1       0.959 (28,3,4,0,1,0,1,3,0)
    19        1:1        3:3   +   0.49 (27,3,4,2,1,1,1,3,0)
    20        1:1        1:1       1 (32,3,4,1,0,1,2,4,0)
    21        1:1        3:3   +   1 (20,2,3,1,1,1,3,4,0)
    22        1:1        3:3   +   0.49 (20,3,4,2,1,1,3,3,0)
    23        1:1        3:3   +   0.5 (38,3,3,5,1,1,1,4,0)
    24        1:1        1:1       0.625 (28,3,4,1,0,1,2,2,0)
    25        1:1        1:1       0.714 (35,2,3,8,1,1,3,3,1)
    26        1:1        3:3   +   0.49 (24,3,4,2,1,1,2,4,0)
    27        1:1        3:3   +   0.54 (31,4,4,3,1,0,2,3,0)
    28        1:1        3:3   +   0.429 (25,4,4,1,1,1,3,4,0)
    29        1:1        3:3   +   0.49 (24,2,4,2,1,1,3,4,0)
    30        1:1        3:3   +   0.49 (24,2,3,2,1,1,3,1,0)
    31        1:1        1:1       0.714 (45,2,4,8,1,1,2,3,0)
    32        1:1        3:3   +   0.5 (33,1,1,5,1,1,3,1,1)
    33        1:1        3:3   +   0.54 (20,2,3,3,1,1,3,4,0)
    34        2:2        3:3   +   0.5 (44,4,4,5,1,0,1,4,0)
    35        2:2        2:2       0.636 (31,4,4,4,1,1,3,3,0)
    36        2:2        3:3   +   0.568 (32,3,3,4,1,0,3,3,0)
    37        2:2        3:3   +   0.54 (21,3,4,3,1,1,1,4,0)
    38        2:2        3:3   +   1 (43,2,4,13,1,1,2,3,0)
    39        2:2        3:3   +   0.49 (28,4,4,2,0,1,1,4,0)
    40        2:2        3:3   +   0.5 (30,4,4,1,0,1,2,4,0)
    41        2:2        3:3   +   0.6 (22,4,4,1,1,1,1,3,0)
    42        2:2        3:3   +   0.5 (36,3,3,5,1,0,1,3,0)
    43        2:2        3:3   +   0.5 (41,3,3,5,1,1,1,4,0)
    44        2:2        3:3   +   0.49 (29,4,4,2,1,1,3,4,0)
    45        2:2        3:3   +   0.49 (30,3,3,2,1,1,2,3,0)
    46        2:2        3:3   +   0.5 (40,4,4,5,1,1,1,3,0)
    47        2:2        2:2       0.636 (34,4,4,4,1,0,3,3,0)
    48        2:2        3:3   +   0.54 (27,4,4,3,1,1,1,3,0)
    49        2:2        3:3   +   0.5 (38,4,4,5,1,1,1,3,0)
    50        2:2        3:3   +   0.54 (41,4,4,3,1,0,2,3,0)
    51        2:2        2:2       0.636 (30,4,1,4,1,1,3,3,0)
    52        2:2        3:3   +   0.5 (41,4,4,5,0,1,2,4,0)
    53        2:2        3:3   +   0.49 (37,4,4,2,1,0,3,3,0)
    54        2:2        3:3   +   0.54 (31,4,4,3,1,1,1,4,0)
    55        2:2        3:3   +   0.54 (34,4,4,3,1,1,1,4,0)
    56        2:2        3:3   +   0.875 (45,2,2,9,1,1,3,3,0)
    57        2:2        3:3   +   0.49 (34,4,4,2,1,1,1,4,0)
    58        2:2        3:3   +   0.5 (32,3,4,5,1,1,1,2,0)
    59        2:2        3:3   +   0.6 (24,4,4,1,1,1,1,4,0)
    60        2:2        3:3   +   0.49 (30,4,4,2,0,0,1,4,0)
    61        2:2        3:3   +   0.568 (42,3,3,4,1,1,2,4,0)
    62        2:2        3:3   +   0.5 (33,4,3,5,1,1,2,4,0)
    63        2:2        3:3   +   0.49 (32,4,4,2,0,0,1,4,0)
    64        2:2        2:2       0.636 (37,4,4,4,0,0,2,4,0)
    65        2:2        3:3   +   0.54 (39,4,4,3,1,1,1,4,0)
    66        2:2        3:3   +   0.5 (35,4,4,5,0,0,1,4,0)
    67        2:2        3:3   +   0.6 (24,4,4,1,1,1,3,2,0)
    68        3:3        2:2   +   1 (41,1,2,6,1,1,3,3,0)
    69        3:3        2:2   +   0.667 (20,3,4,1,0,1,2,4,0)
    70        3:3        2:2   +   0.636 (33,4,4,4,1,1,2,3,0)
    71        3:3        2:2   +   1 (40,3,4,6,1,1,1,3,0)
    72        3:3        3:3       0.5 (35,1,2,5,1,1,3,3,0)
    73        3:3        3:3       0.556 (35,2,3,6,1,1,2,3,0)
    74        3:3        3:3       0.6 (22,4,4,1,0,1,3,1,0)
    75        3:3        3:3       0.49 (21,4,4,2,1,1,3,3,0)
    76        3:3        3:3       0.49 (25,1,2,2,1,1,2,1,0)
    77        3:3        3:3       0.54 (31,4,4,3,1,1,1,4,0)
    78        3:3        3:3       0.49 (35,4,4,2,1,1,2,4,0)
    79        3:3        3:3       0.667 (36,1,2,4,1,1,3,1,1)
    80        3:3        1:1   +   0.333 (34,4,4,6,1,1,2,2,0)
    81        3:3        3:3       0.49 (23,2,3,2,1,0,3,2,0)
    82        3:3        3:3       0.536 (27,2,4,4,1,1,2,1,0)
    83        3:3        3:3       0.6 (22,4,3,1,1,1,2,2,0)
    84        3:3        2:2   +   0.559 (31,2,3,7,1,1,3,3,0)
    85        3:3        3:3       0.536 (34,2,2,4,0,1,3,2,0)
    86        3:3        3:3       0.536 (40,2,2,4,0,0,2,4,0)
    87        3:3        3:3       0.568 (30,3,3,4,1,0,2,2,0)
    88        3:3        3:3       0.5 (43,4,4,5,0,1,1,4,0)
    89        3:3        3:3       0.429 (25,4,4,1,0,1,1,4,0)
    90        3:3        3:3       0.49 (22,3,4,2,1,1,2,4,0)
    91        3:3        3:3       0.49 (24,2,2,2,1,1,3,4,0)
    92        3:3        3:3       0.54 (31,1,1,3,1,1,4,2,1)
    93        3:3        3:3       0.5 (37,3,4,5,1,0,2,4,0)
    94        3:3        3:3       0.49 (22,3,4,2,0,1,3,4,0)
    95        3:3        3:3       0.49 (21,3,3,2,1,1,2,3,0)
    96        3:3        3:3       0.5 (41,4,3,5,1,0,3,4,0)
    97        3:3        3:3       0.5 (44,3,4,5,1,0,1,4,0)
    98        3:3        3:3       0.536 (29,2,3,4,1,1,3,2,0)
    99        3:3        3:3       0.54 (22,3,4,3,1,1,2,3,0)
   100        3:3        3:3       0.49 (25,4,4,2,1,1,2,3,0)
   101        3:3        3:3       0.5 (32,3,2,5,1,1,3,3,0)
   102        3:3        2:2   +   0.636 (36,4,4,4,1,1,1,3,0)
   103        3:3        3:3       0.667 (25,2,2,1,1,1,3,1,0)
   104        3:3        3:3       0.556 (35,2,2,6,1,0,2,2,1)
   105        3:3        3:3       0.49 (22,2,2,2,1,1,2,3,0)
   106        3:3        1:1   +   0.625 (28,4,4,1,1,1,3,2,0)
   107        3:3        3:3       0.625 (19,4,4,1,1,1,2,3,0)
   108        3:3        2:2   +   0.559 (33,2,3,7,1,0,3,1,0)
   109        3:3        2:2   +   0.667 (23,3,2,1,1,1,3,3,0)
   110        3:3        1:1   +   1 (32,2,2,8,1,1,2,1,0)
   111        3:3        3:3       0.5 (40,3,4,5,1,1,1,2,0)
   112        3:3        3:3       0.54 (25,3,4,3,1,1,2,4,0)
   113        3:3        3:3       0.5 (32,3,4,5,0,1,1,4,0)
   114        3:3        3:3       0.49 (31,4,4,2,0,1,1,4,0)
   115        3:3        3:3       0.5 (35,3,4,5,1,1,1,4,0)
   116        3:3        2:2   +   1 (27,4,4,1,1,1,1,4,0)
   117        3:3        2:2   +   0.559 (36,2,2,7,1,0,2,2,1)
   118        3:3        2:2   +   0.636 (39,4,3,4,1,1,3,4,0)
     1        1:1        1:1       0.5 (39,3,4,6,1,1,1,4,0)
     2        1:1        1:1       0.533 (32,1,2,4,1,1,3,2,1)
     3        1:1        3:3   +   1 (46,3,1,5,1,1,3,2,0)
     4        1:1        1:1       1 (34,4,3,0,0,0,3,3,0)
     5        1:1        3:3   +   0.489 (40,2,2,8,1,1,2,2,0)
     6        1:1        2:2   +   0.455 (42,4,4,3,1,1,1,4,0)
     7        1:1        1:1       0.533 (49,1,3,6,1,1,2,4,0)
     8        1:1        1:1       0.533 (48,1,1,8,1,0,2,2,1)
     9        1:1        3:3   +   0.489 (37,2,3,5,0,0,2,4,0)
    10        1:1        3:3   +   0.667 (27,3,4,0,1,1,3,3,0)
    11        1:1        1:1       0.533 (40,1,2,6,1,1,3,1,1)
    12        1:1        3:3   +   0.667 (29,3,4,4,1,1,1,4,0)
    13        1:1        1:1       0.533 (28,1,4,0,1,0,4,1,0)
    14        1:1        1:1       0.533 (45,1,3,7,1,0,1,3,0)
    15        1:1        1:1       1 (25,4,4,0,1,0,2,4,0)
    16        1:1        3:3   +   0.489 (45,2,3,6,1,1,3,2,1)
    17        1:1        1:1       0.533 (44,1,4,9,1,1,1,2,0)
    18        1:1        3:3   +   0.385 (28,3,4,0,1,0,3,4,0)
    19        1:1        2:2   +   0.455 (28,4,4,3,0,1,1,4,0)
    20        1:1        3:3   +   0.489 (27,2,2,1,1,0,3,2,1)
    21        1:1        2:2   +   0.455 (25,4,4,3,1,1,1,2,0)
    22        1:1        2:2   +   0.6 (41,3,4,3,0,1,2,4,0)
    23        1:1        1:1       0.667 (43,3,4,2,0,1,3,4,0)
    24        1:1        1:1       1 (33,4,4,0,1,0,3,3,0)
    25        1:1        2:2   +   0.455 (33,4,4,3,0,0,1,3,0)
    26        1:1        1:1       0.533 (48,1,1,1,1,0,3,3,1)
    27        1:1        3:3   +   0.4 (42,4,4,1,1,0,1,4,0)
    28        1:1        1:1       0.533 (47,1,4,6,1,1,1,4,0)
    29        1:1        3:3   +   0.4 (45,4,4,1,1,1,1,4,0)
    30        1:1        1:1       1 (23,4,4,0,1,0,1,4,0)
    31        1:1        3:3   +   0.489 (38,2,4,3,1,1,1,3,0)
    32        1:1        3:3   +   0.558 (39,4,4,2,1,0,1,4,0)
    33        1:1        1:1       0.455 (23,3,3,2,1,1,2,2,0)
    34        2:2        3:3   +   0.489 (30,2,4,1,1,0,3,4,0)
    35        2:2        3:3   +   0.4 (22,4,4,1,1,1,1,2,0)
    36        2:2        2:2       0.455 (27,4,4,3,1,1,1,4,0)
    37        2:2        2:2       0.612 (36,4,4,4,0,1,1,4,0)
    38        2:2        2:2       0.612 (42,4,4,4,0,0,2,4,0)
    39        2:2        1:1   +   0.533 (44,1,4,2,1,1,1,3,0)
    40        2:2        3:3   +   0.667 (29,3,4,2,1,1,1,4,0)
    41        2:2        3:3   +   0.4 (23,4,4,1,1,0,3,4,0)
    42        2:2        2:2       0.612 (41,4,4,4,0,0,2,4,0)
    43        2:2        2:2       1 (35,3,4,5,1,0,1,3,1)
    44        2:2        2:2       0.612 (38,4,4,4,0,0,1,2,0)
    45        2:2        2:2       0.455 (37,4,4,3,0,1,3,4,0)
    46        2:2        3:3   +   0.489 (30,2,4,3,1,1,3,4,0)
    47        2:2        3:3   +   1 (25,3,1,2,1,0,3,4,0)
    48        2:2        2:2       0.625 (36,3,2,6,1,1,3,2,0)
    49        2:2        2:2       0.455 (36,4,4,3,1,1,1,4,0)
    50        2:2        2:2       0.459 (35,4,4,5,1,0,1,3,0)
    51        2:2        3:3   +   0.667 (22,3,4,1,1,1,4,4,0)
    52        2:2        1:1   +   0.5 (34,3,3,6,1,1,3,4,0)
    53        2:2        3:3   +   0.667 (29,3,4,3,1,1,1,3,0)
    54        2:2        3:3   +   0.558 (29,4,4,2,1,0,1,3,0)
    55        2:2        1:1   +   0.667 (43,3,4,5,1,1,3,2,1)
    56        2:2        1:1   +   0.533 (47,1,1,10,1,1,3,3,0)
    57        2:2        2:2       0.455 (29,4,4,3,1,1,1,4,0)
    58        2:2        2:2       0.612 (35,4,4,4,1,1,1,4,0)
    59        2:2        3:3   +   0.558 (38,4,4,2,1,1,1,4,0)
    60        2:2        3:3   +   0.667 (29,3,4,3,1,1,1,3,0)
    61        2:2        3:3   +   0.558 (32,4,4,2,1,0,3,4,0)
    62        2:2        2:2       0.455 (29,4,4,3,1,1,3,2,0)
    63        2:2        2:2       0.459 (46,4,3,5,1,1,1,4,0)
    64        2:2        3:3   +   0.688 (30,3,4,7,1,1,2,4,0)
    65        2:2        2:2       0.455 (23,4,3,3,1,1,3,3,0)
    66        2:2        3:3   +   0.4 (26,4,4,1,1,0,2,3,0)
    67        2:2        3:3   +   0.558 (32,4,4,2,1,1,1,4,0)
    68        3:3        3:3       0.558 (24,4,4,2,1,0,3,3,0)
    69        3:3        2:2   +   0.6 (34,3,4,3,0,0,3,4,0)
    70        3:3        3:3       0.688 (30,3,2,3,1,1,3,3,0)
    71        3:3        3:3       0.558 (39,4,4,2,0,1,3,4,0)
    72        3:3        1:1   +   0.533 (47,1,3,9,1,0,3,3,0)
    73        3:3        1:1   +   0.533 (35,1,2,6,1,1,2,2,1)
    74        3:3        2:2   +   0.455 (25,4,4,3,1,1,3,3,0)
    75        3:3        3:3       0.489 (25,2,3,2,1,1,2,4,0)
    76        3:3        2:2   +   0.455 (36,4,4,3,1,1,2,4,0)
    77        3:3        1:1   +   0.5 (37,3,4,3,0,1,3,4,0)
    78        3:3        3:3       0.489 (32,2,3,5,1,0,2,3,0)
    79        3:3        3:3       0.538 (24,3,4,4,1,1,2,3,0)
    80        3:3        3:3       0.489 (28,2,3,3,1,1,2,4,0)
    81        3:3        3:3       0.846 (21,3,3,1,1,1,3,2,0)
    82        3:3        3:3       0.462 (27,3,3,3,1,1,2,2,0)
    83        3:3        1:1   +   0.5 (37,3,4,4,0,1,2,4,0)
    84        3:3        3:3       0.558 (39,4,4,2,0,1,1,3,0)
    85        3:3        3:3       0.462 (27,3,4,2,1,1,3,2,0)
    86        3:3        3:3       0.714 (25,3,4,3,1,0,3,4,0)
    87        3:3        1:1   +   0.533 (35,1,2,5,1,1,2,2,1)
    88        3:3        2:2   +   0.455 (39,4,4,3,1,1,2,4,0)
    89        3:3        3:3       0.489 (21,2,1,3,1,0,3,1,1)
    90        3:3        3:3       0.489 (28,2,4,7,1,1,3,3,0)
    91        3:3        1:1   +   1 (31,3,4,5,1,1,1,4,0)
    92        3:3        3:3       0.611 (26,3,2,5,1,1,2,2,0)
    93        3:3        3:3       0.385 (28,3,3,3,1,0,2,4,0)
    94        3:3        2:2   +   1 (32,3,3,4,1,1,2,1,0)
    95        3:3        2:2   +   0.612 (37,4,4,4,1,1,3,2,0)
    96        3:3        2:2   +   0.6 (34,3,4,4,1,1,1,3,0)
    97        3:3        3:3       0.667 (20,3,3,2,1,1,2,4,0)
    98        3:3        3:3       0.4 (23,4,4,1,1,1,3,3,0)
    99        3:3        1:1   +   0.533 (41,1,4,9,1,1,2,1,0)
   100        3:3        3:3       0.4 (24,4,4,1,1,0,1,4,0)
   101        3:3        3:3       0.4 (22,4,4,1,1,1,2,3,0)
   102        3:3        3:3       0.489 (35,2,3,5,1,1,3,3,0)
   103        3:3        3:3       0.4 (31,4,4,1,1,1,1,4,0)
   104        3:3        3:3       0.667 (29,3,3,1,1,1,3,3,0)
   105        3:3        1:1   +   0.5 (31,3,4,4,1,0,3,3,0)
   106        3:3        2:2   +   0.636 (38,4,4,6,1,1,2,4,0)
   107        3:3        3:3       0.489 (30,2,2,4,1,1,2,1,0)
   108        3:3        2:2   +   0.612 (46,4,4,4,0,1,1,4,0)
   109        3:3        3:3       1 (25,3,3,2,1,1,2,3,0)
   110        3:3        2:2   +   0.459 (38,4,4,5,1,1,2,3,0)
   111        3:3        3:3       0.489 (23,2,3,2,1,1,3,1,0)
   112        3:3        3:3       0.385 (28,3,4,2,1,1,2,3,0)
   113        3:3        3:3       0.558 (33,4,4,2,1,0,1,4,0)
   114        3:3        2:2   +   0.459 (44,4,4,5,1,0,1,4,0)
   115        3:3        3:3       0.489 (34,2,4,7,1,1,2,3,0)
   116        3:3        2:2   +   0.455 (23,4,4,3,1,1,3,3,0)
   117        3:3        1:1   +   0.533 (46,1,2,9,1,0,3,4,1)
   118        3:3        3:3       0.558 (32,4,4,2,1,0,3,4,0)
     1        1:1        3:3   +   0.426 (24,3,4,2,1,1,2,2,0)
     2        1:1        3:3   +   1 (35,4,4,1,1,1,1,3,0)
     3        1:1        3:3   +   0.561 (37,4,4,2,1,1,1,4,0)
     4        1:1        1:1       0.565 (42,1,3,12,1,1,2,4,0)
     5        1:1        1:1       1 (20,2,3,3,1,1,3,4,0)
     6        1:1        3:3   +   0.418 (33,4,4,1,0,0,3,4,0)
     7        1:1        3:3   +   0.579 (30,3,4,4,0,1,2,3,0)
     8        1:1        1:1       0.565 (48,1,1,6,1,1,2,3,1)
     9        1:1        3:3   +   0.426 (24,3,3,2,1,0,3,2,0)
    10        1:1        1:1       0.565 (47,1,4,7,1,1,2,3,0)
    11        1:1        3:3   +   0.579 (29,3,4,4,1,0,1,3,0)
    12        1:1        3:3   +   0.5 (25,3,2,1,1,0,3,3,0)
    13        1:1        1:1       0.565 (32,1,3,4,1,1,2,2,1)
    14        1:1        3:3   +   0.667 (26,4,4,1,1,1,1,4,0)
    15        1:1        1:1       1 (22,3,4,0,1,0,3,4,0)
    16        1:1        3:3   +   0.579 (38,3,3,4,0,0,3,2,1)
    17        1:1        3:3   +   0.617 (36,3,3,3,0,0,2,3,1)
    18        1:1        1:1       1 (34,2,4,6,1,0,3,4,0)
    19        1:1        2:2   +   0.587 (30,4,4,4,1,1,2,4,0)
    20        1:1        3:3   +   0.667 (30,4,4,1,1,0,1,4,0)
    21        1:1        3:3   +   0.714 (37,2,3,2,0,0,3,3,0)
    22        1:1        2:2   +   0.421 (37,3,3,6,1,1,2,2,0)
    23        1:1        3:3   +   0.5 (18,3,4,1,1,1,3,3,0)
    24        1:1        1:1       1 (19,2,2,0,1,1,2,2,0)
    25        1:1        1:1       1 (29,4,4,0,1,0,2,4,0)
    26        1:1        1:1       0.565 (36,1,4,2,1,1,2,2,0)
    27        1:1        1:1       1 (28,2,4,0,1,1,3,1,0)
    28        1:1        2:2   +   0.5 (27,4,4,1,0,1,3,4,0)
    29        1:1        3:3   +   0.561 (35,4,4,2,0,1,3,4,0)
    30        1:1        3:3   +   0.5 (29,3,4,1,0,1,2,3,0)
    31        1:1        3:3   +   0.579 (34,3,4,4,0,1,3,1,1)
    32        1:1        1:1       1 (42,4,4,1,1,1,2,4,0)
    33        1:1        3:3   +   0.617 (47,3,4,3,1,1,2,3,0)
    34        2:2        3:3   +   0.5 (25,4,4,1,1,1,1,4,0)
    35        2:2        3:3   +   0.561 (28,4,4,2,1,0,1,3,0)
    36        2:2        3:3   +   0.469 (33,3,4,5,0,1,3,3,0)
    37        2:2        3:3   +   0.469 (39,3,4,5,1,1,3,4,0)
    38        2:2        3:3   +   0.561 (27,4,4,2,1,1,1,3,0)
    39        2:2        3:3   +   0.833 (34,2,2,8,1,1,2,2,0)
    40        2:2        2:2       0.667 (24,4,4,1,1,1,3,4,0)
    41        2:2        2:2       0.587 (37,4,4,4,1,1,1,4,0)
    42        2:2        2:2       0.587 (41,4,4,4,0,1,1,4,0)
    43        2:2        2:2       0.447 (39,4,4,5,1,1,1,4,0)
    44        2:2        2:2       0.587 (28,4,4,4,1,1,1,3,0)
    45        2:2        2:2       0.587 (40,4,4,4,1,1,1,3,0)
    46        2:2        3:3   +   0.426 (28,3,4,2,0,1,2,3,0)
    47        2:2        2:2       0.587 (46,4,4,4,1,1,1,4,0)
    48        2:2        2:2       0.587 (41,4,4,4,0,0,2,4,0)
    49        2:2        3:3   +   0.426 (32,3,3,2,1,0,3,4,0)
    50        2:2        3:3   +   0.617 (26,3,4,3,1,1,2,3,0)
    51        2:2        3:3   +   0.561 (26,4,4,2,1,0,1,4,0)
    52        2:2        3:3   +   0.561 (36,4,4,2,1,1,2,4,0)
    53        2:2        2:2       0.447 (42,4,4,5,1,1,1,4,0)
    54        2:2        3:3   +   0.714 (37,2,3,7,1,1,3,4,0)
    55        2:2        3:3   +   0.5 (20,3,4,1,1,1,3,2,0)
    56        2:2        2:2       1 (44,2,3,1,0,1,2,4,0)
    57        2:2        2:2       0.587 (41,4,4,4,0,0,2,4,0)
    58        2:2        2:2       0.458 (36,4,4,3,1,1,1,4,0)
    59        2:2        3:3   +   0.469 (24,3,4,5,1,1,1,2,1)
    60        2:2        2:2       0.5 (27,4,4,1,0,0,1,4,0)
    61        2:2        2:2       0.75 (37,4,3,8,1,1,1,4,0)
    62        2:2        2:2       0.587 (44,4,4,4,1,1,1,4,0)
    63        2:2        2:2       0.587 (46,4,4,4,1,1,1,4,0)
    64        2:2        3:3   +   0.561 (35,4,4,2,1,0,1,4,0)
    65        2:2        3:3   +   0.579 (31,3,4,4,1,1,1,3,0)
    66        2:2        2:2       0.458 (35,4,4,3,1,1,2,3,0)
    67        3:3        3:3       0.556 (25,2,3,1,1,1,3,1,0)
    68        3:3        1:1   +   0.565 (24,1,2,3,1,1,3,2,0)
    69        3:3        3:3       0.5 (22,3,3,1,1,1,3,2,0)
    70        3:3        3:3       0.556 (25,2,3,2,1,1,3,1,0)
    71        3:3        3:3       0.426 (20,3,4,2,1,1,1,3,0)
    72        3:3        1:1   +   1 (19,2,4,1,1,1,2,3,0)
    73        3:3        3:3       0.714 (37,2,3,6,1,1,3,4,0)
    74        3:3        3:3       1 (36,2,3,6,1,1,2,4,0)
    75        3:3        3:3       0.833 (34,2,3,3,0,1,3,2,1)
    76        3:3        2:2   +   0.587 (46,4,4,4,1,1,1,4,0)
    77        3:3        2:2   +   0.458 (34,4,4,3,1,1,1,4,0)
    78        3:3        2:2   +   0.458 (28,4,4,3,0,0,3,4,0)
    79        3:3        1:1   +   0.565 (22,1,3,2,1,1,3,2,0)
    80        3:3        1:1   +   0.565 (28,1,2,4,1,1,2,3,0)
    81        3:3        1:1   +   0.565 (30,1,3,2,1,1,3,4,0)
    82        3:3        1:1   +   0.565 (32,1,4,4,1,1,3,2,0)
    83        3:3        3:3       0.561 (38,4,4,2,1,0,1,4,0)
    84        3:3        3:3       0.5 (17,3,4,1,1,1,3,3,0)
    85        3:3        3:3       0.561 (27,4,4,2,1,1,1,4,0)
    86        3:3        3:3       0.426 (25,3,4,2,1,1,3,3,0)
    87        3:3        3:3       0.579 (30,3,3,4,1,0,3,2,0)
    88        3:3        3:3       0.561 (43,4,4,2,1,1,1,4,0)
    89        3:3        1:1   +   1 (28,4,4,1,0,0,2,4,0)
    90        3:3        3:3       0.561 (28,4,3,2,1,1,3,2,0)
    91        3:3        3:3       0.579 (33,3,3,4,1,0,2,2,0)
    92        3:3        3:3       0.5 (17,3,3,1,1,1,2,4,0)
    93        3:3        3:3       0.561 (30,4,4,2,1,0,2,2,0)
    94        3:3        1:1   +   1 (22,2,4,1,1,1,3,3,0)
    95        3:3        1:1   +   0.565 (34,1,4,4,1,1,3,4,1)
    96        3:3        1:1   +   0.565 (22,1,3,2,1,1,3,1,0)
    97        3:3        3:3       0.426 (26,3,4,2,1,0,2,4,0)
    98        3:3        3:3       0.75 (22,4,4,1,1,0,2,4,0)
    99        3:3        2:2   +   0.458 (22,4,4,3,1,1,3,2,0)
   100        3:3        2:2   +   0.5 (27,4,4,1,0,0,1,3,0)
   101        3:3        3:3       0.561 (24,4,4,2,1,1,3,3,0)
   102        3:3        1:1   +   0.565 (35,1,2,4,1,0,4,4,0)
   103        3:3        2:2   +   0.5 (27,4,4,1,0,1,3,4,0)
   104        3:3        3:3       0.5 (32,2,3,4,1,0,2,2,0)
   105        3:3        3:3       1 (27,2,4,3,1,1,4,4,0)
   106        3:3        1:1   +   0.833 (45,2,3,3,0,0,2,4,0)
   107        3:3        1:1   +   0.565 (26,1,2,3,1,0,3,2,0)
   108        3:3        1:1   +   0.571 (21,2,2,1,1,1,4,3,0)
   109        3:3        3:3       0.579 (46,3,4,4,1,0,3,4,0)
   110        3:3        3:3       0.426 (22,3,2,2,1,1,2,1,0)
   111        3:3        3:3       0.579 (33,3,3,4,1,0,2,3,0)
   112        3:3        3:3       0.469 (27,3,3,5,1,1,2,4,0)
   113        3:3        2:2   +   0.75 (41,4,4,8,1,1,1,4,0)
   114        3:3        1:1   +   0.5 (30,2,3,5,1,0,3,4,0)
   115        3:3        1:1   +   0.5 (40,2,4,3,0,1,3,4,0)
   116        3:3        3:3       0.561 (20,4,4,2,1,1,1,3,0)
   117        3:3        2:2   +   0.447 (41,4,4,5,1,1,1,4,0)
   118        3:3        2:2   +   0.458 (36,4,4,3,0,1,3,4,0)
     1        1:1        3:3   +   0.455 (42,3,3,5,1,1,2,2,0)
     2        1:1        1:1       0.8 (38,1,2,8,1,1,3,3,1)
     3        1:1        3:3   +   0.495 (23,2,4,2,1,1,1,4,0)
     4        1:1        3:3   +   0.495 (30,2,3,4,1,0,3,2,0)
     5        1:1        3:3   +   0.414 (27,4,4,1,0,0,2,4,0)
     6        1:1        3:3   +   0.495 (41,2,2,5,0,1,2,2,0)
     7        1:1        3:3   +   0.495 (47,2,2,7,1,1,2,2,0)
     8        1:1        1:1       1 (31,3,2,1,1,1,3,4,0)
     9        1:1        3:3   +   0.495 (16,2,4,1,1,1,3,4,0)
    10        1:1        3:3   +   0.495 (25,2,2,3,1,1,3,3,0)
    11        1:1        1:1       0.667 (47,1,2,2,1,1,2,4,0)
    12        1:1        3:3   +   0.495 (19,2,2,2,1,1,3,1,0)
    13        1:1        2:2   +   0.436 (28,4,4,3,0,0,1,4,0)
    14        1:1        3:3   +   0.431 (45,3,4,2,0,1,1,4,0)
    15        1:1        3:3   +   0.535 (23,4,4,2,1,0,3,3,0)
    16        1:1        1:1       1 (33,1,2,0,1,0,3,3,0)
    17        1:1        3:3   +   0.495 (17,2,3,1,1,1,3,2,0)
    18        1:1        3:3   +   0.495 (40,2,2,6,1,1,2,2,1)
    19        1:1        3:3   +   0.495 (42,2,3,2,1,1,1,4,0)
    20        1:1        3:3   +   0.431 (23,3,3,2,1,1,3,3,0)
    21        1:1        1:1       0.8 (48,1,1,8,1,1,1,1,1)
    22        1:1        2:2   +   0.455 (28,4,4,5,1,0,3,4,0)
    23        1:1        1:1       1 (39,3,4,1,0,1,3,4,0)
    24        1:1        1:1       0.8 (43,1,2,8,1,1,2,2,1)
    25        1:1        3:3   +   0.495 (18,2,3,1,1,1,2,3,0)
    26        1:1        3:3   +   0.455 (48,3,4,5,1,1,2,3,0)
    27        1:1        2:2   +   0.455 (43,4,4,5,1,1,1,3,0)
    28        1:1        1:1       1 (22,4,4,0,1,1,3,2,0)
    29        1:1        1:1       1 (40,1,1,0,1,1,3,2,0)
    30        1:1        3:3   +   0.414 (32,4,4,1,0,1,1,4,0)
    31        1:1        3:3   +   0.495 (36,2,3,6,1,1,2,3,0)
    32        1:1        3:3   +   0.414 (47,4,4,1,0,1,1,4,0)
    33        1:1        1:1       0.778 (25,1,3,1,1,1,4,2,0)
    34        2:2        2:2       0.455 (33,4,4,5,1,1,2,4,0)
    35        2:2        1:1   +   0.333 (20,3,4,1,1,1,2,4,0)
    36        2:2        2:2       0.436 (33,4,4,3,1,1,3,4,0)
    37        2:2        3:3   +   0.414 (22,4,4,1,1,0,2,2,0)
    38        2:2        3:3   +   0.535 (26,4,4,2,0,1,1,4,0)
    39        2:2        3:3   +   0.5 (33,3,4,3,0,1,2,4,0)
    40        2:2        3:3   +   0.88 (26,3,4,3,1,1,3,4,0)
    41        2:2        2:2       0.436 (43,4,4,3,0,1,1,4,0)
    42        2:2        3:3   +   0.537 (34,3,4,4,1,1,3,3,0)
    43        2:2        1:1   +   1 (35,1,3,7,1,0,2,3,1)
    44        2:2        2:2       0.436 (38,4,4,3,0,0,2,4,0)
    45        2:2        2:2       0.571 (32,3,4,7,0,1,1,3,0)
    46        2:2        3:3   +   0.535 (27,4,4,2,1,0,1,3,0)
    47        2:2        2:2       0.618 (32,4,4,4,1,1,1,2,0)
    48        2:2        3:3   +   0.5 (41,3,4,3,0,1,2,4,0)
    49        2:2        2:2       0.618 (42,4,4,4,1,1,3,4,0)
    50        2:2        2:2       0.436 (37,4,4,3,1,1,3,4,0)
    51        2:2        2:2       0.436 (30,4,4,3,1,1,2,1,0)
    52        2:2        2:2       0.545 (26,3,4,3,1,1,1,4,0)
    53        2:2        3:3   +   0.537 (36,3,4,4,0,0,2,4,0)
    54        2:2        2:2       0.545 (28,3,3,3,1,1,1,2,0)
    55        2:2        2:2       0.618 (38,4,4,4,0,1,3,4,0)
    56        2:2        3:3   +   0.495 (31,2,2,4,1,1,4,3,1)
    57        2:2        3:3   +   0.75 (23,3,1,1,1,0,3,3,0)
    58        2:2        2:2       0.455 (35,4,4,5,1,0,1,4,0)
    59        2:2        2:2       0.412 (43,3,3,6,1,0,3,2,0)
    60        2:2        2:2       0.436 (33,4,4,3,0,1,2,4,0)
    61        2:2        1:1   +   0.778 (24,1,4,1,1,0,4,2,1)
    62        2:2        2:2       0.618 (32,4,4,4,1,1,2,3,0)
    63        2:2        3:3   +   0.495 (42,2,3,7,1,1,3,4,0)
    64        2:2        2:2       0.455 (43,4,4,5,0,1,1,4,0)
    65        2:2        2:2       0.455 (34,4,4,5,1,1,3,4,0)
    66        2:2        2:2       0.436 (34,4,4,3,1,0,3,4,0)
    67        3:3        3:3       0.495 (33,2,3,4,1,1,2,3,0)
    68        3:3        3:3       0.5 (25,3,3,3,1,1,2,1,0)
    69        3:3        3:3       0.495 (21,2,2,0,0,1,4,4,0)
    70        3:3        3:3       0.495 (33,2,4,3,1,1,2,4,0)
    71        3:3        2:2   +   0.455 (41,4,4,5,1,1,1,4,0)
    72        3:3        3:3       0.495 (25,2,4,3,1,1,3,3,0)
    73        3:3        2:2   +   0.422 (44,4,4,11,1,1,1,4,0)
    74        3:3        3:3       0.495 (40,2,3,5,1,1,3,3,0)
    75        3:3        3:3       0.495 (34,2,3,2,1,1,2,3,0)
    76        3:3        2:2   +   0.618 (38,4,4,4,1,0,1,4,0)
    77        3:3        1:1   +   1 (25,1,2,3,1,1,2,3,0)
    78        3:3        3:3       0.537 (26,3,2,4,1,1,3,4,0)
    79        3:3        3:3       0.556 (31,1,2,4,1,1,3,3,0)
    80        3:3        3:3       0.431 (45,3,4,2,0,1,3,3,0)
    81        3:3        2:2   +   0.412 (31,3,3,6,0,1,3,1,0)
    82        3:3        3:3       0.495 (29,2,4,3,1,0,3,3,0)
    83        3:3        3:3       0.495 (36,2,4,8,1,1,1,4,0)
    84        3:3        3:3       0.535 (34,4,4,2,0,1,1,4,0)
    85        3:3        3:3       0.535 (40,4,4,2,0,0,1,4,0)
    86        3:3        2:2   +   0.436 (37,4,4,3,1,1,2,4,0)
    87        3:3        3:3       0.537 (29,3,3,4,1,1,3,4,0)
    88        3:3        3:3       0.535 (25,4,4,2,1,1,1,3,0)
    89        3:3        2:2   +   0.436 (38,4,4,3,0,0,3,3,1)
    90        3:3        3:3       1 (21,3,3,1,1,1,3,3,0)
    91        3:3        3:3       0.537 (33,3,4,4,1,0,2,4,0)
    92        3:3        3:3       0.537 (26,3,4,4,1,1,2,3,0)
    93        3:3        1:1   +   0.667 (22,1,2,2,1,1,3,4,0)
    94        3:3        3:3       0.75 (22,3,4,1,1,0,1,4,0)
    95        3:3        3:3       0.495 (37,2,4,3,1,1,2,3,0)
    96        3:3        1:1   +   0.75 (18,3,3,1,1,1,2,2,0)
    97        3:3        3:3       0.535 (28,4,4,2,0,1,2,4,0)
    98        3:3        3:3       0.495 (37,2,3,9,1,1,3,3,0)
    99        3:3        2:2   +   0.436 (29,4,4,3,1,1,3,4,0)
   100        3:3        3:3       0.535 (32,4,4,2,1,0,1,3,0)
   101        3:3        3:3       0.556 (24,1,3,4,1,1,3,3,0)
   102        3:3        2:2   +   0.571 (30,3,3,7,1,1,3,4,0)
   103        3:3        2:2   +   0.455 (42,4,4,5,1,1,1,4,0)
   104        3:3        3:3       0.495 (28,2,2,5,1,0,2,4,0)
   105        3:3        3:3       0.535 (25,4,4,2,1,1,1,2,0)
   106        3:3        3:3       0.495 (28,2,3,6,1,1,2,4,0)
   107        3:3        3:3       0.495 (23,2,3,3,1,1,2,3,0)
   108        3:3        1:1   +   0.5 (29,3,3,1,0,0,2,4,0)
   109        3:3        2:2   +   0.412 (37,3,3,6,1,1,3,3,0)
   110        3:3        3:3       0.455 (43,3,3,5,1,0,3,3,0)
   111        3:3        2:2   +   0.618 (31,4,4,4,1,0,3,4,0)
   112        3:3        2:2   +   0.436 (31,4,4,3,1,1,4,4,0)
   113        3:3        3:3       0.535 (23,4,4,2,1,1,3,4,0)
   114        3:3        3:3       0.431 (26,3,4,2,1,1,3,3,0)
   115        3:3        1:1   +   0.667 (32,1,2,6,0,1,2,3,0)
   116        3:3        3:3       0.5 (31,3,3,3,1,1,2,1,1)
   117        3:3        3:3       0.414 (21,4,4,1,1,1,3,1,0)
     1        1:1        2:2   +   0.5 (27,2,4,1,1,0,1,1,0)
     2        1:1        3:3   +   0.5 (25,4,4,1,0,1,2,3,0)
     3        1:1        3:3   +   0.615 (49,2,3,4,1,1,2,3,0)
     4        1:1        3:3   +   0.424 (36,1,4,1,1,1,3,3,0)
     5        1:1        1:1       0.959 (35,1,2,0,1,0,4,4,0)
     6        1:1        3:3   +   0.495 (31,3,3,2,1,0,3,3,0)
     7        1:1        3:3   +   1 (28,4,4,1,1,0,1,3,0)
     8        1:1        2:2   +   0.625 (37,3,4,7,1,1,3,4,0)
     9        1:1        1:1       0.959 (37,1,3,0,1,1,3,4,0)
    10        1:1        1:1       0.959 (24,3,4,0,1,0,2,3,0)
    11        1:1        1:1       0.448 (40,2,2,8,1,1,1,3,0)
    12        1:1        3:3   +   0.507 (26,4,4,3,1,1,1,4,0)
    13        1:1        3:3   +   0.533 (47,1,1,4,1,1,2,2,0)
    14        1:1        1:1       0.6 (46,4,4,10,1,1,1,3,0)
    15        1:1        1:1       0.448 (48,3,4,8,1,1,3,3,0)
    16        1:1        1:1       1 (45,4,4,1,1,0,1,4,0)
    17        1:1        3:3   +   0.495 (40,4,4,2,1,1,3,4,0)
    18        1:1        3:3   +   0.406 (35,3,4,6,1,0,2,2,0)
    19        1:1        3:3   +   0.406 (38,1,2,6,1,1,2,1,1)
    20        1:1        3:3   +   0.615 (32,2,3,4,0,1,2,4,0)
    21        1:1        1:1       0.5 (41,3,2,11,1,1,2,3,0)
    22        1:1        3:3   +   0.615 (24,2,2,4,1,1,3,4,0)
    23        1:1        3:3   +   0.75 (24,4,4,1,1,0,1,3,0)
    24        1:1        3:3   +   0.75 (19,3,3,1,1,1,2,4,0)
    25        1:1        3:3   +   0.495 (47,3,3,2,1,1,2,4,0)
    26        1:1        3:3   +   0.456 (38,2,4,5,1,1,3,3,0)
    27        1:1        3:3   +   0.456 (35,4,4,5,1,1,1,4,0)
    28        1:1        1:1       0.959 (21,1,3,0,1,0,3,4,1)
    29        1:1        1:1       1 (45,4,4,1,1,1,1,4,0)
    30        1:1        3:3   +   0.495 (22,3,4,2,1,1,3,3,0)
    31        1:1        3:3   +   0.495 (47,4,4,2,1,1,1,4,0)
    32        1:1        3:3   +   0.495 (27,4,4,2,1,0,1,4,0)
    33        1:1        3:3   +   1 (41,2,4,1,1,1,2,3,0)
    34        2:2        3:3   +   0.406 (47,4,4,6,1,0,1,4,0)
    35        2:2        3:3   +   0.875 (35,1,2,9,1,0,3,1,0)
    36        2:2        2:2       0.75 (24,4,4,1,1,1,2,4,0)
    37        2:2        3:3   +   0.406 (35,3,3,6,1,1,2,3,0)
    38        2:2        2:2       0.875 (44,4,4,7,1,1,2,4,0)
    39        2:2        3:3   +   0.406 (38,4,4,6,1,0,3,3,0)
    40        2:2        3:3   +   0.507 (33,4,4,3,1,1,3,3,0)
    41        2:2        3:3   +   0.5 (25,4,4,1,1,0,1,4,0)
    42        2:2        3:3   +   0.495 (28,3,4,2,0,1,3,3,0)
    43        2:2        3:3   +   0.507 (31,4,4,3,0,1,2,4,0)
    44        2:2        2:2       0.629 (41,4,4,4,1,0,1,4,0)
    45        2:2        3:3   +   0.495 (31,3,3,2,1,0,3,3,0)
    46        2:2        1:1   +   0.667 (31,4,4,1,1,1,1,4,0)
    47        2:2        3:3   +   0.556 (36,3,3,4,1,1,1,3,0)
    48        2:2        2:2       0.629 (48,4,4,4,0,1,1,4,0)
    49        2:2        3:3   +   0.406 (40,4,4,6,0,0,1,4,0)
    50        2:2        3:3   +   0.507 (35,4,4,3,1,1,1,4,0)
    51        2:2        3:3   +   0.507 (29,4,4,3,1,0,3,3,0)
    52        2:2        3:3   +   0.507 (37,4,4,3,1,1,1,4,0)
    53        2:2        2:2       0.75 (24,4,4,1,1,1,1,4,0)
    54        2:2        3:3   +   0.507 (42,4,4,3,1,0,1,4,0)
    55        2:2        1:1   +   0.833 (25,3,3,1,1,1,3,1,0)
    56        2:2        3:3   +   0.507 (45,4,4,3,0,1,2,4,0)
    57        2:2        3:3   +   0.406 (41,4,4,6,0,1,1,4,0)
    58        2:2        3:3   +   0.507 (36,4,4,3,0,1,2,4,0)
    59        2:2        3:3   +   0.8 (27,4,4,1,1,1,1,4,0)
    60        2:2        2:2       0.875 (45,4,4,7,1,1,1,4,0)
    61        2:2        2:2       1 (47,2,2,7,1,1,2,4,0)
    62        2:2        3:3   +   0.495 (23,3,3,2,1,0,3,4,0)
    63        2:2        3:3   +   0.406 (42,4,4,6,1,1,1,3,0)
    64        2:2        3:3   +   0.495 (46,4,4,2,1,0,1,4,0)
    65        2:2        3:3   +   0.495 (32,4,4,2,0,0,2,4,0)
    66        2:2        3:3   +   0.652 (21,4,4,1,1,1,1,3,0)
    67        3:3        3:3       0.507 (37,4,4,3,1,0,1,4,0)
    68        3:3        3:3       0.406 (32,2,2,6,1,1,2,3,0)
    69        3:3        3:3       0.833 (30,2,3,7,1,1,3,3,0)
    70        3:3        3:3       0.456 (42,4,4,5,0,1,2,4,0)
    71        3:3        3:3       0.507 (25,3,4,3,1,1,3,4,0)
    72        3:3        3:3       0.507 (30,3,4,3,0,1,3,3,0)
    73        3:3        1:1   +   0.448 (33,3,3,8,1,1,3,4,0)
    74        3:3        3:3       0.456 (29,1,2,5,1,0,1,2,0)
    75        3:3        3:3       0.507 (32,2,4,3,1,1,3,4,0)
    76        3:3        3:3       0.507 (33,4,4,3,0,0,2,4,0)
    77        3:3        3:3       0.652 (21,2,3,1,1,0,3,2,0)
    78        3:3        3:3       0.507 (38,2,3,3,1,1,2,4,0)
    79        3:3        3:3       0.507 (25,3,3,3,1,1,3,2,0)
    80        3:3        3:3       0.507 (36,4,4,3,0,1,2,4,0)
    81        3:3        3:3       0.456 (33,4,4,5,1,1,3,3,0)
    82        3:3        2:2   +   0.629 (32,4,4,4,1,0,1,4,0)
    83        3:3        3:3       0.495 (29,4,4,2,1,1,3,4,0)
    84        3:3        3:3       0.424 (37,4,4,1,0,1,1,4,0)
    85        3:3        3:3       0.615 (31,2,2,4,1,1,3,3,0)
    86        3:3        3:3       0.456 (43,4,4,5,1,1,1,4,0)
    87        3:3        3:3       0.615 (37,2,4,4,1,0,2,3,0)
    88        3:3        3:3       0.6 (17,3,4,1,1,1,2,1,0)
    89        3:3        3:3       0.615 (25,2,3,4,1,0,3,2,0)
    90        3:3        3:3       0.406 (36,4,4,6,0,1,1,2,1)
    91        3:3        3:3       0.495 (33,4,4,2,0,0,1,3,0)
    92        3:3        3:3       0.456 (32,2,4,5,1,1,3,4,0)
    93        3:3        3:3       0.507 (30,2,3,3,1,1,3,3,0)
    94        3:3        3:3       0.507 (32,4,4,3,1,0,1,4,0)
    95        3:3        3:3       0.456 (46,2,2,5,1,1,2,4,0)
    96        3:3        3:3       0.456 (28,3,4,5,1,1,2,4,0)
    97        3:3        3:3       0.556 (28,3,3,4,1,1,3,3,0)
    98        3:3        3:3       0.507 (42,4,4,3,0,1,2,4,0)
    99        3:3        3:3       0.507 (25,3,3,3,1,1,3,3,0)
   100        3:3        3:3       0.75 (22,4,4,1,1,1,2,4,0)
   101        3:3        3:3       0.75 (23,2,2,1,1,1,2,4,0)
   102        3:3        1:1   +   0.448 (39,3,3,8,1,0,1,4,0)
   103        3:3        3:3       0.5 (25,4,4,1,1,1,1,4,0)
   104        3:3        3:3       0.495 (39,3,4,2,1,1,1,3,0)
   105        3:3        1:1   +   1 (35,4,4,1,0,1,1,4,0)
   106        3:3        3:3       0.533 (32,1,3,4,1,1,3,3,0)
   107        3:3        3:3       0.507 (27,4,4,3,1,1,3,4,1)
   108        3:3        2:2   +   0.629 (30,4,3,4,1,1,3,3,0)
   109        3:3        3:3       0.495 (43,3,3,2,0,0,3,4,0)
   110        3:3        3:3       0.456 (28,4,4,5,1,1,2,4,0)
   111        3:3        3:3       0.507 (38,3,4,3,1,1,3,2,0)
   112        3:3        3:3       0.507 (37,4,4,3,1,1,2,4,0)
   113        3:3        2:2   +   0.75 (24,4,4,1,1,1,1,4,0)
   114        3:3        3:3       0.507 (19,3,3,3,1,1,2,3,0)
   115        3:3        3:3       0.495 (28,3,4,2,1,1,3,4,0)
   116        3:3        3:3       0.495 (30,4,4,2,0,0,3,3,0)
   117        3:3        3:3       0.429 (20,4,3,1,1,1,3,4,0)

