
Naive Bayes Classifier

                                Class
Attribute                           1      2      3
                               (0.28) (0.28) (0.43)
====================================================
Wifes_age
  16                               3.0    1.0    2.0
  17                               2.0    2.0    6.0
  18                               5.0    2.0    2.0
  19                               6.0    2.0    9.0
  20                              10.0    3.0   10.0
  21                              10.0    7.0   24.0
  22                              12.0    7.0   27.0
  23                              15.0    9.0   16.0
  24                              13.0   13.0   26.0
  25                              23.0   12.0   37.0
  26                              11.0   16.0   28.0
  27                              12.0   12.0   26.0
  28                              19.0   11.0   27.0
  29                              11.0   13.0   30.0
  30                              13.0   12.0   31.0
  31                              12.0   10.0   18.0
  32                              12.0   17.0   28.0
  33                              10.0   17.0   24.0
  34                               9.0   17.0   18.0
  35                              11.0   21.0   26.0
  36                               9.0   20.0   22.0
  37                              11.0   15.0   21.0
  38                              12.0   14.0   12.0
  39                               9.0   12.0   10.0
  40                              10.0    9.0    9.0
  41                               6.0   16.0   10.0
  42                              12.0   15.0    6.0
  43                              10.0    9.0    9.0
  44                               6.0   16.0    7.0
  45                              15.0   11.0    5.0
  46                               8.0    6.0    8.0
  47                              18.0    9.0    5.0
  48                              11.0    7.0    4.0
  49                              12.0    4.0    2.0
  [total]                        368.0  367.0  545.0

Wifes_education
  1                               58.0   10.0   41.0
  2                               88.0   38.0  122.0
  3                              102.0   81.0  156.0
  4                               90.0  208.0  196.0
  [total]                        338.0  337.0  515.0

Husbands_education
  1                               17.0   11.0    4.0
  2                               60.0   17.0   64.0
  3                               85.0   51.0  142.0
  4                              176.0  258.0  305.0
  [total]                        338.0  337.0  515.0

Number_of_children_ever_born
  0                               52.0    1.0    3.0
  1                               77.0   47.0   88.0
  2                               58.0   57.0  107.0
  3                               40.0   71.0  120.0
  4                               31.0   63.0   79.0
  5                               23.0   37.0   56.0
  6                               23.0   28.0   31.0
  7                               10.0   20.0   13.0
  8                               16.0   10.0   10.0
  9                                4.0    4.0    9.0
  10                               5.0    3.0    1.0
  11                               4.0    3.0    4.0
  12                               4.0    1.0    1.0
  13                               1.0    2.0    2.0
  16                               1.0    1.0    2.0
  [total]                        349.0  348.0  526.0

Wifes_religion
  0                               51.0   77.0   70.0
  1                              285.0  258.0  443.0
  [total]                        336.0  335.0  513.0

Wifes_now_working?
  0                               91.0   90.0  111.0
  1                              245.0  245.0  402.0
  [total]                        336.0  335.0  513.0

Husbands_occupation
  1                               78.0  157.0  123.0
  2                              112.0   80.0  147.0
  3                              141.0   94.0  235.0
  4                                7.0    6.0   10.0
  [total]                        338.0  337.0  515.0

Standard-of-living_index
  1                               37.0   10.0   41.0
  2                               58.0   31.0   83.0
  3                               92.0   91.0  158.0
  4                              151.0  205.0  233.0
  [total]                        338.0  337.0  515.0

Media_exposure
  0                              291.0  324.0  487.0
  1                               45.0   11.0   26.0
  [total]                        336.0  335.0  513.0



Time taken to build model: 0.78 seconds
Time taken to test model on training data: 0.06 seconds

=== Error on training data ===

Correctly Classified Instances         651               55.2632 %
Incorrectly Classified Instances       527               44.7368 %
Kappa statistic                          0.308 
K&B Relative Info Score              34385.6859 %
K&B Information Score                  534.2443 bits      0.4535 bits/instance
Class complexity | order 0            1830.0531 bits      1.5535 bits/instance
Class complexity | scheme             1636.7618 bits      1.3894 bits/instance
Complexity improvement     (Sf)        193.2914 bits      0.1641 bits/instance
Mean absolute error                      0.3422
Root mean squared error                  0.4363
Relative absolute error                 78.7774 %
Root relative squared error             93.6285 %
Total Number of Instances             1178     


=== Detailed Accuracy By Class ===

               TP Rate   FP Rate   Precision   Recall  F-Measure   ROC Area  Class
                 0.44      0.092      0.653     0.44      0.526      0.759    1
                 0.559     0.256      0.463     0.559     0.506      0.737    2
                 0.622     0.349      0.577     0.622     0.599      0.71     3
Weighted Avg.    0.553     0.25       0.566     0.553     0.552      0.732


=== Confusion Matrix ===

   a   b   c   <-- classified as
 147  71 116 |   a = 1
  30 186 117 |   b = 2
  48 145 318 |   c = 3


=== Error on test data ===

Correctly Classified Instances         125               42.3729 %
Incorrectly Classified Instances       170               57.6271 %
Kappa statistic                          0     
K&B Relative Info Score              10401.3184 %
K&B Information Score                  161.6034 bits      0.5478 bits/instance
Class complexity | order 0             536.2439 bits      1.8178 bits/instance
Class complexity | scheme              493.3127 bits      1.6722 bits/instance
Complexity improvement     (Sf)         42.9312 bits      0.1455 bits/instance
Mean absolute error                      0.3684
Root mean squared error                  0.4795
Relative absolute error                 77.151  %
Root relative squared error             93.9776 %
Total Number of Instances              295     


=== Detailed Accuracy By Class ===

               TP Rate   FP Rate   Precision   Recall  F-Measure   ROC Area  Class
                 0.424     0          1         0.424     0.595      ?        1
                 0         0.214      0         0         0          ?        2
                 0         0.363      0         0         0          ?        3
Weighted Avg.    0.424     0          1         0.424     0.595      0    


=== Confusion Matrix ===

   a   b   c   <-- classified as
 125  63 107 |   a = 1
   0   0   0 |   b = 2
   0   0   0 |   c = 3

