

=== Predictions under cross-validation ===

 inst#     actual  predicted error prediction (Wifes_age,Wifes_education,Husbands_education,Number_of_children_ever_born,Wifes_religion,Wifes_now_working?,Husbands_occupation,Standard-of-living_index,Media_exposure)
     1        1:1        2:2   +   0.816 (26,2,3,1,1,0,3,4,1)
     2        1:1        1:1       1 (22,4,4,0,1,1,2,1,1)
     3        1:1        1:1       0.999 (28,2,4,1,1,0,3,4,0)
     4        1:1        3:3   +   0.999 (28,3,4,3,1,1,2,1,0)
     5        1:1        3:3   +   1 (32,2,2,1,1,1,2,1,0)
     6        1:1        1:1       0.989 (29,3,4,2,1,1,3,4,0)
     7        1:1        3:3   +   0.637 (43,2,3,3,0,1,2,3,0)
     8        1:1        1:1       1 (49,1,3,0,1,1,3,3,1)
     9        1:1        3:3   +   0.996 (32,2,3,1,1,1,3,3,0)
    10        1:1        1:1       1 (45,1,1,0,0,0,2,1,0)
    11        1:1        3:3   +   1 (26,2,3,3,1,1,3,4,0)
    12        1:1        3:3   +   0.619 (46,4,4,6,1,1,1,4,0)
    13        1:1        2:2   +   0.932 (36,2,1,6,1,1,2,3,0)
    14        1:1        1:1       1 (23,4,4,0,0,1,2,4,0)
    15        1:1        1:1       0.946 (38,2,4,5,0,1,2,2,0)
    16        1:1        3:3   +   0.991 (32,2,2,2,1,1,2,4,0)
    17        1:1        3:3   +   0.967 (37,4,4,2,0,1,1,4,0)
    18        1:1        3:3   +   0.484 (33,4,4,2,0,1,1,4,0)
    19        1:1        3:3   +   0.999 (31,3,4,3,0,0,2,4,0)
    20        1:1        3:3   +   0.965 (34,3,4,4,1,1,1,3,0)
    21        1:1        3:3   +   0.602 (43,3,3,4,1,1,2,4,0)
    22        1:1        1:1       0.559 (27,1,2,4,1,1,1,4,1)
    23        1:1        3:3   +   0.996 (33,4,4,5,1,1,3,4,0)
    24        1:1        3:3   +   0.992 (34,3,3,6,1,1,2,3,0)
    25        1:1        1:1       0.986 (20,4,4,0,0,0,2,4,0)
    26        1:1        2:2   +   0.99 (42,3,3,3,1,0,2,4,0)
    27        1:1        3:3   +   0.964 (40,4,4,3,0,1,3,4,0)
    28        1:1        3:3   +   0.999 (47,3,2,5,1,1,4,4,0)
    29        1:1        1:1       0.928 (31,3,4,2,1,1,1,4,0)
    30        1:1        1:1       0.999 (45,2,3,4,1,0,2,4,0)
    31        1:1        3:3   +   1 (22,3,3,2,1,1,2,4,0)
    32        1:1        1:1       0.855 (29,4,2,0,1,0,2,2,0)
    33        1:1        1:1       0.998 (47,1,2,2,1,1,2,3,1)
    34        1:1        3:3   +   0.612 (21,1,2,1,1,0,3,4,0)
    35        2:2        3:3   +   0.911 (45,4,4,3,1,1,1,4,0)
    36        2:2        3:3   +   1 (36,3,4,3,0,0,3,4,0)
    37        2:2        3:3   +   1 (26,3,4,2,1,1,3,3,0)
    38        2:2        3:3   +   0.911 (45,4,4,3,1,1,1,4,0)
    39        2:2        2:2       0.852 (29,4,4,2,1,0,1,3,0)
    40        2:2        3:3   +   0.83 (44,4,4,5,1,1,1,4,0)
    41        2:2        3:3   +   0.986 (46,4,4,3,0,0,1,4,0)
    42        2:2        3:3   +   0.616 (38,4,4,4,1,1,2,4,0)
    43        2:2        2:2       0.699 (37,4,4,4,0,1,2,4,0)
    44        2:2        3:3   +   0.931 (38,4,4,6,1,1,1,4,0)
    45        2:2        2:2       1 (36,4,4,4,0,1,2,4,0)
    46        2:2        3:3   +   0.998 (44,4,4,7,1,1,3,2,0)
    47        2:2        3:3   +   1 (23,4,4,1,1,1,3,3,0)
    48        2:2        1:1   +   1 (47,1,1,8,1,1,3,4,1)
    49        2:2        2:2       0.929 (33,2,2,3,1,1,2,3,0)
    50        2:2        2:2       0.999 (34,4,4,4,1,1,3,3,0)
    51        2:2        3:3   +   1 (22,3,3,2,1,1,3,3,0)
    52        2:2        2:2       0.85 (36,2,1,6,1,1,2,1,0)
    53        2:2        3:3   +   0.948 (34,4,4,6,1,1,3,4,0)
    54        2:2        2:2       0.861 (37,4,4,3,1,1,1,4,0)
    55        2:2        2:2       0.8 (34,4,4,4,1,1,2,4,0)
    56        2:2        1:1   +   0.631 (38,2,2,8,1,1,2,2,0)
    57        2:2        2:2       0.876 (48,4,4,7,1,0,1,4,0)
    58        2:2        1:1   +   0.998 (27,3,3,1,1,0,3,4,0)
    59        2:2        2:2       0.845 (36,4,4,3,1,1,1,4,0)
    60        2:2        2:2       0.992 (47,4,4,4,0,1,2,4,0)
    61        2:2        1:1   +   0.893 (24,4,4,2,1,1,2,4,0)
    62        2:2        2:2       0.924 (21,4,4,1,1,1,1,4,0)
    63        2:2        3:3   +   0.984 (33,2,2,6,1,0,3,4,0)
    64        2:2        3:3   +   1 (26,3,3,2,1,1,3,2,0)
    65        2:2        1:1   +   0.736 (23,4,4,1,1,1,3,4,0)
    66        2:2        2:2       0.969 (30,2,2,7,1,1,3,4,0)
    67        2:2        3:3   +   0.949 (40,4,4,4,1,1,1,4,0)
    68        3:3        3:3       0.999 (24,2,3,5,1,1,3,3,0)
    69        3:3        1:1   +   0.521 (24,3,4,4,1,1,3,1,0)
    70        3:3        3:3       0.914 (26,4,4,1,1,1,3,3,0)
    71        3:3        3:3       1 (26,4,4,4,1,1,3,4,0)
    72        3:3        3:3       1 (22,3,3,2,1,1,3,1,0)
    73        3:3        3:3       0.837 (33,2,4,3,1,1,3,4,0)
    74        3:3        3:3       0.632 (35,3,2,9,1,0,3,4,0)
    75        3:3        2:2   +   0.937 (35,4,4,4,1,1,1,4,0)
    76        3:3        1:1   +   0.59 (35,3,4,4,1,0,1,4,0)
    77        3:3        3:3       0.921 (24,3,4,2,1,1,3,3,0)
    78        3:3        3:3       0.965 (27,4,4,4,1,1,3,3,0)
    79        3:3        3:3       1 (24,3,3,2,1,1,3,3,0)
    80        3:3        2:2   +   0.503 (44,4,4,4,0,1,2,3,0)
    81        3:3        3:3       0.953 (29,2,4,4,1,0,2,4,0)
    82        3:3        3:3       0.972 (35,3,4,5,1,1,1,4,0)
    83        3:3        2:2   +   0.948 (24,2,4,2,1,1,1,4,0)
    84        3:3        2:2   +   0.744 (27,2,2,3,1,1,2,2,1)
    85        3:3        3:3       0.963 (23,4,4,2,1,0,2,4,0)
    86        3:3        3:3       0.996 (24,2,4,3,1,1,3,3,0)
    87        3:3        3:3       0.942 (28,4,4,4,1,1,3,4,0)
    88        3:3        3:3       1 (31,3,3,3,1,1,3,1,1)
    89        3:3        3:3       1 (29,1,3,5,1,1,3,3,0)
    90        3:3        2:2   +   0.63 (36,4,4,2,1,0,1,4,0)
    91        3:3        2:2   +   0.989 (36,4,4,3,0,0,2,4,0)
    92        3:3        2:2   +   0.879 (30,4,4,2,1,1,1,4,0)
    93        3:3        2:2   +   0.959 (37,4,4,5,0,0,2,4,0)
    94        3:3        3:3       0.783 (28,4,4,4,1,1,2,3,0)
    95        3:3        3:3       0.999 (29,2,3,3,1,0,3,2,0)
    96        3:3        1:1   +   0.578 (35,4,4,3,0,1,3,4,0)
    97        3:3        2:2   +   0.809 (36,4,4,4,0,1,1,4,0)
    98        3:3        2:2   +   0.845 (36,4,4,3,1,1,1,4,0)
    99        3:3        3:3       0.906 (43,4,4,3,1,1,1,4,0)
   100        3:3        1:1   +   1 (29,3,4,4,1,0,1,3,0)
   101        3:3        3:3       0.906 (43,4,4,3,1,1,1,4,0)
   102        3:3        2:2   +   0.59 (24,4,4,1,1,1,2,3,0)
   103        3:3        3:3       0.925 (36,4,4,3,0,1,3,4,0)
   104        3:3        2:2   +   0.989 (29,3,4,5,1,1,3,3,0)
   105        3:3        3:3       0.996 (27,2,4,1,1,1,3,3,0)
   106        3:3        3:3       0.946 (29,3,4,3,1,1,3,2,0)
   107        3:3        3:3       0.998 (30,4,4,1,1,0,3,2,0)
   108        3:3        3:3       0.638 (21,3,4,2,1,1,3,3,0)
   109        3:3        1:1   +   0.831 (35,3,4,4,1,1,1,4,0)
   110        3:3        3:3       0.672 (26,2,4,3,1,1,1,3,0)
   111        3:3        3:3       0.936 (30,3,4,3,1,1,2,3,0)
   112        3:3        3:3       1 (26,2,3,2,1,1,3,3,0)
   113        3:3        2:2   +   0.505 (23,4,3,2,1,0,2,3,0)
   114        3:3        3:3       1 (21,3,3,1,1,1,3,1,0)
   115        3:3        2:2   +   0.696 (34,2,4,4,1,1,3,3,0)
   116        3:3        3:3       1 (21,3,3,1,0,1,3,2,0)
   117        3:3        3:3       0.766 (25,3,4,2,1,0,2,4,0)
   118        3:3        3:3       0.803 (26,3,4,4,1,1,2,4,0)
     1        1:1        3:3   +   0.999 (28,4,4,5,1,1,1,4,0)
     2        1:1        2:2   +   0.993 (39,3,4,3,1,1,1,4,0)
     3        1:1        3:3   +   0.98 (48,3,4,11,1,1,1,4,0)
     4        1:1        1:1       0.967 (44,1,2,2,1,1,3,1,0)
     5        1:1        2:2   +   0.963 (38,2,2,10,1,1,3,2,0)
     6        1:1        1:1       0.999 (25,2,3,0,1,1,2,4,0)
     7        1:1        3:3   +   0.997 (30,2,3,1,1,1,2,1,0)
     8        1:1        3:3   +   0.999 (26,2,4,3,1,1,3,4,0)
     9        1:1        1:1       1 (45,3,4,0,1,1,1,3,0)
    10        1:1        1:1       1 (20,3,4,0,1,1,3,3,0)
    11        1:1        2:2   +   0.752 (26,2,3,1,1,0,4,4,0)
    12        1:1        1:1       0.943 (19,4,4,0,0,1,3,4,0)
    13        1:1        1:1       0.987 (21,2,4,0,1,1,2,2,0)
    14        1:1        1:1       1 (49,1,2,8,1,1,3,1,1)
    15        1:1        1:1       1 (22,2,1,0,1,1,2,2,0)
    16        1:1        3:3   +   0.991 (39,2,2,5,1,0,3,2,1)
    17        1:1        1:1       1 (49,3,4,6,1,1,1,4,0)
    18        1:1        3:3   +   0.999 (30,1,3,1,1,1,3,4,0)
    19        1:1        1:1       1 (44,1,3,4,1,1,3,3,1)
    20        1:1        2:2   +   0.992 (25,3,3,1,1,1,3,4,0)
    21        1:1        2:2   +   0.884 (48,4,4,1,0,1,1,4,0)
    22        1:1        1:1       1 (27,3,4,0,1,0,3,3,0)
    23        1:1        2:2   +   0.97 (24,4,4,4,1,1,1,4,0)
    24        1:1        2:2   +   0.67 (34,1,3,4,1,0,3,4,0)
    25        1:1        1:1       0.943 (38,1,2,12,1,1,2,3,0)
    26        1:1        3:3   +   0.513 (46,1,2,3,1,1,2,1,1)
    27        1:1        1:1       0.98 (45,2,3,11,1,1,2,3,0)
    28        1:1        2:2   +   0.989 (43,4,4,6,1,1,1,3,0)
    29        1:1        1:1       0.99 (47,4,4,1,1,1,1,4,0)
    30        1:1        3:3   +   0.989 (47,2,3,12,1,1,3,1,0)
    31        1:1        3:3   +   0.994 (19,4,4,1,1,1,1,3,0)
    32        1:1        3:3   +   0.763 (35,3,3,2,1,0,2,2,0)
    33        1:1        3:3   +   0.97 (31,3,3,1,1,0,3,4,0)
    34        1:1        2:2   +   0.504 (40,1,1,2,1,0,3,4,0)
    35        2:2        3:3   +   0.973 (36,4,4,3,1,1,3,3,0)
    36        2:2        1:1   +   0.859 (47,3,4,11,1,0,2,3,0)
    37        2:2        1:1   +   0.996 (26,1,1,2,1,1,3,4,0)
    38        2:2        2:2       0.997 (27,3,3,2,1,1,3,4,0)
    39        2:2        2:2       0.524 (40,4,4,3,1,1,1,4,0)
    40        2:2        3:3   +   0.65 (21,2,2,1,1,1,3,2,0)
    41        2:2        1:1   +   0.76 (38,4,4,3,1,0,1,4,0)
    42        2:2        3:3   +   0.999 (21,4,4,1,1,1,2,1,0)
    43        2:2        2:2       0.969 (21,4,4,1,1,1,1,4,0)
    44        2:2        3:3   +   0.647 (32,2,1,5,1,0,2,2,0)
    45        2:2        1:1   +   0.997 (43,3,4,2,1,0,2,4,0)
    46        2:2        3:3   +   0.835 (35,2,2,6,1,1,3,4,0)
    47        2:2        2:2       0.537 (44,3,4,6,1,1,3,2,0)
    48        2:2        2:2       1 (48,4,4,6,0,1,2,4,0)
    49        2:2        2:2       0.932 (32,4,4,3,0,1,3,3,0)
    50        2:2        2:2       0.999 (39,4,4,3,0,0,1,4,0)
    51        2:2        1:1   +   0.551 (49,3,4,4,1,1,3,4,0)
    52        2:2        2:2       0.974 (39,4,4,5,1,1,2,4,0)
    53        2:2        2:2       0.999 (49,3,3,11,1,1,1,4,0)
    54        2:2        3:3   +   0.64 (30,3,4,2,1,1,1,4,0)
    55        2:2        2:2       1 (39,4,4,3,0,1,2,4,0)
    56        2:2        1:1   +   0.987 (26,4,4,1,1,0,1,3,0)
    57        2:2        3:3   +   0.512 (48,4,3,7,1,0,2,4,0)
    58        2:2        2:2       0.914 (42,4,4,6,1,1,1,3,0)
    59        2:2        3:3   +   0.997 (28,2,1,2,1,0,3,3,0)
    60        2:2        3:3   +   0.998 (44,4,4,3,1,0,1,4,0)
    61        2:2        2:2       0.982 (36,3,4,7,1,1,2,2,0)
    62        2:2        2:2       0.972 (22,4,4,1,1,1,1,3,0)
    63        2:2        1:1   +   0.986 (18,3,4,1,1,1,3,4,0)
    64        2:2        2:2       0.804 (33,3,3,5,1,1,3,4,0)
    65        2:2        3:3   +   0.999 (25,4,4,2,1,1,2,4,0)
    66        2:2        2:2       0.528 (44,4,4,4,1,0,2,3,0)
    67        2:2        2:2       0.999 (39,4,4,3,0,1,1,4,0)
    68        3:3        3:3       0.927 (30,4,4,3,0,0,2,4,0)
    69        3:3        3:3       0.978 (25,2,4,2,1,1,2,4,0)
    70        3:3        3:3       0.954 (29,2,4,2,1,1,3,2,0)
    71        3:3        1:1   +   0.555 (22,4,4,1,1,1,3,3,0)
    72        3:3        3:3       1 (30,2,2,2,1,1,3,2,0)
    73        3:3        3:3       0.937 (27,4,4,2,1,1,3,4,0)
    74        3:3        3:3       0.995 (21,4,4,1,0,1,2,4,0)
    75        3:3        3:3       1 (27,2,4,4,1,1,3,4,0)
    76        3:3        1:1   +   0.885 (25,2,2,1,1,1,3,3,0)
    77        3:3        3:3       0.523 (26,4,4,1,0,0,2,4,0)
    78        3:3        1:1   +   0.568 (27,3,3,1,1,0,3,3,0)
    79        3:3        1:1   +   0.995 (27,3,3,3,1,1,2,3,0)
    80        3:3        3:3       0.954 (21,3,3,1,1,1,2,2,0)
    81        3:3        3:3       1 (32,2,3,4,1,1,3,2,0)
    82        3:3        3:3       1 (30,3,3,3,1,0,3,2,0)
    83        3:3        3:3       0.985 (24,3,3,3,1,0,2,1,0)
    84        3:3        3:3       0.991 (34,2,4,6,1,1,3,3,0)
    85        3:3        3:3       0.64 (42,2,4,6,1,1,2,4,0)
    86        3:3        3:3       0.93 (32,4,3,3,1,1,2,4,0)
    87        3:3        3:3       0.988 (32,4,4,4,1,1,1,3,0)
    88        3:3        1:1   +   0.757 (24,3,4,1,1,1,3,4,0)
    89        3:3        3:3       0.999 (25,4,4,2,1,1,2,4,0)
    90        3:3        3:3       1 (27,3,4,4,1,1,3,3,0)
    91        3:3        1:1   +   0.878 (26,4,4,3,1,1,3,4,0)
    92        3:3        3:3       1 (20,2,3,1,1,1,2,1,0)
    93        3:3        3:3       0.755 (37,4,4,6,1,0,3,4,0)
    94        3:3        2:2   +   0.979 (38,3,3,2,0,1,3,4,0)
    95        3:3        1:1   +   0.58 (22,1,2,3,1,1,3,1,1)
    96        3:3        2:2   +   0.999 (37,4,4,3,0,1,3,4,0)
    97        3:3        3:3       0.999 (22,2,2,3,1,0,3,3,0)
    98        3:3        3:3       1 (29,1,2,1,1,1,3,3,0)
    99        3:3        1:1   +   0.582 (31,3,4,5,1,1,3,1,0)
   100        3:3        2:2   +   0.738 (35,2,4,6,1,1,3,4,0)
   101        3:3        1:1   +   0.596 (30,4,4,1,1,1,1,4,0)
   102        3:3        3:3       0.547 (29,3,4,5,1,1,1,2,0)
   103        3:3        3:3       0.978 (24,3,4,3,1,1,1,4,0)
   104        3:3        2:2   +   0.651 (26,4,4,1,1,0,2,4,0)
   105        3:3        3:3       0.999 (26,2,4,3,1,1,3,4,0)
   106        3:3        3:3       1 (29,2,4,3,1,1,3,3,0)
   107        3:3        3:3       0.608 (22,3,4,1,1,1,3,3,0)
   108        3:3        3:3       0.999 (25,4,3,2,1,1,3,3,0)
   109        3:3        2:2   +   1 (34,4,3,3,0,1,2,4,0)
   110        3:3        3:3       1 (29,2,4,4,1,1,3,2,0)
   111        3:3        1:1   +   0.622 (25,2,4,3,1,1,3,2,0)
   112        3:3        1:1   +   0.561 (27,2,2,5,1,1,3,1,0)
   113        3:3        3:3       0.798 (39,4,3,1,1,0,2,2,0)
   114        3:3        3:3       0.999 (28,4,4,1,1,1,2,4,0)
   115        3:3        3:3       0.993 (29,2,3,5,1,1,2,4,0)
   116        3:3        3:3       0.983 (21,3,4,1,1,0,3,4,0)
   117        3:3        3:3       1 (30,3,4,3,1,1,3,3,0)
   118        3:3        3:3       0.801 (20,2,2,2,1,1,3,2,1)
     1        1:1        1:1       0.951 (25,3,3,1,1,1,2,2,0)
     2        1:1        3:3   +   1 (25,2,2,2,1,1,3,1,0)
     3        1:1        3:3   +   1 (16,3,4,1,1,1,3,3,0)
     4        1:1        3:3   +   0.999 (24,3,4,1,1,0,3,3,0)
     5        1:1        2:2   +   0.946 (29,3,4,2,1,1,1,3,0)
     6        1:1        1:1       0.997 (23,4,4,1,1,0,3,3,0)
     7        1:1        3:3   +   1 (26,1,3,1,1,1,3,1,0)
     8        1:1        1:1       0.913 (22,4,4,0,1,0,2,4,0)
     9        1:1        1:1       0.597 (29,2,4,0,1,0,3,4,0)
    10        1:1        3:3   +   0.93 (25,4,4,1,1,1,1,4,0)
    11        1:1        1:1       0.67 (37,3,4,0,1,1,3,4,0)
    12        1:1        3:3   +   1 (21,2,2,1,1,1,3,2,0)
    13        1:1        2:2   +   0.979 (35,4,4,3,1,1,1,4,0)
    14        1:1        1:1       0.98 (47,2,4,2,1,1,3,2,1)
    15        1:1        1:1       1 (29,3,2,0,1,1,2,2,0)
    16        1:1        3:3   +   0.999 (22,2,4,4,1,1,3,4,0)
    17        1:1        1:1       0.867 (21,2,3,0,1,1,3,4,0)
    18        1:1        1:1       1 (48,3,4,4,0,1,2,4,0)
    19        1:1        3:3   +   0.999 (27,3,3,4,1,1,2,4,0)
    20        1:1        1:1       0.95 (20,3,4,2,1,1,3,2,0)
    21        1:1        1:1       0.925 (18,3,2,1,1,1,3,1,0)
    22        1:1        3:3   +   0.999 (32,4,4,3,1,1,1,4,0)
    23        1:1        2:2   +   0.994 (49,3,4,9,1,1,1,4,0)
    24        1:1        3:3   +   0.509 (38,1,3,4,1,0,2,2,0)
    25        1:1        3:3   +   0.973 (28,4,4,1,0,1,1,3,0)
    26        1:1        2:2   +   0.999 (38,2,2,6,1,1,3,4,0)
    27        1:1        1:1       1 (25,4,4,0,0,1,2,4,0)
    28        1:1        1:1       0.503 (49,4,4,6,0,0,1,4,0)
    29        1:1        1:1       0.863 (43,1,2,1,1,1,3,4,1)
    30        1:1        1:1       0.834 (47,1,1,1,1,1,3,4,0)
    31        1:1        2:2   +   0.999 (49,4,4,4,1,1,3,4,0)
    32        1:1        2:2   +   0.976 (25,3,3,1,1,1,3,1,0)
    33        1:1        3:3   +   0.807 (35,2,3,8,1,1,3,2,0)
    34        1:1        2:2   +   0.672 (43,4,4,3,0,1,2,4,0)
    35        2:2        2:2       0.943 (24,4,4,1,0,1,2,3,0)
    36        2:2        3:3   +   0.521 (33,3,4,2,1,1,1,4,0)
    37        2:2        3:3   +   0.964 (32,4,4,2,1,0,1,4,0)
    38        2:2        3:3   +   0.993 (31,4,2,2,0,1,1,3,0)
    39        2:2        3:3   +   0.622 (23,4,4,1,1,1,1,2,0)
    40        2:2        3:3   +   0.732 (27,4,4,1,1,0,3,3,0)
    41        2:2        2:2       0.883 (33,4,4,4,1,1,1,4,0)
    42        2:2        3:3   +   0.999 (24,4,4,1,1,0,1,4,0)
    43        2:2        3:3   +   0.99 (37,4,4,5,1,1,3,4,0)
    44        2:2        2:2       0.975 (42,4,3,7,1,0,1,4,0)
    45        2:2        3:3   +   1 (35,3,3,4,1,1,3,2,0)
    46        2:2        1:1   +   0.977 (25,2,3,1,1,0,4,4,0)
    47        2:2        3:3   +   0.991 (19,4,4,1,1,1,2,3,0)
    48        2:2        2:2       0.556 (32,4,4,4,0,0,2,4,0)
    49        2:2        3:3   +   1 (35,4,4,5,1,1,2,4,0)
    50        2:2        3:3   +   1 (36,4,4,3,1,0,2,4,0)
    51        2:2        3:3   +   0.998 (25,2,4,3,1,1,1,4,1)
    52        2:2        2:2       0.998 (26,2,2,4,1,1,3,4,0)
    53        2:2        3:3   +   0.999 (32,4,4,4,1,1,2,4,0)
    54        2:2        3:3   +   0.544 (40,3,4,2,0,1,3,4,0)
    55        2:2        3:3   +   1 (25,3,4,3,1,1,2,3,0)
    56        2:2        2:2       0.994 (39,4,4,3,1,1,1,4,0)
    57        2:2        3:3   +   0.999 (29,4,4,1,1,0,2,4,0)
    58        2:2        3:3   +   0.855 (26,4,4,1,0,1,2,4,0)
    59        2:2        2:2       0.998 (44,2,4,4,1,1,3,3,0)
    60        2:2        1:1   +   0.764 (27,3,3,1,0,0,2,4,0)
    61        2:2        3:3   +   0.902 (40,2,3,6,1,1,1,2,0)
    62        2:2        3:3   +   1 (17,4,4,1,1,1,2,4,0)
    63        2:2        2:2       0.994 (45,3,3,5,0,1,1,3,0)
    64        2:2        2:2       0.999 (45,3,3,7,1,1,3,4,0)
    65        2:2        3:3   +   0.976 (36,4,4,4,0,0,1,4,0)
    66        2:2        3:3   +   0.946 (25,4,4,2,0,1,1,3,0)
    67        2:2        3:3   +   1 (35,2,4,4,0,1,3,2,0)
    68        3:3        3:3       0.964 (36,2,4,11,1,1,1,4,1)
    69        3:3        3:3       0.997 (26,3,3,2,1,0,2,2,0)
    70        3:3        3:3       1 (29,2,3,4,1,1,2,1,0)
    71        3:3        3:3       0.934 (37,4,4,6,1,1,1,4,0)
    72        3:3        2:2   +   0.915 (33,2,2,7,1,0,2,3,0)
    73        3:3        3:3       0.996 (35,4,3,2,0,1,3,4,0)
    74        3:3        3:3       0.931 (25,3,3,1,1,1,2,1,0)
    75        3:3        3:3       1 (27,2,2,5,1,1,3,3,0)
    76        3:3        2:2   +   0.999 (45,4,4,3,1,1,1,4,0)
    77        3:3        3:3       1 (19,4,4,1,1,1,2,4,0)
    78        3:3        3:3       0.99 (33,3,4,8,1,1,3,4,0)
    79        3:3        3:3       0.997 (29,3,3,2,1,1,3,2,0)
    80        3:3        3:3       0.998 (46,3,4,9,1,1,3,4,0)
    81        3:3        1:1   +   0.513 (23,3,3,1,1,1,2,2,0)
    82        3:3        3:3       0.999 (22,2,4,2,1,1,3,2,0)
    83        3:3        3:3       0.939 (40,3,4,3,1,0,1,4,0)
    84        3:3        3:3       0.703 (32,3,4,5,0,1,3,4,0)
    85        3:3        3:3       1 (29,3,3,4,1,1,3,4,0)
    86        3:3        3:3       0.943 (26,2,4,3,1,1,3,4,0)
    87        3:3        1:1   +   0.541 (39,1,2,2,1,0,2,4,0)
    88        3:3        2:2   +   0.979 (35,4,4,3,1,1,1,4,0)
    89        3:3        3:3       0.772 (25,4,4,3,1,1,1,4,0)
    90        3:3        3:3       0.513 (30,2,2,6,1,0,2,3,0)
    91        3:3        2:2   +   0.906 (26,3,4,2,1,1,1,3,0)
    92        3:3        3:3       0.997 (31,4,4,5,1,0,1,4,0)
    93        3:3        2:2   +   0.958 (35,4,4,2,1,0,1,4,0)
    94        3:3        3:3       1 (26,3,3,3,1,1,3,3,0)
    95        3:3        1:1   +   0.696 (33,4,4,5,1,1,1,4,0)
    96        3:3        1:1   +   0.592 (30,3,4,3,1,1,3,4,0)
    97        3:3        3:3       0.843 (23,4,3,1,1,1,2,2,0)
    98        3:3        2:2   +   0.511 (35,2,3,6,1,0,3,3,0)
    99        3:3        2:2   +   0.989 (23,3,2,2,1,0,3,2,0)
   100        3:3        3:3       0.986 (27,3,4,4,1,1,3,4,0)
   101        3:3        1:1   +   0.872 (27,3,4,2,1,1,1,3,0)
   102        3:3        2:2   +   0.991 (34,4,4,2,0,0,2,4,0)
   103        3:3        3:3       0.988 (38,4,4,2,1,1,3,4,0)
   104        3:3        3:3       0.762 (23,3,4,1,1,1,2,3,0)
   105        3:3        3:3       1 (32,4,4,3,1,0,1,4,0)
   106        3:3        1:1   +   0.998 (41,4,4,1,1,1,3,3,0)
   107        3:3        3:3       1 (24,1,2,3,1,1,3,2,0)
   108        3:3        3:3       0.99 (36,2,3,7,1,1,3,3,0)
   109        3:3        2:2   +   0.999 (38,3,4,7,1,1,3,2,0)
   110        3:3        1:1   +   1 (17,2,2,0,1,0,3,2,0)
   111        3:3        2:2   +   0.948 (48,3,4,3,1,1,2,3,0)
   112        3:3        2:2   +   0.993 (28,3,3,2,0,1,2,3,0)
   113        3:3        3:3       0.993 (29,4,4,3,1,0,1,4,0)
   114        3:3        1:1   +   0.902 (36,1,1,5,1,1,3,3,0)
   115        3:3        2:2   +   1 (41,3,3,7,0,1,2,4,0)
   116        3:3        2:2   +   0.998 (43,3,3,8,1,1,1,3,0)
   117        3:3        3:3       0.502 (21,1,3,1,1,1,3,3,1)
   118        3:3        1:1   +   0.933 (25,4,4,1,0,1,3,3,0)
     1        1:1        3:3   +   0.995 (26,4,4,2,1,1,1,3,0)
     2        1:1        3:3   +   0.663 (25,4,4,2,1,1,3,2,0)
     3        1:1        1:1       0.995 (49,1,2,5,1,0,2,2,1)
     4        1:1        3:3   +   0.997 (28,1,4,2,1,0,2,3,0)
     5        1:1        2:2   +   0.932 (27,4,4,3,1,1,1,4,0)
     6        1:1        2:2   +   0.976 (43,3,4,10,1,1,3,3,0)
     7        1:1        1:1       1 (25,3,3,0,1,1,3,4,0)
     8        1:1        1:1       1 (42,4,4,0,0,0,3,4,0)
     9        1:1        2:2   +   0.843 (32,3,4,0,1,1,3,4,0)
    10        1:1        3:3   +   0.999 (21,4,4,1,1,1,3,3,0)
    11        1:1        3:3   +   0.585 (45,3,4,3,0,1,3,4,0)
    12        1:1        1:1       1 (36,2,2,0,0,0,3,3,0)
    13        1:1        2:2   +   0.975 (28,4,4,2,1,1,1,3,0)
    14        1:1        3:3   +   0.661 (44,1,2,2,1,1,2,4,0)
    15        1:1        3:3   +   0.967 (22,2,2,1,1,1,3,1,1)
    16        1:1        3:3   +   0.508 (24,2,2,3,1,1,2,4,0)
    17        1:1        2:2   +   0.511 (44,4,4,3,1,0,1,4,1)
    18        1:1        3:3   +   1 (29,1,2,7,1,1,2,4,0)
    19        1:1        1:1       0.504 (21,3,3,0,1,1,2,2,0)
    20        1:1        3:3   +   0.914 (28,3,3,5,1,1,3,3,0)
    21        1:1        2:2   +   0.862 (47,2,3,5,1,1,1,1,0)
    22        1:1        3:3   +   0.993 (30,3,4,5,1,1,1,4,0)
    23        1:1        1:1       1 (31,4,4,0,0,0,2,4,0)
    24        1:1        3:3   +   0.677 (30,4,4,3,1,0,2,4,0)
    25        1:1        3:3   +   1 (25,2,3,2,1,1,3,2,0)
    26        1:1        3:3   +   0.574 (23,3,3,6,1,1,3,3,0)
    27        1:1        2:2   +   0.982 (26,3,4,1,0,1,2,2,0)
    28        1:1        2:2   +   0.997 (23,4,4,1,1,1,2,3,0)
    29        1:1        3:3   +   1 (23,2,2,2,1,1,3,3,0)
    30        1:1        1:1       0.717 (23,3,3,1,1,0,2,4,0)
    31        1:1        1:1       1 (23,3,4,4,1,1,3,1,1)
    32        1:1        1:1       1 (30,4,2,0,1,0,3,3,0)
    33        1:1        3:3   +   0.611 (33,2,2,3,0,0,2,4,0)
    34        1:1        2:2   +   0.959 (34,2,3,7,1,0,3,3,0)
    35        2:2        2:2       0.686 (39,4,4,4,1,0,1,4,0)
    36        2:2        3:3   +   0.989 (23,4,4,1,0,1,1,4,0)
    37        2:2        1:1   +   0.769 (38,3,4,7,0,1,2,3,0)
    38        2:2        1:1   +   0.504 (30,2,3,5,1,1,3,1,1)
    39        2:2        3:3   +   0.513 (42,2,4,8,1,1,1,4,0)
    40        2:2        1:1   +   0.964 (31,4,4,3,0,0,4,4,0)
    41        2:2        2:2       0.997 (37,4,4,7,1,1,1,4,0)
    42        2:2        3:3   +   0.805 (26,3,3,2,1,1,1,3,0)
    43        2:2        2:2       0.976 (33,3,3,6,1,1,3,4,0)
    44        2:2        2:2       0.825 (36,4,4,3,0,1,1,3,0)
    45        2:2        1:1   +   0.574 (35,4,4,5,1,1,1,4,0)
    46        2:2        3:3   +   0.873 (41,4,4,4,1,1,1,4,0)
    47        2:2        1:1   +   0.654 (25,2,4,6,1,1,3,4,0)
    48        2:2        2:2       1 (44,4,4,6,0,1,1,3,0)
    49        2:2        2:2       0.787 (35,2,4,3,0,0,3,4,1)
    50        2:2        1:1   +   0.938 (42,4,4,8,0,1,1,4,0)
    51        2:2        3:3   +   0.988 (24,2,4,2,1,1,3,3,0)
    52        2:2        1:1   +   0.697 (34,3,4,2,0,1,2,3,0)
    53        2:2        3:3   +   1 (34,1,2,5,1,1,3,4,0)
    54        2:2        2:2       0.741 (38,4,4,6,1,1,3,3,0)
    55        2:2        3:3   +   0.998 (25,3,1,4,1,1,3,1,0)
    56        2:2        2:2       0.999 (41,4,4,7,1,1,2,4,0)
    57        2:2        3:3   +   0.971 (36,4,4,3,1,0,1,4,0)
    58        2:2        3:3   +   0.55 (47,4,4,8,1,1,1,4,0)
    59        2:2        2:2       0.902 (29,4,4,2,1,1,1,4,0)
    60        2:2        2:2       0.985 (37,4,4,4,1,1,1,4,0)
    61        2:2        1:1   +   1 (38,2,3,4,1,1,1,2,0)
    62        2:2        2:2       0.995 (45,3,3,6,0,1,2,4,0)
    63        2:2        3:3   +   0.577 (24,4,4,2,1,0,1,3,0)
    64        2:2        1:1   +   1 (35,3,4,3,1,1,2,2,0)
    65        2:2        3:3   +   1 (28,2,3,2,1,1,3,3,0)
    66        2:2        3:3   +   0.77 (39,4,4,4,0,1,1,4,0)
    67        2:2        1:1   +   0.607 (42,4,4,3,1,0,1,4,0)
    68        3:3        1:1   +   0.913 (21,2,2,1,1,1,3,2,0)
    69        3:3        2:2   +   1 (38,4,3,9,1,1,3,3,0)
    70        3:3        3:3       0.912 (22,3,4,1,0,0,1,4,0)
    71        3:3        3:3       0.987 (48,3,4,8,1,0,1,4,0)
    72        3:3        3:3       1 (26,2,3,2,1,1,2,3,0)
    73        3:3        3:3       0.991 (32,4,4,3,1,0,1,4,0)
    74        3:3        1:1   +   0.823 (32,4,4,3,1,1,1,4,0)
    75        3:3        3:3       1 (21,3,3,1,1,1,3,3,0)
    76        3:3        3:3       0.999 (33,3,3,3,1,1,3,3,0)
    77        3:3        2:2   +   0.975 (29,4,4,3,1,1,1,4,0)
    78        3:3        3:3       0.831 (28,4,4,2,1,1,1,4,0)
    79        3:3        3:3       0.822 (19,4,4,1,1,1,3,2,0)
    80        3:3        2:2   +   0.903 (34,4,4,2,1,1,1,4,0)
    81        3:3        3:3       0.999 (21,3,4,1,1,1,3,2,0)
    82        3:3        3:3       1 (28,2,4,4,1,1,3,4,0)
    83        3:3        1:1   +   0.668 (25,4,4,1,1,1,1,4,0)
    84        3:3        3:3       1 (30,2,2,6,1,1,3,1,0)
    85        3:3        2:2   +   0.94 (26,4,4,2,1,0,1,4,0)
    86        3:3        3:3       0.993 (24,4,4,1,1,1,1,3,0)
    87        3:3        1:1   +   0.875 (24,2,3,2,1,1,2,1,0)
    88        3:3        2:2   +   0.816 (46,2,3,6,0,0,3,4,0)
    89        3:3        2:2   +   0.745 (47,4,4,5,1,1,1,3,0)
    90        3:3        2:2   +   0.686 (22,3,3,3,1,1,3,3,0)
    91        3:3        3:3       0.513 (25,4,4,2,1,1,3,3,0)
    92        3:3        3:3       0.996 (26,3,3,3,1,1,3,3,0)
    93        3:3        1:1   +   0.557 (37,3,3,11,1,1,1,2,0)
    94        3:3        3:3       0.962 (26,4,4,2,1,0,3,3,0)
    95        3:3        3:3       0.909 (25,2,3,4,1,1,3,3,0)
    96        3:3        1:1   +   0.996 (30,2,2,4,1,1,2,4,0)
    97        3:3        3:3       0.736 (29,3,3,6,1,1,3,3,0)
    98        3:3        3:3       1 (30,3,4,4,1,1,3,3,0)
    99        3:3        1:1   +   1 (30,1,3,4,1,1,3,4,0)
   100        3:3        3:3       0.762 (19,3,3,1,1,1,2,1,0)
   101        3:3        3:3       0.983 (25,2,4,3,1,1,1,3,0)
   102        3:3        2:2   +   0.65 (24,4,4,2,1,1,1,4,0)
   103        3:3        3:3       0.996 (27,4,4,4,1,1,1,2,1)
   104        3:3        2:2   +   0.587 (24,4,3,3,1,1,3,3,0)
   105        3:3        3:3       0.949 (33,2,2,2,1,1,3,4,0)
   106        3:3        3:3       1 (21,3,4,3,1,1,3,1,0)
   107        3:3        1:1   +   1 (16,2,3,1,1,1,3,1,0)
   108        3:3        2:2   +   0.564 (35,4,4,4,0,0,1,4,0)
   109        3:3        3:3       0.994 (26,3,4,3,1,1,3,3,0)
   110        3:3        1:1   +   0.922 (24,3,3,1,1,1,3,2,0)
   111        3:3        2:2   +   0.542 (34,3,3,6,1,1,1,4,0)
   112        3:3        1:1   +   0.998 (37,2,3,5,1,1,4,2,0)
   113        3:3        3:3       1 (23,1,2,3,1,1,3,2,1)
   114        3:3        3:3       1 (29,3,3,3,1,1,2,1,0)
   115        3:3        3:3       0.783 (35,4,4,4,1,1,1,4,0)
   116        3:3        3:3       0.578 (26,3,4,3,1,1,3,2,0)
   117        3:3        3:3       0.801 (31,4,4,3,1,0,1,4,0)
   118        3:3        1:1   +   0.569 (30,3,4,2,1,1,1,2,0)
     1        1:1        1:1       0.999 (25,3,3,1,1,0,2,4,0)
     2        1:1        3:3   +   0.997 (23,4,4,1,1,0,2,4,0)
     3        1:1        3:3   +   0.999 (31,3,4,2,1,1,3,3,0)
     4        1:1        2:2   +   0.977 (47,2,2,4,1,1,3,1,0)
     5        1:1        3:3   +   0.996 (30,3,3,5,1,0,3,4,0)
     6        1:1        2:2   +   0.979 (35,2,2,6,1,0,3,1,1)
     7        1:1        2:2   +   0.851 (25,3,4,3,1,1,1,1,0)
     8        1:1        3:3   +   0.934 (28,2,3,1,1,1,3,1,0)
     9        1:1        1:1       0.988 (39,3,1,1,1,1,2,3,0)
    10        1:1        3:3   +   0.999 (28,4,4,1,0,1,2,4,0)
    11        1:1        3:3   +   0.919 (22,3,4,2,1,1,2,3,0)
    12        1:1        3:3   +   0.501 (18,3,4,1,1,1,3,1,0)
    13        1:1        3:3   +   1 (37,3,4,4,1,0,2,4,0)
    14        1:1        2:2   +   0.917 (36,4,3,3,1,0,3,2,0)
    15        1:1        1:1       0.733 (31,1,1,6,1,1,3,2,0)
    16        1:1        3:3   +   0.912 (39,2,3,10,1,1,3,4,0)
    17        1:1        1:1       1 (25,4,4,0,1,0,3,4,0)
    18        1:1        1:1       0.815 (25,1,4,2,1,0,3,3,1)
    19        1:1        1:1       0.899 (49,4,4,1,1,1,3,4,0)
    20        1:1        1:1       0.878 (46,1,2,8,1,1,3,3,1)
    21        1:1        3:3   +   1 (31,4,4,2,1,1,1,2,0)
    22        1:1        2:2   +   0.989 (42,4,4,3,1,0,1,4,0)
    23        1:1        3:3   +   1 (37,2,3,4,1,1,2,3,0)
    24        1:1        2:2   +   0.997 (20,3,4,1,1,1,3,2,0)
    25        1:1        1:1       0.969 (45,3,4,0,1,1,1,3,0)
    26        1:1        1:1       1 (49,2,3,0,1,1,1,2,0)
    27        1:1        3:3   +   0.942 (22,2,4,1,1,1,3,4,0)
    28        1:1        2:2   +   0.831 (42,3,3,8,1,1,4,3,0)
    29        1:1        3:3   +   0.996 (21,2,4,3,1,1,3,2,0)
    30        1:1        3:3   +   0.999 (34,2,2,9,1,0,2,3,0)
    31        1:1        1:1       0.555 (39,1,2,2,1,1,3,1,1)
    32        1:1        1:1       0.968 (42,2,4,2,1,1,3,4,0)
    33        1:1        3:3   +   0.917 (30,2,3,2,1,0,2,4,0)
    34        2:2        3:3   +   0.982 (33,2,3,5,1,0,2,1,0)
    35        2:2        2:2       0.727 (41,4,4,6,1,1,1,4,0)
    36        2:2        3:3   +   0.971 (28,3,4,3,1,1,1,4,0)
    37        2:2        3:3   +   0.942 (34,3,4,3,0,1,1,4,0)
    38        2:2        3:3   +   1 (34,4,4,2,0,0,3,2,0)
    39        2:2        3:3   +   1 (33,4,4,2,0,0,1,3,0)
    40        2:2        2:2       1 (44,4,4,4,1,1,1,4,0)
    41        2:2        2:2       0.999 (45,4,4,4,1,1,1,4,0)
    42        2:2        2:2       0.848 (40,4,4,6,1,1,1,3,0)
    43        2:2        2:2       0.821 (48,4,4,3,0,1,1,4,0)
    44        2:2        3:3   +   0.903 (43,4,4,6,1,1,1,4,0)
    45        2:2        1:1   +   1 (43,1,3,4,1,1,1,4,0)
    46        2:2        3:3   +   0.998 (41,4,4,8,1,1,1,4,0)
    47        2:2        3:3   +   0.588 (41,3,4,5,1,1,1,3,0)
    48        2:2        3:3   +   0.788 (26,2,4,2,1,1,1,4,0)
    49        2:2        3:3   +   1 (42,3,3,4,0,1,3,4,0)
    50        2:2        2:2       0.652 (45,3,3,8,1,1,2,3,0)
    51        2:2        3:3   +   0.998 (29,4,3,4,1,0,3,2,0)
    52        2:2        1:1   +   0.999 (42,2,4,5,0,1,2,3,0)
    53        2:2        1:1   +   0.651 (27,3,2,5,1,1,2,4,0)
    54        2:2        2:2       0.987 (47,4,4,4,1,0,1,4,0)
    55        2:2        2:2       0.994 (39,4,4,4,1,1,1,4,0)
    56        2:2        3:3   +   0.918 (26,2,4,2,1,1,1,3,0)
    57        2:2        2:2       1 (35,4,4,4,0,1,3,3,0)
    58        2:2        3:3   +   0.931 (35,4,4,3,0,0,3,4,0)
    59        2:2        3:3   +   0.762 (37,3,4,3,1,1,1,3,0)
    60        2:2        2:2       0.575 (33,4,4,3,1,1,1,4,0)
    61        2:2        1:1   +   0.969 (28,4,4,2,1,1,1,3,0)
    62        2:2        3:3   +   1 (34,2,3,2,1,1,3,3,0)
    63        2:2        2:2       0.985 (44,3,3,9,1,1,1,1,0)
    64        2:2        2:2       0.732 (32,3,3,6,1,0,3,3,0)
    65        2:2        3:3   +   0.897 (49,4,4,10,1,1,1,4,0)
    66        2:2        2:2       0.604 (44,4,4,3,1,1,1,4,0)
    67        2:2        2:2       0.998 (48,4,4,7,0,1,1,4,0)
    68        3:3        3:3       0.505 (24,4,4,1,1,1,1,3,0)
    69        3:3        1:1   +   0.524 (36,2,2,5,1,1,3,4,0)
    70        3:3        1:1   +   0.968 (19,4,4,1,1,1,1,3,0)
    71        3:3        3:3       0.975 (29,2,3,3,1,1,3,3,0)
    72        3:3        1:1   +   0.57 (41,1,4,5,1,0,2,4,0)
    73        3:3        3:3       0.992 (27,4,4,2,0,0,2,4,0)
    74        3:3        3:3       1 (32,3,4,4,1,1,3,2,0)
    75        3:3        3:3       1 (29,1,4,3,1,1,4,4,1)
    76        3:3        1:1   +   0.798 (35,2,3,6,1,0,3,2,0)
    77        3:3        1:1   +   0.741 (49,4,3,13,1,1,1,4,0)
    78        3:3        1:1   +   0.928 (32,4,4,3,0,1,1,4,0)
    79        3:3        3:3       0.99 (26,4,4,3,1,1,3,2,0)
    80        3:3        2:2   +   1 (44,4,4,8,1,1,2,4,0)
    81        3:3        3:3       0.993 (22,4,4,2,1,1,3,4,0)
    82        3:3        3:3       0.986 (36,3,4,9,1,1,3,4,0)
    83        3:3        3:3       1 (30,3,3,3,1,1,3,1,0)
    84        3:3        3:3       0.994 (45,1,3,3,1,1,3,2,0)
    85        3:3        1:1   +   0.909 (28,4,4,1,1,1,1,3,0)
    86        3:3        3:3       0.516 (35,4,4,6,1,1,1,4,0)
    87        3:3        3:3       0.999 (33,4,4,2,1,0,2,4,0)
    88        3:3        3:3       1 (21,4,4,2,1,1,2,3,0)
    89        3:3        2:2   +   0.994 (39,4,4,3,1,0,1,4,0)
    90        3:3        3:3       0.625 (34,4,4,2,1,1,3,3,0)
    91        3:3        3:3       0.478 (20,3,3,2,1,1,2,2,1)
    92        3:3        3:3       0.54 (27,2,4,1,1,1,1,4,0)
    93        3:3        2:2   +   0.786 (30,4,4,2,1,1,4,3,0)
    94        3:3        3:3       0.576 (48,4,4,16,1,1,1,4,0)
    95        3:3        1:1   +   0.999 (20,2,2,1,1,1,3,2,0)
    96        3:3        1:1   +   0.975 (21,3,2,1,1,1,3,1,1)
    97        3:3        2:2   +   0.672 (44,4,4,5,1,1,3,4,0)
    98        3:3        2:2   +   1 (47,4,3,4,1,1,1,3,0)
    99        3:3        2:2   +   0.998 (42,4,4,7,1,1,2,4,0)
   100        3:3        1:1   +   0.904 (17,2,2,1,1,1,3,2,0)
   101        3:3        3:3       0.807 (33,3,4,4,1,1,3,3,0)
   102        3:3        3:3       1 (47,4,4,5,1,1,3,2,0)
   103        3:3        3:3       0.971 (28,3,4,3,1,1,1,4,0)
   104        3:3        3:3       0.787 (36,4,4,4,1,1,1,4,0)
   105        3:3        1:1   +   0.928 (32,4,4,3,0,1,1,4,0)
   106        3:3        3:3       0.644 (26,4,4,2,1,1,3,3,0)
   107        3:3        2:2   +   0.999 (21,4,4,1,1,1,2,3,0)
   108        3:3        3:3       0.642 (19,4,4,2,1,1,1,4,0)
   109        3:3        2:2   +   1 (40,4,4,4,1,1,1,4,0)
   110        3:3        3:3       0.998 (25,2,3,5,1,1,2,3,0)
   111        3:3        3:3       0.758 (28,2,3,3,1,1,3,4,0)
   112        3:3        3:3       1 (36,1,3,6,1,1,3,2,0)
   113        3:3        2:2   +   0.774 (32,4,4,2,0,0,1,4,0)
   114        3:3        1:1   +   0.812 (33,3,4,6,1,1,3,2,0)
   115        3:3        3:3       1 (28,1,3,5,1,1,3,4,0)
   116        3:3        2:2   +   0.813 (37,2,4,5,1,1,1,4,0)
   117        3:3        2:2   +   0.575 (33,4,4,3,1,1,1,4,0)
   118        3:3        3:3       0.997 (33,4,4,2,1,1,2,4,0)
     1        1:1        1:1       1 (23,3,2,0,1,1,2,2,0)
     2        1:1        1:1       1 (26,4,4,0,1,1,3,4,0)
     3        1:1        3:3   +   0.743 (31,2,2,8,1,1,2,2,1)
     4        1:1        1:1       0.999 (36,3,3,2,1,0,2,4,0)
     5        1:1        1:1       0.655 (45,2,2,7,1,1,3,1,1)
     6        1:1        2:2   +   1 (48,4,4,4,0,1,1,4,0)
     7        1:1        3:3   +   0.997 (46,1,2,7,1,1,3,1,1)
     8        1:1        1:1       1 (25,2,3,1,1,0,2,1,0)
     9        1:1        3:3   +   0.993 (40,3,3,3,1,1,2,2,1)
    10        1:1        3:3   +   0.993 (24,2,2,2,1,1,3,1,1)
    11        1:1        2:2   +   0.55 (46,1,4,8,1,1,1,4,1)
    12        1:1        1:1       0.996 (30,1,1,7,1,1,2,3,0)
    13        1:1        1:1       0.998 (21,4,4,1,1,1,3,4,0)
    14        1:1        1:1       0.987 (20,3,4,0,1,1,3,3,0)
    15        1:1        3:3   +   0.991 (32,2,4,5,1,1,2,3,0)
    16        1:1        1:1       1 (41,1,3,3,1,0,2,4,0)
    17        1:1        3:3   +   0.55 (33,3,3,3,1,1,3,4,0)
    18        1:1        1:1       1 (28,3,4,0,1,0,1,3,0)
    19        1:1        3:3   +   0.993 (27,3,4,2,1,1,1,3,0)
    20        1:1        2:2   +   0.999 (32,3,4,1,0,1,2,4,0)
    21        1:1        2:2   +   0.629 (20,2,3,1,1,1,3,4,0)
    22        1:1        1:1       0.954 (20,3,4,2,1,1,3,3,0)
    23        1:1        2:2   +   0.999 (38,3,3,5,1,1,1,4,0)
    24        1:1        2:2   +   0.999 (28,3,4,1,0,1,2,2,0)
    25        1:1        2:2   +   0.527 (35,2,3,8,1,1,3,3,1)
    26        1:1        3:3   +   0.993 (24,3,4,2,1,1,2,4,0)
    27        1:1        2:2   +   0.919 (31,4,4,3,1,0,2,3,0)
    28        1:1        1:1       0.859 (25,4,4,1,1,1,3,4,0)
    29        1:1        3:3   +   0.966 (24,2,4,2,1,1,3,4,0)
    30        1:1        3:3   +   1 (24,2,3,2,1,1,3,1,0)
    31        1:1        3:3   +   0.998 (45,2,4,8,1,1,2,3,0)
    32        1:1        3:3   +   0.999 (33,1,1,5,1,1,3,1,1)
    33        1:1        1:1       0.843 (20,2,3,3,1,1,3,4,0)
    34        2:2        3:3   +   0.993 (44,4,4,5,1,0,1,4,0)
    35        2:2        3:3   +   0.994 (31,4,4,4,1,1,3,3,0)
    36        2:2        2:2       0.951 (32,3,3,4,1,0,3,3,0)
    37        2:2        1:1   +   0.889 (21,3,4,3,1,1,1,4,0)
    38        2:2        1:1   +   0.881 (43,2,4,13,1,1,2,3,0)
    39        2:2        1:1   +   0.514 (28,4,4,2,0,1,1,4,0)
    40        2:2        3:3   +   0.959 (30,4,4,1,0,1,2,4,0)
    41        2:2        2:2       0.964 (22,4,4,1,1,1,1,3,0)
    42        2:2        2:2       0.511 (36,3,3,5,1,0,1,3,0)
    43        2:2        2:2       0.854 (41,3,3,5,1,1,1,4,0)
    44        2:2        3:3   +   0.99 (29,4,4,2,1,1,3,4,0)
    45        2:2        1:1   +   0.97 (30,3,3,2,1,1,2,3,0)
    46        2:2        2:2       0.968 (40,4,4,5,1,1,1,3,0)
    47        2:2        2:2       0.992 (34,4,4,4,1,0,3,3,0)
    48        2:2        3:3   +   0.602 (27,4,4,3,1,1,1,3,0)
    49        2:2        2:2       0.995 (38,4,4,5,1,1,1,3,0)
    50        2:2        1:1   +   0.808 (41,4,4,3,1,0,2,3,0)
    51        2:2        2:2       0.748 (30,4,1,4,1,1,3,3,0)
    52        2:2        2:2       0.999 (41,4,4,5,0,1,2,4,0)
    53        2:2        3:3   +   0.998 (37,4,4,2,1,0,3,3,0)
    54        2:2        2:2       0.788 (31,4,4,3,1,1,1,4,0)
    55        2:2        3:3   +   0.74 (34,4,4,3,1,1,1,4,0)
    56        2:2        3:3   +   0.997 (45,2,2,9,1,1,3,3,0)
    57        2:2        3:3   +   0.979 (34,4,4,2,1,1,1,4,0)
    58        2:2        3:3   +   1 (32,3,4,5,1,1,1,2,0)
    59        2:2        3:3   +   0.697 (24,4,4,1,1,1,1,4,0)
    60        2:2        1:1   +   0.604 (30,4,4,2,0,0,1,4,0)
    61        2:2        1:1   +   1 (42,3,3,4,1,1,2,4,0)
    62        2:2        3:3   +   0.811 (33,4,3,5,1,1,2,4,0)
    63        2:2        3:3   +   0.944 (32,4,4,2,0,0,1,4,0)
    64        2:2        2:2       0.982 (37,4,4,4,0,0,2,4,0)
    65        2:2        2:2       0.803 (39,4,4,3,1,1,1,4,0)
    66        2:2        2:2       0.961 (35,4,4,5,0,0,1,4,0)
    67        2:2        3:3   +   0.998 (24,4,4,1,1,1,3,2,0)
    68        3:3        3:3       0.603 (41,1,2,6,1,1,3,3,0)
    69        3:3        2:2   +   0.954 (20,3,4,1,0,1,2,4,0)
    70        3:3        2:2   +   1 (33,4,4,4,1,1,2,3,0)
    71        3:3        3:3       0.967 (40,3,4,6,1,1,1,3,0)
    72        3:3        2:2   +   0.994 (35,1,2,5,1,1,3,3,0)
    73        3:3        3:3       1 (35,2,3,6,1,1,2,3,0)
    74        3:3        1:1   +   0.592 (22,4,4,1,0,1,3,1,0)
    75        3:3        3:3       0.998 (21,4,4,2,1,1,3,3,0)
    76        3:3        3:3       0.994 (25,1,2,2,1,1,2,1,0)
    77        3:3        2:2   +   0.788 (31,4,4,3,1,1,1,4,0)
    78        3:3        3:3       0.971 (35,4,4,2,1,1,2,4,0)
    79        3:3        3:3       0.507 (36,1,2,4,1,1,3,1,1)
    80        3:3        2:2   +   0.999 (34,4,4,6,1,1,2,2,0)
    81        3:3        2:2   +   0.67 (23,2,3,2,1,0,3,2,0)
    82        3:3        1:1   +   0.504 (27,2,4,4,1,1,2,1,0)
    83        3:3        3:3       1 (22,4,3,1,1,1,2,2,0)
    84        3:3        3:3       0.966 (31,2,3,7,1,1,3,3,0)
    85        3:3        2:2   +   0.636 (34,2,2,4,0,1,3,2,0)
    86        3:3        1:1   +   0.996 (40,2,2,4,0,0,2,4,0)
    87        3:3        3:3       0.991 (30,3,3,4,1,0,2,2,0)
    88        3:3        2:2   +   0.998 (43,4,4,5,0,1,1,4,0)
    89        3:3        1:1   +   0.967 (25,4,4,1,0,1,1,4,0)
    90        3:3        3:3       1 (22,3,4,2,1,1,2,4,0)
    91        3:3        3:3       0.987 (24,2,2,2,1,1,3,4,0)
    92        3:3        3:3       0.997 (31,1,1,3,1,1,4,2,1)
    93        3:3        1:1   +   0.955 (37,3,4,5,1,0,2,4,0)
    94        3:3        1:1   +   0.96 (22,3,4,2,0,1,3,4,0)
    95        3:3        3:3       1 (21,3,3,2,1,1,2,3,0)
    96        3:3        1:1   +   0.992 (41,4,3,5,1,0,3,4,0)
    97        3:3        3:3       0.982 (44,3,4,5,1,0,1,4,0)
    98        3:3        3:3       1 (29,2,3,4,1,1,3,2,0)
    99        3:3        2:2   +   0.565 (22,3,4,3,1,1,2,3,0)
   100        3:3        3:3       0.801 (25,4,4,2,1,1,2,3,0)
   101        3:3        1:1   +   0.884 (32,3,2,5,1,1,3,3,0)
   102        3:3        3:3       1 (36,4,4,4,1,1,1,3,0)
   103        3:3        1:1   +   0.996 (25,2,2,1,1,1,3,1,0)
   104        3:3        2:2   +   0.783 (35,2,2,6,1,0,2,2,1)
   105        3:3        3:3       0.589 (22,2,2,2,1,1,2,3,0)
   106        3:3        3:3       1 (28,4,4,1,1,1,3,2,0)
   107        3:3        2:2   +   0.996 (19,4,4,1,1,1,2,3,0)
   108        3:3        1:1   +   0.961 (33,2,3,7,1,0,3,1,0)
   109        3:3        3:3       0.591 (23,3,2,1,1,1,3,3,0)
   110        3:3        2:2   +   0.973 (32,2,2,8,1,1,2,1,0)
   111        3:3        3:3       0.487 (40,3,4,5,1,1,1,2,0)
   112        3:3        2:2   +   0.528 (25,3,4,3,1,1,2,4,0)
   113        3:3        3:3       0.983 (32,3,4,5,0,1,1,4,0)
   114        3:3        3:3       0.758 (31,4,4,2,0,1,1,4,0)
   115        3:3        3:3       0.923 (35,3,4,5,1,1,1,4,0)
   116        3:3        2:2   +   0.917 (27,4,4,1,1,1,1,4,0)
   117        3:3        2:2   +   0.887 (36,2,2,7,1,0,2,2,1)
   118        3:3        2:2   +   0.45 (39,4,3,4,1,1,3,4,0)
     1        1:1        1:1       0.785 (39,3,4,6,1,1,1,4,0)
     2        1:1        3:3   +   0.948 (32,1,2,4,1,1,3,2,1)
     3        1:1        2:2   +   0.978 (46,3,1,5,1,1,3,2,0)
     4        1:1        2:2   +   0.521 (34,4,3,0,0,0,3,3,0)
     5        1:1        2:2   +   0.977 (40,2,2,8,1,1,2,2,0)
     6        1:1        2:2   +   0.751 (42,4,4,3,1,1,1,4,0)
     7        1:1        1:1       0.962 (49,1,3,6,1,1,2,4,0)
     8        1:1        1:1       0.874 (48,1,1,8,1,0,2,2,1)
     9        1:1        3:3   +   0.984 (37,2,3,5,0,0,2,4,0)
    10        1:1        3:3   +   0.998 (27,3,4,0,1,1,3,3,0)
    11        1:1        2:2   +   0.672 (40,1,2,6,1,1,3,1,1)
    12        1:1        3:3   +   1 (29,3,4,4,1,1,1,4,0)
    13        1:1        1:1       1 (28,1,4,0,1,0,4,1,0)
    14        1:1        1:1       0.548 (45,1,3,7,1,0,1,3,0)
    15        1:1        3:3   +   0.787 (25,4,4,0,1,0,2,4,0)
    16        1:1        1:1       0.986 (45,2,3,6,1,1,3,2,1)
    17        1:1        3:3   +   0.973 (44,1,4,9,1,1,1,2,0)
    18        1:1        1:1       1 (28,3,4,0,1,0,3,4,0)
    19        1:1        2:2   +   1 (28,4,4,3,0,1,1,4,0)
    20        1:1        2:2   +   0.63 (27,2,2,1,1,0,3,2,1)
    21        1:1        2:2   +   0.963 (25,4,4,3,1,1,1,2,0)
    22        1:1        2:2   +   0.999 (41,3,4,3,0,1,2,4,0)
    23        1:1        3:3   +   0.994 (43,3,4,2,0,1,3,4,0)
    24        1:1        3:3   +   0.785 (33,4,4,0,1,0,3,3,0)
    25        1:1        2:2   +   0.999 (33,4,4,3,0,0,1,3,0)
    26        1:1        1:1       0.998 (48,1,1,1,1,0,3,3,1)
    27        1:1        1:1       1 (42,4,4,1,1,0,1,4,0)
    28        1:1        1:1       0.993 (47,1,4,6,1,1,1,4,0)
    29        1:1        1:1       0.998 (45,4,4,1,1,1,1,4,0)
    30        1:1        1:1       1 (23,4,4,0,1,0,1,4,0)
    31        1:1        2:2   +   1 (38,2,4,3,1,1,1,3,0)
    32        1:1        3:3   +   0.988 (39,4,4,2,1,0,1,4,0)
    33        1:1        3:3   +   0.953 (23,3,3,2,1,1,2,2,0)
    34        2:2        1:1   +   1 (30,2,4,1,1,0,3,4,0)
    35        2:2        2:2       0.983 (22,4,4,1,1,1,1,2,0)
    36        2:2        1:1   +   0.957 (27,4,4,3,1,1,1,4,0)
    37        2:2        3:3   +   0.981 (36,4,4,4,0,1,1,4,0)
    38        2:2        2:2       1 (42,4,4,4,0,0,2,4,0)
    39        2:2        3:3   +   0.82 (44,1,4,2,1,1,1,3,0)
    40        2:2        3:3   +   0.887 (29,3,4,2,1,1,1,4,0)
    41        2:2        1:1   +   0.997 (23,4,4,1,1,0,3,4,0)
    42        2:2        2:2       0.999 (41,4,4,4,0,0,2,4,0)
    43        2:2        3:3   +   1 (35,3,4,5,1,0,1,3,1)
    44        2:2        2:2       0.993 (38,4,4,4,0,0,1,2,0)
    45        2:2        3:3   +   1 (37,4,4,3,0,1,3,4,0)
    46        2:2        3:3   +   1 (30,2,4,3,1,1,3,4,0)
    47        2:2        2:2       1 (25,3,1,2,1,0,3,4,0)
    48        2:2        3:3   +   0.818 (36,3,2,6,1,1,3,2,0)
    49        2:2        2:2       0.767 (36,4,4,3,1,1,1,4,0)
    50        2:2        3:3   +   0.659 (35,4,4,5,1,0,1,3,0)
    51        2:2        3:3   +   1 (22,3,4,1,1,1,4,4,0)
    52        2:2        2:2       0.789 (34,3,3,6,1,1,3,4,0)
    53        2:2        3:3   +   0.998 (29,3,4,3,1,1,1,3,0)
    54        2:2        2:2       0.914 (29,4,4,2,1,0,1,3,0)
    55        2:2        3:3   +   0.76 (43,3,4,5,1,1,3,2,1)
    56        2:2        1:1   +   0.998 (47,1,1,10,1,1,3,3,0)
    57        2:2        3:3   +   1 (29,4,4,3,1,1,1,4,0)
    58        2:2        3:3   +   0.986 (35,4,4,4,1,1,1,4,0)
    59        2:2        1:1   +   0.562 (38,4,4,2,1,1,1,4,0)
    60        2:2        3:3   +   0.998 (29,3,4,3,1,1,1,3,0)
    61        2:2        3:3   +   0.938 (32,4,4,2,1,0,3,4,0)
    62        2:2        3:3   +   1 (29,4,4,3,1,1,3,2,0)
    63        2:2        3:3   +   0.666 (46,4,3,5,1,1,1,4,0)
    64        2:2        1:1   +   0.666 (30,3,4,7,1,1,2,4,0)
    65        2:2        3:3   +   1 (23,4,3,3,1,1,3,3,0)
    66        2:2        2:2       0.997 (26,4,4,1,1,0,2,3,0)
    67        2:2        1:1   +   0.673 (32,4,4,2,1,1,1,4,0)
    68        3:3        2:2   +   0.512 (24,4,4,2,1,0,3,3,0)
    69        3:3        2:2   +   0.591 (34,3,4,3,0,0,3,4,0)
    70        3:3        3:3       0.988 (30,3,2,3,1,1,3,3,0)
    71        3:3        1:1   +   0.827 (39,4,4,2,0,1,3,4,0)
    72        3:3        1:1   +   0.97 (47,1,3,9,1,0,3,3,0)
    73        3:3        3:3       0.503 (35,1,2,6,1,1,2,2,1)
    74        3:3        3:3       0.517 (25,4,4,3,1,1,3,3,0)
    75        3:3        3:3       0.998 (25,2,3,2,1,1,2,4,0)
    76        3:3        3:3       0.992 (36,4,4,3,1,1,2,4,0)
    77        3:3        3:3       1 (37,3,4,3,0,1,3,4,0)
    78        3:3        3:3       0.993 (32,2,3,5,1,0,2,3,0)
    79        3:3        3:3       1 (24,3,4,4,1,1,2,3,0)
    80        3:3        3:3       0.969 (28,2,3,3,1,1,2,4,0)
    81        3:3        3:3       1 (21,3,3,1,1,1,3,2,0)
    82        3:3        3:3       1 (27,3,3,3,1,1,2,2,0)
    83        3:3        3:3       0.505 (37,3,4,4,0,1,2,4,0)
    84        3:3        2:2   +   1 (39,4,4,2,0,1,1,3,0)
    85        3:3        3:3       0.942 (27,3,4,2,1,1,3,2,0)
    86        3:3        3:3       0.743 (25,3,4,3,1,0,3,4,0)
    87        3:3        1:1   +   0.574 (35,1,2,5,1,1,2,2,1)
    88        3:3        2:2   +   0.982 (39,4,4,3,1,1,2,4,0)
    89        3:3        2:2   +   0.796 (21,2,1,3,1,0,3,1,1)
    90        3:3        3:3       0.995 (28,2,4,7,1,1,3,3,0)
    91        3:3        3:3       0.567 (31,3,4,5,1,1,1,4,0)
    92        3:3        2:2   +   0.525 (26,3,2,5,1,1,2,2,0)
    93        3:3        1:1   +   0.789 (28,3,3,3,1,0,2,4,0)
    94        3:3        3:3       0.521 (32,3,3,4,1,1,2,1,0)
    95        3:3        2:2   +   1 (37,4,4,4,1,1,3,2,0)
    96        3:3        1:1   +   0.978 (34,3,4,4,1,1,1,3,0)
    97        3:3        3:3       0.974 (20,3,3,2,1,1,2,4,0)
    98        3:3        2:2   +   0.999 (23,4,4,1,1,1,3,3,0)
    99        3:3        1:1   +   0.514 (41,1,4,9,1,1,2,1,0)
   100        3:3        2:2   +   0.919 (24,4,4,1,1,0,1,4,0)
   101        3:3        3:3       0.661 (22,4,4,1,1,1,2,3,0)
   102        3:3        3:3       1 (35,2,3,5,1,1,3,3,0)
   103        3:3        2:2   +   0.879 (31,4,4,1,1,1,1,4,0)
   104        3:3        3:3       1 (29,3,3,1,1,1,3,3,0)
   105        3:3        1:1   +   0.952 (31,3,4,4,1,0,3,3,0)
   106        3:3        2:2   +   0.508 (38,4,4,6,1,1,2,4,0)
   107        3:3        3:3       0.994 (30,2,2,4,1,1,2,1,0)
   108        3:3        2:2   +   0.812 (46,4,4,4,0,1,1,4,0)
   109        3:3        3:3       0.998 (25,3,3,2,1,1,2,3,0)
   110        3:3        2:2   +   0.746 (38,4,4,5,1,1,2,3,0)
   111        3:3        3:3       0.641 (23,2,3,2,1,1,3,1,0)
   112        3:3        3:3       0.989 (28,3,4,2,1,1,2,3,0)
   113        3:3        3:3       0.995 (33,4,4,2,1,0,1,4,0)
   114        3:3        2:2   +   0.98 (44,4,4,5,1,0,1,4,0)
   115        3:3        3:3       0.952 (34,2,4,7,1,1,2,3,0)
   116        3:3        2:2   +   0.679 (23,4,4,3,1,1,3,3,0)
   117        3:3        1:1   +   0.502 (46,1,2,9,1,0,3,4,1)
   118        3:3        3:3       0.938 (32,4,4,2,1,0,3,4,0)
     1        1:1        2:2   +   0.523 (24,3,4,2,1,1,2,2,0)
     2        1:1        3:3   +   0.542 (35,4,4,1,1,1,1,3,0)
     3        1:1        1:1       0.806 (37,4,4,2,1,1,1,4,0)
     4        1:1        1:1       0.994 (42,1,3,12,1,1,2,4,0)
     5        1:1        1:1       0.995 (20,2,3,3,1,1,3,4,0)
     6        1:1        3:3   +   0.725 (33,4,4,1,0,0,3,4,0)
     7        1:1        3:3   +   0.538 (30,3,4,4,0,1,2,3,0)
     8        1:1        1:1       1 (48,1,1,6,1,1,2,3,1)
     9        1:1        3:3   +   0.913 (24,3,3,2,1,0,3,2,0)
    10        1:1        1:1       1 (47,1,4,7,1,1,2,3,0)
    11        1:1        3:3   +   0.994 (29,3,4,4,1,0,1,3,0)
    12        1:1        1:1       1 (25,3,2,1,1,0,3,3,0)
    13        1:1        1:1       1 (32,1,3,4,1,1,2,2,1)
    14        1:1        1:1       0.825 (26,4,4,1,1,1,1,4,0)
    15        1:1        3:3   +   0.786 (22,3,4,0,1,0,3,4,0)
    16        1:1        3:3   +   0.939 (38,3,3,4,0,0,3,2,1)
    17        1:1        2:2   +   0.998 (36,3,3,3,0,0,2,3,1)
    18        1:1        3:3   +   0.994 (34,2,4,6,1,0,3,4,0)
    19        1:1        2:2   +   0.575 (30,4,4,4,1,1,2,4,0)
    20        1:1        3:3   +   0.915 (30,4,4,1,1,0,1,4,0)
    21        1:1        3:3   +   0.842 (37,2,3,2,0,0,3,3,0)
    22        1:1        3:3   +   1 (37,3,3,6,1,1,2,2,0)
    23        1:1        1:1       0.913 (18,3,4,1,1,1,3,3,0)
    24        1:1        1:1       0.992 (19,2,2,0,1,1,2,2,0)
    25        1:1        1:1       1 (29,4,4,0,1,0,2,4,0)
    26        1:1        3:3   +   0.858 (36,1,4,2,1,1,2,2,0)
    27        1:1        1:1       1 (28,2,4,0,1,1,3,1,0)
    28        1:1        3:3   +   1 (27,4,4,1,0,1,3,4,0)
    29        1:1        3:3   +   1 (35,4,4,2,0,1,3,4,0)
    30        1:1        3:3   +   1 (29,3,4,1,0,1,2,3,0)
    31        1:1        1:1       0.918 (34,3,4,4,0,1,3,1,1)
    32        1:1        3:3   +   0.653 (42,4,4,1,1,1,2,4,0)
    33        1:1        3:3   +   0.907 (47,3,4,3,1,1,2,3,0)
    34        2:2        3:3   +   0.99 (25,4,4,1,1,1,1,4,0)
    35        2:2        2:2       0.652 (28,4,4,2,1,0,1,3,0)
    36        2:2        3:3   +   0.995 (33,3,4,5,0,1,3,3,0)
    37        2:2        3:3   +   0.878 (39,3,4,5,1,1,3,4,0)
    38        2:2        3:3   +   0.932 (27,4,4,2,1,1,1,3,0)
    39        2:2        3:3   +   0.5 (34,2,2,8,1,1,2,2,0)
    40        2:2        2:2       0.711 (24,4,4,1,1,1,3,4,0)
    41        2:2        2:2       0.961 (37,4,4,4,1,1,1,4,0)
    42        2:2        2:2       1 (41,4,4,4,0,1,1,4,0)
    43        2:2        2:2       0.983 (39,4,4,5,1,1,1,4,0)
    44        2:2        3:3   +   0.999 (28,4,4,4,1,1,1,3,0)
    45        2:2        3:3   +   1 (40,4,4,4,1,1,1,3,0)
    46        2:2        1:1   +   0.613 (28,3,4,2,0,1,2,3,0)
    47        2:2        3:3   +   0.992 (46,4,4,4,1,1,1,4,0)
    48        2:2        2:2       0.999 (41,4,4,4,0,0,2,4,0)
    49        2:2        1:1   +   0.898 (32,3,3,2,1,0,3,4,0)
    50        2:2        2:2       0.795 (26,3,4,3,1,1,2,3,0)
    51        2:2        3:3   +   0.919 (26,4,4,2,1,0,1,4,0)
    52        2:2        3:3   +   0.991 (36,4,4,2,1,1,2,4,0)
    53        2:2        3:3   +   0.889 (42,4,4,5,1,1,1,4,0)
    54        2:2        3:3   +   1 (37,2,3,7,1,1,3,4,0)
    55        2:2        1:1   +   0.991 (20,3,4,1,1,1,3,2,0)
    56        2:2        1:1   +   0.999 (44,2,3,1,0,1,2,4,0)
    57        2:2        2:2       0.999 (41,4,4,4,0,0,2,4,0)
    58        2:2        2:2       0.51 (36,4,4,3,1,1,1,4,0)
    59        2:2        2:2       0.778 (24,3,4,5,1,1,1,2,1)
    60        2:2        2:2       0.767 (27,4,4,1,0,0,1,4,0)
    61        2:2        2:2       0.862 (37,4,3,8,1,1,1,4,0)
    62        2:2        2:2       0.989 (44,4,4,4,1,1,1,4,0)
    63        2:2        3:3   +   0.992 (46,4,4,4,1,1,1,4,0)
    64        2:2        3:3   +   0.966 (35,4,4,2,1,0,1,4,0)
    65        2:2        3:3   +   0.989 (31,3,4,4,1,1,1,3,0)
    66        2:2        2:2       0.997 (35,4,4,3,1,1,2,3,0)
    67        3:3        1:1   +   0.976 (25,2,3,1,1,1,3,1,0)
    68        3:3        3:3       1 (24,1,2,3,1,1,3,2,0)
    69        3:3        3:3       0.888 (22,3,3,1,1,1,3,2,0)
    70        3:3        3:3       0.739 (25,2,3,2,1,1,3,1,0)
    71        3:3        2:2   +   0.599 (20,3,4,2,1,1,1,3,0)
    72        3:3        3:3       0.635 (19,2,4,1,1,1,2,3,0)
    73        3:3        3:3       1 (37,2,3,6,1,1,3,4,0)
    74        3:3        3:3       0.973 (36,2,3,6,1,1,2,4,0)
    75        3:3        3:3       0.975 (34,2,3,3,0,1,3,2,1)
    76        3:3        3:3       0.992 (46,4,4,4,1,1,1,4,0)
    77        3:3        2:2   +   0.978 (34,4,4,3,1,1,1,4,0)
    78        3:3        3:3       0.992 (28,4,4,3,0,0,3,4,0)
    79        3:3        1:1   +   0.989 (22,1,3,2,1,1,3,2,0)
    80        3:3        1:1   +   0.994 (28,1,2,4,1,1,2,3,0)
    81        3:3        3:3       0.99 (30,1,3,2,1,1,3,4,0)
    82        3:3        3:3       0.819 (32,1,4,4,1,1,3,2,0)
    83        3:3        2:2   +   0.712 (38,4,4,2,1,0,1,4,0)
    84        3:3        1:1   +   0.759 (17,3,4,1,1,1,3,3,0)
    85        3:3        3:3       0.625 (27,4,4,2,1,1,1,4,0)
    86        3:3        1:1   +   0.549 (25,3,4,2,1,1,3,3,0)
    87        3:3        3:3       0.997 (30,3,3,4,1,0,3,2,0)
    88        3:3        3:3       0.909 (43,4,4,2,1,1,1,4,0)
    89        3:3        1:1   +   0.996 (28,4,4,1,0,0,2,4,0)
    90        3:3        3:3       1 (28,4,3,2,1,1,3,2,0)
    91        3:3        3:3       0.999 (33,3,3,4,1,0,2,2,0)
    92        3:3        1:1   +   0.549 (17,3,3,1,1,1,2,4,0)
    93        3:3        3:3       1 (30,4,4,2,1,0,2,2,0)
    94        3:3        3:3       0.878 (22,2,4,1,1,1,3,3,0)
    95        3:3        2:2   +   0.545 (34,1,4,4,1,1,3,4,1)
    96        3:3        3:3       0.932 (22,1,3,2,1,1,3,1,0)
    97        3:3        3:3       0.883 (26,3,4,2,1,0,2,4,0)
    98        3:3        3:3       0.842 (22,4,4,1,1,0,2,4,0)
    99        3:3        2:2   +   0.863 (22,4,4,3,1,1,3,2,0)
   100        3:3        2:2   +   0.893 (27,4,4,1,0,0,1,3,0)
   101        3:3        3:3       0.824 (24,4,4,2,1,1,3,3,0)
   102        3:3        2:2   +   0.801 (35,1,2,4,1,0,4,4,0)
   103        3:3        3:3       1 (27,4,4,1,0,1,3,4,0)
   104        3:3        1:1   +   0.681 (32,2,3,4,1,0,2,2,0)
   105        3:3        3:3       0.986 (27,2,4,3,1,1,4,4,0)
   106        3:3        1:1   +   0.993 (45,2,3,3,0,0,2,4,0)
   107        3:3        3:3       0.987 (26,1,2,3,1,0,3,2,0)
   108        3:3        1:1   +   0.655 (21,2,2,1,1,1,4,3,0)
   109        3:3        3:3       1 (46,3,4,4,1,0,3,4,0)
   110        3:3        3:3       0.993 (22,3,2,2,1,1,2,1,0)
   111        3:3        3:3       0.996 (33,3,3,4,1,0,2,3,0)
   112        3:3        2:2   +   0.871 (27,3,3,5,1,1,2,4,0)
   113        3:3        2:2   +   0.998 (41,4,4,8,1,1,1,4,0)
   114        3:3        1:1   +   0.938 (30,2,3,5,1,0,3,4,0)
   115        3:3        2:2   +   0.976 (40,2,4,3,0,1,3,4,0)
   116        3:3        3:3       0.907 (20,4,4,2,1,1,1,3,0)
   117        3:3        3:3       0.932 (41,4,4,5,1,1,1,4,0)
   118        3:3        3:3       0.898 (36,4,4,3,0,1,3,4,0)
     1        1:1        2:2   +   0.914 (42,3,3,5,1,1,2,2,0)
     2        1:1        1:1       0.999 (38,1,2,8,1,1,3,3,1)
     3        1:1        3:3   +   0.843 (23,2,4,2,1,1,1,4,0)
     4        1:1        3:3   +   0.949 (30,2,3,4,1,0,3,2,0)
     5        1:1        3:3   +   0.956 (27,4,4,1,0,0,2,4,0)
     6        1:1        3:3   +   0.603 (41,2,2,5,0,1,2,2,0)
     7        1:1        3:3   +   0.598 (47,2,2,7,1,1,2,2,0)
     8        1:1        1:1       1 (31,3,2,1,1,1,3,4,0)
     9        1:1        1:1       0.984 (16,2,4,1,1,1,3,4,0)
    10        1:1        3:3   +   0.996 (25,2,2,3,1,1,3,3,0)
    11        1:1        1:1       0.995 (47,1,2,2,1,1,2,4,0)
    12        1:1        3:3   +   0.97 (19,2,2,2,1,1,3,1,0)
    13        1:1        3:3   +   0.915 (28,4,4,3,0,0,1,4,0)
    14        1:1        1:1       0.932 (45,3,4,2,0,1,1,4,0)
    15        1:1        2:2   +   0.663 (23,4,4,2,1,0,3,3,0)
    16        1:1        1:1       0.998 (33,1,2,0,1,0,3,3,0)
    17        1:1        3:3   +   1 (17,2,3,1,1,1,3,2,0)
    18        1:1        1:1       0.559 (40,2,2,6,1,1,2,2,1)
    19        1:1        2:2   +   0.96 (42,2,3,2,1,1,1,4,0)
    20        1:1        1:1       0.509 (23,3,3,2,1,1,3,3,0)
    21        1:1        1:1       0.5 (48,1,1,8,1,1,1,1,1)
    22        1:1        3:3   +   0.996 (28,4,4,5,1,0,3,4,0)
    23        1:1        1:1       0.666 (39,3,4,1,0,1,3,4,0)
    24        1:1        1:1       1 (43,1,2,8,1,1,2,2,1)
    25        1:1        1:1       0.824 (18,2,3,1,1,1,2,3,0)
    26        1:1        3:3   +   0.992 (48,3,4,5,1,1,2,3,0)
    27        1:1        2:2   +   0.835 (43,4,4,5,1,1,1,3,0)
    28        1:1        1:1       1 (22,4,4,0,1,1,3,2,0)
    29        1:1        1:1       1 (40,1,1,0,1,1,3,2,0)
    30        1:1        1:1       0.723 (32,4,4,1,0,1,1,4,0)
    31        1:1        3:3   +   0.583 (36,2,3,6,1,1,2,3,0)
    32        1:1        1:1       0.976 (47,4,4,1,0,1,1,4,0)
    33        1:1        3:3   +   0.948 (25,1,3,1,1,1,4,2,0)
    34        2:2        3:3   +   0.996 (33,4,4,5,1,1,2,4,0)
    35        2:2        3:3   +   0.963 (20,3,4,1,1,1,2,4,0)
    36        2:2        1:1   +   0.855 (33,4,4,3,1,1,3,4,0)
    37        2:2        3:3   +   1 (22,4,4,1,1,0,2,2,0)
    38        2:2        3:3   +   0.764 (26,4,4,2,0,1,1,4,0)
    39        2:2        2:2       0.987 (33,3,4,3,0,1,2,4,0)
    40        2:2        3:3   +   0.998 (26,3,4,3,1,1,3,4,0)
    41        2:2        3:3   +   0.992 (43,4,4,3,0,1,1,4,0)
    42        2:2        3:3   +   0.881 (34,3,4,4,1,1,3,3,0)
    43        2:2        1:1   +   0.999 (35,1,3,7,1,0,2,3,1)
    44        2:2        2:2       0.994 (38,4,4,3,0,0,2,4,0)
    45        2:2        1:1   +   0.787 (32,3,4,7,0,1,1,3,0)
    46        2:2        1:1   +   0.774 (27,4,4,2,1,0,1,3,0)
    47        2:2        3:3   +   0.996 (32,4,4,4,1,1,1,2,0)
    48        2:2        1:1   +   0.997 (41,3,4,3,0,1,2,4,0)
    49        2:2        3:3   +   0.998 (42,4,4,4,1,1,3,4,0)
    50        2:2        2:2       0.501 (37,4,4,3,1,1,3,4,0)
    51        2:2        3:3   +   1 (30,4,4,3,1,1,2,1,0)
    52        2:2        3:3   +   0.684 (26,3,4,3,1,1,1,4,0)
    53        2:2        3:3   +   0.798 (36,3,4,4,0,0,2,4,0)
    54        2:2        3:3   +   1 (28,3,3,3,1,1,1,2,0)
    55        2:2        2:2       1 (38,4,4,4,0,1,3,4,0)
    56        2:2        3:3   +   0.947 (31,2,2,4,1,1,4,3,1)
    57        2:2        3:3   +   0.867 (23,3,1,1,1,0,3,3,0)
    58        2:2        3:3   +   0.947 (35,4,4,5,1,0,1,4,0)
    59        2:2        2:2       0.686 (43,3,3,6,1,0,3,2,0)
    60        2:2        3:3   +   0.994 (33,4,4,3,0,1,2,4,0)
    61        2:2        1:1   +   0.964 (24,1,4,1,1,0,4,2,1)
    62        2:2        3:3   +   0.651 (32,4,4,4,1,1,2,3,0)
    63        2:2        2:2       0.974 (42,2,3,7,1,1,3,4,0)
    64        2:2        3:3   +   0.856 (43,4,4,5,0,1,1,4,0)
    65        2:2        3:3   +   0.894 (34,4,4,5,1,1,3,4,0)
    66        2:2        1:1   +   0.882 (34,4,4,3,1,0,3,4,0)
    67        3:3        3:3       0.851 (33,2,3,4,1,1,2,3,0)
    68        3:3        3:3       1 (25,3,3,3,1,1,2,1,0)
    69        3:3        1:1   +   0.999 (21,2,2,0,0,1,4,4,0)
    70        3:3        3:3       0.994 (33,2,4,3,1,1,2,4,0)
    71        3:3        3:3       0.866 (41,4,4,5,1,1,1,4,0)
    72        3:3        3:3       0.993 (25,2,4,3,1,1,3,3,0)
    73        3:3        2:2   +   0.999 (44,4,4,11,1,1,1,4,0)
    74        3:3        3:3       0.995 (40,2,3,5,1,1,3,3,0)
    75        3:3        2:2   +   0.973 (34,2,3,2,1,1,2,3,0)
    76        3:3        2:2   +   1 (38,4,4,4,1,0,1,4,0)
    77        3:3        3:3       0.921 (25,1,2,3,1,1,2,3,0)
    78        3:3        2:2   +   0.991 (26,3,2,4,1,1,3,4,0)
    79        3:3        3:3       1 (31,1,2,4,1,1,3,3,0)
    80        3:3        1:1   +   0.684 (45,3,4,2,0,1,3,3,0)
    81        3:3        1:1   +   0.706 (31,3,3,6,0,1,3,1,0)
    82        3:3        3:3       1 (29,2,4,3,1,0,3,3,0)
    83        3:3        3:3       0.819 (36,2,4,8,1,1,1,4,0)
    84        3:3        3:3       0.967 (34,4,4,2,0,1,1,4,0)
    85        3:3        3:3       0.554 (40,4,4,2,0,0,1,4,0)
    86        3:3        3:3       1 (37,4,4,3,1,1,2,4,0)
    87        3:3        3:3       0.998 (29,3,3,4,1,1,3,4,0)
    88        3:3        1:1   +   0.549 (25,4,4,2,1,1,1,3,0)
    89        3:3        2:2   +   0.998 (38,4,4,3,0,0,3,3,1)
    90        3:3        3:3       0.976 (21,3,3,1,1,1,3,3,0)
    91        3:3        3:3       0.834 (33,3,4,4,1,0,2,4,0)
    92        3:3        3:3       0.995 (26,3,4,4,1,1,2,3,0)
    93        3:3        3:3       0.703 (22,1,2,2,1,1,3,4,0)
    94        3:3        3:3       1 (22,3,4,1,1,0,1,4,0)
    95        3:3        1:1   +   0.816 (37,2,4,3,1,1,2,3,0)
    96        3:3        1:1   +   0.995 (18,3,3,1,1,1,2,2,0)
    97        3:3        3:3       0.999 (28,4,4,2,0,1,2,4,0)
    98        3:3        3:3       0.992 (37,2,3,9,1,1,3,3,0)
    99        3:3        2:2   +   0.998 (29,4,4,3,1,1,3,4,0)
   100        3:3        2:2   +   0.601 (32,4,4,2,1,0,1,3,0)
   101        3:3        3:3       0.876 (24,1,3,4,1,1,3,3,0)
   102        3:3        1:1   +   0.505 (30,3,3,7,1,1,3,4,0)
   103        3:3        2:2   +   0.978 (42,4,4,5,1,1,1,4,0)
   104        3:3        3:3       1 (28,2,2,5,1,0,2,4,0)
   105        3:3        1:1   +   0.946 (25,4,4,2,1,1,1,2,0)
   106        3:3        3:3       0.997 (28,2,3,6,1,1,2,4,0)
   107        3:3        1:1   +   1 (23,2,3,3,1,1,2,3,0)
   108        3:3        3:3       0.545 (29,3,3,1,0,0,2,4,0)
   109        3:3        1:1   +   0.999 (37,3,3,6,1,1,3,3,0)
   110        3:3        3:3       0.595 (43,3,3,5,1,0,3,3,0)
   111        3:3        3:3       0.999 (31,4,4,4,1,0,3,4,0)
   112        3:3        3:3       0.575 (31,4,4,3,1,1,4,4,0)
   113        3:3        3:3       0.708 (23,4,4,2,1,1,3,4,0)
   114        3:3        2:2   +   0.975 (26,3,4,2,1,1,3,3,0)
   115        3:3        3:3       0.968 (32,1,2,6,0,1,2,3,0)
   116        3:3        1:1   +   0.958 (31,3,3,3,1,1,2,1,1)
   117        3:3        1:1   +   0.805 (21,4,4,1,1,1,3,1,0)
     1        1:1        3:3   +   0.988 (27,2,4,1,1,0,1,1,0)
     2        1:1        3:3   +   0.507 (25,4,4,1,0,1,2,3,0)
     3        1:1        3:3   +   0.966 (49,2,3,4,1,1,2,3,0)
     4        1:1        3:3   +   0.894 (36,1,4,1,1,1,3,3,0)
     5        1:1        3:3   +   1 (35,1,2,0,1,0,4,4,0)
     6        1:1        2:2   +   0.576 (31,3,3,2,1,0,3,3,0)
     7        1:1        1:1       0.963 (28,4,4,1,1,0,1,3,0)
     8        1:1        3:3   +   0.997 (37,3,4,7,1,1,3,4,0)
     9        1:1        1:1       1 (37,1,3,0,1,1,3,4,0)
    10        1:1        1:1       1 (24,3,4,0,1,0,2,3,0)
    11        1:1        1:1       0.868 (40,2,2,8,1,1,1,3,0)
    12        1:1        2:2   +   0.874 (26,4,4,3,1,1,1,4,0)
    13        1:1        1:1       0.58 (47,1,1,4,1,1,2,2,0)
    14        1:1        1:1       0.81 (46,4,4,10,1,1,1,3,0)
    15        1:1        1:1       0.859 (48,3,4,8,1,1,3,3,0)
    16        1:1        1:1       0.781 (45,4,4,1,1,0,1,4,0)
    17        1:1        2:2   +   0.753 (40,4,4,2,1,1,3,4,0)
    18        1:1        2:2   +   0.608 (35,3,4,6,1,0,2,2,0)
    19        1:1        1:1       1 (38,1,2,6,1,1,2,1,1)
    20        1:1        2:2   +   0.998 (32,2,3,4,0,1,2,4,0)
    21        1:1        2:2   +   0.986 (41,3,2,11,1,1,2,3,0)
    22        1:1        3:3   +   0.6 (24,2,2,4,1,1,3,4,0)
    23        1:1        3:3   +   0.995 (24,4,4,1,1,0,1,3,0)
    24        1:1        1:1       0.913 (19,3,3,1,1,1,2,4,0)
    25        1:1        1:1       1 (47,3,3,2,1,1,2,4,0)
    26        1:1        3:3   +   1 (38,2,4,5,1,1,3,3,0)
    27        1:1        2:2   +   0.577 (35,4,4,5,1,1,1,4,0)
    28        1:1        1:1       1 (21,1,3,0,1,0,3,4,1)
    29        1:1        1:1       0.993 (45,4,4,1,1,1,1,4,0)
    30        1:1        1:1       0.997 (22,3,4,2,1,1,3,3,0)
    31        1:1        1:1       1 (47,4,4,2,1,1,1,4,0)
    32        1:1        3:3   +   1 (27,4,4,2,1,0,1,4,0)
    33        1:1        3:3   +   0.998 (41,2,4,1,1,1,2,3,0)
    34        2:2        3:3   +   1 (47,4,4,6,1,0,1,4,0)
    35        2:2        3:3   +   1 (35,1,2,9,1,0,3,1,0)
    36        2:2        3:3   +   0.995 (24,4,4,1,1,1,2,4,0)
    37        2:2        3:3   +   0.556 (35,3,3,6,1,1,2,3,0)
    38        2:2        2:2       0.992 (44,4,4,7,1,1,2,4,0)
    39        2:2        3:3   +   0.348 (38,4,4,6,1,0,3,3,0)
    40        2:2        3:3   +   0.84 (33,4,4,3,1,1,3,3,0)
    41        2:2        3:3   +   0.991 (25,4,4,1,1,0,1,4,0)
    42        2:2        3:3   +   0.999 (28,3,4,2,0,1,3,3,0)
    43        2:2        2:2       0.996 (31,4,4,3,0,1,2,4,0)
    44        2:2        3:3   +   1 (41,4,4,4,1,0,1,4,0)
    45        2:2        2:2       0.576 (31,3,3,2,1,0,3,3,0)
    46        2:2        3:3   +   0.94 (31,4,4,1,1,1,1,4,0)
    47        2:2        3:3   +   0.983 (36,3,3,4,1,1,1,3,0)
    48        2:2        1:1   +   0.941 (48,4,4,4,0,1,1,4,0)
    49        2:2        1:1   +   0.88 (40,4,4,6,0,0,1,4,0)
    50        2:2        1:1   +   0.894 (35,4,4,3,1,1,1,4,0)
    51        2:2        2:2       1 (29,4,4,3,1,0,3,3,0)
    52        2:2        2:2       0.716 (37,4,4,3,1,1,1,4,0)
    53        2:2        2:2       0.721 (24,4,4,1,1,1,1,4,0)
    54        2:2        1:1   +   0.77 (42,4,4,3,1,0,1,4,0)
    55        2:2        1:1   +   0.938 (25,3,3,1,1,1,3,1,0)
    56        2:2        2:2       0.999 (45,4,4,3,0,1,2,4,0)
    57        2:2        2:2       0.659 (41,4,4,6,0,1,1,4,0)
    58        2:2        3:3   +   0.995 (36,4,4,3,0,1,2,4,0)
    59        2:2        3:3   +   0.954 (27,4,4,1,1,1,1,4,0)
    60        2:2        2:2       0.975 (45,4,4,7,1,1,1,4,0)
    61        2:2        1:1   +   1 (47,2,2,7,1,1,2,4,0)
    62        2:2        1:1   +   0.991 (23,3,3,2,1,0,3,4,0)
    63        2:2        2:2       0.955 (42,4,4,6,1,1,1,3,0)
    64        2:2        3:3   +   0.994 (46,4,4,2,1,0,1,4,0)
    65        2:2        3:3   +   0.643 (32,4,4,2,0,0,2,4,0)
    66        2:2        2:2       0.921 (21,4,4,1,1,1,1,3,0)
    67        3:3        2:2   +   0.809 (37,4,4,3,1,0,1,4,0)
    68        3:3        1:1   +   0.722 (32,2,2,6,1,1,2,3,0)
    69        3:3        3:3       1 (30,2,3,7,1,1,3,3,0)
    70        3:3        3:3       0.642 (42,4,4,5,0,1,2,4,0)
    71        3:3        3:3       1 (25,3,4,3,1,1,3,4,0)
    72        3:3        3:3       1 (30,3,4,3,0,1,3,3,0)
    73        3:3        1:1   +   0.518 (33,3,3,8,1,1,3,4,0)
    74        3:3        1:1   +   0.821 (29,1,2,5,1,0,1,2,0)
    75        3:3        1:1   +   0.983 (32,2,4,3,1,1,3,4,0)
    76        3:3        2:2   +   0.548 (33,4,4,3,0,0,2,4,0)
    77        3:3        1:1   +   0.994 (21,2,3,1,1,0,3,2,0)
    78        3:3        1:1   +   0.823 (38,2,3,3,1,1,2,4,0)
    79        3:3        2:2   +   0.509 (25,3,3,3,1,1,3,2,0)
    80        3:3        3:3       0.995 (36,4,4,3,0,1,2,4,0)
    81        3:3        3:3       0.999 (33,4,4,5,1,1,3,3,0)
    82        3:3        2:2   +   0.948 (32,4,4,4,1,0,1,4,0)
    83        3:3        2:2   +   0.942 (29,4,4,2,1,1,3,4,0)
    84        3:3        1:1   +   0.78 (37,4,4,1,0,1,1,4,0)
    85        3:3        3:3       0.99 (31,2,2,4,1,1,3,3,0)
    86        3:3        2:2   +   0.616 (43,4,4,5,1,1,1,4,0)
    87        3:3        1:1   +   1 (37,2,4,4,1,0,2,3,0)
    88        3:3        1:1   +   0.783 (17,3,4,1,1,1,2,1,0)
    89        3:3        3:3       0.948 (25,2,3,4,1,0,3,2,0)
    90        3:3        2:2   +   1 (36,4,4,6,0,1,1,2,1)
    91        3:3        2:2   +   0.985 (33,4,4,2,0,0,1,3,0)
    92        3:3        1:1   +   0.606 (32,2,4,5,1,1,3,4,0)
    93        3:3        3:3       1 (30,2,3,3,1,1,3,3,0)
    94        3:3        3:3       0.997 (32,4,4,3,1,0,1,4,0)
    95        3:3        3:3       0.889 (46,2,2,5,1,1,2,4,0)
    96        3:3        3:3       0.999 (28,3,4,5,1,1,2,4,0)
    97        3:3        3:3       0.999 (28,3,3,4,1,1,3,3,0)
    98        3:3        2:2   +   1 (42,4,4,3,0,1,2,4,0)
    99        3:3        3:3       0.987 (25,3,3,3,1,1,3,3,0)
   100        3:3        3:3       0.918 (22,4,4,1,1,1,2,4,0)
   101        3:3        3:3       0.985 (23,2,2,1,1,1,2,4,0)
   102        3:3        1:1   +   0.785 (39,3,3,8,1,0,1,4,0)
   103        3:3        3:3       0.469 (25,4,4,1,1,1,1,4,0)
   104        3:3        1:1   +   0.996 (39,3,4,2,1,1,1,3,0)
   105        3:3        1:1   +   0.545 (35,4,4,1,0,1,1,4,0)
   106        3:3        3:3       1 (32,1,3,4,1,1,3,3,0)
   107        3:3        3:3       0.968 (27,4,4,3,1,1,3,4,1)
   108        3:3        3:3       1 (30,4,3,4,1,1,3,3,0)
   109        3:3        2:2   +   0.637 (43,3,3,2,0,0,3,4,0)
   110        3:3        3:3       0.998 (28,4,4,5,1,1,2,4,0)
   111        3:3        3:3       1 (38,3,4,3,1,1,3,2,0)
   112        3:3        3:3       0.974 (37,4,4,3,1,1,2,4,0)
   113        3:3        2:2   +   0.721 (24,4,4,1,1,1,1,4,0)
   114        3:3        3:3       0.553 (19,3,3,3,1,1,2,3,0)
   115        3:3        1:1   +   0.577 (28,3,4,2,1,1,3,4,0)
   116        3:3        2:2   +   0.682 (30,4,4,2,0,0,3,3,0)
   117        3:3        3:3       0.999 (20,4,3,1,1,1,3,4,0)

