

=== Predictions under cross-validation ===

 inst#     actual  predicted error prediction (Sequence_Name,mcg,gvh,lip,chg,aac,alm1,alm2)
     1       2:im       2:im       0.294 (PTCC_ECOLI,0.5,0.57,0.48,0.5,0.71,0.61,0.66)
     2       2:im       2:im       0.294 (PTBA_ECOLI,0.51,0.4,0.48,0.5,0.57,0.62,0.67)
     3       2:im       2:im       0.294 (PNTA_ECOLI,0.33,0.37,0.48,0.5,0.46,0.65,0.69)
     4       2:im       2:im       0.294 (EXBB_ECOLI,0.47,0.55,0.48,0.5,0.58,0.71,0.75)
     5       2:im       2:im       0.294 (DHG_ECOLI,0.84,0.44,0.48,0.5,0.48,0.71,0.74)
     6       2:im       2:im       0.294 (KDGL_ECOLI,0.33,0.45,0.48,0.5,0.45,0.88,0.89)
     7       2:im       2:im       0.294 (NHAA_ECOLI,0.89,0.55,0.48,0.5,0.51,0.72,0.76)
     8       2:im       2:im       0.294 (LYSP_ECOLI,0.34,0.51,0.48,0.5,0.67,0.9,0.9)
     9       5:om       2:im   +   0.294 (OMPT_ECOLI,0.63,0.49,0.48,0.5,0.79,0.45,0.28)
    10       5:om       2:im   +   0.294 (TOLC_ECOLI,0.71,0.71,0.48,0.5,0.68,0.43,0.36)
    11       1:cp       2:im   +   0.294 (PNP_ECOLI,0.36,0.56,0.48,0.5,0.43,0.45,0.53)
    12       1:cp       2:im   +   0.294 (PHOB_ECOLI,0.41,0.43,0.48,0.5,0.45,0.31,0.41)
    13       1:cp       2:im   +   0.294 (SYR_ECOLI,0.4,0.46,0.48,0.5,0.42,0.35,0.44)
    14       1:cp       2:im   +   0.294 (XGPT_ECOLI,0.27,0.42,0.48,0.5,0.37,0.38,0.43)
    15       1:cp       2:im   +   0.294 (PTFA_ECOLI,0.34,0.46,0.48,0.5,0.52,0.35,0.44)
    16       1:cp       2:im   +   0.294 (RND_ECOLI,0.44,0.49,0.48,0.5,0.39,0.38,0.4)
    17       1:cp       2:im   +   0.294 (PTGA_ECOLI,0.4,0.42,0.48,0.5,0.37,0.27,0.27)
    18       1:cp       2:im   +   0.294 (SOXS_ECOLI,0.32,0.33,0.48,0.5,0.6,0.06,0.2)
    19      4:imU       2:im   +   0.294 (GLTS_ECOLI,0.58,0.6,0.48,0.5,0.59,0.73,0.76)
    20      4:imU       2:im   +   0.294 (TYRP_ECOLI,0.86,0.55,0.48,0.5,0.63,0.81,0.83)
    21      4:imU       2:im   +   0.294 (NUPG_ECOLI,0.64,0.45,0.48,0.5,0.67,0.61,0.66)
    22       3:pp       2:im   +   0.294 (POTD_ECOLI,0.63,0.8,0.48,0.5,0.46,0.31,0.29)
    23       3:pp       2:im   +   0.294 (YTFQ_ECOLI,0.74,0.74,0.48,0.5,0.31,0.53,0.52)
    24       3:pp       2:im   +   0.294 (UGPB_ECOLI,0.71,0.57,0.48,0.5,0.48,0.35,0.32)
    25       3:pp       2:im   +   0.294 (PPA_ECOLI,0.69,0.59,0.48,0.5,0.46,0.44,0.52)
    26       3:pp       2:im   +   0.294 (MALE_ECOLI,0.64,0.84,0.48,0.5,0.37,0.45,0.4)
    27       3:pp       2:im   +   0.294 (DGAL_ECOLI,0.63,1,0.48,0.5,0.35,0.51,0.49)
     1       2:im       2:im       0.293 (AROP_ECOLI,0.43,0.4,0.48,0.5,0.58,0.75,0.78)
     2       2:im       2:im       0.293 (PTOA_ECOLI,0.35,0.51,0.48,0.5,0.61,0.71,0.74)
     3       2:im       2:im       0.293 (PTTB_ECOLI,0.31,0.44,0.48,0.5,0.5,0.79,0.82)
     4       2:im       2:im       0.293 (DCTA_ECOLI,0.73,0.36,0.48,0.5,0.53,0.91,0.92)
     5       2:im       2:im       0.293 (FRDD_ECOLI,0.64,0.58,0.48,0.5,0.48,0.78,0.73)
     6       2:im       2:im       0.293 (ATP6_ECOLI,0.27,0.35,0.48,0.5,0.51,0.77,0.79)
     7       2:im       2:im       0.293 (LACY_ECOLI,0.71,0.4,0.48,0.5,0.71,0.7,0.74)
     8       2:im       2:im       0.293 (KGTP_ECOLI,0.45,0.4,0.48,0.5,0.61,0.74,0.77)
     9       5:om       2:im   +   0.293 (OMPC_ECOLI,0.73,0.84,0.48,0.5,0.86,0.58,0.29)
    10       5:om       2:im   +   0.293 (TSX_ECOLI,0.68,0.76,0.48,0.5,0.84,0.45,0.27)
    11       1:cp       2:im   +   0.293 (PTKB_ECOLI,0.64,0.76,0.48,0.5,0.45,0.35,0.38)
    12       1:cp       2:im   +   0.293 (RHAR_ECOLI,0.51,0.46,0.48,0.5,0.58,0.31,0.41)
    13       1:cp       2:im   +   0.293 (NFRC_ECOLI,0.44,0.51,0.48,0.5,0.47,0.26,0.36)
    14       1:cp       2:im   +   0.293 (PTWB_ECOLI,0.57,0.54,0.48,0.5,0.37,0.28,0.33)
    15       1:cp       2:im   +   0.293 (SYW_ECOLI,0.39,0.31,0.48,0.5,0.38,0.34,0.43)
    16       1:cp       2:im   +   0.293 (SYV_ECOLI,0,0.38,0.48,0.5,0.42,0.48,0.55)
    17       1:cp       2:im   +   0.293 (UVRC_ECOLI,0.44,0.35,0.48,0.5,0.44,0.52,0.59)
    18       1:cp       2:im   +   0.293 (MURF_ECOLI,0.35,0.48,0.48,0.5,0.56,0.4,0.48)
    19      4:imU       2:im   +   0.293 (DPPB_ECOLI,0.64,0.46,0.48,0.5,0.48,0.73,0.76)
    20      4:imU       2:im   +   0.293 (CYOE_ECOLI,0.67,0.37,0.48,0.5,0.54,0.64,0.68)
    21      4:imU       2:im   +   0.293 (PTKC_ECOLI,0.73,0.26,0.48,0.5,0.57,0.75,0.78)
    22       3:pp       2:im   +   0.293 (DPPA_ECOLI,0.57,0.59,0.48,0.5,0.39,0.47,0.33)
    23       3:pp       2:im   +   0.293 (FIMC_ECOLI,0.63,0.57,0.48,0.5,0.49,0.7,0.2)
    24       3:pp       2:im   +   0.293 (XYLF_ECOLI,0.59,0.61,0.48,0.5,0.42,0.42,0.37)
    25       3:pp       2:im   +   0.293 (FECR_ECOLI,0.32,0.39,0.48,0.5,0.53,0.28,0.38)
    26       3:pp       2:im   +   0.293 (MODA_ECOLI,0.63,0.65,0.48,0.5,0.39,0.44,0.35)
    27      6:omL      6:omL       0.444 (SLP_ECOLI,0.68,0.49,1,0.5,0.62,0.55,0.28)
     1       2:im       2:im       0.291 (MTR_ECOLI,0.74,0.7,0.48,0.5,0.66,0.65,0.69)
     2       2:im       2:im       0.291 (ATKB_ECOLI,0.46,0.61,0.48,0.5,0.48,0.86,0.87)
     3       2:im       2:im       0.291 (DSBB_ECOLI,0.5,0.66,0.48,0.5,0.31,0.92,0.92)
     4       2:im       2:im       0.291 (DPPC_ECOLI,0.48,0.41,0.48,0.5,0.51,0.9,0.88)
     5       2:im       2:im       0.291 (EMRB_ECOLI,0.71,0.52,0.48,0.5,0.64,1,0.99)
     6       2:im       2:im       0.291 (LGT_ECOLI,0.5,0.37,0.48,0.5,0.66,0.64,0.69)
     7       2:im       2:im       0.291 (EXBD_ECOLI,0.46,0.59,0.48,0.5,0.36,0.76,0.23)
     8       2:im       2:im       0.291 (NANT_ECOLI,0.2,0.46,0.48,0.5,0.57,0.78,0.81)
     9       5:om       2:im   +   0.291 (OMPX_ECOLI,0.77,0.57,0.48,0.5,0.88,0.53,0.2)
    10       5:om      6:omL   +   0.571 (FHUE_ECOLI,0.6,0.76,1,0.5,0.77,0.59,0.52)
    11       1:cp       2:im   +   0.291 (NHAR_ECOLI,0.37,0.5,0.48,0.5,0.42,0.36,0.45)
    12       1:cp       2:im   +   0.291 (RIMI_ECOLI,0.24,0.57,0.48,0.5,0.63,0.34,0.43)
    13       1:cp       2:im   +   0.291 (SYFA_ECOLI,0.41,0.51,0.48,0.5,0.58,0.2,0.31)
    14       1:cp       2:im   +   0.291 (USPA_ECOLI,0.4,0.41,0.48,0.5,0.55,0.22,0.33)
    15       1:cp       2:im   +   0.291 (THGA_ECOLI,0.27,0.3,0.48,0.5,0.71,0.28,0.39)
    16       1:cp       2:im   +   0.291 (PGK_ECOLI,0.34,0.28,0.48,0.5,0.41,0.35,0.44)
    17       1:cp       2:im   +   0.291 (UGPQ_ECOLI,0.26,0.4,0.48,0.5,0.36,0.26,0.37)
    18       1:cp       2:im   +   0.291 (PT1_ECOLI,0.52,0.44,0.48,0.5,0.37,0.36,0.42)
    19      4:imU       2:im   +   0.291 (KUP_ECOLI,0.62,0.42,0.48,0.5,0.58,0.79,0.81)
    20      4:imU       2:im   +   0.291 (PNTB_ECOLI,0.81,0.52,0.48,0.5,0.57,0.78,0.8)
    21      4:imU      6:omL   +   0.571 (RHAT_ECOLI,0.49,0.61,1,0.5,0.56,0.71,0.74)
    22       3:pp       2:im   +   0.291 (FECB_ECOLI,0.68,0.82,0.48,0.5,0.38,0.65,0.56)
    23       3:pp       2:im   +   0.291 (TBPA_ECOLI,0.56,0.54,0.48,0.5,0.43,0.37,0.3)
    24       3:pp       2:im   +   0.291 (CYSP_ECOLI,0.67,0.61,0.48,0.5,0.51,0.37,0.38)
    25       3:pp       2:im   +   0.291 (TOLB_ECOLI,0.69,0.65,0.48,0.5,0.63,0.48,0.41)
    26       3:pp       2:im   +   0.291 (MEPA_ECOLI,0.75,0.84,0.48,0.5,0.35,0.52,0.33)
    27      6:omL      6:omL       0.571 (MULI_ECOLI,0.77,0.57,1,0.5,0.37,0.54,0.01)
     1       2:im       2:im       0.293 (RODA_ECOLI,0.61,0.66,0.48,0.5,0.46,0.87,0.88)
     2       2:im       2:im       0.293 (EMRA_ECOLI,0.06,0.61,0.48,0.5,0.49,0.92,0.37)
     3       2:im       2:im       0.293 (MOTB_ECOLI,0.3,0.51,0.48,0.5,0.42,0.61,0.34)
     4       2:im       2:im       0.293 (PTHB_ECOLI,0.36,0.47,0.48,0.5,0.51,0.69,0.72)
     5       2:im       2:im       0.293 (MSBB_ECOLI,0.16,0.51,0.48,0.5,0.33,0.39,0.48)
     6       2:im       2:im       0.293 (BETT_ECOLI,0.52,0.39,0.48,0.5,0.65,0.71,0.73)
     7       2:im       2:im       0.293 (GLTP_ECOLI,0.74,0.44,0.48,0.5,0.55,0.88,0.89)
     8       2:im       2:im       0.293 (FRDC_ECOLI,0.33,0.56,0.48,0.5,0.33,0.78,0.8)
     9       5:om       2:im   +   0.293 (FADL_ECOLI,0.78,0.68,0.48,0.5,0.83,0.4,0.29)
    10       5:om       2:im   +   0.293 (OMPA_ECOLI,0.74,0.9,0.48,0.5,0.57,0.53,0.29)
    11       1:cp       2:im   +   0.293 (OMPR_ECOLI,0.24,0.43,0.48,0.5,0.37,0.28,0.38)
    12       1:cp       2:im   +   0.293 (PTKA_ECOLI,0.31,0.47,0.48,0.5,0.29,0.28,0.39)
    13       1:cp       2:im   +   0.293 (SYFB_ECOLI,0.34,0.42,0.48,0.5,0.41,0.34,0.43)
    14       1:cp       2:im   +   0.293 (THIK_ECOLI,0.17,0.52,0.48,0.5,0.49,0.37,0.46)
    15       1:cp       2:im   +   0.293 (SYL_ECOLI,0.04,0.31,0.48,0.5,0.41,0.29,0.39)
    16       1:cp       2:im   +   0.293 (PEPE_ECOLI,0.41,0.48,0.48,0.5,0.51,0.44,0.51)
    17       1:cp       2:im   +   0.293 (SYD_ECOLI,0.38,0.3,0.48,0.5,0.43,0.29,0.39)
    18       1:cp       2:im   +   0.293 (PROB_ECOLI,0.4,0.46,0.48,0.5,0.52,0.49,0.56)
    19      4:imU       2:im   +   0.293 (CADB_ECOLI,0.83,0.48,0.48,0.5,0.65,0.76,0.79)
    20      4:imU       2:im   +   0.293 (TEHA_ECOLI,0.63,0.51,0.48,0.5,0.64,0.72,0.76)
    21      4:imU       2:im   +   0.293 (CYDB_ECOLI,0.75,0.37,0.48,0.5,0.64,0.7,0.74)
    22       3:pp       2:im   +   0.293 (SPEA_ECOLI,0.29,0.39,0.48,0.5,0.52,0.4,0.48)
    23       3:pp       2:im   +   0.293 (GGT_ECOLI,0.74,0.82,0.48,0.5,0.49,0.49,0.41)
    24       3:pp       2:im   +   0.293 (GLPQ_ECOLI,0.63,0.83,0.48,0.5,0.4,0.39,0.19)
    25       3:pp       2:im   +   0.293 (PPB_ECOLI,0.68,0.67,0.48,0.5,0.49,0.4,0.34)
    26       3:pp       2:im   +   0.293 (DSBA_ECOLI,0.71,0.71,0.48,0.5,0.4,0.54,0.39)
    27      6:omL      6:omL       0.444 (NLPB_ECOLI,0.66,0.49,1,0.5,0.54,0.56,0.36)
     1       2:im       2:im       0.296 (PTFB_ECOLI,0.37,0.47,0.48,0.5,0.39,0.76,0.79)
     2       2:im       2:im       0.296 (LNT_ECOLI,0.6,0.61,0.48,0.5,0.54,0.67,0.71)
     3       2:im       2:im       0.296 (GABP_ECOLI,0.47,0.59,0.48,0.5,0.52,0.76,0.79)
     4       2:im      6:omL   +   0.5 (MCP3_ECOLI,0.6,0.5,1,0.5,0.54,0.77,0.8)
     5       2:im       2:im       0.296 (DHSD_ECOLI,0.54,0.49,0.48,0.5,0.4,0.87,0.88)
     6       2:im       2:im       0.296 (SECE_ECOLI,0.48,0.49,0.48,0.5,0.52,0.77,0.71)
     7       2:im       2:im       0.296 (PTDA_ECOLI,0.6,0.46,0.48,0.5,0.45,0.81,0.83)
     8       2:im       2:im       0.296 (ENVZ_ECOLI,0.72,0.46,0.48,0.5,0.51,0.66,0.7)
     9       5:om       2:im   +   0.296 (FECA_ECOLI,0.52,0.81,0.48,0.5,0.72,0.38,0.38)
    10       5:om       2:im   +   0.296 (PA1_ECOLI,0.68,0.63,0.48,0.5,0.73,0.4,0.3)
    11       1:cp       2:im   +   0.296 (RNC_ECOLI,0.26,0.5,0.48,0.5,0.44,0.32,0.41)
    12       1:cp       2:im   +   0.296 (PTCA_ECOLI,0.5,0.51,0.48,0.5,0.27,0.23,0.34)
    13       1:cp       2:im   +   0.296 (SYE_ECOLI,0.38,0.44,0.48,0.5,0.43,0.2,0.31)
    14       1:cp       2:im   +   0.296 (OTC2_ECOLI,0.48,0.42,0.48,0.5,0.45,0.25,0.35)
    15       1:cp       2:im   +   0.296 (UBIC_ECOLI,0.3,0.37,0.48,0.5,0.43,0.18,0.3)
    16       1:cp       2:im   +   0.296 (SYK1_ECOLI,0.24,0.41,0.48,0.5,0.49,0.23,0.34)
    17       1:cp       2:im   +   0.296 (UVRB_ECOLI,0.22,0.34,0.48,0.5,0.42,0.29,0.39)
    18      4:imU       2:im   +   0.296 (CRED_ECOLI,0.78,0.33,0.48,0.5,0.57,0.77,0.79)
    19      4:imU       2:im   +   0.296 (KEFC_ECOLI,0.63,0.42,0.48,0.5,0.48,0.77,0.8)
    20      4:imU       2:im   +   0.296 (CAIT_ECOLI,0.69,0.43,0.48,0.5,0.59,0.74,0.77)
    21      4:imU       2:im   +   0.296 (LEP_ECOLI,0.78,0.44,0.48,0.5,0.45,0.73,0.68)
    22       3:pp       2:im   +   0.296 (ECOT_ECOLI,0.67,0.81,0.48,0.5,0.25,0.42,0.25)
    23       3:pp       2:im   +   0.296 (TESA_ECOLI,0.69,0.66,0.48,0.5,0.41,0.5,0.25)
    24       3:pp       2:im   +   0.296 (AGP_ECOLI,0.74,0.49,0.48,0.5,0.42,0.54,0.36)
    25       3:pp       2:im   +   0.296 (RBSB_ECOLI,0.64,0.81,0.48,0.5,0.37,0.39,0.44)
    26       3:pp       2:im   +   0.296 (TORA_ECOLI,0.43,0.59,0.48,0.5,0.52,0.49,0.56)
    27      6:omL      6:omL       0.5 (NLPE_ECOLI,0.71,0.46,1,0.5,0.52,0.59,0.3)
     1       2:im       1:cp   +   0.293 (YCEE_ECOLI,0.52,0.54,0.48,0.5,0.62,0.76,0.79)
     2       2:im       1:cp   +   0.293 (PSTA_ECOLI,0.34,0.67,0.48,0.5,0.52,0.76,0.79)
     3       2:im       1:cp   +   0.293 (POTE_ECOLI,0.63,0.65,0.48,0.5,0.66,0.67,0.71)
     4       2:im       1:cp   +   0.293 (AMPE_ECOLI,0.63,0.47,0.48,0.5,0.51,0.82,0.84)
     5       2:im       1:cp   +   0.293 (MALG_ECOLI,0.7,0.4,0.48,0.5,0.56,0.86,0.83)
     6       2:im       1:cp   +   0.293 (FTSL_ECOLI,0.36,0.45,0.48,0.5,0.38,0.79,0.17)
     7       2:im       1:cp   +   0.293 (GLPT_ECOLI,0.31,0.5,0.48,0.5,0.57,0.84,0.85)
     8       2:im       1:cp   +   0.293 (ARAE_ECOLI,0.23,0.48,0.48,0.5,0.59,0.88,0.89)
     9       5:om       1:cp   +   0.293 (OMPP_ECOLI,0.69,0.59,0.48,0.5,0.77,0.39,0.21)
    10       5:om       1:cp   +   0.293 (OMPF_ECOLI,0.75,0.76,0.48,0.5,0.83,0.57,0.3)
    11       1:cp       1:cp       0.293 (PFLB_ECOLI,0.29,0.41,0.48,0.5,0.48,0.38,0.46)
    12       1:cp       1:cp       0.293 (SYQ_ECOLI,0.28,0.33,0.48,0.5,0.45,0.22,0.33)
    13       1:cp       1:cp       0.293 (RNE_ECOLI,0.43,0.32,0.48,0.5,0.33,0.45,0.52)
    14       1:cp       1:cp       0.293 (RHAS_ECOLI,0.38,0.4,0.48,0.5,0.63,0.25,0.35)
    15       1:cp       1:cp       0.293 (NADA_ECOLI,0.26,0.26,0.48,0.5,0.34,0.25,0.35)
    16       1:cp       1:cp       0.293 (METX_ECOLI,0.25,0.37,0.48,0.5,0.43,0.26,0.36)
    17       1:cp       1:cp       0.293 (SERC_ECOLI,0.49,0.43,0.48,0.5,0.49,0.3,0.4)
    18      4:imU       1:cp   +   0.293 (NUPC_ECOLI,0.7,0.53,0.48,0.5,0.7,0.86,0.87)
    19      4:imU       1:cp   +   0.293 (MELB_ECOLI,0.47,0.46,0.48,0.5,0.62,0.74,0.77)
    20      4:imU       1:cp   +   0.293 (BCR_ECOLI,0.79,0.41,0.48,0.5,0.66,0.81,0.83)
    21      4:imU       1:cp   +   0.293 (DSBD_ECOLI,0.76,0.71,0.48,0.5,0.5,0.71,0.75)
    22       3:pp       1:cp   +   0.293 (GLNH_ECOLI,0.63,0.86,0.48,0.5,0.39,0.47,0.34)
    23       3:pp       1:cp   +   0.293 (DSBC_ECOLI,0.66,0.74,0.48,0.5,0.31,0.38,0.43)
    24       3:pp       1:cp   +   0.293 (AMY1_ECOLI,0.7,0.61,0.48,0.5,0.56,0.52,0.43)
    25       3:pp       1:cp   +   0.293 (LIVJ_ECOLI,0.71,0.86,0.48,0.5,0.4,0.54,0.32)
    26       3:pp       1:cp   +   0.293 (USHA_ECOLI,0.61,0.6,0.48,0.5,0.44,0.39,0.38)
    27      6:omL      6:omL       0.444 (PAL_ECOLI,0.67,0.55,1,0.5,0.66,0.58,0.16)
     1       2:im       1:cp   +   0.293 (TOLQ_ECOLI,0.63,0.75,0.48,0.5,0.64,0.73,0.66)
     2       2:im       1:cp   +   0.293 (FTSW_ECOLI,0.54,0.57,0.48,0.5,0.56,0.81,0.83)
     3       2:im       1:cp   +   0.293 (FTSN_ECOLI,0,0.51,0.48,0.5,0.35,0.67,0.44)
     4       2:im       1:cp   +   0.293 (NHAB_ECOLI,0.7,0.46,0.48,0.5,0.56,0.78,0.73)
     5       2:im       1:cp   +   0.293 (PTGB_ECOLI,0.58,0.55,0.48,0.5,0.57,0.7,0.74)
     6       2:im       1:cp   +   0.293 (SECY_ECOLI,0.31,0.36,0.48,0.5,0.58,0.94,0.94)
     7       2:im       1:cp   +   0.293 (PHOR_ECOLI,0.61,0.52,0.48,0.5,0.54,0.67,0.52)
     8       2:im       1:cp   +   0.293 (CYOC_ECOLI,0.12,0.67,0.48,0.5,0.74,0.58,0.63)
     9       5:om       1:cp   +   0.293 (NFRA_ECOLI,0.61,0.75,0.48,0.5,0.51,0.33,0.33)
    10       5:om       1:cp   +   0.293 (CIRA_ECOLI,0.65,0.51,0.48,0.5,0.66,0.54,0.33)
    11       1:cp       1:cp       0.293 (TYRB_ECOLI,0.36,0.42,0.48,0.5,0.53,0.32,0.41)
    12       1:cp       1:cp       0.293 (SYK2_ECOLI,0.17,0.39,0.48,0.5,0.53,0.3,0.39)
    13       1:cp       1:cp       0.293 (SYY_ECOLI,0.3,0.44,0.48,0.5,0.49,0.22,0.33)
    14       1:cp       1:cp       0.293 (NIRD_ECOLI,0.44,0.42,0.48,0.5,0.42,0.25,0.2)
    15       1:cp       1:cp       0.293 (PTHP_ECOLI,0.3,0.45,0.48,0.5,0.36,0.21,0.32)
    16       1:cp       1:cp       0.293 (PMBA_ECOLI,0.34,0.55,0.48,0.5,0.58,0.31,0.41)
    17       1:cp       1:cp       0.293 (SLYD_ECOLI,0.47,0.28,0.48,0.5,0.56,0.2,0.25)
    18      4:imU       1:cp   +   0.293 (MCP2_ECOLI,0.81,0.53,0.48,0.5,0.57,0.87,0.88)
    19      4:imU       1:cp   +   0.293 (SECD_ECOLI,0.88,0.42,0.48,0.5,0.52,0.73,0.75)
    20      4:imU       1:cp   +   0.293 (TONB_ECOLI,0.57,0.38,0.48,0.5,0.06,0.49,0.33)
    21      4:imU       1:cp   +   0.293 (MOTA_ECOLI,0.76,0.41,0.48,0.5,0.5,0.59,0.62)
    22       3:pp       1:cp   +   0.293 (PSTS_ECOLI,0.62,0.78,0.48,0.5,0.47,0.49,0.54)
    23       3:pp       1:cp   +   0.293 (FEPB_ECOLI,0.7,0.64,0.48,0.5,0.47,0.51,0.47)
    24       3:pp       1:cp   +   0.293 (BGLX_ECOLI,0.65,0.57,0.48,0.5,0.47,0.47,0.51)
    25       3:pp       1:cp   +   0.293 (CN16_ECOLI,0.67,0.7,0.48,0.5,0.46,0.45,0.33)
    26       3:pp       1:cp   +   0.293 (SUBI_ECOLI,0.62,0.83,0.48,0.5,0.46,0.36,0.4)
    27      7:imL      6:omL   +   0.556 (CYOA_ECOLI,0.7,0.39,1,0.5,0.51,0.82,0.84)
     1       2:im       2:im       0.297 (TNAB_ECOLI,0.68,0.51,0.48,0.5,0.71,0.75,0.78)
     2       2:im       2:im       0.297 (CODB_ECOLI,0.29,0.47,0.48,0.5,0.71,0.65,0.69)
     3       2:im       2:im       0.297 (LLDP_ECOLI,0.66,0.53,0.48,0.5,0.59,0.66,0.66)
     4       2:im       2:im       0.297 (FTSQ_ECOLI,0.1,0.49,0.48,0.5,0.41,0.67,0.21)
     5       2:im       2:im       0.297 (PSTC_ECOLI,0.58,0.34,0.48,0.5,0.56,0.87,0.81)
     6       2:im       2:im       0.297 (PHEP_ECOLI,0.12,0.43,0.48,0.5,0.63,0.7,0.74)
     7       2:im       2:im       0.297 (CYOD_ECOLI,0.4,0.5,0.48,0.5,0.65,0.82,0.84)
     8       5:om       2:im   +   0.297 (NMPC_ECOLI,0.67,0.84,0.48,0.5,0.74,0.54,0.37)
     9       5:om       2:im   +   0.297 (FEPA_ECOLI,0.64,0.57,0.48,0.5,0.7,0.33,0.26)
    10      8:imS       2:im   +   0.297 (NFRB_ECOLI,0.63,0.49,0.48,0.5,0.54,0.76,0.79)
    11       1:cp       2:im   +   0.297 (SYP_ECOLI,0.34,0.51,0.48,0.5,0.44,0.37,0.46)
    12       1:cp       2:im   +   0.297 (XYLA_ECOLI,0.16,0.43,0.48,0.5,0.54,0.27,0.37)
    13       1:cp       2:im   +   0.297 (RNB_ECOLI,0.24,0.34,0.48,0.5,0.38,0.3,0.4)
    14       1:cp       2:im   +   0.297 (SYA_ECOLI,0.34,0.35,0.48,0.5,0.51,0.49,0.56)
    15       1:cp       2:im   +   0.297 (PFLA_ECOLI,0.44,0.28,0.48,0.5,0.43,0.27,0.37)
    16       1:cp       2:im   +   0.297 (SYH_ECOLI,0.29,0.28,0.48,0.5,0.5,0.42,0.5)
    17       1:cp       2:im   +   0.297 (SYM_ECOLI,0.61,0.36,0.48,0.5,0.49,0.35,0.44)
    18      4:imU       2:im   +   0.297 (SECG_ECOLI,0.84,0.54,0.48,0.5,0.75,0.92,0.7)
    19      4:imU       2:im   +   0.297 (ATKA_ECOLI,0.72,0.42,0.48,0.5,0.65,0.77,0.79)
    20      4:imU       2:im   +   0.297 (CYOB_ECOLI,0.59,0.29,0.48,0.5,0.64,0.75,0.77)
    21      4:imU       2:im   +   0.297 (MCP4_ECOLI,0.87,0.49,0.48,0.5,0.61,0.76,0.79)
    22       3:pp       2:im   +   0.297 (OSMY_ECOLI,0.64,0.66,0.48,0.5,0.41,0.39,0.2)
    23       3:pp       2:im   +   0.297 (MALM_ECOLI,0.74,0.47,0.48,0.5,0.5,0.57,0.42)
    24       3:pp       2:im   +   0.297 (NRFA_ECOLI,0.69,0.67,0.48,0.5,0.3,0.39,0.24)
    25       3:pp       2:im   +   0.297 (PTR_ECOLI,0.76,0.73,0.48,0.5,0.44,0.39,0.39)
    26       3:pp       2:im   +   0.297 (CYPH_ECOLI,0.67,0.81,0.48,0.5,0.54,0.49,0.23)
    27      7:imL      6:omL   +   0.556 (NLPA_ECOLI,0.75,0.55,1,1,0.4,0.47,0.3)
     1       2:im       2:im       0.297 (TOLA_ECOLI,0.61,0.47,0.48,0.5,0,0.8,0.32)
     2       2:im       2:im       0.297 (XYLE_ECOLI,0.69,0.39,0.48,0.5,0.57,0.76,0.79)
     3       2:im       2:im       0.297 (DHSC_ECOLI,0.48,0.45,0.48,0.5,0.6,0.78,0.8)
     4       2:im       2:im       0.297 (PTMA_ECOLI,0.39,0.41,0.48,0.5,0.52,0.72,0.75)
     5       2:im       2:im       0.297 (LSPA_ECOLI,0.83,0.37,0.48,0.5,0.61,0.71,0.74)
     6       2:im       2:im       0.297 (GLNP_ECOLI,0.49,0.42,0.48,0.5,0.53,0.79,0.81)
     7       2:im       2:im       0.297 (AAS_ECOLI,0.44,0.52,0.48,0.5,0.43,0.47,0.54)
     8       5:om       2:im   +   0.297 (LAMB_ECOLI,0.67,0.88,0.48,0.5,0.73,0.5,0.25)
     9       5:om       2:im   +   0.297 (PHOE_ECOLI,0.74,0.78,0.48,0.5,0.75,0.54,0.15)
    10      8:imS       2:im   +   0.297 (ATKC_ECOLI,0.85,0.53,0.48,0.5,0.53,0.52,0.35)
    11       1:cp       2:im   +   0.297 (PTWX_ECOLI,0.65,0.55,0.48,0.5,0.34,0.37,0.28)
    12       1:cp       2:im   +   0.297 (PTCB_ECOLI,0.53,0.42,0.48,0.5,0.16,0.29,0.39)
    13       1:cp       2:im   +   0.297 (SYGB_ECOLI,0.25,0.51,0.48,0.5,0.37,0.42,0.5)
    14       1:cp       2:im   +   0.297 (PTHA_ECOLI,0.41,0.43,0.48,0.5,0.5,0.24,0.25)
    15       1:cp       2:im   +   0.297 (PHOH_ECOLI,0.29,0.47,0.48,0.5,0.41,0.23,0.34)
    16       1:cp       2:im   +   0.297 (RIML_ECOLI,0.33,0.47,0.48,0.5,0.53,0.18,0.29)
    17       1:cp       2:im   +   0.297 (RIMJ_ECOLI,0.38,0.26,0.48,0.5,0.54,0.16,0.28)
    18      4:imU       2:im   +   0.297 (DMSC_ECOLI,0.66,0.48,0.48,0.5,0.54,0.7,0.74)
    19      4:imU       2:im   +   0.297 (UHPB_ECOLI,0.79,0.54,0.48,0.5,0.5,0.66,0.68)
    20      4:imU       2:im   +   0.297 (FEPD_ECOLI,0.84,0.49,0.48,0.5,0.55,0.78,0.74)
    21      4:imU       2:im   +   0.297 (FEPG_ECOLI,0.77,0.55,0.48,0.5,0.51,0.78,0.74)
    22       3:pp       2:im   +   0.297 (POTF_ECOLI,0.66,0.71,0.48,0.5,0.41,0.5,0.35)
    23       3:pp       2:im   +   0.297 (HTRA_ECOLI,0.63,0.71,0.48,0.5,0.6,0.4,0.39)
    24       3:pp       2:im   +   0.297 (PROX_ECOLI,0.64,0.78,0.48,0.5,0.5,0.36,0.38)
    25       3:pp       2:im   +   0.297 (NRFF_ECOLI,0.7,0.71,0.48,0.5,0.42,0.84,0.85)
    26       3:pp       2:im   +   0.297 (LIVK_ECOLI,0.68,0.78,0.48,0.5,0.43,0.44,0.42)
     1       2:im       2:im       0.297 (PTAA_ECOLI,0.59,0.56,0.48,0.5,0.55,0.8,0.82)
     2       2:im       2:im       0.297 (PROP_ECOLI,0.41,0.51,0.48,0.5,0.53,0.75,0.78)
     3       2:im       2:im       0.297 (ARAH_ECOLI,0.34,0.49,0.48,0.5,0.58,0.85,0.8)
     4       2:im       2:im       0.297 (MALF_ECOLI,0.63,0.54,0.48,0.5,0.65,0.79,0.81)
     5       2:im       2:im       0.297 (GALP_ECOLI,0.63,0.5,0.48,0.5,0.59,0.85,0.86)
     6       2:im       2:im       0.297 (CYDA_ECOLI,0.55,0.47,0.48,0.5,0.57,0.78,0.8)
     7       2:im       2:im       0.297 (SECF_ECOLI,0.11,0.5,0.48,0.5,0.58,0.72,0.68)
     8       5:om       2:im   +   0.297 (FHUA_ECOLI,0.63,0.69,0.48,0.5,0.65,0.41,0.28)
     9       5:om       2:im   +   0.297 (BTUB_ECOLI,0.56,0.68,0.48,0.5,0.77,0.36,0.45)
    10       1:cp       2:im   +   0.297 (SYS_ECOLI,0.23,0.34,0.48,0.5,0.43,0.26,0.37)
    11       1:cp       2:im   +   0.297 (SYI_ECOLI,0.25,0.26,0.48,0.5,0.39,0.32,0.42)
    12       1:cp       2:im   +   0.297 (OTC1_ECOLI,0.42,0.3,0.48,0.5,0.48,0.26,0.36)
    13       1:cp       2:im   +   0.297 (SYGA_ECOLI,0.51,0.49,0.48,0.5,0.53,0.14,0.26)
    14       1:cp       2:im   +   0.297 (SYC_ECOLI,0.35,0.34,0.48,0.5,0.46,0.3,0.27)
    15       1:cp       2:im   +   0.297 (PT1A_ECOLI,0.5,0.49,0.48,0.5,0.49,0.46,0.53)
    16       1:cp       2:im   +   0.297 (SYT_ECOLI,0.37,0.44,0.48,0.5,0.42,0.39,0.47)
    17       1:cp       2:im   +   0.297 (PTNA_ECOLI,0.35,0.37,0.48,0.5,0.3,0.34,0.43)
    18      4:imU       2:im   +   0.297 (MCP1_ECOLI,0.86,0.39,0.48,0.5,0.59,0.89,0.9)
    19      4:imU       2:im   +   0.297 (CPXA_ECOLI,0.79,0.36,0.48,0.5,0.46,0.82,0.7)
    20      4:imU       2:im   +   0.297 (FTSH_ECOLI,0.81,0.44,0.48,0.5,0.42,0.67,0.68)
    21       3:pp       2:im   +   0.297 (ARAF_ECOLI,0.66,0.86,0.48,0.5,0.34,0.41,0.36)
    22       3:pp       2:im   +   0.297 (ASG2_ECOLI,0.73,0.78,0.48,0.5,0.58,0.51,0.31)
    23       3:pp       2:im   +   0.297 (C562_ECOLI,0.72,0.86,0.48,0.5,0.17,0.55,0.21)
    24       3:pp       2:im   +   0.297 (OPPA_ECOLI,0.69,0.8,0.48,0.5,0.46,0.57,0.26)
    25       3:pp       2:im   +   0.297 (TREA_ECOLI,0.74,0.56,0.48,0.5,0.47,0.68,0.3)
    26       3:pp       2:im   +   0.297 (ECPD_ECOLI,0.64,0.72,0.48,0.5,0.49,0.42,0.19)

