
Naive Bayes Classifier

                 Class
Attribute           cp     im     pp    imU     om    omL    imL    imS
                (0.28) (0.28) (0.19) (0.13) (0.08) (0.02) (0.01) (0.01)
========================================================================
Sequence_Name
  AAT_ECOLI         1.0    1.0    1.0    1.0    1.0    1.0    1.0    1.0
  ACEA_ECOLI        1.0    1.0    1.0    1.0    1.0    1.0    1.0    1.0
  ACEK_ECOLI        1.0    1.0    1.0    1.0    1.0    1.0    1.0    1.0
  ACKA_ECOLI        1.0    1.0    1.0    1.0    1.0    1.0    1.0    1.0
  ADI_ECOLI         1.0    1.0    1.0    1.0    1.0    1.0    1.0    1.0
  ALKH_ECOLI        1.0    1.0    1.0    1.0    1.0    1.0    1.0    1.0
  AMPD_ECOLI        1.0    1.0    1.0    1.0    1.0    1.0    1.0    1.0
  AMY2_ECOLI        1.0    1.0    1.0    1.0    1.0    1.0    1.0    1.0
  APT_ECOLI         1.0    1.0    1.0    1.0    1.0    1.0    1.0    1.0
  ARAC_ECOLI        1.0    1.0    1.0    1.0    1.0    1.0    1.0    1.0
  ASG1_ECOLI        1.0    1.0    1.0    1.0    1.0    1.0    1.0    1.0
  BTUR_ECOLI        1.0    1.0    1.0    1.0    1.0    1.0    1.0    1.0
  CAFA_ECOLI        1.0    1.0    1.0    1.0    1.0    1.0    1.0    1.0
  CAIB_ECOLI        1.0    1.0    1.0    1.0    1.0    1.0    1.0    1.0
  CFA_ECOLI         1.0    1.0    1.0    1.0    1.0    1.0    1.0    1.0
  CHEA_ECOLI        1.0    1.0    1.0    1.0    1.0    1.0    1.0    1.0
  CHEB_ECOLI        1.0    1.0    1.0    1.0    1.0    1.0    1.0    1.0
  CHEW_ECOLI        1.0    1.0    1.0    1.0    1.0    1.0    1.0    1.0
  CHEY_ECOLI        1.0    1.0    1.0    1.0    1.0    1.0    1.0    1.0
  CHEZ_ECOLI        1.0    1.0    1.0    1.0    1.0    1.0    1.0    1.0
  CRL_ECOLI         1.0    1.0    1.0    1.0    1.0    1.0    1.0    1.0
  CSPA_ECOLI        1.0    1.0    1.0    1.0    1.0    1.0    1.0    1.0
  CYNR_ECOLI        1.0    1.0    1.0    1.0    1.0    1.0    1.0    1.0
  CYPB_ECOLI        1.0    1.0    1.0    1.0    1.0    1.0    1.0    1.0
  CYPC_ECOLI        1.0    1.0    1.0    1.0    1.0    1.0    1.0    1.0
  CYSB_ECOLI        1.0    1.0    1.0    1.0    1.0    1.0    1.0    1.0
  CYSE_ECOLI        1.0    1.0    1.0    1.0    1.0    1.0    1.0    1.0
  DAPD_ECOLI        1.0    1.0    1.0    1.0    1.0    1.0    1.0    1.0
  DCP_ECOLI         1.0    1.0    1.0    1.0    1.0    1.0    1.0    1.0
  DDLA_ECOLI        1.0    1.0    1.0    1.0    1.0    1.0    1.0    1.0
  DDLB_ECOLI        1.0    1.0    1.0    1.0    1.0    1.0    1.0    1.0
  DEOC_ECOLI        1.0    1.0    1.0    1.0    1.0    1.0    1.0    1.0
  DLDH_ECOLI        1.0    1.0    1.0    1.0    1.0    1.0    1.0    1.0
  EFG_ECOLI         1.0    1.0    1.0    1.0    1.0    1.0    1.0    1.0
  EFTS_ECOLI        1.0    1.0    1.0    1.0    1.0    1.0    1.0    1.0
  EFTU_ECOLI        1.0    1.0    1.0    1.0    1.0    1.0    1.0    1.0
  ENO_ECOLI         1.0    1.0    1.0    1.0    1.0    1.0    1.0    1.0
  FABB_ECOLI        1.0    1.0    1.0    1.0    1.0    1.0    1.0    1.0
  FES_ECOLI         1.0    1.0    1.0    1.0    1.0    1.0    1.0    1.0
  G3P1_ECOLI        1.0    1.0    1.0    1.0    1.0    1.0    1.0    1.0
  G3P2_ECOLI        1.0    1.0    1.0    1.0    1.0    1.0    1.0    1.0
  G6PI_ECOLI        1.0    1.0    1.0    1.0    1.0    1.0    1.0    1.0
  GCVA_ECOLI        1.0    1.0    1.0    1.0    1.0    1.0    1.0    1.0
  GLNA_ECOLI        1.0    1.0    1.0    1.0    1.0    1.0    1.0    1.0
  GLPD_ECOLI        1.0    1.0    1.0    1.0    1.0    1.0    1.0    1.0
  GLYA_ECOLI        1.0    1.0    1.0    1.0    1.0    1.0    1.0    1.0
  GSHR_ECOLI        1.0    1.0    1.0    1.0    1.0    1.0    1.0    1.0
  GT_ECOLI          1.0    1.0    1.0    1.0    1.0    1.0    1.0    1.0
  HEM6_ECOLI        1.0    1.0    1.0    1.0    1.0    1.0    1.0    1.0
  HEMN_ECOLI        1.0    1.0    1.0    1.0    1.0    1.0    1.0    1.0
  HPRT_ECOLI        1.0    1.0    1.0    1.0    1.0    1.0    1.0    1.0
  IF1_ECOLI         1.0    1.0    1.0    1.0    1.0    1.0    1.0    1.0
  IF2_ECOLI         1.0    1.0    1.0    1.0    1.0    1.0    1.0    1.0
  ILVY_ECOLI        1.0    1.0    1.0    1.0    1.0    1.0    1.0    1.0
  IPYR_ECOLI        1.0    1.0    1.0    1.0    1.0    1.0    1.0    1.0
  KAD_ECOLI         1.0    1.0    1.0    1.0    1.0    1.0    1.0    1.0
  KDSA_ECOLI        1.0    1.0    1.0    1.0    1.0    1.0    1.0    1.0
  LEU3_ECOLI        1.0    1.0    1.0    1.0    1.0    1.0    1.0    1.0
  LON_ECOLI         1.0    1.0    1.0    1.0    1.0    1.0    1.0    1.0
  LPLA_ECOLI        1.0    1.0    1.0    1.0    1.0    1.0    1.0    1.0
  LYSR_ECOLI        1.0    1.0    1.0    1.0    1.0    1.0    1.0    1.0
  MALQ_ECOLI        1.0    1.0    1.0    1.0    1.0    1.0    1.0    1.0
  MALZ_ECOLI        1.0    1.0    1.0    1.0    1.0    1.0    1.0    1.0
  MASY_ECOLI        1.0    1.0    1.0    1.0    1.0    1.0    1.0    1.0
  METB_ECOLI        1.0    1.0    1.0    1.0    1.0    1.0    1.0    1.0
  METC_ECOLI        1.0    1.0    1.0    1.0    1.0    1.0    1.0    1.0
  METK_ECOLI        1.0    1.0    1.0    1.0    1.0    1.0    1.0    1.0
  METR_ECOLI        1.0    1.0    1.0    1.0    1.0    1.0    1.0    1.0
  METX_ECOLI        2.0    1.0    1.0    1.0    1.0    1.0    1.0    1.0
  MURF_ECOLI        2.0    1.0    1.0    1.0    1.0    1.0    1.0    1.0
  NADA_ECOLI        2.0    1.0    1.0    1.0    1.0    1.0    1.0    1.0
  NFRC_ECOLI        2.0    1.0    1.0    1.0    1.0    1.0    1.0    1.0
  NHAR_ECOLI        2.0    1.0    1.0    1.0    1.0    1.0    1.0    1.0
  NIRD_ECOLI        2.0    1.0    1.0    1.0    1.0    1.0    1.0    1.0
  OMPR_ECOLI        2.0    1.0    1.0    1.0    1.0    1.0    1.0    1.0
  OTC1_ECOLI        2.0    1.0    1.0    1.0    1.0    1.0    1.0    1.0
  OTC2_ECOLI        2.0    1.0    1.0    1.0    1.0    1.0    1.0    1.0
  PEPE_ECOLI        2.0    1.0    1.0    1.0    1.0    1.0    1.0    1.0
  PFLA_ECOLI        2.0    1.0    1.0    1.0    1.0    1.0    1.0    1.0
  PFLB_ECOLI        2.0    1.0    1.0    1.0    1.0    1.0    1.0    1.0
  PGK_ECOLI         2.0    1.0    1.0    1.0    1.0    1.0    1.0    1.0
  PHOB_ECOLI        2.0    1.0    1.0    1.0    1.0    1.0    1.0    1.0
  PHOH_ECOLI        2.0    1.0    1.0    1.0    1.0    1.0    1.0    1.0
  PMBA_ECOLI        2.0    1.0    1.0    1.0    1.0    1.0    1.0    1.0
  PNP_ECOLI         2.0    1.0    1.0    1.0    1.0    1.0    1.0    1.0
  PROB_ECOLI        2.0    1.0    1.0    1.0    1.0    1.0    1.0    1.0
  PT1A_ECOLI        2.0    1.0    1.0    1.0    1.0    1.0    1.0    1.0
  PT1_ECOLI         2.0    1.0    1.0    1.0    1.0    1.0    1.0    1.0
  PTCA_ECOLI        2.0    1.0    1.0    1.0    1.0    1.0    1.0    1.0
  PTCB_ECOLI        2.0    1.0    1.0    1.0    1.0    1.0    1.0    1.0
  PTFA_ECOLI        2.0    1.0    1.0    1.0    1.0    1.0    1.0    1.0
  PTGA_ECOLI        2.0    1.0    1.0    1.0    1.0    1.0    1.0    1.0
  PTHA_ECOLI        2.0    1.0    1.0    1.0    1.0    1.0    1.0    1.0
  PTHP_ECOLI        2.0    1.0    1.0    1.0    1.0    1.0    1.0    1.0
  PTKA_ECOLI        2.0    1.0    1.0    1.0    1.0    1.0    1.0    1.0
  PTKB_ECOLI        2.0    1.0    1.0    1.0    1.0    1.0    1.0    1.0
  PTNA_ECOLI        2.0    1.0    1.0    1.0    1.0    1.0    1.0    1.0
  PTWB_ECOLI        2.0    1.0    1.0    1.0    1.0    1.0    1.0    1.0
  PTWX_ECOLI        2.0    1.0    1.0    1.0    1.0    1.0    1.0    1.0
  RHAR_ECOLI        2.0    1.0    1.0    1.0    1.0    1.0    1.0    1.0
  RHAS_ECOLI        2.0    1.0    1.0    1.0    1.0    1.0    1.0    1.0
  RIMI_ECOLI        2.0    1.0    1.0    1.0    1.0    1.0    1.0    1.0
  RIMJ_ECOLI        2.0    1.0    1.0    1.0    1.0    1.0    1.0    1.0
  RIML_ECOLI        2.0    1.0    1.0    1.0    1.0    1.0    1.0    1.0
  RNB_ECOLI         2.0    1.0    1.0    1.0    1.0    1.0    1.0    1.0
  RNC_ECOLI         2.0    1.0    1.0    1.0    1.0    1.0    1.0    1.0
  RND_ECOLI         2.0    1.0    1.0    1.0    1.0    1.0    1.0    1.0
  RNE_ECOLI         2.0    1.0    1.0    1.0    1.0    1.0    1.0    1.0
  SERC_ECOLI        2.0    1.0    1.0    1.0    1.0    1.0    1.0    1.0
  SLYD_ECOLI        2.0    1.0    1.0    1.0    1.0    1.0    1.0    1.0
  SOXS_ECOLI        2.0    1.0    1.0    1.0    1.0    1.0    1.0    1.0
  SYA_ECOLI         2.0    1.0    1.0    1.0    1.0    1.0    1.0    1.0
  SYC_ECOLI         2.0    1.0    1.0    1.0    1.0    1.0    1.0    1.0
  SYD_ECOLI         2.0    1.0    1.0    1.0    1.0    1.0    1.0    1.0
  SYE_ECOLI         2.0    1.0    1.0    1.0    1.0    1.0    1.0    1.0
  SYFA_ECOLI        2.0    1.0    1.0    1.0    1.0    1.0    1.0    1.0
  SYFB_ECOLI        2.0    1.0    1.0    1.0    1.0    1.0    1.0    1.0
  SYGA_ECOLI        2.0    1.0    1.0    1.0    1.0    1.0    1.0    1.0
  SYGB_ECOLI        2.0    1.0    1.0    1.0    1.0    1.0    1.0    1.0
  SYH_ECOLI         2.0    1.0    1.0    1.0    1.0    1.0    1.0    1.0
  SYI_ECOLI         2.0    1.0    1.0    1.0    1.0    1.0    1.0    1.0
  SYK1_ECOLI        2.0    1.0    1.0    1.0    1.0    1.0    1.0    1.0
  SYK2_ECOLI        2.0    1.0    1.0    1.0    1.0    1.0    1.0    1.0
  SYL_ECOLI         2.0    1.0    1.0    1.0    1.0    1.0    1.0    1.0
  SYM_ECOLI         2.0    1.0    1.0    1.0    1.0    1.0    1.0    1.0
  SYP_ECOLI         2.0    1.0    1.0    1.0    1.0    1.0    1.0    1.0
  SYQ_ECOLI         2.0    1.0    1.0    1.0    1.0    1.0    1.0    1.0
  SYR_ECOLI         2.0    1.0    1.0    1.0    1.0    1.0    1.0    1.0
  SYS_ECOLI         2.0    1.0    1.0    1.0    1.0    1.0    1.0    1.0
  SYT_ECOLI         2.0    1.0    1.0    1.0    1.0    1.0    1.0    1.0
  SYV_ECOLI         2.0    1.0    1.0    1.0    1.0    1.0    1.0    1.0
  SYW_ECOLI         2.0    1.0    1.0    1.0    1.0    1.0    1.0    1.0
  SYY_ECOLI         2.0    1.0    1.0    1.0    1.0    1.0    1.0    1.0
  THGA_ECOLI        2.0    1.0    1.0    1.0    1.0    1.0    1.0    1.0
  THIK_ECOLI        2.0    1.0    1.0    1.0    1.0    1.0    1.0    1.0
  TYRB_ECOLI        2.0    1.0    1.0    1.0    1.0    1.0    1.0    1.0
  UBIC_ECOLI        2.0    1.0    1.0    1.0    1.0    1.0    1.0    1.0
  UGPQ_ECOLI        2.0    1.0    1.0    1.0    1.0    1.0    1.0    1.0
  USPA_ECOLI        2.0    1.0    1.0    1.0    1.0    1.0    1.0    1.0
  UVRB_ECOLI        2.0    1.0    1.0    1.0    1.0    1.0    1.0    1.0
  UVRC_ECOLI        2.0    1.0    1.0    1.0    1.0    1.0    1.0    1.0
  XGPT_ECOLI        2.0    1.0    1.0    1.0    1.0    1.0    1.0    1.0
  XYLA_ECOLI        2.0    1.0    1.0    1.0    1.0    1.0    1.0    1.0
  EMRA_ECOLI        1.0    2.0    1.0    1.0    1.0    1.0    1.0    1.0
  AAS_ECOLI         1.0    2.0    1.0    1.0    1.0    1.0    1.0    1.0
  AMPE_ECOLI        1.0    2.0    1.0    1.0    1.0    1.0    1.0    1.0
  ARAE_ECOLI        1.0    2.0    1.0    1.0    1.0    1.0    1.0    1.0
  ARAH_ECOLI        1.0    2.0    1.0    1.0    1.0    1.0    1.0    1.0
  AROP_ECOLI        1.0    2.0    1.0    1.0    1.0    1.0    1.0    1.0
  ATKB_ECOLI        1.0    2.0    1.0    1.0    1.0    1.0    1.0    1.0
  ATP6_ECOLI        1.0    2.0    1.0    1.0    1.0    1.0    1.0    1.0
  BETT_ECOLI        1.0    2.0    1.0    1.0    1.0    1.0    1.0    1.0
  CODB_ECOLI        1.0    2.0    1.0    1.0    1.0    1.0    1.0    1.0
  CYDA_ECOLI        1.0    2.0    1.0    1.0    1.0    1.0    1.0    1.0
  CYOC_ECOLI        1.0    2.0    1.0    1.0    1.0    1.0    1.0    1.0
  CYOD_ECOLI        1.0    2.0    1.0    1.0    1.0    1.0    1.0    1.0
  DCTA_ECOLI        1.0    2.0    1.0    1.0    1.0    1.0    1.0    1.0
  DHG_ECOLI         1.0    2.0    1.0    1.0    1.0    1.0    1.0    1.0
  DHSC_ECOLI        1.0    2.0    1.0    1.0    1.0    1.0    1.0    1.0
  DHSD_ECOLI        1.0    2.0    1.0    1.0    1.0    1.0    1.0    1.0
  DPPC_ECOLI        1.0    2.0    1.0    1.0    1.0    1.0    1.0    1.0
  DSBB_ECOLI        1.0    2.0    1.0    1.0    1.0    1.0    1.0    1.0
  ENVZ_ECOLI        1.0    2.0    1.0    1.0    1.0    1.0    1.0    1.0
  EXBB_ECOLI        1.0    2.0    1.0    1.0    1.0    1.0    1.0    1.0
  FRDC_ECOLI        1.0    2.0    1.0    1.0    1.0    1.0    1.0    1.0
  FRDD_ECOLI        1.0    2.0    1.0    1.0    1.0    1.0    1.0    1.0
  FTSW_ECOLI        1.0    2.0    1.0    1.0    1.0    1.0    1.0    1.0
  GABP_ECOLI        1.0    2.0    1.0    1.0    1.0    1.0    1.0    1.0
  GALP_ECOLI        1.0    2.0    1.0    1.0    1.0    1.0    1.0    1.0
  GLNP_ECOLI        1.0    2.0    1.0    1.0    1.0    1.0    1.0    1.0
  GLPT_ECOLI        1.0    2.0    1.0    1.0    1.0    1.0    1.0    1.0
  GLTP_ECOLI        1.0    2.0    1.0    1.0    1.0    1.0    1.0    1.0
  KDGL_ECOLI        1.0    2.0    1.0    1.0    1.0    1.0    1.0    1.0
  KGTP_ECOLI        1.0    2.0    1.0    1.0    1.0    1.0    1.0    1.0
  LACY_ECOLI        1.0    2.0    1.0    1.0    1.0    1.0    1.0    1.0
  LGT_ECOLI         1.0    2.0    1.0    1.0    1.0    1.0    1.0    1.0
  LLDP_ECOLI        1.0    2.0    1.0    1.0    1.0    1.0    1.0    1.0
  LNT_ECOLI         1.0    2.0    1.0    1.0    1.0    1.0    1.0    1.0
  LSPA_ECOLI        1.0    2.0    1.0    1.0    1.0    1.0    1.0    1.0
  LYSP_ECOLI        1.0    2.0    1.0    1.0    1.0    1.0    1.0    1.0
  MALF_ECOLI        1.0    2.0    1.0    1.0    1.0    1.0    1.0    1.0
  MALG_ECOLI        1.0    2.0    1.0    1.0    1.0    1.0    1.0    1.0
  MCP3_ECOLI        1.0    2.0    1.0    1.0    1.0    1.0    1.0    1.0
  MSBB_ECOLI        1.0    2.0    1.0    1.0    1.0    1.0    1.0    1.0
  MTR_ECOLI         1.0    2.0    1.0    1.0    1.0    1.0    1.0    1.0
  NANT_ECOLI        1.0    2.0    1.0    1.0    1.0    1.0    1.0    1.0
  NHAA_ECOLI        1.0    2.0    1.0    1.0    1.0    1.0    1.0    1.0
  NHAB_ECOLI        1.0    2.0    1.0    1.0    1.0    1.0    1.0    1.0
  PHEP_ECOLI        1.0    2.0    1.0    1.0    1.0    1.0    1.0    1.0
  PHOR_ECOLI        1.0    2.0    1.0    1.0    1.0    1.0    1.0    1.0
  PNTA_ECOLI        1.0    2.0    1.0    1.0    1.0    1.0    1.0    1.0
  POTE_ECOLI        1.0    2.0    1.0    1.0    1.0    1.0    1.0    1.0
  PROP_ECOLI        1.0    2.0    1.0    1.0    1.0    1.0    1.0    1.0
  PSTA_ECOLI        1.0    2.0    1.0    1.0    1.0    1.0    1.0    1.0
  PSTC_ECOLI        1.0    2.0    1.0    1.0    1.0    1.0    1.0    1.0
  PTAA_ECOLI        1.0    2.0    1.0    1.0    1.0    1.0    1.0    1.0
  PTBA_ECOLI        1.0    2.0    1.0    1.0    1.0    1.0    1.0    1.0
  PTCC_ECOLI        1.0    2.0    1.0    1.0    1.0    1.0    1.0    1.0
  PTDA_ECOLI        1.0    2.0    1.0    1.0    1.0    1.0    1.0    1.0
  PTFB_ECOLI        1.0    2.0    1.0    1.0    1.0    1.0    1.0    1.0
  PTGB_ECOLI        1.0    2.0    1.0    1.0    1.0    1.0    1.0    1.0
  PTHB_ECOLI        1.0    2.0    1.0    1.0    1.0    1.0    1.0    1.0
  PTMA_ECOLI        1.0    2.0    1.0    1.0    1.0    1.0    1.0    1.0
  PTOA_ECOLI        1.0    2.0    1.0    1.0    1.0    1.0    1.0    1.0
  PTTB_ECOLI        1.0    2.0    1.0    1.0    1.0    1.0    1.0    1.0
  RODA_ECOLI        1.0    2.0    1.0    1.0    1.0    1.0    1.0    1.0
  SECE_ECOLI        1.0    2.0    1.0    1.0    1.0    1.0    1.0    1.0
  SECF_ECOLI        1.0    2.0    1.0    1.0    1.0    1.0    1.0    1.0
  SECY_ECOLI        1.0    2.0    1.0    1.0    1.0    1.0    1.0    1.0
  TNAB_ECOLI        1.0    2.0    1.0    1.0    1.0    1.0    1.0    1.0
  XYLE_ECOLI        1.0    2.0    1.0    1.0    1.0    1.0    1.0    1.0
  YCEE_ECOLI        1.0    2.0    1.0    1.0    1.0    1.0    1.0    1.0
  EXBD_ECOLI        1.0    2.0    1.0    1.0    1.0    1.0    1.0    1.0
  FTSL_ECOLI        1.0    2.0    1.0    1.0    1.0    1.0    1.0    1.0
  FTSN_ECOLI        1.0    2.0    1.0    1.0    1.0    1.0    1.0    1.0
  FTSQ_ECOLI        1.0    2.0    1.0    1.0    1.0    1.0    1.0    1.0
  MOTB_ECOLI        1.0    2.0    1.0    1.0    1.0    1.0    1.0    1.0
  TOLA_ECOLI        1.0    2.0    1.0    1.0    1.0    1.0    1.0    1.0
  TOLQ_ECOLI        1.0    2.0    1.0    1.0    1.0    1.0    1.0    1.0
  EMRB_ECOLI        1.0    2.0    1.0    1.0    1.0    1.0    1.0    1.0
  ATKC_ECOLI        1.0    1.0    1.0    1.0    1.0    1.0    1.0    2.0
  NFRB_ECOLI        1.0    1.0    1.0    1.0    1.0    1.0    1.0    2.0
  NLPA_ECOLI        1.0    1.0    1.0    1.0    1.0    1.0    2.0    1.0
  CYOA_ECOLI        1.0    1.0    1.0    1.0    1.0    1.0    2.0    1.0
  ATKA_ECOLI        1.0    1.0    1.0    2.0    1.0    1.0    1.0    1.0
  BCR_ECOLI         1.0    1.0    1.0    2.0    1.0    1.0    1.0    1.0
  CADB_ECOLI        1.0    1.0    1.0    2.0    1.0    1.0    1.0    1.0
  CAIT_ECOLI        1.0    1.0    1.0    2.0    1.0    1.0    1.0    1.0
  CPXA_ECOLI        1.0    1.0    1.0    2.0    1.0    1.0    1.0    1.0
  CRED_ECOLI        1.0    1.0    1.0    2.0    1.0    1.0    1.0    1.0
  CYDB_ECOLI        1.0    1.0    1.0    2.0    1.0    1.0    1.0    1.0
  CYOB_ECOLI        1.0    1.0    1.0    2.0    1.0    1.0    1.0    1.0
  CYOE_ECOLI        1.0    1.0    1.0    2.0    1.0    1.0    1.0    1.0
  DMSC_ECOLI        1.0    1.0    1.0    2.0    1.0    1.0    1.0    1.0
  DPPB_ECOLI        1.0    1.0    1.0    2.0    1.0    1.0    1.0    1.0
  DSBD_ECOLI        1.0    1.0    1.0    2.0    1.0    1.0    1.0    1.0
  FEPD_ECOLI        1.0    1.0    1.0    2.0    1.0    1.0    1.0    1.0
  FEPG_ECOLI        1.0    1.0    1.0    2.0    1.0    1.0    1.0    1.0
  FTSH_ECOLI        1.0    1.0    1.0    2.0    1.0    1.0    1.0    1.0
  GLTS_ECOLI        1.0    1.0    1.0    2.0    1.0    1.0    1.0    1.0
  KEFC_ECOLI        1.0    1.0    1.0    2.0    1.0    1.0    1.0    1.0
  KUP_ECOLI         1.0    1.0    1.0    2.0    1.0    1.0    1.0    1.0
  MCP1_ECOLI        1.0    1.0    1.0    2.0    1.0    1.0    1.0    1.0
  MCP2_ECOLI        1.0    1.0    1.0    2.0    1.0    1.0    1.0    1.0
  MCP4_ECOLI        1.0    1.0    1.0    2.0    1.0    1.0    1.0    1.0
  MELB_ECOLI        1.0    1.0    1.0    2.0    1.0    1.0    1.0    1.0
  MOTA_ECOLI        1.0    1.0    1.0    2.0    1.0    1.0    1.0    1.0
  NUPC_ECOLI        1.0    1.0    1.0    2.0    1.0    1.0    1.0    1.0
  NUPG_ECOLI        1.0    1.0    1.0    2.0    1.0    1.0    1.0    1.0
  PNTB_ECOLI        1.0    1.0    1.0    2.0    1.0    1.0    1.0    1.0
  PTKC_ECOLI        1.0    1.0    1.0    2.0    1.0    1.0    1.0    1.0
  RHAT_ECOLI        1.0    1.0    1.0    2.0    1.0    1.0    1.0    1.0
  SECD_ECOLI        1.0    1.0    1.0    2.0    1.0    1.0    1.0    1.0
  SECG_ECOLI        1.0    1.0    1.0    2.0    1.0    1.0    1.0    1.0
  TEHA_ECOLI        1.0    1.0    1.0    2.0    1.0    1.0    1.0    1.0
  TYRP_ECOLI        1.0    1.0    1.0    2.0    1.0    1.0    1.0    1.0
  UHPB_ECOLI        1.0    1.0    1.0    2.0    1.0    1.0    1.0    1.0
  TONB_ECOLI        1.0    1.0    1.0    2.0    1.0    1.0    1.0    1.0
  LEP_ECOLI         1.0    1.0    1.0    2.0    1.0    1.0    1.0    1.0
  FADL_ECOLI        1.0    1.0    1.0    1.0    2.0    1.0    1.0    1.0
  FHUA_ECOLI        1.0    1.0    1.0    1.0    2.0    1.0    1.0    1.0
  LAMB_ECOLI        1.0    1.0    1.0    1.0    2.0    1.0    1.0    1.0
  NFRA_ECOLI        1.0    1.0    1.0    1.0    2.0    1.0    1.0    1.0
  NMPC_ECOLI        1.0    1.0    1.0    1.0    2.0    1.0    1.0    1.0
  OMPA_ECOLI        1.0    1.0    1.0    1.0    2.0    1.0    1.0    1.0
  OMPC_ECOLI        1.0    1.0    1.0    1.0    2.0    1.0    1.0    1.0
  OMPF_ECOLI        1.0    1.0    1.0    1.0    2.0    1.0    1.0    1.0
  OMPX_ECOLI        1.0    1.0    1.0    1.0    2.0    1.0    1.0    1.0
  PHOE_ECOLI        1.0    1.0    1.0    1.0    2.0    1.0    1.0    1.0
  TSX_ECOLI         1.0    1.0    1.0    1.0    2.0    1.0    1.0    1.0
  BTUB_ECOLI        1.0    1.0    1.0    1.0    2.0    1.0    1.0    1.0
  CIRA_ECOLI        1.0    1.0    1.0    1.0    2.0    1.0    1.0    1.0
  FECA_ECOLI        1.0    1.0    1.0    1.0    2.0    1.0    1.0    1.0
  FEPA_ECOLI        1.0    1.0    1.0    1.0    2.0    1.0    1.0    1.0
  FHUE_ECOLI        1.0    1.0    1.0    1.0    2.0    1.0    1.0    1.0
  OMPP_ECOLI        1.0    1.0    1.0    1.0    2.0    1.0    1.0    1.0
  OMPT_ECOLI        1.0    1.0    1.0    1.0    2.0    1.0    1.0    1.0
  TOLC_ECOLI        1.0    1.0    1.0    1.0    2.0    1.0    1.0    1.0
  PA1_ECOLI         1.0    1.0    1.0    1.0    2.0    1.0    1.0    1.0
  MULI_ECOLI        1.0    1.0    1.0    1.0    1.0    2.0    1.0    1.0
  NLPB_ECOLI        1.0    1.0    1.0    1.0    1.0    2.0    1.0    1.0
  NLPE_ECOLI        1.0    1.0    1.0    1.0    1.0    2.0    1.0    1.0
  PAL_ECOLI         1.0    1.0    1.0    1.0    1.0    2.0    1.0    1.0
  SLP_ECOLI         1.0    1.0    1.0    1.0    1.0    2.0    1.0    1.0
  AGP_ECOLI         1.0    1.0    2.0    1.0    1.0    1.0    1.0    1.0
  AMY1_ECOLI        1.0    1.0    2.0    1.0    1.0    1.0    1.0    1.0
  ARAF_ECOLI        1.0    1.0    2.0    1.0    1.0    1.0    1.0    1.0
  ASG2_ECOLI        1.0    1.0    2.0    1.0    1.0    1.0    1.0    1.0
  BGLX_ECOLI        1.0    1.0    2.0    1.0    1.0    1.0    1.0    1.0
  C562_ECOLI        1.0    1.0    2.0    1.0    1.0    1.0    1.0    1.0
  CN16_ECOLI        1.0    1.0    2.0    1.0    1.0    1.0    1.0    1.0
  CYPH_ECOLI        1.0    1.0    2.0    1.0    1.0    1.0    1.0    1.0
  CYSP_ECOLI        1.0    1.0    2.0    1.0    1.0    1.0    1.0    1.0
  DGAL_ECOLI        1.0    1.0    2.0    1.0    1.0    1.0    1.0    1.0
  DPPA_ECOLI        1.0    1.0    2.0    1.0    1.0    1.0    1.0    1.0
  DSBA_ECOLI        1.0    1.0    2.0    1.0    1.0    1.0    1.0    1.0
  DSBC_ECOLI        1.0    1.0    2.0    1.0    1.0    1.0    1.0    1.0
  ECOT_ECOLI        1.0    1.0    2.0    1.0    1.0    1.0    1.0    1.0
  ECPD_ECOLI        1.0    1.0    2.0    1.0    1.0    1.0    1.0    1.0
  FECB_ECOLI        1.0    1.0    2.0    1.0    1.0    1.0    1.0    1.0
  FECR_ECOLI        1.0    1.0    2.0    1.0    1.0    1.0    1.0    1.0
  FEPB_ECOLI        1.0    1.0    2.0    1.0    1.0    1.0    1.0    1.0
  FIMC_ECOLI        1.0    1.0    2.0    1.0    1.0    1.0    1.0    1.0
  GGT_ECOLI         1.0    1.0    2.0    1.0    1.0    1.0    1.0    1.0
  GLNH_ECOLI        1.0    1.0    2.0    1.0    1.0    1.0    1.0    1.0
  GLPQ_ECOLI        1.0    1.0    2.0    1.0    1.0    1.0    1.0    1.0
  HTRA_ECOLI        1.0    1.0    2.0    1.0    1.0    1.0    1.0    1.0
  LIVJ_ECOLI        1.0    1.0    2.0    1.0    1.0    1.0    1.0    1.0
  LIVK_ECOLI        1.0    1.0    2.0    1.0    1.0    1.0    1.0    1.0
  MALE_ECOLI        1.0    1.0    2.0    1.0    1.0    1.0    1.0    1.0
  MALM_ECOLI        1.0    1.0    2.0    1.0    1.0    1.0    1.0    1.0
  MEPA_ECOLI        1.0    1.0    2.0    1.0    1.0    1.0    1.0    1.0
  MODA_ECOLI        1.0    1.0    2.0    1.0    1.0    1.0    1.0    1.0
  NRFA_ECOLI        1.0    1.0    2.0    1.0    1.0    1.0    1.0    1.0
  NRFF_ECOLI        1.0    1.0    2.0    1.0    1.0    1.0    1.0    1.0
  OPPA_ECOLI        1.0    1.0    2.0    1.0    1.0    1.0    1.0    1.0
  OSMY_ECOLI        1.0    1.0    2.0    1.0    1.0    1.0    1.0    1.0
  POTD_ECOLI        1.0    1.0    2.0    1.0    1.0    1.0    1.0    1.0
  POTF_ECOLI        1.0    1.0    2.0    1.0    1.0    1.0    1.0    1.0
  PPA_ECOLI         1.0    1.0    2.0    1.0    1.0    1.0    1.0    1.0
  PPB_ECOLI         1.0    1.0    2.0    1.0    1.0    1.0    1.0    1.0
  PROX_ECOLI        1.0    1.0    2.0    1.0    1.0    1.0    1.0    1.0
  PSTS_ECOLI        1.0    1.0    2.0    1.0    1.0    1.0    1.0    1.0
  PTR_ECOLI         1.0    1.0    2.0    1.0    1.0    1.0    1.0    1.0
  RBSB_ECOLI        1.0    1.0    2.0    1.0    1.0    1.0    1.0    1.0
  SPEA_ECOLI        1.0    1.0    2.0    1.0    1.0    1.0    1.0    1.0
  SUBI_ECOLI        1.0    1.0    2.0    1.0    1.0    1.0    1.0    1.0
  TBPA_ECOLI        1.0    1.0    2.0    1.0    1.0    1.0    1.0    1.0
  TESA_ECOLI        1.0    1.0    2.0    1.0    1.0    1.0    1.0    1.0
  TOLB_ECOLI        1.0    1.0    2.0    1.0    1.0    1.0    1.0    1.0
  TORA_ECOLI        1.0    1.0    2.0    1.0    1.0    1.0    1.0    1.0
  TREA_ECOLI        1.0    1.0    2.0    1.0    1.0    1.0    1.0    1.0
  UGPB_ECOLI        1.0    1.0    2.0    1.0    1.0    1.0    1.0    1.0
  USHA_ECOLI        1.0    1.0    2.0    1.0    1.0    1.0    1.0    1.0
  XYLF_ECOLI        1.0    1.0    2.0    1.0    1.0    1.0    1.0    1.0
  YTFQ_ECOLI        1.0    1.0    2.0    1.0    1.0    1.0    1.0    1.0
  [total]         411.0  413.0  388.0  371.0  356.0  341.0  338.0  338.0

mcg
  0                 2.0    2.0    1.0    1.0    1.0    1.0    1.0    1.0
  0.04              2.0    1.0    1.0    1.0    1.0    1.0    1.0    1.0
  0.06              1.0    2.0    1.0    1.0    1.0    1.0    1.0    1.0
  0.07              1.0    1.0    1.0    1.0    1.0    1.0    1.0    1.0
  0.1               1.0    2.0    1.0    1.0    1.0    1.0    1.0    1.0
  0.11              1.0    2.0    1.0    1.0    1.0    1.0    1.0    1.0
  0.12              1.0    3.0    1.0    1.0    1.0    1.0    1.0    1.0
  0.16              2.0    2.0    1.0    1.0    1.0    1.0    1.0    1.0
  0.17              3.0    1.0    1.0    1.0    1.0    1.0    1.0    1.0
  0.18              1.0    1.0    1.0    1.0    1.0    1.0    1.0    1.0
  0.2               1.0    2.0    1.0    1.0    1.0    1.0    1.0    1.0
  0.21              1.0    1.0    1.0    1.0    1.0    1.0    1.0    1.0
  0.22              2.0    1.0    1.0    1.0    1.0    1.0    1.0    1.0
  0.23              2.0    2.0    1.0    1.0    1.0    1.0    1.0    1.0
  0.24              5.0    1.0    1.0    1.0    1.0    1.0    1.0    1.0
  0.25              4.0    1.0    1.0    1.0    1.0    1.0    1.0    1.0
  0.26              4.0    1.0    1.0    1.0    1.0    1.0    1.0    1.0
  0.27              3.0    2.0    1.0    1.0    1.0    1.0    1.0    1.0
  0.28              2.0    1.0    1.0    1.0    1.0    1.0    1.0    1.0
  0.29              4.0    2.0    2.0    1.0    1.0    1.0    1.0    1.0
  0.3               4.0    2.0    1.0    1.0    1.0    1.0    1.0    1.0
  0.31              2.0    4.0    1.0    1.0    1.0    1.0    1.0    1.0
  0.32              2.0    1.0    2.0    1.0    1.0    1.0    1.0    1.0
  0.33              2.0    4.0    1.0    1.0    1.0    1.0    1.0    1.0
  0.34              7.0    4.0    1.0    1.0    1.0    1.0    1.0    1.0
  0.35              4.0    2.0    1.0    1.0    1.0    1.0    1.0    1.0
  0.36              3.0    3.0    1.0    1.0    1.0    1.0    1.0    1.0
  0.37              3.0    2.0    1.0    1.0    1.0    1.0    1.0    1.0
  0.38              5.0    1.0    1.0    1.0    1.0    1.0    1.0    1.0
  0.39              2.0    2.0    1.0    1.0    1.0    1.0    1.0    1.0
  0.4               5.0    2.0    1.0    1.0    1.0    1.0    1.0    1.0
  0.41              5.0    2.0    1.0    1.0    1.0    1.0    1.0    1.0
  0.42              2.0    1.0    1.0    1.0    1.0    1.0    1.0    1.0
  0.43              2.0    2.0    2.0    1.0    1.0    1.0    1.0    1.0
  0.44              6.0    2.0    1.0    1.0    1.0    1.0    1.0    1.0
  0.45              1.0    2.0    1.0    1.0    1.0    1.0    1.0    1.0
  0.46              1.0    3.0    1.0    1.0    1.0    1.0    1.0    1.0
  0.47              2.0    3.0    1.0    2.0    1.0    1.0    1.0    1.0
  0.48              2.0    4.0    1.0    1.0    1.0    1.0    1.0    1.0
  0.49              2.0    2.0    1.0    2.0    1.0    1.0    1.0    1.0
  0.5               3.0    4.0    1.0    1.0    1.0    1.0    1.0    1.0
  0.51              3.0    2.0    1.0    1.0    1.0    1.0    1.0    1.0
  0.52              2.0    3.0    1.0    1.0    2.0    1.0    1.0    1.0
  0.53              2.0    1.0    1.0    1.0    1.0    1.0    1.0    1.0
  0.54              1.0    3.0    1.0    1.0    1.0    1.0    1.0    1.0
  0.55              1.0    2.0    1.0    1.0    1.0    1.0    1.0    1.0
  0.56              1.0    1.0    2.0    1.0    2.0    1.0    1.0    1.0
  0.57              2.0    1.0    2.0    2.0    1.0    1.0    1.0    1.0
  0.58              1.0    3.0    1.0    2.0    1.0    1.0    1.0    1.0
  0.59              1.0    2.0    2.0    2.0    1.0    1.0    1.0    1.0
  0.6               1.0    4.0    1.0    1.0    2.0    1.0    1.0    1.0
  0.61              2.0    4.0    2.0    1.0    2.0    1.0    1.0    1.0
  0.62              1.0    1.0    3.0    2.0    1.0    1.0    1.0    1.0
  0.63              1.0    6.0    8.0    3.0    3.0    1.0    1.0    2.0
  0.64              2.0    2.0    6.0    3.0    2.0    1.0    1.0    1.0
  0.65              2.0    1.0    2.0    1.0    2.0    1.0    1.0    1.0
  0.66              1.0    2.0    4.0    2.0    1.0    2.0    1.0    1.0
  0.67              1.0    1.0    5.0    2.0    3.0    2.0    1.0    1.0
  0.68              1.0    2.0    4.0    1.0    3.0    2.0    1.0    1.0
  0.69              1.0    2.0    6.0    2.0    2.0    1.0    1.0    1.0
  0.7               1.0    3.0    4.0    2.0    1.0    1.0    2.0    1.0
  0.71              1.0    3.0    4.0    1.0    2.0    2.0    1.0    1.0
  0.72              1.0    2.0    2.0    2.0    1.0    1.0    1.0    1.0
  0.73              1.0    2.0    2.0    2.0    2.0    1.0    1.0    1.0
  0.74              1.0    3.0    6.0    1.0    3.0    1.0    1.0    1.0
  0.75              1.0    1.0    2.0    2.0    2.0    1.0    2.0    1.0
  0.76              1.0    1.0    2.0    3.0    1.0    1.0    1.0    1.0
  0.77              1.0    1.0    1.0    2.0    2.0    2.0    1.0    1.0
  0.78              1.0    1.0    1.0    3.0    2.0    1.0    1.0    1.0
  0.79              1.0    1.0    1.0    4.0    1.0    1.0    1.0    1.0
  0.81              1.0    1.0    1.0    4.0    1.0    1.0    1.0    1.0
  0.83              1.0    2.0    1.0    2.0    1.0    1.0    1.0    1.0
  0.84              1.0    2.0    1.0    3.0    1.0    1.0    1.0    1.0
  0.85              1.0    1.0    1.0    1.0    1.0    1.0    1.0    2.0
  0.86              1.0    1.0    1.0    3.0    1.0    1.0    1.0    1.0
  0.87              1.0    1.0    1.0    2.0    1.0    1.0    1.0    1.0
  0.88              1.0    1.0    1.0    2.0    1.0    1.0    1.0    1.0
  0.89              1.0    2.0    1.0    1.0    1.0    1.0    1.0    1.0
  [total]         153.0  155.0  130.0  113.0   98.0   83.0   80.0   80.0

gvh
  0.16              1.0    1.0    1.0    1.0    1.0    1.0    1.0    1.0
  0.23              1.0    1.0    1.0    1.0    1.0    1.0    1.0    1.0
  0.24              1.0    1.0    1.0    1.0    1.0    1.0    1.0    1.0
  0.26              4.0    1.0    1.0    2.0    1.0    1.0    1.0    1.0
  0.27              1.0    1.0    1.0    1.0    1.0    1.0    1.0    1.0
  0.28              5.0    1.0    1.0    1.0    1.0    1.0    1.0    1.0
  0.29              1.0    1.0    1.0    2.0    1.0    1.0    1.0    1.0
  0.3               4.0    1.0    1.0    1.0    1.0    1.0    1.0    1.0
  0.31              3.0    1.0    1.0    1.0    1.0    1.0    1.0    1.0
  0.32              2.0    1.0    1.0    1.0    1.0    1.0    1.0    1.0
  0.33              3.0    1.0    1.0    2.0    1.0    1.0    1.0    1.0
  0.34              5.0    2.0    1.0    1.0    1.0    1.0    1.0    1.0
  0.35              3.0    2.0    1.0    1.0    1.0    1.0    1.0    1.0
  0.36              2.0    3.0    1.0    2.0    1.0    1.0    1.0    1.0
  0.37              4.0    4.0    1.0    3.0    1.0    1.0    1.0    1.0
  0.38              2.0    1.0    1.0    2.0    1.0    1.0    1.0    1.0
  0.39              2.0    3.0    3.0    2.0    1.0    1.0    2.0    1.0
  0.4               3.0    6.0    1.0    1.0    1.0    1.0    1.0    1.0
  0.41              4.0    3.0    1.0    3.0    1.0    1.0    1.0    1.0
  0.42              8.0    2.0    1.0    5.0    1.0    1.0    1.0    1.0
  0.43              6.0    2.0    1.0    2.0    1.0    1.0    1.0    1.0
  0.44              5.0    4.0    1.0    3.0    1.0    1.0    1.0    1.0
  0.45              2.0    4.0    1.0    2.0    1.0    1.0    1.0    1.0
  0.46              5.0    5.0    1.0    3.0    1.0    2.0    1.0    1.0
  0.47              4.0    7.0    2.0    1.0    1.0    1.0    1.0    1.0
  0.48              3.0    2.0    1.0    3.0    1.0    1.0    1.0    1.0
  0.49              4.0    5.0    2.0    3.0    2.0    3.0    1.0    2.0
  0.5               3.0    6.0    1.0    1.0    1.0    1.0    1.0    1.0
  0.51              6.0    8.0    1.0    2.0    2.0    1.0    1.0    1.0
  0.52              2.0    4.0    1.0    2.0    1.0    1.0    1.0    1.0
  0.53              1.0    2.0    1.0    3.0    1.0    1.0    1.0    2.0
  0.54              2.0    3.0    2.0    3.0    1.0    1.0    1.0    1.0
  0.55              3.0    4.0    1.0    3.0    1.0    2.0    2.0    1.0
  0.56              2.0    3.0    2.0    1.0    1.0    1.0    1.0    1.0
  0.57              2.0    3.0    4.0    1.0    3.0    2.0    1.0    1.0
  0.58              1.0    2.0    1.0    1.0    1.0    1.0    1.0    1.0
  0.59              1.0    3.0    4.0    1.0    2.0    1.0    1.0    1.0
  0.6               1.0    1.0    2.0    2.0    1.0    1.0    1.0    1.0
  0.61              1.0    4.0    4.0    2.0    1.0    1.0    1.0    1.0
  0.63              1.0    1.0    1.0    1.0    2.0    1.0    1.0    1.0
  0.64              1.0    1.0    2.0    1.0    1.0    1.0    1.0    1.0
  0.65              1.0    2.0    3.0    1.0    1.0    1.0    1.0    1.0
  0.66              1.0    3.0    3.0    1.0    1.0    1.0    1.0    1.0
  0.67              1.0    3.0    3.0    1.0    1.0    1.0    1.0    1.0
  0.68              1.0    1.0    1.0    1.0    3.0    1.0    1.0    1.0
  0.69              1.0    1.0    1.0    1.0    2.0    1.0    1.0    1.0
  0.7               1.0    2.0    2.0    1.0    1.0    1.0    1.0    1.0
  0.71              1.0    1.0    5.0    2.0    2.0    1.0    1.0    1.0
  0.72              1.0    1.0    2.0    1.0    1.0    1.0    1.0    1.0
  0.73              1.0    1.0    2.0    1.0    1.0    1.0    1.0    1.0
  0.74              1.0    1.0    3.0    1.0    1.0    1.0    1.0    1.0
  0.75              1.0    2.0    1.0    1.0    2.0    1.0    1.0    1.0
  0.76              2.0    1.0    1.0    1.0    4.0    1.0    1.0    1.0
  0.78              1.0    1.0    5.0    1.0    2.0    1.0    1.0    1.0
  0.8               1.0    1.0    3.0    1.0    1.0    1.0    1.0    1.0
  0.81              1.0    1.0    4.0    1.0    2.0    1.0    1.0    1.0
  0.82              1.0    1.0    3.0    1.0    1.0    1.0    1.0    1.0
  0.83              1.0    1.0    3.0    1.0    1.0    1.0    1.0    1.0
  0.84              1.0    1.0    3.0    1.0    3.0    1.0    1.0    1.0
  0.86              1.0    1.0    5.0    1.0    1.0    1.0    1.0    1.0
  0.88              1.0    1.0    1.0    1.0    2.0    1.0    1.0    1.0
  0.9               1.0    1.0    1.0    1.0    2.0    1.0    1.0    1.0
  1                 1.0    1.0    2.0    1.0    1.0    1.0    1.0    1.0
  [total]         138.0  140.0  115.0   98.0   83.0   68.0   65.0   65.0

lip
  0.48             76.0   77.0   53.0   35.0   20.0    1.0    1.0    3.0
  1                 1.0    2.0    1.0    2.0    2.0    6.0    3.0    1.0
  [total]          77.0   79.0   54.0   37.0   22.0    7.0    4.0    4.0

chg
  0.5              76.0   78.0   53.0   36.0   21.0    6.0    2.0    3.0
  1                 1.0    1.0    1.0    1.0    1.0    1.0    2.0    1.0
  [total]          77.0   79.0   54.0   37.0   22.0    7.0    4.0    4.0

aac
  0                 1.0    2.0    1.0    1.0    1.0    1.0    1.0    1.0
  0.06              1.0    1.0    1.0    2.0    1.0    1.0    1.0    1.0
  0.16              2.0    1.0    1.0    1.0    1.0    1.0    1.0    1.0
  0.17              1.0    1.0    2.0    1.0    1.0    1.0    1.0    1.0
  0.22              1.0    1.0    1.0    1.0    1.0    1.0    1.0    1.0
  0.25              1.0    1.0    2.0    1.0    1.0    1.0    1.0    1.0
  0.27              2.0    1.0    1.0    1.0    1.0    1.0    1.0    1.0
  0.28              1.0    1.0    1.0    1.0    1.0    1.0    1.0    1.0
  0.29              2.0    1.0    1.0    1.0    1.0    1.0    1.0    1.0
  0.3               2.0    1.0    2.0    1.0    1.0    1.0    1.0    1.0
  0.31              1.0    2.0    3.0    1.0    1.0    1.0    1.0    1.0
  0.33              2.0    3.0    1.0    1.0    1.0    1.0    1.0    1.0
  0.34              3.0    1.0    2.0    1.0    1.0    1.0    1.0    1.0
  0.35              1.0    2.0    3.0    1.0    1.0    1.0    1.0    1.0
  0.36              3.0    2.0    1.0    1.0    1.0    1.0    1.0    1.0
  0.37              7.0    1.0    3.0    1.0    1.0    2.0    1.0    1.0
  0.38              3.0    2.0    2.0    1.0    1.0    1.0    1.0    1.0
  0.39              3.0    2.0    4.0    1.0    1.0    1.0    1.0    1.0
  0.4               1.0    2.0    4.0    1.0    1.0    1.0    2.0    1.0
  0.41              5.0    2.0    4.0    1.0    1.0    1.0    1.0    1.0
  0.42              7.0    2.0    4.0    2.0    1.0    1.0    1.0    1.0
  0.43              8.0    2.0    3.0    1.0    1.0    1.0    1.0    1.0
  0.44              4.0    1.0    3.0    1.0    1.0    1.0    1.0    1.0
  0.45              5.0    3.0    1.0    2.0    1.0    1.0    1.0    1.0
  0.46              2.0    3.0    6.0    2.0    1.0    1.0    1.0    1.0
  0.47              2.0    1.0    5.0    1.0    1.0    1.0    1.0    1.0
  0.48              3.0    4.0    2.0    3.0    1.0    1.0    1.0    1.0
  0.49              7.0    2.0    5.0    1.0    1.0    1.0    1.0    1.0
  0.5               3.0    2.0    3.0    4.0    1.0    1.0    1.0    1.0
  0.51              3.0    7.0    2.0    2.0    2.0    1.0    2.0    1.0
  0.52              3.0    5.0    3.0    2.0    1.0    2.0    1.0    1.0
  0.53              5.0    4.0    2.0    1.0    1.0    1.0    1.0    2.0
  0.54              3.0    4.0    2.0    3.0    1.0    2.0    1.0    2.0
  0.55              2.0    3.0    1.0    2.0    1.0    1.0    1.0    1.0
  0.56              3.0    5.0    2.0    2.0    1.0    1.0    1.0    1.0
  0.57              1.0    7.0    1.0    5.0    2.0    1.0    1.0    1.0
  0.58              4.0    6.0    2.0    2.0    1.0    1.0    1.0    1.0
  0.59              1.0    4.0    1.0    4.0    1.0    1.0    1.0    1.0
  0.6               2.0    2.0    2.0    1.0    1.0    1.0    1.0    1.0
  0.61              1.0    4.0    1.0    2.0    1.0    1.0    1.0    1.0
  0.62              1.0    2.0    1.0    2.0    1.0    2.0    1.0    1.0
  0.63              3.0    2.0    2.0    2.0    1.0    1.0    1.0    1.0
  0.64              1.0    3.0    1.0    4.0    1.0    1.0    1.0    1.0
  0.65              1.0    4.0    1.0    3.0    2.0    1.0    1.0    1.0
  0.66              1.0    4.0    1.0    2.0    2.0    2.0    1.0    1.0
  0.67              1.0    2.0    1.0    2.0    1.0    1.0    1.0    1.0
  0.68              1.0    1.0    1.0    1.0    2.0    1.0    1.0    1.0
  0.7               1.0    1.0    1.0    2.0    2.0    1.0    1.0    1.0
  0.71              2.0    5.0    1.0    1.0    1.0    1.0    1.0    1.0
  0.72              1.0    1.0    1.0    1.0    2.0    1.0    1.0    1.0
  0.73              1.0    1.0    1.0    1.0    3.0    1.0    1.0    1.0
  0.74              1.0    2.0    1.0    1.0    2.0    1.0    1.0    1.0
  0.75              1.0    1.0    1.0    2.0    2.0    1.0    1.0    1.0
  0.77              1.0    1.0    1.0    1.0    4.0    1.0    1.0    1.0
  0.79              1.0    1.0    1.0    1.0    2.0    1.0    1.0    1.0
  0.83              1.0    1.0    1.0    1.0    3.0    1.0    1.0    1.0
  0.84              1.0    1.0    1.0    1.0    2.0    1.0    1.0    1.0
  0.86              1.0    1.0    1.0    1.0    2.0    1.0    1.0    1.0
  0.88              1.0    1.0    1.0    1.0    2.0    1.0    1.0    1.0
  [total]         134.0  136.0  111.0   94.0   79.0   64.0   61.0   61.0

alm1
  0.03              1.0    1.0    1.0    1.0    1.0    1.0    1.0    1.0
  0.05              1.0    1.0    1.0    1.0    1.0    1.0    1.0    1.0
  0.06              2.0    1.0    1.0    1.0    1.0    1.0    1.0    1.0
  0.11              1.0    1.0    1.0    1.0    1.0    1.0    1.0    1.0
  0.14              2.0    1.0    1.0    1.0    1.0    1.0    1.0    1.0
  0.15              1.0    1.0    1.0    1.0    1.0    1.0    1.0    1.0
  0.16              2.0    1.0    1.0    1.0    1.0    1.0    1.0    1.0
  0.17              1.0    1.0    1.0    1.0    1.0    1.0    1.0    1.0
  0.18              3.0    1.0    1.0    1.0    1.0    1.0    1.0    1.0
  0.19              1.0    1.0    1.0    1.0    1.0    1.0    1.0    1.0
  0.2               4.0    1.0    1.0    1.0    1.0    1.0    1.0    1.0
  0.21              2.0    1.0    1.0    1.0    1.0    1.0    1.0    1.0
  0.22              4.0    1.0    1.0    1.0    1.0    1.0    1.0    1.0
  0.23              4.0    1.0    1.0    1.0    1.0    1.0    1.0    1.0
  0.24              2.0    1.0    1.0    1.0    1.0    1.0    1.0    1.0
  0.25              5.0    1.0    1.0    1.0    1.0    1.0    1.0    1.0
  0.26              6.0    1.0    1.0    1.0    1.0    1.0    1.0    1.0
  0.27              4.0    1.0    1.0    1.0    1.0    1.0    1.0    1.0
  0.28              5.0    1.0    2.0    1.0    1.0    1.0    1.0    1.0
  0.29              5.0    1.0    1.0    1.0    1.0    1.0    1.0    1.0
  0.3               5.0    1.0    1.0    1.0    1.0    1.0    1.0    1.0
  0.31              4.0    1.0    2.0    1.0    1.0    1.0    1.0    1.0
  0.32              4.0    1.0    1.0    1.0    1.0    1.0    1.0    1.0
  0.33              1.0    1.0    1.0    1.0    3.0    1.0    1.0    1.0
  0.34              5.0    1.0    1.0    1.0    1.0    1.0    1.0    1.0
  0.35              6.0    1.0    2.0    1.0    1.0    1.0    1.0    1.0
  0.36              3.0    1.0    3.0    1.0    2.0    1.0    1.0    1.0
  0.37              4.0    1.0    3.0    1.0    1.0    1.0    1.0    1.0
  0.38              4.0    1.0    2.0    1.0    2.0    1.0    1.0    1.0
  0.39              2.0    2.0    7.0    1.0    2.0    1.0    1.0    1.0
  0.4               2.0    1.0    4.0    1.0    3.0    1.0    1.0    1.0
  0.41              1.0    1.0    2.0    1.0    2.0    1.0    1.0    1.0
  0.42              3.0    1.0    4.0    1.0    1.0    1.0    1.0    1.0
  0.43              1.0    1.0    1.0    1.0    2.0    1.0    1.0    1.0
  0.44              2.0    1.0    4.0    1.0    1.0    1.0    1.0    1.0
  0.45              3.0    1.0    3.0    1.0    3.0    1.0    1.0    1.0
  0.46              2.0    1.0    1.0    1.0    1.0    1.0    1.0    1.0
  0.47              1.0    2.0    4.0    1.0    1.0    1.0    2.0    1.0
  0.48              2.0    1.0    2.0    1.0    1.0    1.0    1.0    1.0
  0.49              3.0    1.0    5.0    2.0    1.0    1.0    1.0    1.0
  0.5               1.0    1.0    3.0    1.0    2.0    1.0    1.0    1.0
  0.51              1.0    1.0    4.0    1.0    1.0    1.0    1.0    1.0
  0.52              2.0    1.0    3.0    1.0    1.0    1.0    1.0    2.0
  0.53              1.0    1.0    2.0    1.0    3.0    1.0    1.0    1.0
  0.54              1.0    1.0    4.0    1.0    4.0    2.0    1.0    1.0
  0.55              1.0    1.0    2.0    1.0    1.0    2.0    1.0    1.0
  0.56              1.0    1.0    1.0    1.0    1.0    2.0    1.0    1.0
  0.57              1.0    1.0    3.0    1.0    2.0    1.0    1.0    1.0
  0.58              1.0    2.0    1.0    1.0    2.0    2.0    1.0    1.0
  0.59              1.0    1.0    1.0    2.0    2.0    2.0    1.0    1.0
  0.61              1.0    3.0    1.0    2.0    1.0    1.0    1.0    1.0
  0.62              1.0    2.0    1.0    1.0    1.0    1.0    1.0    1.0
  0.64              1.0    2.0    1.0    2.0    1.0    1.0    1.0    1.0
  0.65              1.0    4.0    2.0    1.0    1.0    1.0    1.0    1.0
  0.66              1.0    3.0    1.0    2.0    1.0    1.0    1.0    1.0
  0.67              1.0    6.0    1.0    2.0    1.0    1.0    1.0    1.0
  0.68              1.0    1.0    2.0    1.0    1.0    1.0    1.0    1.0
  0.69              1.0    2.0    1.0    1.0    1.0    1.0    1.0    1.0
  0.7               1.0    4.0    2.0    3.0    1.0    1.0    1.0    1.0
  0.71              1.0    6.0    1.0    3.0    1.0    1.0    1.0    1.0
  0.72              1.0    4.0    1.0    2.0    1.0    1.0    1.0    1.0
  0.73              1.0    2.0    1.0    5.0    1.0    1.0    1.0    1.0
  0.74              1.0    2.0    1.0    3.0    1.0    1.0    1.0    1.0
  0.75              1.0    4.0    1.0    3.0    1.0    1.0    1.0    1.0
  0.76              1.0    7.0    1.0    3.0    1.0    1.0    1.0    2.0
  0.77              1.0    4.0    1.0    4.0    1.0    1.0    1.0    1.0
  0.78              1.0    7.0    1.0    4.0    1.0    1.0    1.0    1.0
  0.79              1.0    5.0    1.0    2.0    1.0    1.0    1.0    1.0
  0.8               1.0    3.0    1.0    1.0    1.0    1.0    1.0    1.0
  0.81              1.0    3.0    1.0    3.0    1.0    1.0    1.0    1.0
  0.82              1.0    3.0    1.0    2.0    1.0    1.0    2.0    1.0
  0.84              1.0    2.0    2.0    1.0    1.0    1.0    1.0    1.0
  0.85              1.0    3.0    1.0    1.0    1.0    1.0    1.0    1.0
  0.86              1.0    3.0    1.0    2.0    1.0    1.0    1.0    1.0
  0.87              1.0    4.0    1.0    2.0    1.0    1.0    1.0    1.0
  0.88              1.0    4.0    1.0    1.0    1.0    1.0    1.0    1.0
  0.89              1.0    1.0    1.0    2.0    1.0    1.0    1.0    1.0
  0.9               1.0    3.0    1.0    1.0    1.0    1.0    1.0    1.0
  0.91              1.0    2.0    1.0    1.0    1.0    1.0    1.0    1.0
  0.92              1.0    3.0    1.0    2.0    1.0    1.0    1.0    1.0
  0.94              1.0    2.0    1.0    1.0    1.0    1.0    1.0    1.0
  1                 1.0    2.0    1.0    1.0    1.0    1.0    1.0    1.0
  [total]         157.0  159.0  134.0  117.0  102.0   87.0   84.0   84.0

alm2
  0                 1.0    1.0    1.0    1.0    1.0    1.0    1.0    1.0
  0.01              1.0    1.0    1.0    1.0    1.0    2.0    1.0    1.0
  0.14              1.0    1.0    1.0    1.0    1.0    1.0    1.0    1.0
  0.15              1.0    1.0    1.0    1.0    2.0    1.0    1.0    1.0
  0.16              1.0    1.0    1.0    1.0    1.0    2.0    1.0    1.0
  0.17              1.0    2.0    1.0    1.0    1.0    1.0    1.0    1.0
  0.19              1.0    1.0    3.0    1.0    1.0    1.0    1.0    1.0
  0.2               3.0    1.0    3.0    1.0    2.0    1.0    1.0    1.0
  0.21              1.0    2.0    2.0    1.0    2.0    1.0    1.0    1.0
  0.23              1.0    2.0    2.0    1.0    1.0    1.0    1.0    1.0
  0.24              1.0    1.0    2.0    1.0    1.0    1.0    1.0    1.0
  0.25              3.0    1.0    3.0    1.0    2.0    1.0    1.0    1.0
  0.26              2.0    1.0    2.0    1.0    2.0    1.0    1.0    1.0
  0.27              3.0    1.0    1.0    1.0    2.0    1.0    1.0    1.0
  0.28              3.0    1.0    1.0    1.0    3.0    2.0    1.0    1.0
  0.29              2.0    1.0    2.0    1.0    4.0    1.0    1.0    1.0
  0.3               2.0    1.0    3.0    1.0    3.0    2.0    2.0    1.0
  0.31              3.0    1.0    2.0    1.0    1.0    1.0    1.0    1.0
  0.32              2.0    2.0    3.0    1.0    1.0    1.0    1.0    1.0
  0.33              5.0    1.0    4.0    2.0    3.0    1.0    1.0    1.0
  0.34              4.0    2.0    3.0    1.0    1.0    1.0    1.0    1.0
  0.35              4.0    1.0    3.0    1.0    1.0    1.0    1.0    2.0
  0.36              4.0    1.0    3.0    1.0    2.0    2.0    1.0    1.0
  0.37              5.0    2.0    2.0    1.0    2.0    1.0    1.0    1.0
  0.38              3.0    1.0    5.0    1.0    2.0    1.0    1.0    1.0
  0.39              8.0    1.0    4.0    1.0    1.0    1.0    1.0    1.0
  0.4               4.0    1.0    3.0    1.0    1.0    1.0    1.0    1.0
  0.41              6.0    1.0    3.0    1.0    1.0    1.0    1.0    1.0
  0.42              3.0    1.0    3.0    1.0    1.0    1.0    1.0    1.0
  0.43              6.0    1.0    3.0    1.0    1.0    1.0    1.0    1.0
  0.44              5.0    2.0    2.0    1.0    1.0    1.0    1.0    1.0
  0.45              2.0    1.0    1.0    1.0    2.0    1.0    1.0    1.0
  0.46              4.0    1.0    1.0    1.0    1.0    1.0    1.0    1.0
  0.47              2.0    1.0    2.0    1.0    1.0    1.0    1.0    1.0
  0.48              2.0    2.0    2.0    1.0    1.0    1.0    1.0    1.0
  0.49              1.0    1.0    2.0    1.0    1.0    1.0    1.0    1.0
  0.5               3.0    1.0    1.0    1.0    1.0    1.0    1.0    1.0
  0.51              2.0    1.0    2.0    1.0    1.0    1.0    1.0    1.0
  0.52              2.0    2.0    3.0    1.0    2.0    1.0    1.0    1.0
  0.53              3.0    1.0    1.0    1.0    1.0    1.0    1.0    1.0
  0.54              1.0    2.0    2.0    1.0    1.0    1.0    1.0    1.0
  0.55              2.0    1.0    1.0    1.0    1.0    1.0    1.0    1.0
  0.56              3.0    1.0    3.0    1.0    1.0    1.0    1.0    1.0
  0.57              1.0    1.0    1.0    1.0    1.0    1.0    1.0    1.0
  0.58              1.0    1.0    1.0    1.0    1.0    1.0    1.0    1.0
  0.59              2.0    1.0    1.0    1.0    1.0    1.0    1.0    1.0
  0.61              1.0    1.0    1.0    1.0    1.0    1.0    1.0    1.0
  0.62              1.0    1.0    1.0    2.0    1.0    1.0    1.0    1.0
  0.63              1.0    2.0    1.0    1.0    1.0    1.0    1.0    1.0
  0.66              1.0    4.0    1.0    2.0    1.0    1.0    1.0    1.0
  0.67              1.0    2.0    1.0    1.0    1.0    1.0    1.0    1.0
  0.68              1.0    2.0    1.0    5.0    1.0    1.0    1.0    1.0
  0.69              1.0    5.0    1.0    1.0    1.0    1.0    1.0    1.0
  0.7               1.0    2.0    1.0    3.0    1.0    1.0    1.0    1.0
  0.71              1.0    4.0    1.0    1.0    1.0    1.0    1.0    1.0
  0.72              1.0    2.0    1.0    1.0    1.0    1.0    1.0    1.0
  0.73              1.0    4.0    1.0    1.0    1.0    1.0    1.0    1.0
  0.74              1.0    7.0    1.0    6.0    1.0    1.0    1.0    1.0
  0.75              1.0    3.0    1.0    3.0    1.0    1.0    1.0    1.0
  0.76              1.0    2.0    1.0    4.0    1.0    1.0    1.0    1.0
  0.77              1.0    2.0    1.0    4.0    1.0    1.0    1.0    1.0
  0.78              1.0    4.0    1.0    2.0    1.0    1.0    1.0    1.0
  0.79              1.0    7.0    1.0    5.0    1.0    1.0    1.0    2.0
  0.8               1.0    6.0    1.0    3.0    1.0    1.0    1.0    1.0
  0.81              1.0    5.0    1.0    2.0    1.0    1.0    1.0    1.0
  0.82              1.0    3.0    1.0    1.0    1.0    1.0    1.0    1.0
  0.83              1.0    4.0    1.0    3.0    1.0    1.0    1.0    1.0
  0.84              1.0    3.0    1.0    1.0    1.0    1.0    2.0    1.0
  0.85              1.0    2.0    2.0    1.0    1.0    1.0    1.0    1.0
  0.86              1.0    2.0    1.0    1.0    1.0    1.0    1.0    1.0
  0.87              1.0    2.0    1.0    2.0    1.0    1.0    1.0    1.0
  0.88              1.0    4.0    1.0    2.0    1.0    1.0    1.0    1.0
  0.89              1.0    4.0    1.0    1.0    1.0    1.0    1.0    1.0
  0.9               1.0    2.0    1.0    2.0    1.0    1.0    1.0    1.0
  0.92              1.0    3.0    1.0    1.0    1.0    1.0    1.0    1.0
  0.94              1.0    2.0    1.0    1.0    1.0    1.0    1.0    1.0
  0.99              1.0    2.0    1.0    1.0    1.0    1.0    1.0    1.0
  [total]         152.0  154.0  129.0  112.0   97.0   82.0   79.0   79.0



Time taken to build model: 0.27 seconds
Time taken to test model on training data: 0.06 seconds

=== Error on training data ===

Correctly Classified Instances         262               97.7612 %
Incorrectly Classified Instances         6                2.2388 %
Kappa statistic                          0.9711
K&B Relative Info Score              24038.8075 %
K&B Information Score                  579.9742 bits      2.1641 bits/instance
Class complexity | order 0             634.6038 bits      2.3679 bits/instance
Class complexity | scheme               54.9782 bits      0.2051 bits/instance
Complexity improvement     (Sf)        579.6256 bits      2.1628 bits/instance
Mean absolute error                      0.0272
Root mean squared error                  0.0808
Relative absolute error                 13.9303 %
Root relative squared error             25.8861 %
Total Number of Instances              268     


=== Detailed Accuracy By Class ===

               TP Rate   FP Rate   Precision   Recall  F-Measure   ROC Area  Class
                 1         0.005      0.987     1         0.993      1        cp
                 0.987     0.021      0.95      0.987     0.968      0.998    im
                 1         0.005      0.981     1         0.99       1        pp
                 0.914     0          1         0.914     0.955      1        imU
                 0.95      0          1         0.95      0.974      1        om
                 1         0          1         1         1          1        omL
                 1         0          1         1         1          1        imL
                 0.5       0          1         0.5       0.667      1        imS
Weighted Avg.    0.978     0.008      0.978     0.978     0.977      0.999


=== Confusion Matrix ===

  a  b  c  d  e  f  g  h   <-- classified as
 75  0  0  0  0  0  0  0 |  a = cp
  1 76  0  0  0  0  0  0 |  b = im
  0  0 52  0  0  0  0  0 |  c = pp
  0  3  0 32  0  0  0  0 |  d = imU
  0  0  1  0 19  0  0  0 |  e = om
  0  0  0  0  0  5  0  0 |  f = omL
  0  0  0  0  0  0  2  0 |  g = imL
  0  1  0  0  0  0  0  1 |  h = imS


=== Error on test data ===

Correctly Classified Instances          57               83.8235 %
Incorrectly Classified Instances        11               16.1765 %
Kappa statistic                          0     
K&B Relative Info Score               3243.8928 %
K&B Information Score                   78.264  bits      1.1509 bits/instance
Class complexity | order 0             126.5206 bits      1.8606 bits/instance
Class complexity | scheme               53.9146 bits      0.7929 bits/instance
Complexity improvement     (Sf)         72.606  bits      1.0677 bits/instance
Mean absolute error                      0.0861
Root mean squared error                  0.1802
Relative absolute error                 47.5418 %
Root relative squared error             62.4737 %
Total Number of Instances               68     


=== Detailed Accuracy By Class ===

               TP Rate   FP Rate   Precision   Recall  F-Measure   ROC Area  Class
                 0.838     0          1         0.838     0.912      ?        cp
                 0         0.059      0         0         0          ?        im
                 0         0.088      0         0         0          ?        pp
                 0         0          0         0         0          ?        imU
                 0         0.015      0         0         0          ?        om
                 0         0          0         0         0          ?        omL
                 0         0          0         0         0          ?        imL
                 0         0          0         0         0          ?        imS
Weighted Avg.    0.838     0          1         0.838     0.912      0    


=== Confusion Matrix ===

  a  b  c  d  e  f  g  h   <-- classified as
 57  4  6  0  1  0  0  0 |  a = cp
  0  0  0  0  0  0  0  0 |  b = im
  0  0  0  0  0  0  0  0 |  c = pp
  0  0  0  0  0  0  0  0 |  d = imU
  0  0  0  0  0  0  0  0 |  e = om
  0  0  0  0  0  0  0  0 |  f = omL
  0  0  0  0  0  0  0  0 |  g = imL
  0  0  0  0  0  0  0  0 |  h = imS

