
Radial basis function network
(Logistic regression applied to K-means clusters as basis functions):

Logistic Regression with ridge parameter of 1.0E-8
Coefficients...
                  Class
Variable              A        B        C        D        E        F        G        H        I        J        K        L        M        N        O        P        Q        R        S        T        U        V        W        X        Y
===============================================================================================================================================================================================================================================
pCluster_0_0     0.4848  -0.2328   -0.126  -0.3878  -0.1927   0.0135   -0.193  -0.3613   0.0971    0.467  -0.5399   0.3319  -0.2119  -0.2698  -0.2466  -0.2286  -0.3918  -0.3739  -0.1581   0.1229  -0.2506  -0.0231  -0.3454  -0.1482   0.1326
pCluster_0_1    -0.4848   0.2328    0.126   0.3878   0.1927  -0.0135    0.193   0.3613  -0.0971   -0.467   0.5399  -0.3319   0.2119   0.2698   0.2466   0.2286   0.3918   0.3739   0.1581  -0.1229   0.2506   0.0231   0.3454   0.1482  -0.1326
Intercept        0.0656  -0.0638  -0.0872  -0.0822    -0.03    0.052  -0.0252  -0.1902   0.0073  -0.0196  -0.2312   0.0623   -0.023   -0.028  -0.0728  -0.0028  -0.0749  -0.1037   -0.062    0.089   0.0019   0.0093  -0.0785  -0.0073   0.0681


Odds Ratios...
                  Class
Variable              A        B        C        D        E        F        G        H        I        J        K        L        M        N        O        P        Q        R        S        T        U        V        W        X        Y
===============================================================================================================================================================================================================================================
pCluster_0_0     1.6238   0.7923   0.8816   0.6786   0.8248   1.0136   0.8245   0.6968    1.102   1.5952   0.5828   1.3936    0.809   0.7635   0.7815   0.7957   0.6758   0.6881   0.8538   1.1308   0.7783   0.9772    0.708   0.8623   1.1418
pCluster_0_1     0.6158   1.2621   1.1343   1.4737   1.2125   0.9866   1.2128   1.4352   0.9074   0.6269   1.7158   0.7176   1.2361   1.3097   1.2796   1.2568   1.4797   1.4533   1.1712   0.8843   1.2848   1.0233   1.4125   1.1597   0.8758


Time taken to build model: 11.79 seconds
Time taken to test model on training data: 1.31 seconds

=== Error on training data ===

Correctly Classified Instances         863                5.3938 %
Incorrectly Classified Instances     15137               94.6063 %
Kappa statistic                          0.0145
K&B Relative Info Score              46032.2436 %
K&B Information Score                 2163.2558 bits      0.1352 bits/instance
Class complexity | order 0           75190.9228 bits      4.6994 bits/instance
Class complexity | scheme            74613.3278 bits      4.6633 bits/instance
Complexity improvement     (Sf)        577.595  bits      0.0361 bits/instance
Mean absolute error                      0.0738
Root mean squared error                  0.1921
Relative absolute error                 99.7953 %
Root relative squared error             99.8971 %
Total Number of Instances            16000     


=== Detailed Accuracy By Class ===

               TP Rate   FP Rate   Precision   Recall  F-Measure   ROC Area  Class
                 0.582     0.329      0.067     0.582     0.121      0.689    A
                 0         0          0         0         0          0.558    B
                 0         0          0         0         0          0.51     C
                 0         0          0         0         0          0.603    D
                 0         0          0         0         0          0.542    E
                 0         0          0         0         0          0.514    F
                 0         0          0         0         0          0.533    G
                 0         0          0         0         0          0.567    H
                 0         0          0         0         0          0.599    I
                 0         0          0         0         0          0.665    J
                 0         0          0         0         0          0.619    K
                 0         0          0         0         0          0.636    L
                 0         0          0         0         0          0.477    M
                 0         0          0         0         0          0.529    N
                 0         0          0         0         0          0.549    O
                 0         0          0         0         0          0.566    P
                 0.719     0.613      0.047     0.719     0.088      0.577    Q
                 0         0          0         0         0          0.597    R
                 0         0          0         0         0          0.532    S
                 0.022     0.018      0.049     0.022     0.03       0.572    T
                 0.029     0.026      0.045     0.029     0.035      0.538    U
                 0         0          0         0         0          0.541    V
                 0         0          0         0         0          0.544    W
                 0         0          0         0         0          0.507    X
                 0         0          0         0         0          0.569    Y
                 0         0          0         0         0          0.562    Z
Weighted Avg.    0.054     0.039      0.008     0.054     0.011      0.565


=== Confusion Matrix ===

   a   b   c   d   e   f   g   h   i   j   k   l   m   n   o   p   q   r   s   t   u   v   w   x   y   z   <-- classified as
 366   0   0   0   0   0   0   0   0   0   0   0   0   0   0   0 249   0   0   8   6   0   0   0   0   0 |   a = A
 177   0   0   0   0   0   0   0   0   0   0   0   0   0   0   0 394   0   0  15  20   0   0   0   0   0 |   b = B
 189   0   0   0   0   0   0   0   0   0   0   0   0   0   0   0 357   0   0  12  11   0   0   0   0   0 |   c = C
 160   0   0   0   0   0   0   0   0   0   0   0   0   0   0   0 464   0   0   3  12   0   0   0   0   0 |   d = D
 191   0   0   0   0   0   0   0   0   0   0   0   0   0   0   0 391   0   0  12  23   0   0   0   0   0 |   e = E
 245   0   0   0   0   0   0   0   0   0   0   0   0   0   0   0 365   0   0   9  10   0   0   0   0   0 |   f = F
 196   0   0   0   0   0   0   0   0   0   0   0   0   0   0   0 400   0   0   8  16   0   0   0   0   0 |   g = G
 144   0   0   0   0   0   0   0   0   0   0   0   0   0   0   0 397   0   0   9  16   0   0   0   0   0 |   h = H
 243   0   0   0   0   0   0   0   0   0   0   0   0   0   0   0 299   0   0  11  39   0   0   0   0   0 |   i = I
 328   0   0   0   0   0   0   0   0   0   0   0   0   0   0   0 208   0   0  22  18   0   0   0   0   0 |   j = J
 119   0   0   0   0   0   0   0   0   0   0   0   0   0   0   0 455   0   0  11  14   0   0   0   0   0 |   k = K
 316   0   0   0   0   0   0   0   0   0   0   0   0   0   0   0 263   0   0  12  26   0   0   0   0   0 |   l = L
 183   0   0   0   0   0   0   0   0   0   0   0   0   0   0   0 415   0   0  12  16   0   0   0   0   0 |   m = M
 174   0   0   0   0   0   0   0   0   0   0   0   0   0   0   0 426   0   0  14  24   0   0   0   0   0 |   n = N
 170   0   0   0   0   0   0   0   0   0   0   0   0   0   0   0 411   0   0  14   9   0   0   0   0   0 |   o = O
 192   0   0   0   0   0   0   0   0   0   0   0   0   0   0   0 432   0   0  11   8   0   0   0   0   0 |   p = P
 151   0   0   0   0   0   0   0   0   0   0   0   0   0   0   0 464   0   0  16  14   0   0   0   0   0 |   q = Q
 151   0   0   0   0   0   0   0   0   0   0   0   0   0   0   0 450   0   0   6  14   0   0   0   0   0 |   r = R
 184   0   0   0   0   0   0   0   0   0   0   0   0   0   0   0 372   0   0  12  22   0   0   0   0   0 |   s = S
 273   0   0   0   0   0   0   0   0   0   0   0   0   0   0   0 338   0   0  14  15   0   0   0   0   0 |   t = T
 185   0   0   0   0   0   0   0   0   0   0   0   0   0   0   0 432   0   0  16  19   0   0   0   0   0 |   u = U
 223   0   0   0   0   0   0   0   0   0   0   0   0   0   0   0 361   0   0  10  14   0   0   0   0   0 |   v = V
 159   0   0   0   0   0   0   0   0   0   0   0   0   0   0   0 444   0   0   7  18   0   0   0   0   0 |   w = W
 204   0   0   0   0   0   0   0   0   0   0   0   0   0   0   0 396   0   0  11  10   0   0   0   0   0 |   x = X
 270   0   0   0   0   0   0   0   0   0   0   0   0   0   0   0 332   0   0   7  17   0   0   0   0   0 |   y = Y
 230   0   0   0   0   0   0   0   0   0   0   0   0   0   0   0 354   0   0   2  13   0   0   0   0   0 |   z = Z


=== Error on test data ===

Correctly Classified Instances         203                5.075  %
Incorrectly Classified Instances      3797               94.925  %
Kappa statistic                          0.0146
K&B Relative Info Score              11187.0227 %
K&B Information Score                  525.727  bits      0.1314 bits/instance
Class complexity | order 0           18810.5263 bits      4.7026 bits/instance
Class complexity | scheme            18697.9773 bits      4.6745 bits/instance
Complexity improvement     (Sf)        112.549  bits      0.0281 bits/instance
Mean absolute error                      0.0738
Root mean squared error                  0.1922
Relative absolute error                 99.8159 %
Root relative squared error             99.9187 %
Total Number of Instances             4000     


=== Detailed Accuracy By Class ===

               TP Rate   FP Rate   Precision   Recall  F-Measure   ROC Area  Class
                 0.619     0.345      0.07      0.619     0.125      0.72     A
                 0         0          0         0         0          0.574    B
                 0         0          0         0         0          0.508    C
                 0         0          0         0         0          0.571    D
                 0         0          0         0         0          0.537    E
                 0         0          0         0         0          0.473    F
                 0         0          0         0         0          0.523    G
                 0         0          0         0         0          0.581    H
                 0         0          0         0         0          0.611    I
                 0         0          0         0         0          0.618    J
                 0         0          0         0         0          0.627    K
                 0         0          0         0         0          0.57     L
                 0         0          0         0         0          0.501    M
                 0         0          0         0         0          0.502    N
                 0         0          0         0         0          0.554    O
                 0         0          0         0         0          0.564    P
                 0.681     0.593      0.039     0.681     0.074      0.557    Q
                 0         0          0         0         0          0.595    R
                 0         0          0         0         0          0.538    S
                 0.026     0.017      0.058     0.026     0.036      0.57     T
                 0.037     0.03       0.05      0.037     0.043      0.489    U
                 0         0          0         0         0          0.559    V
                 0         0          0         0         0          0.568    W
                 0         0          0         0         0          0.511    X
                 0         0          0         0         0          0.554    Y
                 0         0          0         0         0          0.59     Z
Weighted Avg.    0.051     0.036      0.008     0.051     0.011      0.56 


=== Confusion Matrix ===

   a   b   c   d   e   f   g   h   i   j   k   l   m   n   o   p   q   r   s   t   u   v   w   x   y   z   <-- classified as
  99   0   0   0   0   0   0   0   0   0   0   0   0   0   0   0  54   0   0   2   5   0   0   0   0   0 |   a = A
  46   0   0   0   0   0   0   0   0   0   0   0   0   0   0   0 103   0   0   5   6   0   0   0   0   0 |   b = B
  61   0   0   0   0   0   0   0   0   0   0   0   0   0   0   0 100   0   0   2   4   0   0   0   0   0 |   c = C
  50   0   0   0   0   0   0   0   0   0   0   0   0   0   0   0 106   0   0   4   6   0   0   0   0   0 |   d = D
  51   0   0   0   0   0   0   0   0   0   0   0   0   0   0   0  92   0   0   2   6   0   0   0   0   0 |   e = E
  48   0   0   0   0   0   0   0   0   0   0   0   0   0   0   0  95   0   0   2   1   0   0   0   0   0 |   f = F
  50   0   0   0   0   0   0   0   0   0   0   0   0   0   0   0  98   0   0   2   3   0   0   0   0   0 |   g = G
  46   0   0   0   0   0   0   0   0   0   0   0   0   0   0   0 116   0   0   4   2   0   0   0   0   0 |   h = H
  83   0   0   0   0   0   0   0   0   0   0   0   0   0   0   0  71   0   0   0   9   0   0   0   0   0 |   i = I
  84   0   0   0   0   0   0   0   0   0   0   0   0   0   0   0  74   0   0   8   5   0   0   0   0   0 |   j = J
  30   0   0   0   0   0   0   0   0   0   0   0   0   0   0   0 103   0   0   2   5   0   0   0   0   0 |   k = K
  62   0   0   0   0   0   0   0   0   0   0   0   0   0   0   0  67   0   0   3  12   0   0   0   0   0 |   l = L
  44   0   0   0   0   0   0   0   0   0   0   0   0   0   0   0 116   0   0   2   4   0   0   0   0   0 |   m = M
  52   0   0   0   0   0   0   0   0   0   0   0   0   0   0   0  88   0   0   2   3   0   0   0   0   0 |   n = N
  46   0   0   0   0   0   0   0   0   0   0   0   0   0   0   0  99   0   0   3   1   0   0   0   0   0 |   o = O
  45   0   0   0   0   0   0   0   0   0   0   0   0   0   0   0 111   0   0   1   3   0   0   0   0   0 |   p = P
  36   0   0   0   0   0   0   0   0   0   0   0   0   0   0   0  94   0   0   2   6   0   0   0   0   0 |   q = Q
  31   0   0   0   0   0   0   0   0   0   0   0   0   0   0   0 101   0   0   2   3   0   0   0   0   0 |   r = R
  53   0   0   0   0   0   0   0   0   0   0   0   0   0   0   0 101   0   0   0   4   0   0   0   0   0 |   s = S
  68   0   0   0   0   0   0   0   0   0   0   0   0   0   0   0  79   0   0   4   5   0   0   0   0   0 |   t = T
  58   0   0   0   0   0   0   0   0   0   0   0   0   0   0   0  93   0   0   4   6   0   0   0   0   0 |   u = U
  64   0   0   0   0   0   0   0   0   0   0   0   0   0   0   0  86   0   0   1   5   0   0   0   0   0 |   v = V
  31   0   0   0   0   0   0   0   0   0   0   0   0   0   0   0  87   0   0   3   3   0   0   0   0   0 |   w = W
  61   0   0   0   0   0   0   0   0   0   0   0   0   0   0   0  99   0   0   1   5   0   0   0   0   0 |   x = X
  67   0   0   0   0   0   0   0   0   0   0   0   0   0   0   0  84   0   0   4   5   0   0   0   0   0 |   y = Y
  58   0   0   0   0   0   0   0   0   0   0   0   0   0   0   0  69   0   0   4   4   0   0   0   0   0 |   z = Z

