
AdaBoostM1: No boosting possible, one classifier used!
Decision Stump

Classifications

xegvy = 8 : I
xegvy != 8 : P
xegvy is missing : U

Class distributions

xegvy = 8
A	B	C	D	E	F	G	H	I	J	K	L	M	N	O	P	Q	R	S	T	U	V	W	X	Y	Z	
0.006613756613756613	0.07093253968253968	0.023974867724867725	0.07738095238095238	0.07705026455026455	0.03042328042328042	0.030753968253968252	0.06597222222222222	0.08167989417989419	0.010912698412698412	0.06365740740740741	0.03191137566137566	0.006779100529100529	0.05191798941798942	0.07457010582010581	0.002976190476190476	0.046130952380952384	0.013062169312169311	0.04365079365079365	0.03373015873015873	0.015046296296296295	0.0011574074074074073	0.005291005291005291	0.0701058201058201	0.0023148148148148147	0.062003968253968256	
xegvy != 8
A	B	C	D	E	F	G	H	I	J	K	L	M	N	O	P	Q	R	S	T	U	V	W	X	Y	Z	
0.05918408360128617	0.017785369774919613	0.04260450160771704	0.01718247588424437	0.015172829581993568	0.04471463022508038	0.043609324758842445	0.01678054662379421	0.00984726688102894	0.0512459807073955	0.0215032154340836	0.04260450160771704	0.058782154340836015	0.03255627009646302	0.01537379421221865	0.06280144694533762	0.03677652733118971	0.05446141479099678	0.0327572347266881	0.043810289389067524	0.05637057877813505	0.060389871382636656	0.05988745980707395	0.019795016077170418	0.0614951768488746	0.022508038585209004	
xegvy is missing
A	B	C	D	E	F	G	H	I	J	K	L	M	N	O	P	Q	R	S	T	U	V	W	X	Y	Z	
0.0393125	0.037875	0.0355625	0.0399375	0.0385625	0.0393125	0.03875	0.035375	0.037	0.036	0.0374375	0.0385625	0.039125	0.039875	0.03775	0.0401875	0.0403125	0.0388125	0.036875	0.04	0.04075	0.038	0.03925	0.0388125	0.039125	0.0374375	



Time taken to build model: 1.13 seconds
Time taken to test model on training data: 0.47 seconds

=== Error on training data ===

Correctly Classified Instances        1119                6.9938 %
Incorrectly Classified Instances     14881               93.0063 %
Kappa statistic                          0.0322
K&B Relative Info Score             152868.5455 %
K&B Information Score                 7183.9594 bits      0.449  bits/instance
Class complexity | order 0           75190.9228 bits      4.6994 bits/instance
Class complexity | scheme            70964.7965 bits      4.4353 bits/instance
Complexity improvement     (Sf)       4226.1264 bits      0.2641 bits/instance
Mean absolute error                      0.073 
Root mean squared error                  0.1911
Relative absolute error                 98.7081 %
Root relative squared error             99.352  %
Total Number of Instances            16000     


=== Detailed Accuracy By Class ===

               TP Rate   FP Rate   Precision   Recall  F-Measure   ROC Area  Class
                 0         0          0         0         0          0.664    A
                 0         0          0         0         0          0.671    B
                 0         0          0         0         0          0.564    C
                 0         0          0         0         0          0.685    D
                 0         0          0         0         0          0.696    E
                 0         0          0         0         0          0.544    F
                 0         0          0         0         0          0.541    G
                 0         0          0         0         0          0.669    H
                 0.834     0.36       0.082     0.834     0.149      0.737    I
                 0         0          0         0         0          0.637    J
                 0         0          0         0         0          0.638    K
                 0         0          0         0         0          0.534    L
                 0         0          0         0         0          0.663    M
                 0         0          0         0         0          0.559    N
                 0         0          0         0         0          0.692    O
                 0.972     0.607      0.063     0.972     0.118      0.682    P
                 0         0          0         0         0          0.528    Q
                 0         0          0         0         0          0.63     R
                 0         0          0         0         0          0.536    S
                 0         0          0         0         0          0.531    T
                 0         0          0         0         0          0.624    U
                 0         0          0         0         0          0.69     V
                 0         0          0         0         0          0.67     W
                 0         0          0         0         0          0.659    X
                 0         0          0         0         0          0.685    Y
                 0         0          0         0         0          0.629    Z
Weighted Avg.    0.07      0.038      0.006     0.07      0.01       0.629


=== Confusion Matrix ===

   a   b   c   d   e   f   g   h   i   j   k   l   m   n   o   p   q   r   s   t   u   v   w   x   y   z   <-- classified as
   0   0   0   0   0   0   0   0  40   0   0   0   0   0   0 589   0   0   0   0   0   0   0   0   0   0 |   a = A
   0   0   0   0   0   0   0   0 429   0   0   0   0   0   0 177   0   0   0   0   0   0   0   0   0   0 |   b = B
   0   0   0   0   0   0   0   0 145   0   0   0   0   0   0 424   0   0   0   0   0   0   0   0   0   0 |   c = C
   0   0   0   0   0   0   0   0 468   0   0   0   0   0   0 171   0   0   0   0   0   0   0   0   0   0 |   d = D
   0   0   0   0   0   0   0   0 466   0   0   0   0   0   0 151   0   0   0   0   0   0   0   0   0   0 |   e = E
   0   0   0   0   0   0   0   0 184   0   0   0   0   0   0 445   0   0   0   0   0   0   0   0   0   0 |   f = F
   0   0   0   0   0   0   0   0 186   0   0   0   0   0   0 434   0   0   0   0   0   0   0   0   0   0 |   g = G
   0   0   0   0   0   0   0   0 399   0   0   0   0   0   0 167   0   0   0   0   0   0   0   0   0   0 |   h = H
   0   0   0   0   0   0   0   0 494   0   0   0   0   0   0  98   0   0   0   0   0   0   0   0   0   0 |   i = I
   0   0   0   0   0   0   0   0  66   0   0   0   0   0   0 510   0   0   0   0   0   0   0   0   0   0 |   j = J
   0   0   0   0   0   0   0   0 385   0   0   0   0   0   0 214   0   0   0   0   0   0   0   0   0   0 |   k = K
   0   0   0   0   0   0   0   0 193   0   0   0   0   0   0 424   0   0   0   0   0   0   0   0   0   0 |   l = L
   0   0   0   0   0   0   0   0  41   0   0   0   0   0   0 585   0   0   0   0   0   0   0   0   0   0 |   m = M
   0   0   0   0   0   0   0   0 314   0   0   0   0   0   0 324   0   0   0   0   0   0   0   0   0   0 |   n = N
   0   0   0   0   0   0   0   0 451   0   0   0   0   0   0 153   0   0   0   0   0   0   0   0   0   0 |   o = O
   0   0   0   0   0   0   0   0  18   0   0   0   0   0   0 625   0   0   0   0   0   0   0   0   0   0 |   p = P
   0   0   0   0   0   0   0   0 279   0   0   0   0   0   0 366   0   0   0   0   0   0   0   0   0   0 |   q = Q
   0   0   0   0   0   0   0   0  79   0   0   0   0   0   0 542   0   0   0   0   0   0   0   0   0   0 |   r = R
   0   0   0   0   0   0   0   0 264   0   0   0   0   0   0 326   0   0   0   0   0   0   0   0   0   0 |   s = S
   0   0   0   0   0   0   0   0 204   0   0   0   0   0   0 436   0   0   0   0   0   0   0   0   0   0 |   t = T
   0   0   0   0   0   0   0   0  91   0   0   0   0   0   0 561   0   0   0   0   0   0   0   0   0   0 |   u = U
   0   0   0   0   0   0   0   0   7   0   0   0   0   0   0 601   0   0   0   0   0   0   0   0   0   0 |   v = V
   0   0   0   0   0   0   0   0  32   0   0   0   0   0   0 596   0   0   0   0   0   0   0   0   0   0 |   w = W
   0   0   0   0   0   0   0   0 424   0   0   0   0   0   0 197   0   0   0   0   0   0   0   0   0   0 |   x = X
   0   0   0   0   0   0   0   0  14   0   0   0   0   0   0 612   0   0   0   0   0   0   0   0   0   0 |   y = Y
   0   0   0   0   0   0   0   0 375   0   0   0   0   0   0 224   0   0   0   0   0   0   0   0   0   0 |   z = Z


=== Error on test data ===

Correctly Classified Instances         296                7.4    %
Incorrectly Classified Instances      3704               92.6    %
Kappa statistic                          0.0351
K&B Relative Info Score              38842.726  %
K&B Information Score                 1825.389  bits      0.4563 bits/instance
Class complexity | order 0           18810.5263 bits      4.7026 bits/instance
Class complexity | scheme            17741.1976 bits      4.4353 bits/instance
Complexity improvement     (Sf)       1069.3287 bits      0.2673 bits/instance
Mean absolute error                      0.073 
Root mean squared error                  0.191 
Relative absolute error                 98.6856 %
Root relative squared error             99.3393 %
Total Number of Instances             4000     


=== Detailed Accuracy By Class ===

               TP Rate   FP Rate   Precision   Recall  F-Measure   ROC Area  Class
                 0         0          0         0         0          0.689    A
                 0         0          0         0         0          0.666    B
                 0         0          0         0         0          0.599    C
                 0         0          0         0         0          0.65     D
                 0         0          0         0         0          0.684    E
                 0         0          0         0         0          0.509    F
                 0         0          0         0         0          0.484    G
                 0         0          0         0         0          0.68     H
                 0.883     0.373      0.091     0.883     0.166      0.755    I
                 0         0          0         0         0          0.614    J
                 0         0          0         0         0          0.64     K
                 0         0          0         0         0          0.513    L
                 0         0          0         0         0          0.668    M
                 0         0          0         0         0          0.568    N
                 0         0          0         0         0          0.7      O
                 0.95      0.592      0.063     0.95      0.118      0.679    P
                 0         0          0         0         0          0.532    Q
                 0         0          0         0         0          0.636    R
                 0         0          0         0         0          0.509    S
                 0         0          0         0         0          0.555    T
                 0         0          0         0         0          0.641    U
                 0         0          0         0         0          0.705    V
                 0         0          0         0         0          0.67     W
                 0         0          0         0         0          0.656    X
                 0         0          0         0         0          0.689    Y
                 0         0          0         0         0          0.61     Z
Weighted Avg.    0.074     0.039      0.006     0.074     0.011      0.628


=== Confusion Matrix ===

   a   b   c   d   e   f   g   h   i   j   k   l   m   n   o   p   q   r   s   t   u   v   w   x   y   z   <-- classified as
   0   0   0   0   0   0   0   0   5   0   0   0   0   0   0 155   0   0   0   0   0   0   0   0   0   0 |   a = A
   0   0   0   0   0   0   0   0 114   0   0   0   0   0   0  46   0   0   0   0   0   0   0   0   0   0 |   b = B
   0   0   0   0   0   0   0   0  34   0   0   0   0   0   0 133   0   0   0   0   0   0   0   0   0   0 |   c = C
   0   0   0   0   0   0   0   0 113   0   0   0   0   0   0  53   0   0   0   0   0   0   0   0   0   0 |   d = D
   0   0   0   0   0   0   0   0 113   0   0   0   0   0   0  38   0   0   0   0   0   0   0   0   0   0 |   e = E
   0   0   0   0   0   0   0   0  55   0   0   0   0   0   0  91   0   0   0   0   0   0   0   0   0   0 |   f = F
   0   0   0   0   0   0   0   0  65   0   0   0   0   0   0  88   0   0   0   0   0   0   0   0   0   0 |   g = G
   0   0   0   0   0   0   0   0 124   0   0   0   0   0   0  44   0   0   0   0   0   0   0   0   0   0 |   h = H
   0   0   0   0   0   0   0   0 144   0   0   0   0   0   0  19   0   0   0   0   0   0   0   0   0   0 |   i = I
   0   0   0   0   0   0   0   0  30   0   0   0   0   0   0 141   0   0   0   0   0   0   0   0   0   0 |   j = J
   0   0   0   0   0   0   0   0  93   0   0   0   0   0   0  47   0   0   0   0   0   0   0   0   0   0 |   k = K
   0   0   0   0   0   0   0   0  53   0   0   0   0   0   0  91   0   0   0   0   0   0   0   0   0   0 |   l = L
   0   0   0   0   0   0   0   0  12   0   0   0   0   0   0 154   0   0   0   0   0   0   0   0   0   0 |   m = M
   0   0   0   0   0   0   0   0  76   0   0   0   0   0   0  69   0   0   0   0   0   0   0   0   0   0 |   n = N
   0   0   0   0   0   0   0   0 116   0   0   0   0   0   0  33   0   0   0   0   0   0   0   0   0   0 |   o = O
   0   0   0   0   0   0   0   0   8   0   0   0   0   0   0 152   0   0   0   0   0   0   0   0   0   0 |   p = P
   0   0   0   0   0   0   0   0  63   0   0   0   0   0   0  75   0   0   0   0   0   0   0   0   0   0 |   q = Q
   0   0   0   0   0   0   0   0  18   0   0   0   0   0   0 119   0   0   0   0   0   0   0   0   0   0 |   r = R
   0   0   0   0   0   0   0   0  65   0   0   0   0   0   0  93   0   0   0   0   0   0   0   0   0   0 |   s = S
   0   0   0   0   0   0   0   0  45   0   0   0   0   0   0 111   0   0   0   0   0   0   0   0   0   0 |   t = T
   0   0   0   0   0   0   0   0  20   0   0   0   0   0   0 141   0   0   0   0   0   0   0   0   0   0 |   u = U
   0   0   0   0   0   0   0   0   0   0   0   0   0   0   0 156   0   0   0   0   0   0   0   0   0   0 |   v = V
   0   0   0   0   0   0   0   0   8   0   0   0   0   0   0 116   0   0   0   0   0   0   0   0   0   0 |   w = W
   0   0   0   0   0   0   0   0 115   0   0   0   0   0   0  51   0   0   0   0   0   0   0   0   0   0 |   x = X
   0   0   0   0   0   0   0   0   5   0   0   0   0   0   0 155   0   0   0   0   0   0   0   0   0   0 |   y = Y
   0   0   0   0   0   0   0   0  82   0   0   0   0   0   0  53   0   0   0   0   0   0   0   0   0   0 |   z = Z

