

=== Predictions under cross-validation ===

 inst#     actual  predicted error prediction (top-left-square,top-middle-square,top-right-square,middle-left-square,middle-middle-square,middle-right-square,bottom-left-square,bottom-middle-square,bottom-right-square)
     1 2:negative 2:negative       1 (b,o,x,x,o,x,b,o,b)
     2 2:negative 2:negative       1 (o,o,o,b,x,x,x,o,x)
     3 2:negative 2:negative       1 (o,x,x,o,o,b,x,x,o)
     4 2:negative 2:negative       1 (b,x,o,x,o,x,o,o,x)
     5 2:negative 2:negative       1 (b,x,x,o,o,o,b,x,b)
     6 2:negative 2:negative       1 (b,x,x,x,o,x,o,o,o)
     7 2:negative 2:negative       1 (o,x,o,x,x,o,x,b,o)
     8 2:negative 2:negative       1 (x,x,o,x,b,o,b,b,o)
     9 2:negative 2:negative       1 (o,o,o,x,x,b,b,b,x)
    10 2:negative 2:negative       1 (x,b,x,x,x,o,o,o,o)
    11 2:negative 2:negative       1 (o,x,x,x,o,b,x,o,o)
    12 2:negative 2:negative       1 (o,x,x,x,o,x,o,b,o)
    13 2:negative 2:negative       1 (o,x,b,o,o,x,o,x,x)
    14 2:negative 2:negative       1 (x,b,x,o,x,x,o,o,o)
    15 2:negative 2:negative       1 (o,o,x,x,o,x,x,o,b)
    16 2:negative 2:negative       1 (b,b,x,o,o,o,x,b,x)
    17 2:negative 2:negative       1 (o,x,o,x,o,x,o,x,b)
    18 2:negative 2:negative       1 (o,x,x,b,o,b,b,x,o)
    19 2:negative 2:negative       1 (b,x,o,o,o,x,o,x,x)
    20 2:negative 2:negative       1 (o,x,o,x,o,b,x,x,o)
    21 2:negative 2:negative       1 (o,b,o,o,x,x,o,x,x)
    22 2:negative 2:negative       1 (o,x,x,o,x,x,o,b,o)
    23 2:negative 2:negative       1 (o,b,x,b,o,x,x,b,o)
    24 2:negative 2:negative       1 (o,x,b,o,b,b,o,x,x)
    25 2:negative 2:negative       1 (b,b,o,x,b,o,x,x,o)
    26 2:negative 2:negative       1 (x,b,o,o,x,o,x,x,o)
    27 2:negative 2:negative       1 (x,x,o,b,b,o,x,b,o)
    28 2:negative 1:positive   +   1 (o,x,x,x,o,o,x,o,x)
    29 2:negative 2:negative       1 (o,b,x,x,o,x,b,b,o)
    30 2:negative 2:negative       1 (o,o,x,x,o,x,x,b,o)
    31 2:negative 2:negative       1 (x,o,x,b,o,b,x,o,b)
    32 2:negative 2:negative       1 (x,x,b,o,o,o,x,o,x)
    33 2:negative 2:negative       1 (o,o,o,x,o,x,b,x,x)
    34 2:negative 2:negative       1 (x,o,o,x,x,o,b,x,o)
    35 1:positive 1:positive       1 (o,x,x,b,o,x,o,b,x)
    36 1:positive 1:positive       1 (o,b,o,b,x,o,x,x,x)
    37 1:positive 1:positive       1 (o,x,b,x,x,o,o,x,b)
    38 1:positive 1:positive       1 (o,o,b,x,x,x,b,o,x)
    39 1:positive 1:positive       1 (b,o,x,o,b,o,x,x,x)
    40 1:positive 1:positive       1 (b,x,b,b,x,o,b,x,o)
    41 1:positive 1:positive       1 (b,o,o,x,o,b,x,x,x)
    42 1:positive 1:positive       1 (o,x,x,o,x,b,x,o,b)
    43 1:positive 1:positive       1 (x,b,o,x,b,b,x,b,o)
    44 1:positive 1:positive       1 (b,b,o,x,x,x,x,o,o)
    45 1:positive 1:positive       1 (o,b,b,x,o,o,x,x,x)
    46 1:positive 1:positive       1 (b,o,o,o,x,b,x,x,x)
    47 1:positive 1:positive       1 (o,b,b,o,b,b,x,x,x)
    48 1:positive 1:positive       1 (x,o,b,x,x,o,b,o,x)
    49 1:positive 1:positive       1 (o,x,b,x,x,x,b,o,o)
    50 1:positive 1:positive       1 (b,x,x,o,x,o,x,o,b)
    51 1:positive 1:positive       1 (o,o,x,b,x,o,x,b,x)
    52 1:positive 1:positive       1 (b,x,o,x,x,o,o,x,b)
    53 1:positive 1:positive       1 (o,x,x,b,x,o,x,o,b)
    54 1:positive 1:positive       1 (o,b,x,b,b,x,b,o,x)
    55 1:positive 1:positive       1 (x,b,o,o,x,o,b,x,x)
    56 1:positive 1:positive       1 (o,b,b,o,o,x,x,x,x)
    57 1:positive 1:positive       1 (b,x,o,o,x,x,b,x,o)
    58 1:positive 1:positive       1 (o,b,o,x,x,x,x,b,o)
    59 1:positive 1:positive       1 (o,x,x,o,b,x,b,o,x)
    60 1:positive 1:positive       1 (o,x,x,b,x,o,b,x,o)
    61 1:positive 1:positive       1 (b,b,o,b,o,b,x,x,x)
    62 1:positive 1:positive       1 (o,b,x,b,x,o,x,b,b)
    63 1:positive 1:positive       1 (x,b,o,x,x,b,x,o,o)
    64 1:positive 1:positive       1 (o,o,x,x,x,x,o,x,o)
    65 1:positive 1:positive       1 (x,b,b,o,x,b,o,b,x)
    66 1:positive 1:positive       1 (x,b,b,x,o,o,x,b,b)
    67 1:positive 1:positive       1 (b,o,x,b,x,o,x,b,b)
    68 1:positive 1:positive       1 (x,b,b,o,x,o,x,o,x)
    69 1:positive 1:positive       1 (x,o,b,o,b,o,x,x,x)
    70 1:positive 1:positive       1 (o,b,x,o,x,b,x,o,x)
    71 1:positive 1:positive       1 (o,b,x,o,x,o,x,x,b)
    72 1:positive 1:positive       1 (b,o,b,o,x,o,x,x,x)
    73 1:positive 1:positive       1 (b,o,x,b,x,x,x,o,o)
    74 1:positive 1:positive       1 (x,o,b,x,o,o,x,x,b)
    75 1:positive 1:positive       1 (x,b,o,b,x,o,x,o,x)
    76 1:positive 1:positive       1 (o,x,x,o,o,x,b,b,x)
    77 1:positive 1:positive       1 (b,o,o,x,x,x,x,b,o)
     1 2:negative 2:negative       1 (x,x,o,b,o,o,x,x,o)
     2 2:negative 2:negative       1 (o,b,x,b,o,x,b,x,o)
     3 2:negative 2:negative       1 (o,o,x,x,o,b,x,x,o)
     4 2:negative 2:negative       1 (o,b,o,x,x,o,x,x,o)
     5 2:negative 2:negative       1 (o,x,b,o,x,b,o,b,x)
     6 2:negative 2:negative       1 (b,x,o,x,o,b,o,b,x)
     7 2:negative 2:negative       1 (o,o,o,b,x,x,x,x,o)
     8 2:negative 2:negative       1 (o,x,x,b,o,x,b,b,o)
     9 2:negative 1:positive   +   0.99 (o,x,x,x,x,o,o,o,x)
    10 2:negative 2:negative       1 (o,x,x,o,o,b,o,x,x)
    11 2:negative 2:negative       1 (o,o,o,x,x,b,x,x,o)
    12 2:negative 2:negative       1 (x,x,o,o,o,x,x,x,o)
    13 2:negative 2:negative       1 (o,b,b,x,o,x,x,b,o)
    14 2:negative 2:negative       1 (o,b,o,x,o,x,o,x,x)
    15 2:negative 2:negative       1 (b,x,x,o,o,o,x,x,o)
    16 2:negative 2:negative       1 (b,b,o,x,o,b,o,x,x)
    17 2:negative 2:negative       1 (o,x,x,o,b,x,o,x,o)
    18 2:negative 2:negative       1 (b,b,o,b,x,o,x,x,o)
    19 2:negative 2:negative       1 (b,b,o,x,o,x,o,b,x)
    20 2:negative 2:negative       1 (x,o,o,b,o,x,o,x,x)
    21 2:negative 2:negative       1 (o,x,x,o,o,x,o,x,b)
    22 2:negative 2:negative       1 (x,o,o,b,x,o,x,x,o)
    23 2:negative 2:negative       1 (o,x,x,x,o,x,b,o,o)
    24 2:negative 2:negative       1 (b,b,x,b,x,x,o,o,o)
    25 2:negative 2:negative       1 (o,x,o,x,o,x,x,o,x)
    26 2:negative 2:negative       1 (b,x,o,x,b,o,x,b,o)
    27 2:negative 2:negative       1 (o,x,x,o,b,b,o,b,x)
    28 2:negative 2:negative       1 (x,x,o,o,o,x,x,o,x)
    29 2:negative 2:negative       1 (x,b,o,x,o,o,o,x,x)
    30 2:negative 2:negative       1 (b,x,o,x,o,o,x,x,o)
    31 2:negative 2:negative       1 (x,b,x,o,o,o,b,x,b)
    32 2:negative 2:negative       1 (b,o,o,x,o,x,x,o,x)
    33 2:negative 2:negative       1 (o,x,x,x,x,b,o,o,o)
    34 2:negative 2:negative       1 (x,x,o,x,o,o,o,x,b)
    35 1:positive 1:positive       0.99 (b,o,b,x,x,x,o,b,b)
    36 1:positive 1:positive       0.99 (x,b,b,x,b,b,x,o,o)
    37 1:positive 1:positive       0.99 (x,b,x,b,x,o,x,o,o)
    38 1:positive 1:positive       0.99 (b,x,o,o,x,x,o,x,b)
    39 1:positive 1:positive       0.99 (x,o,b,o,x,o,x,b,x)
    40 1:positive 1:positive       0.99 (o,o,b,x,x,x,b,x,o)
    41 1:positive 1:positive       0.99 (o,x,b,b,o,o,x,x,x)
    42 1:positive 1:positive       0.99 (o,b,b,x,x,x,x,o,o)
    43 1:positive 1:positive       0.99 (o,x,b,b,x,o,o,x,x)
    44 1:positive 1:positive       0.99 (o,o,x,o,x,b,x,x,b)
    45 1:positive 2:negative   +   1 (o,x,x,x,o,x,o,o,x)
    46 1:positive 1:positive       0.99 (o,b,o,b,b,b,x,x,x)
    47 1:positive 1:positive       0.99 (b,o,o,b,x,o,x,x,x)
    48 1:positive 1:positive       0.99 (b,b,x,o,x,b,x,b,o)
    49 1:positive 1:positive       0.99 (o,o,x,b,o,b,x,x,x)
    50 1:positive 1:positive       0.99 (b,o,b,x,x,x,o,x,o)
    51 1:positive 1:positive       0.99 (x,b,b,x,o,x,x,o,o)
    52 1:positive 1:positive       0.99 (o,x,o,x,x,x,x,o,o)
    53 1:positive 1:positive       0.99 (x,b,o,x,o,x,x,o,b)
    54 1:positive 1:positive       0.99 (x,o,b,b,x,b,b,o,x)
    55 1:positive 1:positive       0.99 (o,o,x,o,x,b,x,b,x)
    56 1:positive 1:positive       0.99 (o,x,o,b,x,b,x,x,o)
    57 1:positive 1:positive       0.99 (o,b,x,o,x,b,x,x,o)
    58 1:positive 1:positive       0.99 (o,x,o,x,x,b,o,x,b)
    59 1:positive 1:positive       0.99 (o,b,x,b,o,x,b,b,x)
    60 1:positive 1:positive       0.99 (x,o,b,x,b,o,x,x,o)
    61 1:positive 1:positive       0.99 (x,b,o,x,b,b,x,o,b)
    62 1:positive 1:positive       0.99 (b,b,o,x,x,x,b,o,b)
    63 1:positive 1:positive       0.99 (b,o,x,b,x,b,x,o,b)
    64 1:positive 1:positive       0.99 (b,o,o,x,x,x,b,o,x)
    65 1:positive 1:positive       0.99 (o,o,x,b,x,o,x,x,b)
    66 1:positive 1:positive       0.99 (o,o,x,b,b,x,b,b,x)
    67 1:positive 2:negative   +   1 (o,x,o,x,o,o,x,x,x)
    68 1:positive 1:positive       0.99 (b,x,x,o,o,x,b,o,x)
    69 1:positive 1:positive       0.99 (o,b,x,x,x,x,o,b,o)
    70 1:positive 1:positive       0.99 (o,o,x,x,x,x,b,b,o)
    71 1:positive 1:positive       0.99 (b,b,b,x,x,x,b,o,o)
    72 1:positive 1:positive       0.99 (o,b,o,x,x,x,b,b,b)
    73 1:positive 1:positive       0.99 (o,b,x,b,x,o,x,x,o)
    74 1:positive 1:positive       0.99 (b,o,x,o,x,o,x,x,b)
    75 1:positive 1:positive       0.99 (o,x,o,x,x,x,o,x,o)
    76 1:positive 1:positive       0.99 (o,x,b,o,b,o,x,x,x)
    77 1:positive 1:positive       0.99 (o,x,x,b,x,b,o,x,o)
     1 2:negative 2:negative       1 (b,b,x,o,o,o,x,x,b)
     2 2:negative 2:negative       1 (o,x,o,x,b,o,x,x,o)
     3 2:negative 2:negative       1 (x,o,x,x,x,b,o,o,o)
     4 2:negative 2:negative       1 (x,x,o,b,x,x,o,o,o)
     5 2:negative 2:negative       1 (x,x,o,b,o,x,o,x,o)
     6 2:negative 2:negative       1 (o,o,o,b,x,b,b,x,x)
     7 2:negative 2:negative       1 (b,x,x,b,b,x,o,o,o)
     8 2:negative 2:negative       1 (o,x,x,o,o,o,x,b,x)
     9 2:negative 2:negative       1 (b,x,o,b,o,x,o,x,b)
    10 2:negative 2:negative       1 (o,o,o,x,x,b,x,o,x)
    11 2:negative 2:negative       1 (x,x,o,b,x,o,x,o,o)
    12 2:negative 2:negative       1 (o,o,o,b,x,x,o,x,x)
    13 2:negative 2:negative       1 (o,x,b,x,o,x,o,x,o)
    14 2:negative 2:negative       1 (b,o,x,x,o,x,x,o,o)
    15 2:negative 2:negative       1 (x,b,b,b,x,x,o,o,o)
    16 2:negative 2:negative       1 (x,x,b,x,b,b,o,o,o)
    17 2:negative 2:negative       1 (b,x,x,o,o,o,x,b,b)
    18 2:negative 2:negative       1 (x,x,o,o,o,o,x,b,x)
    19 2:negative 2:negative       1 (o,b,b,o,x,x,o,b,x)
    20 2:negative 2:negative       1 (x,x,o,o,b,o,x,x,o)
    21 2:negative 2:negative       1 (o,o,o,b,x,b,x,b,x)
    22 2:negative 2:negative       1 (o,b,x,o,x,b,o,x,b)
    23 2:negative 2:negative       1 (o,b,b,x,o,b,x,x,o)
    24 2:negative 2:negative       1 (x,o,o,x,o,b,o,x,x)
    25 2:negative 2:negative       1 (x,x,o,x,o,b,o,b,b)
    26 2:negative 2:negative       1 (o,x,b,o,b,x,o,x,b)
    27 2:negative 2:negative       1 (o,o,b,x,o,x,x,o,x)
    28 2:negative 2:negative       1 (x,o,x,x,o,x,b,o,o)
    29 2:negative 2:negative       1 (x,o,x,o,o,o,x,x,b)
    30 2:negative 2:negative       1 (o,x,b,o,x,x,o,b,b)
    31 2:negative 2:negative       1 (o,b,x,o,b,x,o,x,b)
    32 2:negative 2:negative       1 (o,o,x,x,o,x,b,x,o)
    33 2:negative 1:positive   +   0.992 (o,o,x,x,x,o,o,x,x)
    34 1:positive 1:positive       0.992 (o,o,x,o,x,x,b,b,x)
    35 1:positive 1:positive       0.992 (o,b,o,x,x,x,b,x,o)
    36 1:positive 1:positive       0.992 (o,x,o,x,x,x,b,b,o)
    37 1:positive 1:positive       0.992 (o,x,x,o,x,o,x,b,b)
    38 1:positive 1:positive       0.992 (o,b,x,o,x,o,x,b,x)
    39 1:positive 1:positive       0.992 (o,x,b,b,x,o,x,x,o)
    40 1:positive 1:positive       0.992 (o,x,b,o,x,b,x,x,o)
    41 1:positive 1:positive       0.992 (b,b,x,o,o,x,o,x,x)
    42 1:positive 1:positive       0.992 (o,b,x,o,b,o,x,x,x)
    43 1:positive 1:positive       0.992 (o,o,x,x,b,x,o,b,x)
    44 1:positive 1:positive       0.992 (o,x,x,o,x,b,b,x,o)
    45 1:positive 1:positive       0.992 (b,o,x,o,x,b,x,x,o)
    46 1:positive 1:positive       0.992 (b,o,x,x,x,x,o,b,o)
    47 1:positive 1:positive       0.992 (x,b,o,x,o,b,x,b,b)
    48 1:positive 1:positive       0.992 (b,b,o,o,o,x,x,x,x)
    49 1:positive 1:positive       0.992 (o,b,x,x,x,x,o,o,b)
    50 1:positive 1:positive       0.992 (o,x,o,x,x,o,b,x,b)
    51 1:positive 1:positive       0.992 (b,o,x,o,x,b,x,b,b)
    52 1:positive 1:positive       0.992 (x,b,x,o,o,x,b,o,x)
    53 1:positive 1:positive       0.992 (b,b,x,o,b,x,o,b,x)
    54 1:positive 1:positive       0.992 (o,o,x,b,b,x,x,o,x)
    55 1:positive 1:positive       0.992 (o,x,x,o,x,o,x,x,o)
    56 1:positive 1:positive       0.992 (o,o,x,o,o,x,x,x,x)
    57 1:positive 1:positive       0.992 (o,x,o,x,x,o,o,x,x)
    58 1:positive 1:positive       0.992 (b,o,b,b,b,o,x,x,x)
    59 1:positive 1:positive       0.992 (o,o,x,x,x,o,x,b,b)
    60 1:positive 1:positive       0.992 (o,x,b,x,x,x,o,b,o)
    61 1:positive 1:positive       0.992 (b,b,b,b,o,o,x,x,x)
    62 1:positive 1:positive       0.992 (o,o,x,x,o,o,x,x,x)
    63 1:positive 1:positive       0.992 (o,o,x,x,o,x,o,x,x)
    64 1:positive 1:positive       0.992 (o,o,b,x,x,x,o,b,x)
    65 1:positive 1:positive       0.992 (x,b,o,x,o,b,x,x,o)
    66 1:positive 1:positive       0.992 (o,b,x,o,x,x,x,o,b)
    67 1:positive 1:positive       0.992 (o,o,b,x,x,x,x,b,o)
    68 1:positive 1:positive       0.992 (o,b,x,x,o,x,o,b,x)
    69 1:positive 1:positive       0.992 (x,o,b,o,x,o,b,x,x)
    70 1:positive 1:positive       0.992 (b,b,x,o,b,x,b,o,x)
    71 1:positive 1:positive       0.992 (o,b,x,o,b,x,b,b,x)
    72 1:positive 1:positive       0.992 (o,b,o,o,x,b,x,x,x)
    73 1:positive 1:positive       0.992 (o,x,o,o,x,x,b,x,b)
    74 1:positive 1:positive       0.992 (o,o,x,x,x,o,x,o,x)
    75 1:positive 1:positive       0.992 (o,x,x,o,x,o,x,o,x)
    76 1:positive 1:positive       0.992 (o,o,x,b,o,x,b,x,x)
    77 1:positive 1:positive       0.992 (x,b,o,x,b,o,x,o,x)
     1 2:negative 2:negative       1 (x,b,o,o,o,x,o,x,x)
     2 2:negative 2:negative       1 (o,o,o,x,x,o,x,b,x)
     3 2:negative 2:negative       1 (b,x,x,o,o,o,x,o,x)
     4 2:negative 1:positive   +   0.995 (b,b,x,x,x,b,o,o,o)
     5 2:negative 2:negative       1 (x,b,o,b,x,o,x,b,o)
     6 2:negative 2:negative       1 (o,x,o,x,o,x,b,x,o)
     7 2:negative 2:negative       1 (x,b,o,b,o,x,o,x,b)
     8 2:negative 2:negative       1 (o,b,x,x,o,b,x,b,o)
     9 2:negative 2:negative       0.96 (x,x,o,x,b,x,o,o,o)
    10 2:negative 2:negative       1 (x,o,x,o,o,x,x,o,b)
    11 2:negative 2:negative       1 (o,b,b,o,b,x,o,x,x)
    12 2:negative 2:negative       1 (o,o,x,x,o,b,x,o,x)
    13 2:negative 2:negative       1 (b,o,x,x,o,b,x,o,b)
    14 2:negative 2:negative       1 (x,x,o,b,x,o,b,b,o)
    15 2:negative 2:negative       1 (o,o,x,o,x,b,o,x,x)
    16 2:negative 2:negative       1 (x,b,o,x,o,x,o,x,o)
    17 2:negative 2:negative       1 (x,x,o,x,o,b,o,x,o)
    18 2:negative 2:negative       1 (o,x,x,o,o,o,b,x,x)
    19 2:negative 2:negative       1 (o,b,x,x,o,x,x,o,o)
    20 2:negative 2:negative       1 (o,x,b,x,o,b,b,x,o)
    21 2:negative 1:positive   +   0.995 (b,b,x,x,b,x,o,o,o)
    22 2:negative 2:negative       1 (o,b,b,b,o,x,x,x,o)
    23 2:negative 2:negative       0.96 (x,o,x,b,x,x,o,o,o)
    24 2:negative 2:negative       1 (x,o,x,b,o,b,b,o,x)
    25 2:negative 2:negative       1 (x,o,o,b,o,x,x,o,x)
    26 2:negative 2:negative       1 (o,b,x,o,o,x,x,x,o)
    27 2:negative 2:negative       1 (x,b,x,o,o,o,o,x,x)
    28 2:negative 2:negative       1 (x,x,b,o,o,o,o,x,x)
    29 2:negative 2:negative       1 (x,b,b,o,o,o,b,x,x)
    30 2:negative 2:negative       1 (x,x,o,x,o,b,o,o,x)
    31 2:negative 2:negative       1 (o,o,o,b,x,b,x,x,b)
    32 2:negative 2:negative       1 (x,o,o,x,o,x,o,b,x)
    33 2:negative 2:negative       1 (b,x,x,o,x,x,o,o,o)
    34 1:positive 2:negative   +   0.625 (o,x,o,x,x,x,b,o,b)
    35 1:positive 2:negative   +   0.625 (b,x,o,x,x,x,o,o,b)
    36 1:positive 1:positive       0.995 (b,o,b,x,x,x,o,o,x)
    37 1:positive 1:positive       0.995 (x,b,x,o,x,o,x,o,b)
    38 1:positive 1:positive       0.995 (o,o,x,b,x,b,x,b,b)
    39 1:positive 1:positive       0.995 (o,x,o,b,x,b,o,x,x)
    40 1:positive 1:positive       0.995 (o,x,x,b,x,o,x,b,o)
    41 1:positive 1:positive       0.995 (b,x,o,b,x,o,b,x,b)
    42 1:positive 1:positive       0.995 (x,o,b,b,x,o,b,b,x)
    43 1:positive 1:positive       0.995 (o,o,x,o,x,x,x,b,b)
    44 1:positive 1:positive       0.995 (b,x,b,o,x,o,x,x,o)
    45 1:positive 1:positive       0.995 (b,o,b,b,o,b,x,x,x)
    46 1:positive 1:positive       0.995 (b,x,o,o,x,o,x,x,b)
    47 1:positive 1:positive       0.995 (o,o,x,o,b,b,x,x,x)
    48 1:positive 1:positive       0.995 (o,o,b,o,b,x,x,x,x)
    49 1:positive 1:positive       0.995 (x,b,o,x,o,o,x,x,b)
    50 1:positive 1:positive       0.995 (o,b,x,o,o,x,x,b,x)
    51 1:positive 1:positive       0.995 (x,b,x,o,x,o,b,o,x)
    52 1:positive 1:positive       0.995 (x,o,b,b,x,o,x,o,x)
    53 1:positive 1:positive       0.995 (b,o,o,b,o,x,x,x,x)
    54 1:positive 1:positive       0.995 (x,b,b,b,x,b,o,o,x)
    55 1:positive 1:positive       0.995 (x,b,o,b,x,b,b,o,x)
    56 1:positive 1:positive       0.995 (b,x,o,b,x,b,b,x,o)
    57 1:positive 1:positive       0.995 (b,b,x,b,x,o,x,b,o)
    58 1:positive 1:positive       0.995 (b,o,x,b,b,x,o,b,x)
    59 1:positive 1:positive       0.995 (b,o,x,o,x,x,x,b,o)
    60 1:positive 1:positive       0.995 (x,o,b,o,x,x,b,o,x)
    61 1:positive 1:positive       0.995 (b,o,x,x,x,o,x,o,b)
    62 1:positive 1:positive       0.995 (b,x,x,b,o,x,o,o,x)
    63 1:positive 1:positive       0.995 (o,x,o,x,x,b,b,x,o)
    64 1:positive 1:positive       0.995 (o,o,x,b,x,x,x,o,b)
    65 1:positive 1:positive       0.995 (o,x,o,o,o,x,x,x,x)
    66 1:positive 1:positive       0.995 (o,o,b,b,x,o,x,x,x)
    67 1:positive 1:positive       0.995 (o,o,b,x,x,x,b,b,b)
    68 1:positive 1:positive       0.995 (b,x,x,b,x,o,o,x,o)
    69 1:positive 1:positive       0.995 (x,o,b,b,x,b,o,b,x)
    70 1:positive 1:positive       0.995 (x,o,b,x,b,x,x,o,o)
    71 1:positive 1:positive       0.995 (x,b,o,x,b,x,x,o,o)
    72 1:positive 1:positive       0.995 (o,x,x,x,x,o,x,o,o)
    73 1:positive 1:positive       0.995 (b,x,x,o,x,o,x,b,o)
    74 1:positive 1:positive       0.995 (o,x,o,b,x,x,o,x,b)
    75 1:positive 1:positive       0.995 (x,o,b,o,o,b,x,x,x)
    76 1:positive 1:positive       0.995 (b,x,b,o,x,x,o,x,o)
    77 1:positive 1:positive       0.995 (b,b,x,b,o,x,b,o,x)
     1 2:negative 2:negative       1 (b,x,x,x,x,o,o,o,o)
     2 2:negative 2:negative       1 (x,x,o,b,o,x,o,o,x)
     3 2:negative 2:negative       1 (x,o,x,x,o,b,o,o,x)
     4 2:negative 2:negative       1 (x,x,b,o,o,o,x,x,o)
     5 2:negative 2:negative       1 (o,x,x,o,b,x,o,b,b)
     6 2:negative 2:negative       1 (o,b,x,o,x,o,o,x,x)
     7 2:negative 2:negative       1 (o,x,x,o,x,b,o,o,x)
     8 2:negative 2:negative       1 (b,o,b,b,o,x,x,o,x)
     9 2:negative 2:negative       1 (b,x,o,x,o,b,o,x,b)
    10 2:negative 2:negative       1 (o,o,o,x,x,o,x,x,b)
    11 2:negative 2:negative       1 (o,o,o,x,x,o,b,x,x)
    12 2:negative 2:negative       1 (x,o,o,o,x,x,x,x,o)
    13 2:negative 2:negative       1 (o,x,o,o,x,x,o,b,x)
    14 2:negative 2:negative       1 (b,b,x,o,o,o,b,x,x)
    15 2:negative 2:negative       1 (o,b,x,x,o,x,o,x,o)
    16 2:negative 2:negative       1 (o,o,o,x,b,x,x,x,o)
    17 2:negative 2:negative       1 (x,b,o,x,o,x,o,o,x)
    18 2:negative 2:negative       1 (x,o,b,o,o,x,x,o,x)
    19 2:negative 2:negative       1 (o,x,o,o,b,x,o,x,x)
    20 2:negative 2:negative       1 (x,b,x,x,b,b,o,o,o)
    21 2:negative 2:negative       1 (x,o,x,x,b,x,o,o,o)
    22 2:negative 2:negative       1 (o,o,o,o,x,x,x,b,x)
    23 2:negative 2:negative       1 (x,b,x,o,o,o,x,o,x)
    24 2:negative 2:negative       1 (x,o,x,o,x,x,o,x,o)
    25 2:negative 2:negative       1 (o,x,o,b,o,x,o,x,x)
    26 2:negative 2:negative       1 (o,x,b,o,x,x,o,o,x)
    27 2:negative 2:negative       1 (o,x,x,x,o,b,b,b,o)
    28 2:negative 2:negative       1 (x,x,o,b,o,b,o,x,b)
    29 2:negative 2:negative       1 (o,o,o,x,x,b,o,x,x)
    30 2:negative 2:negative       1 (o,x,x,o,x,x,o,o,b)
    31 2:negative 2:negative       1 (x,x,o,x,x,b,o,o,o)
    32 2:negative 2:negative       1 (x,o,b,b,o,b,x,o,x)
    33 2:negative 2:negative       1 (x,x,b,x,o,x,o,o,o)
    34 1:positive 1:positive       0.997 (o,b,x,b,x,o,x,o,x)
    35 1:positive 1:positive       0.997 (x,b,o,o,x,o,x,b,x)
    36 1:positive 1:positive       0.997 (x,b,o,x,b,o,x,b,b)
    37 1:positive 1:positive       0.997 (b,b,x,b,x,o,x,o,b)
    38 1:positive 1:positive       0.997 (b,b,b,o,b,o,x,x,x)
    39 1:positive 1:positive       0.997 (x,b,o,b,x,x,o,o,x)
    40 1:positive 1:positive       0.997 (b,o,o,o,b,x,x,x,x)
    41 1:positive 1:positive       0.997 (b,o,o,x,x,x,o,b,x)
    42 1:positive 1:positive       0.997 (b,o,x,o,x,o,x,b,x)
    43 1:positive 1:positive       0.997 (b,b,x,o,o,x,x,o,x)
    44 1:positive 1:positive       0.997 (o,x,x,b,o,x,b,o,x)
    45 1:positive 1:positive       0.997 (b,o,x,x,x,o,x,b,o)
    46 1:positive 1:positive       0.997 (b,b,o,x,x,x,o,x,o)
    47 1:positive 1:positive       0.997 (x,b,x,o,x,b,o,o,x)
    48 1:positive 1:positive       0.997 (b,o,b,o,o,x,x,x,x)
    49 1:positive 1:positive       0.997 (x,b,o,x,x,o,b,o,x)
    50 1:positive 1:positive       0.997 (x,b,o,x,x,x,o,o,b)
    51 1:positive 1:positive       0.997 (o,b,x,b,b,x,o,b,x)
    52 1:positive 1:positive       0.997 (o,x,b,b,x,x,o,x,o)
    53 1:positive 1:positive       0.997 (b,o,b,x,x,x,b,b,o)
    54 1:positive 1:positive       0.997 (o,x,o,b,x,x,b,x,o)
    55 1:positive 1:positive       0.997 (o,b,x,o,b,x,x,o,x)
    56 1:positive 1:positive       0.997 (x,o,b,o,x,b,b,b,x)
    57 1:positive 1:positive       0.997 (x,b,b,o,x,x,o,o,x)
    58 1:positive 1:positive       0.997 (o,b,b,x,x,x,b,b,o)
    59 1:positive 1:positive       0.997 (x,b,x,o,x,b,x,o,o)
    60 1:positive 1:positive       0.997 (o,x,o,o,b,b,x,x,x)
    61 1:positive 1:positive       0.997 (o,o,x,b,x,x,o,b,x)
    62 1:positive 1:positive       0.997 (x,b,o,b,o,o,x,x,x)
    63 1:positive 1:positive       0.997 (o,x,b,x,x,x,o,o,b)
    64 1:positive 1:positive       0.997 (b,o,o,x,x,x,o,x,b)
    65 1:positive 1:positive       0.997 (b,o,x,x,x,x,b,o,o)
    66 1:positive 1:positive       0.997 (x,o,b,o,x,x,o,b,x)
    67 1:positive 1:positive       0.997 (b,b,x,x,o,x,o,o,x)
    68 1:positive 1:positive       0.997 (o,b,x,x,o,x,b,o,x)
    69 1:positive 1:positive       0.997 (x,o,b,x,b,b,x,b,o)
    70 1:positive 1:positive       0.997 (o,x,o,b,o,b,x,x,x)
    71 1:positive 1:positive       0.997 (b,x,x,b,x,o,x,o,o)
    72 1:positive 1:positive       0.997 (o,x,b,x,x,b,o,x,o)
    73 1:positive 1:positive       0.997 (b,b,x,b,x,b,x,o,o)
    74 1:positive 1:positive       0.997 (x,b,x,x,b,o,x,o,o)
    75 1:positive 1:positive       0.997 (o,o,b,x,x,x,x,o,b)
    76 1:positive 1:positive       0.997 (x,b,o,x,x,x,o,b,o)
    77 1:positive 1:positive       0.997 (o,x,b,o,x,b,b,x,b)
     1 2:negative 2:negative       1 (o,o,o,b,b,x,b,x,x)
     2 2:negative 2:negative       1 (x,o,b,x,o,b,b,o,x)
     3 2:negative 2:negative       1 (x,b,x,o,o,o,x,b,b)
     4 2:negative 2:negative       1 (o,x,x,x,o,o,x,b,o)
     5 2:negative 2:negative       1 (o,o,o,x,b,x,b,b,x)
     6 2:negative 2:negative       1 (b,o,b,x,o,x,b,o,x)
     7 2:negative 2:negative       1 (b,x,x,o,o,o,b,b,x)
     8 2:negative 2:negative       1 (o,x,x,o,o,x,b,x,o)
     9 2:negative 2:negative       1 (b,x,x,o,o,o,o,x,x)
    10 2:negative 2:negative       1 (b,x,o,b,x,o,x,b,o)
    11 2:negative 2:negative       1 (o,o,o,x,b,x,o,x,x)
    12 2:negative 2:negative       1 (x,x,o,o,x,o,x,b,o)
    13 2:negative 2:negative       1 (x,o,b,x,o,x,o,o,x)
    14 2:negative 2:negative       1 (x,o,x,o,o,o,b,x,x)
    15 2:negative 2:negative       1 (b,o,x,b,o,x,x,o,b)
    16 2:negative 2:negative       1 (o,o,o,x,x,b,b,x,b)
    17 2:negative 2:negative       1 (x,o,x,x,o,x,o,o,b)
    18 2:negative 2:negative       1 (o,x,x,o,b,b,o,x,b)
    19 2:negative 2:negative       1 (b,o,x,b,o,b,x,o,x)
    20 2:negative 2:negative       1 (x,o,x,x,o,o,b,o,x)
    21 2:negative 2:negative       1 (x,b,x,o,o,o,x,x,o)
    22 2:negative 2:negative       1 (o,o,o,b,b,x,x,b,x)
    23 2:negative 2:negative       1 (o,b,x,o,x,b,o,b,x)
    24 2:negative 2:negative       1 (b,x,x,x,b,b,o,o,o)
    25 2:negative 2:negative       1 (x,x,o,x,x,o,b,o,o)
    26 2:negative 2:negative       1 (x,o,x,b,o,x,b,o,b)
    27 2:negative 2:negative       1 (x,b,o,x,b,o,b,x,o)
    28 2:negative 2:negative       1 (b,x,b,x,x,b,o,o,o)
    29 2:negative 2:negative       1 (x,o,x,o,o,o,x,b,x)
    30 2:negative 2:negative       1 (x,o,o,x,o,x,b,o,x)
    31 2:negative 1:positive   +   0.997 (o,x,o,o,x,x,x,o,x)
    32 2:negative 2:negative       1 (x,o,x,o,o,x,x,x,o)
    33 2:negative 2:negative       1 (b,x,b,o,o,o,x,x,b)
    34 1:positive 1:positive       0.997 (b,x,b,o,x,o,b,x,b)
    35 1:positive 1:positive       0.997 (b,x,x,o,x,o,b,x,o)
    36 1:positive 1:positive       0.997 (o,x,x,o,x,o,b,x,b)
    37 1:positive 1:positive       0.997 (o,x,b,o,x,o,x,x,b)
    38 1:positive 1:positive       0.997 (b,b,b,x,x,x,o,b,o)
    39 1:positive 1:positive       0.997 (x,b,b,o,x,o,b,b,x)
    40 1:positive 1:positive       0.997 (o,b,o,x,o,b,x,x,x)
    41 1:positive 1:positive       0.997 (x,b,x,x,o,b,x,o,o)
    42 1:positive 1:positive       0.997 (b,b,x,x,x,o,x,o,o)
    43 1:positive 1:positive       0.997 (o,o,x,b,x,x,b,o,x)
    44 1:positive 1:positive       0.997 (o,b,o,b,o,x,x,x,x)
    45 1:positive 1:positive       0.997 (x,o,b,o,x,b,o,x,x)
    46 1:positive 1:positive       0.997 (b,o,o,b,b,b,x,x,x)
    47 1:positive 1:positive       0.997 (o,b,x,o,x,x,x,b,o)
    48 1:positive 1:positive       0.997 (x,b,o,x,x,x,b,o,o)
    49 1:positive 1:positive       0.997 (o,b,b,x,x,x,o,o,x)
    50 1:positive 1:positive       0.997 (o,o,b,x,o,b,x,x,x)
    51 1:positive 1:positive       0.997 (b,o,x,b,o,x,o,x,x)
    52 1:positive 1:positive       0.997 (x,b,x,x,o,o,x,o,b)
    53 1:positive 1:positive       0.997 (b,o,x,b,x,x,o,o,x)
    54 1:positive 1:positive       0.997 (o,b,o,x,x,x,x,o,b)
    55 1:positive 1:positive       0.997 (o,o,x,x,x,x,o,b,b)
    56 1:positive 1:positive       0.997 (b,x,o,b,x,x,o,x,o)
    57 1:positive 1:positive       0.997 (b,o,o,x,x,x,b,b,b)
    58 1:positive 1:positive       0.997 (b,o,x,o,b,x,o,x,x)
    59 1:positive 1:positive       0.997 (b,o,b,o,b,b,x,x,x)
    60 1:positive 1:positive       0.997 (x,b,o,o,x,b,b,b,x)
    61 1:positive 1:positive       0.997 (o,o,x,x,o,x,b,b,x)
    62 1:positive 1:positive       0.997 (o,b,b,b,o,b,x,x,x)
    63 1:positive 1:positive       0.997 (x,o,b,x,o,o,x,b,x)
    64 1:positive 2:negative   +   1 (o,x,x,o,o,x,x,o,x)
    65 1:positive 1:positive       0.997 (o,o,x,x,x,x,x,o,o)
    66 1:positive 1:positive       0.997 (o,o,b,x,x,x,o,x,b)
    67 1:positive 1:positive       0.997 (b,o,x,b,o,x,b,b,x)
    68 1:positive 1:positive       0.997 (o,b,o,x,x,x,o,b,x)
    69 1:positive 1:positive       0.997 (b,x,x,o,x,b,o,x,o)
    70 1:positive 1:positive       0.997 (b,x,o,o,b,o,x,x,x)
    71 1:positive 1:positive       0.997 (x,b,o,x,o,x,x,b,o)
    72 1:positive 1:positive       0.997 (x,b,o,o,x,x,o,b,x)
    73 1:positive 1:positive       0.997 (b,b,x,o,x,o,x,b,b)
    74 1:positive 1:positive       0.997 (o,x,b,o,x,x,b,x,o)
    75 1:positive 1:positive       0.997 (o,o,x,b,o,x,x,b,x)
    76 1:positive 1:positive       0.997 (b,x,o,o,x,b,x,x,o)
    77 1:positive 1:positive       0.997 (b,b,b,o,o,b,x,x,x)
     1 2:negative 1:positive   +   0.987 (x,o,x,x,o,o,o,x,x)
     2 2:negative 2:negative       1 (b,x,o,x,x,o,x,o,o)
     3 2:negative 2:negative       1 (x,o,o,x,o,x,o,x,b)
     4 2:negative 2:negative       1 (o,x,x,b,o,b,x,b,o)
     5 2:negative 2:negative       1 (x,b,o,x,o,x,o,b,b)
     6 2:negative 2:negative       1 (o,o,o,x,o,x,x,x,b)
     7 2:negative 2:negative       1 (o,x,b,x,o,b,x,b,o)
     8 2:negative 2:negative       1 (o,x,x,b,o,x,o,x,o)
     9 2:negative 2:negative       1 (o,x,x,b,x,x,o,o,o)
    10 2:negative 2:negative       1 (b,o,b,x,o,b,x,o,x)
    11 2:negative 2:negative       1 (o,o,o,b,b,x,x,x,b)
    12 2:negative 2:negative       1 (o,o,o,x,b,b,x,x,b)
    13 2:negative 2:negative       1 (o,b,x,x,o,b,b,x,o)
    14 2:negative 2:negative       1 (x,x,b,o,o,o,x,b,b)
    15 2:negative 2:negative       1 (o,o,o,b,x,x,x,b,b)
    16 2:negative 2:negative       1 (o,o,b,x,o,x,x,x,o)
    17 2:negative 2:negative       1 (o,x,x,o,x,o,o,b,x)
    18 2:negative 2:negative       1 (x,x,o,x,x,o,o,b,o)
    19 2:negative 2:negative       1 (x,x,o,x,o,o,b,x,o)
    20 2:negative 2:negative       1 (x,x,o,x,o,x,o,o,b)
    21 2:negative 2:negative       1 (o,o,o,o,x,x,b,x,x)
    22 2:negative 2:negative       1 (o,x,b,x,o,x,x,o,o)
    23 2:negative 2:negative       1 (o,x,b,o,o,x,x,x,o)
    24 2:negative 2:negative       1 (x,b,x,x,o,x,o,o,o)
    25 2:negative 2:negative       1 (x,x,b,o,o,o,b,b,x)
    26 2:negative 2:negative       1 (x,b,x,b,b,x,o,o,o)
    27 2:negative 2:negative       1 (o,x,x,o,x,b,o,b,b)
    28 2:negative 2:negative       1 (b,x,b,o,o,o,b,x,x)
    29 2:negative 1:positive   +   0.987 (x,o,x,x,x,o,o,x,o)
    30 2:negative 2:negative       1 (o,x,b,x,o,o,x,x,o)
    31 2:negative 2:negative       1 (o,x,x,b,o,o,x,x,o)
    32 2:negative 2:negative       1 (x,o,x,b,o,x,x,o,o)
    33 2:negative 2:negative       1 (o,x,b,o,b,x,o,b,x)
    34 1:positive 1:positive       0.987 (x,o,b,x,b,o,x,o,x)
    35 1:positive 1:positive       0.987 (b,o,x,o,b,x,b,b,x)
    36 1:positive 1:positive       0.987 (x,b,b,x,o,b,x,b,o)
    37 1:positive 1:positive       0.987 (b,o,b,x,x,x,x,o,o)
    38 1:positive 1:positive       0.987 (x,o,b,x,x,b,o,o,x)
    39 1:positive 1:positive       0.987 (x,b,o,o,o,b,x,x,x)
    40 1:positive 1:positive       0.987 (o,b,o,x,x,x,o,x,b)
    41 1:positive 1:positive       0.987 (b,o,o,x,x,x,x,o,b)
    42 1:positive 1:positive       0.987 (b,x,b,x,x,o,o,x,o)
    43 1:positive 1:positive       0.987 (o,x,o,o,x,b,x,x,b)
    44 1:positive 1:positive       0.987 (b,x,x,o,x,b,x,o,o)
    45 1:positive 1:positive       0.987 (x,b,o,o,x,b,o,x,x)
    46 1:positive 1:positive       0.987 (o,b,x,b,x,b,x,o,b)
    47 1:positive 1:positive       0.987 (b,b,x,o,x,b,x,o,b)
    48 1:positive 1:positive       0.987 (o,o,x,b,b,x,o,x,x)
    49 1:positive 1:positive       0.987 (b,o,x,o,x,x,b,o,x)
    50 1:positive 1:positive       0.987 (o,x,o,b,x,b,b,x,b)
    51 1:positive 2:negative   +   1 (o,x,o,x,x,x,o,o,x)
    52 1:positive 1:positive       0.987 (b,o,b,x,o,o,x,x,x)
    53 1:positive 1:positive       0.987 (b,b,x,b,b,x,o,o,x)
    54 1:positive 1:positive       0.987 (b,o,o,x,b,o,x,x,x)
    55 1:positive 1:positive       0.987 (o,x,b,o,x,o,b,x,x)
    56 1:positive 1:positive       0.987 (b,o,x,o,o,b,x,x,x)
    57 1:positive 1:positive       0.987 (o,b,o,x,b,o,x,x,x)
    58 1:positive 1:positive       0.987 (b,x,b,b,x,b,o,x,o)
    59 1:positive 1:positive       0.987 (x,b,b,b,x,o,b,o,x)
    60 1:positive 1:positive       0.987 (o,b,o,x,x,x,b,o,x)
    61 1:positive 1:positive       0.987 (b,b,x,o,x,o,x,o,x)
    62 1:positive 1:positive       0.987 (b,b,x,o,x,x,x,o,o)
    63 1:positive 1:positive       0.987 (o,o,x,x,x,x,o,o,x)
    64 1:positive 1:positive       0.987 (x,b,x,o,x,o,x,b,o)
    65 1:positive 1:positive       0.987 (x,b,o,x,x,b,o,o,x)
    66 1:positive 1:positive       0.987 (b,x,b,b,x,o,o,x,b)
    67 1:positive 1:positive       0.987 (x,b,b,x,x,o,o,o,x)
    68 1:positive 1:positive       0.987 (o,x,x,o,x,b,x,b,o)
    69 1:positive 1:positive       0.987 (o,o,x,o,b,x,x,b,x)
    70 1:positive 1:positive       0.987 (o,b,b,x,x,x,b,o,b)
    71 1:positive 1:positive       0.987 (x,b,b,o,x,b,b,o,x)
    72 1:positive 1:positive       0.987 (o,b,x,x,x,o,x,o,b)
    73 1:positive 1:positive       0.987 (b,b,o,b,b,o,x,x,x)
    74 1:positive 1:positive       0.987 (o,b,x,b,x,x,o,o,x)
    75 1:positive 1:positive       0.987 (x,b,x,o,o,x,o,b,x)
    76 1:positive 1:positive       0.987 (o,x,o,o,x,x,x,x,o)
     1 2:negative 2:negative       1 (b,o,x,x,o,b,b,o,x)
     2 2:negative 2:negative       1 (o,x,b,b,o,x,b,x,o)
     3 2:negative 2:negative       1 (o,x,x,o,b,o,o,x,x)
     4 2:negative 2:negative       1 (o,x,x,x,o,o,b,x,o)
     5 2:negative 2:negative       1 (x,b,o,x,x,o,o,x,o)
     6 2:negative 2:negative       1 (x,x,o,x,o,x,o,b,o)
     7 2:negative 2:negative       1 (x,b,b,o,o,o,x,x,b)
     8 2:negative 2:negative       1 (b,x,o,x,o,x,o,b,b)
     9 2:negative 2:negative       1 (x,o,b,b,o,x,x,o,b)
    10 2:negative 2:negative       1 (o,x,o,b,o,x,x,x,o)
    11 2:negative 2:negative       1 (x,x,o,o,o,x,o,x,b)
    12 2:negative 2:negative       1 (x,b,b,x,x,b,o,o,o)
    13 2:negative 2:negative       1 (x,o,x,b,o,o,x,o,x)
    14 2:negative 2:negative       1 (o,x,x,x,o,b,o,x,o)
    15 2:negative 2:negative       1 (x,x,b,b,b,x,o,o,o)
    16 2:negative 2:negative       1 (x,b,b,x,b,x,o,o,o)
    17 2:negative 2:negative       1 (x,x,o,x,o,o,o,b,x)
    18 2:negative 2:negative       1 (b,x,o,b,o,b,o,x,x)
    19 2:negative 1:positive   +   0.99 (o,x,o,x,x,o,x,o,x)
    20 2:negative 2:negative       1 (o,o,o,x,b,b,b,x,x)
    21 2:negative 2:negative       1 (x,x,o,o,o,b,o,x,x)
    22 2:negative 2:negative       1 (b,o,b,x,o,x,x,o,b)
    23 2:negative 2:negative       1 (o,o,o,x,b,x,b,x,b)
    24 2:negative 2:negative       1 (x,x,o,x,b,o,o,x,o)
    25 2:negative 2:negative       1 (o,x,x,o,o,o,x,x,b)
    26 2:negative 2:negative       1 (x,o,x,x,o,x,o,x,o)
    27 2:negative 2:negative       1 (o,o,x,o,x,x,o,x,b)
    28 2:negative 2:negative       1 (o,x,b,b,o,b,x,x,o)
    29 2:negative 2:negative       1 (x,x,b,o,x,x,o,o,o)
    30 2:negative 2:negative       1 (x,b,o,b,o,x,o,b,x)
    31 2:negative 2:negative       1 (x,o,b,b,o,x,b,o,x)
    32 2:negative 2:negative       1 (x,x,o,b,o,b,o,b,x)
    33 2:negative 2:negative       1 (b,x,x,b,x,b,o,o,o)
    34 1:positive 1:positive       0.99 (x,o,b,b,x,o,o,x,x)
    35 1:positive 1:positive       0.99 (x,o,b,x,o,b,x,x,o)
    36 1:positive 1:positive       0.99 (x,o,b,x,x,o,o,b,x)
    37 1:positive 1:positive       0.99 (o,b,x,b,o,x,o,x,x)
    38 1:positive 1:positive       0.99 (b,o,x,x,x,x,o,o,b)
    39 1:positive 1:positive       0.99 (o,b,x,o,o,b,x,x,x)
    40 1:positive 1:positive       0.99 (o,o,x,x,x,o,x,x,o)
    41 1:positive 1:positive       0.99 (o,b,b,x,x,x,o,x,o)
    42 1:positive 1:positive       0.99 (x,b,o,b,x,b,o,b,x)
    43 1:positive 1:positive       0.99 (b,o,x,o,x,b,x,o,x)
    44 1:positive 1:positive       0.99 (o,x,o,o,x,b,b,x,x)
    45 1:positive 1:positive       0.99 (x,o,b,x,b,o,x,b,b)
    46 1:positive 1:positive       0.99 (b,b,o,x,x,x,o,o,x)
    47 1:positive 1:positive       0.99 (x,b,o,x,x,o,o,b,x)
    48 1:positive 1:positive       0.99 (o,b,x,x,b,x,o,o,x)
    49 1:positive 1:positive       0.99 (b,b,x,o,x,o,x,x,o)
    50 1:positive 1:positive       0.99 (x,b,o,b,x,o,o,x,x)
    51 1:positive 1:positive       0.99 (o,o,x,b,b,o,x,x,x)
    52 1:positive 1:positive       0.99 (o,o,x,b,x,b,x,o,x)
    53 1:positive 1:positive       0.99 (b,o,x,b,x,o,x,x,o)
    54 1:positive 1:positive       0.99 (o,b,x,x,x,b,x,o,o)
    55 1:positive 1:positive       0.99 (x,b,o,b,x,o,b,b,x)
    56 1:positive 1:positive       0.99 (x,o,b,x,x,b,x,o,o)
    57 1:positive 1:positive       0.99 (b,b,x,o,o,x,b,b,x)
    58 1:positive 1:positive       0.99 (o,o,x,o,x,o,x,x,x)
    59 1:positive 1:positive       0.99 (x,b,b,x,x,o,x,o,o)
    60 1:positive 1:positive       0.99 (o,b,x,x,x,o,x,b,o)
    61 1:positive 1:positive       0.99 (o,o,b,x,b,o,x,x,x)
    62 1:positive 1:positive       0.99 (b,o,b,x,x,x,b,o,b)
    63 1:positive 1:positive       0.99 (o,b,x,b,x,x,x,o,o)
    64 1:positive 1:positive       0.99 (o,o,b,b,b,b,x,x,x)
    65 1:positive 1:positive       0.99 (o,x,x,o,x,x,x,o,o)
    66 1:positive 1:positive       0.99 (b,o,x,b,b,x,b,o,x)
    67 1:positive 1:positive       0.99 (b,o,x,x,o,x,o,b,x)
    68 1:positive 1:positive       0.99 (o,x,o,o,x,o,x,x,x)
    69 1:positive 1:positive       0.99 (b,o,x,o,b,x,x,o,x)
    70 1:positive 1:positive       0.99 (b,o,o,x,x,x,b,x,o)
    71 1:positive 1:positive       0.99 (b,x,o,x,x,b,o,x,o)
    72 1:positive 1:positive       0.99 (o,o,x,x,x,b,x,o,b)
    73 1:positive 1:positive       0.99 (b,b,o,x,x,x,o,b,b)
    74 1:positive 1:positive       0.99 (x,b,o,o,b,o,x,x,x)
    75 1:positive 1:positive       0.99 (o,b,x,b,o,x,x,o,x)
    76 1:positive 1:positive       0.99 (b,x,x,o,b,x,o,o,x)
     1 2:negative 2:negative       1 (o,x,x,b,o,x,x,o,o)
     2 2:negative 2:negative       1 (o,o,o,x,x,b,x,b,b)
     3 2:negative 2:negative       1 (x,x,o,b,b,o,b,x,o)
     4 2:negative 2:negative       1 (o,o,o,x,b,x,x,o,x)
     5 2:negative 2:negative       1 (o,x,b,x,o,x,b,b,o)
     6 2:negative 2:negative       1 (x,o,b,x,o,x,b,o,b)
     7 2:negative 2:negative       1 (o,o,o,x,b,x,x,b,b)
     8 2:negative 2:negative       1 (o,o,b,o,x,x,o,x,x)
     9 2:negative 2:negative       1 (o,x,b,b,o,x,x,b,o)
    10 2:negative 2:negative       1 (b,x,o,b,o,x,o,b,x)
    11 2:negative 2:negative       1 (x,b,o,x,o,b,o,x,b)
    12 2:negative 2:negative       1 (x,x,o,b,o,o,o,x,x)
    13 2:negative 2:negative       1 (b,x,o,x,o,x,o,x,o)
    14 2:negative 2:negative       1 (x,x,b,x,x,o,o,o,o)
    15 2:negative 2:negative       0.8 (x,x,o,o,x,x,x,o,o)
    16 2:negative 2:negative       1 (o,b,b,o,x,x,o,x,b)
    17 2:negative 2:negative       1 (o,b,x,b,o,b,x,x,o)
    18 2:negative 2:negative       1 (x,x,o,o,o,o,x,x,b)
    19 2:negative 2:negative       1 (x,b,x,b,x,b,o,o,o)
    20 2:negative 2:negative       1 (b,x,b,o,o,o,x,b,x)
    21 2:negative 2:negative       1 (b,b,o,b,o,x,o,x,x)
    22 2:negative 2:negative       1 (x,b,o,b,o,b,o,x,x)
    23 2:negative 2:negative       1 (o,o,o,b,x,x,b,b,x)
    24 2:negative 2:negative       1 (b,x,b,b,x,x,o,o,o)
    25 2:negative 2:negative       1 (x,o,x,x,o,b,b,o,b)
    26 2:negative 2:negative       1 (x,b,o,x,o,b,o,b,x)
    27 2:negative 2:negative       1 (b,b,o,x,o,x,o,x,b)
    28 2:negative 2:negative       1 (x,o,x,o,o,b,x,o,x)
    29 2:negative 2:negative       1 (o,b,x,x,o,o,x,x,o)
    30 2:negative 2:negative       1 (o,b,x,o,x,x,o,b,b)
    31 2:negative 2:negative       1 (b,b,o,x,x,o,x,b,o)
    32 2:negative 2:negative       1 (o,x,o,x,o,x,o,b,x)
    33 2:negative 2:negative       1 (x,x,o,o,o,x,o,b,x)
    34 1:positive 1:positive       0.995 (o,b,b,x,x,x,o,b,b)
    35 1:positive 1:positive       0.995 (b,o,x,o,o,x,b,x,x)
    36 1:positive 1:positive       0.995 (x,b,b,x,o,o,x,o,x)
    37 1:positive 1:positive       0.995 (o,x,o,b,x,o,b,x,x)
    38 1:positive 1:positive       0.995 (o,b,b,o,x,o,x,x,x)
    39 1:positive 1:positive       0.995 (o,o,x,o,x,x,x,x,o)
    40 1:positive 1:positive       0.995 (b,x,x,o,o,x,o,b,x)
    41 1:positive 1:positive       0.995 (x,o,b,x,b,b,x,o,b)
    42 1:positive 1:positive       0.995 (o,o,x,b,x,b,x,x,o)
    43 1:positive 1:positive       0.995 (x,b,x,b,o,x,o,o,x)
    44 1:positive 1:positive       0.995 (o,x,o,b,x,o,x,x,b)
    45 1:positive 1:positive       0.995 (b,x,o,o,x,b,b,x,b)
    46 1:positive 1:positive       0.995 (b,x,o,b,o,o,x,x,x)
    47 1:positive 1:positive       0.995 (b,o,x,o,x,x,o,b,x)
    48 1:positive 1:positive       0.995 (x,b,x,x,o,o,x,b,o)
    49 1:positive 1:positive       0.995 (b,o,x,x,x,b,x,o,o)
    50 1:positive 1:positive       0.995 (o,b,x,b,o,o,x,x,x)
    51 1:positive 1:positive       0.995 (x,b,b,x,o,o,x,x,o)
    52 1:positive 1:positive       0.995 (b,b,x,b,o,x,o,b,x)
    53 1:positive 1:positive       0.995 (x,b,b,x,b,o,x,o,b)
    54 1:positive 1:positive       0.995 (o,b,x,o,x,b,x,b,b)
    55 1:positive 1:positive       0.995 (o,b,x,b,x,b,x,b,o)
    56 1:positive 1:positive       0.995 (o,x,b,b,x,o,b,x,b)
    57 1:positive 1:positive       0.995 (b,x,o,o,o,b,x,x,x)
    58 1:positive 1:positive       0.995 (o,x,b,b,x,b,b,x,o)
    59 1:positive 1:positive       0.995 (b,x,o,b,x,o,o,x,x)
    60 1:positive 1:positive       0.995 (b,b,o,x,x,x,b,b,o)
    61 1:positive 1:positive       0.995 (x,b,x,o,x,o,o,b,x)
    62 1:positive 1:positive       0.995 (b,b,o,x,o,o,x,x,x)
    63 1:positive 1:positive       0.995 (o,b,x,x,x,x,b,o,o)
    64 1:positive 1:positive       0.995 (o,x,x,b,x,b,x,o,o)
    65 1:positive 1:positive       0.995 (o,x,x,b,x,o,o,x,b)
    66 1:positive 1:positive       0.995 (b,x,o,o,x,o,b,x,x)
    67 1:positive 1:positive       0.995 (b,o,x,b,o,o,x,x,x)
    68 1:positive 1:positive       0.995 (o,o,x,o,b,x,b,x,x)
    69 1:positive 1:positive       0.995 (x,b,b,o,x,o,o,x,x)
    70 1:positive 1:positive       0.995 (x,b,o,o,x,b,x,o,x)
    71 1:positive 1:positive       0.995 (x,b,b,b,x,o,o,b,x)
    72 1:positive 1:positive       0.995 (o,x,o,b,b,o,x,x,x)
    73 1:positive 1:positive       0.995 (b,x,x,o,x,o,o,x,b)
    74 1:positive 1:positive       0.995 (b,b,o,o,x,o,x,x,x)
    75 1:positive 1:positive       0.995 (b,x,b,o,x,b,o,x,b)
    76 1:positive 1:positive       0.995 (x,b,o,x,o,o,x,b,x)
     1 2:negative 2:negative       1 (x,b,b,o,o,o,x,b,x)
     2 2:negative 2:negative       1 (x,x,o,o,o,o,b,x,x)
     3 2:negative 2:negative       1 (x,b,o,x,x,o,b,b,o)
     4 2:negative 2:negative       1 (o,o,o,x,b,b,x,b,x)
     5 2:negative 2:negative       1 (x,x,o,b,o,x,o,b,b)
     6 2:negative 2:negative       1 (o,x,o,x,o,b,o,x,x)
     7 2:negative 2:negative       1 (o,o,x,b,o,x,x,x,o)
     8 2:negative 2:negative       1 (b,o,o,x,x,o,x,x,o)
     9 2:negative 2:negative       1 (b,x,o,x,x,o,b,b,o)
    10 2:negative 2:negative       1 (o,o,o,o,x,x,x,x,b)
    11 2:negative 2:negative       1 (o,b,o,x,o,x,x,x,o)
    12 2:negative 2:negative       1 (o,b,b,o,x,b,o,x,x)
    13 2:negative 2:negative       1 (x,b,o,b,x,o,b,x,o)
    14 2:negative 2:negative       1 (o,x,x,x,b,x,o,o,o)
    15 2:negative 2:negative       1 (o,b,b,x,o,x,b,x,o)
    16 2:negative 2:negative       1 (x,x,b,o,o,o,b,x,b)
    17 2:negative 2:negative       1 (b,x,o,x,b,o,b,x,o)
    18 2:negative 2:negative       1 (o,x,x,o,o,x,x,b,o)
    19 2:negative 2:negative       1 (x,x,b,b,x,b,o,o,o)
    20 2:negative 2:negative       1 (b,o,o,x,o,x,o,x,x)
    21 2:negative 2:negative       1 (b,x,o,x,o,o,o,x,x)
    22 2:negative 2:negative       1 (b,b,o,x,x,o,b,x,o)
    23 2:negative 2:negative       1 (b,x,b,x,b,x,o,o,o)
    24 2:negative 2:negative       1 (x,b,x,o,o,o,b,b,x)
    25 2:negative 2:negative       1 (o,b,x,o,x,x,o,x,o)
    26 2:negative 2:negative       1 (o,o,o,x,o,x,x,b,x)
    27 2:negative 2:negative       1 (x,b,o,b,b,o,x,x,o)
    28 2:negative 2:negative       1 (b,x,o,b,b,o,x,x,o)
    29 2:negative 2:negative       1 (o,b,x,o,b,b,o,x,x)
    30 2:negative 2:negative       1 (o,o,o,b,x,x,b,x,b)
    31 2:negative 2:negative       1 (b,o,x,x,o,o,x,o,x)
    32 2:negative 2:negative       1 (o,x,o,x,o,x,x,b,o)
    33 2:negative 2:negative       1 (o,x,x,x,o,o,o,x,x)
    34 1:positive 1:positive       0.995 (x,b,o,x,o,b,x,o,x)
    35 1:positive 1:positive       0.995 (x,b,x,o,b,x,o,o,x)
    36 1:positive 1:positive       0.995 (o,o,x,b,x,x,x,b,o)
    37 1:positive 1:positive       0.995 (b,x,b,o,x,b,b,x,o)
    38 1:positive 1:positive       0.995 (x,b,o,x,x,o,x,o,b)
    39 1:positive 1:positive       0.995 (o,o,x,x,x,x,b,o,b)
    40 1:positive 1:positive       0.995 (x,b,o,o,x,x,b,o,x)
    41 1:positive 1:positive       0.995 (x,b,x,b,x,o,o,o,x)
    42 1:positive 1:positive       0.995 (b,b,x,o,x,x,o,o,x)
    43 1:positive 1:positive       0.995 (o,b,o,o,b,x,x,x,x)
    44 1:positive 1:positive       0.995 (x,b,b,x,o,b,x,o,b)
    45 1:positive 1:positive       0.995 (b,x,o,x,x,x,b,o,o)
    46 1:positive 1:positive       0.995 (o,x,b,b,x,b,o,x,b)
    47 1:positive 1:positive       0.995 (x,o,b,b,x,x,o,o,x)
    48 1:positive 1:positive       0.995 (o,x,x,b,b,x,o,o,x)
    49 1:positive 1:positive       0.995 (b,x,o,x,x,x,o,b,o)
    50 1:positive 1:positive       0.995 (x,o,b,x,o,b,x,b,b)
    51 1:positive 1:positive       0.995 (b,x,o,b,x,b,o,x,b)
    52 1:positive 1:positive       0.995 (o,b,x,o,o,x,b,x,x)
    53 1:positive 1:positive       0.995 (b,b,b,x,x,x,o,o,b)
    54 1:positive 1:positive       0.995 (o,o,x,o,x,x,x,o,x)
    55 1:positive 1:positive       0.995 (o,o,x,x,x,b,x,b,o)
    56 1:positive 1:positive       0.995 (x,o,b,x,o,x,x,b,o)
    57 1:positive 1:positive       0.995 (b,o,x,b,x,o,x,o,x)
    58 1:positive 1:positive       0.995 (o,o,x,x,b,x,b,o,x)
    59 1:positive 1:positive       0.995 (x,o,b,b,o,o,x,x,x)
    60 1:positive 1:positive       0.995 (o,b,b,b,b,o,x,x,x)
    61 1:positive 1:positive       0.995 (o,x,b,x,x,o,b,x,o)
    62 1:positive 1:positive       0.995 (b,o,x,b,x,b,x,b,o)
    63 1:positive 1:positive       0.995 (o,x,b,o,o,b,x,x,x)
    64 1:positive 1:positive       0.995 (b,o,x,x,b,x,o,o,x)
    65 1:positive 1:positive       0.995 (b,x,b,o,x,o,o,x,x)
    66 1:positive 1:positive       0.995 (o,o,b,b,o,x,x,x,x)
    67 1:positive 1:positive       0.995 (b,b,o,o,b,b,x,x,x)
    68 1:positive 1:positive       0.995 (o,x,x,x,x,o,o,x,o)
    69 1:positive 1:positive       0.995 (b,o,x,o,x,x,x,o,b)
    70 1:positive 1:positive       0.995 (b,o,x,o,o,x,x,b,x)
    71 1:positive 1:positive       0.995 (o,b,x,o,x,x,b,o,x)
    72 1:positive 1:positive       0.995 (o,x,o,x,x,x,o,b,b)
    73 1:positive 1:positive       0.995 (x,o,b,o,x,b,x,o,x)
    74 1:positive 1:positive       0.995 (o,o,b,o,x,b,x,x,x)
    75 1:positive 1:positive       0.995 (x,b,b,x,b,o,x,b,o)
    76 1:positive 1:positive       0.995 (b,x,o,o,x,b,o,x,x)

