
SMO

Kernel used:
  Linear Kernel: K(x,y) = <x,y>

Classifier for classes: positive, negative

BinarySMO

Machine linear: showing attribute weights, not support vectors.

        -2.001  * (normalized) top-left-square=x
 +       2.0009 * (normalized) top-left-square=o
 +       0.0001 * (normalized) top-left-square=b
 +      -2.001  * (normalized) top-middle-square=x
 +       2.001  * (normalized) top-middle-square=o
 +       0      * (normalized) top-middle-square=b
 +      -2.001  * (normalized) top-right-square=x
 +       2.0009 * (normalized) top-right-square=o
 +       0.0001 * (normalized) top-right-square=b
 +      -2.001  * (normalized) middle-left-square=x
 +       2.001  * (normalized) middle-left-square=o
 +       0.0001 * (normalized) middle-left-square=b
 +      -2.0009 * (normalized) middle-middle-square=x
 +       2.001  * (normalized) middle-middle-square=o
 +      -0.0001 * (normalized) middle-middle-square=b
 +      -2.001  * (normalized) middle-right-square=x
 +       2.0011 * (normalized) middle-right-square=o
 +      -0.0001 * (normalized) middle-right-square=b
 +      -2.0008 * (normalized) bottom-left-square=x
 +       2.0009 * (normalized) bottom-left-square=o
 +      -0.0001 * (normalized) bottom-left-square=b
 +      -2.0011 * (normalized) bottom-middle-square=x
 +       2.0011 * (normalized) bottom-middle-square=o
 +       0      * (normalized) bottom-middle-square=b
 +      -2.001  * (normalized) bottom-right-square=x
 +       2.0011 * (normalized) bottom-right-square=o
 +       0      * (normalized) bottom-right-square=b
 +       1.0005

Number of kernel evaluations: 250092 (82.845% cached)



Time taken to build model: 0.64 seconds
Time taken to test model on training data: 0.09 seconds

=== Error on training data ===

Correctly Classified Instances         750               97.9112 %
Incorrectly Classified Instances        16                2.0888 %
Kappa statistic                          0.9572
K&B Relative Info Score              73311.8378 %
K&B Information Score                  723.7626 bits      0.9449 bits/instance
Class complexity | order 0             756.1734 bits      0.9872 bits/instance
Class complexity | scheme            17184      bits     22.4334 bits/instance
Complexity improvement     (Sf)     -16427.8266 bits    -21.4462 bits/instance
Mean absolute error                      0.0209
Root mean squared error                  0.1445
Relative absolute error                  4.2528 %
Root relative squared error             29.1649 %
Total Number of Instances              766     


=== Detailed Accuracy By Class ===

               TP Rate   FP Rate   Precision   Recall  F-Measure   ROC Area  Class
                 1         0.048      0.964     1         0.982      0.976    positive
                 0.952     0          1         0.952     0.975      0.976    negative
Weighted Avg.    0.979     0.027      0.98      0.979     0.979      0.976


=== Confusion Matrix ===

   a   b   <-- classified as
 434   0 |   a = positive
  16 316 |   b = negative


=== Error on test data ===

Correctly Classified Instances         192              100      %
Incorrectly Classified Instances         0                0      %
Kappa statistic                          1     
K&B Relative Info Score              15949.2845 %
K&B Information Score                  157.4575 bits      0.8201 bits/instance
Class complexity | order 0             157.4575 bits      0.8201 bits/instance
Class complexity | scheme                0      bits      0      bits/instance
Complexity improvement     (Sf)        157.4575 bits      0.8201 bits/instance
Mean absolute error                      0     
Root mean squared error                  0     
Relative absolute error                  0      %
Root relative squared error              0      %
Total Number of Instances              192     


=== Detailed Accuracy By Class ===

               TP Rate   FP Rate   Precision   Recall  F-Measure   ROC Area  Class
                 1         0          1         1         1          ?        positive
                 0         0          0         0         0          ?        negative
Weighted Avg.    1         0          1         1         1          0    


=== Confusion Matrix ===

   a   b   <-- classified as
 192   0 |   a = positive
   0   0 |   b = negative

