
Naive Bayes Classifier

                                Class
Attribute                           1      2      3
                               (0.17)  (0.5) (0.34)
====================================================
Malic_Acid
  11.03                            1.0    2.0    1.0
  11.41                            1.0    2.0    1.0
  11.45                            1.0    2.0    1.0
  11.46                            1.0    2.0    1.0
  11.56                            1.0    2.0    1.0
  11.61                            1.0    2.0    1.0
  11.62                            1.0    2.0    1.0
  11.64                            1.0    2.0    1.0
  11.65                            1.0    2.0    1.0
  11.66                            1.0    2.0    1.0
  11.76                            1.0    2.0    1.0
  11.79                            1.0    2.0    1.0
  11.81                            1.0    2.0    1.0
  11.82                            1.0    3.0    1.0
  11.84                            1.0    3.0    1.0
  11.87                            1.0    2.0    1.0
  11.96                            1.0    2.0    1.0
  12                               1.0    4.0    1.0
  12.04                            1.0    2.0    1.0
  12.07                            1.0    2.0    1.0
  12.08                            1.0    6.0    1.0
  12.16                            1.0    2.0    1.0
  12.17                            1.0    2.0    1.0
  12.2                             1.0    1.0    2.0
  12.21                            1.0    2.0    1.0
  12.22                            1.0    2.0    1.0
  12.25                            1.0    2.0    3.0
  12.29                            1.0    5.0    1.0
  12.33                            1.0    3.0    1.0
  12.34                            1.0    2.0    1.0
  12.36                            1.0    1.0    2.0
  12.37                            1.0    7.0    1.0
  12.42                            1.0    4.0    1.0
  12.43                            1.0    2.0    1.0
  12.45                            1.0    1.0    2.0
  12.47                            1.0    2.0    1.0
  12.51                            1.0    2.0    2.0
  12.52                            1.0    2.0    1.0
  12.53                            1.0    1.0    2.0
  12.58                            1.0    1.0    2.0
  12.6                             1.0    2.0    2.0
  12.64                            1.0    2.0    1.0
  12.67                            1.0    2.0    1.0
  12.69                            1.0    2.0    1.0
  12.7                             1.0    2.0    2.0
  12.72                            1.0    3.0    1.0
  12.77                            1.0    2.0    2.0
  12.79                            1.0    1.0    2.0
  12.81                            1.0    1.0    2.0
  12.82                            1.0    1.0    2.0
  12.84                            1.0    1.0    2.0
  12.85                            1.0    1.0    2.0
  12.86                            1.0    1.0    2.0
  12.87                            1.0    1.0    2.0
  12.88                            1.0    1.0    2.0
  12.93                            1.0    1.0    2.0
  12.96                            1.0    1.0    2.0
  12.99                            1.0    2.0    1.0
  13.03                            1.0    2.0    1.0
  13.05                            4.0    3.0    1.0
  13.07                            2.0    1.0    1.0
  13.08                            1.0    1.0    2.0
  13.11                            1.0    2.0    2.0
  13.16                            1.0    1.0    2.0
  13.17                            1.0    1.0    3.0
  13.2                             1.0    1.0    1.0
  13.23                            1.0    1.0    2.0
  13.24                            2.0    1.0    1.0
  13.27                            1.0    1.0    2.0
  13.28                            2.0    1.0    1.0
  13.29                            2.0    1.0    1.0
  13.3                             1.0    1.0    1.0
  13.32                            1.0    1.0    2.0
  13.34                            1.0    2.0    1.0
  13.36                            1.0    1.0    2.0
  13.39                            1.0    1.0    1.0
  13.4                             1.0    1.0    3.0
  13.41                            2.0    1.0    1.0
  13.45                            1.0    1.0    2.0
  13.48                            1.0    1.0    2.0
  13.49                            1.0    2.0    2.0
  13.5                             1.0    1.0    2.0
  13.51                            1.0    1.0    1.0
  13.52                            1.0    1.0    2.0
  13.56                            3.0    1.0    1.0
  13.58                            1.0    1.0    2.0
  13.62                            1.0    1.0    2.0
  13.63                            1.0    1.0    1.0
  13.64                            1.0    1.0    1.0
  13.67                            1.0    2.0    1.0
  13.68                            1.0    1.0    1.0
  13.69                            1.0    1.0    2.0
  13.71                            1.0    1.0    2.0
  13.72                            2.0    1.0    1.0
  13.73                            1.0    1.0    2.0
  13.74                            2.0    1.0    1.0
  13.75                            1.0    1.0    1.0
  13.76                            1.0    1.0    1.0
  13.77                            2.0    1.0    1.0
  13.78                            1.0    1.0    2.0
  13.82                            2.0    1.0    1.0
  13.83                            2.0    1.0    1.0
  13.84                            1.0    1.0    2.0
  13.86                            1.0    2.0    1.0
  13.87                            1.0    1.0    1.0
  13.88                            2.0    1.0    2.0
  13.9                             2.0    1.0    1.0
  13.94                            2.0    1.0    1.0
  14.02                            1.0    1.0    1.0
  14.06                            1.0    1.0    1.0
  14.1                             2.0    1.0    1.0
  14.12                            1.0    1.0    1.0
  14.13                            1.0    1.0    2.0
  14.16                            1.0    1.0    2.0
  14.19                            1.0    1.0    1.0
  14.2                             1.0    1.0    1.0
  14.21                            2.0    1.0    1.0
  14.22                            3.0    1.0    1.0
  14.23                            1.0    1.0    1.0
  14.3                             1.0    1.0    1.0
  14.34                            1.0    1.0    2.0
  14.37                            1.0    1.0    1.0
  14.38                            2.0    1.0    1.0
  14.39                            1.0    1.0    1.0
  14.75                            1.0    1.0    1.0
  14.83                            1.0    1.0    1.0
  [total]                        149.0  197.0  174.0

Ash
  0.74                             1.0    2.0    1.0
  0.89                             1.0    2.0    1.0
  0.9                              1.0    2.0    1.0
  0.92                             1.0    2.0    1.0
  0.94                             1.0    3.0    1.0
  0.98                             1.0    2.0    1.0
  0.99                             1.0    2.0    1.0
  1.01                             1.0    2.0    1.0
  1.07                             1.0    2.0    1.0
  1.09                             1.0    2.0    1.0
  1.1                              1.0    2.0    1.0
  1.13                             1.0    3.0    1.0
  1.17                             1.0    2.0    1.0
  1.19                             1.0    2.0    1.0
  1.21                             1.0    2.0    1.0
  1.24                             1.0    1.0    2.0
  1.25                             1.0    2.0    1.0
  1.29                             1.0    2.0    2.0
  1.33                             1.0    2.0    1.0
  1.34                             1.0    2.0    1.0
  1.35                             1.0    2.0    2.0
  1.36                             1.0    2.0    1.0
  1.39                             1.0    2.0    1.0
  1.41                             1.0    2.0    1.0
  1.43                             2.0    1.0    1.0
  1.45                             1.0    2.0    1.0
  1.47                             1.0    2.0    1.0
  1.48                             1.0    1.0    1.0
  1.5                              2.0    1.0    1.0
  1.51                             1.0    4.0    1.0
  1.52                             1.0    2.0    1.0
  1.53                             1.0    3.0    1.0
  1.57                             1.0    1.0    1.0
  1.59                             1.0    1.0    1.0
  1.6                              1.0    1.0    1.0
  1.61                             1.0    4.0    1.0
  1.63                             1.0    2.0    1.0
  1.64                             2.0    1.0    1.0
  1.65                             3.0    1.0    1.0
  1.66                             1.0    2.0    1.0
  1.67                             2.0    3.0    2.0
  1.68                             2.0    1.0    2.0
  1.7                              2.0    1.0    1.0
  1.71                             2.0    1.0    1.0
  1.72                             1.0    2.0    1.0
  1.73                             4.0    3.0    1.0
  1.75                             2.0    2.0    1.0
  1.76                             1.0    1.0    1.0
  1.77                             2.0    1.0    1.0
  1.78                             1.0    1.0    1.0
  1.8                              1.0    1.0    1.0
  1.81                             1.0    2.0    1.0
  1.83                             1.0    2.0    1.0
  1.86                             1.0    1.0    1.0
  1.87                             1.0    1.0    1.0
  1.88                             1.0    2.0    1.0
  1.89                             2.0    1.0    1.0
  1.9                              2.0    1.0    2.0
  1.92                             1.0    1.0    1.0
  1.95                             1.0    1.0    1.0
  1.97                             2.0    1.0    1.0
  1.99                             1.0    2.0    1.0
  2.02                             2.0    1.0    1.0
  2.05                             1.0    2.0    1.0
  2.06                             1.0    2.0    1.0
  2.08                             1.0    2.0    1.0
  2.12                             1.0    2.0    1.0
  2.13                             1.0    2.0    1.0
  2.15                             1.0    1.0    1.0
  2.16                             1.0    2.0    1.0
  2.31                             1.0    1.0    2.0
  2.36                             1.0    1.0    1.0
  2.39                             1.0    1.0    2.0
  2.4                              1.0    2.0    1.0
  2.43                             1.0    2.0    1.0
  2.45                             1.0    2.0    1.0
  2.46                             1.0    1.0    2.0
  2.51                             1.0    1.0    2.0
  2.55                             1.0    2.0    1.0
  2.56                             1.0    1.0    2.0
  2.58                             1.0    1.0    2.0
  2.59                             1.0    1.0    2.0
  2.67                             1.0    1.0    2.0
  2.68                             1.0    2.0    1.0
  2.76                             1.0    1.0    2.0
  2.81                             1.0    1.0    2.0
  2.83                             1.0    2.0    1.0
  2.89                             1.0    2.0    1.0
  2.96                             1.0    1.0    2.0
  2.99                             1.0    1.0    2.0
  3.03                             1.0    1.0    3.0
  3.1                              1.0    1.0    1.0
  3.12                             1.0    1.0    2.0
  3.17                             1.0    2.0    2.0
  3.24                             1.0    1.0    2.0
  3.26                             1.0    1.0    2.0
  3.27                             1.0    1.0    2.0
  3.3                              1.0    1.0    2.0
  3.37                             1.0    1.0    2.0
  3.43                             1.0    3.0    1.0
  3.45                             1.0    1.0    2.0
  3.55                             1.0    1.0    2.0
  3.57                             1.0    1.0    2.0
  3.59                             2.0    1.0    2.0
  3.7                              1.0    1.0    2.0
  3.74                             1.0    2.0    1.0
  3.8                              1.0    1.0    1.0
  3.83                             1.0    1.0    2.0
  3.84                             2.0    1.0    1.0
  3.86                             1.0    2.0    1.0
  3.87                             1.0    2.0    1.0
  3.88                             1.0    1.0    2.0
  3.9                              1.0    1.0    2.0
  3.91                             1.0    1.0    2.0
  3.98                             2.0    1.0    1.0
  3.99                             2.0    1.0    1.0
  4.04                             2.0    1.0    1.0
  4.1                              1.0    1.0    2.0
  4.12                             1.0    1.0    2.0
  4.28                             1.0    1.0    2.0
  4.3                              1.0    2.0    1.0
  4.31                             1.0    2.0    1.0
  4.36                             1.0    1.0    2.0
  4.43                             1.0    2.0    1.0
  4.6                              1.0    1.0    2.0
  4.61                             1.0    1.0    2.0
  4.72                             1.0    1.0    2.0
  4.95                             1.0    1.0    2.0
  5.04                             1.0    1.0    2.0
  5.19                             1.0    1.0    2.0
  5.51                             1.0    1.0    2.0
  5.65                             1.0    1.0    2.0
  5.8                              1.0    2.0    1.0
  [total]                        156.0  204.0  181.0

Alcalinity_of_Ash
  1.36                             1.0    2.0    1.0
  1.7                              1.0    3.0    1.0
  1.71                             1.0    2.0    1.0
  1.75                             1.0    2.0    1.0
  1.82                             1.0    2.0    1.0
  1.88                             1.0    2.0    1.0
  1.9                              1.0    2.0    1.0
  1.92                             1.0    4.0    1.0
  1.94                             1.0    2.0    1.0
  1.95                             1.0    2.0    1.0
  1.98                             1.0    4.0    1.0
  1.99                             1.0    2.0    1.0
  2                                1.0    3.0    1.0
  2.02                             1.0    2.0    1.0
  2.04                             2.0    1.0    1.0
  2.1                              3.0    2.0    2.0
  2.12                             3.0    2.0    1.0
  2.13                             1.0    2.0    1.0
  2.14                             1.0    1.0    1.0
  2.15                             1.0    1.0    2.0
  2.16                             1.0    2.0    1.0
  2.17                             1.0    3.0    1.0
  2.19                             1.0    2.0    2.0
  2.2                              1.0    4.0    3.0
  2.21                             1.0    3.0    1.0
  2.22                             1.0    2.0    1.0
  2.23                             1.0    2.0    2.0
  2.24                             1.0    3.0    1.0
  2.25                             2.0    1.0    2.0
  2.26                             1.0    2.0    3.0
  2.27                             2.0    2.0    1.0
  2.28                             2.0    4.0    3.0
  2.29                             2.0    2.0    1.0
  2.3                              2.0    4.0    3.0
  2.31                             2.0    2.0    1.0
  2.32                             1.0    3.0    4.0
  2.35                             1.0    1.0    4.0
  2.36                             1.0    2.0    3.0
  2.37                             1.0    1.0    2.0
  2.38                             1.0    2.0    4.0
  2.39                             1.0    2.0    1.0
  2.4                              2.0    2.0    3.0
  2.41                             1.0    1.0    1.0
  2.42                             2.0    3.0    1.0
  2.43                             1.0    1.0    1.0
  2.44                             2.0    1.0    1.0
  2.45                             1.0    1.0    2.0
  2.46                             2.0    3.0    1.0
  2.48                             1.0    1.0    5.0
  2.5                              2.0    3.0    1.0
  2.51                             2.0    2.0    1.0
  2.52                             1.0    1.0    1.0
  2.53                             1.0    2.0    1.0
  2.54                             1.0    1.0    3.0
  2.55                             2.0    1.0    1.0
  2.56                             1.0    2.0    1.0
  2.58                             1.0    2.0    2.0
  2.59                             2.0    1.0    1.0
  2.6                              2.0    2.0    2.0
  2.61                             1.0    1.0    2.0
  2.62                             1.0    2.0    2.0
  2.64                             1.0    1.0    4.0
  2.65                             1.0    1.0    1.0
  2.67                             1.0    2.0    1.0
  2.68                             3.0    1.0    1.0
  2.69                             1.0    1.0    2.0
  2.7                              1.0    2.0    3.0
  2.72                             1.0    1.0    2.0
  2.73                             1.0    2.0    1.0
  2.74                             1.0    2.0    2.0
  2.75                             1.0    1.0    2.0
  2.78                             1.0    2.0    1.0
  2.8                              1.0    1.0    1.0
  2.84                             2.0    1.0    1.0
  2.86                             1.0    1.0    2.0
  2.87                             1.0    1.0    1.0
  2.92                             1.0    2.0    1.0
  3.22                             1.0    1.0    1.0
  3.23                             1.0    2.0    1.0
  [total]                        102.0  150.0  127.0

Magnesium
  10.6                             1.0    2.0    1.0
  11.2                             1.0    1.0    1.0
  11.4                             1.0    1.0    1.0
  12                               1.0    1.0    1.0
  12.4                             2.0    1.0    1.0
  13.2                             2.0    1.0    1.0
  14                               2.0    1.0    1.0
  14.6                             1.0    1.0    1.0
  14.8                             1.0    2.0    1.0
  15                               2.0    2.0    1.0
  15.2                             1.0    1.0    1.0
  15.5                             3.0    1.0    1.0
  15.6                             1.0    1.0    1.0
  16                               3.0    6.0    1.0
  16.1                             1.0    1.0    1.0
  16.2                             2.0    1.0    1.0
  16.3                             2.0    1.0    1.0
  16.4                             2.0    1.0    1.0
  16.5                             1.0    1.0    1.0
  16.6                             1.0    1.0    1.0
  16.7                             2.0    1.0    1.0
  16.8                             2.0    3.0    1.0
  17                               2.0    2.0    1.0
  17.1                             2.0    1.0    1.0
  17.2                             2.0    1.0    1.0
  17.4                             2.0    1.0    1.0
  17.5                             2.0    2.0    2.0
  17.6                             1.0    1.0    1.0
  17.8                             1.0    1.0    1.0
  18                               2.0    8.0    2.0
  18.1                             1.0    2.0    1.0
  18.5                             1.0    4.0    5.0
  18.6                             1.0    1.0    1.0
  18.8                             3.0    2.0    1.0
  18.9                             2.0    1.0    1.0
  19                               1.0    8.0    2.0
  19.1                             1.0    1.0    1.0
  19.4                             1.0    1.0    1.0
  19.5                             1.0    3.0    5.0
  19.6                             1.0    2.0    1.0
  20                               1.0    4.0   10.0
  20.4                             1.0    2.0    1.0
  20.5                             2.0    2.0    2.0
  20.7                             1.0    2.0    1.0
  20.8                             1.0    2.0    1.0
  21                               1.0    7.0    5.0
  21.5                             1.0    5.0    5.0
  21.6                             1.0    2.0    1.0
  22                               1.0    4.0    5.0
  22.5                             1.0    5.0    3.0
  22.8                             1.0    2.0    1.0
  23                               1.0    2.0    3.0
  23.5                             1.0    1.0    2.0
  23.6                             1.0    2.0    1.0
  24                               1.0    3.0    4.0
  24.5                             1.0    2.0    3.0
  25                               1.0    2.0    4.0
  25.5                             1.0    1.0    2.0
  26                               1.0    2.0    1.0
  26.5                             1.0    2.0    1.0
  27                               1.0    1.0    2.0
  28.5                             1.0    3.0    1.0
  30                               1.0    2.0    1.0
  [total]                         86.0  134.0  111.0

Total_Phenols
  70                               1.0    2.0    1.0
  78                               1.0    4.0    1.0
  80                               1.0    5.0    2.0
  81                               1.0    2.0    1.0
  82                               1.0    2.0    1.0
  84                               1.0    4.0    1.0
  85                               1.0    6.0    2.0
  86                               1.0   10.0    3.0
  87                               1.0    4.0    1.0
  88                               1.0   10.0    5.0
  89                               1.0    1.0    5.0
  90                               2.0    3.0    2.0
  91                               1.0    1.0    2.0
  92                               2.0    3.0    3.0
  93                               1.0    1.0    2.0
  94                               2.0    4.0    2.0
  95                               1.0    1.0    2.0
  96                               1.0    2.0    5.0
  97                               1.0    3.0    3.0
  98                               3.0    4.0    4.0
  99                               1.0    2.0    1.0
  100                              1.0    2.0    1.0
  101                              3.0    4.0    2.0
  102                              3.0    2.0    3.0
  103                              3.0    3.0    2.0
  104                              1.0    2.0    2.0
  105                              1.0    1.0    2.0
  106                              1.0    1.0    4.0
  107                              2.0    2.0    2.0
  108                              3.0    2.0    1.0
  110                              2.0    2.0    1.0
  111                              3.0    1.0    2.0
  112                              1.0    2.0    4.0
  113                              1.0    1.0    2.0
  115                              2.0    1.0    1.0
  116                              2.0    1.0    2.0
  117                              2.0    1.0    1.0
  118                              3.0    1.0    1.0
  119                              1.0    2.0    1.0
  120                              1.0    1.0    3.0
  121                              1.0    1.0    1.0
  122                              1.0    1.0    2.0
  123                              1.0    1.0    2.0
  124                              1.0    1.0    1.0
  126                              1.0    1.0    1.0
  127                              1.0    1.0    1.0
  128                              2.0    1.0    1.0
  132                              1.0    1.0    1.0
  134                              1.0    2.0    1.0
  136                              1.0    2.0    1.0
  139                              1.0    2.0    1.0
  151                              1.0    2.0    1.0
  162                              1.0    2.0    1.0
  [total]                         76.0  124.0  101.0

Flavanoids
  0.98                             1.0    1.0    2.0
  1.1                              1.0    2.0    1.0
  1.15                             1.0    1.0    2.0
  1.25                             1.0    1.0    2.0
  1.28                             1.0    1.0    2.0
  1.3                              1.0    1.0    2.0
  1.35                             1.0    1.0    2.0
  1.38                             1.0    3.0    3.0
  1.39                             1.0    1.0    3.0
  1.4                              1.0    1.0    3.0
  1.41                             1.0    1.0    2.0
  1.45                             1.0    3.0    1.0
  1.48                             1.0    1.0    4.0
  1.5                              1.0    1.0    2.0
  1.51                             1.0    1.0    2.0
  1.54                             1.0    1.0    2.0
  1.55                             1.0    1.0    3.0
  1.59                             1.0    1.0    2.0
  1.6                              1.0    3.0    1.0
  1.61                             1.0    2.0    1.0
  1.62                             1.0    1.0    3.0
  1.63                             1.0    2.0    1.0
  1.65                             1.0    3.0    3.0
  1.68                             1.0    2.0    3.0
  1.7                              1.0    1.0    4.0
  1.72                             1.0    2.0    1.0
  1.74                             1.0    1.0    2.0
  1.75                             1.0    2.0    1.0
  1.78                             1.0    2.0    1.0
  1.79                             1.0    1.0    2.0
  1.8                              1.0    1.0    4.0
  1.83                             1.0    1.0    2.0
  1.85                             1.0    2.0    1.0
  1.88                             1.0    2.0    1.0
  1.89                             1.0    2.0    1.0
  1.9                              1.0    2.0    2.0
  1.92                             1.0    2.0    1.0
  1.93                             1.0    1.0    2.0
  1.95                             1.0    3.0    1.0
  1.98                             1.0    3.0    2.0
  2                                1.0    4.0    3.0
  2.02                             1.0    2.0    1.0
  2.05                             1.0    2.0    2.0
  2.1                              1.0    3.0    1.0
  2.11                             1.0    2.0    1.0
  2.13                             1.0    2.0    1.0
  2.2                              1.0    7.0    2.0
  2.22                             1.0    2.0    1.0
  2.23                             1.0    2.0    1.0
  2.3                              1.0    1.0    2.0
  2.32                             1.0    1.0    2.0
  2.35                             1.0    1.0    1.0
  2.36                             1.0    2.0    1.0
  2.4                              2.0    1.0    1.0
  2.41                             1.0    1.0    1.0
  2.42                             1.0    3.0    1.0
  2.45                             4.0    2.0    1.0
  2.46                             1.0    2.0    1.0
  2.48                             1.0    2.0    1.0
  2.5                              1.0    3.0    1.0
  2.53                             1.0    2.0    1.0
  2.55                             1.0    3.0    1.0
  2.56                             1.0    3.0    1.0
  2.6                              3.0    2.0    2.0
  2.61                             1.0    1.0    1.0
  2.62                             1.0    2.0    1.0
  2.63                             1.0    1.0    1.0
  2.64                             2.0    1.0    1.0
  2.65                             1.0    1.0    1.0
  2.7                              1.0    1.0    1.0
  2.72                             2.0    1.0    1.0
  2.74                             1.0    3.0    1.0
  2.75                             2.0    1.0    1.0
  2.8                              1.0    1.0    2.0
  2.83                             1.0    2.0    1.0
  2.85                             2.0    2.0    1.0
  2.86                             1.0    2.0    1.0
  2.88                             2.0    1.0    1.0
  2.9                              1.0    2.0    1.0
  2.95                             1.0    2.0    1.0
  2.96                             2.0    1.0    1.0
  2.98                             1.0    2.0    1.0
  3                                5.0    1.0    1.0
  3.02                             1.0    2.0    1.0
  3.1                              2.0    1.0    1.0
  3.15                             2.0    1.0    1.0
  3.18                             1.0    3.0    1.0
  3.2                              2.0    1.0    1.0
  3.25                             3.0    1.0    1.0
  3.27                             1.0    1.0    1.0
  3.3                              1.0    2.0    1.0
  3.38                             1.0    2.0    1.0
  3.4                              2.0    1.0    1.0
  3.5                              1.0    2.0    1.0
  3.52                             1.0    2.0    1.0
  3.85                             1.0    1.0    1.0
  3.88                             2.0    1.0    1.0
  [total]                        120.0  168.0  145.0

Nonflavanoid_Phenols
  0.34                             1.0    1.0    2.0
  0.47                             1.0    1.0    3.0
  0.48                             1.0    1.0    2.0
  0.49                             1.0    1.0    2.0
  0.5                              1.0    1.0    3.0
  0.51                             1.0    1.0    2.0
  0.52                             1.0    1.0    2.0
  0.55                             1.0    1.0    2.0
  0.56                             1.0    1.0    2.0
  0.57                             1.0    2.0    1.0
  0.58                             1.0    1.0    4.0
  0.6                              1.0    1.0    4.0
  0.61                             1.0    1.0    2.0
  0.63                             1.0    1.0    2.0
  0.65                             1.0    1.0    2.0
  0.66                             1.0    1.0    3.0
  0.68                             1.0    1.0    3.0
  0.69                             1.0    1.0    2.0
  0.7                              1.0    1.0    3.0
  0.75                             1.0    1.0    2.0
  0.76                             1.0    1.0    3.0
  0.78                             1.0    1.0    2.0
  0.8                              1.0    1.0    2.0
  0.83                             1.0    1.0    3.0
  0.84                             1.0    1.0    2.0
  0.92                             1.0    1.0    3.0
  0.96                             1.0    1.0    2.0
  0.99                             1.0    2.0    1.0
  1.02                             1.0    2.0    1.0
  1.09                             1.0    2.0    2.0
  1.1                              1.0    1.0    2.0
  1.2                              1.0    1.0    2.0
  1.22                             1.0    1.0    2.0
  1.25                             1.0    3.0    2.0
  1.28                             1.0    2.0    2.0
  1.3                              1.0    2.0    1.0
  1.31                             1.0    1.0    2.0
  1.32                             1.0    2.0    1.0
  1.36                             1.0    2.0    2.0
  1.39                             1.0    1.0    2.0
  1.41                             1.0    2.0    1.0
  1.46                             1.0    2.0    1.0
  1.5                              1.0    2.0    1.0
  1.57                             1.0    2.0    2.0
  1.58                             1.0    2.0    1.0
  1.59                             1.0    3.0    1.0
  1.6                              1.0    2.0    1.0
  1.61                             1.0    2.0    1.0
  1.64                             1.0    3.0    1.0
  1.69                             1.0    3.0    1.0
  1.75                             1.0    3.0    1.0
  1.76                             1.0    2.0    1.0
  1.79                             1.0    2.0    1.0
  1.84                             1.0    3.0    1.0
  1.85                             1.0    2.0    1.0
  1.92                             1.0    2.0    1.0
  1.94                             1.0    2.0    1.0
  2                                1.0    2.0    1.0
  2.01                             1.0    2.0    1.0
  2.03                             1.0    4.0    1.0
  2.04                             1.0    2.0    1.0
  2.09                             1.0    2.0    1.0
  2.11                             1.0    2.0    1.0
  2.13                             1.0    2.0    1.0
  2.14                             1.0    2.0    1.0
  2.17                             1.0    3.0    1.0
  2.19                             1.0    1.0    1.0
  2.21                             1.0    2.0    1.0
  2.24                             1.0    2.0    1.0
  2.25                             1.0    2.0    1.0
  2.26                             1.0    3.0    1.0
  2.27                             1.0    3.0    1.0
  2.29                             1.0    2.0    1.0
  2.33                             1.0    1.0    1.0
  2.37                             1.0    1.0    1.0
  2.41                             1.0    1.0    1.0
  2.43                             2.0    1.0    1.0
  2.45                             1.0    2.0    1.0
  2.5                              1.0    2.0    1.0
  2.51                             1.0    1.0    1.0
  2.52                             1.0    1.0    1.0
  2.53                             1.0    2.0    1.0
  2.55                             1.0    2.0    1.0
  2.58                             1.0    2.0    1.0
  2.61                             1.0    1.0    1.0
  2.63                             2.0    1.0    1.0
  2.64                             2.0    1.0    1.0
  2.65                             2.0    4.0    1.0
  2.68                             3.0    1.0    1.0
  2.69                             1.0    1.0    1.0
  2.74                             1.0    1.0    1.0
  2.76                             1.0    1.0    1.0
  2.78                             2.0    1.0    1.0
  2.79                             2.0    2.0    1.0
  2.86                             1.0    2.0    1.0
  2.88                             1.0    1.0    1.0
  2.89                             1.0    2.0    1.0
  2.9                              2.0    1.0    1.0
  2.91                             1.0    1.0    1.0
  2.92                             2.0    2.0    1.0
  2.94                             1.0    1.0    1.0
  2.97                             1.0    1.0    1.0
  2.98                             1.0    1.0    1.0
  2.99                             2.0    2.0    1.0
  3                                3.0    1.0    1.0
  3.03                             1.0    2.0    1.0
  3.04                             2.0    1.0    1.0
  3.06                             1.0    1.0    1.0
  3.1                              1.0    2.0    1.0
  3.14                             1.0    1.0    1.0
  3.15                             1.0    2.0    1.0
  3.17                             2.0    1.0    1.0
  3.18                             1.0    2.0    1.0
  3.19                             1.0    1.0    1.0
  3.23                             2.0    1.0    1.0
  3.24                             1.0    1.0    1.0
  3.25                             1.0    1.0    1.0
  3.27                             2.0    1.0    1.0
  3.29                             2.0    1.0    1.0
  3.32                             1.0    1.0    1.0
  3.39                             2.0    1.0    1.0
  3.4                              1.0    1.0    1.0
  3.49                             1.0    1.0    1.0
  3.54                             2.0    1.0    1.0
  3.56                             2.0    1.0    1.0
  3.64                             1.0    1.0    1.0
  3.67                             2.0    1.0    1.0
  3.69                             1.0    1.0    1.0
  3.74                             2.0    1.0    1.0
  3.75                             1.0    2.0    1.0
  3.93                             1.0    1.0    1.0
  5.08                             1.0    2.0    1.0
  [total]                        155.0  203.0  180.0

Proanthocyanins
  0.13                             1.0    2.0    1.0
  0.14                             1.0    3.0    1.0
  0.17                             3.0    2.0    2.0
  0.19                             2.0    2.0    1.0
  0.2                              3.0    1.0    1.0
  0.21                             3.0    4.0    2.0
  0.22                             2.0    2.0    2.0
  0.24                             1.0    4.0    3.0
  0.25                             1.0    2.0    1.0
  0.26                             2.0    5.0    2.0
  0.27                             3.0    3.0    3.0
  0.28                             3.0    2.0    1.0
  0.29                             2.0    4.0    2.0
  0.3                              2.0    5.0    1.0
  0.31                             2.0    1.0    1.0
  0.32                             5.0    5.0    1.0
  0.33                             1.0    1.0    1.0
  0.34                             3.0    4.0    2.0
  0.35                             1.0    2.0    1.0
  0.37                             1.0    7.0    2.0
  0.39                             2.0    3.0    2.0
  0.4                              1.0    4.0    5.0
  0.41                             1.0    1.0    2.0
  0.42                             1.0    4.0    1.0
  0.43                             1.0    7.0    5.0
  0.44                             1.0    1.0    2.0
  0.45                             1.0    3.0    2.0
  0.47                             1.0    2.0    3.0
  0.48                             1.0    3.0    3.0
  0.5                              1.0    2.0    4.0
  0.52                             1.0    3.0    4.0
  0.53                             1.0    2.0    7.0
  0.55                             1.0    2.0    1.0
  0.56                             1.0    1.0    2.0
  0.58                             1.0    3.0    2.0
  0.6                              1.0    2.0    3.0
  0.61                             1.0    2.0    3.0
  0.63                             1.0    2.0    4.0
  0.66                             1.0    2.0    1.0
  [total]                         62.0  110.0   87.0

Color_Intensity
  0.41                             1.0    2.0    1.0
  0.42                             1.0    3.0    1.0
  0.55                             1.0    1.0    2.0
  0.62                             1.0    2.0    1.0
  0.64                             1.0    1.0    3.0
  0.68                             1.0    1.0    2.0
  0.73                             1.0    2.0    2.0
  0.75                             1.0    1.0    2.0
  0.8                              1.0    1.0    3.0
  0.81                             1.0    1.0    2.0
  0.83                             1.0    2.0    3.0
  0.84                             1.0    1.0    2.0
  0.86                             1.0    1.0    2.0
  0.88                             1.0    1.0    2.0
  0.94                             1.0    1.0    4.0
  0.95                             1.0    2.0    1.0
  0.96                             1.0    1.0    2.0
  0.97                             1.0    1.0    2.0
  1.02                             1.0    1.0    2.0
  1.03                             1.0    3.0    2.0
  1.04                             1.0    3.0    2.0
  1.05                             1.0    2.0    1.0
  1.06                             1.0    1.0    2.0
  1.1                              1.0    1.0    2.0
  1.11                             1.0    1.0    2.0
  1.14                             1.0    1.0    4.0
  1.15                             1.0    2.0    2.0
  1.22                             1.0    2.0    1.0
  1.24                             1.0    1.0    2.0
  1.25                             2.0    1.0    4.0
  1.26                             1.0    1.0    2.0
  1.28                             1.0    1.0    1.0
  1.3                              1.0    1.0    2.0
  1.31                             1.0    2.0    1.0
  1.34                             1.0    2.0    1.0
  1.35                             1.0    6.0    3.0
  1.36                             2.0    1.0    1.0
  1.37                             2.0    1.0    1.0
  1.38                             1.0    2.0    1.0
  1.4                              1.0    3.0    2.0
  1.41                             1.0    1.0    2.0
  1.42                             1.0    3.0    1.0
  1.43                             1.0    2.0    1.0
  1.44                             2.0    2.0    1.0
  1.45                             1.0    1.0    1.0
  1.46                             1.0    4.0    3.0
  1.48                             2.0    2.0    1.0
  1.53                             1.0    2.0    1.0
  1.54                             1.0    1.0    2.0
  1.55                             1.0    1.0    2.0
  1.56                             1.0    3.0    3.0
  1.57                             1.0    1.0    1.0
  1.61                             1.0    2.0    1.0
  1.62                             2.0    3.0    1.0
  1.63                             1.0    4.0    1.0
  1.64                             1.0    2.0    1.0
  1.65                             1.0    2.0    1.0
  1.66                             3.0    1.0    1.0
  1.68                             2.0    1.0    1.0
  1.69                             1.0    1.0    1.0
  1.7                              2.0    1.0    1.0
  1.71                             1.0    2.0    1.0
  1.72                             1.0    1.0    1.0
  1.76                             1.0    2.0    1.0
  1.77                             1.0    4.0    1.0
  1.81                             1.0    1.0    1.0
  1.82                             1.0    1.0    1.0
  1.83                             1.0    2.0    1.0
  1.85                             1.0    1.0    1.0
  1.86                             1.0    1.0    1.0
  1.87                             2.0    5.0    2.0
  1.9                              1.0    2.0    1.0
  1.92                             1.0    1.0    1.0
  1.95                             1.0    3.0    1.0
  1.96                             1.0    2.0    1.0
  1.97                             1.0    1.0    1.0
  1.98                             1.0    1.0    1.0
  1.99                             1.0    2.0    1.0
  2.01                             1.0    3.0    1.0
  2.03                             3.0    1.0    1.0
  2.04                             2.0    1.0    1.0
  2.08                             3.0    3.0    1.0
  2.1                              1.0    1.0    1.0
  2.14                             2.0    1.0    1.0
  2.18                             1.0    1.0    1.0
  2.19                             2.0    1.0    1.0
  2.28                             1.0    2.0    1.0
  2.29                             2.0    1.0    2.0
  2.34                             2.0    1.0    1.0
  2.35                             1.0    2.0    1.0
  2.38                             2.0    1.0    1.0
  2.45                             2.0    1.0    1.0
  2.49                             1.0    2.0    1.0
  2.5                              1.0    2.0    1.0
  2.7                              1.0    1.0    2.0
  2.76                             1.0    2.0    1.0
  2.81                             1.0    2.0    1.0
  2.91                             2.0    2.0    1.0
  2.96                             1.0    1.0    1.0
  3.28                             1.0    2.0    1.0
  3.58                             1.0    2.0    1.0
  [total]                        124.0  172.0  149.0

Hue
  1.28                             1.0    2.0    1.0
  1.74                             1.0    2.0    1.0
  1.9                              1.0    2.0    1.0
  1.95                             1.0    3.0    1.0
  2                                1.0    2.0    1.0
  2.06                             1.0    3.0    1.0
  2.08                             1.0    2.0    1.0
  2.12                             1.0    2.0    1.0
  2.15                             1.0    2.0    1.0
  2.2                              1.0    2.0    1.0
  2.3                              1.0    2.0    1.0
  2.4                              1.0    2.0    1.0
  2.45                             1.0    3.0    1.0
  2.5                              1.0    3.0    1.0
  2.57                             1.0    2.0    1.0
  2.6                              1.0    5.0    1.0
  2.62                             1.0    2.0    1.0
  2.65                             1.0    3.0    1.0
  2.7                              1.0    3.0    1.0
  2.76                             1.0    2.0    1.0
  2.8                              1.0    4.0    1.0
  2.85                             1.0    2.0    1.0
  2.9                              1.0    4.0    1.0
  2.94                             1.0    2.0    1.0
  2.95                             1.0    2.0    1.0
  3                                1.0    2.0    1.0
  3.05                             1.0    4.0    1.0
  3.08                             1.0    2.0    1.0
  3.17                             1.0    2.0    1.0
  3.21                             1.0    2.0    1.0
  3.25                             1.0    3.0    1.0
  3.27                             1.0    2.0    1.0
  3.3                              1.0    3.0    1.0
  3.35                             1.0    2.0    1.0
  3.38                             1.0    2.0    1.0
  3.4                              1.0    4.0    1.0
  3.52                             1.0    1.0    1.0
  3.58                             1.0    1.0    1.0
  3.6                              1.0    2.0    1.0
  3.7                              2.0    1.0    1.0
  3.74                             1.0    2.0    1.0
  3.8                              1.0    4.0    1.0
  3.84                             1.0    1.0    1.0
  3.85                             1.0    1.0    2.0
  3.9                              1.0    2.0    1.0
  3.93                             1.0    1.0    1.0
  3.94                             1.0    2.0    1.0
  3.95                             1.0    1.0    1.0
  4                                1.0    1.0    2.0
  4.1                              1.0    1.0    2.0
  4.2                              1.0    1.0    1.0
  4.25                             2.0    1.0    1.0
  4.28                             2.0    1.0    1.0
  4.32                             1.0    1.0    1.0
  4.35                             1.0    1.0    2.0
  4.36                             2.0    1.0    1.0
  4.38                             1.0    1.0    1.0
  4.4                              1.0    1.0    2.0
  4.45                             1.0    2.0    1.0
  4.5                              1.0    2.0    1.0
  4.6                              2.0    3.0    2.0
  4.68                             1.0    2.0    1.0
  4.7                              1.0    1.0    1.0
  4.8                              1.0    2.0    1.0
  4.9                              2.0    1.0    2.0
  4.92                             1.0    1.0    2.0
  5                                1.0    1.0    3.0
  5.04                             2.0    1.0    1.0
  5.05                             1.0    1.0    1.0
  5.1                              2.0    1.0    1.0
  5.2                              1.0    1.0    1.0
  5.24                             2.0    1.0    1.0
  5.25                             1.0    1.0    1.0
  5.28                             1.0    1.0    2.0
  5.3                              1.0    2.0    1.0
  5.4                              1.0    1.0    2.0
  5.43                             2.0    1.0    1.0
  5.45                             1.0    1.0    2.0
  5.5                              1.0    1.0    2.0
  5.58                             1.0    1.0    2.0
  5.6                              2.0    1.0    2.0
  5.64                             1.0    1.0    1.0
  5.65                             1.0    1.0    1.0
  5.68                             1.0    1.0    1.0
  5.7                              1.0    1.0    3.0
  5.75                             1.0    2.0    1.0
  5.85                             2.0    1.0    1.0
  5.88                             1.0    1.0    2.0
  6                                2.0    2.0    1.0
  6.1                              2.0    1.0    1.0
  6.13                             2.0    1.0    1.0
  6.2                              2.0    1.0    1.0
  6.25                             2.0    1.0    1.0
  6.3                              2.0    1.0    1.0
  6.38                             2.0    1.0    1.0
  6.6                              1.0    1.0    1.0
  6.62                             1.0    1.0    2.0
  6.75                             1.0    1.0    1.0
  6.8                              2.0    1.0    1.0
  6.9                              1.0    1.0    1.0
  7.05                             2.0    1.0    1.0
  7.1                              1.0    1.0    3.0
  7.2                              2.0    1.0    1.0
  7.22                             1.0    1.0    1.0
  7.3                              1.0    1.0    2.0
  7.5                              1.0    1.0    2.0
  7.6                              1.0    1.0    2.0
  7.65                             1.0    1.0    3.0
  7.7                              1.0    1.0    2.0
  7.8                              1.0    1.0    1.0
  7.9                              1.0    1.0    2.0
  8.21                             1.0    1.0    2.0
  8.42                             1.0    1.0    2.0
  8.5                              1.0    1.0    2.0
  8.6                              1.0    1.0    2.0
  8.66                             1.0    1.0    2.0
  8.7                              1.0    1.0    1.0
  8.9                              2.0    1.0    1.0
  9.01                             1.0    1.0    2.0
  9.2                              1.0    1.0    2.0
  9.3                              1.0    1.0    2.0
  9.4                              1.0    1.0    2.0
  9.58                             1.0    1.0    2.0
  9.7                              1.0    1.0    2.0
  9.899999                         1.0    1.0    2.0
  10.2                             1.0    1.0    2.0
  10.26                            1.0    1.0    2.0
  10.52                            1.0    1.0    2.0
  10.68                            1.0    1.0    2.0
  10.8                             1.0    1.0    2.0
  11.75                            1.0    1.0    2.0
  13                               1.0    1.0    2.0
  [total]                        155.0  203.0  180.0

OD280/OD315_of_Diluted_Wines
  0.48                             1.0    1.0    2.0
  0.54                             1.0    1.0    2.0
  0.55                             1.0    1.0    2.0
  0.56                             1.0    1.0    3.0
  0.57                             1.0    1.0    6.0
  0.58                             1.0    1.0    3.0
  0.59                             1.0    1.0    3.0
  0.6                              1.0    1.0    4.0
  0.61                             1.0    1.0    3.0
  0.62                             1.0    1.0    2.0
  0.64                             1.0    1.0    2.0
  0.65                             1.0    1.0    2.0
  0.66                             1.0    1.0    3.0
  0.67                             1.0    1.0    3.0
  0.68                             1.0    1.0    2.0
  0.69                             1.0    2.0    1.0
  0.7                              1.0    2.0    4.0
  0.72                             1.0    1.0    2.0
  0.73                             1.0    2.0    2.0
  0.74                             1.0    1.0    3.0
  0.75                             1.0    3.0    3.0
  0.76                             1.0    1.0    2.0
  0.77                             1.0    1.0    2.0
  0.78                             1.0    1.0    3.0
  0.79                             1.0    3.0    1.0
  0.8                              1.0    3.0    1.0
  0.81                             1.0    1.0    2.0
  0.82                             2.0    1.0    2.0
  0.84                             1.0    2.0    1.0
  0.85                             1.0    1.0    2.0
  0.86                             1.0    4.0    1.0
  0.87                             2.0    1.0    2.0
  0.88                             3.0    2.0    1.0
  0.89                             3.0    2.0    3.0
  0.9                              1.0    2.0    1.0
  0.906                            1.0    2.0    1.0
  0.91                             3.0    1.0    2.0
  0.92                             2.0    2.0    1.0
  0.93                             1.0    4.0    1.0
  0.94                             2.0    2.0    1.0
  0.95                             2.0    3.0    1.0
  0.96                             1.0    4.0    2.0
  0.97                             1.0    2.0    1.0
  0.98                             2.0    3.0    1.0
  0.99                             1.0    2.0    1.0
  1                                1.0    3.0    1.0
  1.01                             2.0    1.0    1.0
  1.02                             1.0    2.0    1.0
  1.03                             1.0    1.0    1.0
  1.04                             2.0    4.0    1.0
  1.05                             1.0    3.0    1.0
  1.06                             1.0    3.0    1.0
  1.07                             3.0    2.0    1.0
  1.08                             1.0    2.0    1.0
  1.09                             2.0    1.0    1.0
  1.1                              1.0    2.0    1.0
  1.11                             1.0    1.0    1.0
  1.12                             4.0    3.0    1.0
  1.13                             2.0    1.0    1.0
  1.15                             1.0    2.0    1.0
  1.16                             1.0    4.0    1.0
  1.17                             1.0    1.0    1.0
  1.18                             2.0    1.0    1.0
  1.19                             1.0    4.0    1.0
  1.2                              1.0    1.0    1.0
  1.22                             1.0    2.0    1.0
  1.23                             1.0    6.0    1.0
  1.24                             2.0    1.0    1.0
  1.25                             1.0    2.0    1.0
  1.27                             1.0    2.0    1.0
  1.28                             1.0    2.0    1.0
  1.31                             1.0    3.0    1.0
  1.33                             1.0    2.0    1.0
  1.36                             1.0    3.0    1.0
  1.38                             1.0    2.0    1.0
  1.42                             1.0    2.0    1.0
  1.45                             1.0    2.0    1.0
  1.71                             1.0    2.0    1.0
  [total]                        101.0  149.0  126.0

Proline
  1.27                             1.0    1.0    2.0
  1.29                             1.0    1.0    3.0
  1.3                              1.0    1.0    2.0
  1.33                             1.0    1.0    4.0
  1.36                             1.0    1.0    2.0
  1.42                             1.0    1.0    2.0
  1.47                             1.0    1.0    2.0
  1.48                             1.0    1.0    2.0
  1.51                             1.0    1.0    3.0
  1.55                             1.0    1.0    2.0
  1.56                             1.0    1.0    4.0
  1.58                             1.0    1.0    3.0
  1.59                             1.0    2.0    1.0
  1.6                              1.0    1.0    2.0
  1.62                             1.0    1.0    3.0
  1.63                             1.0    1.0    2.0
  1.64                             1.0    1.0    2.0
  1.67                             1.0    2.0    1.0
  1.68                             1.0    1.0    3.0
  1.69                             1.0    1.0    2.0
  1.71                             1.0    1.0    2.0
  1.73                             1.0    1.0    2.0
  1.74                             1.0    1.0    2.0
  1.75                             1.0    1.0    4.0
  1.78                             1.0    1.0    2.0
  1.8                              1.0    1.0    2.0
  1.82                             1.0    3.0    3.0
  1.83                             1.0    1.0    2.0
  1.86                             1.0    1.0    2.0
  1.92                             1.0    1.0    2.0
  1.93                             1.0    2.0    1.0
  1.96                             1.0    1.0    2.0
  2                                1.0    1.0    2.0
  2.01                             1.0    2.0    1.0
  2.05                             1.0    1.0    2.0
  2.06                             1.0    2.0    2.0
  2.11                             1.0    1.0    2.0
  2.12                             1.0    2.0    1.0
  2.14                             1.0    2.0    1.0
  2.15                             1.0    1.0    2.0
  2.23                             1.0    2.0    1.0
  2.26                             1.0    3.0    1.0
  2.27                             1.0    2.0    1.0
  2.3                              1.0    2.0    1.0
  2.31                             1.0    3.0    2.0
  2.42                             1.0    2.0    1.0
  2.44                             1.0    3.0    1.0
  2.46                             1.0    2.0    1.0
  2.47                             1.0    1.0    2.0
  2.48                             1.0    2.0    1.0
  2.5                              1.0    2.0    1.0
  2.51                             2.0    1.0    1.0
  2.52                             1.0    2.0    1.0
  2.57                             1.0    2.0    1.0
  2.63                             1.0    2.0    1.0
  2.65                             1.0    2.0    1.0
  2.69                             2.0    1.0    1.0
  2.71                             1.0    1.0    1.0
  2.72                             1.0    2.0    1.0
  2.73                             1.0    1.0    1.0
  2.74                             1.0    2.0    1.0
  2.75                             2.0    2.0    1.0
  2.77                             1.0    3.0    1.0
  2.78                             2.0    4.0    1.0
  2.81                             1.0    2.0    1.0
  2.82                             1.0    1.0    1.0
  2.83                             1.0    2.0    1.0
  2.84                             2.0    2.0    1.0
  2.85                             1.0    1.0    1.0
  2.87                             2.0    3.0    1.0
  2.88                             1.0    1.0    1.0
  2.9                              1.0    1.0    1.0
  2.91                             2.0    1.0    1.0
  2.93                             2.0    1.0    1.0
  2.96                             1.0    4.0    1.0
  3                                3.0    1.0    1.0
  3.02                             1.0    2.0    1.0
  3.03                             2.0    1.0    1.0
  3.05                             1.0    2.0    1.0
  3.07                             1.0    2.0    1.0
  3.08                             1.0    2.0    1.0
  3.1                              2.0    2.0    1.0
  3.12                             1.0    3.0    1.0
  3.13                             1.0    3.0    1.0
  3.14                             1.0    2.0    1.0
  3.16                             1.0    3.0    1.0
  3.17                             1.0    2.0    1.0
  3.18                             1.0    2.0    1.0
  3.19                             1.0    2.0    1.0
  3.2                              2.0    1.0    1.0
  3.21                             1.0    3.0    1.0
  3.22                             1.0    1.0    1.0
  3.26                             2.0    2.0    1.0
  3.28                             1.0    2.0    1.0
  3.3                              1.0    3.0    1.0
  3.31                             2.0    1.0    1.0
  3.33                             3.0    2.0    1.0
  3.35                             2.0    1.0    1.0
  3.36                             1.0    1.0    1.0
  3.37                             2.0    1.0    1.0
  3.38                             2.0    2.0    1.0
  3.39                             1.0    2.0    1.0
  3.4                              1.0    1.0    1.0
  3.44                             2.0    1.0    1.0
  3.45                             1.0    1.0    1.0
  3.47                             1.0    1.0    1.0
  3.48                             1.0    2.0    1.0
  3.5                              1.0    2.0    1.0
  3.52                             1.0    1.0    1.0
  3.53                             2.0    1.0    1.0
  3.55                             1.0    1.0    1.0
  3.56                             2.0    1.0    1.0
  3.57                             1.0    2.0    1.0
  3.58                             1.0    1.0    1.0
  3.59                             1.0    1.0    1.0
  3.63                             1.0    1.0    1.0
  3.64                             1.0    2.0    1.0
  3.69                             1.0    2.0    1.0
  3.71                             1.0    1.0    1.0
  3.82                             1.0    1.0    1.0
  3.92                             1.0    1.0    1.0
  4                                1.0    1.0    1.0
  [total]                        145.0  193.0  170.0



Time taken to build model: 0.02 seconds
Time taken to test model on training data: 0 seconds

=== Error on training data ===

Correctly Classified Instances         142              100      %
Incorrectly Classified Instances         0                0      %
Kappa statistic                          1     
K&B Relative Info Score              14121.5309 %
K&B Information Score                  206.1669 bits      1.4519 bits/instance
Class complexity | order 0             206.5222 bits      1.4544 bits/instance
Class complexity | scheme                0.3553 bits      0.0025 bits/instance
Complexity improvement     (Sf)        206.1669 bits      1.4519 bits/instance
Mean absolute error                      0.0012
Root mean squared error                  0.0027
Relative absolute error                  0.283  %
Root relative squared error              0.5952 %
Total Number of Instances              142     


=== Detailed Accuracy By Class ===

               TP Rate   FP Rate   Precision   Recall  F-Measure   ROC Area  Class
                 1         0          1         1         1          1        1
                 1         0          1         1         1          1        2
                 1         0          1         1         1          1        3
Weighted Avg.    1         0          1         1         1          1    


=== Confusion Matrix ===

  a  b  c   <-- classified as
 23  0  0 |  a = 1
  0 71  0 |  b = 2
  0  0 48 |  c = 3


=== Error on test data ===

Correctly Classified Instances          20               55.5556 %
Incorrectly Classified Instances        16               44.4444 %
Kappa statistic                          0     
K&B Relative Info Score               3546.6359 %
K&B Information Score                   51.779  bits      1.4383 bits/instance
Class complexity | order 0              93.4181 bits      2.5949 bits/instance
Class complexity | scheme               45.3332 bits      1.2593 bits/instance
Complexity improvement     (Sf)         48.0849 bits      1.3357 bits/instance
Mean absolute error                      0.3237
Root mean squared error                  0.4203
Relative absolute error                 58.1794 %
Root relative squared error             70.8057 %
Total Number of Instances               36     


=== Detailed Accuracy By Class ===

               TP Rate   FP Rate   Precision   Recall  F-Measure   ROC Area  Class
                 0.556     0          1         0.556     0.714      ?        1
                 0         0.278      0         0         0          ?        2
                 0         0.167      0         0         0          ?        3
Weighted Avg.    0.556     0          1         0.556     0.714      0    


=== Confusion Matrix ===

  a  b  c   <-- classified as
 20 10  6 |  a = 1
  0  0  0 |  b = 2
  0  0  0 |  c = 3

