

=== Predictions under cross-validation ===

 inst#     actual  predicted error prediction (Wifes_age,Wifes_education,Husbands_education,Number_of_children_ever_born,Wifes_religion,Wifes_now_working?,Husbands_occupation,Standard-of-living_index,Media_exposure)
     1        1:1        1:1       0.704 (26,2,3,1,1,0,3,4,1)
     2        1:1        1:1       0.965 (22,4,4,0,1,1,2,1,1)
     3        1:1        1:1       0.703 (28,2,4,1,1,0,3,4,0)
     4        1:1        3:3   +   0.59 (28,3,4,3,1,1,2,1,0)
     5        1:1        1:1       0.609 (32,2,2,1,1,1,2,1,0)
     6        1:1        3:3   +   0.596 (29,3,4,2,1,1,3,4,0)
     7        1:1        3:3   +   0.409 (43,2,3,3,0,1,2,3,0)
     8        1:1        1:1       1 (49,1,3,0,1,1,3,3,1)
     9        1:1        1:1       0.487 (32,2,3,1,1,1,3,3,0)
    10        1:1        1:1       1 (45,1,1,0,0,0,2,1,0)
    11        1:1        3:3   +   0.755 (26,2,3,3,1,1,3,4,0)
    12        1:1        3:3   +   0.482 (46,4,4,6,1,1,1,4,0)
    13        1:1        2:2   +   0.777 (36,2,1,6,1,1,2,3,0)
    14        1:1        1:1       0.972 (23,4,4,0,0,1,2,4,0)
    15        1:1        3:3   +   0.467 (38,2,4,5,0,1,2,2,0)
    16        1:1        3:3   +   0.613 (32,2,2,2,1,1,2,4,0)
    17        1:1        2:2   +   0.472 (37,4,4,2,0,1,1,4,0)
    18        1:1        2:2   +   0.545 (33,4,4,2,0,1,1,4,0)
    19        1:1        3:3   +   0.497 (31,3,4,3,0,0,2,4,0)
    20        1:1        2:2   +   0.61 (34,3,4,4,1,1,1,3,0)
    21        1:1        3:3   +   0.39 (43,3,3,4,1,1,2,4,0)
    22        1:1        3:3   +   0.536 (27,1,2,4,1,1,1,4,1)
    23        1:1        3:3   +   0.639 (33,4,4,5,1,1,3,4,0)
    24        1:1        3:3   +   0.529 (34,3,3,6,1,1,2,3,0)
    25        1:1        1:1       0.962 (20,4,4,0,0,0,2,4,0)
    26        1:1        1:1       0.443 (42,3,3,3,1,0,2,4,0)
    27        1:1        3:3   +   0.494 (40,4,4,3,0,1,3,4,0)
    28        1:1        2:2   +   0.545 (47,3,2,5,1,1,4,4,0)
    29        1:1        3:3   +   0.383 (31,3,4,2,1,1,1,4,0)
    30        1:1        1:1       0.532 (45,2,3,4,1,0,2,4,0)
    31        1:1        3:3   +   0.815 (22,3,3,2,1,1,2,4,0)
    32        1:1        1:1       0.946 (29,4,2,0,1,0,2,2,0)
    33        1:1        1:1       0.943 (47,1,2,2,1,1,2,3,1)
    34        1:1        3:3   +   0.742 (21,1,2,1,1,0,3,4,0)
    35        2:2        2:2       0.593 (45,4,4,3,1,1,1,4,0)
    36        2:2        3:3   +   0.43 (36,3,4,3,0,0,3,4,0)
    37        2:2        3:3   +   0.546 (26,3,4,2,1,1,3,3,0)
    38        2:2        2:2       0.593 (45,4,4,3,1,1,1,4,0)
    39        2:2        2:2       0.504 (29,4,4,2,1,0,1,3,0)
    40        2:2        2:2       0.765 (44,4,4,5,1,1,1,4,0)
    41        2:2        3:3   +   0.427 (46,4,4,3,0,0,1,4,0)
    42        2:2        2:2       0.459 (38,4,4,4,1,1,2,4,0)
    43        2:2        2:2       0.474 (37,4,4,4,0,1,2,4,0)
    44        2:2        2:2       0.565 (38,4,4,6,1,1,1,4,0)
    45        2:2        2:2       0.602 (36,4,4,4,0,1,2,4,0)
    46        2:2        2:2       0.786 (44,4,4,7,1,1,3,2,0)
    47        2:2        3:3   +   0.396 (23,4,4,1,1,1,3,3,0)
    48        2:2        1:1   +   0.926 (47,1,1,8,1,1,3,4,1)
    49        2:2        3:3   +   0.684 (33,2,2,3,1,1,2,3,0)
    50        2:2        2:2       0.53 (34,4,4,4,1,1,3,3,0)
    51        2:2        3:3   +   0.821 (22,3,3,2,1,1,3,3,0)
    52        2:2        2:2       0.674 (36,2,1,6,1,1,2,1,0)
    53        2:2        2:2       0.477 (34,4,4,6,1,1,3,4,0)
    54        2:2        3:3   +   0.451 (37,4,4,3,1,1,1,4,0)
    55        2:2        2:2       0.531 (34,4,4,4,1,1,2,4,0)
    56        2:2        1:1   +   0.52 (38,2,2,8,1,1,2,2,0)
    57        2:2        2:2       0.679 (48,4,4,7,1,0,1,4,0)
    58        2:2        3:3   +   0.469 (27,3,3,1,1,0,3,4,0)
    59        2:2        2:2       0.554 (36,4,4,3,1,1,1,4,0)
    60        2:2        2:2       0.564 (47,4,4,4,0,1,2,4,0)
    61        2:2        3:3   +   0.54 (24,4,4,2,1,1,2,4,0)
    62        2:2        3:3   +   0.558 (21,4,4,1,1,1,1,4,0)
    63        2:2        3:3   +   0.662 (33,2,2,6,1,0,3,4,0)
    64        2:2        3:3   +   0.667 (26,3,3,2,1,1,3,2,0)
    65        2:2        3:3   +   0.415 (23,4,4,1,1,1,3,4,0)
    66        2:2        3:3   +   0.648 (30,2,2,7,1,1,3,4,0)
    67        2:2        2:2       0.585 (40,4,4,4,1,1,1,4,0)
    68        3:3        3:3       0.733 (24,2,3,5,1,1,3,3,0)
    69        3:3        3:3       0.553 (24,3,4,4,1,1,3,1,0)
    70        3:3        3:3       0.459 (26,4,4,1,1,1,3,3,0)
    71        3:3        3:3       0.537 (26,4,4,4,1,1,3,4,0)
    72        3:3        3:3       0.838 (22,3,3,2,1,1,3,1,0)
    73        3:3        3:3       0.656 (33,2,4,3,1,1,3,4,0)
    74        3:3        3:3       0.566 (35,3,2,9,1,0,3,4,0)
    75        3:3        2:2   +   0.709 (35,4,4,4,1,1,1,4,0)
    76        3:3        2:2   +   0.649 (35,3,4,4,1,0,1,4,0)
    77        3:3        3:3       0.491 (24,3,4,2,1,1,3,3,0)
    78        3:3        3:3       0.626 (27,4,4,4,1,1,3,3,0)
    79        3:3        3:3       0.582 (24,3,3,2,1,1,3,3,0)
    80        3:3        2:2   +   0.798 (44,4,4,4,0,1,2,3,0)
    81        3:3        3:3       0.581 (29,2,4,4,1,0,2,4,0)
    82        3:3        2:2   +   0.536 (35,3,4,5,1,1,1,4,0)
    83        3:3        3:3       0.4 (24,2,4,2,1,1,1,4,0)
    84        3:3        3:3       0.566 (27,2,2,3,1,1,2,2,1)
    85        3:3        3:3       0.493 (23,4,4,2,1,0,2,4,0)
    86        3:3        3:3       0.609 (24,2,4,3,1,1,3,3,0)
    87        3:3        3:3       0.624 (28,4,4,4,1,1,3,4,0)
    88        3:3        3:3       0.482 (31,3,3,3,1,1,3,1,1)
    89        3:3        3:3       0.86 (29,1,3,5,1,1,3,3,0)
    90        3:3        2:2   +   0.568 (36,4,4,2,1,0,1,4,0)
    91        3:3        2:2   +   0.524 (36,4,4,3,0,0,2,4,0)
    92        3:3        3:3       0.498 (30,4,4,2,1,1,1,4,0)
    93        3:3        3:3       0.5 (37,4,4,5,0,0,2,4,0)
    94        3:3        3:3       0.582 (28,4,4,4,1,1,2,3,0)
    95        3:3        3:3       0.749 (29,2,3,3,1,0,3,2,0)
    96        3:3        2:2   +   0.52 (35,4,4,3,0,1,3,4,0)
    97        3:3        2:2   +   0.734 (36,4,4,4,0,1,1,4,0)
    98        3:3        2:2   +   0.554 (36,4,4,3,1,1,1,4,0)
    99        3:3        2:2   +   0.533 (43,4,4,3,1,1,1,4,0)
   100        3:3        2:2   +   0.555 (29,3,4,4,1,0,1,3,0)
   101        3:3        2:2   +   0.533 (43,4,4,3,1,1,1,4,0)
   102        3:3        3:3       0.382 (24,4,4,1,1,1,2,3,0)
   103        3:3        3:3       0.478 (36,4,4,3,0,1,3,4,0)
   104        3:3        3:3       0.66 (29,3,4,5,1,1,3,3,0)
   105        3:3        1:1   +   0.519 (27,2,4,1,1,1,3,3,0)
   106        3:3        3:3       0.683 (29,3,4,3,1,1,3,2,0)
   107        3:3        3:3       0.423 (30,4,4,1,1,0,3,2,0)
   108        3:3        3:3       0.766 (21,3,4,2,1,1,3,3,0)
   109        3:3        2:2   +   0.626 (35,3,4,4,1,1,1,4,0)
   110        3:3        3:3       0.526 (26,2,4,3,1,1,1,3,0)
   111        3:3        3:3       0.602 (30,3,4,3,1,1,2,3,0)
   112        3:3        3:3       0.663 (26,2,3,2,1,1,3,3,0)
   113        3:3        3:3       0.564 (23,4,3,2,1,0,2,3,0)
   114        3:3        3:3       0.75 (21,3,3,1,1,1,3,1,0)
   115        3:3        3:3       0.512 (34,2,4,4,1,1,3,3,0)
   116        3:3        3:3       0.732 (21,3,3,1,0,1,3,2,0)
   117        3:3        3:3       0.515 (25,3,4,2,1,0,2,4,0)
   118        3:3        3:3       0.523 (26,3,4,4,1,1,2,4,0)
     1        1:1        3:3   +   0.599 (28,4,4,5,1,1,1,4,0)
     2        1:1        3:3   +   0.436 (39,3,4,3,1,1,1,4,0)
     3        1:1        1:1       0.643 (48,3,4,11,1,1,1,4,0)
     4        1:1        1:1       0.537 (44,1,2,2,1,1,3,1,0)
     5        1:1        1:1       0.669 (38,2,2,10,1,1,3,2,0)
     6        1:1        1:1       0.98 (25,2,3,0,1,1,2,4,0)
     7        1:1        1:1       0.66 (30,2,3,1,1,1,2,1,0)
     8        1:1        3:3   +   0.67 (26,2,4,3,1,1,3,4,0)
     9        1:1        1:1       0.998 (45,3,4,0,1,1,1,3,0)
    10        1:1        1:1       0.979 (20,3,4,0,1,1,3,3,0)
    11        1:1        3:3   +   0.48 (26,2,3,1,1,0,4,4,0)
    12        1:1        1:1       0.837 (19,4,4,0,0,1,3,4,0)
    13        1:1        1:1       0.944 (21,2,4,0,1,1,2,2,0)
    14        1:1        1:1       0.981 (49,1,2,8,1,1,3,1,1)
    15        1:1        1:1       0.991 (22,2,1,0,1,1,2,2,0)
    16        1:1        1:1       0.519 (39,2,2,5,1,0,3,2,1)
    17        1:1        1:1       0.924 (49,3,4,6,1,1,1,4,0)
    18        1:1        1:1       0.57 (30,1,3,1,1,1,3,4,0)
    19        1:1        3:3   +   0.428 (44,1,3,4,1,1,3,3,1)
    20        1:1        3:3   +   0.443 (25,3,3,1,1,1,3,4,0)
    21        1:1        1:1       0.667 (48,4,4,1,0,1,1,4,0)
    22        1:1        1:1       0.977 (27,3,4,0,1,0,3,3,0)
    23        1:1        2:2   +   0.575 (24,4,4,4,1,1,1,4,0)
    24        1:1        3:3   +   0.663 (34,1,3,4,1,0,3,4,0)
    25        1:1        1:1       1 (38,1,2,12,1,1,2,3,0)
    26        1:1        1:1       0.778 (46,1,2,3,1,1,2,1,1)
    27        1:1        1:1       0.56 (45,2,3,11,1,1,2,3,0)
    28        1:1        2:2   +   0.536 (43,4,4,6,1,1,1,3,0)
    29        1:1        1:1       0.658 (47,4,4,1,1,1,1,4,0)
    30        1:1        1:1       1 (47,2,3,12,1,1,3,1,0)
    31        1:1        3:3   +   0.657 (19,4,4,1,1,1,1,3,0)
    32        1:1        3:3   +   0.495 (35,3,3,2,1,0,2,2,0)
    33        1:1        1:1       0.599 (31,3,3,1,1,0,3,4,0)
    34        1:1        1:1       0.755 (40,1,1,2,1,0,3,4,0)
    35        2:2        3:3   +   0.605 (36,4,4,3,1,1,3,3,0)
    36        2:2        1:1   +   0.708 (47,3,4,11,1,0,2,3,0)
    37        2:2        1:1   +   0.402 (26,1,1,2,1,1,3,4,0)
    38        2:2        3:3   +   0.655 (27,3,3,2,1,1,3,4,0)
    39        2:2        2:2       0.455 (40,4,4,3,1,1,1,4,0)
    40        2:2        3:3   +   0.682 (21,2,2,1,1,1,3,2,0)
    41        2:2        2:2       0.57 (38,4,4,3,1,0,1,4,0)
    42        2:2        3:3   +   0.749 (21,4,4,1,1,1,2,1,0)
    43        2:2        3:3   +   0.621 (21,4,4,1,1,1,1,4,0)
    44        2:2        2:2       0.44 (32,2,1,5,1,0,2,2,0)
    45        2:2        1:1   +   0.69 (43,3,4,2,1,0,2,4,0)
    46        2:2        3:3   +   0.549 (35,2,2,6,1,1,3,4,0)
    47        2:2        2:2       0.506 (44,3,4,6,1,1,3,2,0)
    48        2:2        2:2       0.404 (48,4,4,6,0,1,2,4,0)
    49        2:2        3:3   +   0.566 (32,4,4,3,0,1,3,3,0)
    50        2:2        2:2       0.51 (39,4,4,3,0,0,1,4,0)
    51        2:2        1:1   +   0.894 (49,3,4,4,1,1,3,4,0)
    52        2:2        3:3   +   0.625 (39,4,4,5,1,1,2,4,0)
    53        2:2        1:1   +   0.869 (49,3,3,11,1,1,1,4,0)
    54        2:2        3:3   +   0.421 (30,3,4,2,1,1,1,4,0)
    55        2:2        3:3   +   0.528 (39,4,4,3,0,1,2,4,0)
    56        2:2        2:2       0.559 (26,4,4,1,1,0,1,3,0)
    57        2:2        2:2       0.505 (48,4,3,7,1,0,2,4,0)
    58        2:2        2:2       0.709 (42,4,4,6,1,1,1,3,0)
    59        2:2        1:1   +   0.586 (28,2,1,2,1,0,3,3,0)
    60        2:2        2:2       0.739 (44,4,4,3,1,0,1,4,0)
    61        2:2        3:3   +   0.446 (36,3,4,7,1,1,2,2,0)
    62        2:2        3:3   +   0.496 (22,4,4,1,1,1,1,3,0)
    63        2:2        1:1   +   0.796 (18,3,4,1,1,1,3,4,0)
    64        2:2        3:3   +   0.686 (33,3,3,5,1,1,3,4,0)
    65        2:2        3:3   +   0.635 (25,4,4,2,1,1,2,4,0)
    66        2:2        2:2       0.688 (44,4,4,4,1,0,2,3,0)
    67        2:2        2:2       0.49 (39,4,4,3,0,1,1,4,0)
    68        3:3        3:3       0.563 (30,4,4,3,0,0,2,4,0)
    69        3:3        3:3       0.5 (25,2,4,2,1,1,2,4,0)
    70        3:3        3:3       0.561 (29,2,4,2,1,1,3,2,0)
    71        3:3        3:3       0.627 (22,4,4,1,1,1,3,3,0)
    72        3:3        3:3       0.534 (30,2,2,2,1,1,3,2,0)
    73        3:3        3:3       0.647 (27,4,4,2,1,1,3,4,0)
    74        3:3        3:3       0.67 (21,4,4,1,0,1,2,4,0)
    75        3:3        3:3       0.692 (27,2,4,4,1,1,3,4,0)
    76        3:3        1:1   +   0.574 (25,2,2,1,1,1,3,3,0)
    77        3:3        2:2   +   0.489 (26,4,4,1,0,0,2,4,0)
    78        3:3        3:3       0.426 (27,3,3,1,1,0,3,3,0)
    79        3:3        3:3       0.715 (27,3,3,3,1,1,2,3,0)
    80        3:3        3:3       0.708 (21,3,3,1,1,1,2,2,0)
    81        3:3        3:3       0.703 (32,2,3,4,1,1,3,2,0)
    82        3:3        3:3       0.698 (30,3,3,3,1,0,3,2,0)
    83        3:3        3:3       0.675 (24,3,3,3,1,0,2,1,0)
    84        3:3        3:3       0.45 (34,2,4,6,1,1,3,3,0)
    85        3:3        1:1   +   0.673 (42,2,4,6,1,1,2,4,0)
    86        3:3        3:3       0.664 (32,4,3,3,1,1,2,4,0)
    87        3:3        2:2   +   0.525 (32,4,4,4,1,1,1,3,0)
    88        3:3        1:1   +   0.434 (24,3,4,1,1,1,3,4,0)
    89        3:3        3:3       0.635 (25,4,4,2,1,1,2,4,0)
    90        3:3        3:3       0.655 (27,3,4,4,1,1,3,3,0)
    91        3:3        3:3       0.599 (26,4,4,3,1,1,3,4,0)
    92        3:3        1:1   +   0.648 (20,2,3,1,1,1,2,1,0)
    93        3:3        2:2   +   0.467 (37,4,4,6,1,0,3,4,0)
    94        3:3        1:1   +   0.43 (38,3,3,2,0,1,3,4,0)
    95        3:3        3:3       0.735 (22,1,2,3,1,1,3,1,1)
    96        3:3        3:3       0.481 (37,4,4,3,0,1,3,4,0)
    97        3:3        3:3       0.807 (22,2,2,3,1,0,3,3,0)
    98        3:3        1:1   +   0.548 (29,1,2,1,1,1,3,3,0)
    99        3:3        3:3       0.671 (31,3,4,5,1,1,3,1,0)
   100        3:3        3:3       0.527 (35,2,4,6,1,1,3,4,0)
   101        3:3        2:2   +   0.377 (30,4,4,1,1,1,1,4,0)
   102        3:3        3:3       0.575 (29,3,4,5,1,1,1,2,0)
   103        3:3        3:3       0.49 (24,3,4,3,1,1,1,4,0)
   104        3:3        2:2   +   0.405 (26,4,4,1,1,0,2,4,0)
   105        3:3        3:3       0.67 (26,2,4,3,1,1,3,4,0)
   106        3:3        3:3       0.666 (29,2,4,3,1,1,3,3,0)
   107        3:3        3:3       0.545 (22,3,4,1,1,1,3,3,0)
   108        3:3        3:3       0.729 (25,4,3,2,1,1,3,3,0)
   109        3:3        2:2   +   0.495 (34,4,3,3,0,1,2,4,0)
   110        3:3        3:3       0.673 (29,2,4,4,1,1,3,2,0)
   111        3:3        3:3       0.708 (25,2,4,3,1,1,3,2,0)
   112        3:3        3:3       0.786 (27,2,2,5,1,1,3,1,0)
   113        3:3        1:1   +   0.457 (39,4,3,1,1,0,2,2,0)
   114        3:3        1:1   +   0.432 (28,4,4,1,1,1,2,4,0)
   115        3:3        3:3       0.737 (29,2,3,5,1,1,2,4,0)
   116        3:3        3:3       0.637 (21,3,4,1,1,0,3,4,0)
   117        3:3        3:3       0.646 (30,3,4,3,1,1,3,3,0)
   118        3:3        1:1   +   0.628 (20,2,2,2,1,1,3,2,1)
     1        1:1        1:1       0.5 (25,3,3,1,1,1,2,2,0)
     2        1:1        3:3   +   0.68 (25,2,2,2,1,1,3,1,0)
     3        1:1        1:1       0.507 (16,3,4,1,1,1,3,3,0)
     4        1:1        1:1       0.472 (24,3,4,1,1,0,3,3,0)
     5        1:1        3:3   +   0.407 (29,3,4,2,1,1,1,3,0)
     6        1:1        1:1       0.341 (23,4,4,1,1,0,3,3,0)
     7        1:1        1:1       0.506 (26,1,3,1,1,1,3,1,0)
     8        1:1        1:1       0.934 (22,4,4,0,1,0,2,4,0)
     9        1:1        1:1       0.986 (29,2,4,0,1,0,3,4,0)
    10        1:1        3:3   +   0.472 (25,4,4,1,1,1,1,4,0)
    11        1:1        1:1       0.995 (37,3,4,0,1,1,3,4,0)
    12        1:1        3:3   +   0.758 (21,2,2,1,1,1,3,2,0)
    13        1:1        2:2   +   0.568 (35,4,4,3,1,1,1,4,0)
    14        1:1        1:1       0.931 (47,2,4,2,1,1,3,2,1)
    15        1:1        1:1       0.985 (29,3,2,0,1,1,2,2,0)
    16        1:1        3:3   +   0.868 (22,2,4,4,1,1,3,4,0)
    17        1:1        1:1       0.924 (21,2,3,0,1,1,3,4,0)
    18        1:1        1:1       0.627 (48,3,4,4,0,1,2,4,0)
    19        1:1        3:3   +   0.744 (27,3,3,4,1,1,2,4,0)
    20        1:1        3:3   +   0.672 (20,3,4,2,1,1,3,2,0)
    21        1:1        1:1       0.583 (18,3,2,1,1,1,3,1,0)
    22        1:1        3:3   +   0.477 (32,4,4,3,1,1,1,4,0)
    23        1:1        2:2   +   0.587 (49,3,4,9,1,1,1,4,0)
    24        1:1        3:3   +   0.462 (38,1,3,4,1,0,2,2,0)
    25        1:1        1:1       0.352 (28,4,4,1,0,1,1,3,0)
    26        1:1        3:3   +   0.388 (38,2,2,6,1,1,3,4,0)
    27        1:1        1:1       0.966 (25,4,4,0,0,1,2,4,0)
    28        1:1        2:2   +   0.726 (49,4,4,6,0,0,1,4,0)
    29        1:1        1:1       0.945 (43,1,2,1,1,1,3,4,1)
    30        1:1        1:1       0.897 (47,1,1,1,1,1,3,4,0)
    31        1:1        2:2   +   0.601 (49,4,4,4,1,1,3,4,0)
    32        1:1        3:3   +   0.512 (25,3,3,1,1,1,3,1,0)
    33        1:1        3:3   +   0.692 (35,2,3,8,1,1,3,2,0)
    34        1:1        2:2   +   0.424 (43,4,4,3,0,1,2,4,0)
    35        2:2        3:3   +   0.472 (24,4,4,1,0,1,2,3,0)
    36        2:2        1:1   +   0.369 (33,3,4,2,1,1,1,4,0)
    37        2:2        2:2       0.455 (32,4,4,2,1,0,1,4,0)
    38        2:2        2:2       0.406 (31,4,2,2,0,1,1,3,0)
    39        2:2        1:1   +   0.381 (23,4,4,1,1,1,1,2,0)
    40        2:2        3:3   +   0.524 (27,4,4,1,1,0,3,3,0)
    41        2:2        2:2       0.562 (33,4,4,4,1,1,1,4,0)
    42        2:2        2:2       0.412 (24,4,4,1,1,0,1,4,0)
    43        2:2        3:3   +   0.622 (37,4,4,5,1,1,3,4,0)
    44        2:2        2:2       0.865 (42,4,3,7,1,0,1,4,0)
    45        2:2        3:3   +   0.657 (35,3,3,4,1,1,3,2,0)
    46        2:2        3:3   +   0.605 (25,2,3,1,1,0,4,4,0)
    47        2:2        3:3   +   0.733 (19,4,4,1,1,1,2,3,0)
    48        2:2        3:3   +   0.57 (32,4,4,4,0,0,2,4,0)
    49        2:2        3:3   +   0.598 (35,4,4,5,1,1,2,4,0)
    50        2:2        3:3   +   0.501 (36,4,4,3,1,0,2,4,0)
    51        2:2        1:1   +   0.471 (25,2,4,3,1,1,1,4,1)
    52        2:2        3:3   +   0.737 (26,2,2,4,1,1,3,4,0)
    53        2:2        3:3   +   0.641 (32,4,4,4,1,1,2,4,0)
    54        2:2        1:1   +   0.527 (40,3,4,2,0,1,3,4,0)
    55        2:2        3:3   +   0.709 (25,3,4,3,1,1,2,3,0)
    56        2:2        2:2       0.514 (39,4,4,3,1,1,1,4,0)
    57        2:2        3:3   +   0.46 (29,4,4,1,1,0,2,4,0)
    58        2:2        3:3   +   0.45 (26,4,4,1,0,1,2,4,0)
    59        2:2        3:3   +   0.428 (44,2,4,4,1,1,3,3,0)
    60        2:2        1:1   +   0.46 (27,3,3,1,0,0,2,4,0)
    61        2:2        1:1   +   0.507 (40,2,3,6,1,1,1,2,0)
    62        2:2        3:3   +   0.903 (17,4,4,1,1,1,2,4,0)
    63        2:2        2:2       0.461 (45,3,3,5,0,1,1,3,0)
    64        2:2        2:2       0.672 (45,3,3,7,1,1,3,4,0)
    65        2:2        2:2       0.644 (36,4,4,4,0,0,1,4,0)
    66        2:2        3:3   +   0.576 (25,4,4,2,0,1,1,3,0)
    67        2:2        3:3   +   0.702 (35,2,4,4,0,1,3,2,0)
    68        3:3        1:1   +   0.449 (36,2,4,11,1,1,1,4,1)
    69        3:3        3:3       0.535 (26,3,3,2,1,0,2,2,0)
    70        3:3        3:3       0.822 (29,2,3,4,1,1,2,1,0)
    71        3:3        2:2   +   0.548 (37,4,4,6,1,1,1,4,0)
    72        3:3        2:2   +   0.455 (33,2,2,7,1,0,2,3,0)
    73        3:3        3:3       0.531 (35,4,3,2,0,1,3,4,0)
    74        3:3        1:1   +   0.513 (25,3,3,1,1,1,2,1,0)
    75        3:3        3:3       0.807 (27,2,2,5,1,1,3,3,0)
    76        3:3        2:2   +   0.65 (45,4,4,3,1,1,1,4,0)
    77        3:3        3:3       0.74 (19,4,4,1,1,1,2,4,0)
    78        3:3        3:3       0.454 (33,3,4,8,1,1,3,4,0)
    79        3:3        3:3       0.666 (29,3,3,2,1,1,3,2,0)
    80        3:3        3:3       0.67 (46,3,4,9,1,1,3,4,0)
    81        3:3        1:1   +   0.652 (23,3,3,1,1,1,2,2,0)
    82        3:3        3:3       0.815 (22,2,4,2,1,1,3,2,0)
    83        3:3        1:1   +   0.482 (40,3,4,3,1,0,1,4,0)
    84        3:3        3:3       0.638 (32,3,4,5,0,1,3,4,0)
    85        3:3        3:3       0.705 (29,3,3,4,1,1,3,4,0)
    86        3:3        3:3       0.715 (26,2,4,3,1,1,3,4,0)
    87        3:3        1:1   +   0.744 (39,1,2,2,1,0,2,4,0)
    88        3:3        2:2   +   0.568 (35,4,4,3,1,1,1,4,0)
    89        3:3        3:3       0.667 (25,4,4,3,1,1,1,4,0)
    90        3:3        3:3       0.573 (30,2,2,6,1,0,2,3,0)
    91        3:3        2:2   +   0.376 (26,3,4,2,1,1,1,3,0)
    92        3:3        3:3       0.511 (31,4,4,5,1,0,1,4,0)
    93        3:3        2:2   +   0.581 (35,4,4,2,1,0,1,4,0)
    94        3:3        3:3       0.66 (26,3,3,3,1,1,3,3,0)
    95        3:3        2:2   +   0.502 (33,4,4,5,1,1,1,4,0)
    96        3:3        3:3       0.64 (30,3,4,3,1,1,3,4,0)
    97        3:3        3:3       0.422 (23,4,3,1,1,1,2,2,0)
    98        3:3        3:3       0.606 (35,2,3,6,1,0,3,3,0)
    99        3:3        1:1   +   0.406 (23,3,2,2,1,0,3,2,0)
   100        3:3        3:3       0.714 (27,3,4,4,1,1,3,4,0)
   101        3:3        3:3       0.446 (27,3,4,2,1,1,1,3,0)
   102        3:3        2:2   +   0.506 (34,4,4,2,0,0,2,4,0)
   103        3:3        2:2   +   0.472 (38,4,4,2,1,1,3,4,0)
   104        3:3        1:1   +   0.666 (23,3,4,1,1,1,2,3,0)
   105        3:3        2:2   +   0.479 (32,4,4,3,1,0,1,4,0)
   106        3:3        2:2   +   0.5 (41,4,4,1,1,1,3,3,0)
   107        3:3        3:3       0.773 (24,1,2,3,1,1,3,2,0)
   108        3:3        2:2   +   0.438 (36,2,3,7,1,1,3,3,0)
   109        3:3        2:2   +   0.667 (38,3,4,7,1,1,3,2,0)
   110        3:3        1:1   +   0.952 (17,2,2,0,1,0,3,2,0)
   111        3:3        1:1   +   0.758 (48,3,4,3,1,1,2,3,0)
   112        3:3        3:3       0.478 (28,3,3,2,0,1,2,3,0)
   113        3:3        2:2   +   0.511 (29,4,4,3,1,0,1,4,0)
   114        3:3        2:2   +   0.566 (36,1,1,5,1,1,3,3,0)
   115        3:3        2:2   +   0.773 (41,3,3,7,0,1,2,4,0)
   116        3:3        2:2   +   0.434 (43,3,3,8,1,1,1,3,0)
   117        3:3        3:3       0.567 (21,1,3,1,1,1,3,3,1)
   118        3:3        3:3       0.612 (25,4,4,1,0,1,3,3,0)
     1        1:1        2:2   +   0.545 (26,4,4,2,1,1,1,3,0)
     2        1:1        3:3   +   0.73 (25,4,4,2,1,1,3,2,0)
     3        1:1        1:1       0.954 (49,1,2,5,1,0,2,2,1)
     4        1:1        3:3   +   0.494 (28,1,4,2,1,0,2,3,0)
     5        1:1        3:3   +   0.533 (27,4,4,3,1,1,1,4,0)
     6        1:1        2:2   +   0.518 (43,3,4,10,1,1,3,3,0)
     7        1:1        1:1       0.972 (25,3,3,0,1,1,3,4,0)
     8        1:1        1:1       0.995 (42,4,4,0,0,0,3,4,0)
     9        1:1        1:1       0.985 (32,3,4,0,1,1,3,4,0)
    10        1:1        3:3   +   0.667 (21,4,4,1,1,1,3,3,0)
    11        1:1        1:1       0.404 (45,3,4,3,0,1,3,4,0)
    12        1:1        1:1       0.986 (36,2,2,0,0,0,3,3,0)
    13        1:1        3:3   +   0.505 (28,4,4,2,1,1,1,3,0)
    14        1:1        1:1       0.428 (44,1,2,2,1,1,2,4,0)
    15        1:1        1:1       0.621 (22,2,2,1,1,1,3,1,1)
    16        1:1        3:3   +   0.685 (24,2,2,3,1,1,2,4,0)
    17        1:1        2:2   +   0.788 (44,4,4,3,1,0,1,4,1)
    18        1:1        3:3   +   0.777 (29,1,2,7,1,1,2,4,0)
    19        1:1        1:1       0.899 (21,3,3,0,1,1,2,2,0)
    20        1:1        3:3   +   0.773 (28,3,3,5,1,1,3,3,0)
    21        1:1        1:1       0.797 (47,2,3,5,1,1,1,1,0)
    22        1:1        3:3   +   0.583 (30,3,4,5,1,1,1,4,0)
    23        1:1        1:1       0.979 (31,4,4,0,0,0,2,4,0)
    24        1:1        3:3   +   0.641 (30,4,4,3,1,0,2,4,0)
    25        1:1        3:3   +   0.664 (25,2,3,2,1,1,3,2,0)
    26        1:1        3:3   +   0.659 (23,3,3,6,1,1,3,3,0)
    27        1:1        1:1       0.431 (26,3,4,1,0,1,2,2,0)
    28        1:1        3:3   +   0.477 (23,4,4,1,1,1,2,3,0)
    29        1:1        3:3   +   0.658 (23,2,2,2,1,1,3,3,0)
    30        1:1        1:1       0.465 (23,3,3,1,1,0,2,4,0)
    31        1:1        3:3   +   0.565 (23,3,4,4,1,1,3,1,1)
    32        1:1        1:1       0.947 (30,4,2,0,1,0,3,3,0)
    33        1:1        3:3   +   0.55 (33,2,2,3,0,0,2,4,0)
    34        1:1        3:3   +   0.46 (34,2,3,7,1,0,3,3,0)
    35        2:2        2:2       0.589 (39,4,4,4,1,0,1,4,0)
    36        2:2        2:2       0.484 (23,4,4,1,0,1,1,4,0)
    37        2:2        2:2       0.575 (38,3,4,7,0,1,2,3,0)
    38        2:2        3:3   +   0.64 (30,2,3,5,1,1,3,1,1)
    39        2:2        1:1   +   0.763 (42,2,4,8,1,1,1,4,0)
    40        2:2        3:3   +   0.487 (31,4,4,3,0,0,4,4,0)
    41        2:2        2:2       0.723 (37,4,4,7,1,1,1,4,0)
    42        2:2        3:3   +   0.415 (26,3,3,2,1,1,1,3,0)
    43        2:2        3:3   +   0.549 (33,3,3,6,1,1,3,4,0)
    44        2:2        2:2       0.565 (36,4,4,3,0,1,1,3,0)
    45        2:2        2:2       0.512 (35,4,4,5,1,1,1,4,0)
    46        2:2        2:2       0.718 (41,4,4,4,1,1,1,4,0)
    47        2:2        3:3   +   0.742 (25,2,4,6,1,1,3,4,0)
    48        2:2        2:2       0.852 (44,4,4,6,0,1,1,3,0)
    49        2:2        1:1   +   0.452 (35,2,4,3,0,0,3,4,1)
    50        2:2        2:2       0.574 (42,4,4,8,0,1,1,4,0)
    51        2:2        3:3   +   0.604 (24,2,4,2,1,1,3,3,0)
    52        2:2        3:3   +   0.376 (34,3,4,2,0,1,2,3,0)
    53        2:2        3:3   +   0.732 (34,1,2,5,1,1,3,4,0)
    54        2:2        2:2       0.463 (38,4,4,6,1,1,3,3,0)
    55        2:2        2:2       0.619 (25,3,1,4,1,1,3,1,0)
    56        2:2        2:2       0.757 (41,4,4,7,1,1,2,4,0)
    57        2:2        2:2       0.564 (36,4,4,3,1,0,1,4,0)
    58        2:2        2:2       0.513 (47,4,4,8,1,1,1,4,0)
    59        2:2        3:3   +   0.464 (29,4,4,2,1,1,1,4,0)
    60        2:2        2:2       0.535 (37,4,4,4,1,1,1,4,0)
    61        2:2        1:1   +   0.535 (38,2,3,4,1,1,1,2,0)
    62        2:2        2:2       0.408 (45,3,3,6,0,1,2,4,0)
    63        2:2        2:2       0.486 (24,4,4,2,1,0,1,3,0)
    64        2:2        3:3   +   0.547 (35,3,4,3,1,1,2,2,0)
    65        2:2        3:3   +   0.598 (28,2,3,2,1,1,3,3,0)
    66        2:2        2:2       0.594 (39,4,4,4,0,1,1,4,0)
    67        2:2        2:2       0.597 (42,4,4,3,1,0,1,4,0)
    68        3:3        3:3       0.71 (21,2,2,1,1,1,3,2,0)
    69        3:3        3:3       0.562 (38,4,3,9,1,1,3,3,0)
    70        3:3        1:1   +   0.369 (22,3,4,1,0,0,1,4,0)
    71        3:3        1:1   +   0.792 (48,3,4,8,1,0,1,4,0)
    72        3:3        3:3       0.625 (26,2,3,2,1,1,2,3,0)
    73        3:3        2:2   +   0.538 (32,4,4,3,1,0,1,4,0)
    74        3:3        2:2   +   0.499 (32,4,4,3,1,1,1,4,0)
    75        3:3        3:3       0.689 (21,3,3,1,1,1,3,3,0)
    76        3:3        3:3       0.609 (33,3,3,3,1,1,3,3,0)
    77        3:3        3:3       0.484 (29,4,4,3,1,1,1,4,0)
    78        3:3        3:3       0.494 (28,4,4,2,1,1,1,4,0)
    79        3:3        3:3       0.644 (19,4,4,1,1,1,3,2,0)
    80        3:3        2:2   +   0.579 (34,4,4,2,1,1,1,4,0)
    81        3:3        3:3       0.665 (21,3,4,1,1,1,3,2,0)
    82        3:3        3:3       0.684 (28,2,4,4,1,1,3,4,0)
    83        3:3        3:3       0.382 (25,4,4,1,1,1,1,4,0)
    84        3:3        3:3       0.697 (30,2,2,6,1,1,3,1,0)
    85        3:3        2:2   +   0.581 (26,4,4,2,1,0,1,4,0)
    86        3:3        2:2   +   0.454 (24,4,4,1,1,1,1,3,0)
    87        3:3        3:3       0.548 (24,2,3,2,1,1,2,1,0)
    88        3:3        1:1   +   0.502 (46,2,3,6,0,0,3,4,0)
    89        3:3        2:2   +   0.599 (47,4,4,5,1,1,1,3,0)
    90        3:3        3:3       0.809 (22,3,3,3,1,1,3,3,0)
    91        3:3        3:3       0.719 (25,4,4,2,1,1,3,3,0)
    92        3:3        3:3       0.639 (26,3,3,3,1,1,3,3,0)
    93        3:3        3:3       0.525 (37,3,3,11,1,1,1,2,0)
    94        3:3        3:3       0.513 (26,4,4,2,1,0,3,3,0)
    95        3:3        3:3       0.79 (25,2,3,4,1,1,3,3,0)
    96        3:3        3:3       0.683 (30,2,2,4,1,1,2,4,0)
    97        3:3        3:3       0.668 (29,3,3,6,1,1,3,3,0)
    98        3:3        3:3       0.654 (30,3,4,4,1,1,3,3,0)
    99        3:3        3:3       0.774 (30,1,3,4,1,1,3,4,0)
   100        3:3        1:1   +   0.572 (19,3,3,1,1,1,2,1,0)
   101        3:3        3:3       0.644 (25,2,4,3,1,1,1,3,0)
   102        3:3        2:2   +   0.446 (24,4,4,2,1,1,1,4,0)
   103        3:3        3:3       0.46 (27,4,4,4,1,1,1,2,1)
   104        3:3        3:3       0.673 (24,4,3,3,1,1,3,3,0)
   105        3:3        3:3       0.521 (33,2,2,2,1,1,3,4,0)
   106        3:3        3:3       0.859 (21,3,4,3,1,1,3,1,0)
   107        3:3        1:1   +   1 (16,2,3,1,1,1,3,1,0)
   108        3:3        2:2   +   0.686 (35,4,4,4,0,0,1,4,0)
   109        3:3        3:3       0.608 (26,3,4,3,1,1,3,3,0)
   110        3:3        1:1   +   0.48 (24,3,3,1,1,1,3,2,0)
   111        3:3        2:2   +   0.527 (34,3,3,6,1,1,1,4,0)
   112        3:3        3:3       0.726 (37,2,3,5,1,1,4,2,0)
   113        3:3        3:3       0.637 (23,1,2,3,1,1,3,2,1)
   114        3:3        3:3       0.75 (29,3,3,3,1,1,2,1,0)
   115        3:3        2:2   +   0.615 (35,4,4,4,1,1,1,4,0)
   116        3:3        3:3       0.63 (26,3,4,3,1,1,3,2,0)
   117        3:3        3:3       0.441 (31,4,4,3,1,0,1,4,0)
   118        3:3        3:3       0.411 (30,3,4,2,1,1,1,2,0)
     1        1:1        1:1       0.442 (25,3,3,1,1,0,2,4,0)
     2        1:1        3:3   +   0.35 (23,4,4,1,1,0,2,4,0)
     3        1:1        3:3   +   0.563 (31,3,4,2,1,1,3,3,0)
     4        1:1        1:1       0.743 (47,2,2,4,1,1,3,1,0)
     5        1:1        3:3   +   0.743 (30,3,3,5,1,0,3,4,0)
     6        1:1        3:3   +   0.456 (35,2,2,6,1,0,3,1,1)
     7        1:1        3:3   +   0.677 (25,3,4,3,1,1,1,1,0)
     8        1:1        1:1       0.669 (28,2,3,1,1,1,3,1,0)
     9        1:1        2:2   +   0.639 (39,3,1,1,1,1,2,3,0)
    10        1:1        1:1       0.411 (28,4,4,1,0,1,2,4,0)
    11        1:1        3:3   +   0.763 (22,3,4,2,1,1,2,3,0)
    12        1:1        1:1       0.621 (18,3,4,1,1,1,3,1,0)
    13        1:1        3:3   +   0.518 (37,3,4,4,1,0,2,4,0)
    14        1:1        3:3   +   0.596 (36,4,3,3,1,0,3,2,0)
    15        1:1        2:2   +   0.364 (31,1,1,6,1,1,3,2,0)
    16        1:1        1:1       0.784 (39,2,3,10,1,1,3,4,0)
    17        1:1        1:1       0.949 (25,4,4,0,1,0,3,4,0)
    18        1:1        1:1       0.571 (25,1,4,2,1,0,3,3,1)
    19        1:1        1:1       0.869 (49,4,4,1,1,1,3,4,0)
    20        1:1        1:1       0.701 (46,1,2,8,1,1,3,3,1)
    21        1:1        3:3   +   0.471 (31,4,4,2,1,1,1,2,0)
    22        1:1        2:2   +   0.654 (42,4,4,3,1,0,1,4,0)
    23        1:1        3:3   +   0.644 (37,2,3,4,1,1,2,3,0)
    24        1:1        1:1       0.48 (20,3,4,1,1,1,3,2,0)
    25        1:1        1:1       0.999 (45,3,4,0,1,1,1,3,0)
    26        1:1        1:1       1 (49,2,3,0,1,1,1,2,0)
    27        1:1        3:3   +   0.65 (22,2,4,1,1,1,3,4,0)
    28        1:1        2:2   +   0.766 (42,3,3,8,1,1,4,3,0)
    29        1:1        3:3   +   0.89 (21,2,4,3,1,1,3,2,0)
    30        1:1        3:3   +   0.812 (34,2,2,9,1,0,2,3,0)
    31        1:1        1:1       0.79 (39,1,2,2,1,1,3,1,1)
    32        1:1        1:1       0.651 (42,2,4,2,1,1,3,4,0)
    33        1:1        3:3   +   0.609 (30,2,3,2,1,0,2,4,0)
    34        2:2        3:3   +   0.691 (33,2,3,5,1,0,2,1,0)
    35        2:2        2:2       0.708 (41,4,4,6,1,1,1,4,0)
    36        2:2        3:3   +   0.493 (28,3,4,3,1,1,1,4,0)
    37        2:2        2:2       0.426 (34,3,4,3,0,1,1,4,0)
    38        2:2        2:2       0.452 (34,4,4,2,0,0,3,2,0)
    39        2:2        2:2       0.536 (33,4,4,2,0,0,1,3,0)
    40        2:2        2:2       0.827 (44,4,4,4,1,1,1,4,0)
    41        2:2        2:2       0.688 (45,4,4,4,1,1,1,4,0)
    42        2:2        2:2       0.6 (40,4,4,6,1,1,1,3,0)
    43        2:2        1:1   +   0.478 (48,4,4,3,0,1,1,4,0)
    44        2:2        2:2       0.451 (43,4,4,6,1,1,1,4,0)
    45        2:2        1:1   +   0.603 (43,1,3,4,1,1,1,4,0)
    46        2:2        2:2       0.707 (41,4,4,8,1,1,1,4,0)
    47        2:2        2:2       0.406 (41,3,4,5,1,1,1,3,0)
    48        2:2        3:3   +   0.457 (26,2,4,2,1,1,1,4,0)
    49        2:2        2:2       0.468 (42,3,3,4,0,1,3,4,0)
    50        2:2        1:1   +   0.48 (45,3,3,8,1,1,2,3,0)
    51        2:2        3:3   +   0.661 (29,4,3,4,1,0,3,2,0)
    52        2:2        1:1   +   0.462 (42,2,4,5,0,1,2,3,0)
    53        2:2        3:3   +   0.715 (27,3,2,5,1,1,2,4,0)
    54        2:2        2:2       0.671 (47,4,4,4,1,0,1,4,0)
    55        2:2        2:2       0.621 (39,4,4,4,1,1,1,4,0)
    56        2:2        3:3   +   0.486 (26,2,4,2,1,1,1,3,0)
    57        2:2        2:2       0.528 (35,4,4,4,0,1,3,3,0)
    58        2:2        2:2       0.487 (35,4,4,3,0,0,3,4,0)
    59        2:2        3:3   +   0.454 (37,3,4,3,1,1,1,3,0)
    60        2:2        2:2       0.52 (33,4,4,3,1,1,1,4,0)
    61        2:2        3:3   +   0.467 (28,4,4,2,1,1,1,3,0)
    62        2:2        3:3   +   0.549 (34,2,3,2,1,1,3,3,0)
    63        2:2        3:3   +   0.495 (44,3,3,9,1,1,1,1,0)
    64        2:2        3:3   +   0.565 (32,3,3,6,1,0,3,3,0)
    65        2:2        1:1   +   0.781 (49,4,4,10,1,1,1,4,0)
    66        2:2        2:2       0.77 (44,4,4,3,1,1,1,4,0)
    67        2:2        2:2       0.703 (48,4,4,7,0,1,1,4,0)
    68        3:3        2:2   +   0.438 (24,4,4,1,1,1,1,3,0)
    69        3:3        3:3       0.669 (36,2,2,5,1,1,3,4,0)
    70        3:3        3:3       0.493 (19,4,4,1,1,1,1,3,0)
    71        3:3        3:3       0.799 (29,2,3,3,1,1,3,3,0)
    72        3:3        1:1   +   0.46 (41,1,4,5,1,0,2,4,0)
    73        3:3        3:3       0.571 (27,4,4,2,0,0,2,4,0)
    74        3:3        3:3       0.576 (32,3,4,4,1,1,3,2,0)
    75        3:3        3:3       0.659 (29,1,4,3,1,1,4,4,1)
    76        3:3        3:3       0.648 (35,2,3,6,1,0,3,2,0)
    77        3:3        2:2   +   1 (49,4,3,13,1,1,1,4,0)
    78        3:3        2:2   +   0.526 (32,4,4,3,0,1,1,4,0)
    79        3:3        3:3       0.636 (26,4,4,3,1,1,3,2,0)
    80        3:3        2:2   +   0.785 (44,4,4,8,1,1,2,4,0)
    81        3:3        3:3       0.719 (22,4,4,2,1,1,3,4,0)
    82        3:3        3:3       0.701 (36,3,4,9,1,1,3,4,0)
    83        3:3        3:3       0.786 (30,3,3,3,1,1,3,1,0)
    84        3:3        1:1   +   0.774 (45,1,3,3,1,1,3,2,0)
    85        3:3        1:1   +   0.455 (28,4,4,1,1,1,1,3,0)
    86        3:3        2:2   +   0.655 (35,4,4,6,1,1,1,4,0)
    87        3:3        2:2   +   0.422 (33,4,4,2,1,0,2,4,0)
    88        3:3        3:3       0.728 (21,4,4,2,1,1,2,3,0)
    89        3:3        2:2   +   0.551 (39,4,4,3,1,0,1,4,0)
    90        3:3        3:3       0.449 (34,4,4,2,1,1,3,3,0)
    91        3:3        1:1   +   0.523 (20,3,3,2,1,1,2,2,1)
    92        3:3        1:1   +   0.617 (27,2,4,1,1,1,1,4,0)
    93        3:3        2:2   +   0.554 (30,4,4,2,1,1,4,3,0)
    94        3:3        1:1   +   0.672 (48,4,4,16,1,1,1,4,0)
    95        3:3        1:1   +   0.567 (20,2,2,1,1,1,3,2,0)
    96        3:3        3:3       0.546 (21,3,2,1,1,1,3,1,1)
    97        3:3        2:2   +   0.709 (44,4,4,5,1,1,3,4,0)
    98        3:3        2:2   +   0.614 (47,4,3,4,1,1,1,3,0)
    99        3:3        2:2   +   0.845 (42,4,4,7,1,1,2,4,0)
   100        3:3        3:3       0.825 (17,2,2,1,1,1,3,2,0)
   101        3:3        3:3       0.52 (33,3,4,4,1,1,3,3,0)
   102        3:3        2:2   +   0.51 (47,4,4,5,1,1,3,2,0)
   103        3:3        3:3       0.493 (28,3,4,3,1,1,1,4,0)
   104        3:3        2:2   +   0.64 (36,4,4,4,1,1,1,4,0)
   105        3:3        2:2   +   0.526 (32,4,4,3,0,1,1,4,0)
   106        3:3        3:3       0.559 (26,4,4,2,1,1,3,3,0)
   107        3:3        3:3       0.631 (21,4,4,1,1,1,2,3,0)
   108        3:3        3:3       0.64 (19,4,4,2,1,1,1,4,0)
   109        3:3        2:2   +   0.592 (40,4,4,4,1,1,1,4,0)
   110        3:3        3:3       0.816 (25,2,3,5,1,1,2,3,0)
   111        3:3        3:3       0.682 (28,2,3,3,1,1,3,4,0)
   112        3:3        3:3       0.687 (36,1,3,6,1,1,3,2,0)
   113        3:3        2:2   +   0.528 (32,4,4,2,0,0,1,4,0)
   114        3:3        3:3       0.483 (33,3,4,6,1,1,3,2,0)
   115        3:3        3:3       0.701 (28,1,3,5,1,1,3,4,0)
   116        3:3        3:3       0.506 (37,2,4,5,1,1,1,4,0)
   117        3:3        2:2   +   0.52 (33,4,4,3,1,1,1,4,0)
   118        3:3        3:3       0.419 (33,4,4,2,1,1,2,4,0)
     1        1:1        1:1       0.994 (23,3,2,0,1,1,2,2,0)
     2        1:1        1:1       0.927 (26,4,4,0,1,1,3,4,0)
     3        1:1        1:1       0.558 (31,2,2,8,1,1,2,2,1)
     4        1:1        3:3   +   0.472 (36,3,3,2,1,0,2,4,0)
     5        1:1        1:1       0.62 (45,2,2,7,1,1,3,1,1)
     6        1:1        2:2   +   0.588 (48,4,4,4,0,1,1,4,0)
     7        1:1        1:1       0.641 (46,1,2,7,1,1,3,1,1)
     8        1:1        1:1       0.644 (25,2,3,1,1,0,2,1,0)
     9        1:1        1:1       0.602 (40,3,3,3,1,1,2,2,1)
    10        1:1        1:1       0.467 (24,2,2,2,1,1,3,1,1)
    11        1:1        1:1       0.625 (46,1,4,8,1,1,1,4,1)
    12        1:1        2:2   +   0.655 (30,1,1,7,1,1,2,3,0)
    13        1:1        3:3   +   0.735 (21,4,4,1,1,1,3,4,0)
    14        1:1        1:1       0.944 (20,3,4,0,1,1,3,3,0)
    15        1:1        3:3   +   0.718 (32,2,4,5,1,1,2,3,0)
    16        1:1        3:3   +   0.55 (41,1,3,3,1,0,2,4,0)
    17        1:1        3:3   +   0.674 (33,3,3,3,1,1,3,4,0)
    18        1:1        1:1       0.993 (28,3,4,0,1,0,1,3,0)
    19        1:1        3:3   +   0.515 (27,3,4,2,1,1,1,3,0)
    20        1:1        1:1       0.524 (32,3,4,1,0,1,2,4,0)
    21        1:1        3:3   +   0.645 (20,2,3,1,1,1,3,4,0)
    22        1:1        3:3   +   0.729 (20,3,4,2,1,1,3,3,0)
    23        1:1        3:3   +   0.391 (38,3,3,5,1,1,1,4,0)
    24        1:1        1:1       0.717 (28,3,4,1,0,1,2,2,0)
    25        1:1        3:3   +   0.576 (35,2,3,8,1,1,3,3,1)
    26        1:1        3:3   +   0.613 (24,3,4,2,1,1,2,4,0)
    27        1:1        3:3   +   0.642 (31,4,4,3,1,0,2,3,0)
    28        1:1        3:3   +   0.508 (25,4,4,1,1,1,3,4,0)
    29        1:1        3:3   +   0.706 (24,2,4,2,1,1,3,4,0)
    30        1:1        3:3   +   0.753 (24,2,3,2,1,1,3,1,0)
    31        1:1        1:1       0.502 (45,2,4,8,1,1,2,3,0)
    32        1:1        1:1       0.432 (33,1,1,5,1,1,3,1,1)
    33        1:1        3:3   +   0.87 (20,2,3,3,1,1,3,4,0)
    34        2:2        2:2       0.769 (44,4,4,5,1,0,1,4,0)
    35        2:2        3:3   +   0.636 (31,4,4,4,1,1,3,3,0)
    36        2:2        3:3   +   0.654 (32,3,3,4,1,0,3,3,0)
    37        2:2        3:3   +   0.741 (21,3,4,3,1,1,1,4,0)
    38        2:2        3:3   +   1 (43,2,4,13,1,1,2,3,0)
    39        2:2        3:3   +   0.424 (28,4,4,2,0,1,1,4,0)
    40        2:2        3:3   +   0.439 (30,4,4,1,0,1,2,4,0)
    41        2:2        3:3   +   0.481 (22,4,4,1,1,1,1,3,0)
    42        2:2        3:3   +   0.484 (36,3,3,5,1,0,1,3,0)
    43        2:2        2:2       0.433 (41,3,3,5,1,1,1,4,0)
    44        2:2        3:3   +   0.664 (29,4,4,2,1,1,3,4,0)
    45        2:2        3:3   +   0.65 (30,3,3,2,1,1,2,3,0)
    46        2:2        2:2       0.499 (40,4,4,5,1,1,1,3,0)
    47        2:2        2:2       0.487 (34,4,4,4,1,0,3,3,0)
    48        2:2        3:3   +   0.614 (27,4,4,3,1,1,1,3,0)
    49        2:2        2:2       0.515 (38,4,4,5,1,1,1,3,0)
    50        2:2        2:2       0.44 (41,4,4,3,1,0,2,3,0)
    51        2:2        2:2       0.814 (30,4,1,4,1,1,3,3,0)
    52        2:2        2:2       0.54 (41,4,4,5,0,1,2,4,0)
    53        2:2        3:3   +   0.523 (37,4,4,2,1,0,3,3,0)
    54        2:2        3:3   +   0.533 (31,4,4,3,1,1,1,4,0)
    55        2:2        2:2       0.545 (34,4,4,3,1,1,1,4,0)
    56        2:2        3:3   +   0.458 (45,2,2,9,1,1,3,3,0)
    57        2:2        2:2       0.527 (34,4,4,2,1,1,1,4,0)
    58        2:2        3:3   +   0.536 (32,3,4,5,1,1,1,2,0)
    59        2:2        2:2       0.423 (24,4,4,1,1,1,1,4,0)
    60        2:2        3:3   +   0.461 (30,4,4,2,0,0,1,4,0)
    61        2:2        1:1   +   0.419 (42,3,3,4,1,1,2,4,0)
    62        2:2        3:3   +   0.662 (33,4,3,5,1,1,2,4,0)
    63        2:2        2:2       0.482 (32,4,4,2,0,0,1,4,0)
    64        2:2        2:2       0.448 (37,4,4,4,0,0,2,4,0)
    65        2:2        2:2       0.479 (39,4,4,3,1,1,1,4,0)
    66        2:2        2:2       0.643 (35,4,4,5,0,0,1,4,0)
    67        2:2        3:3   +   0.554 (24,4,4,1,1,1,3,2,0)
    68        3:3        1:1   +   0.429 (41,1,2,6,1,1,3,3,0)
    69        3:3        3:3       0.436 (20,3,4,1,0,1,2,4,0)
    70        3:3        3:3       0.517 (33,4,4,4,1,1,2,3,0)
    71        3:3        2:2   +   0.436 (40,3,4,6,1,1,1,3,0)
    72        3:3        3:3       0.676 (35,1,2,5,1,1,3,3,0)
    73        3:3        3:3       0.556 (35,2,3,6,1,1,2,3,0)
    74        3:3        3:3       0.583 (22,4,4,1,0,1,3,1,0)
    75        3:3        3:3       0.829 (21,4,4,2,1,1,3,3,0)
    76        3:3        1:1   +   0.514 (25,1,2,2,1,1,2,1,0)
    77        3:3        3:3       0.533 (31,4,4,3,1,1,1,4,0)
    78        3:3        3:3       0.479 (35,4,4,2,1,1,2,4,0)
    79        3:3        1:1   +   0.526 (36,1,2,4,1,1,3,1,1)
    80        3:3        2:2   +   0.495 (34,4,4,6,1,1,2,2,0)
    81        3:3        3:3       0.502 (23,2,3,2,1,0,3,2,0)
    82        3:3        3:3       0.716 (27,2,4,4,1,1,2,1,0)
    83        3:3        3:3       0.656 (22,4,3,1,1,1,2,2,0)
    84        3:3        3:3       0.568 (31,2,3,7,1,1,3,3,0)
    85        3:3        3:3       0.398 (34,2,2,4,0,1,3,2,0)
    86        3:3        1:1   +   0.536 (40,2,2,4,0,0,2,4,0)
    87        3:3        3:3       0.659 (30,3,3,4,1,0,2,2,0)
    88        3:3        2:2   +   0.534 (43,4,4,5,0,1,1,4,0)
    89        3:3        2:2   +   0.418 (25,4,4,1,0,1,1,4,0)
    90        3:3        3:3       0.685 (22,3,4,2,1,1,2,4,0)
    91        3:3        3:3       0.648 (24,2,2,2,1,1,3,4,0)
    92        3:3        2:2   +   0.483 (31,1,1,3,1,1,4,2,1)
    93        3:3        3:3       0.503 (37,3,4,5,1,0,2,4,0)
    94        3:3        3:3       0.665 (22,3,4,2,0,1,3,4,0)
    95        3:3        3:3       0.849 (21,3,3,2,1,1,2,3,0)
    96        3:3        3:3       0.532 (41,4,3,5,1,0,3,4,0)
    97        3:3        2:2   +   0.65 (44,3,4,5,1,0,1,4,0)
    98        3:3        3:3       0.776 (29,2,3,4,1,1,3,2,0)
    99        3:3        3:3       0.771 (22,3,4,3,1,1,2,3,0)
   100        3:3        3:3       0.65 (25,4,4,2,1,1,2,3,0)
   101        3:3        3:3       0.656 (32,3,2,5,1,1,3,3,0)
   102        3:3        2:2   +   0.578 (36,4,4,4,1,1,1,3,0)
   103        3:3        1:1   +   0.669 (25,2,2,1,1,1,3,1,0)
   104        3:3        1:1   +   0.586 (35,2,2,6,1,0,2,2,1)
   105        3:3        3:3       0.675 (22,2,2,2,1,1,2,3,0)
   106        3:3        3:3       0.43 (28,4,4,1,1,1,3,2,0)
   107        3:3        3:3       0.657 (19,4,4,1,1,1,2,3,0)
   108        3:3        3:3       0.486 (33,2,3,7,1,0,3,1,0)
   109        3:3        1:1   +   0.616 (23,3,2,1,1,1,3,3,0)
   110        3:3        3:3       0.611 (32,2,2,8,1,1,2,1,0)
   111        3:3        1:1   +   0.411 (40,3,4,5,1,1,1,2,0)
   112        3:3        3:3       0.661 (25,3,4,3,1,1,2,4,0)
   113        3:3        3:3       0.459 (32,3,4,5,0,1,1,4,0)
   114        3:3        2:2   +   0.417 (31,4,4,2,0,1,1,4,0)
   115        3:3        2:2   +   0.45 (35,3,4,5,1,1,1,4,0)
   116        3:3        3:3       0.397 (27,4,4,1,1,1,1,4,0)
   117        3:3        2:2   +   0.402 (36,2,2,7,1,0,2,2,1)
   118        3:3        3:3       0.547 (39,4,3,4,1,1,3,4,0)
     1        1:1        2:2   +   0.572 (39,3,4,6,1,1,1,4,0)
     2        1:1        3:3   +   0.54 (32,1,2,4,1,1,3,2,1)
     3        1:1        2:2   +   0.61 (46,3,1,5,1,1,3,2,0)
     4        1:1        1:1       0.968 (34,4,3,0,0,0,3,3,0)
     5        1:1        3:3   +   0.477 (40,2,2,8,1,1,2,2,0)
     6        1:1        2:2   +   0.624 (42,4,4,3,1,1,1,4,0)
     7        1:1        1:1       0.904 (49,1,3,6,1,1,2,4,0)
     8        1:1        1:1       0.935 (48,1,1,8,1,0,2,2,1)
     9        1:1        3:3   +   0.511 (37,2,3,5,0,0,2,4,0)
    10        1:1        1:1       0.97 (27,3,4,0,1,1,3,3,0)
    11        1:1        1:1       0.694 (40,1,2,6,1,1,3,1,1)
    12        1:1        3:3   +   0.615 (29,3,4,4,1,1,1,4,0)
    13        1:1        1:1       0.98 (28,1,4,0,1,0,4,1,0)
    14        1:1        1:1       0.435 (45,1,3,7,1,0,1,3,0)
    15        1:1        1:1       0.967 (25,4,4,0,1,0,2,4,0)
    16        1:1        1:1       0.709 (45,2,3,6,1,1,3,2,1)
    17        1:1        3:3   +   0.521 (44,1,4,9,1,1,1,2,0)
    18        1:1        1:1       0.989 (28,3,4,0,1,0,3,4,0)
    19        1:1        3:3   +   0.51 (28,4,4,3,0,1,1,4,0)
    20        1:1        1:1       0.728 (27,2,2,1,1,0,3,2,1)
    21        1:1        3:3   +   0.676 (25,4,4,3,1,1,1,2,0)
    22        1:1        2:2   +   0.473 (41,3,4,3,0,1,2,4,0)
    23        1:1        1:1       0.529 (43,3,4,2,0,1,3,4,0)
    24        1:1        1:1       0.962 (33,4,4,0,1,0,3,3,0)
    25        1:1        2:2   +   0.63 (33,4,4,3,0,0,1,3,0)
    26        1:1        1:1       0.985 (48,1,1,1,1,0,3,3,1)
    27        1:1        1:1       0.495 (42,4,4,1,1,0,1,4,0)
    28        1:1        1:1       0.787 (47,1,4,6,1,1,1,4,0)
    29        1:1        1:1       0.498 (45,4,4,1,1,1,1,4,0)
    30        1:1        1:1       0.974 (23,4,4,0,1,0,1,4,0)
    31        1:1        1:1       0.41 (38,2,4,3,1,1,1,3,0)
    32        1:1        2:2   +   0.601 (39,4,4,2,1,0,1,4,0)
    33        1:1        3:3   +   0.545 (23,3,3,2,1,1,2,2,0)
    34        2:2        1:1   +   0.682 (30,2,4,1,1,0,3,4,0)
    35        2:2        3:3   +   0.655 (22,4,4,1,1,1,1,2,0)
    36        2:2        3:3   +   0.61 (27,4,4,3,1,1,1,4,0)
    37        2:2        2:2       0.625 (36,4,4,4,0,1,1,4,0)
    38        2:2        2:2       0.718 (42,4,4,4,0,0,2,4,0)
    39        2:2        1:1   +   0.576 (44,1,4,2,1,1,1,3,0)
    40        2:2        3:3   +   0.576 (29,3,4,2,1,1,1,4,0)
    41        2:2        3:3   +   0.381 (23,4,4,1,1,0,3,4,0)
    42        2:2        2:2       0.722 (41,4,4,4,0,0,2,4,0)
    43        2:2        1:1   +   0.408 (35,3,4,5,1,0,1,3,1)
    44        2:2        2:2       0.708 (38,4,4,4,0,0,1,2,0)
    45        2:2        3:3   +   0.535 (37,4,4,3,0,1,3,4,0)
    46        2:2        3:3   +   0.707 (30,2,4,3,1,1,3,4,0)
    47        2:2        2:2       0.632 (25,3,1,2,1,0,3,4,0)
    48        2:2        3:3   +   0.632 (36,3,2,6,1,1,3,2,0)
    49        2:2        3:3   +   0.49 (36,4,4,3,1,1,1,4,0)
    50        2:2        2:2       0.54 (35,4,4,5,1,0,1,3,0)
    51        2:2        3:3   +   0.682 (22,3,4,1,1,1,4,4,0)
    52        2:2        3:3   +   0.459 (34,3,3,6,1,1,3,4,0)
    53        2:2        3:3   +   0.669 (29,3,4,3,1,1,1,3,0)
    54        2:2        3:3   +   0.56 (29,4,4,2,1,0,1,3,0)
    55        2:2        1:1   +   0.595 (43,3,4,5,1,1,3,2,1)
    56        2:2        1:1   +   0.93 (47,1,1,10,1,1,3,3,0)
    57        2:2        3:3   +   0.678 (29,4,4,3,1,1,1,4,0)
    58        2:2        2:2       0.58 (35,4,4,4,1,1,1,4,0)
    59        2:2        2:2       0.494 (38,4,4,2,1,1,1,4,0)
    60        2:2        3:3   +   0.669 (29,3,4,3,1,1,1,3,0)
    61        2:2        3:3   +   0.534 (32,4,4,2,1,0,3,4,0)
    62        2:2        3:3   +   0.828 (29,4,4,3,1,1,3,2,0)
    63        2:2        3:3   +   0.529 (46,4,3,5,1,1,1,4,0)
    64        2:2        3:3   +   0.483 (30,3,4,7,1,1,2,4,0)
    65        2:2        3:3   +   0.703 (23,4,3,3,1,1,3,3,0)
    66        2:2        2:2       0.378 (26,4,4,1,1,0,2,3,0)
    67        2:2        3:3   +   0.462 (32,4,4,2,1,1,1,4,0)
    68        3:3        3:3       0.502 (24,4,4,2,1,0,3,3,0)
    69        3:3        2:2   +   0.449 (34,3,4,3,0,0,3,4,0)
    70        3:3        3:3       0.719 (30,3,2,3,1,1,3,3,0)
    71        3:3        2:2   +   0.528 (39,4,4,2,0,1,3,4,0)
    72        3:3        1:1   +   0.634 (47,1,3,9,1,0,3,3,0)
    73        3:3        1:1   +   0.563 (35,1,2,6,1,1,2,2,1)
    74        3:3        3:3       0.724 (25,4,4,3,1,1,3,3,0)
    75        3:3        3:3       0.571 (25,2,3,2,1,1,2,4,0)
    76        3:3        3:3       0.577 (36,4,4,3,1,1,2,4,0)
    77        3:3        3:3       0.506 (37,3,4,3,0,1,3,4,0)
    78        3:3        3:3       0.624 (32,2,3,5,1,0,2,3,0)
    79        3:3        3:3       0.494 (24,3,4,4,1,1,2,3,0)
    80        3:3        3:3       0.627 (28,2,3,3,1,1,2,4,0)
    81        3:3        3:3       0.728 (21,3,3,1,1,1,3,2,0)
    82        3:3        3:3       0.772 (27,3,3,3,1,1,2,2,0)
    83        3:3        3:3       0.394 (37,3,4,4,0,1,2,4,0)
    84        3:3        2:2   +   0.672 (39,4,4,2,0,1,1,3,0)
    85        3:3        3:3       0.671 (27,3,4,2,1,1,3,2,0)
    86        3:3        3:3       0.66 (25,3,4,3,1,0,3,4,0)
    87        3:3        1:1   +   0.533 (35,1,2,5,1,1,2,2,1)
    88        3:3        2:2   +   0.49 (39,4,4,3,1,1,2,4,0)
    89        3:3        2:2   +   0.523 (21,2,1,3,1,0,3,1,1)
    90        3:3        3:3       0.509 (28,2,4,7,1,1,3,3,0)
    91        3:3        3:3       0.464 (31,3,4,5,1,1,1,4,0)
    92        3:3        3:3       0.687 (26,3,2,5,1,1,2,2,0)
    93        3:3        3:3       0.572 (28,3,3,3,1,0,2,4,0)
    94        3:3        3:3       0.617 (32,3,3,4,1,1,2,1,0)
    95        3:3        3:3       0.579 (37,4,4,4,1,1,3,2,0)
    96        3:3        2:2   +   0.582 (34,3,4,4,1,1,1,3,0)
    97        3:3        3:3       0.571 (20,3,3,2,1,1,2,4,0)
    98        3:3        3:3       0.423 (23,4,4,1,1,1,3,3,0)
    99        3:3        3:3       0.609 (41,1,4,9,1,1,2,1,0)
   100        3:3        2:2   +   0.473 (24,4,4,1,1,0,1,4,0)
   101        3:3        3:3       0.636 (22,4,4,1,1,1,2,3,0)
   102        3:3        3:3       0.664 (35,2,3,5,1,1,3,3,0)
   103        3:3        1:1   +   0.43 (31,4,4,1,1,1,1,4,0)
   104        3:3        3:3       0.548 (29,3,3,1,1,1,3,3,0)
   105        3:3        3:3       0.455 (31,3,4,4,1,0,3,3,0)
   106        3:3        2:2   +   0.53 (38,4,4,6,1,1,2,4,0)
   107        3:3        3:3       0.659 (30,2,2,4,1,1,2,1,0)
   108        3:3        2:2   +   0.558 (46,4,4,4,0,1,1,4,0)
   109        3:3        3:3       0.569 (25,3,3,2,1,1,2,3,0)
   110        3:3        2:2   +   0.457 (38,4,4,5,1,1,2,3,0)
   111        3:3        3:3       0.553 (23,2,3,2,1,1,3,1,0)
   112        3:3        1:1   +   0.462 (28,3,4,2,1,1,2,3,0)
   113        3:3        2:2   +   0.53 (33,4,4,2,1,0,1,4,0)
   114        3:3        2:2   +   0.762 (44,4,4,5,1,0,1,4,0)
   115        3:3        2:2   +   0.55 (34,2,4,7,1,1,2,3,0)
   116        3:3        3:3       0.647 (23,4,4,3,1,1,3,3,0)
   117        3:3        1:1   +   0.591 (46,1,2,9,1,0,3,4,1)
   118        3:3        3:3       0.534 (32,4,4,2,1,0,3,4,0)
     1        1:1        3:3   +   0.622 (24,3,4,2,1,1,2,2,0)
     2        1:1        2:2   +   0.503 (35,4,4,1,1,1,1,3,0)
     3        1:1        3:3   +   0.425 (37,4,4,2,1,1,1,4,0)
     4        1:1        1:1       1 (42,1,3,12,1,1,2,4,0)
     5        1:1        3:3   +   0.75 (20,2,3,3,1,1,3,4,0)
     6        1:1        2:2   +   0.512 (33,4,4,1,0,0,3,4,0)
     7        1:1        3:3   +   0.631 (30,3,4,4,0,1,2,3,0)
     8        1:1        1:1       0.862 (48,1,1,6,1,1,2,3,1)
     9        1:1        3:3   +   0.639 (24,3,3,2,1,0,3,2,0)
    10        1:1        1:1       0.639 (47,1,4,7,1,1,2,3,0)
    11        1:1        3:3   +   0.481 (29,3,4,4,1,0,1,3,0)
    12        1:1        1:1       0.451 (25,3,2,1,1,0,3,3,0)
    13        1:1        3:3   +   0.532 (32,1,3,4,1,1,2,2,1)
    14        1:1        2:2   +   0.472 (26,4,4,1,1,1,1,4,0)
    15        1:1        1:1       0.961 (22,3,4,0,1,0,3,4,0)
    16        1:1        2:2   +   0.356 (38,3,3,4,0,0,3,2,1)
    17        1:1        3:3   +   0.491 (36,3,3,3,0,0,2,3,1)
    18        1:1        3:3   +   0.387 (34,2,4,6,1,0,3,4,0)
    19        1:1        3:3   +   0.63 (30,4,4,4,1,1,2,4,0)
    20        1:1        2:2   +   0.431 (30,4,4,1,1,0,1,4,0)
    21        1:1        3:3   +   0.486 (37,2,3,2,0,0,3,3,0)
    22        1:1        3:3   +   0.623 (37,3,3,6,1,1,2,2,0)
    23        1:1        1:1       0.488 (18,3,4,1,1,1,3,3,0)
    24        1:1        1:1       0.98 (19,2,2,0,1,1,2,2,0)
    25        1:1        1:1       0.916 (29,4,4,0,1,0,2,4,0)
    26        1:1        3:3   +   0.515 (36,1,4,2,1,1,2,2,0)
    27        1:1        1:1       0.992 (28,2,4,0,1,1,3,1,0)
    28        1:1        3:3   +   0.466 (27,4,4,1,0,1,3,4,0)
    29        1:1        2:2   +   0.465 (35,4,4,2,0,1,3,4,0)
    30        1:1        3:3   +   0.488 (29,3,4,1,0,1,2,3,0)
    31        1:1        3:3   +   0.403 (34,3,4,4,0,1,3,1,1)
    32        1:1        1:1       0.565 (42,4,4,1,1,1,2,4,0)
    33        1:1        1:1       0.55 (47,3,4,3,1,1,2,3,0)
    34        2:2        3:3   +   0.396 (25,4,4,1,1,1,1,4,0)
    35        2:2        3:3   +   0.457 (28,4,4,2,1,0,1,3,0)
    36        2:2        3:3   +   0.608 (33,3,4,5,0,1,3,3,0)
    37        2:2        3:3   +   0.572 (39,3,4,5,1,1,3,4,0)
    38        2:2        3:3   +   0.515 (27,4,4,2,1,1,1,3,0)
    39        2:2        3:3   +   0.495 (34,2,2,8,1,1,2,2,0)
    40        2:2        3:3   +   0.508 (24,4,4,1,1,1,3,4,0)
    41        2:2        2:2       0.474 (37,4,4,4,1,1,1,4,0)
    42        2:2        2:2       0.795 (41,4,4,4,0,1,1,4,0)
    43        2:2        3:3   +   0.47 (39,4,4,5,1,1,1,4,0)
    44        2:2        3:3   +   0.567 (28,4,4,4,1,1,1,3,0)
    45        2:2        2:2       0.535 (40,4,4,4,1,1,1,3,0)
    46        2:2        3:3   +   0.505 (28,3,4,2,0,1,2,3,0)
    47        2:2        3:3   +   0.438 (46,4,4,4,1,1,1,4,0)
    48        2:2        2:2       0.73 (41,4,4,4,0,0,2,4,0)
    49        2:2        3:3   +   0.512 (32,3,3,2,1,0,3,4,0)
    50        2:2        3:3   +   0.657 (26,3,4,3,1,1,2,3,0)
    51        2:2        2:2       0.513 (26,4,4,2,1,0,1,4,0)
    52        2:2        3:3   +   0.53 (36,4,4,2,1,1,2,4,0)
    53        2:2        2:2       0.593 (42,4,4,5,1,1,1,4,0)
    54        2:2        3:3   +   0.55 (37,2,3,7,1,1,3,4,0)
    55        2:2        3:3   +   0.481 (20,3,4,1,1,1,3,2,0)
    56        2:2        1:1   +   0.699 (44,2,3,1,0,1,2,4,0)
    57        2:2        2:2       0.73 (41,4,4,4,0,0,2,4,0)
    58        2:2        2:2       0.505 (36,4,4,3,1,1,1,4,0)
    59        2:2        3:3   +   0.576 (24,3,4,5,1,1,1,2,1)
    60        2:2        2:2       0.533 (27,4,4,1,0,0,1,4,0)
    61        2:2        3:3   +   0.51 (37,4,3,8,1,1,1,4,0)
    62        2:2        2:2       0.759 (44,4,4,4,1,1,1,4,0)
    63        2:2        3:3   +   0.438 (46,4,4,4,1,1,1,4,0)
    64        2:2        2:2       0.562 (35,4,4,2,1,0,1,4,0)
    65        2:2        3:3   +   0.514 (31,3,4,4,1,1,1,3,0)
    66        2:2        3:3   +   0.576 (35,4,4,3,1,1,2,3,0)
    67        3:3        1:1   +   0.59 (25,2,3,1,1,1,3,1,0)
    68        3:3        3:3       0.75 (24,1,2,3,1,1,3,2,0)
    69        3:3        3:3       0.598 (22,3,3,1,1,1,3,2,0)
    70        3:3        3:3       0.594 (25,2,3,2,1,1,3,1,0)
    71        3:3        3:3       0.561 (20,3,4,2,1,1,1,3,0)
    72        3:3        1:1   +   0.552 (19,2,4,1,1,1,2,3,0)
    73        3:3        3:3       0.598 (37,2,3,6,1,1,3,4,0)
    74        3:3        3:3       0.6 (36,2,3,6,1,1,2,4,0)
    75        3:3        3:3       0.442 (34,2,3,3,0,1,3,2,1)
    76        3:3        3:3       0.438 (46,4,4,4,1,1,1,4,0)
    77        3:3        2:2   +   0.601 (34,4,4,3,1,1,1,4,0)
    78        3:3        3:3       0.601 (28,4,4,3,0,0,3,4,0)
    79        3:3        3:3       0.736 (22,1,3,2,1,1,3,2,0)
    80        3:3        3:3       0.614 (28,1,2,4,1,1,2,3,0)
    81        3:3        3:3       0.612 (30,1,3,2,1,1,3,4,0)
    82        3:3        3:3       0.687 (32,1,4,4,1,1,3,2,0)
    83        3:3        2:2   +   0.558 (38,4,4,2,1,0,1,4,0)
    84        3:3        3:3       0.639 (17,3,4,1,1,1,3,3,0)
    85        3:3        3:3       0.488 (27,4,4,2,1,1,1,4,0)
    86        3:3        3:3       0.639 (25,3,4,2,1,1,3,3,0)
    87        3:3        3:3       0.696 (30,3,3,4,1,0,3,2,0)
    88        3:3        2:2   +   0.412 (43,4,4,2,1,1,1,4,0)
    89        3:3        1:1   +   0.415 (28,4,4,1,0,0,2,4,0)
    90        3:3        3:3       0.69 (28,4,3,2,1,1,3,2,0)
    91        3:3        3:3       0.581 (33,3,3,4,1,0,2,2,0)
    92        3:3        3:3       0.662 (17,3,3,1,1,1,2,4,0)
    93        3:3        3:3       0.616 (30,4,4,2,1,0,2,2,0)
    94        3:3        3:3       0.512 (22,2,4,1,1,1,3,3,0)
    95        3:3        1:1   +   0.459 (34,1,4,4,1,1,3,4,1)
    96        3:3        3:3       0.705 (22,1,3,2,1,1,3,1,0)
    97        3:3        3:3       0.499 (26,3,4,2,1,0,2,4,0)
    98        3:3        3:3       0.508 (22,4,4,1,1,0,2,4,0)
    99        3:3        3:3       0.775 (22,4,4,3,1,1,3,2,0)
   100        3:3        2:2   +   0.527 (27,4,4,1,0,0,1,3,0)
   101        3:3        3:3       0.656 (24,4,4,2,1,1,3,3,0)
   102        3:3        3:3       0.544 (35,1,2,4,1,0,4,4,0)
   103        3:3        3:3       0.466 (27,4,4,1,0,1,3,4,0)
   104        3:3        3:3       0.625 (32,2,3,4,1,0,2,2,0)
   105        3:3        3:3       0.595 (27,2,4,3,1,1,4,4,0)
   106        3:3        1:1   +   0.654 (45,2,3,3,0,0,2,4,0)
   107        3:3        3:3       0.701 (26,1,2,3,1,0,3,2,0)
   108        3:3        3:3       0.631 (21,2,2,1,1,1,4,3,0)
   109        3:3        3:3       0.436 (46,3,4,4,1,0,3,4,0)
   110        3:3        3:3       0.69 (22,3,2,2,1,1,2,1,0)
   111        3:3        3:3       0.551 (33,3,3,4,1,0,2,3,0)
   112        3:3        3:3       0.75 (27,3,3,5,1,1,2,4,0)
   113        3:3        2:2   +   0.689 (41,4,4,8,1,1,1,4,0)
   114        3:3        3:3       0.725 (30,2,3,5,1,0,3,4,0)
   115        3:3        1:1   +   0.428 (40,2,4,3,0,1,3,4,0)
   116        3:3        3:3       0.626 (20,4,4,2,1,1,1,3,0)
   117        3:3        2:2   +   0.649 (41,4,4,5,1,1,1,4,0)
   118        3:3        3:3       0.515 (36,4,4,3,0,1,3,4,0)
     1        1:1        1:1       0.374 (42,3,3,5,1,1,2,2,0)
     2        1:1        1:1       0.748 (38,1,2,8,1,1,3,3,1)
     3        1:1        3:3   +   0.38 (23,2,4,2,1,1,1,4,0)
     4        1:1        3:3   +   0.771 (30,2,3,4,1,0,3,2,0)
     5        1:1        3:3   +   0.463 (27,4,4,1,0,0,2,4,0)
     6        1:1        3:3   +   0.524 (41,2,2,5,0,1,2,2,0)
     7        1:1        1:1       0.494 (47,2,2,7,1,1,2,2,0)
     8        1:1        1:1       0.636 (31,3,2,1,1,1,3,4,0)
     9        1:1        1:1       0.53 (16,2,4,1,1,1,3,4,0)
    10        1:1        3:3   +   0.743 (25,2,2,3,1,1,3,3,0)
    11        1:1        1:1       0.864 (47,1,2,2,1,1,2,4,0)
    12        1:1        3:3   +   0.841 (19,2,2,2,1,1,3,1,0)
    13        1:1        3:3   +   0.492 (28,4,4,3,0,0,1,4,0)
    14        1:1        1:1       0.521 (45,3,4,2,0,1,1,4,0)
    15        1:1        3:3   +   0.514 (23,4,4,2,1,0,3,3,0)
    16        1:1        1:1       1 (33,1,2,0,1,0,3,3,0)
    17        1:1        3:3   +   0.9 (17,2,3,1,1,1,3,2,0)
    18        1:1        1:1       0.704 (40,2,2,6,1,1,2,2,1)
    19        1:1        1:1       0.654 (42,2,3,2,1,1,1,4,0)
    20        1:1        3:3   +   0.541 (23,3,3,2,1,1,3,3,0)
    21        1:1        1:1       0.935 (48,1,1,8,1,1,1,1,1)
    22        1:1        3:3   +   0.722 (28,4,4,5,1,0,3,4,0)
    23        1:1        1:1       0.594 (39,3,4,1,0,1,3,4,0)
    24        1:1        1:1       0.763 (43,1,2,8,1,1,2,2,1)
    25        1:1        1:1       0.836 (18,2,3,1,1,1,2,3,0)
    26        1:1        1:1       0.567 (48,3,4,5,1,1,2,3,0)
    27        1:1        3:3   +   0.458 (43,4,4,5,1,1,1,3,0)
    28        1:1        1:1       1 (22,4,4,0,1,1,3,2,0)
    29        1:1        1:1       1 (40,1,1,0,1,1,3,2,0)
    30        1:1        2:2   +   0.473 (32,4,4,1,0,1,1,4,0)
    31        1:1        3:3   +   0.573 (36,2,3,6,1,1,2,3,0)
    32        1:1        1:1       0.506 (47,4,4,1,0,1,1,4,0)
    33        1:1        3:3   +   0.612 (25,1,3,1,1,1,4,2,0)
    34        2:2        3:3   +   0.638 (33,4,4,5,1,1,2,4,0)
    35        2:2        1:1   +   0.604 (20,3,4,1,1,1,2,4,0)
    36        2:2        3:3   +   0.647 (33,4,4,3,1,1,3,4,0)
    37        2:2        3:3   +   0.683 (22,4,4,1,1,0,2,2,0)
    38        2:2        2:2       0.589 (26,4,4,2,0,1,1,4,0)
    39        2:2        3:3   +   0.517 (33,3,4,3,0,1,2,4,0)
    40        2:2        3:3   +   0.662 (26,3,4,3,1,1,3,4,0)
    41        2:2        2:2       0.44 (43,4,4,3,0,1,1,4,0)
    42        2:2        3:3   +   0.461 (34,3,4,4,1,1,3,3,0)
    43        2:2        1:1   +   0.53 (35,1,3,7,1,0,2,3,1)
    44        2:2        2:2       0.469 (38,4,4,3,0,0,2,4,0)
    45        2:2        2:2       0.641 (32,3,4,7,0,1,1,3,0)
    46        2:2        3:3   +   0.475 (27,4,4,2,1,0,1,3,0)
    47        2:2        3:3   +   0.539 (32,4,4,4,1,1,1,2,0)
    48        2:2        2:2       0.409 (41,3,4,3,0,1,2,4,0)
    49        2:2        2:2       0.593 (42,4,4,4,1,1,3,4,0)
    50        2:2        3:3   +   0.583 (37,4,4,3,1,1,3,4,0)
    51        2:2        3:3   +   0.782 (30,4,4,3,1,1,2,1,0)
    52        2:2        3:3   +   0.503 (26,3,4,3,1,1,1,4,0)
    53        2:2        2:2       0.428 (36,3,4,4,0,0,2,4,0)
    54        2:2        3:3   +   0.633 (28,3,3,3,1,1,1,2,0)
    55        2:2        2:2       0.592 (38,4,4,4,0,1,3,4,0)
    56        2:2        3:3   +   0.45 (31,2,2,4,1,1,4,3,1)
    57        2:2        2:2       0.619 (23,3,1,1,1,0,3,3,0)
    58        2:2        2:2       0.539 (35,4,4,5,1,0,1,4,0)
    59        2:2        3:3   +   0.504 (43,3,3,6,1,0,3,2,0)
    60        2:2        3:3   +   0.567 (33,4,4,3,0,1,2,4,0)
    61        2:2        1:1   +   0.727 (24,1,4,1,1,0,4,2,1)
    62        2:2        3:3   +   0.594 (32,4,4,4,1,1,2,3,0)
    63        2:2        2:2       0.462 (42,2,3,7,1,1,3,4,0)
    64        2:2        2:2       0.498 (43,4,4,5,0,1,1,4,0)
    65        2:2        3:3   +   0.54 (34,4,4,5,1,1,3,4,0)
    66        2:2        3:3   +   0.508 (34,4,4,3,1,0,3,4,0)
    67        3:3        3:3       0.601 (33,2,3,4,1,1,2,3,0)
    68        3:3        3:3       0.735 (25,3,3,3,1,1,2,1,0)
    69        3:3        1:1   +   1 (21,2,2,0,0,1,4,4,0)
    70        3:3        3:3       0.566 (33,2,4,3,1,1,2,4,0)
    71        3:3        2:2   +   0.68 (41,4,4,5,1,1,1,4,0)
    72        3:3        3:3       0.741 (25,2,4,3,1,1,3,3,0)
    73        3:3        2:2   +   0.808 (44,4,4,11,1,1,1,4,0)
    74        3:3        3:3       0.549 (40,2,3,5,1,1,3,3,0)
    75        3:3        1:1   +   0.433 (34,2,3,2,1,1,2,3,0)
    76        3:3        2:2   +   0.659 (38,4,4,4,1,0,1,4,0)
    77        3:3        3:3       0.723 (25,1,2,3,1,1,2,3,0)
    78        3:3        3:3       0.596 (26,3,2,4,1,1,3,4,0)
    79        3:3        3:3       0.616 (31,1,2,4,1,1,3,3,0)
    80        3:3        1:1   +   0.538 (45,3,4,2,0,1,3,3,0)
    81        3:3        3:3       0.553 (31,3,3,6,0,1,3,1,0)
    82        3:3        3:3       0.681 (29,2,4,3,1,0,3,3,0)
    83        3:3        3:3       0.422 (36,2,4,8,1,1,1,4,0)
    84        3:3        2:2   +   0.66 (34,4,4,2,0,1,1,4,0)
    85        3:3        2:2   +   0.606 (40,4,4,2,0,0,1,4,0)
    86        3:3        3:3       0.549 (37,4,4,3,1,1,2,4,0)
    87        3:3        3:3       0.631 (29,3,3,4,1,1,3,4,0)
    88        3:3        3:3       0.489 (25,4,4,2,1,1,1,3,0)
    89        3:3        2:2   +   0.37 (38,4,4,3,0,0,3,3,1)
    90        3:3        3:3       0.647 (21,3,3,1,1,1,3,3,0)
    91        3:3        3:3       0.482 (33,3,4,4,1,0,2,4,0)
    92        3:3        3:3       0.583 (26,3,4,4,1,1,2,3,0)
    93        3:3        3:3       0.796 (22,1,2,2,1,1,3,4,0)
    94        3:3        1:1   +   0.391 (22,3,4,1,1,0,1,4,0)
    95        3:3        1:1   +   0.447 (37,2,4,3,1,1,2,3,0)
    96        3:3        1:1   +   0.791 (18,3,3,1,1,1,2,2,0)
    97        3:3        3:3       0.549 (28,4,4,2,0,1,2,4,0)
    98        3:3        3:3       0.731 (37,2,3,9,1,1,3,3,0)
    99        3:3        3:3       0.662 (29,4,4,3,1,1,3,4,0)
   100        3:3        2:2   +   0.466 (32,4,4,2,1,0,1,3,0)
   101        3:3        3:3       0.788 (24,1,3,4,1,1,3,3,0)
   102        3:3        3:3       0.583 (30,3,3,7,1,1,3,4,0)
   103        3:3        2:2   +   0.677 (42,4,4,5,1,1,1,4,0)
   104        3:3        3:3       0.667 (28,2,2,5,1,0,2,4,0)
   105        3:3        3:3       0.585 (25,4,4,2,1,1,1,2,0)
   106        3:3        3:3       0.613 (28,2,3,6,1,1,2,4,0)
   107        3:3        3:3       0.655 (23,2,3,3,1,1,2,3,0)
   108        3:3        1:1   +   0.418 (29,3,3,1,0,0,2,4,0)
   109        3:3        3:3       0.475 (37,3,3,6,1,1,3,3,0)
   110        3:3        3:3       0.562 (43,3,3,5,1,0,3,3,0)
   111        3:3        3:3       0.541 (31,4,4,4,1,0,3,4,0)
   112        3:3        3:3       0.622 (31,4,4,3,1,1,4,4,0)
   113        3:3        3:3       0.544 (23,4,4,2,1,1,3,4,0)
   114        3:3        3:3       0.547 (26,3,4,2,1,1,3,3,0)
   115        3:3        3:3       0.609 (32,1,2,6,0,1,2,3,0)
   116        3:3        1:1   +   0.638 (31,3,3,3,1,1,2,1,1)
   117        3:3        3:3       0.738 (21,4,4,1,1,1,3,1,0)
     1        1:1        1:1       0.582 (27,2,4,1,1,0,1,1,0)
     2        1:1        3:3   +   0.455 (25,4,4,1,0,1,2,3,0)
     3        1:1        1:1       0.84 (49,2,3,4,1,1,2,3,0)
     4        1:1        1:1       0.597 (36,1,4,1,1,1,3,3,0)
     5        1:1        1:1       0.962 (35,1,2,0,1,0,4,4,0)
     6        1:1        3:3   +   0.562 (31,3,3,2,1,0,3,3,0)
     7        1:1        1:1       0.405 (28,4,4,1,1,0,1,3,0)
     8        1:1        2:2   +   0.51 (37,3,4,7,1,1,3,4,0)
     9        1:1        1:1       0.992 (37,1,3,0,1,1,3,4,0)
    10        1:1        1:1       0.978 (24,3,4,0,1,0,2,3,0)
    11        1:1        3:3   +   0.372 (40,2,2,8,1,1,1,3,0)
    12        1:1        2:2   +   0.497 (26,4,4,3,1,1,1,4,0)
    13        1:1        1:1       0.714 (47,1,1,4,1,1,2,2,0)
    14        1:1        2:2   +   0.721 (46,4,4,10,1,1,1,3,0)
    15        1:1        1:1       0.579 (48,3,4,8,1,1,3,3,0)
    16        1:1        1:1       0.518 (45,4,4,1,1,0,1,4,0)
    17        1:1        3:3   +   0.502 (40,4,4,2,1,1,3,4,0)
    18        1:1        3:3   +   0.538 (35,3,4,6,1,0,2,2,0)
    19        1:1        1:1       0.795 (38,1,2,6,1,1,2,1,1)
    20        1:1        3:3   +   0.557 (32,2,3,4,0,1,2,4,0)
    21        1:1        3:3   +   0.686 (41,3,2,11,1,1,2,3,0)
    22        1:1        3:3   +   0.699 (24,2,2,4,1,1,3,4,0)
    23        1:1        2:2   +   0.446 (24,4,4,1,1,0,1,3,0)
    24        1:1        3:3   +   0.596 (19,3,3,1,1,1,2,4,0)
    25        1:1        1:1       0.758 (47,3,3,2,1,1,2,4,0)
    26        1:1        3:3   +   0.463 (38,2,4,5,1,1,3,3,0)
    27        1:1        2:2   +   0.53 (35,4,4,5,1,1,1,4,0)
    28        1:1        1:1       0.974 (21,1,3,0,1,0,3,4,1)
    29        1:1        1:1       0.5 (45,4,4,1,1,1,1,4,0)
    30        1:1        3:3   +   0.756 (22,3,4,2,1,1,3,3,0)
    31        1:1        1:1       0.476 (47,4,4,2,1,1,1,4,0)
    32        1:1        3:3   +   0.519 (27,4,4,2,1,0,1,4,0)
    33        1:1        1:1       0.621 (41,2,4,1,1,1,2,3,0)
    34        2:2        2:2       0.548 (47,4,4,6,1,0,1,4,0)
    35        2:2        3:3   +   0.9 (35,1,2,9,1,0,3,1,0)
    36        2:2        3:3   +   0.462 (24,4,4,1,1,1,2,4,0)
    37        2:2        3:3   +   0.606 (35,3,3,6,1,1,2,3,0)
    38        2:2        2:2       0.84 (44,4,4,7,1,1,2,4,0)
    39        2:2        2:2       0.502 (38,4,4,6,1,0,3,3,0)
    40        2:2        3:3   +   0.553 (33,4,4,3,1,1,3,3,0)
    41        2:2        3:3   +   0.358 (25,4,4,1,1,0,1,4,0)
    42        2:2        3:3   +   0.492 (28,3,4,2,0,1,3,3,0)
    43        2:2        3:3   +   0.628 (31,4,4,3,0,1,2,4,0)
    44        2:2        2:2       0.723 (41,4,4,4,1,0,1,4,0)
    45        2:2        3:3   +   0.562 (31,3,3,2,1,0,3,3,0)
    46        2:2        1:1   +   0.448 (31,4,4,1,1,1,1,4,0)
    47        2:2        3:3   +   0.462 (36,3,3,4,1,1,1,3,0)
    48        2:2        2:2       0.575 (48,4,4,4,0,1,1,4,0)
    49        2:2        2:2       0.636 (40,4,4,6,0,0,1,4,0)
    50        2:2        2:2       0.5 (35,4,4,3,1,1,1,4,0)
    51        2:2        3:3   +   0.661 (29,4,4,3,1,0,3,3,0)
    52        2:2        2:2       0.478 (37,4,4,3,1,1,1,4,0)
    53        2:2        2:2       0.438 (24,4,4,1,1,1,1,4,0)
    54        2:2        2:2       0.616 (42,4,4,3,1,0,1,4,0)
    55        2:2        1:1   +   0.485 (25,3,3,1,1,1,3,1,0)
    56        2:2        2:2       0.584 (45,4,4,3,0,1,2,4,0)
    57        2:2        2:2       0.762 (41,4,4,6,0,1,1,4,0)
    58        2:2        3:3   +   0.481 (36,4,4,3,0,1,2,4,0)
    59        2:2        3:3   +   0.414 (27,4,4,1,1,1,1,4,0)
    60        2:2        2:2       0.864 (45,4,4,7,1,1,1,4,0)
    61        2:2        1:1   +   0.553 (47,2,2,7,1,1,2,4,0)
    62        2:2        3:3   +   0.505 (23,3,3,2,1,0,3,4,0)
    63        2:2        2:2       0.706 (42,4,4,6,1,1,1,3,0)
    64        2:2        1:1   +   0.372 (46,4,4,2,1,0,1,4,0)
    65        2:2        3:3   +   0.432 (32,4,4,2,0,0,2,4,0)
    66        2:2        3:3   +   0.566 (21,4,4,1,1,1,1,3,0)
    67        3:3        2:2   +   0.487 (37,4,4,3,1,0,1,4,0)
    68        3:3        3:3       0.569 (32,2,2,6,1,1,2,3,0)
    69        3:3        3:3       0.608 (30,2,3,7,1,1,3,3,0)
    70        3:3        2:2   +   0.641 (42,4,4,5,0,1,2,4,0)
    71        3:3        3:3       0.689 (25,3,4,3,1,1,3,4,0)
    72        3:3        3:3       0.585 (30,3,4,3,0,1,3,3,0)
    73        3:3        3:3       0.504 (33,3,3,8,1,1,3,4,0)
    74        3:3        3:3       0.724 (29,1,2,5,1,0,1,2,0)
    75        3:3        3:3       0.592 (32,2,4,3,1,1,3,4,0)
    76        3:3        2:2   +   0.484 (33,4,4,3,0,0,2,4,0)
    77        3:3        3:3       0.703 (21,2,3,1,1,0,3,2,0)
    78        3:3        1:1   +   0.474 (38,2,3,3,1,1,2,4,0)
    79        3:3        3:3       0.754 (25,3,3,3,1,1,3,2,0)
    80        3:3        3:3       0.481 (36,4,4,3,0,1,2,4,0)
    81        3:3        3:3       0.546 (33,4,4,5,1,1,3,3,0)
    82        3:3        2:2   +   0.575 (32,4,4,4,1,0,1,4,0)
    83        3:3        3:3       0.633 (29,4,4,2,1,1,3,4,0)
    84        3:3        2:2   +   0.448 (37,4,4,1,0,1,1,4,0)
    85        3:3        3:3       0.678 (31,2,2,4,1,1,3,3,0)
    86        3:3        2:2   +   0.546 (43,4,4,5,1,1,1,4,0)
    87        3:3        3:3       0.454 (37,2,4,4,1,0,2,3,0)
    88        3:3        3:3       0.807 (17,3,4,1,1,1,2,1,0)
    89        3:3        3:3       0.744 (25,2,3,4,1,0,3,2,0)
    90        3:3        2:2   +   0.643 (36,4,4,6,0,1,1,2,1)
    91        3:3        2:2   +   0.603 (33,4,4,2,0,0,1,3,0)
    92        3:3        3:3       0.632 (32,2,4,5,1,1,3,4,0)
    93        3:3        3:3       0.7 (30,2,3,3,1,1,3,3,0)
    94        3:3        2:2   +   0.482 (32,4,4,3,1,0,1,4,0)
    95        3:3        3:3       0.475 (46,2,2,5,1,1,2,4,0)
    96        3:3        3:3       0.615 (28,3,4,5,1,1,2,4,0)
    97        3:3        3:3       0.687 (28,3,3,4,1,1,3,3,0)
    98        3:3        2:2   +   0.57 (42,4,4,3,0,1,2,4,0)
    99        3:3        3:3       0.753 (25,3,3,3,1,1,3,3,0)
   100        3:3        3:3       0.619 (22,4,4,1,1,1,2,4,0)
   101        3:3        1:1   +   0.71 (23,2,2,1,1,1,2,4,0)
   102        3:3        2:2   +   0.427 (39,3,3,8,1,0,1,4,0)
   103        3:3        3:3       0.383 (25,4,4,1,1,1,1,4,0)
   104        3:3        1:1   +   0.475 (39,3,4,2,1,1,1,3,0)
   105        3:3        2:2   +   0.564 (35,4,4,1,0,1,1,4,0)
   106        3:3        3:3       0.753 (32,1,3,4,1,1,3,3,0)
   107        3:3        3:3       0.605 (27,4,4,3,1,1,3,4,1)
   108        3:3        3:3       0.678 (30,4,3,4,1,1,3,3,0)
   109        3:3        1:1   +   0.595 (43,3,3,2,0,0,3,4,0)
   110        3:3        3:3       0.667 (28,4,4,5,1,1,2,4,0)
   111        3:3        3:3       0.41 (38,3,4,3,1,1,3,2,0)
   112        3:3        3:3       0.505 (37,4,4,3,1,1,2,4,0)
   113        3:3        2:2   +   0.438 (24,4,4,1,1,1,1,4,0)
   114        3:3        3:3       0.866 (19,3,3,3,1,1,2,3,0)
   115        3:3        3:3       0.507 (28,3,4,2,1,1,3,4,0)
   116        3:3        3:3       0.533 (30,4,4,2,0,0,3,3,0)
   117        3:3        3:3       0.581 (20,4,3,1,1,1,3,4,0)

