

=== Predictions under cross-validation ===

 inst#     actual  predicted error prediction (Wifes_age,Wifes_education,Husbands_education,Number_of_children_ever_born,Wifes_religion,Wifes_now_working?,Husbands_occupation,Standard-of-living_index,Media_exposure)
     1        1:1        1:1       0.798 (26,2,3,1,1,0,3,4,1)
     2        1:1        1:1       0.902 (22,4,4,0,1,1,2,1,1)
     3        1:1        1:1       0.665 (28,2,4,1,1,0,3,4,0)
     4        1:1        3:3   +   0.71 (28,3,4,3,1,1,2,1,0)
     5        1:1        3:3   +   0.685 (32,2,2,1,1,1,2,1,0)
     6        1:1        3:3   +   0.67 (29,3,4,2,1,1,3,4,0)
     7        1:1        3:3   +   0.743 (43,2,3,3,0,1,2,3,0)
     8        1:1        1:1       0.911 (49,1,3,0,1,1,3,3,1)
     9        1:1        3:3   +   0.817 (32,2,3,1,1,1,3,3,0)
    10        1:1        1:1       0.898 (45,1,1,0,0,0,2,1,0)
    11        1:1        3:3   +   0.758 (26,2,3,3,1,1,3,4,0)
    12        1:1        2:2   +   0.466 (46,4,4,6,1,1,1,4,0)
    13        1:1        1:1       0.561 (36,2,1,6,1,1,2,3,0)
    14        1:1        1:1       0.65 (23,4,4,0,0,1,2,4,0)
    15        1:1        3:3   +   0.447 (38,2,4,5,0,1,2,2,0)
    16        1:1        3:3   +   0.728 (32,2,2,2,1,1,2,4,0)
    17        1:1        2:2   +   0.479 (37,4,4,2,0,1,1,4,0)
    18        1:1        3:3   +   0.516 (33,4,4,2,0,1,1,4,0)
    19        1:1        3:3   +   0.446 (31,3,4,3,0,0,2,4,0)
    20        1:1        2:2   +   0.513 (34,3,4,4,1,1,1,3,0)
    21        1:1        2:2   +   0.571 (43,3,3,4,1,1,2,4,0)
    22        1:1        1:1       0.761 (27,1,2,4,1,1,1,4,1)
    23        1:1        3:3   +   0.678 (33,4,4,5,1,1,3,4,0)
    24        1:1        3:3   +   0.446 (34,3,3,6,1,1,2,3,0)
    25        1:1        1:1       0.719 (20,4,4,0,0,0,2,4,0)
    26        1:1        2:2   +   0.455 (42,3,3,3,1,0,2,4,0)
    27        1:1        2:2   +   0.504 (40,4,4,3,0,1,3,4,0)
    28        1:1        2:2   +   0.418 (47,3,2,5,1,1,4,4,0)
    29        1:1        3:3   +   0.586 (31,3,4,2,1,1,1,4,0)
    30        1:1        2:2   +   0.451 (45,2,3,4,1,0,2,4,0)
    31        1:1        3:3   +   0.548 (22,3,3,2,1,1,2,4,0)
    32        1:1        1:1       0.864 (29,4,2,0,1,0,2,2,0)
    33        1:1        1:1       0.874 (47,1,2,2,1,1,2,3,1)
    34        1:1        1:1       0.818 (21,1,2,1,1,0,3,4,0)
    35        2:2        2:2       0.628 (45,4,4,3,1,1,1,4,0)
    36        2:2        3:3   +   0.418 (36,3,4,3,0,0,3,4,0)
    37        2:2        3:3   +   0.637 (26,3,4,2,1,1,3,3,0)
    38        2:2        2:2       0.628 (45,4,4,3,1,1,1,4,0)
    39        2:2        2:2       0.542 (29,4,4,2,1,0,1,3,0)
    40        2:2        2:2       0.553 (44,4,4,5,1,1,1,4,0)
    41        2:2        2:2       0.602 (46,4,4,3,0,0,1,4,0)
    42        2:2        2:2       0.528 (38,4,4,4,1,1,2,4,0)
    43        2:2        2:2       0.519 (37,4,4,4,0,1,2,4,0)
    44        2:2        2:2       0.597 (38,4,4,6,1,1,1,4,0)
    45        2:2        2:2       0.505 (36,4,4,4,0,1,2,4,0)
    46        2:2        2:2       0.473 (44,4,4,7,1,1,3,2,0)
    47        2:2        3:3   +   0.383 (23,4,4,1,1,1,3,3,0)
    48        2:2        1:1   +   0.913 (47,1,1,8,1,1,3,4,1)
    49        2:2        3:3   +   0.847 (33,2,2,3,1,1,2,3,0)
    50        2:2        2:2       0.48 (34,4,4,4,1,1,3,3,0)
    51        2:2        3:3   +   0.783 (22,3,3,2,1,1,3,3,0)
    52        2:2        2:2       0.388 (36,2,1,6,1,1,2,1,0)
    53        2:2        3:3   +   0.482 (34,4,4,6,1,1,3,4,0)
    54        2:2        2:2       0.541 (37,4,4,3,1,1,1,4,0)
    55        2:2        3:3   +   0.517 (34,4,4,4,1,1,2,4,0)
    56        2:2        1:1   +   0.788 (38,2,2,8,1,1,2,2,0)
    57        2:2        2:2       0.615 (48,4,4,7,1,0,1,4,0)
    58        2:2        1:1   +   0.384 (27,3,3,1,1,0,3,4,0)
    59        2:2        2:2       0.527 (36,4,4,3,1,1,1,4,0)
    60        2:2        2:2       0.551 (47,4,4,4,0,1,2,4,0)
    61        2:2        3:3   +   0.695 (24,4,4,2,1,1,2,4,0)
    62        2:2        3:3   +   0.436 (21,4,4,1,1,1,1,4,0)
    63        2:2        1:1   +   0.48 (33,2,2,6,1,0,3,4,0)
    64        2:2        3:3   +   0.797 (26,3,3,2,1,1,3,2,0)
    65        2:2        3:3   +   0.413 (23,4,4,1,1,1,3,4,0)
    66        2:2        3:3   +   0.582 (30,2,2,7,1,1,3,4,0)
    67        2:2        2:2       0.591 (40,4,4,4,1,1,1,4,0)
    68        3:3        3:3       0.818 (24,2,3,5,1,1,3,3,0)
    69        3:3        3:3       0.655 (24,3,4,4,1,1,3,1,0)
    70        3:3        3:3       0.395 (26,4,4,1,1,1,3,3,0)
    71        3:3        2:2   +   0.473 (26,4,4,4,1,1,3,4,0)
    72        3:3        3:3       0.803 (22,3,3,2,1,1,3,1,0)
    73        3:3        3:3       0.607 (33,2,4,3,1,1,3,4,0)
    74        3:3        3:3       0.372 (35,3,2,9,1,0,3,4,0)
    75        3:3        2:2   +   0.617 (35,4,4,4,1,1,1,4,0)
    76        3:3        2:2   +   0.565 (35,3,4,4,1,0,1,4,0)
    77        3:3        3:3       0.519 (24,3,4,2,1,1,3,3,0)
    78        3:3        3:3       0.453 (27,4,4,4,1,1,3,3,0)
    79        3:3        3:3       0.73 (24,3,3,2,1,1,3,3,0)
    80        3:3        2:2   +   0.67 (44,4,4,4,0,1,2,3,0)
    81        3:3        3:3       0.565 (29,2,4,4,1,0,2,4,0)
    82        3:3        3:3       0.504 (35,3,4,5,1,1,1,4,0)
    83        3:3        3:3       0.647 (24,2,4,2,1,1,1,4,0)
    84        3:3        3:3       0.594 (27,2,2,3,1,1,2,2,1)
    85        3:3        3:3       0.632 (23,4,4,2,1,0,2,4,0)
    86        3:3        3:3       0.7 (24,2,4,3,1,1,3,3,0)
    87        3:3        3:3       0.508 (28,4,4,4,1,1,3,4,0)
    88        3:3        3:3       0.832 (31,3,3,3,1,1,3,1,1)
    89        3:3        3:3       0.842 (29,1,3,5,1,1,3,3,0)
    90        3:3        3:3       0.483 (36,4,4,2,1,0,1,4,0)
    91        3:3        2:2   +   0.499 (36,4,4,3,0,0,2,4,0)
    92        3:3        3:3       0.487 (30,4,4,2,1,1,1,4,0)
    93        3:3        3:3       0.519 (37,4,4,5,0,0,2,4,0)
    94        3:3        3:3       0.486 (28,4,4,4,1,1,2,3,0)
    95        3:3        3:3       0.86 (29,2,3,3,1,0,3,2,0)
    96        3:3        2:2   +   0.538 (35,4,4,3,0,1,3,4,0)
    97        3:3        2:2   +   0.638 (36,4,4,4,0,1,1,4,0)
    98        3:3        2:2   +   0.527 (36,4,4,3,1,1,1,4,0)
    99        3:3        2:2   +   0.597 (43,4,4,3,1,1,1,4,0)
   100        3:3        2:2   +   0.536 (29,3,4,4,1,0,1,3,0)
   101        3:3        2:2   +   0.597 (43,4,4,3,1,1,1,4,0)
   102        3:3        3:3       0.491 (24,4,4,1,1,1,2,3,0)
   103        3:3        2:2   +   0.485 (36,4,4,3,0,1,3,4,0)
   104        3:3        3:3       0.73 (29,3,4,5,1,1,3,3,0)
   105        3:3        3:3       0.593 (27,2,4,1,1,1,3,3,0)
   106        3:3        3:3       0.802 (29,3,4,3,1,1,3,2,0)
   107        3:3        1:1   +   0.588 (30,4,4,1,1,0,3,2,0)
   108        3:3        3:3       0.67 (21,3,4,2,1,1,3,3,0)
   109        3:3        2:2   +   0.533 (35,3,4,4,1,1,1,4,0)
   110        3:3        2:2   +   0.443 (26,2,4,3,1,1,1,3,0)
   111        3:3        3:3       0.715 (30,3,4,3,1,1,2,3,0)
   112        3:3        3:3       0.82 (26,2,3,2,1,1,3,3,0)
   113        3:3        1:1   +   0.578 (23,4,3,2,1,0,2,3,0)
   114        3:3        3:3       0.822 (21,3,3,1,1,1,3,1,0)
   115        3:3        3:3       0.682 (34,2,4,4,1,1,3,3,0)
   116        3:3        3:3       0.816 (21,3,3,1,0,1,3,2,0)
   117        3:3        3:3       0.725 (25,3,4,2,1,0,2,4,0)
   118        3:3        3:3       0.538 (26,3,4,4,1,1,2,4,0)
     1        1:1        3:3   +   0.602 (28,4,4,5,1,1,1,4,0)
     2        1:1        2:2   +   0.626 (39,3,4,3,1,1,1,4,0)
     3        1:1        2:2   +   0.413 (48,3,4,11,1,1,1,4,0)
     4        1:1        1:1       0.609 (44,1,2,2,1,1,3,1,0)
     5        1:1        1:1       0.655 (38,2,2,10,1,1,3,2,0)
     6        1:1        1:1       0.793 (25,2,3,0,1,1,2,4,0)
     7        1:1        3:3   +   0.752 (30,2,3,1,1,1,2,1,0)
     8        1:1        3:3   +   0.401 (26,2,4,3,1,1,3,4,0)
     9        1:1        1:1       0.89 (45,3,4,0,1,1,1,3,0)
    10        1:1        1:1       0.852 (20,3,4,0,1,1,3,3,0)
    11        1:1        1:1       0.481 (26,2,3,1,1,0,4,4,0)
    12        1:1        1:1       0.675 (19,4,4,0,0,1,3,4,0)
    13        1:1        1:1       0.732 (21,2,4,0,1,1,2,2,0)
    14        1:1        1:1       0.872 (49,1,2,8,1,1,3,1,1)
    15        1:1        1:1       0.91 (22,2,1,0,1,1,2,2,0)
    16        1:1        1:1       0.672 (39,2,2,5,1,0,3,2,1)
    17        1:1        2:2   +   0.378 (49,3,4,6,1,1,1,4,0)
    18        1:1        3:3   +   0.507 (30,1,3,1,1,1,3,4,0)
    19        1:1        1:1       0.47 (44,1,3,4,1,1,3,3,1)
    20        1:1        3:3   +   0.593 (25,3,3,1,1,1,3,4,0)
    21        1:1        3:3   +   0.444 (48,4,4,1,0,1,1,4,0)
    22        1:1        1:1       0.84 (27,3,4,0,1,0,3,3,0)
    23        1:1        2:2   +   0.499 (24,4,4,4,1,1,1,4,0)
    24        1:1        3:3   +   0.507 (34,1,3,4,1,0,3,4,0)
    25        1:1        1:1       0.882 (38,1,2,12,1,1,2,3,0)
    26        1:1        1:1       0.688 (46,1,2,3,1,1,2,1,1)
    27        1:1        1:1       0.472 (45,2,3,11,1,1,2,3,0)
    28        1:1        2:2   +   0.646 (43,4,4,6,1,1,1,3,0)
    29        1:1        2:2   +   0.427 (47,4,4,1,1,1,1,4,0)
    30        1:1        1:1       0.691 (47,2,3,12,1,1,3,1,0)
    31        1:1        3:3   +   0.499 (19,4,4,1,1,1,1,3,0)
    32        1:1        3:3   +   0.552 (35,3,3,2,1,0,2,2,0)
    33        1:1        3:3   +   0.501 (31,3,3,1,1,0,3,4,0)
    34        1:1        1:1       0.762 (40,1,1,2,1,0,3,4,0)
    35        2:2        2:2       0.56 (36,4,4,3,1,1,3,3,0)
    36        2:2        1:1   +   0.863 (47,3,4,11,1,0,2,3,0)
    37        2:2        1:1   +   0.602 (26,1,1,2,1,1,3,4,0)
    38        2:2        3:3   +   0.66 (27,3,3,2,1,1,3,4,0)
    39        2:2        3:3   +   0.568 (40,4,4,3,1,1,1,4,0)
    40        2:2        3:3   +   0.632 (21,2,2,1,1,1,3,2,0)
    41        2:2        3:3   +   0.549 (38,4,4,3,1,0,1,4,0)
    42        2:2        1:1   +   0.431 (21,4,4,1,1,1,2,1,0)
    43        2:2        1:1   +   0.373 (21,4,4,1,1,1,1,4,0)
    44        2:2        1:1   +   0.568 (32,2,1,5,1,0,2,2,0)
    45        2:2        1:1   +   0.437 (43,3,4,2,1,0,2,4,0)
    46        2:2        1:1   +   0.574 (35,2,2,6,1,1,3,4,0)
    47        2:2        2:2       0.431 (44,3,4,6,1,1,3,2,0)
    48        2:2        2:2       0.511 (48,4,4,6,0,1,2,4,0)
    49        2:2        3:3   +   0.512 (32,4,4,3,0,1,3,3,0)
    50        2:2        2:2       0.503 (39,4,4,3,0,0,1,4,0)
    51        2:2        1:1   +   0.407 (49,3,4,4,1,1,3,4,0)
    52        2:2        3:3   +   0.516 (39,4,4,5,1,1,2,4,0)
    53        2:2        1:1   +   0.746 (49,3,3,11,1,1,1,4,0)
    54        2:2        2:2       0.47 (30,3,4,2,1,1,1,4,0)
    55        2:2        2:2       0.511 (39,4,4,3,0,1,2,4,0)
    56        2:2        2:2       0.6 (26,4,4,1,1,0,1,3,0)
    57        2:2        2:2       0.506 (48,4,3,7,1,0,2,4,0)
    58        2:2        2:2       0.681 (42,4,4,6,1,1,1,3,0)
    59        2:2        1:1   +   0.474 (28,2,1,2,1,0,3,3,0)
    60        2:2        3:3   +   0.532 (44,4,4,3,1,0,1,4,0)
    61        2:2        1:1   +   0.482 (36,3,4,7,1,1,2,2,0)
    62        2:2        2:2       0.425 (22,4,4,1,1,1,1,3,0)
    63        2:2        1:1   +   0.612 (18,3,4,1,1,1,3,4,0)
    64        2:2        3:3   +   0.673 (33,3,3,5,1,1,3,4,0)
    65        2:2        3:3   +   0.549 (25,4,4,2,1,1,2,4,0)
    66        2:2        2:2       0.645 (44,4,4,4,1,0,2,3,0)
    67        2:2        2:2       0.585 (39,4,4,3,0,1,1,4,0)
    68        3:3        3:3       0.461 (30,4,4,3,0,0,2,4,0)
    69        3:3        3:3       0.507 (25,2,4,2,1,1,2,4,0)
    70        3:3        3:3       0.712 (29,2,4,2,1,1,3,2,0)
    71        3:3        3:3       0.504 (22,4,4,1,1,1,3,3,0)
    72        3:3        3:3       0.759 (30,2,2,2,1,1,3,2,0)
    73        3:3        3:3       0.44 (27,4,4,2,1,1,3,4,0)
    74        3:3        2:2   +   0.398 (21,4,4,1,0,1,2,4,0)
    75        3:3        3:3       0.42 (27,2,4,4,1,1,3,4,0)
    76        3:3        3:3       0.687 (25,2,2,1,1,1,3,3,0)
    77        3:3        3:3       0.442 (26,4,4,1,0,0,2,4,0)
    78        3:3        3:3       0.736 (27,3,3,1,1,0,3,3,0)
    79        3:3        3:3       0.722 (27,3,3,3,1,1,2,3,0)
    80        3:3        3:3       0.783 (21,3,3,1,1,1,2,2,0)
    81        3:3        3:3       0.761 (32,2,3,4,1,1,3,2,0)
    82        3:3        3:3       0.785 (30,3,3,3,1,0,3,2,0)
    83        3:3        3:3       0.73 (24,3,3,3,1,0,2,1,0)
    84        3:3        3:3       0.632 (34,2,4,6,1,1,3,3,0)
    85        3:3        1:1   +   0.405 (42,2,4,6,1,1,2,4,0)
    86        3:3        3:3       0.496 (32,4,3,3,1,1,2,4,0)
    87        3:3        2:2   +   0.617 (32,4,4,4,1,1,1,3,0)
    88        3:3        3:3       0.447 (24,3,4,1,1,1,3,4,0)
    89        3:3        3:3       0.549 (25,4,4,2,1,1,2,4,0)
    90        3:3        3:3       0.647 (27,3,4,4,1,1,3,3,0)
    91        3:3        2:2   +   0.427 (26,4,4,3,1,1,3,4,0)
    92        3:3        3:3       0.615 (20,2,3,1,1,1,2,1,0)
    93        3:3        2:2   +   0.465 (37,4,4,6,1,0,3,4,0)
    94        3:3        2:2   +   0.4 (38,3,3,2,0,1,3,4,0)
    95        3:3        1:1   +   0.484 (22,1,2,3,1,1,3,1,1)
    96        3:3        2:2   +   0.49 (37,4,4,3,0,1,3,4,0)
    97        3:3        3:3       0.755 (22,2,2,3,1,0,3,3,0)
    98        3:3        3:3       0.715 (29,1,2,1,1,1,3,3,0)
    99        3:3        3:3       0.644 (31,3,4,5,1,1,3,1,0)
   100        3:3        1:1   +   0.382 (35,2,4,6,1,1,3,4,0)
   101        3:3        3:3       0.444 (30,4,4,1,1,1,1,4,0)
   102        3:3        3:3       0.381 (29,3,4,5,1,1,1,2,0)
   103        3:3        3:3       0.478 (24,3,4,3,1,1,1,4,0)
   104        3:3        3:3       0.453 (26,4,4,1,1,0,2,4,0)
   105        3:3        3:3       0.401 (26,2,4,3,1,1,3,4,0)
   106        3:3        3:3       0.718 (29,2,4,3,1,1,3,3,0)
   107        3:3        3:3       0.693 (22,3,4,1,1,1,3,3,0)
   108        3:3        3:3       0.713 (25,4,3,2,1,1,3,3,0)
   109        3:3        2:2   +   0.621 (34,4,3,3,0,1,2,4,0)
   110        3:3        3:3       0.722 (29,2,4,4,1,1,3,2,0)
   111        3:3        3:3       0.567 (25,2,4,3,1,1,3,2,0)
   112        3:3        3:3       0.505 (27,2,2,5,1,1,3,1,0)
   113        3:3        1:1   +   0.402 (39,4,3,1,1,0,2,2,0)
   114        3:3        3:3       0.57 (28,4,4,1,1,1,2,4,0)
   115        3:3        3:3       0.636 (29,2,3,5,1,1,2,4,0)
   116        3:3        1:1   +   0.436 (21,3,4,1,1,0,3,4,0)
   117        3:3        3:3       0.741 (30,3,4,3,1,1,3,3,0)
   118        3:3        1:1   +   0.549 (20,2,2,2,1,1,3,2,1)
     1        1:1        3:3   +   0.769 (25,3,3,1,1,1,2,2,0)
     2        1:1        1:1       0.504 (25,2,2,2,1,1,3,1,0)
     3        1:1        3:3   +   0.593 (16,3,4,1,1,1,3,3,0)
     4        1:1        3:3   +   0.659 (24,3,4,1,1,0,3,3,0)
     5        1:1        3:3   +   0.568 (29,3,4,2,1,1,1,3,0)
     6        1:1        1:1       0.457 (23,4,4,1,1,0,3,3,0)
     7        1:1        3:3   +   0.733 (26,1,3,1,1,1,3,1,0)
     8        1:1        1:1       0.905 (22,4,4,0,1,0,2,4,0)
     9        1:1        1:1       0.867 (29,2,4,0,1,0,3,4,0)
    10        1:1        3:3   +   0.569 (25,4,4,1,1,1,1,4,0)
    11        1:1        1:1       0.811 (37,3,4,0,1,1,3,4,0)
    12        1:1        3:3   +   0.781 (21,2,2,1,1,1,3,2,0)
    13        1:1        2:2   +   0.575 (35,4,4,3,1,1,1,4,0)
    14        1:1        1:1       0.778 (47,2,4,2,1,1,3,2,1)
    15        1:1        1:1       0.783 (29,3,2,0,1,1,2,2,0)
    16        1:1        3:3   +   0.719 (22,2,4,4,1,1,3,4,0)
    17        1:1        1:1       0.822 (21,2,3,0,1,1,3,4,0)
    18        1:1        2:2   +   0.429 (48,3,4,4,0,1,2,4,0)
    19        1:1        3:3   +   0.731 (27,3,3,4,1,1,2,4,0)
    20        1:1        3:3   +   0.464 (20,3,4,2,1,1,3,2,0)
    21        1:1        3:3   +   0.547 (18,3,2,1,1,1,3,1,0)
    22        1:1        2:2   +   0.481 (32,4,4,3,1,1,1,4,0)
    23        1:1        1:1       0.534 (49,3,4,9,1,1,1,4,0)
    24        1:1        3:3   +   0.619 (38,1,3,4,1,0,2,2,0)
    25        1:1        1:1       0.43 (28,4,4,1,0,1,1,3,0)
    26        1:1        1:1       0.48 (38,2,2,6,1,1,3,4,0)
    27        1:1        1:1       0.892 (25,4,4,0,0,1,2,4,0)
    28        1:1        2:2   +   0.508 (49,4,4,6,0,0,1,4,0)
    29        1:1        1:1       0.827 (43,1,2,1,1,1,3,4,1)
    30        1:1        1:1       0.794 (47,1,1,1,1,1,3,4,0)
    31        1:1        3:3   +   0.435 (49,4,4,4,1,1,3,4,0)
    32        1:1        3:3   +   0.683 (25,3,3,1,1,1,3,1,0)
    33        1:1        3:3   +   0.43 (35,2,3,8,1,1,3,2,0)
    34        1:1        2:2   +   0.517 (43,4,4,3,0,1,2,4,0)
    35        2:2        3:3   +   0.363 (24,4,4,1,0,1,2,3,0)
    36        2:2        3:3   +   0.447 (33,3,4,2,1,1,1,4,0)
    37        2:2        3:3   +   0.461 (32,4,4,2,1,0,1,4,0)
    38        2:2        3:3   +   0.47 (31,4,2,2,0,1,1,3,0)
    39        2:2        1:1   +   0.479 (23,4,4,1,1,1,1,2,0)
    40        2:2        3:3   +   0.501 (27,4,4,1,1,0,3,3,0)
    41        2:2        2:2       0.586 (33,4,4,4,1,1,1,4,0)
    42        2:2        2:2       0.435 (24,4,4,1,1,0,1,4,0)
    43        2:2        3:3   +   0.594 (37,4,4,5,1,1,3,4,0)
    44        2:2        2:2       0.618 (42,4,3,7,1,0,1,4,0)
    45        2:2        3:3   +   0.776 (35,3,3,4,1,1,3,2,0)
    46        2:2        3:3   +   0.445 (25,2,3,1,1,0,4,4,0)
    47        2:2        1:1   +   0.682 (19,4,4,1,1,1,2,3,0)
    48        2:2        2:2       0.606 (32,4,4,4,0,0,2,4,0)
    49        2:2        2:2       0.502 (35,4,4,5,1,1,2,4,0)
    50        2:2        2:2       0.487 (36,4,4,3,1,0,2,4,0)
    51        2:2        3:3   +   0.655 (25,2,4,3,1,1,1,4,1)
    52        2:2        3:3   +   0.598 (26,2,2,4,1,1,3,4,0)
    53        2:2        2:2       0.522 (32,4,4,4,1,1,2,4,0)
    54        2:2        3:3   +   0.478 (40,3,4,2,0,1,3,4,0)
    55        2:2        3:3   +   0.708 (25,3,4,3,1,1,2,3,0)
    56        2:2        2:2       0.607 (39,4,4,3,1,1,1,4,0)
    57        2:2        1:1   +   0.399 (29,4,4,1,1,0,2,4,0)
    58        2:2        3:3   +   0.385 (26,4,4,1,0,1,2,4,0)
    59        2:2        3:3   +   0.525 (44,2,4,4,1,1,3,3,0)
    60        2:2        3:3   +   0.365 (27,3,3,1,0,0,2,4,0)
    61        2:2        3:3   +   0.683 (40,2,3,6,1,1,1,2,0)
    62        2:2        3:3   +   0.441 (17,4,4,1,1,1,2,4,0)
    63        2:2        2:2       0.578 (45,3,3,5,0,1,1,3,0)
    64        2:2        2:2       0.659 (45,3,3,7,1,1,3,4,0)
    65        2:2        2:2       0.671 (36,4,4,4,0,0,1,4,0)
    66        2:2        3:3   +   0.55 (25,4,4,2,0,1,1,3,0)
    67        2:2        3:3   +   0.679 (35,2,4,4,0,1,3,2,0)
    68        3:3        3:3       0.419 (36,2,4,11,1,1,1,4,1)
    69        3:3        3:3       0.593 (26,3,3,2,1,0,2,2,0)
    70        3:3        3:3       0.896 (29,2,3,4,1,1,2,1,0)
    71        3:3        2:2   +   0.603 (37,4,4,6,1,1,1,4,0)
    72        3:3        3:3       0.408 (33,2,2,7,1,0,2,3,0)
    73        3:3        3:3       0.603 (35,4,3,2,0,1,3,4,0)
    74        3:3        3:3       0.792 (25,3,3,1,1,1,2,1,0)
    75        3:3        3:3       0.707 (27,2,2,5,1,1,3,3,0)
    76        3:3        2:2   +   0.607 (45,4,4,3,1,1,1,4,0)
    77        3:3        1:1   +   0.576 (19,4,4,1,1,1,2,4,0)
    78        3:3        2:2   +   0.649 (33,3,4,8,1,1,3,4,0)
    79        3:3        3:3       0.73 (29,3,3,2,1,1,3,2,0)
    80        3:3        3:3       0.42 (46,3,4,9,1,1,3,4,0)
    81        3:3        3:3       0.739 (23,3,3,1,1,1,2,2,0)
    82        3:3        3:3       0.707 (22,2,4,2,1,1,3,2,0)
    83        3:3        2:2   +   0.429 (40,3,4,3,1,0,1,4,0)
    84        3:3        3:3       0.469 (32,3,4,5,0,1,3,4,0)
    85        3:3        3:3       0.74 (29,3,3,4,1,1,3,4,0)
    86        3:3        3:3       0.71 (26,2,4,3,1,1,3,4,0)
    87        3:3        1:1   +   0.778 (39,1,2,2,1,0,2,4,0)
    88        3:3        2:2   +   0.575 (35,4,4,3,1,1,1,4,0)
    89        3:3        3:3       0.602 (25,4,4,3,1,1,1,4,0)
    90        3:3        3:3       0.757 (30,2,2,6,1,0,2,3,0)
    91        3:3        3:3       0.481 (26,3,4,2,1,1,1,3,0)
    92        3:3        2:2   +   0.507 (31,4,4,5,1,0,1,4,0)
    93        3:3        2:2   +   0.522 (35,4,4,2,1,0,1,4,0)
    94        3:3        3:3       0.789 (26,3,3,3,1,1,3,3,0)
    95        3:3        2:2   +   0.471 (33,4,4,5,1,1,1,4,0)
    96        3:3        3:3       0.618 (30,3,4,3,1,1,3,4,0)
    97        3:3        3:3       0.676 (23,4,3,1,1,1,2,2,0)
    98        3:3        3:3       0.583 (35,2,3,6,1,0,3,3,0)
    99        3:3        1:1   +   0.575 (23,3,2,2,1,0,3,2,0)
   100        3:3        3:3       0.562 (27,3,4,4,1,1,3,4,0)
   101        3:3        3:3       0.507 (27,3,4,2,1,1,1,3,0)
   102        3:3        2:2   +   0.492 (34,4,4,2,0,0,2,4,0)
   103        3:3        3:3       0.567 (38,4,4,2,1,1,3,4,0)
   104        3:3        3:3       0.544 (23,3,4,1,1,1,2,3,0)
   105        3:3        2:2   +   0.507 (32,4,4,3,1,0,1,4,0)
   106        3:3        3:3       0.448 (41,4,4,1,1,1,3,3,0)
   107        3:3        3:3       0.52 (24,1,2,3,1,1,3,2,0)
   108        3:3        2:2   +   0.488 (36,2,3,7,1,1,3,3,0)
   109        3:3        2:2   +   0.62 (38,3,4,7,1,1,3,2,0)
   110        3:3        1:1   +   0.859 (17,2,2,0,1,0,3,2,0)
   111        3:3        1:1   +   0.557 (48,3,4,3,1,1,2,3,0)
   112        3:3        3:3       0.61 (28,3,3,2,0,1,2,3,0)
   113        3:3        2:2   +   0.54 (29,4,4,3,1,0,1,4,0)
   114        3:3        2:2   +   0.581 (36,1,1,5,1,1,3,3,0)
   115        3:3        2:2   +   0.667 (41,3,3,7,0,1,2,4,0)
   116        3:3        2:2   +   0.693 (43,3,3,8,1,1,1,3,0)
   117        3:3        3:3       0.617 (21,1,3,1,1,1,3,3,1)
   118        3:3        3:3       0.612 (25,4,4,1,0,1,3,3,0)
     1        1:1        2:2   +   0.52 (26,4,4,2,1,1,1,3,0)
     2        1:1        3:3   +   0.59 (25,4,4,2,1,1,3,2,0)
     3        1:1        1:1       0.802 (49,1,2,5,1,0,2,2,1)
     4        1:1        3:3   +   0.44 (28,1,4,2,1,0,2,3,0)
     5        1:1        3:3   +   0.466 (27,4,4,3,1,1,1,4,0)
     6        1:1        1:1       0.475 (43,3,4,10,1,1,3,3,0)
     7        1:1        1:1       0.684 (25,3,3,0,1,1,3,4,0)
     8        1:1        1:1       0.866 (42,4,4,0,0,0,3,4,0)
     9        1:1        1:1       0.835 (32,3,4,0,1,1,3,4,0)
    10        1:1        3:3   +   0.417 (21,4,4,1,1,1,3,3,0)
    11        1:1        1:1       0.42 (45,3,4,3,0,1,3,4,0)
    12        1:1        1:1       0.776 (36,2,2,0,0,0,3,3,0)
    13        1:1        3:3   +   0.456 (28,4,4,2,1,1,1,3,0)
    14        1:1        3:3   +   0.401 (44,1,2,2,1,1,2,4,0)
    15        1:1        1:1       0.646 (22,2,2,1,1,1,3,1,1)
    16        1:1        3:3   +   0.618 (24,2,2,3,1,1,2,4,0)
    17        1:1        2:2   +   0.551 (44,4,4,3,1,0,1,4,1)
    18        1:1        3:3   +   0.507 (29,1,2,7,1,1,2,4,0)
    19        1:1        1:1       0.747 (21,3,3,0,1,1,2,2,0)
    20        1:1        3:3   +   0.803 (28,3,3,5,1,1,3,3,0)
    21        1:1        3:3   +   0.408 (47,2,3,5,1,1,1,1,0)
    22        1:1        2:2   +   0.487 (30,3,4,5,1,1,1,4,0)
    23        1:1        1:1       0.685 (31,4,4,0,0,0,2,4,0)
    24        1:1        3:3   +   0.578 (30,4,4,3,1,0,2,4,0)
    25        1:1        3:3   +   0.653 (25,2,3,2,1,1,3,2,0)
    26        1:1        3:3   +   0.77 (23,3,3,6,1,1,3,3,0)
    27        1:1        3:3   +   0.524 (26,3,4,1,0,1,2,2,0)
    28        1:1        1:1       0.455 (23,4,4,1,1,1,2,3,0)
    29        1:1        3:3   +   0.677 (23,2,2,2,1,1,3,3,0)
    30        1:1        3:3   +   0.494 (23,3,3,1,1,0,2,4,0)
    31        1:1        3:3   +   0.656 (23,3,4,4,1,1,3,1,1)
    32        1:1        1:1       0.711 (30,4,2,0,1,0,3,3,0)
    33        1:1        3:3   +   0.589 (33,2,2,3,0,0,2,4,0)
    34        1:1        3:3   +   0.599 (34,2,3,7,1,0,3,3,0)
    35        2:2        2:2       0.5 (39,4,4,4,1,0,1,4,0)
    36        2:2        1:1   +   0.656 (23,4,4,1,0,1,1,4,0)
    37        2:2        2:2       0.515 (38,3,4,7,0,1,2,3,0)
    38        2:2        3:3   +   0.461 (30,2,3,5,1,1,3,1,1)
    39        2:2        2:2       0.528 (42,2,4,8,1,1,1,4,0)
    40        2:2        2:2       0.502 (31,4,4,3,0,0,4,4,0)
    41        2:2        2:2       0.59 (37,4,4,7,1,1,1,4,0)
    42        2:2        3:3   +   0.617 (26,3,3,2,1,1,1,3,0)
    43        2:2        3:3   +   0.659 (33,3,3,6,1,1,3,4,0)
    44        2:2        2:2       0.544 (36,4,4,3,0,1,1,3,0)
    45        2:2        3:3   +   0.505 (35,4,4,5,1,1,1,4,0)
    46        2:2        2:2       0.605 (41,4,4,4,1,1,1,4,0)
    47        2:2        3:3   +   0.613 (25,2,4,6,1,1,3,4,0)
    48        2:2        2:2       0.576 (44,4,4,6,0,1,1,3,0)
    49        2:2        3:3   +   0.597 (35,2,4,3,0,0,3,4,1)
    50        2:2        2:2       0.407 (42,4,4,8,0,1,1,4,0)
    51        2:2        3:3   +   0.707 (24,2,4,2,1,1,3,3,0)
    52        2:2        2:2       0.462 (34,3,4,2,0,1,2,3,0)
    53        2:2        3:3   +   0.459 (34,1,2,5,1,1,3,4,0)
    54        2:2        2:2       0.613 (38,4,4,6,1,1,3,3,0)
    55        2:2        3:3   +   0.54 (25,3,1,4,1,1,3,1,0)
    56        2:2        2:2       0.593 (41,4,4,7,1,1,2,4,0)
    57        2:2        2:2       0.476 (36,4,4,3,1,0,1,4,0)
    58        2:2        1:1   +   0.436 (47,4,4,8,1,1,1,4,0)
    59        2:2        2:2       0.442 (29,4,4,2,1,1,1,4,0)
    60        2:2        2:2       0.495 (37,4,4,4,1,1,1,4,0)
    61        2:2        3:3   +   0.473 (38,2,3,4,1,1,1,2,0)
    62        2:2        2:2       0.363 (45,3,3,6,0,1,2,4,0)
    63        2:2        2:2       0.466 (24,4,4,2,1,0,1,3,0)
    64        2:2        3:3   +   0.603 (35,3,4,3,1,1,2,2,0)
    65        2:2        3:3   +   0.723 (28,2,3,2,1,1,3,3,0)
    66        2:2        3:3   +   0.434 (39,4,4,4,0,1,1,4,0)
    67        2:2        2:2       0.521 (42,4,4,3,1,0,1,4,0)
    68        3:3        3:3       0.622 (21,2,2,1,1,1,3,2,0)
    69        3:3        3:3       0.626 (38,4,3,9,1,1,3,3,0)
    70        3:3        1:1   +   0.699 (22,3,4,1,0,0,1,4,0)
    71        3:3        1:1   +   0.698 (48,3,4,8,1,0,1,4,0)
    72        3:3        3:3       0.617 (26,2,3,2,1,1,2,3,0)
    73        3:3        3:3       0.473 (32,4,4,3,1,0,1,4,0)
    74        3:3        3:3       0.486 (32,4,4,3,1,1,1,4,0)
    75        3:3        3:3       0.801 (21,3,3,1,1,1,3,3,0)
    76        3:3        3:3       0.817 (33,3,3,3,1,1,3,3,0)
    77        3:3        2:2   +   0.516 (29,4,4,3,1,1,1,4,0)
    78        3:3        3:3       0.58 (28,4,4,2,1,1,1,4,0)
    79        3:3        3:3       0.483 (19,4,4,1,1,1,3,2,0)
    80        3:3        3:3       0.519 (34,4,4,2,1,1,1,4,0)
    81        3:3        3:3       0.754 (21,3,4,1,1,1,3,2,0)
    82        3:3        3:3       0.639 (28,2,4,4,1,1,3,4,0)
    83        3:3        1:1   +   0.539 (25,4,4,1,1,1,1,4,0)
    84        3:3        3:3       0.455 (30,2,2,6,1,1,3,1,0)
    85        3:3        3:3       0.473 (26,4,4,2,1,0,1,4,0)
    86        3:3        2:2   +   0.378 (24,4,4,1,1,1,1,3,0)
    87        3:3        1:1   +   0.547 (24,2,3,2,1,1,2,1,0)
    88        3:3        1:1   +   0.492 (46,2,3,6,0,0,3,4,0)
    89        3:3        2:2   +   0.515 (47,4,4,5,1,1,1,3,0)
    90        3:3        3:3       0.817 (22,3,3,3,1,1,3,3,0)
    91        3:3        3:3       0.463 (25,4,4,2,1,1,3,3,0)
    92        3:3        3:3       0.82 (26,3,3,3,1,1,3,3,0)
    93        3:3        2:2   +   0.439 (37,3,3,11,1,1,1,2,0)
    94        3:3        2:2   +   0.5 (26,4,4,2,1,0,3,3,0)
    95        3:3        3:3       0.784 (25,2,3,4,1,1,3,3,0)
    96        3:3        3:3       0.577 (30,2,2,4,1,1,2,4,0)
    97        3:3        3:3       0.808 (29,3,3,6,1,1,3,3,0)
    98        3:3        3:3       0.754 (30,3,4,4,1,1,3,3,0)
    99        3:3        3:3       0.668 (30,1,3,4,1,1,3,4,0)
   100        3:3        1:1   +   0.483 (19,3,3,1,1,1,2,1,0)
   101        3:3        3:3       0.598 (25,2,4,3,1,1,1,3,0)
   102        3:3        3:3       0.533 (24,4,4,2,1,1,1,4,0)
   103        3:3        2:2   +   0.539 (27,4,4,4,1,1,1,2,1)
   104        3:3        3:3       0.72 (24,4,3,3,1,1,3,3,0)
   105        3:3        3:3       0.584 (33,2,2,2,1,1,3,4,0)
   106        3:3        3:3       0.795 (21,3,4,3,1,1,3,1,0)
   107        3:3        3:3       0.49 (16,2,3,1,1,1,3,1,0)
   108        3:3        3:3       0.547 (35,4,4,4,0,0,1,4,0)
   109        3:3        3:3       0.764 (26,3,4,3,1,1,3,3,0)
   110        3:3        3:3       0.744 (24,3,3,1,1,1,3,2,0)
   111        3:3        2:2   +   0.626 (34,3,3,6,1,1,1,4,0)
   112        3:3        1:1   +   0.512 (37,2,3,5,1,1,4,2,0)
   113        3:3        3:3       0.453 (23,1,2,3,1,1,3,2,1)
   114        3:3        3:3       0.805 (29,3,3,3,1,1,2,1,0)
   115        3:3        2:2   +   0.516 (35,4,4,4,1,1,1,4,0)
   116        3:3        3:3       0.783 (26,3,4,3,1,1,3,2,0)
   117        3:3        3:3       0.435 (31,4,4,3,1,0,1,4,0)
   118        3:3        3:3       0.503 (30,3,4,2,1,1,1,2,0)
     1        1:1        3:3   +   0.501 (25,3,3,1,1,0,2,4,0)
     2        1:1        2:2   +   0.388 (23,4,4,1,1,0,2,4,0)
     3        1:1        3:3   +   0.689 (31,3,4,2,1,1,3,3,0)
     4        1:1        1:1       0.681 (47,2,2,4,1,1,3,1,0)
     5        1:1        3:3   +   0.661 (30,3,3,5,1,0,3,4,0)
     6        1:1        1:1       0.759 (35,2,2,6,1,0,3,1,1)
     7        1:1        3:3   +   0.444 (25,3,4,3,1,1,1,1,0)
     8        1:1        3:3   +   0.776 (28,2,3,1,1,1,3,1,0)
     9        1:1        3:3   +   0.435 (39,3,1,1,1,1,2,3,0)
    10        1:1        3:3   +   0.434 (28,4,4,1,0,1,2,4,0)
    11        1:1        3:3   +   0.708 (22,3,4,2,1,1,2,3,0)
    12        1:1        1:1       0.578 (18,3,4,1,1,1,3,1,0)
    13        1:1        3:3   +   0.492 (37,3,4,4,1,0,2,4,0)
    14        1:1        3:3   +   0.575 (36,4,3,3,1,0,3,2,0)
    15        1:1        1:1       0.677 (31,1,1,6,1,1,3,2,0)
    16        1:1        3:3   +   0.425 (39,2,3,10,1,1,3,4,0)
    17        1:1        1:1       0.825 (25,4,4,0,1,0,3,4,0)
    18        1:1        1:1       0.464 (25,1,4,2,1,0,3,3,1)
    19        1:1        1:1       0.821 (49,4,4,1,1,1,3,4,0)
    20        1:1        1:1       0.767 (46,1,2,8,1,1,3,3,1)
    21        1:1        2:2   +   0.462 (31,4,4,2,1,1,1,2,0)
    22        1:1        2:2   +   0.513 (42,4,4,3,1,0,1,4,0)
    23        1:1        3:3   +   0.667 (37,2,3,4,1,1,2,3,0)
    24        1:1        3:3   +   0.612 (20,3,4,1,1,1,3,2,0)
    25        1:1        1:1       0.943 (45,3,4,0,1,1,1,3,0)
    26        1:1        1:1       0.819 (49,2,3,0,1,1,1,2,0)
    27        1:1        3:3   +   0.637 (22,2,4,1,1,1,3,4,0)
    28        1:1        1:1       0.601 (42,3,3,8,1,1,4,3,0)
    29        1:1        3:3   +   0.788 (21,2,4,3,1,1,3,2,0)
    30        1:1        3:3   +   0.693 (34,2,2,9,1,0,2,3,0)
    31        1:1        1:1       0.598 (39,1,2,2,1,1,3,1,1)
    32        1:1        2:2   +   0.407 (42,2,4,2,1,1,3,4,0)
    33        1:1        3:3   +   0.468 (30,2,3,2,1,0,2,4,0)
    34        2:2        1:1   +   0.457 (33,2,3,5,1,0,2,1,0)
    35        2:2        2:2       0.566 (41,4,4,6,1,1,1,4,0)
    36        2:2        1:1   +   0.503 (28,3,4,3,1,1,1,4,0)
    37        2:2        2:2       0.505 (34,3,4,3,0,1,1,4,0)
    38        2:2        2:2       0.552 (34,4,4,2,0,0,3,2,0)
    39        2:2        2:2       0.393 (33,4,4,2,0,0,1,3,0)
    40        2:2        2:2       0.479 (44,4,4,4,1,1,1,4,0)
    41        2:2        1:1   +   0.366 (45,4,4,4,1,1,1,4,0)
    42        2:2        2:2       0.628 (40,4,4,6,1,1,1,3,0)
    43        2:2        2:2       0.404 (48,4,4,3,0,1,1,4,0)
    44        2:2        2:2       0.388 (43,4,4,6,1,1,1,4,0)
    45        2:2        3:3   +   0.426 (43,1,3,4,1,1,1,4,0)
    46        2:2        2:2       0.552 (41,4,4,8,1,1,1,4,0)
    47        2:2        2:2       0.722 (41,3,4,5,1,1,1,3,0)
    48        2:2        3:3   +   0.491 (26,2,4,2,1,1,1,4,0)
    49        2:2        2:2       0.502 (42,3,3,4,0,1,3,4,0)
    50        2:2        1:1   +   0.632 (45,3,3,8,1,1,2,3,0)
    51        2:2        3:3   +   0.677 (29,4,3,4,1,0,3,2,0)
    52        2:2        2:2       0.591 (42,2,4,5,0,1,2,3,0)
    53        2:2        3:3   +   0.512 (27,3,2,5,1,1,2,4,0)
    54        2:2        2:2       0.391 (47,4,4,4,1,0,1,4,0)
    55        2:2        3:3   +   0.465 (39,4,4,4,1,1,1,4,0)
    56        2:2        2:2       0.458 (26,2,4,2,1,1,1,3,0)
    57        2:2        2:2       0.705 (35,4,4,4,0,1,3,3,0)
    58        2:2        2:2       0.482 (35,4,4,3,0,0,3,4,0)
    59        2:2        3:3   +   0.377 (37,3,4,3,1,1,1,3,0)
    60        2:2        2:2       0.483 (33,4,4,3,1,1,1,4,0)
    61        2:2        1:1   +   0.536 (28,4,4,2,1,1,1,3,0)
    62        2:2        3:3   +   0.766 (34,2,3,2,1,1,3,3,0)
    63        2:2        2:2       0.459 (44,3,3,9,1,1,1,1,0)
    64        2:2        3:3   +   0.708 (32,3,3,6,1,0,3,3,0)
    65        2:2        1:1   +   0.861 (49,4,4,10,1,1,1,4,0)
    66        2:2        2:2       0.503 (44,4,4,3,1,1,1,4,0)
    67        2:2        2:2       0.551 (48,4,4,7,0,1,1,4,0)
    68        3:3        1:1   +   0.382 (24,4,4,1,1,1,1,3,0)
    69        3:3        1:1   +   0.451 (36,2,2,5,1,1,3,4,0)
    70        3:3        1:1   +   0.687 (19,4,4,1,1,1,1,3,0)
    71        3:3        3:3       0.815 (29,2,3,3,1,1,3,3,0)
    72        3:3        3:3       0.411 (41,1,4,5,1,0,2,4,0)
    73        3:3        3:3       0.487 (27,4,4,2,0,0,2,4,0)
    74        3:3        3:3       0.596 (32,3,4,4,1,1,3,2,0)
    75        3:3        1:1   +   0.437 (29,1,4,3,1,1,4,4,1)
    76        3:3        1:1   +   0.47 (35,2,3,6,1,0,3,2,0)
    77        3:3        2:2   +   0.661 (49,4,3,13,1,1,1,4,0)
    78        3:3        3:3       0.447 (32,4,4,3,0,1,1,4,0)
    79        3:3        3:3       0.564 (26,4,4,3,1,1,3,2,0)
    80        3:3        2:2   +   0.527 (44,4,4,8,1,1,2,4,0)
    81        3:3        3:3       0.494 (22,4,4,2,1,1,3,4,0)
    82        3:3        3:3       0.468 (36,3,4,9,1,1,3,4,0)
    83        3:3        3:3       0.814 (30,3,3,3,1,1,3,1,0)
    84        3:3        1:1   +   0.499 (45,1,3,3,1,1,3,2,0)
    85        3:3        1:1   +   0.792 (28,4,4,1,1,1,1,3,0)
    86        3:3        2:2   +   0.479 (35,4,4,6,1,1,1,4,0)
    87        3:3        3:3       0.448 (33,4,4,2,1,0,2,4,0)
    88        3:3        3:3       0.48 (21,4,4,2,1,1,2,3,0)
    89        3:3        2:2   +   0.52 (39,4,4,3,1,0,1,4,0)
    90        3:3        2:2   +   0.476 (34,4,4,2,1,1,3,3,0)
    91        3:3        1:1   +   0.655 (20,3,3,2,1,1,2,2,1)
    92        3:3        3:3       0.443 (27,2,4,1,1,1,1,4,0)
    93        3:3        3:3       0.451 (30,4,4,2,1,1,4,3,0)
    94        3:3        1:1   +   0.558 (48,4,4,16,1,1,1,4,0)
    95        3:3        3:3       0.443 (20,2,2,1,1,1,3,2,0)
    96        3:3        3:3       0.597 (21,3,2,1,1,1,3,1,1)
    97        3:3        2:2   +   0.521 (44,4,4,5,1,1,3,4,0)
    98        3:3        2:2   +   0.806 (47,4,3,4,1,1,1,3,0)
    99        3:3        2:2   +   0.64 (42,4,4,7,1,1,2,4,0)
   100        3:3        3:3       0.667 (17,2,2,1,1,1,3,2,0)
   101        3:3        3:3       0.639 (33,3,4,4,1,1,3,3,0)
   102        3:3        2:2   +   0.513 (47,4,4,5,1,1,3,2,0)
   103        3:3        1:1   +   0.503 (28,3,4,3,1,1,1,4,0)
   104        3:3        3:3       0.492 (36,4,4,4,1,1,1,4,0)
   105        3:3        3:3       0.447 (32,4,4,3,0,1,1,4,0)
   106        3:3        3:3       0.426 (26,4,4,2,1,1,3,3,0)
   107        3:3        3:3       0.435 (21,4,4,1,1,1,2,3,0)
   108        3:3        3:3       0.449 (19,4,4,2,1,1,1,4,0)
   109        3:3        3:3       0.492 (40,4,4,4,1,1,1,4,0)
   110        3:3        3:3       0.637 (25,2,3,5,1,1,2,3,0)
   111        3:3        3:3       0.762 (28,2,3,3,1,1,3,4,0)
   112        3:3        1:1   +   0.531 (36,1,3,6,1,1,3,2,0)
   113        3:3        3:3       0.465 (32,4,4,2,0,0,1,4,0)
   114        3:3        3:3       0.676 (33,3,4,6,1,1,3,2,0)
   115        3:3        3:3       0.591 (28,1,3,5,1,1,3,4,0)
   116        3:3        3:3       0.488 (37,2,4,5,1,1,1,4,0)
   117        3:3        2:2   +   0.483 (33,4,4,3,1,1,1,4,0)
   118        3:3        3:3       0.45 (33,4,4,2,1,1,2,4,0)
     1        1:1        1:1       0.722 (23,3,2,0,1,1,2,2,0)
     2        1:1        1:1       0.898 (26,4,4,0,1,1,3,4,0)
     3        1:1        1:1       0.745 (31,2,2,8,1,1,2,2,1)
     4        1:1        3:3   +   0.484 (36,3,3,2,1,0,2,4,0)
     5        1:1        1:1       0.748 (45,2,2,7,1,1,3,1,1)
     6        1:1        2:2   +   0.654 (48,4,4,4,0,1,1,4,0)
     7        1:1        1:1       0.746 (46,1,2,7,1,1,3,1,1)
     8        1:1        3:3   +   0.737 (25,2,3,1,1,0,2,1,0)
     9        1:1        1:1       0.591 (40,3,3,3,1,1,2,2,1)
    10        1:1        1:1       0.68 (24,2,2,2,1,1,3,1,1)
    11        1:1        3:3   +   0.385 (46,1,4,8,1,1,1,4,1)
    12        1:1        1:1       0.615 (30,1,1,7,1,1,2,3,0)
    13        1:1        1:1       0.451 (21,4,4,1,1,1,3,4,0)
    14        1:1        1:1       0.9 (20,3,4,0,1,1,3,3,0)
    15        1:1        3:3   +   0.666 (32,2,4,5,1,1,2,3,0)
    16        1:1        3:3   +   0.425 (41,1,3,3,1,0,2,4,0)
    17        1:1        3:3   +   0.624 (33,3,3,3,1,1,3,4,0)
    18        1:1        1:1       0.875 (28,3,4,0,1,0,1,3,0)
    19        1:1        2:2   +   0.43 (27,3,4,2,1,1,1,3,0)
    20        1:1        3:3   +   0.373 (32,3,4,1,0,1,2,4,0)
    21        1:1        3:3   +   0.641 (20,2,3,1,1,1,3,4,0)
    22        1:1        3:3   +   0.483 (20,3,4,2,1,1,3,3,0)
    23        1:1        3:3   +   0.426 (38,3,3,5,1,1,1,4,0)
    24        1:1        1:1       0.694 (28,3,4,1,0,1,2,2,0)
    25        1:1        1:1       0.691 (35,2,3,8,1,1,3,3,1)
    26        1:1        3:3   +   0.672 (24,3,4,2,1,1,2,4,0)
    27        1:1        3:3   +   0.659 (31,4,4,3,1,0,2,3,0)
    28        1:1        3:3   +   0.39 (25,4,4,1,1,1,3,4,0)
    29        1:1        3:3   +   0.721 (24,2,4,2,1,1,3,4,0)
    30        1:1        3:3   +   0.746 (24,2,3,2,1,1,3,1,0)
    31        1:1        1:1       0.489 (45,2,4,8,1,1,2,3,0)
    32        1:1        1:1       0.731 (33,1,1,5,1,1,3,1,1)
    33        1:1        3:3   +   0.641 (20,2,3,3,1,1,3,4,0)
    34        2:2        2:2       0.621 (44,4,4,5,1,0,1,4,0)
    35        2:2        3:3   +   0.464 (31,4,4,4,1,1,3,3,0)
    36        2:2        3:3   +   0.747 (32,3,3,4,1,0,3,3,0)
    37        2:2        3:3   +   0.473 (21,3,4,3,1,1,1,4,0)
    38        2:2        3:3   +   0.439 (43,2,4,13,1,1,2,3,0)
    39        2:2        3:3   +   0.619 (28,4,4,2,0,1,1,4,0)
    40        2:2        3:3   +   0.401 (30,4,4,1,0,1,2,4,0)
    41        2:2        3:3   +   0.379 (22,4,4,1,1,1,1,3,0)
    42        2:2        3:3   +   0.476 (36,3,3,5,1,0,1,3,0)
    43        2:2        2:2       0.525 (41,3,3,5,1,1,1,4,0)
    44        2:2        3:3   +   0.684 (29,4,4,2,1,1,3,4,0)
    45        2:2        3:3   +   0.759 (30,3,3,2,1,1,2,3,0)
    46        2:2        2:2       0.507 (40,4,4,5,1,1,1,3,0)
    47        2:2        2:2       0.492 (34,4,4,4,1,0,3,3,0)
    48        2:2        3:3   +   0.726 (27,4,4,3,1,1,1,3,0)
    49        2:2        3:3   +   0.452 (38,4,4,5,1,1,1,3,0)
    50        2:2        3:3   +   0.606 (41,4,4,3,1,0,2,3,0)
    51        2:2        3:3   +   0.356 (30,4,1,4,1,1,3,3,0)
    52        2:2        2:2       0.608 (41,4,4,5,0,1,2,4,0)
    53        2:2        3:3   +   0.571 (37,4,4,2,1,0,3,3,0)
    54        2:2        3:3   +   0.588 (31,4,4,3,1,1,1,4,0)
    55        2:2        3:3   +   0.448 (34,4,4,3,1,1,1,4,0)
    56        2:2        1:1   +   0.634 (45,2,2,9,1,1,3,3,0)
    57        2:2        3:3   +   0.544 (34,4,4,2,1,1,1,4,0)
    58        2:2        3:3   +   0.589 (32,3,4,5,1,1,1,2,0)
    59        2:2        3:3   +   0.474 (24,4,4,1,1,1,1,4,0)
    60        2:2        3:3   +   0.543 (30,4,4,2,0,0,1,4,0)
    61        2:2        1:1   +   0.434 (42,3,3,4,1,1,2,4,0)
    62        2:2        3:3   +   0.438 (33,4,3,5,1,1,2,4,0)
    63        2:2        3:3   +   0.488 (32,4,4,2,0,0,1,4,0)
    64        2:2        2:2       0.563 (37,4,4,4,0,0,2,4,0)
    65        2:2        2:2       0.546 (39,4,4,3,1,1,1,4,0)
    66        2:2        2:2       0.619 (35,4,4,5,0,0,1,4,0)
    67        2:2        3:3   +   0.549 (24,4,4,1,1,1,3,2,0)
    68        3:3        1:1   +   0.709 (41,1,2,6,1,1,3,3,0)
    69        3:3        1:1   +   0.688 (20,3,4,1,0,1,2,4,0)
    70        3:3        3:3       0.554 (33,4,4,4,1,1,2,3,0)
    71        3:3        2:2   +   0.653 (40,3,4,6,1,1,1,3,0)
    72        3:3        1:1   +   0.48 (35,1,2,5,1,1,3,3,0)
    73        3:3        3:3       0.677 (35,2,3,6,1,1,2,3,0)
    74        3:3        1:1   +   0.534 (22,4,4,1,0,1,3,1,0)
    75        3:3        3:3       0.436 (21,4,4,2,1,1,3,3,0)
    76        3:3        1:1   +   0.564 (25,1,2,2,1,1,2,1,0)
    77        3:3        3:3       0.588 (31,4,4,3,1,1,1,4,0)
    78        3:3        3:3       0.55 (35,4,4,2,1,1,2,4,0)
    79        3:3        1:1   +   0.727 (36,1,2,4,1,1,3,1,1)
    80        3:3        2:2   +   0.486 (34,4,4,6,1,1,2,2,0)
    81        3:3        3:3       0.714 (23,2,3,2,1,0,3,2,0)
    82        3:3        3:3       0.62 (27,2,4,4,1,1,2,1,0)
    83        3:3        3:3       0.458 (22,4,3,1,1,1,2,2,0)
    84        3:3        3:3       0.746 (31,2,3,7,1,1,3,3,0)
    85        3:3        3:3       0.525 (34,2,2,4,0,1,3,2,0)
    86        3:3        2:2   +   0.391 (40,2,2,4,0,0,2,4,0)
    87        3:3        3:3       0.712 (30,3,3,4,1,0,2,2,0)
    88        3:3        2:2   +   0.605 (43,4,4,5,0,1,1,4,0)
    89        3:3        2:2   +   0.399 (25,4,4,1,0,1,1,4,0)
    90        3:3        3:3       0.533 (22,3,4,2,1,1,2,4,0)
    91        3:3        3:3       0.703 (24,2,2,2,1,1,3,4,0)
    92        3:3        1:1   +   0.766 (31,1,1,3,1,1,4,2,1)
    93        3:3        3:3       0.442 (37,3,4,5,1,0,2,4,0)
    94        3:3        3:3       0.53 (22,3,4,2,0,1,3,4,0)
    95        3:3        3:3       0.789 (21,3,3,2,1,1,2,3,0)
    96        3:3        2:2   +   0.498 (41,4,3,5,1,0,3,4,0)
    97        3:3        2:2   +   0.527 (44,3,4,5,1,0,1,4,0)
    98        3:3        3:3       0.814 (29,2,3,4,1,1,3,2,0)
    99        3:3        3:3       0.701 (22,3,4,3,1,1,2,3,0)
   100        3:3        3:3       0.572 (25,4,4,2,1,1,2,3,0)
   101        3:3        3:3       0.693 (32,3,2,5,1,1,3,3,0)
   102        3:3        3:3       0.452 (36,4,4,4,1,1,1,3,0)
   103        3:3        3:3       0.641 (25,2,2,1,1,1,3,1,0)
   104        3:3        1:1   +   0.722 (35,2,2,6,1,0,2,2,1)
   105        3:3        3:3       0.555 (22,2,2,2,1,1,2,3,0)
   106        3:3        1:1   +   0.43 (28,4,4,1,1,1,3,2,0)
   107        3:3        3:3       0.369 (19,4,4,1,1,1,2,3,0)
   108        3:3        3:3       0.704 (33,2,3,7,1,0,3,1,0)
   109        3:3        3:3       0.715 (23,3,2,1,1,1,3,3,0)
   110        3:3        1:1   +   0.717 (32,2,2,8,1,1,2,1,0)
   111        3:3        3:3       0.408 (40,3,4,5,1,1,1,2,0)
   112        3:3        3:3       0.586 (25,3,4,3,1,1,2,4,0)
   113        3:3        3:3       0.472 (32,3,4,5,0,1,1,4,0)
   114        3:3        3:3       0.533 (31,4,4,2,0,1,1,4,0)
   115        3:3        3:3       0.445 (35,3,4,5,1,1,1,4,0)
   116        3:3        3:3       0.43 (27,4,4,1,1,1,1,4,0)
   117        3:3        1:1   +   0.731 (36,2,2,7,1,0,2,2,1)
   118        3:3        2:2   +   0.479 (39,4,3,4,1,1,3,4,0)
     1        1:1        2:2   +   0.686 (39,3,4,6,1,1,1,4,0)
     2        1:1        3:3   +   0.549 (32,1,2,4,1,1,3,2,1)
     3        1:1        1:1       0.653 (46,3,1,5,1,1,3,2,0)
     4        1:1        1:1       0.852 (34,4,3,0,0,0,3,3,0)
     5        1:1        1:1       0.626 (40,2,2,8,1,1,2,2,0)
     6        1:1        2:2   +   0.628 (42,4,4,3,1,1,1,4,0)
     7        1:1        1:1       0.78 (49,1,3,6,1,1,2,4,0)
     8        1:1        1:1       0.854 (48,1,1,8,1,0,2,2,1)
     9        1:1        1:1       0.558 (37,2,3,5,0,0,2,4,0)
    10        1:1        1:1       0.915 (27,3,4,0,1,1,3,3,0)
    11        1:1        1:1       0.672 (40,1,2,6,1,1,3,1,1)
    12        1:1        3:3   +   0.654 (29,3,4,4,1,1,1,4,0)
    13        1:1        1:1       0.858 (28,1,4,0,1,0,4,1,0)
    14        1:1        1:1       0.568 (45,1,3,7,1,0,1,3,0)
    15        1:1        1:1       0.817 (25,4,4,0,1,0,2,4,0)
    16        1:1        3:3   +   0.682 (45,2,3,6,1,1,3,2,1)
    17        1:1        3:3   +   0.372 (44,1,4,9,1,1,1,2,0)
    18        1:1        1:1       0.901 (28,3,4,0,1,0,3,4,0)
    19        1:1        3:3   +   0.474 (28,4,4,3,0,1,1,4,0)
    20        1:1        3:3   +   0.449 (27,2,2,1,1,0,3,2,1)
    21        1:1        3:3   +   0.594 (25,4,4,3,1,1,1,2,0)
    22        1:1        2:2   +   0.595 (41,3,4,3,0,1,2,4,0)
    23        1:1        3:3   +   0.601 (43,3,4,2,0,1,3,4,0)
    24        1:1        1:1       0.899 (33,4,4,0,1,0,3,3,0)
    25        1:1        2:2   +   0.645 (33,4,4,3,0,0,1,3,0)
    26        1:1        1:1       0.897 (48,1,1,1,1,0,3,3,1)
    27        1:1        2:2   +   0.621 (42,4,4,1,1,0,1,4,0)
    28        1:1        1:1       0.57 (47,1,4,6,1,1,1,4,0)
    29        1:1        2:2   +   0.605 (45,4,4,1,1,1,1,4,0)
    30        1:1        1:1       0.811 (23,4,4,0,1,0,1,4,0)
    31        1:1        2:2   +   0.465 (38,2,4,3,1,1,1,3,0)
    32        1:1        2:2   +   0.453 (39,4,4,2,1,0,1,4,0)
    33        1:1        3:3   +   0.457 (23,3,3,2,1,1,2,2,0)
    34        2:2        1:1   +   0.552 (30,2,4,1,1,0,3,4,0)
    35        2:2        3:3   +   0.686 (22,4,4,1,1,1,1,2,0)
    36        2:2        3:3   +   0.642 (27,4,4,3,1,1,1,4,0)
    37        2:2        2:2       0.642 (36,4,4,4,0,1,1,4,0)
    38        2:2        2:2       0.482 (42,4,4,4,0,0,2,4,0)
    39        2:2        1:1   +   0.554 (44,1,4,2,1,1,1,3,0)
    40        2:2        3:3   +   0.764 (29,3,4,2,1,1,1,4,0)
    41        2:2        3:3   +   0.392 (23,4,4,1,1,0,3,4,0)
    42        2:2        2:2       0.455 (41,4,4,4,0,0,2,4,0)
    43        2:2        2:2       0.408 (35,3,4,5,1,0,1,3,1)
    44        2:2        3:3   +   0.496 (38,4,4,4,0,0,1,2,0)
    45        2:2        2:2       0.473 (37,4,4,3,0,1,3,4,0)
    46        2:2        3:3   +   0.529 (30,2,4,3,1,1,3,4,0)
    47        2:2        1:1   +   0.679 (25,3,1,2,1,0,3,4,0)
    48        2:2        3:3   +   0.702 (36,3,2,6,1,1,3,2,0)
    49        2:2        2:2       0.451 (36,4,4,3,1,1,1,4,0)
    50        2:2        2:2       0.586 (35,4,4,5,1,0,1,3,0)
    51        2:2        3:3   +   0.764 (22,3,4,1,1,1,4,4,0)
    52        2:2        3:3   +   0.436 (34,3,3,6,1,1,3,4,0)
    53        2:2        3:3   +   0.633 (29,3,4,3,1,1,1,3,0)
    54        2:2        2:2       0.437 (29,4,4,2,1,0,1,3,0)
    55        2:2        1:1   +   0.556 (43,3,4,5,1,1,3,2,1)
    56        2:2        1:1   +   0.902 (47,1,1,10,1,1,3,3,0)
    57        2:2        3:3   +   0.706 (29,4,4,3,1,1,1,4,0)
    58        2:2        2:2       0.502 (35,4,4,4,1,1,1,4,0)
    59        2:2        3:3   +   0.516 (38,4,4,2,1,1,1,4,0)
    60        2:2        3:3   +   0.633 (29,3,4,3,1,1,1,3,0)
    61        2:2        3:3   +   0.507 (32,4,4,2,1,0,3,4,0)
    62        2:2        3:3   +   0.746 (29,4,4,3,1,1,3,2,0)
    63        2:2        2:2       0.449 (46,4,3,5,1,1,1,4,0)
    64        2:2        2:2       0.531 (30,3,4,7,1,1,2,4,0)
    65        2:2        3:3   +   0.541 (23,4,3,3,1,1,3,3,0)
    66        2:2        3:3   +   0.508 (26,4,4,1,1,0,2,3,0)
    67        2:2        3:3   +   0.686 (32,4,4,2,1,1,1,4,0)
    68        3:3        1:1   +   0.45 (24,4,4,2,1,0,3,3,0)
    69        3:3        3:3       0.535 (34,3,4,3,0,0,3,4,0)
    70        3:3        3:3       0.785 (30,3,2,3,1,1,3,3,0)
    71        3:3        3:3       0.508 (39,4,4,2,0,1,3,4,0)
    72        3:3        3:3       0.436 (47,1,3,9,1,0,3,3,0)
    73        3:3        1:1   +   0.533 (35,1,2,6,1,1,2,2,1)
    74        3:3        3:3       0.487 (25,4,4,3,1,1,3,3,0)
    75        3:3        1:1   +   0.525 (25,2,3,2,1,1,2,4,0)
    76        3:3        3:3       0.49 (36,4,4,3,1,1,2,4,0)
    77        3:3        3:3       0.459 (37,3,4,3,0,1,3,4,0)
    78        3:3        3:3       0.702 (32,2,3,5,1,0,2,3,0)
    79        3:3        3:3       0.416 (24,3,4,4,1,1,2,3,0)
    80        3:3        1:1   +   0.437 (28,2,3,3,1,1,2,4,0)
    81        3:3        3:3       0.705 (21,3,3,1,1,1,3,2,0)
    82        3:3        3:3       0.654 (27,3,3,3,1,1,2,2,0)
    83        3:3        2:2   +   0.61 (37,3,4,4,0,1,2,4,0)
    84        3:3        2:2   +   0.584 (39,4,4,2,0,1,1,3,0)
    85        3:3        3:3       0.686 (27,3,4,2,1,1,3,2,0)
    86        3:3        3:3       0.643 (25,3,4,3,1,0,3,4,0)
    87        3:3        1:1   +   0.606 (35,1,2,5,1,1,2,2,1)
    88        3:3        2:2   +   0.559 (39,4,4,3,1,1,2,4,0)
    89        3:3        3:3       0.49 (21,2,1,3,1,0,3,1,1)
    90        3:3        1:1   +   0.625 (28,2,4,7,1,1,3,3,0)
    91        3:3        3:3       0.435 (31,3,4,5,1,1,1,4,0)
    92        3:3        3:3       0.47 (26,3,2,5,1,1,2,2,0)
    93        3:3        1:1   +   0.459 (28,3,3,3,1,0,2,4,0)
    94        3:3        3:3       0.539 (32,3,3,4,1,1,2,1,0)
    95        3:3        3:3       0.433 (37,4,4,4,1,1,3,2,0)
    96        3:3        2:2   +   0.68 (34,3,4,4,1,1,1,3,0)
    97        3:3        1:1   +   0.519 (20,3,3,2,1,1,2,4,0)
    98        3:3        1:1   +   0.653 (23,4,4,1,1,1,3,3,0)
    99        3:3        1:1   +   0.554 (41,1,4,9,1,1,2,1,0)
   100        3:3        2:2   +   0.436 (24,4,4,1,1,0,1,4,0)
   101        3:3        3:3       0.559 (22,4,4,1,1,1,2,3,0)
   102        3:3        3:3       0.772 (35,2,3,5,1,1,3,3,0)
   103        3:3        3:3       0.443 (31,4,4,1,1,1,1,4,0)
   104        3:3        3:3       0.776 (29,3,3,1,1,1,3,3,0)
   105        3:3        3:3       0.451 (31,3,4,4,1,0,3,3,0)
   106        3:3        2:2   +   0.626 (38,4,4,6,1,1,2,4,0)
   107        3:3        3:3       0.727 (30,2,2,4,1,1,2,1,0)
   108        3:3        2:2   +   0.569 (46,4,4,4,0,1,1,4,0)
   109        3:3        3:3       0.664 (25,3,3,2,1,1,2,3,0)
   110        3:3        2:2   +   0.524 (38,4,4,5,1,1,2,3,0)
   111        3:3        3:3       0.646 (23,2,3,2,1,1,3,1,0)
   112        3:3        3:3       0.517 (28,3,4,2,1,1,2,3,0)
   113        3:3        3:3       0.486 (33,4,4,2,1,0,1,4,0)
   114        3:3        2:2   +   0.581 (44,4,4,5,1,0,1,4,0)
   115        3:3        2:2   +   0.458 (34,2,4,7,1,1,2,3,0)
   116        3:3        3:3       0.385 (23,4,4,3,1,1,3,3,0)
   117        3:3        1:1   +   0.843 (46,1,2,9,1,0,3,4,1)
   118        3:3        3:3       0.507 (32,4,4,2,1,0,3,4,0)
     1        1:1        3:3   +   0.673 (24,3,4,2,1,1,2,2,0)
     2        1:1        3:3   +   0.524 (35,4,4,1,1,1,1,3,0)
     3        1:1        3:3   +   0.441 (37,4,4,2,1,1,1,4,0)
     4        1:1        1:1       0.726 (42,1,3,12,1,1,2,4,0)
     5        1:1        3:3   +   0.531 (20,2,3,3,1,1,3,4,0)
     6        1:1        3:3   +   0.474 (33,4,4,1,0,0,3,4,0)
     7        1:1        2:2   +   0.506 (30,3,4,4,0,1,2,3,0)
     8        1:1        1:1       0.731 (48,1,1,6,1,1,2,3,1)
     9        1:1        3:3   +   0.779 (24,3,3,2,1,0,3,2,0)
    10        1:1        1:1       0.416 (47,1,4,7,1,1,2,3,0)
    11        1:1        3:3   +   0.465 (29,3,4,4,1,0,1,3,0)
    12        1:1        3:3   +   0.653 (25,3,2,1,1,0,3,3,0)
    13        1:1        1:1       0.62 (32,1,3,4,1,1,2,2,1)
    14        1:1        3:3   +   0.412 (26,4,4,1,1,1,1,4,0)
    15        1:1        1:1       0.923 (22,3,4,0,1,0,3,4,0)
    16        1:1        2:2   +   0.482 (38,3,3,4,0,0,3,2,1)
    17        1:1        3:3   +   0.491 (36,3,3,3,0,0,2,3,1)
    18        1:1        2:2   +   0.643 (34,2,4,6,1,0,3,4,0)
    19        1:1        3:3   +   0.493 (30,4,4,4,1,1,2,4,0)
    20        1:1        3:3   +   0.442 (30,4,4,1,1,0,1,4,0)
    21        1:1        3:3   +   0.65 (37,2,3,2,0,0,3,3,0)
    22        1:1        3:3   +   0.688 (37,3,3,6,1,1,2,2,0)
    23        1:1        1:1       0.607 (18,3,4,1,1,1,3,3,0)
    24        1:1        1:1       0.723 (19,2,2,0,1,1,2,2,0)
    25        1:1        1:1       0.776 (29,4,4,0,1,0,2,4,0)
    26        1:1        3:3   +   0.567 (36,1,4,2,1,1,2,2,0)
    27        1:1        1:1       0.897 (28,2,4,0,1,1,3,1,0)
    28        1:1        3:3   +   0.449 (27,4,4,1,0,1,3,4,0)
    29        1:1        2:2   +   0.491 (35,4,4,2,0,1,3,4,0)
    30        1:1        3:3   +   0.446 (29,3,4,1,0,1,2,3,0)
    31        1:1        2:2   +   0.543 (34,3,4,4,0,1,3,1,1)
    32        1:1        3:3   +   0.396 (42,4,4,1,1,1,2,4,0)
    33        1:1        1:1       0.406 (47,3,4,3,1,1,2,3,0)
    34        2:2        3:3   +   0.531 (25,4,4,1,1,1,1,4,0)
    35        2:2        2:2       0.377 (28,4,4,2,1,0,1,3,0)
    36        2:2        3:3   +   0.537 (33,3,4,5,0,1,3,3,0)
    37        2:2        3:3   +   0.415 (39,3,4,5,1,1,3,4,0)
    38        2:2        2:2       0.476 (27,4,4,2,1,1,1,3,0)
    39        2:2        1:1   +   0.704 (34,2,2,8,1,1,2,2,0)
    40        2:2        3:3   +   0.506 (24,4,4,1,1,1,3,4,0)
    41        2:2        3:3   +   0.662 (37,4,4,4,1,1,1,4,0)
    42        2:2        2:2       0.46 (41,4,4,4,0,1,1,4,0)
    43        2:2        2:2       0.484 (39,4,4,5,1,1,1,4,0)
    44        2:2        3:3   +   0.596 (28,4,4,4,1,1,1,3,0)
    45        2:2        3:3   +   0.524 (40,4,4,4,1,1,1,3,0)
    46        2:2        1:1   +   0.481 (28,3,4,2,0,1,2,3,0)
    47        2:2        3:3   +   0.627 (46,4,4,4,1,1,1,4,0)
    48        2:2        2:2       0.625 (41,4,4,4,0,0,2,4,0)
    49        2:2        3:3   +   0.461 (32,3,3,2,1,0,3,4,0)
    50        2:2        3:3   +   0.569 (26,3,4,3,1,1,2,3,0)
    51        2:2        2:2       0.486 (26,4,4,2,1,0,1,4,0)
    52        2:2        3:3   +   0.562 (36,4,4,2,1,1,2,4,0)
    53        2:2        2:2       0.562 (42,4,4,5,1,1,1,4,0)
    54        2:2        3:3   +   0.5 (37,2,3,7,1,1,3,4,0)
    55        2:2        3:3   +   0.45 (20,3,4,1,1,1,3,2,0)
    56        2:2        2:2       0.426 (44,2,3,1,0,1,2,4,0)
    57        2:2        2:2       0.625 (41,4,4,4,0,0,2,4,0)
    58        2:2        2:2       0.523 (36,4,4,3,1,1,1,4,0)
    59        2:2        3:3   +   0.591 (24,3,4,5,1,1,1,2,1)
    60        2:2        2:2       0.407 (27,4,4,1,0,0,1,4,0)
    61        2:2        2:2       0.439 (37,4,3,8,1,1,1,4,0)
    62        2:2        3:3   +   0.528 (44,4,4,4,1,1,1,4,0)
    63        2:2        3:3   +   0.627 (46,4,4,4,1,1,1,4,0)
    64        2:2        3:3   +   0.549 (35,4,4,2,1,0,1,4,0)
    65        2:2        3:3   +   0.442 (31,3,4,4,1,1,1,3,0)
    66        2:2        3:3   +   0.629 (35,4,4,3,1,1,2,3,0)
    67        3:3        3:3       0.688 (25,2,3,1,1,1,3,1,0)
    68        3:3        3:3       0.46 (24,1,2,3,1,1,3,2,0)
    69        3:3        3:3       0.758 (22,3,3,1,1,1,3,2,0)
    70        3:3        3:3       0.71 (25,2,3,2,1,1,3,1,0)
    71        3:3        1:1   +   0.717 (20,3,4,2,1,1,1,3,0)
    72        3:3        3:3       0.528 (19,2,4,1,1,1,2,3,0)
    73        3:3        3:3       0.526 (37,2,3,6,1,1,3,4,0)
    74        3:3        3:3       0.436 (36,2,3,6,1,1,2,4,0)
    75        3:3        3:3       0.467 (34,2,3,3,0,1,3,2,1)
    76        3:3        3:3       0.627 (46,4,4,4,1,1,1,4,0)
    77        3:3        2:2   +   0.488 (34,4,4,3,1,1,1,4,0)
    78        3:3        3:3       0.607 (28,4,4,3,0,0,3,4,0)
    79        3:3        3:3       0.675 (22,1,3,2,1,1,3,2,0)
    80        3:3        3:3       0.607 (28,1,2,4,1,1,2,3,0)
    81        3:3        3:3       0.584 (30,1,3,2,1,1,3,4,0)
    82        3:3        3:3       0.545 (32,1,4,4,1,1,3,2,0)
    83        3:3        2:2   +   0.559 (38,4,4,2,1,0,1,4,0)
    84        3:3        3:3       0.625 (17,3,4,1,1,1,3,3,0)
    85        3:3        2:2   +   0.447 (27,4,4,2,1,1,1,4,0)
    86        3:3        3:3       0.554 (25,3,4,2,1,1,3,3,0)
    87        3:3        3:3       0.759 (30,3,3,4,1,0,3,2,0)
    88        3:3        2:2   +   0.517 (43,4,4,2,1,1,1,4,0)
    89        3:3        3:3       0.461 (28,4,4,1,0,0,2,4,0)
    90        3:3        3:3       0.59 (28,4,3,2,1,1,3,2,0)
    91        3:3        3:3       0.703 (33,3,3,4,1,0,2,2,0)
    92        3:3        3:3       0.444 (17,3,3,1,1,1,2,4,0)
    93        3:3        3:3       0.503 (30,4,4,2,1,0,2,2,0)
    94        3:3        3:3       0.591 (22,2,4,1,1,1,3,3,0)
    95        3:3        2:2   +   0.526 (34,1,4,4,1,1,3,4,1)
    96        3:3        3:3       0.671 (22,1,3,2,1,1,3,1,0)
    97        3:3        3:3       0.389 (26,3,4,2,1,0,2,4,0)
    98        3:3        3:3       0.522 (22,4,4,1,1,0,2,4,0)
    99        3:3        3:3       0.701 (22,4,4,3,1,1,3,2,0)
   100        3:3        2:2   +   0.412 (27,4,4,1,0,0,1,3,0)
   101        3:3        3:3       0.528 (24,4,4,2,1,1,3,3,0)
   102        3:3        2:2   +   0.586 (35,1,2,4,1,0,4,4,0)
   103        3:3        3:3       0.449 (27,4,4,1,0,1,3,4,0)
   104        3:3        3:3       0.539 (32,2,3,4,1,0,2,2,0)
   105        3:3        3:3       0.613 (27,2,4,3,1,1,4,4,0)
   106        3:3        1:1   +   0.564 (45,2,3,3,0,0,2,4,0)
   107        3:3        3:3       0.663 (26,1,2,3,1,0,3,2,0)
   108        3:3        3:3       0.709 (21,2,2,1,1,1,4,3,0)
   109        3:3        3:3       0.365 (46,3,4,4,1,0,3,4,0)
   110        3:3        3:3       0.718 (22,3,2,2,1,1,2,1,0)
   111        3:3        3:3       0.696 (33,3,3,4,1,0,2,3,0)
   112        3:3        3:3       0.419 (27,3,3,5,1,1,2,4,0)
   113        3:3        2:2   +   0.617 (41,4,4,8,1,1,1,4,0)
   114        3:3        3:3       0.577 (30,2,3,5,1,0,3,4,0)
   115        3:3        3:3       0.632 (40,2,4,3,0,1,3,4,0)
   116        3:3        1:1   +   0.416 (20,4,4,2,1,1,1,3,0)
   117        3:3        2:2   +   0.579 (41,4,4,5,1,1,1,4,0)
   118        3:3        3:3       0.636 (36,4,4,3,0,1,3,4,0)
     1        1:1        1:1       0.342 (42,3,3,5,1,1,2,2,0)
     2        1:1        1:1       0.759 (38,1,2,8,1,1,3,3,1)
     3        1:1        1:1       0.591 (23,2,4,2,1,1,1,4,0)
     4        1:1        3:3   +   0.829 (30,2,3,4,1,0,3,2,0)
     5        1:1        3:3   +   0.529 (27,4,4,1,0,0,2,4,0)
     6        1:1        3:3   +   0.655 (41,2,2,5,0,1,2,2,0)
     7        1:1        3:3   +   0.478 (47,2,2,7,1,1,2,2,0)
     8        1:1        1:1       0.567 (31,3,2,1,1,1,3,4,0)
     9        1:1        1:1       0.694 (16,2,4,1,1,1,3,4,0)
    10        1:1        3:3   +   0.811 (25,2,2,3,1,1,3,3,0)
    11        1:1        1:1       0.803 (47,1,2,2,1,1,2,4,0)
    12        1:1        3:3   +   0.73 (19,2,2,2,1,1,3,1,0)
    13        1:1        3:3   +   0.472 (28,4,4,3,0,0,1,4,0)
    14        1:1        2:2   +   0.363 (45,3,4,2,0,1,1,4,0)
    15        1:1        1:1       0.417 (23,4,4,2,1,0,3,3,0)
    16        1:1        1:1       0.771 (33,1,2,0,1,0,3,3,0)
    17        1:1        3:3   +   0.839 (17,2,3,1,1,1,3,2,0)
    18        1:1        1:1       0.744 (40,2,2,6,1,1,2,2,1)
    19        1:1        1:1       0.711 (42,2,3,2,1,1,1,4,0)
    20        1:1        3:3   +   0.537 (23,3,3,2,1,1,3,3,0)
    21        1:1        1:1       0.771 (48,1,1,8,1,1,1,1,1)
    22        1:1        3:3   +   0.608 (28,4,4,5,1,0,3,4,0)
    23        1:1        1:1       0.419 (39,3,4,1,0,1,3,4,0)
    24        1:1        1:1       0.767 (43,1,2,8,1,1,2,2,1)
    25        1:1        1:1       0.514 (18,2,3,1,1,1,2,3,0)
    26        1:1        3:3   +   0.354 (48,3,4,5,1,1,2,3,0)
    27        1:1        3:3   +   0.536 (43,4,4,5,1,1,1,3,0)
    28        1:1        1:1       0.897 (22,4,4,0,1,1,3,2,0)
    29        1:1        1:1       0.798 (40,1,1,0,1,1,3,2,0)
    30        1:1        2:2   +   0.475 (32,4,4,1,0,1,1,4,0)
    31        1:1        3:3   +   0.678 (36,2,3,6,1,1,2,3,0)
    32        1:1        2:2   +   0.614 (47,4,4,1,0,1,1,4,0)
    33        1:1        3:3   +   0.68 (25,1,3,1,1,1,4,2,0)
    34        2:2        3:3   +   0.648 (33,4,4,5,1,1,2,4,0)
    35        2:2        1:1   +   0.661 (20,3,4,1,1,1,2,4,0)
    36        2:2        3:3   +   0.602 (33,4,4,3,1,1,3,4,0)
    37        2:2        3:3   +   0.442 (22,4,4,1,1,0,2,2,0)
    38        2:2        3:3   +   0.6 (26,4,4,2,0,1,1,4,0)
    39        2:2        3:3   +   0.611 (33,3,4,3,0,1,2,4,0)
    40        2:2        3:3   +   0.545 (26,3,4,3,1,1,3,4,0)
    41        2:2        3:3   +   0.45 (43,4,4,3,0,1,1,4,0)
    42        2:2        2:2       0.634 (34,3,4,4,1,1,3,3,0)
    43        2:2        1:1   +   0.749 (35,1,3,7,1,0,2,3,1)
    44        2:2        2:2       0.612 (38,4,4,3,0,0,2,4,0)
    45        2:2        2:2       0.632 (32,3,4,7,0,1,1,3,0)
    46        2:2        3:3   +   0.613 (27,4,4,2,1,0,1,3,0)
    47        2:2        2:2       0.545 (32,4,4,4,1,1,1,2,0)
    48        2:2        2:2       0.466 (41,3,4,3,0,1,2,4,0)
    49        2:2        2:2       0.522 (42,4,4,4,1,1,3,4,0)
    50        2:2        3:3   +   0.462 (37,4,4,3,1,1,3,4,0)
    51        2:2        3:3   +   0.487 (30,4,4,3,1,1,2,1,0)
    52        2:2        3:3   +   0.568 (26,3,4,3,1,1,1,4,0)
    53        2:2        3:3   +   0.502 (36,3,4,4,0,0,2,4,0)
    54        2:2        1:1   +   0.52 (28,3,3,3,1,1,1,2,0)
    55        2:2        2:2       0.569 (38,4,4,4,0,1,3,4,0)
    56        2:2        1:1   +   0.489 (31,2,2,4,1,1,4,3,1)
    57        2:2        2:2       0.395 (23,3,1,1,1,0,3,3,0)
    58        2:2        2:2       0.473 (35,4,4,5,1,0,1,4,0)
    59        2:2        2:2       0.475 (43,3,3,6,1,0,3,2,0)
    60        2:2        3:3   +   0.57 (33,4,4,3,0,1,2,4,0)
    61        2:2        1:1   +   0.616 (24,1,4,1,1,0,4,2,1)
    62        2:2        3:3   +   0.468 (32,4,4,4,1,1,2,3,0)
    63        2:2        1:1   +   0.581 (42,2,3,7,1,1,3,4,0)
    64        2:2        3:3   +   0.533 (43,4,4,5,0,1,1,4,0)
    65        2:2        3:3   +   0.538 (34,4,4,5,1,1,3,4,0)
    66        2:2        3:3   +   0.485 (34,4,4,3,1,0,3,4,0)
    67        3:3        3:3       0.746 (33,2,3,4,1,1,2,3,0)
    68        3:3        3:3       0.724 (25,3,3,3,1,1,2,1,0)
    69        3:3        1:1   +   0.9 (21,2,2,0,0,1,4,4,0)
    70        3:3        3:3       0.479 (33,2,4,3,1,1,2,4,0)
    71        3:3        2:2   +   0.648 (41,4,4,5,1,1,1,4,0)
    72        3:3        3:3       0.668 (25,2,4,3,1,1,3,3,0)
    73        3:3        2:2   +   0.618 (44,4,4,11,1,1,1,4,0)
    74        3:3        3:3       0.688 (40,2,3,5,1,1,3,3,0)
    75        3:3        3:3       0.564 (34,2,3,2,1,1,2,3,0)
    76        3:3        2:2   +   0.665 (38,4,4,4,1,0,1,4,0)
    77        3:3        3:3       0.732 (25,1,2,3,1,1,2,3,0)
    78        3:3        3:3       0.658 (26,3,2,4,1,1,3,4,0)
    79        3:3        3:3       0.708 (31,1,2,4,1,1,3,3,0)
    80        3:3        2:2   +   0.783 (45,3,4,2,0,1,3,3,0)
    81        3:3        3:3       0.413 (31,3,3,6,0,1,3,1,0)
    82        3:3        3:3       0.731 (29,2,4,3,1,0,3,3,0)
    83        3:3        2:2   +   0.604 (36,2,4,8,1,1,1,4,0)
    84        3:3        3:3       0.542 (34,4,4,2,0,1,1,4,0)
    85        3:3        2:2   +   0.479 (40,4,4,2,0,0,1,4,0)
    86        3:3        2:2   +   0.446 (37,4,4,3,1,1,2,4,0)
    87        3:3        3:3       0.725 (29,3,3,4,1,1,3,4,0)
    88        3:3        3:3       0.614 (25,4,4,2,1,1,1,3,0)
    89        3:3        2:2   +   0.362 (38,4,4,3,0,0,3,3,1)
    90        3:3        3:3       0.751 (21,3,3,1,1,1,3,3,0)
    91        3:3        3:3       0.536 (33,3,4,4,1,0,2,4,0)
    92        3:3        3:3       0.483 (26,3,4,4,1,1,2,3,0)
    93        3:3        3:3       0.55 (22,1,2,2,1,1,3,4,0)
    94        3:3        3:3       0.502 (22,3,4,1,1,0,1,4,0)
    95        3:3        3:3       0.484 (37,2,4,3,1,1,2,3,0)
    96        3:3        1:1   +   0.498 (18,3,3,1,1,1,2,2,0)
    97        3:3        3:3       0.673 (28,4,4,2,0,1,2,4,0)
    98        3:3        3:3       0.743 (37,2,3,9,1,1,3,3,0)
    99        3:3        3:3       0.434 (29,4,4,3,1,1,3,4,0)
   100        3:3        3:3       0.57 (32,4,4,2,1,0,1,3,0)
   101        3:3        3:3       0.794 (24,1,3,4,1,1,3,3,0)
   102        3:3        3:3       0.684 (30,3,3,7,1,1,3,4,0)
   103        3:3        2:2   +   0.598 (42,4,4,5,1,1,1,4,0)
   104        3:3        1:1   +   0.482 (28,2,2,5,1,0,2,4,0)
   105        3:3        3:3       0.583 (25,4,4,2,1,1,1,2,0)
   106        3:3        1:1   +   0.47 (28,2,3,6,1,1,2,4,0)
   107        3:3        3:3       0.8 (23,2,3,3,1,1,2,3,0)
   108        3:3        1:1   +   0.678 (29,3,3,1,0,0,2,4,0)
   109        3:3        3:3       0.521 (37,3,3,6,1,1,3,3,0)
   110        3:3        2:2   +   0.742 (43,3,3,5,1,0,3,3,0)
   111        3:3        3:3       0.442 (31,4,4,4,1,0,3,4,0)
   112        3:3        3:3       0.436 (31,4,4,3,1,1,4,4,0)
   113        3:3        1:1   +   0.448 (23,4,4,2,1,1,3,4,0)
   114        3:3        2:2   +   0.652 (26,3,4,2,1,1,3,3,0)
   115        3:3        1:1   +   0.509 (32,1,2,6,0,1,2,3,0)
   116        3:3        3:3       0.653 (31,3,3,3,1,1,2,1,1)
   117        3:3        1:1   +   0.598 (21,4,4,1,1,1,3,1,0)
     1        1:1        1:1       0.46 (27,2,4,1,1,0,1,1,0)
     2        1:1        1:1       0.411 (25,4,4,1,0,1,2,3,0)
     3        1:1        1:1       0.559 (49,2,3,4,1,1,2,3,0)
     4        1:1        3:3   +   0.783 (36,1,4,1,1,1,3,3,0)
     5        1:1        1:1       0.833 (35,1,2,0,1,0,4,4,0)
     6        1:1        3:3   +   0.712 (31,3,3,2,1,0,3,3,0)
     7        1:1        1:1       0.483 (28,4,4,1,1,0,1,3,0)
     8        1:1        2:2   +   0.639 (37,3,4,7,1,1,3,4,0)
     9        1:1        1:1       0.829 (37,1,3,0,1,1,3,4,0)
    10        1:1        1:1       0.886 (24,3,4,0,1,0,2,3,0)
    11        1:1        1:1       0.477 (40,2,2,8,1,1,1,3,0)
    12        1:1        3:3   +   0.575 (26,4,4,3,1,1,1,4,0)
    13        1:1        1:1       0.7 (47,1,1,4,1,1,2,2,0)
    14        1:1        2:2   +   0.607 (46,4,4,10,1,1,1,3,0)
    15        1:1        1:1       0.7 (48,3,4,8,1,1,3,3,0)
    16        1:1        2:2   +   0.408 (45,4,4,1,1,0,1,4,0)
    17        1:1        3:3   +   0.527 (40,4,4,2,1,1,3,4,0)
    18        1:1        2:2   +   0.477 (35,3,4,6,1,0,2,2,0)
    19        1:1        1:1       0.727 (38,1,2,6,1,1,2,1,1)
    20        1:1        3:3   +   0.64 (32,2,3,4,0,1,2,4,0)
    21        1:1        3:3   +   0.363 (41,3,2,11,1,1,2,3,0)
    22        1:1        3:3   +   0.601 (24,2,2,4,1,1,3,4,0)
    23        1:1        2:2   +   0.398 (24,4,4,1,1,0,1,3,0)
    24        1:1        1:1       0.416 (19,3,3,1,1,1,2,4,0)
    25        1:1        1:1       0.367 (47,3,3,2,1,1,2,4,0)
    26        1:1        3:3   +   0.559 (38,2,4,5,1,1,3,3,0)
    27        1:1        2:2   +   0.522 (35,4,4,5,1,1,1,4,0)
    28        1:1        1:1       0.793 (21,1,3,0,1,0,3,4,1)
    29        1:1        2:2   +   0.417 (45,4,4,1,1,1,1,4,0)
    30        1:1        3:3   +   0.81 (22,3,4,2,1,1,3,3,0)
    31        1:1        2:2   +   0.468 (47,4,4,2,1,1,1,4,0)
    32        1:1        3:3   +   0.482 (27,4,4,2,1,0,1,4,0)
    33        1:1        3:3   +   0.492 (41,2,4,1,1,1,2,3,0)
    34        2:2        2:2       0.517 (47,4,4,6,1,0,1,4,0)
    35        2:2        3:3   +   0.519 (35,1,2,9,1,0,3,1,0)
    36        2:2        3:3   +   0.448 (24,4,4,1,1,1,2,4,0)
    37        2:2        3:3   +   0.401 (35,3,3,6,1,1,2,3,0)
    38        2:2        2:2       0.601 (44,4,4,7,1,1,2,4,0)
    39        2:2        2:2       0.379 (38,4,4,6,1,0,3,3,0)
    40        2:2        3:3   +   0.534 (33,4,4,3,1,1,3,3,0)
    41        2:2        3:3   +   0.398 (25,4,4,1,1,0,1,4,0)
    42        2:2        1:1   +   0.387 (28,3,4,2,0,1,3,3,0)
    43        2:2        3:3   +   0.524 (31,4,4,3,0,1,2,4,0)
    44        2:2        2:2       0.671 (41,4,4,4,1,0,1,4,0)
    45        2:2        3:3   +   0.712 (31,3,3,2,1,0,3,3,0)
    46        2:2        2:2       0.359 (31,4,4,1,1,1,1,4,0)
    47        2:2        3:3   +   0.693 (36,3,3,4,1,1,1,3,0)
    48        2:2        2:2       0.675 (48,4,4,4,0,1,1,4,0)
    49        2:2        2:2       0.654 (40,4,4,6,0,0,1,4,0)
    50        2:2        2:2       0.526 (35,4,4,3,1,1,1,4,0)
    51        2:2        3:3   +   0.532 (29,4,4,3,1,0,3,3,0)
    52        2:2        2:2       0.583 (37,4,4,3,1,1,1,4,0)
    53        2:2        2:2       0.444 (24,4,4,1,1,1,1,4,0)
    54        2:2        2:2       0.645 (42,4,4,3,1,0,1,4,0)
    55        2:2        3:3   +   0.768 (25,3,3,1,1,1,3,1,0)
    56        2:2        2:2       0.481 (45,4,4,3,0,1,2,4,0)
    57        2:2        2:2       0.671 (41,4,4,6,0,1,1,4,0)
    58        2:2        2:2       0.516 (36,4,4,3,0,1,2,4,0)
    59        2:2        2:2       0.415 (27,4,4,1,1,1,1,4,0)
    60        2:2        2:2       0.625 (45,4,4,7,1,1,1,4,0)
    61        2:2        1:1   +   0.567 (47,2,2,7,1,1,2,4,0)
    62        2:2        2:2       0.409 (23,3,3,2,1,0,3,4,0)
    63        2:2        2:2       0.604 (42,4,4,6,1,1,1,3,0)
    64        2:2        2:2       0.502 (46,4,4,2,1,0,1,4,0)
    65        2:2        3:3   +   0.544 (32,4,4,2,0,0,2,4,0)
    66        2:2        3:3   +   0.421 (21,4,4,1,1,1,1,3,0)
    67        3:3        2:2   +   0.595 (37,4,4,3,1,0,1,4,0)
    68        3:3        1:1   +   0.464 (32,2,2,6,1,1,2,3,0)
    69        3:3        3:3       0.688 (30,2,3,7,1,1,3,3,0)
    70        3:3        2:2   +   0.578 (42,4,4,5,0,1,2,4,0)
    71        3:3        3:3       0.497 (25,3,4,3,1,1,3,4,0)
    72        3:3        3:3       0.498 (30,3,4,3,0,1,3,3,0)
    73        3:3        2:2   +   0.593 (33,3,3,8,1,1,3,4,0)
    74        3:3        3:3       0.662 (29,1,2,5,1,0,1,2,0)
    75        3:3        3:3       0.665 (32,2,4,3,1,1,3,4,0)
    76        3:3        2:2   +   0.453 (33,4,4,3,0,0,2,4,0)
    77        3:3        3:3       0.746 (21,2,3,1,1,0,3,2,0)
    78        3:3        3:3       0.693 (38,2,3,3,1,1,2,4,0)
    79        3:3        3:3       0.666 (25,3,3,3,1,1,3,2,0)
    80        3:3        2:2   +   0.516 (36,4,4,3,0,1,2,4,0)
    81        3:3        3:3       0.459 (33,4,4,5,1,1,3,3,0)
    82        3:3        2:2   +   0.591 (32,4,4,4,1,0,1,4,0)
    83        3:3        3:3       0.52 (29,4,4,2,1,1,3,4,0)
    84        3:3        2:2   +   0.623 (37,4,4,1,0,1,1,4,0)
    85        3:3        3:3       0.771 (31,2,2,4,1,1,3,3,0)
    86        3:3        2:2   +   0.579 (43,4,4,5,1,1,1,4,0)
    87        3:3        3:3       0.6 (37,2,4,4,1,0,2,3,0)
    88        3:3        3:3       0.608 (17,3,4,1,1,1,2,1,0)
    89        3:3        1:1   +   0.501 (25,2,3,4,1,0,3,2,0)
    90        3:3        3:3       0.557 (36,4,4,6,0,1,1,2,1)
    91        3:3        2:2   +   0.561 (33,4,4,2,0,0,1,3,0)
    92        3:3        3:3       0.442 (32,2,4,5,1,1,3,4,0)
    93        3:3        3:3       0.785 (30,2,3,3,1,1,3,3,0)
    94        3:3        2:2   +   0.543 (32,4,4,3,1,0,1,4,0)
    95        3:3        3:3       0.626 (46,2,2,5,1,1,2,4,0)
    96        3:3        3:3       0.457 (28,3,4,5,1,1,2,4,0)
    97        3:3        3:3       0.788 (28,3,3,4,1,1,3,3,0)
    98        3:3        2:2   +   0.574 (42,4,4,3,0,1,2,4,0)
    99        3:3        3:3       0.747 (25,3,3,3,1,1,3,3,0)
   100        3:3        3:3       0.401 (22,4,4,1,1,1,2,4,0)
   101        3:3        1:1   +   0.536 (23,2,2,1,1,1,2,4,0)
   102        3:3        1:1   +   0.389 (39,3,3,8,1,0,1,4,0)
   103        3:3        3:3       0.422 (25,4,4,1,1,1,1,4,0)
   104        3:3        3:3       0.364 (39,3,4,2,1,1,1,3,0)
   105        3:3        2:2   +   0.603 (35,4,4,1,0,1,1,4,0)
   106        3:3        3:3       0.706 (32,1,3,4,1,1,3,3,0)
   107        3:3        3:3       0.55 (27,4,4,3,1,1,3,4,1)
   108        3:3        3:3       0.736 (30,4,3,4,1,1,3,3,0)
   109        3:3        2:2   +   0.646 (43,3,3,2,0,0,3,4,0)
   110        3:3        3:3       0.587 (28,4,4,5,1,1,2,4,0)
   111        3:3        3:3       0.678 (38,3,4,3,1,1,3,2,0)
   112        3:3        3:3       0.528 (37,4,4,3,1,1,2,4,0)
   113        3:3        2:2   +   0.444 (24,4,4,1,1,1,1,4,0)
   114        3:3        3:3       0.677 (19,3,3,3,1,1,2,3,0)
   115        3:3        1:1   +   0.451 (28,3,4,2,1,1,3,4,0)
   116        3:3        3:3       0.356 (30,4,4,2,0,0,3,3,0)
   117        3:3        1:1   +   0.475 (20,4,3,1,1,1,3,4,0)

