
IB1 classifier

Time taken to build model: 0.05 seconds
Time taken to test model on training data: 0.28 seconds

=== Error on training data ===

Correctly Classified Instances        1121               95.1613 %
Incorrectly Classified Instances        57                4.8387 %
Kappa statistic                          0.9259
K&B Relative Info Score             109879.1566 %
K&B Information Score                 1707.173  bits      1.4492 bits/instance
Class complexity | order 0            1830.0531 bits      1.5535 bits/instance
Class complexity | scheme            61218      bits     51.9677 bits/instance
Complexity improvement     (Sf)     -59387.9469 bits    -50.4142 bits/instance
Mean absolute error                      0.0323
Root mean squared error                  0.1796
Relative absolute error                  7.4262 %
Root relative squared error             38.5401 %
Total Number of Instances             1178     


=== Detailed Accuracy By Class ===

               TP Rate   FP Rate   Precision   Recall  F-Measure   ROC Area  Class
                 0.958     0.006      0.985     0.958     0.971      ?        1
                 0.961     0.043      0.899     0.961     0.929      ?        2
                 0.941     0.024      0.968     0.941     0.954      ?        3
Weighted Avg.    0.952     0.024      0.953     0.952     0.952      0    


=== Confusion Matrix ===

   a   b   c   <-- classified as
 320   8   6 |   a = 1
   3 320  10 |   b = 2
   2  28 481 |   c = 3


=== Error on test data ===

Correctly Classified Instances         165               55.9322 %
Incorrectly Classified Instances       130               44.0678 %
Kappa statistic                          0     
K&B Relative Info Score              15277.6865 %
K&B Information Score                  237.3667 bits      0.8046 bits/instance
Class complexity | order 0             536.2439 bits      1.8178 bits/instance
Class complexity | scheme           139620      bits    473.2881 bits/instance
Complexity improvement     (Sf)    -139083.7561 bits   -471.4704 bits/instance
Mean absolute error                      0.2938
Root mean squared error                  0.542 
Relative absolute error                 61.5178 %
Root relative squared error            106.2255 %
Total Number of Instances              295     


=== Detailed Accuracy By Class ===

               TP Rate   FP Rate   Precision   Recall  F-Measure   ROC Area  Class
                 0.559     0          1         0.559     0.717      ?        1
                 0         0.224      0         0         0          ?        2
                 0         0.217      0         0         0          ?        3
Weighted Avg.    0.559     0          1         0.559     0.717      0    


=== Confusion Matrix ===

   a   b   c   <-- classified as
 165  66  64 |   a = 1
   0   0   0 |   b = 2
   0   0   0 |   c = 3

