
AdaBoostM1: No boosting possible, one classifier used!
Decision Stump

Classifications

Number_of_children_ever_born = 0 : 1
Number_of_children_ever_born != 0 : 3
Number_of_children_ever_born is missing : 3

Class distributions

Number_of_children_ever_born = 0
1	2	3	
0.9622641509433962	0.0	0.03773584905660377	
Number_of_children_ever_born != 0
1	2	3	
0.25155555555555553	0.296	0.4524444444444444	
Number_of_children_ever_born is missing
1	2	3	
0.2835314091680815	0.2826825127334465	0.43378607809847197	



Time taken to build model: 1.38 seconds
Time taken to test model on training data: 0.11 seconds

=== Error on training data ===

Correctly Classified Instances         560               47.5382 %
Incorrectly Classified Instances       618               52.4618 %
Kappa statistic                          0.0844
K&B Relative Info Score               7961.9538 %
K&B Information Score                  123.7035 bits      0.105  bits/instance
Class complexity | order 0            1830.0531 bits      1.5535 bits/instance
Class complexity | scheme             1743.0031 bits      1.4796 bits/instance
Complexity improvement     (Sf)         87.05   bits      0.0739 bits/instance
Mean absolute error                      0.4124
Root mean squared error                  0.4541
Relative absolute error                 94.9513 %
Root relative squared error             97.4458 %
Total Number of Instances             1178     


=== Detailed Accuracy By Class ===

               TP Rate   FP Rate   Precision   Recall  F-Measure   ROC Area  Class
                 0.153     0.002      0.962     0.153     0.264      0.575    1
                 0         0          0         0         0          0.531    2
                 0.996     0.924      0.452     0.996     0.622      0.536    3
Weighted Avg.    0.475     0.401      0.469     0.475     0.345      0.546


=== Confusion Matrix ===

   a   b   c   <-- classified as
  51   0 283 |   a = 1
   0   0 333 |   b = 2
   2   0 509 |   c = 3


=== Error on test data ===

Correctly Classified Instances          44               14.9153 %
Incorrectly Classified Instances       251               85.0847 %
Kappa statistic                          0     
K&B Relative Info Score               3968.9889 %
K&B Information Score                   61.6655 bits      0.209  bits/instance
Class complexity | order 0             536.2439 bits      1.8178 bits/instance
Class complexity | scheme              502.1956 bits      1.7024 bits/instance
Complexity improvement     (Sf)         34.0483 bits      0.1154 bits/instance
Mean absolute error                      0.4283
Root mean squared error                  0.4919
Relative absolute error                 89.6835 %
Root relative squared error             96.3942 %
Total Number of Instances              295     


=== Detailed Accuracy By Class ===

               TP Rate   FP Rate   Precision   Recall  F-Measure   ROC Area  Class
                 0.149     0          1         0.149     0.26       ?        1
                 0         0          0         0         0          ?        2
                 0         0.851      0         0         0          ?        3
Weighted Avg.    0.149     0          1         0.149     0.26       0    


=== Confusion Matrix ===

   a   b   c   <-- classified as
  44   0 251 |   a = 1
   0   0   0 |   b = 2
   0   0   0 |   c = 3

