
IB1 classifier

Time taken to build model: 0.74 seconds
Time taken to test model on training data: 861.97 seconds

=== Error on training data ===

Correctly Classified Instances       54045              100      %
Incorrectly Classified Instances         0                0      %
Kappa statistic                          1     
K&B Relative Info Score            5404325.1065 %
K&B Information Score                67337.4363 bits      1.246  bits/instance
Class complexity | order 0           67337.4363 bits      1.246  bits/instance
Class complexity | scheme                0      bits      0      bits/instance
Complexity improvement     (Sf)      67337.4363 bits      1.246  bits/instance
Mean absolute error                      0     
Root mean squared error                  0     
Relative absolute error                  0      %
Root relative squared error              0      %
Total Number of Instances            54045     


=== Detailed Accuracy By Class ===

               TP Rate   FP Rate   Precision   Recall  F-Measure   ROC Area  Class
                 1         0          1         1         1          ?        win
                 1         0          1         1         1          ?        loss
                 1         0          1         1         1          ?        draw
Weighted Avg.    1         0          1         1         1          0    


=== Confusion Matrix ===

     a     b     c   <-- classified as
 34748     0     0 |     a = win
     0 13882     0 |     b = loss
     0     0  5415 |     c = draw


=== Error on test data ===

Correctly Classified Instances        9639               71.3366 %
Incorrectly Classified Instances      3873               28.6634 %
Kappa statistic                          0.3372
K&B Relative Info Score             428999.4157 %
K&B Information Score                 5345.2966 bits      0.3956 bits/instance
Class complexity | order 0           15027.6521 bits      1.1122 bits/instance
Class complexity | scheme          4159602      bits    307.845  bits/instance
Complexity improvement     (Sf)    -4144574.3479 bits   -306.7329 bits/instance
Mean absolute error                      0.1911
Root mean squared error                  0.4371
Relative absolute error                 60.0581 %
Root relative squared error            113.6412 %
Total Number of Instances            13512     


=== Detailed Accuracy By Class ===

               TP Rate   FP Rate   Precision   Recall  F-Measure   ROC Area  Class
                 0.834     0.443      0.829     0.834     0.831      0.695    win
                 0.467     0.127      0.485     0.467     0.476      0.67     loss
                 0.233     0.067      0.225     0.233     0.229      0.583    draw
Weighted Avg.    0.713     0.35       0.712     0.713     0.713      0.682


=== Confusion Matrix ===

    a    b    c   <-- classified as
 8113 1059  553 |    a = win
 1189 1285  279 |    b = loss
  490  303  241 |    c = draw

