
Naive Bayes Classifier

                Class
Attribute           A      B      C      D      E      F      G      H      I      J      K      L      M      N      O      P      Q      R      S      T      U      V      W      X      Y      Z
               (0.04) (0.04) (0.04) (0.04) (0.04) (0.04) (0.04) (0.04) (0.04) (0.04) (0.04) (0.04) (0.04) (0.04) (0.04) (0.04) (0.04) (0.04) (0.04) (0.04) (0.04) (0.04) (0.04) (0.04) (0.04) (0.04)
=====================================================================================================================================================================================================
x-box
  0                1.0    2.0    2.0    1.0    4.0    5.0    1.0    1.0   73.0   21.0    1.0    3.0    1.0    1.0    1.0    2.0    1.0    1.0    1.0    2.0    1.0    1.0    1.0    2.0    2.0    1.0
  1               41.0   40.0   29.0   27.0   32.0   37.0   22.0   23.0  194.0   90.0   20.0   58.0   17.0   26.0   30.0   33.0   34.0   27.0   29.0   27.0   14.0   29.0   16.0   21.0   43.0   46.0
  2              148.0   90.0   92.0   86.0   93.0   96.0   90.0   63.0  108.0  173.0   58.0  126.0   43.0   67.0   84.0   93.0   98.0   88.0   72.0  134.0   54.0   78.0   35.0   80.0   97.0  108.0
  3              200.0  126.0  108.0  133.0  159.0  154.0  130.0  127.0   72.0  104.0  108.0  171.0   96.0  114.0  107.0  117.0  119.0  126.0  130.0  137.0  128.0  132.0   86.0  151.0  139.0  123.0
  4              129.0  155.0  144.0  165.0  163.0  150.0  152.0  121.0   69.0   82.0  143.0  147.0  131.0  139.0  151.0  165.0  158.0  182.0  154.0  100.0  153.0  139.0  134.0  174.0  101.0  149.0
  5               60.0  100.0   96.0  129.0  100.0  107.0  111.0  102.0   38.0   67.0  112.0   69.0  151.0  135.0  122.0   90.0  121.0  103.0   99.0  108.0  133.0   93.0  111.0   93.0   92.0   91.0
  6               34.0   50.0   60.0   61.0   45.0   49.0   67.0   61.0   21.0   34.0   82.0   30.0   85.0   73.0   64.0   69.0   67.0   51.0   54.0   69.0   77.0   63.0  100.0   47.0   62.0   46.0
  7               13.0   21.0   27.0   24.0   21.0   19.0   38.0   39.0   21.0    8.0   41.0   10.0   55.0   36.0   32.0   33.0   37.0   22.0   40.0   40.0   41.0   39.0   58.0   32.0   48.0   26.0
  8                6.0   19.0   11.0   11.0    6.0   14.0    9.0   22.0    3.0    5.0   26.0    8.0   24.0   25.0    9.0   25.0   12.0   14.0   12.0   23.0   26.0   23.0   45.0   12.0   31.0   10.0
  9                6.0    7.0    9.0    9.0    4.0    5.0    8.0   10.0    3.0    2.0    9.0    5.0   12.0   13.0   11.0   14.0    7.0   10.0    7.0    8.0   24.0   15.0   22.0   12.0   17.0    7.0
  10               2.0    4.0    2.0    4.0    1.0    4.0    3.0    4.0    1.0    1.0    6.0    1.0    9.0   13.0    4.0    7.0    2.0    6.0    3.0    3.0    8.0    5.0   19.0    6.0    5.0    3.0
  11               1.0    4.0    1.0    1.0    1.0    1.0    1.0    4.0    1.0    1.0    4.0    1.0    7.0    8.0    1.0    4.0    1.0    1.0    1.0    1.0    3.0    3.0    6.0    3.0    1.0    1.0
  12               1.0    1.0    1.0    1.0    1.0    1.0    1.0    2.0    1.0    1.0    2.0    1.0    2.0    1.0    1.0    4.0    1.0    2.0    1.0    1.0    3.0    1.0    7.0    1.0    1.0    1.0
  13               1.0    1.0    1.0    1.0    1.0    1.0    1.0    1.0    1.0    1.0    1.0    1.0    2.0    1.0    1.0    1.0    1.0    2.0    1.0    1.0    1.0    1.0    2.0    1.0    1.0    1.0
  14               1.0    1.0    1.0    1.0    1.0    1.0    1.0    1.0    1.0    1.0    1.0    1.0    4.0    1.0    1.0    1.0    1.0    1.0    1.0    1.0    1.0    1.0    1.0    1.0    1.0    1.0
  15               1.0    1.0    1.0    1.0    1.0    1.0    1.0    1.0    1.0    1.0    1.0    1.0    3.0    1.0    1.0    1.0    1.0    1.0    1.0    1.0    1.0    1.0    1.0    1.0    1.0    1.0
  [total]        645.0  622.0  585.0  655.0  633.0  645.0  636.0  582.0  608.0  592.0  615.0  633.0  642.0  654.0  620.0  659.0  661.0  637.0  606.0  656.0  668.0  624.0  644.0  637.0  642.0  615.0

y-box
  0               22.0   24.0   20.0   22.0   18.0   28.0   21.0   21.0   28.0   26.0   15.0   35.0   25.0   23.0   25.0   13.0   23.0   24.0   19.0   21.0   23.0   22.0   30.0   14.0   25.0   21.0
  1               32.0   31.0   28.0   19.0   23.0   18.0   25.0   25.0   25.0   21.0   25.0   11.0   30.0   26.0   25.0   36.0   15.0   29.0   16.0   29.0   19.0   24.0   24.0   31.0   30.0   20.0
  2               24.0   15.0    8.0   15.0   17.0   16.0   14.0   20.0   15.0   17.0   11.0   19.0   16.0   20.0   12.0   14.0   49.0   13.0   15.0   10.0   18.0   15.0   20.0   16.0   17.0   15.0
  3               41.0   53.0   28.0   36.0   50.0   59.0   44.0   33.0   41.0   39.0   41.0   50.0   42.0   28.0   45.0   39.0   46.0   40.0   34.0   48.0   46.0   39.0   38.0   48.0   43.0   34.0
  4               45.0   32.0   48.0   55.0   37.0   41.0   55.0   48.0   34.0   40.0   44.0   36.0   48.0   46.0   35.0   43.0   42.0   48.0   39.0   47.0   43.0   27.0   38.0   41.0   44.0   49.0
  5               42.0   49.0   41.0   44.0   47.0   48.0   50.0   47.0   46.0   37.0   47.0   47.0   45.0   61.0   46.0   52.0   77.0   44.0   42.0   55.0   58.0   34.0   41.0   49.0   65.0   61.0
  6               39.0   54.0   48.0   53.0   50.0   47.0   50.0   50.0   53.0   64.0   45.0   53.0   58.0   46.0   47.0   64.0   83.0   53.0   53.0   57.0   44.0   52.0   46.0   54.0   64.0   53.0
  7               75.0   61.0   71.0   56.0   80.0   90.0   69.0   79.0   66.0   71.0   65.0   79.0   73.0   76.0   61.0   69.0   83.0   64.0   68.0   71.0   78.0   74.0   72.0   65.0   72.0   82.0
  8               77.0   61.0   61.0   85.0   68.0   71.0   66.0   61.0   66.0   74.0   59.0   65.0   61.0   66.0   68.0   69.0   65.0   78.0   70.0   63.0   71.0   62.0   75.0   64.0   78.0   72.0
  9               92.0   91.0   83.0   87.0   92.0   75.0   84.0   68.0   75.0   72.0  100.0   85.0   85.0   89.0   92.0   84.0   79.0   89.0   82.0   71.0   84.0   86.0   93.0   93.0   75.0   81.0
  10              62.0   67.0   74.0   75.0   74.0   61.0   72.0   54.0   69.0   67.0   68.0   67.0   78.0   76.0   89.0   63.0   37.0   66.0   73.0   87.0   88.0   84.0   74.0   73.0   59.0   71.0
  11              66.0   49.0   40.0   66.0   56.0   57.0   56.0   49.0   49.0   51.0   49.0   52.0   43.0   45.0   45.0   64.0   19.0   57.0   51.0   58.0   55.0   70.0   57.0   48.0   52.0   36.0
  12               7.0   10.0   14.0   12.0    8.0   12.0    7.0    7.0   14.0    4.0   14.0    8.0   14.0   14.0    8.0   18.0   16.0    6.0   10.0   12.0   10.0    9.0   18.0   12.0    2.0    6.0
  13               8.0    7.0   10.0    8.0    5.0   10.0    9.0    9.0    7.0    6.0   12.0   11.0    8.0   16.0    8.0   12.0   10.0   10.0   11.0   12.0   12.0   12.0    7.0   13.0    6.0    5.0
  14               6.0    6.0    8.0   10.0    4.0    6.0    9.0    6.0   14.0    2.0   10.0    7.0    9.0    8.0    7.0    9.0    9.0    6.0    4.0    7.0    9.0    9.0    4.0    7.0    5.0    5.0
  15               7.0   12.0    3.0   12.0    4.0    6.0    5.0    5.0    6.0    1.0   10.0    8.0    7.0   14.0    7.0   10.0    8.0   10.0   19.0    8.0   10.0    5.0    7.0    9.0    5.0    4.0
  [total]        645.0  622.0  585.0  655.0  633.0  645.0  636.0  582.0  608.0  592.0  615.0  633.0  642.0  654.0  620.0  659.0  661.0  637.0  606.0  656.0  668.0  624.0  644.0  637.0  642.0  615.0

width
  0                1.0    1.0    1.0    1.0    1.0    1.0    1.0    1.0  157.0    1.0    1.0    1.0    1.0    1.0    1.0    1.0    1.0    1.0    1.0    1.0    1.0    1.0    1.0    1.0    1.0    1.0
  1                1.0   12.0   10.0   10.0   19.0   26.0    4.0   13.0   61.0   30.0   14.0   22.0    2.0    8.0    8.0   10.0    9.0    8.0    9.0    8.0    6.0    1.0    2.0   10.0    4.0   10.0
  2               38.0   39.0   40.0   28.0   29.0   36.0   43.0   19.0   88.0  105.0   18.0   65.0   29.0   39.0   45.0   38.0   47.0   42.0   30.0   34.0   23.0   27.0   27.0   23.0   46.0   47.0
  3               44.0   75.0   77.0   48.0   99.0   89.0   58.0   46.0   63.0  120.0   30.0  108.0   25.0   42.0   69.0   75.0   84.0   54.0   69.0  100.0   55.0   34.0   20.0   38.0   37.0   55.0
  4              123.0  129.0  124.0  137.0  154.0  128.0  151.0  100.0   79.0  129.0  102.0  148.0   74.0  103.0  126.0  105.0  124.0  119.0  124.0  143.0  116.0  113.0   46.0  119.0  117.0  153.0
  5              181.0  125.0  153.0  158.0  127.0  114.0  134.0  108.0   78.0   86.0  104.0  142.0  104.0  114.0  137.0  132.0  148.0  139.0  147.0  138.0  162.0  179.0   94.0  125.0  153.0  128.0
  6              138.0   93.0  112.0  145.0   96.0  118.0  127.0   91.0   49.0   64.0  107.0   84.0   89.0  103.0  126.0  136.0  131.0  127.0  119.0  124.0  131.0  136.0  146.0  117.0  135.0  110.0
  7               68.0   65.0   40.0   56.0   52.0   70.0   66.0   54.0   16.0   30.0   76.0   39.0   88.0   78.0   66.0   65.0   64.0   63.0   49.0   68.0   62.0   66.0  109.0   76.0   73.0   49.0
  8               28.0   53.0   18.0   46.0   31.0   38.0   37.0   67.0    6.0   15.0   76.0   15.0   88.0   79.0   22.0   46.0   33.0   43.0   36.0   31.0   59.0   46.0  100.0   64.0   59.0   37.0
  9               15.0   21.0    4.0   18.0   16.0   17.0    7.0   37.0    5.0    6.0   50.0    3.0   49.0   50.0   13.0   37.0    8.0   30.0   12.0    3.0   37.0   14.0   46.0   37.0   10.0   18.0
  10               2.0    4.0    1.0    3.0    4.0    3.0    3.0   25.0    1.0    1.0   24.0    1.0   41.0   18.0    2.0    9.0    5.0    6.0    5.0    1.0   11.0    2.0   30.0   18.0    2.0    2.0
  11               2.0    1.0    1.0    1.0    1.0    1.0    1.0   11.0    1.0    1.0    9.0    1.0   29.0    9.0    1.0    1.0    3.0    1.0    1.0    1.0    1.0    1.0   11.0    5.0    1.0    1.0
  12               1.0    1.0    1.0    1.0    1.0    1.0    1.0    7.0    1.0    1.0    1.0    1.0   12.0    6.0    1.0    1.0    1.0    1.0    1.0    1.0    1.0    1.0    8.0    1.0    1.0    1.0
  13               1.0    1.0    1.0    1.0    1.0    1.0    1.0    1.0    1.0    1.0    1.0    1.0    4.0    1.0    1.0    1.0    1.0    1.0    1.0    1.0    1.0    1.0    2.0    1.0    1.0    1.0
  14               1.0    1.0    1.0    1.0    1.0    1.0    1.0    1.0    1.0    1.0    1.0    1.0    4.0    2.0    1.0    1.0    1.0    1.0    1.0    1.0    1.0    1.0    1.0    1.0    1.0    1.0
  15               1.0    1.0    1.0    1.0    1.0    1.0    1.0    1.0    1.0    1.0    1.0    1.0    3.0    1.0    1.0    1.0    1.0    1.0    1.0    1.0    1.0    1.0    1.0    1.0    1.0    1.0
  [total]        645.0  622.0  585.0  655.0  633.0  645.0  636.0  582.0  608.0  592.0  615.0  633.0  642.0  654.0  620.0  659.0  661.0  637.0  606.0  656.0  668.0  624.0  644.0  637.0  642.0  615.0

high
  0               16.0   10.0    8.0    6.0    8.0   23.0    6.0   18.0   24.0   14.0   12.0   15.0   15.0    4.0   12.0   10.0    5.0   11.0    8.0   16.0   13.0   11.0   14.0   13.0   20.0    7.0
  1               33.0   38.0   24.0   28.0   26.0   27.0   32.0   18.0   24.0   26.0   24.0   33.0   25.0   33.0   28.0   33.0   24.0   29.0   19.0   21.0   29.0   26.0   30.0   27.0   34.0   24.0
  2               36.0   54.0   43.0   41.0   46.0   44.0   46.0   40.0   41.0   31.0   38.0   35.0   45.0   32.0   48.0   48.0   18.0   51.0   41.0   59.0   39.0   36.0   38.0   38.0   33.0   40.0
  3               55.0   46.0   51.0   64.0   55.0   51.0   48.0   47.0   38.0   51.0   48.0   49.0   64.0   58.0   43.0   43.0   40.0   44.0   44.0   46.0   55.0   44.0   53.0   55.0   39.0   55.0
  4               85.0   86.0   69.0   84.0   77.0   88.0   89.0   96.0   88.0   84.0   84.0   89.0   90.0   87.0   75.0   90.0   59.0   96.0   72.0  105.0   84.0   83.0   79.0   92.0   88.0   74.0
  5               90.0   68.0   85.0   72.0  101.0  103.0   85.0   87.0   69.0   68.0   77.0  102.0   78.0   93.0   79.0   64.0   81.0   75.0   91.0   92.0   85.0   79.0   91.0   76.0   72.0   73.0
  6              128.0  123.0  105.0  151.0  126.0  112.0  111.0   88.0  116.0   89.0  109.0   92.0  110.0  125.0  113.0  119.0  101.0  126.0  126.0  109.0  130.0  103.0  121.0  121.0  104.0  102.0
  7               77.0   72.0   89.0   72.0   76.0   81.0   95.0   76.0   74.0   83.0   97.0   96.0   72.0   95.0   92.0   80.0   77.0   83.0   84.0   84.0   90.0  106.0   93.0   92.0   82.0   89.0
  8              112.0  114.0  100.0  126.0  105.0  100.0  112.0   91.0  117.0   96.0  115.0  106.0  132.0  115.0  118.0  128.0  113.0  112.0  106.0  112.0  132.0  124.0  110.0  111.0  101.0   95.0
  9                7.0    5.0    5.0    5.0    7.0    5.0    6.0    8.0   10.0   18.0    5.0   10.0    5.0    6.0    6.0   18.0   82.0    4.0    9.0    6.0    5.0    6.0    9.0    6.0   20.0   19.0
  10               1.0    1.0    1.0    1.0    1.0    6.0    1.0    8.0    2.0   12.0    1.0    1.0    1.0    1.0    1.0   13.0   27.0    1.0    1.0    1.0    1.0    1.0    1.0    1.0   13.0   14.0
  11               1.0    1.0    1.0    1.0    1.0    1.0    1.0    1.0    1.0    6.0    1.0    1.0    1.0    1.0    1.0    8.0   27.0    1.0    1.0    1.0    1.0    1.0    1.0    1.0   13.0   11.0
  12               1.0    1.0    1.0    1.0    1.0    1.0    1.0    1.0    1.0    7.0    1.0    1.0    1.0    1.0    1.0    2.0    4.0    1.0    1.0    1.0    1.0    1.0    1.0    1.0   12.0    3.0
  13               1.0    1.0    1.0    1.0    1.0    1.0    1.0    1.0    1.0    2.0    1.0    1.0    1.0    1.0    1.0    1.0    1.0    1.0    1.0    1.0    1.0    1.0    1.0    1.0    4.0    2.0
  14               1.0    1.0    1.0    1.0    1.0    1.0    1.0    1.0    1.0    3.0    1.0    1.0    1.0    1.0    1.0    1.0    1.0    1.0    1.0    1.0    1.0    1.0    1.0    1.0    5.0    6.0
  15               1.0    1.0    1.0    1.0    1.0    1.0    1.0    1.0    1.0    2.0    1.0    1.0    1.0    1.0    1.0    1.0    1.0    1.0    1.0    1.0    1.0    1.0    1.0    1.0    2.0    1.0
  [total]        645.0  622.0  585.0  655.0  633.0  645.0  636.0  582.0  608.0  592.0  615.0  633.0  642.0  654.0  620.0  659.0  661.0  637.0  606.0  656.0  668.0  624.0  644.0  637.0  642.0  615.0

onpix
  0               33.0    4.0   24.0    9.0    8.0   31.0    9.0   21.0  159.0   40.0   23.0   38.0    7.0   15.0   20.0   16.0   13.0    8.0   16.0   33.0   22.0   28.0    8.0   27.0   46.0   22.0
  1               72.0   36.0  108.0   31.0   38.0  109.0   54.0   12.0  131.0  204.0   31.0  159.0   30.0   37.0   47.0   61.0   35.0   31.0   43.0  157.0   72.0  127.0   33.0   92.0  148.0   53.0
  2              190.0   69.0  169.0  104.0  147.0  149.0  161.0  104.0  118.0  122.0  123.0  143.0   41.0  140.0  119.0  142.0   92.0  104.0  145.0  144.0  183.0  161.0   52.0  125.0  128.0  150.0
  3              120.0  103.0  116.0  135.0  144.0  103.0  149.0   99.0  100.0   97.0  103.0  118.0  103.0  152.0  156.0  136.0  150.0  134.0  158.0  110.0  107.0  136.0  112.0  113.0   90.0  119.0
  4              103.0  123.0   75.0  129.0   86.0   95.0   81.0   99.0   44.0   61.0   92.0   77.0  126.0  124.0  106.0  112.0  103.0  107.0  108.0   78.0  108.0   73.0  147.0  122.0   84.0  126.0
  5               55.0   88.0   38.0  101.0   85.0   56.0   77.0   78.0   20.0   31.0   85.0   47.0   72.0   96.0   83.0   58.0  101.0   84.0   50.0   49.0   81.0   32.0   83.0   78.0   47.0   74.0
  6               32.0   72.0   25.0   62.0   51.0   42.0   39.0   61.0   16.0   16.0   72.0   20.0   73.0   42.0   37.0   52.0   72.0   71.0   25.0   39.0   33.0   20.0   65.0   40.0   32.0   43.0
  7               16.0   58.0    9.0   36.0   42.0   27.0   17.0   47.0    8.0   10.0   42.0   15.0   58.0   14.0   16.0   32.0   48.0   45.0   18.0   21.0   21.0   14.0   50.0   18.0   19.0   14.0
  8               12.0   36.0   11.0   29.0   17.0   16.0   24.0   28.0    5.0    4.0   19.0    3.0   42.0   10.0   13.0   16.0   21.0   23.0   14.0   13.0   13.0    7.0   27.0   12.0   14.0    6.0
  9                6.0   15.0    4.0    5.0    8.0   10.0   15.0   18.0    1.0    1.0   14.0    6.0   30.0   13.0    8.0   13.0    9.0   15.0   11.0    6.0    5.0   12.0   25.0    4.0    9.0    2.0
  10               1.0    7.0    1.0    3.0    2.0    2.0    3.0    9.0    1.0    1.0    6.0    1.0   21.0    5.0    5.0   11.0    8.0    7.0    4.0    1.0    9.0    7.0   11.0    1.0   10.0    1.0
  11               1.0    4.0    1.0    6.0    1.0    1.0    3.0    2.0    1.0    1.0    1.0    2.0   15.0    1.0    4.0    5.0    4.0    4.0    6.0    1.0    6.0    3.0   10.0    1.0    9.0    1.0
  12               1.0    4.0    1.0    2.0    1.0    1.0    1.0    1.0    1.0    1.0    1.0    1.0   11.0    2.0    3.0    2.0    1.0    1.0    5.0    1.0    5.0    1.0    7.0    1.0    3.0    1.0
  13               1.0    1.0    1.0    1.0    1.0    1.0    1.0    1.0    1.0    1.0    1.0    1.0    7.0    1.0    1.0    1.0    2.0    1.0    1.0    1.0    1.0    1.0    6.0    1.0    1.0    1.0
  14               1.0    1.0    1.0    1.0    1.0    1.0    1.0    1.0    1.0    1.0    1.0    1.0    3.0    1.0    1.0    1.0    1.0    1.0    1.0    1.0    1.0    1.0    3.0    1.0    1.0    1.0
  15               1.0    1.0    1.0    1.0    1.0    1.0    1.0    1.0    1.0    1.0    1.0    1.0    3.0    1.0    1.0    1.0    1.0    1.0    1.0    1.0    1.0    1.0    5.0    1.0    1.0    1.0
  [total]        645.0  622.0  585.0  655.0  633.0  645.0  636.0  582.0  608.0  592.0  615.0  633.0  642.0  654.0  620.0  659.0  661.0  637.0  606.0  656.0  668.0  624.0  644.0  637.0  642.0  615.0

x-bar
  0                1.0    1.0    1.0    1.0    1.0   14.0    1.0    1.0    1.0    1.0    1.0  104.0    1.0    1.0    1.0    1.0    1.0    1.0    1.0    1.0    1.0    1.0    1.0    1.0    1.0    1.0
  1                1.0    1.0    1.0    1.0    1.0  104.0    1.0    1.0    1.0    1.0    1.0   13.0    1.0    1.0    1.0    1.0    1.0    1.0    1.0    1.0    1.0    3.0   15.0    1.0    1.0    1.0
  2                1.0    1.0    4.0    1.0    7.0   12.0    1.0    1.0    1.0    1.0    9.0   37.0    1.0    3.0    1.0    1.0    1.0    1.0    1.0    1.0    3.0   25.0   35.0    1.0   15.0    1.0
  3                1.0    1.0   28.0    1.0  120.0   39.0    1.0    1.0    1.0    1.0   90.0   26.0    8.0   10.0    1.0   27.0    1.0    1.0    1.0    1.0   52.0   69.0   40.0    6.0   63.0    1.0
  4                1.0    1.0   92.0    1.0   27.0   36.0    1.0    8.0    1.0    1.0   95.0   77.0   15.0   28.0    3.0   83.0    1.0    1.0    1.0   37.0  112.0   78.0   89.0   17.0   85.0    2.0
  5               11.0    1.0  165.0   86.0   50.0  120.0   43.0   26.0    6.0    6.0  116.0   59.0   31.0   35.0   11.0  136.0    6.0   90.0   10.0  135.0   66.0   44.0   85.0   30.0   53.0    6.0
  6               45.0  114.0  195.0   91.0  102.0  127.0  189.0   60.0   32.0   17.0  121.0   89.0   51.0   68.0   41.0  109.0    5.0  159.0   46.0  170.0   84.0   67.0   59.0   50.0   57.0   49.0
  7              136.0  171.0   73.0  152.0  208.0   99.0  254.0  276.0  398.0   62.0   68.0  125.0  195.0  358.0  294.0  125.0   97.0  115.0  135.0  190.0  206.0  162.0  146.0  317.0  144.0  324.0
  8              155.0  183.0   17.0  100.0   69.0   48.0  113.0  116.0   68.0  106.0   50.0   59.0  197.0   74.0  242.0  108.0  398.0  134.0  295.0   66.0  115.0  112.0   82.0  127.0  105.0  124.0
  9               62.0   96.0    3.0  144.0   21.0   23.0   19.0   55.0   45.0  115.0   37.0   25.0   66.0   34.0   18.0   54.0   92.0   81.0   88.0   38.0   20.0   54.0   42.0   48.0   87.0   60.0
  10              72.0   37.0    1.0   58.0   22.0   15.0    6.0   24.0   34.0   97.0   20.0   13.0   34.0   19.0    2.0    8.0   32.0   45.0   16.0   11.0    3.0    4.0   32.0   24.0   26.0   16.0
  11              80.0   11.0    1.0   12.0    1.0    4.0    3.0    9.0   12.0   51.0    3.0    2.0   18.0   12.0    1.0    2.0   15.0    4.0    7.0    1.0    1.0    1.0   14.0   10.0    1.0   20.0
  12              64.0    1.0    1.0    3.0    1.0    1.0    1.0    1.0    5.0   56.0    1.0    1.0   15.0    8.0    1.0    1.0    8.0    1.0    1.0    1.0    1.0    1.0    1.0    2.0    1.0    6.0
  13              12.0    1.0    1.0    2.0    1.0    1.0    1.0    1.0    1.0   31.0    1.0    1.0    7.0    1.0    1.0    1.0    1.0    1.0    1.0    1.0    1.0    1.0    1.0    1.0    1.0    2.0
  14               2.0    1.0    1.0    1.0    1.0    1.0    1.0    1.0    1.0   35.0    1.0    1.0    1.0    1.0    1.0    1.0    1.0    1.0    1.0    1.0    1.0    1.0    1.0    1.0    1.0    1.0
  15               1.0    1.0    1.0    1.0    1.0    1.0    1.0    1.0    1.0   11.0    1.0    1.0    1.0    1.0    1.0    1.0    1.0    1.0    1.0    1.0    1.0    1.0    1.0    1.0    1.0    1.0
  [total]        645.0  622.0  585.0  655.0  633.0  645.0  636.0  582.0  608.0  592.0  615.0  633.0  642.0  654.0  620.0  659.0  661.0  637.0  606.0  656.0  668.0  624.0  644.0  637.0  642.0  615.0

y-bar
  0                6.0    1.0    1.0    1.0    1.0    1.0    1.0    1.0    1.0    1.0    1.0   30.0    1.0    1.0    1.0    1.0    1.0    1.0    1.0    1.0    1.0    1.0    1.0    1.0    1.0    1.0
  1               19.0    1.0    1.0    1.0    1.0    1.0    1.0    1.0    1.0    5.0    1.0   90.0    2.0    1.0    1.0    1.0    1.0    1.0    2.0    1.0    1.0    1.0    1.0    1.0    1.0    1.0
  2              187.0    1.0    1.0    1.0    1.0    1.0    1.0    1.0    1.0   46.0    1.0   49.0   13.0    1.0    1.0    1.0    1.0    1.0   11.0    1.0    1.0    1.0    1.0    1.0    1.0    1.0
  3              149.0    1.0    1.0    8.0    1.0    1.0    9.0    1.0    2.0   73.0    1.0   85.0   16.0    1.0    1.0    1.0   18.0    1.0   22.0    1.0   10.0    1.0    1.0    1.0    4.0    8.0
  4              101.0    2.0    2.0   13.0    3.0    1.0    9.0    6.0   12.0   56.0    2.0  222.0    9.0    4.0    9.0    1.0   74.0    1.0   13.0    1.0   46.0    1.0    2.0    1.0    9.0   22.0
  5               72.0   15.0    7.0   21.0    6.0    1.0   31.0   23.0   24.0   43.0   20.0   65.0   52.0    5.0   30.0    7.0   71.0   10.0   23.0    1.0  102.0   11.0    7.0    8.0   24.0   32.0
  6               36.0  121.0   53.0  129.0   70.0   13.0  230.0   86.0   62.0  179.0  127.0   29.0  276.0   24.0  112.0   13.0   88.0   40.0   76.0    4.0   94.0   14.0   11.0   62.0   19.0   53.0
  7               27.0  305.0  179.0  363.0  312.0   25.0  260.0  247.0  382.0   82.0  279.0   34.0  188.0  232.0  320.0   37.0  171.0  193.0  235.0   42.0   58.0   25.0   56.0  395.0   25.0  300.0
  8               37.0  144.0  251.0   96.0  178.0   51.0   58.0  149.0   73.0   60.0  137.0   20.0   35.0  184.0  103.0   67.0  133.0  189.0  176.0   54.0  252.0  104.0  196.0  134.0   47.0  136.0
  9                5.0   25.0   69.0   15.0   45.0   97.0   19.0   44.0   35.0   25.0   39.0    3.0   22.0  142.0   29.0  144.0   54.0   76.0   37.0   30.0   89.0   88.0   37.0   25.0   83.0   39.0
  10               1.0    1.0   13.0    2.0   10.0  167.0   12.0   13.0    7.0   10.0    2.0    1.0   13.0   39.0    8.0  157.0   29.0   67.0    5.0   43.0    9.0   30.0  134.0    3.0  277.0    8.0
  11               1.0    1.0    3.0    1.0    1.0  113.0    1.0    4.0    4.0    7.0    1.0    1.0   10.0   14.0    1.0  112.0   11.0   34.0    1.0  155.0    1.0  152.0  180.0    1.0  119.0    9.0
  12               1.0    1.0    1.0    1.0    1.0   92.0    1.0    3.0    1.0    1.0    1.0    1.0    2.0    2.0    1.0   52.0    3.0   14.0    1.0  139.0    1.0  184.0   14.0    1.0   29.0    1.0
  13               1.0    1.0    1.0    1.0    1.0   50.0    1.0    1.0    1.0    2.0    1.0    1.0    1.0    2.0    1.0   40.0    3.0    7.0    1.0   48.0    1.0    9.0    1.0    1.0    1.0    2.0
  14               1.0    1.0    1.0    1.0    1.0   23.0    1.0    1.0    1.0    1.0    1.0    1.0    1.0    1.0    1.0   20.0    2.0    1.0    1.0   85.0    1.0    1.0    1.0    1.0    1.0    1.0
  15               1.0    1.0    1.0    1.0    1.0    8.0    1.0    1.0    1.0    1.0    1.0    1.0    1.0    1.0    1.0    5.0    1.0    1.0    1.0   50.0    1.0    1.0    1.0    1.0    1.0    1.0
  [total]        645.0  622.0  585.0  655.0  633.0  645.0  636.0  582.0  608.0  592.0  615.0  633.0  642.0  654.0  620.0  659.0  661.0  637.0  606.0  656.0  668.0  624.0  644.0  637.0  642.0  615.0

x2bar
  0                2.0    1.0    1.0    1.0    1.0    2.0    1.0    1.0  209.0   11.0    1.0   22.0    1.0    1.0    1.0    1.0    1.0    1.0    1.0   75.0    1.0    1.0    1.0   13.0   13.0    1.0
  1               43.0    1.0    1.0    1.0   24.0   47.0    1.0    1.0   93.0   40.0   81.0  129.0    1.0    1.0    1.0    2.0    1.0    1.0    5.0   92.0    1.0   15.0    8.0  115.0  170.0    5.0
  2              273.0   40.0    1.0    7.0  130.0  122.0    2.0   16.0   67.0  145.0  139.0   62.0   76.0   69.0    1.0   27.0    1.0   10.0   37.0  154.0    1.0  120.0  187.0  152.0  188.0  195.0
  3              225.0  105.0   23.0   64.0   61.0  146.0   11.0  176.0   28.0  134.0  111.0  108.0  133.0  133.0    4.0   94.0   13.0  137.0  127.0  180.0    3.0  173.0  154.0  174.0  108.0  127.0
  4               42.0   95.0   88.0  150.0   70.0  173.0   33.0   61.0  151.0   78.0   98.0   98.0   50.0   58.0   16.0  150.0  115.0  125.0  146.0   87.0   84.0  200.0  114.0  136.0   62.0  112.0
  5               14.0  135.0   91.0  118.0  169.0  118.0  162.0   56.0   42.0   52.0   42.0  102.0   66.0  110.0   58.0  107.0  102.0  105.0  110.0   29.0  224.0   76.0  124.0   33.0   42.0  134.0
  6                8.0   64.0  156.0   86.0  151.0   26.0  234.0   91.0    9.0   35.0   21.0   75.0  124.0   78.0   98.0   80.0  143.0   45.0   86.0    6.0  128.0   27.0   44.0    5.0   34.0   32.0
  7               17.0   48.0  166.0   67.0   18.0    3.0  109.0   28.0    1.0   20.0   49.0   15.0   23.0   10.0  169.0   62.0  145.0   68.0   63.0   22.0   32.0    4.0    4.0    1.0   17.0    1.0
  8               14.0   49.0   42.0   45.0    2.0    1.0   72.0    4.0    1.0   18.0   50.0   12.0    2.0   10.0  191.0   80.0  110.0   73.0   24.0    4.0   30.0    1.0    1.0    1.0    1.0    1.0
  9                1.0   64.0    9.0   34.0    1.0    1.0    5.0    1.0    1.0   25.0   17.0    4.0   15.0    8.0   75.0   30.0   24.0   48.0    1.0    1.0    5.0    1.0    1.0    1.0    1.0    1.0
  10               1.0   15.0    2.0   57.0    1.0    1.0    1.0   12.0    1.0   22.0    1.0    1.0   34.0    9.0    1.0   19.0    1.0   17.0    1.0    1.0   14.0    1.0    1.0    1.0    1.0    1.0
  11               1.0    1.0    1.0   21.0    1.0    1.0    1.0   14.0    1.0    8.0    1.0    1.0   38.0   25.0    1.0    3.0    1.0    3.0    1.0    1.0   15.0    1.0    1.0    1.0    1.0    1.0
  12               1.0    1.0    1.0    1.0    1.0    1.0    1.0   15.0    1.0    1.0    1.0    1.0   65.0   20.0    1.0    1.0    1.0    1.0    1.0    1.0   19.0    1.0    1.0    1.0    1.0    1.0
  13               1.0    1.0    1.0    1.0    1.0    1.0    1.0   17.0    1.0    1.0    1.0    1.0   12.0   25.0    1.0    1.0    1.0    1.0    1.0    1.0   42.0    1.0    1.0    1.0    1.0    1.0
  14               1.0    1.0    1.0    1.0    1.0    1.0    1.0   33.0    1.0    1.0    1.0    1.0    1.0   60.0    1.0    1.0    1.0    1.0    1.0    1.0   49.0    1.0    1.0    1.0    1.0    1.0
  15               1.0    1.0    1.0    1.0    1.0    1.0    1.0   56.0    1.0    1.0    1.0    1.0    1.0   37.0    1.0    1.0    1.0    1.0    1.0    1.0   20.0    1.0    1.0    1.0    1.0    1.0
  [total]        645.0  622.0  585.0  655.0  633.0  645.0  636.0  582.0  608.0  592.0  615.0  633.0  642.0  654.0  620.0  659.0  661.0  637.0  606.0  656.0  668.0  624.0  644.0  637.0  642.0  615.0

y2bar
  0               73.0    1.0    1.0    1.0    1.0    1.0    1.0   18.0    1.0    1.0    3.0    1.0   51.0   16.0    1.0   18.0   10.0    1.0    1.0    1.0    1.0    1.0   39.0    1.0    1.0    1.0
  1              134.0    1.0    1.0    1.0    1.0    1.0    2.0  102.0    1.0    1.0   22.0    1.0   73.0   59.0   14.0   60.0   34.0    2.0    3.0    1.0    1.0   30.0   85.0    1.0   31.0    1.0
  2              248.0    2.0    3.0    1.0    5.0   20.0   49.0   49.0    1.0    2.0   74.0    1.0   88.0   97.0   23.0  101.0  138.0   16.0   19.0    1.0    1.0  159.0  286.0    5.0  108.0    8.0
  3               87.0   16.0   27.0    1.0   39.0   54.0   67.0   24.0   25.0   96.0   50.0    6.0   44.0   33.0   45.0  118.0  127.0  103.0   40.0    5.0   18.0  239.0  168.0    1.0  104.0   18.0
  4               63.0   73.0   42.0   23.0   37.0  146.0   45.0   28.0  155.0  104.0   55.0   44.0  205.0  203.0  215.0  181.0   98.0  153.0   56.0   30.0   94.0  142.0   27.0  149.0   42.0   38.0
  5               25.0  203.0   31.0  103.0   25.0  211.0  155.0   77.0   56.0  126.0   25.0   85.0  161.0  181.0  183.0  109.0   92.0  196.0  116.0   78.0  162.0   38.0   25.0   67.0   58.0   31.0
  6                6.0  196.0   71.0  221.0   37.0  162.0  148.0  217.0   54.0  173.0  134.0  177.0   10.0   48.0   50.0   52.0   91.0  131.0   68.0  232.0  123.0    6.0    4.0   34.0   75.0    7.0
  7                1.0  108.0  157.0  180.0  135.0   36.0   96.0   58.0  204.0   62.0  201.0  111.0    2.0    9.0   27.0   12.0   43.0   25.0  121.0  174.0  159.0    1.0    2.0   31.0  144.0   26.0
  8                1.0   15.0  124.0   65.0  159.0    7.0   48.0    2.0   96.0   17.0   44.0  133.0    1.0    1.0   48.0    1.0   13.0    3.0   85.0   94.0   85.0    1.0    1.0  207.0   60.0   61.0
  9                1.0    1.0   50.0   39.0   80.0    1.0   16.0    1.0    9.0    4.0    1.0   57.0    1.0    1.0    8.0    1.0    7.0    1.0   74.0   28.0   17.0    1.0    1.0  132.0   12.0  182.0
  10               1.0    1.0   53.0   13.0   50.0    1.0    4.0    1.0    1.0    1.0    1.0   11.0    1.0    1.0    1.0    1.0    3.0    1.0   18.0    7.0    2.0    1.0    1.0    4.0    2.0   88.0
  11               1.0    1.0   20.0    3.0   48.0    1.0    1.0    1.0    1.0    1.0    1.0    2.0    1.0    1.0    1.0    1.0    1.0    1.0    1.0    1.0    1.0    1.0    1.0    1.0    1.0   27.0
  12               1.0    1.0    2.0    1.0   13.0    1.0    1.0    1.0    1.0    1.0    1.0    1.0    1.0    1.0    1.0    1.0    1.0    1.0    1.0    1.0    1.0    1.0    1.0    1.0    1.0   28.0
  13               1.0    1.0    1.0    1.0    1.0    1.0    1.0    1.0    1.0    1.0    1.0    1.0    1.0    1.0    1.0    1.0    1.0    1.0    1.0    1.0    1.0    1.0    1.0    1.0    1.0   29.0
  14               1.0    1.0    1.0    1.0    1.0    1.0    1.0    1.0    1.0    1.0    1.0    1.0    1.0    1.0    1.0    1.0    1.0    1.0    1.0    1.0    1.0    1.0    1.0    1.0    1.0   38.0
  15               1.0    1.0    1.0    1.0    1.0    1.0    1.0    1.0    1.0    1.0    1.0    1.0    1.0    1.0    1.0    1.0    1.0    1.0    1.0    1.0    1.0    1.0    1.0    1.0    1.0   32.0
  [total]        645.0  622.0  585.0  655.0  633.0  645.0  636.0  582.0  608.0  592.0  615.0  633.0  642.0  654.0  620.0  659.0  661.0  637.0  606.0  656.0  668.0  624.0  644.0  637.0  642.0  615.0

xybar
  0                1.0    1.0    1.0    1.0    1.0    1.0    1.0    1.0    1.0    1.0    1.0  117.0    1.0    1.0    1.0    1.0    1.0    1.0    1.0    1.0    1.0    1.0    1.0    1.0    1.0    1.0
  1                1.0    1.0    1.0    1.0    1.0    1.0    1.0    1.0    1.0    1.0    1.0   54.0    1.0    1.0    1.0    1.0    1.0    1.0    1.0    1.0    1.0    1.0    1.0    1.0    1.0    1.0
  2                1.0    1.0    1.0    1.0    1.0    1.0    1.0    1.0    1.0    1.0    1.0   81.0    1.0    1.0    1.0    1.0    1.0    1.0    1.0    1.0    2.0    1.0    1.0    1.0    2.0    1.0
  3                2.0    1.0    1.0    1.0    1.0    1.0    1.0    1.0    1.0    1.0    1.0   24.0    2.0   20.0    1.0    1.0   10.0    1.0    1.0    1.0   10.0    3.0    1.0    1.0    9.0    1.0
  4                8.0    1.0    5.0    2.0    1.0    1.0    3.0    1.0    1.0    1.0    1.0    4.0   23.0   74.0    1.0    1.0   27.0    1.0   23.0    8.0   22.0   15.0    3.0    1.0   16.0    1.0
  5               31.0    1.0   22.0   15.0    7.0    1.0   31.0    2.0    1.0    1.0    4.0   16.0    6.0   78.0    6.0    2.0  142.0    8.0  116.0   21.0   31.0   36.0   32.0   26.0   46.0    1.0
  6              106.0  122.0   51.0  105.0   52.0    1.0  240.0   37.0   12.0   11.0  101.0   59.0  149.0   75.0   48.0   11.0  196.0   97.0   16.0   76.0  150.0  105.0   99.0  129.0  116.0   81.0
  7              203.0  229.0  135.0  206.0  289.0   22.0   93.0  294.0  314.0   22.0  187.0   84.0  216.0  147.0  274.0   34.0   76.0  252.0  123.0  179.0  212.0  140.0  242.0  205.0  159.0   93.0
  8               88.0    8.0   96.0   42.0   26.0   37.0   37.0   25.0   20.0   39.0   18.0   90.0   36.0   42.0   37.0   52.0   90.0   88.0   80.0   69.0   34.0  111.0   65.0   23.0   55.0   53.0
  9               85.0   74.0   68.0   58.0    5.0   29.0  125.0   22.0   12.0   12.0   56.0   41.0  140.0   23.0  154.0  111.0   43.0   92.0   19.0   17.0   53.0   86.0  116.0   29.0   45.0  108.0
  10              60.0  146.0   36.0  150.0   44.0  102.0   78.0  184.0    1.0    9.0  207.0   14.0   45.0  132.0   91.0  113.0   27.0   77.0  107.0   10.0   83.0   78.0   59.0  147.0   71.0   31.0
  11              40.0   33.0   79.0   51.0  189.0  141.0   20.0    9.0   10.0   66.0   31.0   18.0   12.0   17.0    1.0  110.0   32.0   14.0   78.0  155.0   41.0   28.0   19.0   64.0   70.0  134.0
  12              16.0    1.0   68.0   14.0   13.0  121.0    2.0    1.0   17.0  122.0    3.0   24.0    6.0    7.0    1.0  130.0   12.0    1.0    3.0   86.0   18.0   14.0    2.0    6.0   35.0  106.0
  13               1.0    1.0   19.0    6.0    1.0  164.0    1.0    1.0  167.0  104.0    1.0    5.0    2.0   29.0    1.0   65.0    1.0    1.0   34.0   29.0    8.0    3.0    1.0    1.0   13.0    1.0
  14               1.0    1.0    1.0    1.0    1.0   21.0    1.0    1.0   48.0  124.0    1.0    1.0    1.0    6.0    1.0   25.0    1.0    1.0    2.0    1.0    1.0    1.0    1.0    1.0    2.0    1.0
  15               1.0    1.0    1.0    1.0    1.0    1.0    1.0    1.0    1.0   77.0    1.0    1.0    1.0    1.0    1.0    1.0    1.0    1.0    1.0    1.0    1.0    1.0    1.0    1.0    1.0    1.0
  [total]        645.0  622.0  585.0  655.0  633.0  645.0  636.0  582.0  608.0  592.0  615.0  633.0  642.0  654.0  620.0  659.0  661.0  637.0  606.0  656.0  668.0  624.0  644.0  637.0  642.0  615.0

x2ybr
  0               44.0    1.0    1.0    1.0    1.0    1.0    1.0    1.0    1.0    6.0    1.0   97.0    1.0    6.0    1.0    1.0    1.0    1.0    1.0    1.0    1.0    1.0    1.0    3.0    1.0    1.0
  1              164.0    1.0    1.0    3.0    1.0    1.0    1.0    3.0    1.0   21.0    4.0  110.0   10.0   15.0    1.0    1.0    1.0    6.0   10.0    1.0    1.0    1.0    1.0   11.0    1.0    1.0
  2              287.0    1.0    1.0   12.0    1.0    1.0    4.0   11.0    6.0   30.0   12.0  232.0   15.0   15.0    1.0    1.0    3.0   41.0   32.0    1.0    1.0    1.0    1.0   10.0    1.0   12.0
  3               27.0   26.0    1.0   51.0    3.0    2.0    7.0   36.0   19.0   73.0   50.0   50.0   25.0   21.0   17.0   19.0   37.0   93.0   22.0    1.0    1.0    1.0    1.0   22.0    1.0   26.0
  4               26.0   56.0    2.0  135.0   42.0   18.0   18.0   43.0   28.0  155.0   59.0   21.0   62.0   42.0   64.0  105.0   67.0  170.0   39.0    2.0    1.0    1.0    1.0   36.0    1.0   27.0
  5               17.0  186.0   19.0  148.0   94.0   69.0  108.0   96.0   50.0  124.0   87.0   10.0   51.0   71.0  118.0  134.0   63.0  256.0  119.0   11.0    4.0    3.0   17.0   43.0    3.0   87.0
  6               33.0  291.0  170.0  237.0  268.0  119.0  250.0  236.0  444.0   90.0  193.0   38.0   73.0  318.0  250.0  179.0  164.0   58.0  247.0   45.0   48.0   28.0   43.0  349.0    4.0  341.0
  7               19.0   51.0   93.0   57.0  157.0  112.0  179.0   69.0   50.0   60.0   76.0   58.0  160.0   88.0  113.0  103.0  153.0    4.0   85.0   65.0  108.0   22.0   46.0   75.0   49.0   81.0
  8               18.0    2.0  143.0    4.0   37.0   43.0   57.0   40.0    2.0   19.0   32.0    5.0   76.0   24.0   46.0   83.0  117.0    1.0   32.0   39.0   63.0   28.0  213.0   22.0   55.0   22.0
  9                4.0    1.0   87.0    1.0   15.0  124.0    5.0   31.0    1.0    8.0   39.0    6.0  133.0   16.0    3.0   26.0   40.0    1.0   11.0  181.0  129.0   16.0  211.0   17.0   42.0   10.0
  10               1.0    1.0   52.0    1.0    9.0  106.0    1.0   10.0    1.0    1.0   25.0    1.0   22.0   13.0    1.0    2.0   10.0    1.0    3.0  105.0  106.0   86.0   66.0   22.0   95.0    2.0
  11               1.0    1.0   11.0    1.0    1.0   41.0    1.0    2.0    1.0    1.0   19.0    1.0    8.0   16.0    1.0    1.0    1.0    1.0    1.0  190.0   49.0  205.0   32.0   17.0  156.0    1.0
  12               1.0    1.0    1.0    1.0    1.0    5.0    1.0    1.0    1.0    1.0   15.0    1.0    3.0    6.0    1.0    1.0    1.0    1.0    1.0   11.0   41.0  111.0    7.0    7.0  182.0    1.0
  13               1.0    1.0    1.0    1.0    1.0    1.0    1.0    1.0    1.0    1.0    1.0    1.0    1.0    1.0    1.0    1.0    1.0    1.0    1.0    1.0   52.0   56.0    2.0    1.0   49.0    1.0
  14               1.0    1.0    1.0    1.0    1.0    1.0    1.0    1.0    1.0    1.0    1.0    1.0    1.0    1.0    1.0    1.0    1.0    1.0    1.0    1.0   46.0   63.0    1.0    1.0    1.0    1.0
  15               1.0    1.0    1.0    1.0    1.0    1.0    1.0    1.0    1.0    1.0    1.0    1.0    1.0    1.0    1.0    1.0    1.0    1.0    1.0    1.0   17.0    1.0    1.0    1.0    1.0    1.0
  [total]        645.0  622.0  585.0  655.0  633.0  645.0  636.0  582.0  608.0  592.0  615.0  633.0  642.0  654.0  620.0  659.0  661.0  637.0  606.0  656.0  668.0  624.0  644.0  637.0  642.0  615.0

xy2br
  0                1.0    1.0    1.0    1.0    1.0    1.0    1.0    1.0    1.0    1.0    1.0    1.0    1.0    1.0    1.0    1.0    1.0    1.0    1.0    1.0    1.0    1.0    1.0    1.0    1.0    1.0
  1                1.0    1.0    1.0    1.0    1.0    1.0    1.0    1.0    1.0    1.0    1.0    1.0    1.0    1.0    1.0    5.0    1.0    1.0    1.0    1.0    1.0    1.0    1.0    1.0    1.0    1.0
  2                1.0    1.0    1.0    3.0    1.0    5.0    1.0    1.0    1.0    1.0    1.0    4.0    1.0    1.0    1.0   45.0    1.0    1.0    1.0    3.0    1.0    1.0    1.0    1.0    1.0    1.0
  3                1.0    1.0    1.0    5.0    1.0   24.0    1.0    1.0    1.0    1.0    1.0    4.0    1.0    5.0    1.0  176.0    1.0    1.0    1.0   16.0    1.0    1.0    1.0    1.0    1.0    1.0
  4                1.0    1.0    1.0   55.0    1.0   83.0    4.0    2.0   17.0    7.0    1.0   33.0    2.0   28.0    1.0  232.0    1.0    1.0    1.0  101.0    1.0    7.0    1.0    1.0   15.0    1.0
  5                8.0   46.0    1.0  221.0    1.0  218.0    9.0   12.0   44.0   37.0    4.0   59.0   11.0   36.0    8.0   88.0    2.0    1.0   22.0  116.0    3.0   34.0    1.0    7.0  113.0    7.0
  6               23.0  211.0    1.0  237.0    1.0  147.0   15.0   36.0   23.0   42.0   11.0   81.0   40.0  117.0   47.0   53.0    5.0   76.0   59.0   30.0   13.0   22.0   31.0   46.0  101.0   42.0
  7               43.0  289.0    8.0   82.0    2.0   70.0   25.0  115.0   60.0   75.0   30.0   81.0   83.0  127.0   78.0   29.0   42.0  227.0  213.0   57.0   37.0  125.0  142.0  108.0   58.0  109.0
  8              321.0   45.0   17.0   31.0  102.0   59.0   72.0  323.0  401.0  105.0   88.0   75.0  326.0  227.0  341.0   12.0  126.0  199.0  193.0  247.0  265.0  331.0  393.0  334.0  269.0  312.0
  9              163.0   20.0   34.0    8.0  246.0   29.0  169.0   63.0   39.0   91.0   92.0   73.0   74.0   63.0   89.0   12.0  229.0  113.0   72.0   66.0  265.0   95.0   65.0   89.0   72.0   92.0
  10              36.0    1.0   52.0    3.0   74.0    3.0  174.0   19.0   10.0   72.0  125.0  127.0   65.0   26.0   37.0    1.0  152.0   11.0   32.0   13.0   61.0    1.0    2.0   37.0    5.0   40.0
  11              20.0    1.0  107.0    4.0   35.0    1.0  103.0    4.0    3.0   63.0  204.0   64.0   30.0   13.0   11.0    1.0   79.0    1.0    6.0    1.0   12.0    1.0    1.0    7.0    1.0    4.0
  12              18.0    1.0  101.0    1.0   25.0    1.0   41.0    1.0    4.0   36.0   49.0   12.0    3.0    5.0    1.0    1.0   18.0    1.0    1.0    1.0    4.0    1.0    1.0    1.0    1.0    1.0
  13               4.0    1.0  143.0    1.0   27.0    1.0   17.0    1.0    1.0   42.0    5.0   16.0    2.0    2.0    1.0    1.0    1.0    1.0    1.0    1.0    1.0    1.0    1.0    1.0    1.0    1.0
  14               3.0    1.0  103.0    1.0   65.0    1.0    2.0    1.0    1.0   15.0    1.0    1.0    1.0    1.0    1.0    1.0    1.0    1.0    1.0    1.0    1.0    1.0    1.0    1.0    1.0    1.0
  15               1.0    1.0   13.0    1.0   50.0    1.0    1.0    1.0    1.0    3.0    1.0    1.0    1.0    1.0    1.0    1.0    1.0    1.0    1.0    1.0    1.0    1.0    1.0    1.0    1.0    1.0
  [total]        645.0  622.0  585.0  655.0  633.0  645.0  636.0  582.0  608.0  592.0  615.0  633.0  642.0  654.0  620.0  659.0  661.0  637.0  606.0  656.0  668.0  624.0  644.0  637.0  642.0  615.0

x-ege
  0                1.0    1.0   32.0    1.0  158.0  156.0    1.0    1.0  469.0  236.0    1.0  347.0    1.0    1.0    1.0   68.0    1.0    1.0  133.0  176.0    1.0    1.0    1.0    1.0   20.0  169.0
  1               36.0   46.0  281.0    1.0   31.0  182.0   70.0    1.0   22.0  211.0    1.0  119.0    1.0    1.0    1.0  299.0    2.0    2.0   63.0  146.0    1.0    1.0    1.0    1.0  328.0  235.0
  2              326.0  317.0  124.0  168.0  180.0  142.0  352.0   17.0   30.0   46.0   12.0   41.0    1.0    1.0  158.0   81.0  150.0  158.0  251.0  187.0    6.0  234.0    1.0  188.0  100.0   99.0
  3              140.0   76.0   27.0  264.0  145.0   38.0   51.0  363.0   61.0   56.0  290.0   68.0    1.0   15.0  297.0   36.0  376.0  262.0   78.0   78.0  467.0  211.0    2.0  313.0   52.0   86.0
  4               43.0   41.0   53.0   81.0   55.0   59.0   66.0   37.0    9.0   23.0  138.0   13.0    2.0   67.0   48.0   61.0   62.0   55.0   40.0   18.0   36.0   45.0    2.0   95.0   57.0   13.0
  5               60.0   25.0   24.0   79.0   33.0   39.0   22.0   36.0    4.0    7.0   65.0   11.0   29.0  248.0   63.0   63.0   31.0   34.0   25.0   29.0   54.0   41.0   46.0   19.0   41.0    1.0
  6               17.0   66.0   25.0   39.0   15.0   17.0   23.0   77.0    4.0    4.0   55.0   20.0   75.0  248.0    5.0   23.0   14.0   68.0    5.0    8.0   41.0   42.0  129.0   10.0   23.0    3.0
  7                8.0   32.0    7.0   13.0    3.0    1.0   20.0   29.0    1.0    1.0   27.0    6.0  129.0   42.0    5.0   14.0    7.0   37.0    3.0    5.0   22.0   31.0  153.0    2.0    7.0    1.0
  8                7.0   10.0    4.0    2.0    5.0    3.0   12.0    8.0    1.0    1.0   16.0    1.0  195.0   19.0   13.0    4.0    5.0   11.0    1.0    2.0   13.0   10.0  145.0    1.0    4.0    1.0
  9                1.0    2.0    1.0    1.0    2.0    2.0    8.0    7.0    1.0    1.0    2.0    1.0   75.0    6.0    7.0    4.0    5.0    2.0    1.0    1.0    6.0    2.0   83.0    1.0    3.0    1.0
  10               1.0    1.0    2.0    1.0    1.0    1.0    5.0    1.0    1.0    1.0    3.0    1.0   56.0    1.0    9.0    1.0    1.0    2.0    1.0    1.0   10.0    1.0   48.0    1.0    2.0    1.0
  11               1.0    1.0    1.0    1.0    1.0    1.0    2.0    1.0    1.0    1.0    1.0    1.0   38.0    1.0    7.0    1.0    3.0    1.0    1.0    1.0    7.0    1.0   16.0    1.0    1.0    1.0
  12               1.0    1.0    1.0    1.0    1.0    1.0    1.0    1.0    1.0    1.0    1.0    1.0   22.0    1.0    3.0    1.0    1.0    1.0    1.0    1.0    1.0    1.0    5.0    1.0    1.0    1.0
  13               1.0    1.0    1.0    1.0    1.0    1.0    1.0    1.0    1.0    1.0    1.0    1.0    6.0    1.0    1.0    1.0    1.0    1.0    1.0    1.0    1.0    1.0    6.0    1.0    1.0    1.0
  14               1.0    1.0    1.0    1.0    1.0    1.0    1.0    1.0    1.0    1.0    1.0    1.0    7.0    1.0    1.0    1.0    1.0    1.0    1.0    1.0    1.0    1.0    5.0    1.0    1.0    1.0
  15               1.0    1.0    1.0    1.0    1.0    1.0    1.0    1.0    1.0    1.0    1.0    1.0    4.0    1.0    1.0    1.0    1.0    1.0    1.0    1.0    1.0    1.0    1.0    1.0    1.0    1.0
  [total]        645.0  622.0  585.0  655.0  633.0  645.0  636.0  582.0  608.0  592.0  615.0  633.0  642.0  654.0  620.0  659.0  661.0  637.0  606.0  656.0  668.0  624.0  644.0  637.0  642.0  615.0

xegvy
  0                1.0    1.0    1.0    1.0    1.0    1.0    1.0    1.0    1.0    1.0    1.0    1.0    2.0    1.0    1.0    1.0    1.0    1.0    1.0    1.0    1.0    1.0    1.0    1.0    1.0    1.0
  1                2.0    1.0    1.0    1.0    1.0    1.0    1.0    1.0    1.0    1.0    1.0    1.0    9.0    1.0    1.0    1.0    2.0    1.0    1.0    1.0    1.0    1.0    1.0    1.0    1.0    1.0
  2                4.0    1.0    1.0    1.0    1.0    1.0    1.0    1.0    1.0    1.0    2.0    1.0   13.0    1.0    1.0    1.0    1.0    1.0    1.0    1.0    1.0    1.0    1.0    1.0    1.0    1.0
  3               15.0    1.0    1.0    1.0    1.0    1.0    1.0    1.0    1.0    1.0    3.0    1.0   10.0    1.0    1.0    1.0    3.0    1.0    1.0    1.0    1.0    1.0    1.0    1.0    1.0    1.0
  4               21.0    5.0    1.0    3.0    1.0    1.0    1.0    2.0    1.0    1.0    6.0    2.0   13.0    1.0    1.0    1.0    8.0    5.0    1.0    3.0    1.0    1.0    1.0    1.0    1.0    3.0
  5               55.0    7.0    1.0    8.0    1.0    1.0    2.0    2.0    1.0    1.0   19.0   12.0  160.0    1.0    2.0    1.0   14.0   37.0    5.0    2.0    8.0    1.0    1.0   12.0    1.0    6.0
  6              271.0   27.0    6.0   33.0    4.0    1.0    9.0   21.0    5.0  206.0   40.0  133.0  275.0    5.0   13.0    1.0   21.0  128.0   41.0    6.0   15.0    1.0    2.0   24.0    1.0   16.0
  7              205.0   69.0   46.0   81.0   20.0    7.0  139.0   61.0   33.0  268.0  103.0  223.0   46.0   54.0   37.0    2.0   61.0  340.0   78.0   21.0   30.0    5.0    9.0   44.0    2.0   69.0
  8               41.0  430.0  146.0  469.0  467.0  185.0  187.0  400.0  495.0   67.0  386.0  194.0   42.0  315.0  452.0   19.0  280.0   80.0  265.0  205.0   92.0    8.0   33.0  425.0   15.0  376.0
  9               12.0   52.0  247.0   42.0   78.0  167.0  207.0   55.0   51.0   29.0   23.0   25.0   37.0  209.0   84.0  154.0  212.0   25.0  136.0   63.0  430.0   99.0  117.0   73.0   42.0  125.0
  10               7.0   16.0  101.0    9.0   35.0  259.0   51.0   19.0   13.0   11.0   14.0   14.0   10.0   37.0   17.0  416.0   28.0   12.0   65.0   98.0   77.0  323.0  135.0   25.0  147.0   10.0
  11               7.0    8.0   24.0    2.0   16.0   15.0   30.0   13.0    1.0    1.0   10.0   18.0    7.0   21.0    4.0   44.0    4.0    2.0    7.0  162.0    7.0  117.0  240.0   15.0  401.0    2.0
  12               1.0    1.0    6.0    1.0    4.0    2.0    2.0    2.0    1.0    1.0    4.0    5.0    6.0    4.0    2.0   12.0    5.0    1.0    1.0   86.0    1.0   50.0   80.0    7.0   15.0    1.0
  13               1.0    1.0    1.0    1.0    1.0    1.0    2.0    1.0    1.0    1.0    1.0    1.0    9.0    1.0    2.0    3.0    7.0    1.0    1.0    4.0    1.0   12.0   18.0    4.0   11.0    1.0
  14               1.0    1.0    1.0    1.0    1.0    1.0    1.0    1.0    1.0    1.0    1.0    1.0    2.0    1.0    1.0    1.0   11.0    1.0    1.0    1.0    1.0    2.0    3.0    2.0    1.0    1.0
  15               1.0    1.0    1.0    1.0    1.0    1.0    1.0    1.0    1.0    1.0    1.0    1.0    1.0    1.0    1.0    1.0    3.0    1.0    1.0    1.0    1.0    1.0    1.0    1.0    1.0    1.0
  [total]        645.0  622.0  585.0  655.0  633.0  645.0  636.0  582.0  608.0  592.0  615.0  633.0  642.0  654.0  620.0  659.0  661.0  637.0  606.0  656.0  668.0  624.0  644.0  637.0  642.0  615.0

y-ege
  0                1.0    1.0    1.0    1.0    1.0    1.0    1.0  142.0  164.0  257.0    1.0  157.0  142.0  224.0    1.0    1.0    1.0    1.0    1.0  157.0  172.0  168.0  218.0    1.0  162.0    1.0
  1               97.0    1.0    1.0    2.0    1.0   54.0    1.0    1.0  153.0  167.0    5.0  108.0   68.0  193.0    1.0    1.0    1.0    1.0    1.0  155.0  184.0  266.0  172.0    1.0   37.0    1.0
  2              213.0    4.0   56.0   49.0    1.0  251.0    1.0   23.0   56.0   28.0  107.0  136.0  265.0  101.0   61.0   59.0    8.0    4.0    4.0  111.0  141.0   43.0  117.0    7.0  184.0    1.0
  3              168.0    7.0  129.0  298.0   10.0  167.0   20.0  195.0   74.0    2.0  180.0   78.0   55.0   52.0  268.0  225.0   64.0   54.0   33.0   54.0   55.0   52.0   43.0  133.0   54.0    1.0
  4               80.0   49.0  282.0  148.0  104.0   33.0  259.0   82.0   53.0   23.0  130.0   22.0   24.0   16.0  154.0  230.0  117.0  166.0   54.0   43.0   43.0   27.0   38.0  253.0   54.0    5.0
  5               29.0  101.0   43.0   39.0  115.0   21.0  154.0   53.0   57.0   15.0   75.0   15.0   28.0   25.0   98.0   58.0  189.0  154.0  153.0   51.0   33.0   18.0   13.0   31.0   28.0   77.0
  6               17.0  157.0    8.0   34.0  149.0   24.0   89.0   23.0   13.0   35.0   37.0   55.0   22.0   12.0   18.0   44.0  140.0  164.0   13.0   28.0   20.0   13.0    6.0   81.0   40.0  157.0
  7               14.0  127.0   19.0   33.0  144.0   32.0   50.0   19.0    6.0   22.0   30.0   25.0   17.0   18.0    8.0   27.0   67.0   72.0   25.0   25.0    5.0   17.0    4.0   55.0   30.0  133.0
  8               12.0   68.0   24.0   26.0   73.0   34.0   30.0   25.0   15.0   19.0   26.0   24.0    8.0    4.0    2.0    7.0   40.0   11.0   89.0   15.0    7.0   10.0   13.0   41.0   29.0  149.0
  9                3.0   86.0   15.0   11.0   20.0   18.0   20.0    7.0    8.0   13.0   13.0    6.0    6.0    2.0    3.0    1.0   23.0    3.0  170.0    8.0    2.0    2.0   13.0   11.0   11.0   32.0
  10               2.0   12.0    2.0    5.0    7.0    4.0    6.0    4.0    3.0    5.0    6.0    2.0    2.0    2.0    1.0    1.0    6.0    2.0   26.0    2.0    1.0    3.0    2.0   10.0    6.0   32.0
  11               5.0    3.0    1.0    4.0    4.0    2.0    1.0    4.0    2.0    2.0    1.0    1.0    1.0    1.0    1.0    1.0    1.0    1.0   13.0    3.0    1.0    1.0    1.0    7.0    3.0   13.0
  12               1.0    3.0    1.0    2.0    1.0    1.0    1.0    1.0    1.0    1.0    1.0    1.0    1.0    1.0    1.0    1.0    1.0    1.0   11.0    1.0    1.0    1.0    1.0    2.0    1.0    6.0
  13               1.0    1.0    1.0    1.0    1.0    1.0    1.0    1.0    1.0    1.0    1.0    1.0    1.0    1.0    1.0    1.0    1.0    1.0    7.0    1.0    1.0    1.0    1.0    2.0    1.0    4.0
  14               1.0    1.0    1.0    1.0    1.0    1.0    1.0    1.0    1.0    1.0    1.0    1.0    1.0    1.0    1.0    1.0    1.0    1.0    1.0    1.0    1.0    1.0    1.0    1.0    1.0    2.0
  15               1.0    1.0    1.0    1.0    1.0    1.0    1.0    1.0    1.0    1.0    1.0    1.0    1.0    1.0    1.0    1.0    1.0    1.0    5.0    1.0    1.0    1.0    1.0    1.0    1.0    1.0
  [total]        645.0  622.0  585.0  655.0  633.0  645.0  636.0  582.0  608.0  592.0  615.0  633.0  642.0  654.0  620.0  659.0  661.0  637.0  606.0  656.0  668.0  624.0  644.0  637.0  642.0  615.0

yegvx
  0                1.0    1.0    1.0    1.0    1.0    1.0    1.0    1.0    1.0    1.0    1.0    1.0    1.0    2.0    1.0    1.0    1.0    1.0    2.0    1.0    1.0    1.0    1.0    1.0    1.0    1.0
  1                2.0    1.0    1.0    1.0    1.0    1.0    1.0    1.0    1.0    1.0    1.0    1.0    1.0    1.0    1.0    1.0    1.0    1.0   10.0    1.0    6.0    1.0    1.0    1.0    1.0    1.0
  2                4.0    1.0    1.0    1.0    1.0    5.0    1.0    1.0    2.0    1.0    1.0    1.0    2.0    4.0    1.0    1.0    1.0    1.0    8.0    1.0    8.0    1.0    2.0    1.0    1.0    2.0
  3                9.0    1.0    1.0    4.0    3.0    2.0    1.0    1.0    1.0    2.0    2.0    1.0   10.0    9.0    1.0    1.0    1.0    1.0    7.0   13.0   14.0    2.0    2.0    1.0   38.0    3.0
  4               22.0    4.0    2.0   10.0    5.0   12.0    1.0    4.0    3.0   10.0    5.0    1.0    9.0   21.0    2.0    8.0    1.0    5.0    7.0  133.0   13.0    6.0   15.0    3.0  101.0   11.0
  5               26.0    6.0    4.0   44.0   11.0   69.0    1.0    9.0    8.0   13.0   17.0   54.0   33.0   46.0    6.0   20.0    3.0   20.0   14.0  128.0   54.0    6.0   52.0   27.0  117.0   36.0
  6               47.0   23.0   21.0   46.0   27.0  231.0    8.0   44.0   10.0   73.0   56.0  114.0   53.0   94.0   31.0   54.0   16.0   25.0   31.0   41.0  136.0   16.0  143.0   50.0   47.0   38.0
  7              168.0   34.0  130.0  149.0   95.0  182.0   63.0  109.0  119.0  190.0   84.0   46.0  120.0  214.0  100.0  136.0   56.0   29.0   72.0   86.0  123.0  109.0  108.0  138.0   46.0  111.0
  8              264.0   69.0  107.0  278.0  168.0   70.0  102.0  301.0  394.0  244.0   97.0  288.0  330.0  229.0  405.0  325.0  203.0   94.0  315.0  234.0  290.0  425.0  285.0  325.0  260.0  325.0
  9               58.0  222.0  159.0   77.0  156.0   30.0  204.0   67.0   23.0   22.0  110.0   60.0   63.0   17.0   41.0   83.0  180.0   66.0   56.0    9.0   10.0   42.0   14.0   63.0   19.0   52.0
  10              27.0  205.0  127.0   28.0  100.0   14.0  134.0   27.0   25.0   18.0  102.0   38.0   10.0   11.0   15.0   19.0  113.0  160.0   44.0    4.0    8.0    6.0   13.0   20.0    5.0   17.0
  11              13.0   41.0   23.0    8.0   42.0   18.0  100.0   11.0   13.0    8.0  117.0   22.0    4.0    2.0    7.0    6.0   34.0  215.0   29.0    1.0    1.0    5.0    3.0    3.0    1.0   10.0
  12               1.0   11.0    1.0    5.0   19.0    7.0    6.0    3.0    5.0    5.0   12.0    2.0    3.0    1.0    5.0    1.0   21.0   15.0    7.0    1.0    1.0    1.0    2.0    1.0    2.0    5.0
  13               1.0    1.0    5.0    1.0    2.0    1.0    9.0    1.0    1.0    2.0    6.0    2.0    1.0    1.0    1.0    1.0   22.0    2.0    2.0    1.0    1.0    1.0    1.0    1.0    1.0    1.0
  14               1.0    1.0    1.0    1.0    1.0    1.0    3.0    1.0    1.0    1.0    3.0    1.0    1.0    1.0    2.0    1.0    6.0    1.0    1.0    1.0    1.0    1.0    1.0    1.0    1.0    1.0
  15               1.0    1.0    1.0    1.0    1.0    1.0    1.0    1.0    1.0    1.0    1.0    1.0    1.0    1.0    1.0    1.0    2.0    1.0    1.0    1.0    1.0    1.0    1.0    1.0    1.0    1.0
  [total]        645.0  622.0  585.0  655.0  633.0  645.0  636.0  582.0  608.0  592.0  615.0  633.0  642.0  654.0  620.0  659.0  661.0  637.0  606.0  656.0  668.0  624.0  644.0  637.0  642.0  615.0



Time taken to build model: 0.67 seconds
Time taken to test model on training data: 1.61 seconds

=== Error on training data ===

Correctly Classified Instances       12027               75.1688 %
Incorrectly Classified Instances      3973               24.8313 %
Kappa statistic                          0.7417
K&B Relative Info Score            1250665.3539 %
K&B Information Score                58774.2173 bits      3.6734 bits/instance
Class complexity | order 0           75190.9228 bits      4.6994 bits/instance
Class complexity | scheme            24273.314  bits      1.5171 bits/instance
Complexity improvement     (Sf)      50917.6088 bits      3.1824 bits/instance
Mean absolute error                      0.0223
Root mean squared error                  0.1167
Relative absolute error                 30.1523 %
Root relative squared error             60.6989 %
Total Number of Instances            16000     


=== Detailed Accuracy By Class ===

               TP Rate   FP Rate   Precision   Recall  F-Measure   ROC Area  Class
                 0.859     0.007      0.844     0.859     0.851      0.987    A
                 0.779     0.021      0.597     0.779     0.676      0.983    B
                 0.728     0.003      0.898     0.728     0.804      0.99     C
                 0.753     0.014      0.688     0.753     0.719      0.982    D
                 0.643     0.009      0.741     0.643     0.689      0.984    E
                 0.773     0.009      0.781     0.773     0.777      0.981    F
                 0.753     0.014      0.68      0.753     0.715      0.974    G
                 0.564     0.009      0.697     0.564     0.623      0.958    H
                 0.755     0.009      0.769     0.755     0.762      0.971    I
                 0.781     0.003      0.905     0.781     0.839      0.979    J
                 0.703     0.017      0.62      0.703     0.659      0.974    K
                 0.76      0.001      0.981     0.76      0.857      0.966    L
                 0.853     0.017      0.678     0.853     0.755      0.992    M
                 0.795     0.012      0.731     0.795     0.761      0.981    N
                 0.735     0.014      0.679     0.735     0.706      0.98     O
                 0.818     0.007      0.84      0.818     0.829      0.984    P
                 0.738     0.023      0.576     0.738     0.647      0.982    Q
                 0.824     0.019      0.64      0.824     0.721      0.986    R
                 0.68      0.015      0.641     0.68      0.66       0.972    S
                 0.722     0.004      0.87      0.722     0.789      0.978    T
                 0.733     0.005      0.864     0.733     0.793      0.986    U
                 0.791     0.002      0.929     0.791     0.854      0.987    V
                 0.874     0.01       0.785     0.874     0.827      0.995    W
                 0.647     0.008      0.76      0.647     0.699      0.982    X
                 0.74      0.005      0.862     0.74      0.796      0.987    Y
                 0.716     0.004      0.876     0.716     0.788      0.989    Z
Weighted Avg.    0.752     0.01       0.766     0.752     0.754      0.981


=== Confusion Matrix ===

   a   b   c   d   e   f   g   h   i   j   k   l   m   n   o   p   q   r   s   t   u   v   w   x   y   z   <-- classified as
 540   2   0   1   3   0   1   4   0   1   6   1  14  13   6   0   8  11   3   1   0   0   3  10   1   0 |   a = A
   0 472   0  14   0   0   7   1   5   0   9   0  16  18   4   0   5  38   3   0   0   1   6   6   0   1 |   b = B
   0   0 414   0  22   4  36   0   9   0  25   0   4   5   5   0  29   0   4   2   4   0   0   2   2   2 |   c = C
   9  46   1 481   2   5   3  11   3   4   9   0   2   1  16   2   7  31   4   0   0   0   0   2   0   0 |   d = D
   0  11  15   0 397   2  28   2   7   1  35   0   2   2   0   0  29   2  20  11   7   1   2  33   0  10 |   e = E
   0  16   0  19   7 486   6   2   0   1   3   0   1  11   0  23   4   7  21   3   0   0   6  10   1   2 |   f = F
   3   8   9   2   8   2 467   2   1   0   7   0   8   6   8   0  43   8  16   0   0   0  21   1   0   0 |   g = G
   3  22   0  37   0   7   5 319  11   0  43   0  14   9  23   4  12  36   1   0   5   1   4   5   5   0 |   h = H
   1  18   1  24  10   3   1   5 447  14   0   0   0   0   0  12  17   3  31   0   0   0   0   3   2   0 |   i = I
   1  14   0   9   1  11   0   7   3 450   2   0   2   1   2  12  10  20  19   2   1   0   0   3   0   6 |   j = J
   4  16   4  16  22   1   9  17   0   0 421   1  21   4   0   0   2  40   1   0   1   0   1  18   0   0 |   k = K
  16  10   0   0   1   0  11   4   0  18  16 469   5  13   1   0  28   7   8   0   2   0   1   5   0   2 |   l = L
  17   5   0   2   1   0   6   3   0   1  18   0 534  16   4   0   1   8   2   0   0   0   8   0   0   0 |   m = M
   0  13   0  22   0   2   2  13   2   2   3   0  18 507   4   1   0  15   0   0  10   4  19   0   1   0 |   n = N
   2   7   1  13   0   0  27   8  12   0   6   0  11   6 444   3  29  20   1   0   3   0  11   0   0   0 |   o = O
   0   6   0  11   4  34   8   4   0   0   0   0   3   0   2 526  10   1   1   1   0   0  20   0  12   0 |   p = P
   3  11   1   4   1   0  21   2   0   2   5   0   8   3  81   0 476   6  15   0   2   2   0   1   1   0 |   q = Q
   1  22   0  22   0   0   3   8   1   0   4   0  16  18   1   0   7 512   3   0   0   0   0   3   0   0 |   r = R
  28  39   3   2   5   8  12   8  12   0   2   4   2   1   2   5  18  11 401   4   9   2   0   7   0   5 |   s = S
   0   2   1   2  16  20  12   4  20   0  21   0   1   1   0   0   5   1  16 462  15  10   0  11  16   4 |   t = T
   0   3   3   3   2   0   4   4   6   0  11   1  48  34  21   0  23   0   2   0 478   4   2   1   2   0 |   u = U
   0   6   0   0   0   5   5   1   0   0   0   0  15  13   0  20   6   2   1   1   3 481  31   0  18   0 |   v = V
   0   2   0   0   0   0   7  13   0   0   0   0  33   3   2   0   5   0   2   0   2   6 549   0   4   0 |   w = W
   3  23   0   6  10   7   6   9  33   1  32   0   1   1  27   0   1   3  12   4   2   0   0 402   9  29 |   x = X
   0   1   0   6   0  16   0   3   0   0   0   0   9   7   1  18  28   0   8  35   9   6  15   1 463   0 |   y = Y
   9  16   8   3  24   9   0   4   9   2   1   2   0   1   0   0  23  18  31   5   0   0   0   5   0 429 |   z = Z


=== Error on test data ===

Correctly Classified Instances        2934               73.35   %
Incorrectly Classified Instances      1066               26.65   %
Kappa statistic                          0.7228
K&B Relative Info Score             305677.6289 %
K&B Information Score                14365.1244 bits      3.5913 bits/instance
Class complexity | order 0           18810.5263 bits      4.7026 bits/instance
Class complexity | scheme             6773.8559 bits      1.6935 bits/instance
Complexity improvement     (Sf)      12036.6704 bits      3.0092 bits/instance
Mean absolute error                      0.0237
Root mean squared error                  0.1216
Relative absolute error                 32.0482 %
Root relative squared error             63.2404 %
Total Number of Instances             4000     


=== Detailed Accuracy By Class ===

               TP Rate   FP Rate   Precision   Recall  F-Measure   ROC Area  Class
                 0.888     0.008      0.821     0.888     0.853      0.99     A
                 0.75      0.02       0.612     0.75      0.674      0.978    B
                 0.731     0.003      0.904     0.731     0.808      0.99     C
                 0.687     0.016      0.655     0.687     0.671      0.978    D
                 0.589     0.01       0.695     0.589     0.638      0.975    E
                 0.801     0.009      0.765     0.801     0.783      0.983    F
                 0.732     0.016      0.647     0.732     0.687      0.972    G
                 0.637     0.011      0.718     0.637     0.675      0.959    H
                 0.798     0.011      0.747     0.798     0.772      0.968    I
                 0.673     0.003      0.898     0.673     0.769      0.97     J
                 0.679     0.018      0.583     0.679     0.627      0.968    K
                 0.646     0          0.989     0.646     0.782      0.948    L
                 0.825     0.014      0.717     0.825     0.768      0.992    M
                 0.807     0.011      0.741     0.807     0.772      0.983    N
                 0.752     0.015      0.667     0.752     0.707      0.978    O
                 0.794     0.007      0.83      0.794     0.812      0.971    P
                 0.667     0.024      0.5       0.667     0.571      0.978    Q
                 0.745     0.021      0.557     0.745     0.638      0.981    R
                 0.62      0.015      0.632     0.62      0.626      0.964    S
                 0.718     0.006      0.836     0.718     0.772      0.977    T
                 0.77      0.005      0.867     0.77      0.816      0.989    U
                 0.75      0.005      0.867     0.75      0.804      0.985    V
                 0.847     0.011      0.719     0.847     0.778      0.992    W
                 0.699     0.008      0.789     0.699     0.741      0.98     X
                 0.7       0.007      0.818     0.7       0.754      0.984    Y
                 0.793     0.005      0.849     0.793     0.82       0.989    Z
Weighted Avg.    0.734     0.011      0.75      0.734     0.736      0.978


=== Confusion Matrix ===

   a   b   c   d   e   f   g   h   i   j   k   l   m   n   o   p   q   r   s   t   u   v   w   x   y   z   <-- classified as
 142   0   0   0   0   0   0   1   0   2   2   0   2   2   0   0   0   1   3   0   0   0   2   2   1   0 |   a = A
   0 120   0   4   0   0   1   2   2   0   1   0   5   4   1   0   2  13   1   0   0   1   3   0   0   0 |   b = B
   0   0 122   0   6   2  12   0   4   0   9   0   1   2   1   1   4   0   2   0   0   0   0   0   1   0 |   c = C
   3  13   0 114   0   0   2   5   1   0   4   0   0   0   7   2   1  13   1   0   0   0   0   0   0   0 |   d = D
   0   1   4   0  89   2   5   0   5   0   8   0   0   0   0   0   8   1   2   5   6   0   2  10   0   3 |   e = E
   0   5   0   3   0 117   1   1   1   0   1   0   0   3   0   0   0   1   8   2   0   0   0   0   3   0 |   f = F
   3   0   2   2   0   0 112   0   1   0   3   0   2   0   0   0  20   0   6   0   0   0   2   0   0   0 |   g = G
   0   8   0   9   2   1   1 107   2   0   6   0   3   2   5   1   1   9   0   0   1   3   4   1   2   0 |   h = H
   1   2   0   9   4   0   0   0 130   2   0   0   0   0   0   1   5   1   3   0   1   0   0   2   2   0 |   i = I
   1   4   0   6   1   5   0   3   2 115   1   0   0   0   1   3   5   8   8   0   1   0   0   3   0   4 |   j = J
   0   4   0   1  11   1   3   3   0   0  95   1   4   1   0   0   0   9   1   0   1   0   0   5   0   0 |   k = K
   7   4   2   0   0   0   6   0   0   5   6  93   1   5   0   0  13   0   1   1   0   0   0   0   0   0 |   l = L
   5   0   0   2   1   0   0   2   0   1   7   0 137   2   0   0   0   5   0   0   1   0   3   0   0   0 |   m = M
   0   0   0   5   0   0   0   3   2   1   1   0   4 117   2   0   0   4   0   0   0   2   3   1   0   0 |   n = N
   0   1   1   3   0   0   5   1   4   0   2   0   3   2 112   3   3   5   0   0   2   0   2   0   0   0 |   o = O
   0   3   0   2   3   7   4   2   0   0   1   0   0   1   2 127   4   0   0   0   0   0   3   0   1   0 |   p = P
   1   2   0   0   0   0   6   1   0   1   3   0   1   0  22   0  92   3   5   0   1   0   0   0   0   0 |   q = Q
   0   5   0   8   1   0   1   2   0   0   0   0   7   9   0   0   1 102   1   0   0   0   0   0   0   0 |   r = R
   7  14   0   2   2   5   3   4   2   0   2   0   1   0   0   0   3   4  98   3   0   0   0   2   0   6 |   s = S
   0   2   2   0   3   1   5   2   6   0   3   0   0   1   1   0   1   0   3 112   2   5   0   3   4   0 |   t = T
   0   1   1   2   0   0   1   2   2   0   1   0   8   5   5   0   6   0   0   0 124   1   2   0   0   0 |   u = U
   0   1   0   0   0   1   1   1   0   0   0   0   3   1   0   7   4   0   0   1   0 117   9   0  10   0 |   v = V
   0   1   0   0   0   0   3   6   0   0   0   0   6   0   0   0   1   0   1   0   0   0 105   0   1   0 |   w = W
   1   3   0   1   3   1   1   0   9   0   7   0   0   0   9   0   2   0   4   1   2   0   0 116   0   6 |   x = X
   0   0   0   0   0   4   0   1   0   0   0   0   3   0   0   8   7   0   3   9   1   6   6   0 112   0 |   y = Y
   2   2   1   1   2   6   0   0   1   1   0   0   0   1   0   0   1   4   4   0   0   0   0   2   0 107 |   z = Z

