
Radial basis function network
(Logistic regression applied to K-means clusters as basis functions):

Logistic Regression with ridge parameter of 1.0E-8
Coefficients...
                                 Class
Variable                           CYT                     NUC                     MIT                     ME3                     ME2                     ME1                     EXC                     VAC                     POX
======================================================================================================================================================================================================================================
pCluster_0_0                   45.4739                 40.0878                 67.0285                 57.8369                101.9355                -32.3026                153.6539                389.3013                187.5597
pCluster_0_1                  -18.0514                -24.8581                  0.9667                 -4.2241               -126.8012                 24.6586               -899.9638                355.0726                148.6789
pCluster_1_0                   21.1941                 26.8726                 47.9614                 40.6068                 98.7241                  3.0992                115.3004                 399.096                188.3103
pCluster_1_1                   47.5521                 67.1491                 81.9321                 77.5111               -806.0305               -165.7671                162.3309                411.1563                230.3894
pCluster_2_0                   20.7781                 20.8801                 56.8219                 38.2026                -81.8309                 -4.0804                143.2365                400.4953                176.0751
pCluster_2_1                 -129.2327               -114.5405                -47.6205                -91.8072              -2827.4394               -362.0221               -456.4329               -257.3451              -3928.5365
pCluster_3_0                   -5.9842                 -2.8846                 19.6568                 28.6999                  29.236                -153.851                  59.347                353.6932                118.0334
pCluster_3_1                  186.2821                181.8847                154.5417                246.7341               -315.1537                294.4752                  71.599                539.8998              -1732.0583
pCluster_4_0                 -437.7871               -437.3513               -428.1001               -431.4382               2834.7063                326.9143               -170.1593                256.2163              -2221.9112
pCluster_4_1                -3499.0773              -3105.4604              -3031.3192              -2031.3582              26318.9963               -916.0561              -8796.3272               6095.9874              -22531.736
pCluster_5_0                 -429.7536               -429.0132               -400.7601               -575.5685                -188.223                 310.883               -426.6071                352.4061                -61.7611
pCluster_5_1                20784.7045               21206.716              20104.0108              19816.3128               -1258.146              21402.3912                 90.7869             -98943.8342              -3515.0184
pCluster_6_0                   81.8086                  84.757                 68.3558                139.2328                -844.816               -1178.192               2464.4234                138.2605              -2508.6116
pCluster_6_1                 5237.5362               5634.9162               5810.4753               6035.0321              -3354.1775              -2473.9276              13521.7968             -65770.7615             -12840.1148
pCluster_7_0                  826.4957                 769.599                832.1265                639.7196               1190.6425                893.6577              -1540.1877               1862.2916              -9020.6379
pCluster_7_1                -2242.4757              -2725.4667              -2889.5597              -2939.3311            -137847.1482               3632.4935            -107843.9047              11700.2048             -86780.3926
pCluster_8_0                -2330.6346               -2177.156              -2248.8556              -2213.5611               -539.2124               -150.2982              -2501.8814                -759.612              10655.1024
pCluster_8_1                18467.1512               7265.6938              26219.8687                989.0978                 175.788                 436.028                314.3609             -81884.0093              27442.5056
pCluster_9_0                 -307.1551               -567.5791              -15984.904              -4790.2841              -2329.2732              -2199.4338              -1726.5809             -51901.2738               -785.0424
pCluster_9_1                -7721.4476              -5188.3064               -655.0125                 -9.7183              -1372.3534               -573.3798                109.6455            -119244.4098                 756.892
Intercept                      88.7076                 88.5459                 61.5117                  68.474                -35.1394                  0.8216                -34.4796               -288.3076                -86.5564


Odds Ratios...
                                 Class
Variable                           CYT                     NUC                     MIT                     ME3                     ME2                     ME1                     EXC                     VAC                     POX
======================================================================================================================================================================================================================================
pCluster_0_0     5.6113104245155545E19  2.56979926424092576E17   1.2886123464432505E29   1.3130021203343015E25    1.862146312060448E44                       0    5.383072396917249E66  1.1786521328202676E169   2.8585675660594367E81
pCluster_0_1                         0                       0                  2.6294                  0.0146                       0   5.1177024967497086E10                       0  1.6071652970961985E154    3.718860348709192E64
pCluster_1_0           1601281362.7368    4.683903799335357E11    6.750753422333694E20    4.318410350189824E17    7.504627246333363E42                 22.1802    1.186673811508716E50  2.1144069248091022E173    6.054859821170609E81
pCluster_1_1     4.4833375425728486E20     1.45370051493397E29    3.825123604267354E35   4.5986520797787803E33                       0                       0    3.157884459572601E70   3.655129389456254E178  1.1398101680378051E100
pCluster_2_0           1056370585.2651         1169834640.0652   4.7580297142964855E24   3.9010563927033672E16                       0                  0.0169     1.61002738276042E62   8.568775295754594E173    2.940793739383239E76
pCluster_2_1                         0                       0                       0                       0                       0                       0                       0                       0                       0
pCluster_3_0                    0.0025                  0.0559          344219267.1579   2.9121605628689863E12    4.977821090468009E12                       0    5.943875408043852E25  4.0458307207268834E153     1.82501012187058E51
pCluster_3_1      7.967251080978234E80    9.806506392106833E78   1.3080520968515506E67  1.4297240445306588E107                       0   7.744105565860061E127    1.244664953303951E31  2.9889391006018886E234                       0
pCluster_4_0                         0                       0                       0                       0                Infinity   9.485776941033263E141                       0  1.8764199348489616E111                       0
pCluster_4_1                         0                       0                       0                       0                Infinity                       0                       0                Infinity                       0
pCluster_5_0                         0                       0                       0                       0                       0  1.0346131185659114E135                       0  1.1169299980341272E153                       0
pCluster_5_1                  Infinity                Infinity                Infinity                Infinity                       0                Infinity   2.6807896861521258E39                       0                       0
pCluster_6_0      3.380968884840861E35    6.448901856175014E36    4.858840650517782E29   2.9377635211238484E60                       0                       0                Infinity   1.1111582537259515E60                       0
pCluster_6_1                  Infinity                Infinity                Infinity                Infinity                       0                       0                Infinity                       0                       0
pCluster_7_0                  Infinity                Infinity                Infinity   6.709262261524569E277                Infinity                Infinity                       0                Infinity                       0
pCluster_7_1                         0                       0                       0                       0                       0                Infinity                       0                Infinity                       0
pCluster_8_0                         0                       0                       0                       0                       0                       0                       0                       0                Infinity
pCluster_8_1                  Infinity                Infinity                Infinity                Infinity   2.2068449348604763E76   2.315110334046589E189   3.351173455979239E136                       0                Infinity
pCluster_9_0                         0                       0                       0                       0                       0                       0                       0                       0                       0
pCluster_9_1                         0                       0                       0                  0.0001                       0                       0    4.153603764504248E47                       0                Infinity


Time taken to build model: 123.09 seconds
Time taken to test model on training data: 0.06 seconds

=== Error on training data ===

Correctly Classified Instances        1072               90.3117 %
Incorrectly Classified Instances       115                9.6883 %
Kappa statistic                          0.8746
K&B Relative Info Score             103590.8247 %
K&B Information Score                 2595.441  bits      2.1866 bits/instance
Class complexity | order 0            2955.014  bits      2.4895 bits/instance
Class complexity | scheme              453.3281 bits      0.3819 bits/instance
Complexity improvement     (Sf)       2501.6859 bits      2.1076 bits/instance
Mean absolute error                      0.0282
Root mean squared error                  0.1201
Relative absolute error                 18.1859 %
Root relative squared error             43.1794 %
Total Number of Instances             1187     


=== Detailed Accuracy By Class ===

               TP Rate   FP Rate   Precision   Recall  F-Measure   ROC Area  Class
                 0.9       0.061      0.869     0.9       0.884      0.977    CYT
                 0.878     0.053      0.878     0.878     0.878      0.976    NUC
                 0.846     0.013      0.917     0.846     0.88       0.99     MIT
                 0.956     0.006      0.956     0.956     0.956      0.999    ME3
                 1         0          1         1         1          1        ME2
                 1         0          1         1         1          1        ME1
                 1         0          1         1         1          1        EXC
                 0.923     0.002      0.923     0.923     0.923      1        VAC
                 1         0          1         1         1          1        POX
                 1         0          1         1         1          1        ERL
Weighted Avg.    0.903     0.038      0.904     0.903     0.903      0.984


=== Confusion Matrix ===

   a   b   c   d   e   f   g   h   i   j   <-- classified as
 333  30   6   0   0   0   0   1   0   0 |   a = CYT
  31 316   6   6   0   0   0   1   0   0 |   b = NUC
  16  10 143   0   0   0   0   0   0   0 |   c = MIT
   1   4   1 129   0   0   0   0   0   0 |   d = ME3
   0   0   0   0  41   0   0   0   0   0 |   e = ME2
   0   0   0   0   0  39   0   0   0   0 |   f = ME1
   0   0   0   0   0   0  27   0   0   0 |   g = EXC
   2   0   0   0   0   0   0  24   0   0 |   h = VAC
   0   0   0   0   0   0   0   0  16   0 |   i = POX
   0   0   0   0   0   0   0   0   0   4 |   j = ERL


=== Error on test data ===

Correctly Classified Instances         116               39.0572 %
Incorrectly Classified Instances       181               60.9428 %
Kappa statistic                          0.2073
K&B Relative Info Score               8732.2603 %
K&B Information Score                  218.7845 bits      0.7366 bits/instance
Class complexity | order 0             746.0557 bits      2.512  bits/instance
Class complexity | scheme            12819.576  bits     43.1636 bits/instance
Complexity improvement     (Sf)     -12073.5203 bits    -40.6516 bits/instance
Mean absolute error                      0.1208
Root mean squared error                  0.3071
Relative absolute error                 77.069  %
Root relative squared error            109.2265 %
Total Number of Instances              297     


=== Detailed Accuracy By Class ===

               TP Rate   FP Rate   Precision   Recall  F-Measure   ROC Area  Class
                 0.441     0.299      0.402     0.441     0.421      0.693    CYT
                 0.42      0.311      0.29      0.42      0.343      0.611    NUC
                 0.36      0.068      0.643     0.36      0.462      0.713    MIT
                 0.464     0.037      0.565     0.464     0.51       0.847    ME3
                 0.2       0.042      0.143     0.2       0.167      0.624    ME2
                 0.6       0.003      0.75      0.6       0.667      0.796    ME1
                 0.125     0.003      0.5       0.125     0.2        0.521    EXC
                 0         0.017      0         0         0          0.283    VAC
                 0         0.01       0         0         0          0.208    POX
                 0         0.007      0         0         0          0.909    ERL
Weighted Avg.    0.391     0.188      0.44      0.391     0.398      0.677


=== Confusion Matrix ===

  a  b  c  d  e  f  g  h  i  j   <-- classified as
 41 39 10  2  0  0  0  1  0  0 |  a = CYT
 33 29  3  1  1  0  0  0  2  0 |  b = NUC
 23 12 27  5  7  0  0  0  1  0 |  c = MIT
  5  7  0 13  0  0  0  3  0  0 |  d = ME3
  0  4  0  1  2  0  0  1  0  2 |  e = ME2
  0  0  0  0  2  3  0  0  0  0 |  f = ME1
  0  4  0  0  2  1  1  0  0  0 |  g = EXC
  0  2  0  1  0  0  1  0  0  0 |  h = VAC
  0  2  2  0  0  0  0  0  0  0 |  i = POX
  0  1  0  0  0  0  0  0  0  0 |  j = ERL

