ACTIVATION SET: 
[['']]
OUTPUT ACTIVATION: ['S']
TESTING INPUT: 
[[2, 0], [4, 0], [0, 3], [3, 4], [3, 1], [2, 1], [2, 0], [2, 3], [2, 3], [4, 2], [4, 0], [0, 1], [4, 2], [3, 3], [3, 3], [1, 3]]
OUTPUT: 
[2, 0]
[4895.145006266452]
RB OUTPUT: 1601
[4, 0]
[13964.751793989333]
RB OUTPUT: 25609
[0, 3]
[-2249.4423447867293]
RB OUTPUT: 901
[3, 4]
[7933.575714192847]
RB OUTPUT: 2504
[3, 1]
[8926.630025362843]
RB OUTPUT: 6404
[2, 1]
[4599.408432358489]
RB OUTPUT: 901
[2, 0]
[4895.145006266452]
RB OUTPUT: 1601
[2, 3]
[4019.1646210831705]
RB OUTPUT: 101
[2, 3]
[4019.1646210831705]
RB OUTPUT: 101
[4, 2]
[13273.53930944343]
RB OUTPUT: 19609
[4, 0]
[13964.751793989333]
RB OUTPUT: 25609
[0, 1]
[-1898.7195744995106]
RB OUTPUT: 101
[4, 2]
[13273.53930944343]
RB OUTPUT: 19609
[3, 3]
[8262.32430282484]
RB OUTPUT: 3604
[3, 3]
[8262.32430282484]
RB OUTPUT: 3604
[1, 3]
[484.89882288988315]
RB OUTPUT: 400
