ACTIVATION SET: 
[['']]
OUTPUT ACTIVATION: ['L']
TESTING INPUT: 
[[0, 4], [2, 1], [2, 1], [3, 3], [3, 1], [4, 2], [0, 3], [2, 2], [0, 4], [2, 1], [0, 1], [2, 2], [1, 0], [2, 2], [1, 4], [0, 4]]
OUTPUT: 
[0, 4]
[-8402.999999999998]
RB OUTPUT: 1601
[2, 1]
[-8402.999999999998]
RB OUTPUT: 901
[2, 1]
[-8402.999999999998]
RB OUTPUT: 901
[3, 3]
[-8402.999999999998]
RB OUTPUT: 3604
[3, 1]
[-8402.999999999998]
RB OUTPUT: 6404
[4, 2]
[-8402.999999999998]
RB OUTPUT: 19609
[0, 3]
[-8402.999999999998]
RB OUTPUT: 901
[2, 2]
[-8402.999999999998]
RB OUTPUT: 401
[0, 4]
[-8402.999999999998]
RB OUTPUT: 1601
[2, 1]
[-8402.999999999998]
RB OUTPUT: 901
[0, 1]
[-8402.999999999998]
RB OUTPUT: 101
[2, 2]
[-8402.999999999998]
RB OUTPUT: 401
[1, 0]
[-8402.999999999998]
RB OUTPUT: 100
[2, 2]
[-8402.999999999998]
RB OUTPUT: 401
[1, 4]
[-8402.999999999998]
RB OUTPUT: 900
[0, 4]
[-8402.999999999998]
RB OUTPUT: 1601
