ACTIVATION SET: 
[['S', 'S', 'S']]
OUTPUT ACTIVATION: ['S']
TRAINING INPUT: 
[[1, 2], [3, 3], [0, 4], [0, 2], [4, 1], [2, 1], [0, 4], [4, 0], [1, 3], [2, 1], [4, 2], [3, 2], [0, 4], [4, 1], [4, 2], [2, 1]]
OUTPUT: 
[1, 2]
[375.62828739294883]
RB OUTPUT: 100
[3, 3]
[1852.0350655481113]
RB OUTPUT: 3604
[0, 4]
[938.3408578824394]
RB OUTPUT: 1601
[0, 2]
[561.2604759546309]
RB OUTPUT: 401
[4, 1]
[24429.272197376755]
RB OUTPUT: 22509
[2, 1]
[870.8258846962384]
RB OUTPUT: 901
[0, 4]
[938.3408578824394]
RB OUTPUT: 1601
[4, 0]
[25597.322866390663]
RB OUTPUT: 25609
[1, 3]
[598.7450849985246]
RB OUTPUT: 400
[2, 1]
[870.8258846962384]
RB OUTPUT: 901
[4, 2]
[19197.10081221265]
RB OUTPUT: 19609
[3, 2]
[4894.944644247474]
RB OUTPUT: 4904
[0, 4]
[938.3408578824394]
RB OUTPUT: 1601
[4, 1]
[24429.272197376755]
RB OUTPUT: 22509
[4, 2]
[19197.10081221265]
RB OUTPUT: 19609
[2, 1]
[870.8258846962384]
RB OUTPUT: 901
