ACTIVATION SET: 
[['L', 'L', 'L']]
OUTPUT ACTIVATION: ['L']
TRAINING INPUT: 
[[2, 0], [3, 0], [0, 4], [3, 4], [4, 1], [0, 1], [3, 1], [1, 2], [2, 0], [3, 4], [3, 4], [3, 4], [2, 2], [2, 0], [0, 2], [3, 4]]
OUTPUT: 
[2, 0]
[-8402.999999999998]
RB OUTPUT: 1601
[3, 0]
[-8402.999999999998]
RB OUTPUT: 8104
[0, 4]
[-8402.999999999998]
RB OUTPUT: 1601
[3, 4]
[-8402.999999999998]
RB OUTPUT: 2504
[4, 1]
[-8402.999999999998]
RB OUTPUT: 22509
[0, 1]
[-8402.999999999998]
RB OUTPUT: 101
[3, 1]
[-8402.999999999998]
RB OUTPUT: 6404
[1, 2]
[-8402.999999999998]
RB OUTPUT: 100
[2, 0]
[-8402.999999999998]
RB OUTPUT: 1601
[3, 4]
[-8402.999999999998]
RB OUTPUT: 2504
[3, 4]
[-8402.999999999998]
RB OUTPUT: 2504
[3, 4]
[-8402.999999999998]
RB OUTPUT: 2504
[2, 2]
[-8402.999999999998]
RB OUTPUT: 401
[2, 0]
[-8402.999999999998]
RB OUTPUT: 1601
[0, 2]
[-8402.999999999998]
RB OUTPUT: 401
[3, 4]
[-8402.999999999998]
RB OUTPUT: 2504
