ACTIVATION SET: 
[['S', 'S', 'S'], ['S', 'S']]
OUTPUT ACTIVATION: ['S']
TESTING INPUT: 
[[4, 0], [3, 4], [2, 1], [0, 2], [3, 2], [4, 0], [0, 1], [1, 3], [3, 4], [1, 2], [3, 1], [0, 4], [3, 2], [4, 0], [4, 0], [1, 4]]
OUTPUT: 
[4, 0]
[25600.348128138805]
RB OUTPUT: 25609
[3, 4]
[3424.8774173281045]
RB OUTPUT: 2504
[2, 1]
[814.3109517373448]
RB OUTPUT: 901
[0, 2]
[318.58210894754]
RB OUTPUT: 401
[3, 2]
[4908.990038378291]
RB OUTPUT: 4904
[4, 0]
[25600.348128138805]
RB OUTPUT: 25609
[0, 1]
[126.68166528015831]
RB OUTPUT: 101
[1, 3]
[643.6681726118273]
RB OUTPUT: 400
[3, 4]
[3424.8774173281045]
RB OUTPUT: 2504
[1, 2]
[399.41577840484575]
RB OUTPUT: 100
[3, 1]
[8261.730257187073]
RB OUTPUT: 6404
[0, 4]
[517.8906345123019]
RB OUTPUT: 1601
[3, 2]
[4908.990038378291]
RB OUTPUT: 4904
[4, 0]
[25600.348128138805]
RB OUTPUT: 25609
[4, 0]
[25600.348128138805]
RB OUTPUT: 25609
[1, 4]
[846.2704441519685]
RB OUTPUT: 900
