ACTIVATION SET: 
[['L', 'L', 'L'], ['L', 'L']]
OUTPUT ACTIVATION: ['L']
TRAINING INPUT: 
[[2, 3, 1, 3, 4, 0], [1, 4, 4, 0, 0, 3], [1, 1, 0, 3, 2, 2], [1, 2, 4, 1, 4, 1], [1, 4, 1, 0, 3, 4], [1, 2, 1, 1, 0, 2], [0, 2, 0, 2, 0, 1], [0, 3, 1, 0, 2, 1], [0, 3, 2, 1, 1, 0], [4, 1, 2, 2, 1, 1], [1, 0, 0, 4, 3, 1], [3, 3, 3, 3, 2, 3], [3, 2, 2, 3, 1, 4], [3, 1, 1, 2, 2, 4], [4, 4, 0, 0, 4, 4], [3, 2, 2, 4, 2, 1]]
OUTPUT: 
[2, 3, 1, 3, 4, 0]
[-3907.0]
RB OUTPUT: 35018
[1, 4, 4, 0, 0, 3]
[-3907.0]
RB OUTPUT: 41820
[1, 1, 0, 3, 2, 2]
[-3907.0]
RB OUTPUT: 6306
[1, 2, 4, 1, 4, 1]
[-3907.0]
RB OUTPUT: 46019
[1, 4, 1, 0, 3, 4]
[-3907.0]
RB OUTPUT: 26914
[1, 2, 1, 1, 0, 2]
[-3907.0]
RB OUTPUT: 1502
[0, 2, 0, 2, 0, 1]
[-3907.0]
RB OUTPUT: 4105
[0, 3, 1, 0, 2, 1]
[-3907.0]
RB OUTPUT: 8707
[0, 3, 2, 1, 1, 0]
[-3907.0]
RB OUTPUT: 6806
[4, 1, 2, 2, 1, 1]
[-3907.0]
RB OUTPUT: 23911
[1, 0, 0, 4, 3, 1]
[-3907.0]
RB OUTPUT: 25015
[3, 3, 3, 3, 2, 3]
[-3907.0]
RB OUTPUT: 15817
[3, 2, 2, 3, 1, 4]
[-3907.0]
RB OUTPUT: 12710
[3, 1, 1, 2, 2, 4]
[-3907.0]
RB OUTPUT: 6906
[4, 4, 0, 0, 4, 4]
[-3907.0]
RB OUTPUT: 56029
[3, 2, 2, 4, 2, 1]
[-3907.0]
RB OUTPUT: 25816
