ACTIVATION SET: 
[['']]
OUTPUT ACTIVATION: ['S']
TRAINING INPUT: 
[[2, 0, 3], [4, 2, 3], [3, 0, 1], [3, 3, 0], [4, 3, 1], [1, 2, 2], [2, 1, 3], [1, 2, 3], [2, 4, 3], [1, 4, 4], [1, 4, 4], [4, 0, 0], [1, 3, 4], [3, 3, 4], [2, 2, 4], [4, 4, 4]]
OUTPUT: 
[2, 0, 3]
[4592.810405965973]
RB OUTPUT: 2502
[4, 2, 3]
[21534.299211232475]
RB OUTPUT: 19710
[3, 0, 1]
[7195.915134245294]
RB OUTPUT: 8205
[3, 3, 0]
[19038.142998983232]
RB OUTPUT: 11708
[4, 3, 1]
[23717.78546791195]
RB OUTPUT: 23313
[1, 2, 2]
[7434.684756716525]
RB OUTPUT: 501
[2, 1, 3]
[8483.557680357933]
RB OUTPUT: 1301
[1, 2, 3]
[8212.350650840202]
RB OUTPUT: 201
[2, 4, 3]
[21036.93305941943]
RB OUTPUT: 16910
[1, 4, 4]
[17543.820389245288]
RB OUTPUT: 15309
[1, 4, 4]
[17543.820389245288]
RB OUTPUT: 15309
[4, 0, 0]
[10817.86111573402]
RB OUTPUT: 25610
[1, 3, 4]
[13270.671346446114]
RB OUTPUT: 2904
[3, 3, 4]
[21998.646108280835]
RB OUTPUT: 6108
[2, 2, 4]
[13556.804016290764]
RB OUTPUT: 402
[4, 4, 4]
[28208.34933379025]
RB OUTPUT: 28818
