ACTIVATION SET: 
[['']]
OUTPUT ACTIVATION: ['L']
TESTING INPUT: 
[[3, 3, 1], [0, 4, 4], [3, 0, 1], [2, 1, 3], [4, 2, 4], [0, 4, 1], [4, 0, 3], [1, 2, 3], [2, 3, 1], [4, 0, 0], [0, 2, 2], [0, 1, 4], [1, 4, 2], [4, 1, 3], [2, 1, 3], [2, 4, 0]]
OUTPUT: 
[3, 3, 1]
[35279.666666666664]
RB OUTPUT: 10008
[0, 4, 4]
[-8568.666666666666]
RB OUTPUT: 16010
[3, 0, 1]
[35279.666666666664]
RB OUTPUT: 8205
[2, 1, 3]
[35279.666666666664]
RB OUTPUT: 1301
[4, 2, 4]
[35279.666666666664]
RB OUTPUT: 19610
[0, 4, 1]
[35279.666666666664]
RB OUTPUT: 24110
[4, 0, 3]
[35279.666666666664]
RB OUTPUT: 26510
[1, 2, 3]
[-8568.666666666666]
RB OUTPUT: 201
[2, 3, 1]
[35279.666666666664]
RB OUTPUT: 6505
[4, 0, 0]
[35279.666666666664]
RB OUTPUT: 25610
[0, 2, 2]
[-8568.666666666666]
RB OUTPUT: 802
[0, 1, 4]
[-8568.666666666666]
RB OUTPUT: 1001
[1, 4, 2]
[35279.666666666664]
RB OUTPUT: 20509
[4, 1, 3]
[35279.666666666664]
RB OUTPUT: 22909
[2, 1, 3]
[35279.666666666664]
RB OUTPUT: 1301
[2, 4, 0]
[35279.666666666664]
RB OUTPUT: 25610
