ACTIVATION SET: 
[['S', 'S', 'S']]
OUTPUT ACTIVATION: ['S']
TESTING INPUT: 
[[1, 1, 1], [4, 1, 4], [4, 2, 2], [2, 2, 0], [0, 1, 2], [0, 2, 3], [0, 2, 0], [2, 0, 0], [0, 1, 1], [4, 4, 3], [1, 4, 3], [2, 1, 3], [3, 3, 0], [4, 0, 4], [3, 4, 2], [4, 0, 1]]
OUTPUT: 
[1, 1, 1]
[137.95002313695085]
RB OUTPUT: 0
[4, 1, 4]
[22827.782709736035]
RB OUTPUT: 23409
[4, 2, 2]
[20982.11591570191]
RB OUTPUT: 20010
[2, 2, 0]
[1985.0852403707036]
RB OUTPUT: 2002
[0, 1, 2]
[580.8654698903555]
RB OUTPUT: 201
[0, 2, 3]
[1147.911907073885]
RB OUTPUT: 502
[0, 2, 0]
[1432.2799807936296]
RB OUTPUT: 2002
[2, 0, 0]
[1767.9638690281433]
RB OUTPUT: 1602
[0, 1, 1]
[568.9846717485725]
RB OUTPUT: 101
[4, 4, 3]
[27108.200551583057]
RB OUTPUT: 31318
[1, 4, 3]
[17985.92501807353]
RB OUTPUT: 17809
[2, 1, 3]
[1465.5308826800965]
RB OUTPUT: 1301
[3, 3, 0]
[13329.251715158614]
RB OUTPUT: 11708
[4, 0, 4]
[26139.55385316374]
RB OUTPUT: 27210
[3, 4, 2]
[22189.751981269244]
RB OUTPUT: 22113
[4, 0, 1]
[27258.799588071033]
RB OUTPUT: 25710
