ACTIVATION SET: 
[['L', 'L', 'L']]
OUTPUT ACTIVATION: ['L']
TESTING INPUT: 
[[0, 1, 2], [2, 2, 1], [2, 1, 4], [1, 0, 2], [1, 3, 4], [0, 1, 1], [3, 4, 1], [0, 1, 4], [3, 4, 4], [2, 3, 2], [2, 0, 3], [2, 4, 1], [0, 1, 1], [0, 0, 4], [3, 1, 0], [0, 1, 0]]
OUTPUT: 
[0, 1, 2]
[-8568.666666666666]
RB OUTPUT: 201
[2, 2, 1]
[-8568.666666666666]
RB OUTPUT: 1302
[2, 1, 4]
[-8568.666666666666]
RB OUTPUT: 1801
[1, 0, 2]
[-8568.666666666666]
RB OUTPUT: 501
[1, 3, 4]
[-8568.666666666666]
RB OUTPUT: 2904
[0, 1, 1]
[-8568.666666666666]
RB OUTPUT: 101
[3, 4, 1]
[-8568.666666666666]
RB OUTPUT: 25013
[0, 1, 4]
[-8568.666666666666]
RB OUTPUT: 1001
[3, 4, 4]
[-8568.666666666666]
RB OUTPUT: 16913
[2, 3, 2]
[-8568.666666666666]
RB OUTPUT: 5005
[2, 0, 3]
[-8568.666666666666]
RB OUTPUT: 2502
[2, 4, 1]
[-8568.666666666666]
RB OUTPUT: 22510
[0, 1, 1]
[-8568.666666666666]
RB OUTPUT: 101
[0, 0, 4]
[-8568.666666666666]
RB OUTPUT: 1602
[3, 1, 0]
[-8568.666666666666]
RB OUTPUT: 6504
[0, 1, 0]
[-8568.666666666666]
RB OUTPUT: 201
