ACTIVATION SET: 
[['S', 'S', 'S'], ['S', 'S']]
OUTPUT ACTIVATION: ['S']
TESTING INPUT: 
[[3, 0, 3], [4, 1, 0], [1, 2, 2], [2, 4, 0], [3, 0, 2], [0, 3, 2], [0, 1, 3], [3, 0, 4], [4, 3, 3], [3, 3, 1], [4, 0, 4], [0, 1, 0], [0, 1, 0], [3, 3, 0], [0, 4, 4], [1, 0, 2]]
OUTPUT: 
[3, 0, 3]
[23985.77112214891]
RB OUTPUT: 9005
[4, 1, 0]
[13543.53894843808]
RB OUTPUT: 22609
[1, 2, 2]
[1244.9932551338627]
RB OUTPUT: 501
[2, 4, 0]
[27162.03610983743]
RB OUTPUT: 25610
[3, 0, 2]
[15780.752387428302]
RB OUTPUT: 8505
[0, 3, 2]
[6062.9552586190985]
RB OUTPUT: 5805
[0, 1, 3]
[1039.1454445901393]
RB OUTPUT: 501
[3, 0, 4]
[1200.4858021956134]
RB OUTPUT: 9705
[4, 3, 3]
[9538.830737800488]
RB OUTPUT: 20513
[3, 3, 1]
[26661.003065304565]
RB OUTPUT: 10008
[4, 0, 4]
[28552.878089444093]
RB OUTPUT: 27210
[0, 1, 0]
[84.07149627065965]
RB OUTPUT: 201
[0, 1, 0]
[84.07149627065965]
RB OUTPUT: 201
[3, 3, 0]
[25083.626552860278]
RB OUTPUT: 11708
[0, 4, 4]
[13821.968309601494]
RB OUTPUT: 16010
[1, 0, 2]
[42.73320512113568]
RB OUTPUT: 501
