ACTIVATION SET: 
[['L', 'L', 'L'], ['L', 'L']]
OUTPUT ACTIVATION: ['L']
TESTING INPUT: 
[[4, 0, 1], [4, 2, 0], [3, 0, 0], [1, 4, 4], [3, 3, 3], [2, 0, 0], [1, 3, 0], [0, 1, 1], [3, 3, 0], [4, 1, 1], [1, 1, 1], [2, 2, 3], [2, 4, 0], [4, 1, 1], [3, 0, 3], [4, 1, 0]]
OUTPUT: 
[4, 0, 1]
[35279.666666666664]
RB OUTPUT: 25710
[4, 2, 0]
[35279.666666666664]
RB OUTPUT: 21210
[3, 0, 0]
[35279.666666666664]
RB OUTPUT: 8105
[1, 4, 4]
[35279.666666666664]
RB OUTPUT: 15309
[3, 3, 3]
[35279.666666666664]
RB OUTPUT: 7208
[2, 0, 0]
[35279.666666666664]
RB OUTPUT: 1602
[1, 3, 0]
[35279.666666666664]
RB OUTPUT: 8504
[0, 1, 1]
[35279.666666666664]
RB OUTPUT: 101
[3, 3, 0]
[35279.666666666664]
RB OUTPUT: 11708
[4, 1, 1]
[35279.666666666664]
RB OUTPUT: 22509
[1, 1, 1]
[35279.666666666664]
RB OUTPUT: 0
[2, 2, 3]
[35279.666666666664]
RB OUTPUT: 502
[2, 4, 0]
[35279.666666666664]
RB OUTPUT: 25610
[4, 1, 1]
[35279.666666666664]
RB OUTPUT: 22509
[3, 0, 3]
[35279.666666666664]
RB OUTPUT: 9005
[4, 1, 0]
[35279.666666666664]
RB OUTPUT: 22609
