ACTIVATION SET: 
[['']]
OUTPUT ACTIVATION: ['S']
TESTING INPUT: 
[[0, 4, 1, 1], [1, 3, 0, 2], [1, 2, 2, 2], [1, 0, 1, 2], [1, 1, 4, 3], [3, 3, 4, 1], [3, 0, 0, 4], [2, 1, 4, 3], [2, 4, 1, 2], [1, 1, 4, 3], [3, 4, 0, 2], [3, 0, 1, 4], [0, 2, 4, 2], [2, 4, 4, 2], [1, 3, 1, 0], [0, 3, 0, 3]]
OUTPUT: 
[0, 4, 1, 1]
[19124.502796798082]
RB OUTPUT: 24110
[1, 3, 0, 2]
[15650.632034648008]
RB OUTPUT: 8905
[1, 2, 2, 2]
[10080.904262333885]
RB OUTPUT: 902
[1, 0, 1, 2]
[-603.0558659475448]
RB OUTPUT: 301
[1, 1, 4, 3]
[5403.926817368226]
RB OUTPUT: 17809
[3, 3, 4, 1]
[22278.964485031545]
RB OUTPUT: 28617
[3, 0, 0, 4]
[3743.287593772804]
RB OUTPUT: 9706
[2, 1, 4, 3]
[7970.096086175574]
RB OUTPUT: 18710
[2, 4, 1, 2]
[24596.78857646268]
RB OUTPUT: 22610
[1, 1, 4, 3]
[5403.926817368226]
RB OUTPUT: 17809
[3, 4, 0, 2]
[26401.457065674884]
RB OUTPUT: 28514
[3, 0, 1, 4]
[4098.931577936628]
RB OUTPUT: 9105
[0, 2, 4, 2]
[8190.237652889511]
RB OUTPUT: 20011
[2, 4, 4, 2]
[25612.65075479934]
RB OUTPUT: 34019
[1, 3, 1, 0]
[15069.321971385543]
RB OUTPUT: 6904
[0, 3, 0, 3]
[13290.972581588498]
RB OUTPUT: 9906
