ACTIVATION SET: 
[['']]
OUTPUT ACTIVATION: ['L']
TESTING INPUT: 
[[1, 0, 0, 3], [3, 4, 3, 0], [3, 0, 4, 4], [1, 2, 1, 4], [1, 4, 3, 3], [4, 0, 2, 3], [3, 3, 1, 4], [3, 2, 3, 3], [1, 0, 0, 4], [4, 2, 1, 1], [3, 3, 0, 0], [0, 1, 0, 4], [2, 2, 3, 0], [0, 2, 4, 0], [1, 2, 4, 3], [3, 4, 3, 0]]
OUTPUT: 
[1, 0, 0, 3]
[-8534.333333333332]
RB OUTPUT: 1002
[3, 4, 3, 0]
[-8534.333333333332]
RB OUTPUT: 27517
[3, 0, 4, 4]
[-8534.333333333332]
RB OUTPUT: 24114
[1, 2, 1, 4]
[-8534.333333333332]
RB OUTPUT: 1901
[1, 4, 3, 3]
[36647.33333333333]
RB OUTPUT: 21413
[4, 0, 2, 3]
[-8534.333333333332]
RB OUTPUT: 26111
[3, 3, 1, 4]
[-8534.333333333332]
RB OUTPUT: 10908
[3, 2, 3, 3]
[-8534.333333333332]
RB OUTPUT: 8609
[1, 0, 0, 4]
[-8534.333333333332]
RB OUTPUT: 1702
[4, 2, 1, 1]
[-8534.333333333332]
RB OUTPUT: 20510
[3, 3, 0, 0]
[-8534.333333333332]
RB OUTPUT: 11709
[0, 1, 0, 4]
[-8534.333333333332]
RB OUTPUT: 1802
[2, 2, 3, 0]
[-8534.333333333332]
RB OUTPUT: 8606
[0, 2, 4, 0]
[-8534.333333333332]
RB OUTPUT: 26011
[1, 2, 4, 3]
[-8534.333333333332]
RB OUTPUT: 17010
[3, 4, 3, 0]
[-8534.333333333332]
RB OUTPUT: 27517
