ACTIVATION SET: 
[['S', 'S', 'S']]
OUTPUT ACTIVATION: ['S']
TESTING INPUT: 
[[0, 3, 1, 1], [0, 0, 4, 1], [2, 3, 4, 2], [0, 4, 1, 2], [2, 4, 4, 0], [4, 0, 3, 3], [1, 0, 0, 2], [0, 3, 2, 0], [2, 1, 2, 3], [3, 0, 0, 1], [0, 2, 1, 3], [4, 4, 0, 3], [1, 1, 4, 1], [4, 0, 1, 3], [2, 0, 0, 1], [0, 3, 1, 1]]
OUTPUT: 
[0, 3, 1, 1]
[6837.251465750747]
RB OUTPUT: 7305
[0, 0, 4, 1]
[6710.9226107418]
RB OUTPUT: 24111
[2, 3, 4, 2]
[6944.142534732703]
RB OUTPUT: 22214
[0, 4, 1, 2]
[10919.30703324345]
RB OUTPUT: 24210
[2, 4, 4, 0]
[6695.545478617494]
RB OUTPUT: 40019
[4, 0, 3, 3]
[8793.352589409447]
RB OUTPUT: 30114
[1, 0, 0, 2]
[2113.7554422020876]
RB OUTPUT: 502
[0, 3, 2, 0]
[6695.51259753377]
RB OUTPUT: 7406
[2, 1, 2, 3]
[1211.99956400471]
RB OUTPUT: 1102
[3, 0, 0, 1]
[8758.974836078749]
RB OUTPUT: 8206
[0, 2, 1, 3]
[1664.8230150557706]
RB OUTPUT: 1702
[4, 4, 0, 3]
[641.6258251294722]
RB OUTPUT: 40919
[1, 1, 4, 1]
[6721.366192542999]
RB OUTPUT: 23409
[4, 0, 1, 3]
[8798.83771964425]
RB OUTPUT: 26110
[2, 0, 0, 1]
[7886.837661609985]
RB OUTPUT: 1703
[0, 3, 1, 1]
[6837.251465750747]
RB OUTPUT: 7305
