ACTIVATION SET: 
[['L', 'L', 'L']]
OUTPUT ACTIVATION: ['L']
TRAINING INPUT: 
[[1, 4, 0, 3], [1, 3, 4, 4], [4, 0, 2, 1], [2, 2, 4, 0], [2, 4, 2, 3], [2, 2, 2, 4], [4, 1, 2, 3], [3, 4, 1, 1], [0, 4, 4, 4], [4, 3, 3, 2], [3, 0, 0, 2], [4, 2, 2, 0], [3, 4, 3, 2], [0, 0, 2, 4], [3, 3, 4, 4], [2, 1, 4, 0]]
OUTPUT: 
[1, 4, 0, 3]
[36647.33333333333]
RB OUTPUT: 27410
[1, 3, 4, 4]
[36647.33333333333]
RB OUTPUT: 17313
[4, 0, 2, 1]
[-8534.333333333332]
RB OUTPUT: 26911
[2, 2, 4, 0]
[36647.33333333333]
RB OUTPUT: 26011
[2, 4, 2, 3]
[36647.33333333333]
RB OUTPUT: 19711
[2, 2, 2, 4]
[36647.33333333333]
RB OUTPUT: 803
[4, 1, 2, 3]
[-8534.333333333332]
RB OUTPUT: 22710
[3, 4, 1, 1]
[36647.33333333333]
RB OUTPUT: 25013
[0, 4, 4, 4]
[36647.33333333333]
RB OUTPUT: 30419
[4, 3, 3, 2]
[36647.33333333333]
RB OUTPUT: 25417
[3, 0, 0, 2]
[-8534.333333333332]
RB OUTPUT: 8506
[4, 2, 2, 0]
[36647.33333333333]
RB OUTPUT: 21611
[3, 4, 3, 2]
[36647.33333333333]
RB OUTPUT: 24317
[0, 0, 2, 4]
[-8534.333333333332]
RB OUTPUT: 403
[3, 3, 4, 4]
[36647.33333333333]
RB OUTPUT: 20517
[2, 1, 4, 0]
[-8534.333333333332]
RB OUTPUT: 27410
