ACTIVATION SET: 
[['S', 'S', 'S'], ['S', 'S']]
OUTPUT ACTIVATION: ['S']
TRAINING INPUT: 
[[1, 1, 1, 2], [1, 1, 1, 0], [0, 2, 0, 3], [2, 3, 2, 1], [0, 3, 4, 4], [3, 0, 3, 3], [0, 0, 2, 3], [2, 2, 1, 4], [3, 3, 4, 0], [2, 3, 3, 4], [0, 2, 3, 0], [0, 1, 3, 0], [0, 1, 0, 2], [4, 0, 4, 4], [0, 3, 2, 3], [3, 1, 0, 3]]
OUTPUT: 
[1, 1, 1, 2]
[-128.34948038786376]
RB OUTPUT: 100
[1, 1, 1, 0]
[-634.1926169117482]
RB OUTPUT: 100
[0, 2, 0, 3]
[5295.823300693527]
RB OUTPUT: 2903
[2, 3, 2, 1]
[6503.022336868241]
RB OUTPUT: 5906
[0, 3, 4, 4]
[9370.651328097967]
RB OUTPUT: 17814
[3, 0, 3, 3]
[17096.46222888485]
RB OUTPUT: 12609
[0, 0, 2, 3]
[-1065.8308086544168]
RB OUTPUT: 503
[2, 2, 1, 4]
[3468.7879871277005]
RB OUTPUT: 2202
[3, 3, 4, 0]
[29419.899790011204]
RB OUTPUT: 31717
[2, 3, 3, 4]
[9883.539440160843]
RB OUTPUT: 6209
[0, 2, 3, 0]
[1727.1706111870924]
RB OUTPUT: 8606
[0, 1, 3, 0]
[314.2151357241927]
RB OUTPUT: 8605
[0, 1, 0, 2]
[735.3991851766581]
RB OUTPUT: 602
[4, 0, 4, 4]
[30635.74492653853]
RB OUTPUT: 41619
[0, 3, 2, 3]
[6424.698431421041]
RB OUTPUT: 5906
[3, 1, 0, 3]
[7137.1413801527215]
RB OUTPUT: 7405
