ACTIVATION SET: 
[['L', 'L', 'L'], ['L', 'L']]
OUTPUT ACTIVATION: ['L']
TRAINING INPUT: 
[[3, 1, 4, 1], [2, 4, 3, 2], [3, 2, 2, 3], [0, 3, 2, 4], [0, 1, 2, 3], [2, 0, 1, 2], [0, 0, 1, 0], [2, 2, 0, 0], [3, 0, 0, 3], [4, 3, 1, 0], [2, 2, 0, 2], [3, 1, 4, 0], [0, 4, 1, 2], [3, 3, 2, 4], [4, 1, 1, 0], [1, 3, 3, 3]]
OUTPUT: 
[3, 1, 4, 1]
[-8534.333333333332]
RB OUTPUT: 29813
[2, 4, 3, 2]
[-8534.333333333332]
RB OUTPUT: 21814
[3, 2, 2, 3]
[-8534.333333333332]
RB OUTPUT: 5406
[0, 3, 2, 4]
[-8534.333333333332]
RB OUTPUT: 5806
[0, 1, 2, 3]
[-8534.333333333332]
RB OUTPUT: 302
[2, 0, 1, 2]
[-8534.333333333332]
RB OUTPUT: 1802
[0, 0, 1, 0]
[-8534.333333333332]
RB OUTPUT: 202
[2, 2, 0, 0]
[-8534.333333333332]
RB OUTPUT: 2003
[3, 0, 0, 3]
[-8534.333333333332]
RB OUTPUT: 9006
[4, 3, 1, 0]
[-8534.333333333332]
RB OUTPUT: 23413
[2, 2, 0, 2]
[-8534.333333333332]
RB OUTPUT: 2403
[3, 1, 4, 0]
[-8534.333333333332]
RB OUTPUT: 32913
[0, 4, 1, 2]
[-8534.333333333332]
RB OUTPUT: 24210
[3, 3, 2, 4]
[-8534.333333333332]
RB OUTPUT: 8509
[4, 1, 1, 0]
[-8534.333333333332]
RB OUTPUT: 22609
[1, 3, 3, 3]
[-8534.333333333332]
RB OUTPUT: 7608
