ACTIVATION SET: 
[['']]
OUTPUT ACTIVATION: ['S']
TRAINING INPUT: 
[[0, 4, 1, 4, 1], [1, 0, 1, 0, 1], [4, 4, 4, 1, 1], [0, 0, 2, 2, 3], [4, 3, 2, 3, 0], [1, 0, 2, 0, 0], [2, 0, 1, 4, 1], [4, 2, 1, 1, 2], [2, 4, 1, 2, 4], [0, 1, 4, 4, 2], [1, 2, 0, 0, 4], [0, 2, 3, 4, 0], [2, 0, 2, 3, 1], [4, 2, 1, 2, 0], [1, 2, 0, 3, 4], [1, 4, 2, 0, 0]]
OUTPUT: 
[0, 4, 1, 4, 1]
[33088.86886628906]
RB OUTPUT: 47519
[1, 0, 1, 0, 1]
[-517.8986506912388]
RB OUTPUT: 402
[4, 4, 4, 1, 1]
[30500.625227631735]
RB OUTPUT: 51327
[0, 0, 2, 2, 3]
[7539.380712542401]
RB OUTPUT: 904
[4, 3, 2, 3, 0]
[34623.739119105114]
RB OUTPUT: 30018
[1, 0, 2, 0, 0]
[711.0175774903846]
RB OUTPUT: 2103
[2, 0, 1, 4, 1]
[21259.33979458751]
RB OUTPUT: 25111
[4, 2, 1, 1, 2]
[11544.985701047417]
RB OUTPUT: 20610
[2, 4, 1, 2, 4]
[21873.52830688131]
RB OUTPUT: 22611
[0, 1, 4, 4, 2]
[32958.848094927336]
RB OUTPUT: 35019
[1, 2, 0, 0, 4]
[980.1158059366626]
RB OUTPUT: 3303
[0, 2, 3, 4, 0]
[32749.478896496505]
RB OUTPUT: 28615
[2, 0, 2, 3, 1]
[17386.21913538595]
RB OUTPUT: 8507
[4, 2, 1, 2, 0]
[18163.30743645529]
RB OUTPUT: 22211
[1, 2, 0, 3, 4]
[15745.983981109544]
RB OUTPUT: 5106
[1, 4, 2, 0, 0]
[8986.540641704025]
RB OUTPUT: 22111
