ACTIVATION SET: 
[['']]
OUTPUT ACTIVATION: ['L']
TRAINING INPUT: 
[[1, 3, 1, 0, 2], [1, 4, 2, 4, 3], [2, 3, 4, 4, 2], [0, 0, 4, 1, 1], [3, 0, 0, 3, 4], [4, 4, 0, 3, 3], [3, 2, 0, 1, 4], [4, 2, 0, 3, 2], [0, 1, 3, 3, 2], [2, 1, 4, 2, 0], [4, 3, 2, 1, 1], [1, 4, 0, 1, 4], [1, 1, 4, 1, 1], [4, 1, 2, 0, 2], [4, 2, 4, 3, 1], [4, 2, 0, 4, 4]]
OUTPUT: 
[1, 3, 1, 0, 2]
[-5998.666666666666]
RB OUTPUT: 7305
[1, 4, 2, 4, 3]
[-5998.666666666666]
RB OUTPUT: 37419
[2, 3, 4, 4, 2]
[67524.66666666666]
RB OUTPUT: 36623
[0, 0, 4, 1, 1]
[-5998.666666666666]
RB OUTPUT: 24111
[3, 0, 0, 3, 4]
[-5998.666666666666]
RB OUTPUT: 11510
[4, 4, 0, 3, 3]
[-5998.666666666666]
RB OUTPUT: 44523
[3, 2, 0, 1, 4]
[-5998.666666666666]
RB OUTPUT: 7506
[4, 2, 0, 3, 2]
[-5998.666666666666]
RB OUTPUT: 27015
[0, 1, 3, 3, 2]
[-5998.666666666666]
RB OUTPUT: 9009
[2, 1, 4, 2, 0]
[-5998.666666666666]
RB OUTPUT: 23011
[4, 3, 2, 1, 1]
[-5998.666666666666]
RB OUTPUT: 22714
[1, 4, 0, 1, 4]
[-5998.666666666666]
RB OUTPUT: 27510
[1, 1, 4, 1, 1]
[-5998.666666666666]
RB OUTPUT: 23409
[4, 1, 2, 0, 2]
[-5998.666666666666]
RB OUTPUT: 24611
[4, 2, 4, 3, 1]
[67524.66666666666]
RB OUTPUT: 42923
[4, 2, 0, 4, 4]
[-5998.666666666666]
RB OUTPUT: 37220
