ACTIVATION SET: 
[['S', 'S', 'S']]
OUTPUT ACTIVATION: ['S']
TESTING INPUT: 
[[4, 0, 0, 0, 4], [0, 3, 1, 2, 3], [3, 4, 4, 3, 1], [2, 1, 2, 4, 0], [2, 0, 2, 2, 1], [2, 4, 0, 3, 1], [0, 1, 4, 3, 3], [3, 1, 1, 4, 1], [3, 0, 4, 0, 4], [2, 2, 4, 4, 2], [3, 4, 3, 1, 2], [4, 2, 3, 4, 2], [4, 3, 0, 4, 0], [3, 0, 1, 3, 0], [4, 4, 2, 4, 4], [1, 4, 4, 4, 0]]
OUTPUT: 
[4, 0, 0, 0, 4]
[6112.000367751105]
RB OUTPUT: 27212
[0, 3, 1, 2, 3]
[18799.019855424034]
RB OUTPUT: 7506
[3, 4, 4, 3, 1]
[45883.75165938412]
RB OUTPUT: 40226
[2, 1, 2, 4, 0]
[13594.152604073552]
RB OUTPUT: 26611
[2, 0, 2, 2, 1]
[7793.387547053521]
RB OUTPUT: 3304
[2, 4, 0, 3, 1]
[31318.083295389737]
RB OUTPUT: 32915
[0, 1, 4, 3, 3]
[40291.468303130554]
RB OUTPUT: 21514
[3, 1, 1, 4, 1]
[23125.39709805811]
RB OUTPUT: 29813
[3, 0, 4, 0, 4]
[30778.978029606555]
RB OUTPUT: 36915
[2, 2, 4, 4, 2]
[43764.15472608049]
RB OUTPUT: 34420
[3, 4, 3, 1, 2]
[39753.94335479227]
RB OUTPUT: 25917
[4, 2, 3, 4, 2]
[37134.449554322004]
RB OUTPUT: 41823
[4, 3, 0, 4, 0]
[46258.18537328708]
RB OUTPUT: 52223
[3, 0, 1, 3, 0]
[18106.50654387511]
RB OUTPUT: 16709
[4, 4, 2, 4, 4]
[47467.965664505624]
RB OUTPUT: 48428
[1, 4, 4, 4, 0]
[43601.17979280103]
RB OUTPUT: 55327
