ACTIVATION SET: 
[['L', 'L', 'L']]
OUTPUT ACTIVATION: ['L']
TESTING INPUT: 
[[1, 1, 4, 1, 0], [1, 1, 1, 3, 4], [0, 3, 3, 1, 4], [0, 2, 1, 4, 3], [4, 1, 0, 2, 4], [2, 1, 4, 4, 1], [2, 0, 0, 3, 4], [4, 0, 2, 1, 1], [4, 2, 2, 4, 1], [4, 4, 0, 0, 1], [1, 4, 3, 3, 4], [1, 4, 3, 0, 1], [2, 0, 2, 4, 2], [1, 4, 1, 1, 4], [1, 2, 2, 4, 3], [2, 2, 0, 4, 1]]
OUTPUT: 
[1, 1, 4, 1, 0]
[-5998.666666666666]
RB OUTPUT: 23509
[1, 1, 1, 3, 4]
[-5998.666666666666]
RB OUTPUT: 2904
[0, 3, 3, 1, 4]
[-5998.666666666666]
RB OUTPUT: 11809
[0, 2, 1, 4, 3]
[-5998.666666666666]
RB OUTPUT: 19111
[4, 1, 0, 2, 4]
[-5998.666666666666]
RB OUTPUT: 23011
[2, 1, 4, 4, 1]
[-5998.666666666666]
RB OUTPUT: 38719
[2, 0, 0, 3, 4]
[-5998.666666666666]
RB OUTPUT: 5007
[4, 0, 2, 1, 1]
[-5998.666666666666]
RB OUTPUT: 26911
[4, 2, 2, 4, 1]
[-5998.666666666666]
RB OUTPUT: 42520
[4, 4, 0, 0, 1]
[-5998.666666666666]
RB OUTPUT: 40120
[1, 4, 3, 3, 4]
[-5998.666666666666]
RB OUTPUT: 23917
[1, 4, 3, 0, 1]
[-5998.666666666666]
RB OUTPUT: 26014
[2, 0, 2, 4, 2]
[-5998.666666666666]
RB OUTPUT: 21612
[1, 4, 1, 1, 4]
[-5998.666666666666]
RB OUTPUT: 24309
[1, 2, 2, 4, 3]
[-5998.666666666666]
RB OUTPUT: 17411
[2, 2, 0, 4, 1]
[-5998.666666666666]
RB OUTPUT: 26112
