ACTIVATION SET: 
[['S', 'S', 'S'], ['S', 'S']]
OUTPUT ACTIVATION: ['S']
TRAINING INPUT: 
[[0, 1, 2, 0, 3], [4, 1, 2, 0, 0], [1, 2, 2, 3, 0], [3, 1, 1, 3, 4], [4, 2, 4, 2, 0], [0, 1, 4, 1, 2], [2, 3, 4, 2, 3], [1, 3, 1, 1, 1], [1, 1, 4, 4, 1], [2, 1, 4, 1, 3], [0, 4, 1, 4, 4], [1, 3, 3, 2, 1], [0, 4, 3, 1, 1], [0, 1, 4, 2, 3], [4, 0, 2, 1, 4], [1, 2, 4, 3, 0]]
OUTPUT: 
[0, 1, 2, 0, 3]
[6320.501133717514]
RB OUTPUT: 2703
[4, 1, 2, 0, 0]
[42353.189829371935]
RB OUTPUT: 24211
[1, 2, 2, 3, 0]
[20925.26788372043]
RB OUTPUT: 8706
[3, 1, 1, 3, 4]
[20898.42956545068]
RB OUTPUT: 9308
[4, 2, 4, 2, 0]
[42417.964887207716]
RB OUTPUT: 40820
[0, 1, 4, 1, 2]
[10769.10998621076]
RB OUTPUT: 23610
[2, 3, 4, 2, 3]
[12083.226190733052]
RB OUTPUT: 22315
[1, 3, 1, 1, 1]
[8267.25451426656]
RB OUTPUT: 6804
[1, 1, 4, 4, 1]
[20938.03487562469]
RB OUTPUT: 37818
[2, 1, 4, 1, 3]
[23271.773977383615]
RB OUTPUT: 24710
[0, 4, 1, 4, 4]
[11180.33947014449]
RB OUTPUT: 39419
[1, 3, 3, 2, 1]
[26235.085525686536]
RB OUTPUT: 9809
[0, 4, 3, 1, 1]
[6403.825137565675]
RB OUTPUT: 24914
[0, 1, 4, 2, 3]
[4808.309819818691]
RB OUTPUT: 20711
[4, 0, 2, 1, 4]
[37039.1842225538]
RB OUTPUT: 27811
[1, 2, 4, 3, 0]
[18025.468769246618]
RB OUTPUT: 25114
