ACTIVATION SET: 
[['L', 'L', 'L'], ['L', 'L']]
OUTPUT ACTIVATION: ['L']
TESTING INPUT: 
[[0, 3, 2, 4, 4], [1, 2, 3, 1, 0], [3, 3, 4, 2, 2], [2, 0, 2, 1, 1], [1, 1, 2, 2, 4], [2, 3, 4, 1, 3], [4, 1, 3, 3, 0], [2, 2, 3, 2, 2], [0, 0, 3, 0, 3], [1, 2, 0, 3, 0], [0, 0, 2, 2, 1], [3, 3, 3, 1, 0], [2, 4, 1, 4, 2], [3, 2, 0, 3, 4], [2, 3, 3, 2, 2], [3, 0, 2, 1, 3]]
OUTPUT: 
[0, 3, 2, 4, 4]
[67524.66666666666]
RB OUTPUT: 20215
[1, 2, 3, 1, 0]
[67524.66666666666]
RB OUTPUT: 6705
[3, 3, 4, 2, 2]
[67524.66666666666]
RB OUTPUT: 26118
[2, 0, 2, 1, 1]
[67524.66666666666]
RB OUTPUT: 2903
[1, 1, 2, 2, 4]
[67524.66666666666]
RB OUTPUT: 502
[2, 3, 4, 1, 3]
[67524.66666666666]
RB OUTPUT: 25514
[4, 1, 3, 3, 0]
[67524.66666666666]
RB OUTPUT: 34617
[2, 2, 3, 2, 2]
[67524.66666666666]
RB OUTPUT: 5807
[0, 0, 3, 0, 3]
[67524.66666666666]
RB OUTPUT: 9907
[1, 2, 0, 3, 0]
[67524.66666666666]
RB OUTPUT: 10706
[0, 0, 2, 2, 1]
[67524.66666666666]
RB OUTPUT: 1704
[3, 3, 3, 1, 0]
[67524.66666666666]
RB OUTPUT: 13712
[2, 4, 1, 4, 2]
[67524.66666666666]
RB OUTPUT: 43019
[3, 2, 0, 3, 4]
[67524.66666666666]
RB OUTPUT: 9910
[2, 3, 3, 2, 2]
[67524.66666666666]
RB OUTPUT: 9010
[3, 0, 2, 1, 3]
[67524.66666666666]
RB OUTPUT: 9806
