ACTIVATION SET: 
[['']]
OUTPUT ACTIVATION: ['S']
TESTING INPUT: 
[[1, 2, 3, 4, 4, 2], [4, 2, 2, 2, 3, 3], [1, 1, 1, 2, 1, 0], [2, 3, 3, 0, 1, 3], [4, 3, 4, 2, 1, 3], [2, 0, 3, 2, 4, 4], [1, 2, 1, 1, 2, 2], [0, 1, 4, 2, 4, 3], [1, 3, 1, 2, 2, 0], [0, 1, 4, 4, 0, 2], [2, 0, 1, 4, 0, 1], [0, 2, 1, 4, 3, 1], [0, 2, 3, 3, 4, 3], [0, 1, 4, 1, 4, 1], [3, 0, 4, 3, 1, 0], [1, 4, 4, 0, 2, 3]]
OUTPUT: 
[1, 2, 3, 4, 4, 2]
[39855.02413905819]
RB OUTPUT: 36723
[4, 2, 2, 2, 3, 3]
[44151.78323892043]
RB OUTPUT: 24116
[1, 1, 1, 2, 1, 0]
[12726.019166987102]
RB OUTPUT: 1101
[2, 3, 3, 0, 1, 3]
[20386.08258354653]
RB OUTPUT: 12310
[4, 3, 4, 2, 1, 3]
[41633.04833265383]
RB OUTPUT: 40323
[2, 0, 3, 2, 4, 4]
[41522.06358263794]
RB OUTPUT: 21816
[1, 2, 1, 1, 2, 2]
[16469.4234855786]
RB OUTPUT: 1502
[0, 1, 4, 2, 4, 3]
[30286.00479151742]
RB OUTPUT: 37520
[1, 3, 1, 2, 2, 0]
[15704.39950233223]
RB OUTPUT: 8906
[0, 1, 4, 4, 0, 2]
[22430.436055489678]
RB OUTPUT: 41420
[2, 0, 1, 4, 0, 1]
[24317.17173198717]
RB OUTPUT: 28312
[0, 2, 1, 4, 3, 1]
[24268.598384375568]
RB OUTPUT: 25515
[0, 2, 3, 3, 4, 3]
[32879.7916707087]
RB OUTPUT: 23519
[0, 1, 4, 1, 4, 1]
[20586.132390881976]
RB OUTPUT: 46919
[3, 0, 4, 3, 1, 0]
[32125.550015231667]
RB OUTPUT: 33118
[1, 4, 4, 0, 2, 3]
[20596.84195734618]
RB OUTPUT: 41420
