ACTIVATION SET: 
[['']]
OUTPUT ACTIVATION: ['L']
TRAINING INPUT: 
[[4, 0, 0, 2, 2, 4], [1, 3, 3, 0, 2, 3], [3, 1, 1, 4, 1, 0], [3, 4, 0, 4, 4, 1], [2, 1, 3, 2, 1, 2], [3, 4, 0, 3, 2, 0], [4, 4, 0, 2, 4, 1], [3, 0, 3, 0, 2, 2], [4, 1, 2, 3, 2, 1], [4, 0, 1, 4, 3, 3], [3, 3, 0, 0, 3, 3], [0, 2, 4, 4, 1, 1], [4, 4, 1, 0, 0, 3], [1, 4, 1, 2, 1, 3], [2, 1, 1, 1, 3, 3], [3, 3, 0, 2, 4, 2]]
OUTPUT: 
[4, 0, 0, 2, 2, 4]
[65628.0]
RB OUTPUT: 26413
[1, 3, 3, 0, 2, 3]
[65628.0]
RB OUTPUT: 12610
[3, 1, 1, 4, 1, 0]
[65628.0]
RB OUTPUT: 29913
[3, 4, 0, 4, 4, 1]
[-3907.0]
RB OUTPUT: 66632
[2, 1, 3, 2, 1, 2]
[65628.0]
RB OUTPUT: 7206
[3, 4, 0, 3, 2, 0]
[-3907.0]
RB OUTPUT: 35519
[4, 4, 0, 2, 4, 1]
[65628.0]
RB OUTPUT: 62929
[3, 0, 3, 0, 2, 2]
[65628.0]
RB OUTPUT: 17911
[4, 1, 2, 3, 2, 1]
[65628.0]
RB OUTPUT: 28515
[4, 0, 1, 4, 3, 3]
[65628.0]
RB OUTPUT: 47123
[3, 3, 0, 0, 3, 3]
[65628.0]
RB OUTPUT: 16214
[0, 2, 4, 4, 1, 1]
[-3907.0]
RB OUTPUT: 37320
[4, 4, 1, 0, 0, 3]
[65628.0]
RB OUTPUT: 37920
[1, 4, 1, 2, 1, 3]
[65628.0]
RB OUTPUT: 24810
[2, 1, 1, 1, 3, 3]
[65628.0]
RB OUTPUT: 4905
[3, 3, 0, 2, 4, 2]
[65628.0]
RB OUTPUT: 31719
