ACTIVATION SET: 
[['S', 'S', 'S']]
OUTPUT ACTIVATION: ['S']
TRAINING INPUT: 
[[0, 0, 2, 3, 1, 2], [4, 0, 0, 1, 0, 1], [3, 2, 1, 2, 4, 1], [1, 0, 2, 0, 4, 2], [1, 4, 1, 3, 4, 2], [4, 3, 3, 2, 3, 3], [2, 4, 3, 0, 1, 3], [0, 2, 4, 3, 2, 3], [3, 0, 4, 4, 0, 4], [0, 3, 1, 0, 4, 1], [2, 4, 3, 1, 4, 3], [0, 1, 0, 2, 3, 1], [3, 4, 4, 1, 4, 3], [3, 2, 2, 0, 1, 1], [4, 1, 4, 0, 4, 3], [1, 4, 2, 3, 2, 2]]
OUTPUT: 
[0, 0, 2, 3, 1, 2]
[25508.9810252014]
RB OUTPUT: 7007
[4, 0, 0, 1, 0, 1]
[44109.376648122925]
RB OUTPUT: 25912
[3, 2, 1, 2, 4, 1]
[35433.37685792238]
RB OUTPUT: 28415
[1, 0, 2, 0, 4, 2]
[53187.104488967896]
RB OUTPUT: 23312
[1, 4, 1, 3, 4, 2]
[22301.303998188192]
RB OUTPUT: 45922
[4, 3, 3, 2, 3, 3]
[26759.890946125135]
RB OUTPUT: 29122
[2, 4, 3, 0, 1, 3]
[26752.002233598025]
RB OUTPUT: 25515
[0, 2, 4, 3, 2, 3]
[46413.88921228238]
RB OUTPUT: 22316
[3, 0, 4, 4, 0, 4]
[36585.610428758526]
RB OUTPUT: 51324
[0, 3, 1, 0, 4, 1]
[-669.55012642168]
RB OUTPUT: 31515
[2, 4, 3, 1, 4, 3]
[26739.46391191433]
RB OUTPUT: 41123
[0, 1, 0, 2, 3, 1]
[10247.848018781726]
RB OUTPUT: 7107
[3, 4, 4, 1, 4, 3]
[26753.31829102715]
RB OUTPUT: 57231
[3, 2, 2, 0, 1, 1]
[26736.740384566616]
RB OUTPUT: 7007
[4, 1, 4, 0, 4, 3]
[27012.788027841354]
RB OUTPUT: 67528
[1, 4, 2, 3, 2, 2]
[24985.640386807318]
RB OUTPUT: 25915
