ACTIVATION SET: 
[['L', 'L', 'L']]
OUTPUT ACTIVATION: ['L']
TRAINING INPUT: 
[[0, 1, 0, 0, 1, 0], [4, 0, 4, 3, 4, 0], [2, 0, 1, 4, 0, 4], [2, 1, 3, 4, 1, 0], [1, 1, 3, 2, 2, 0], [1, 4, 4, 0, 3, 4], [1, 4, 3, 3, 1, 4], [4, 0, 1, 2, 0, 2], [2, 1, 0, 4, 0, 0], [2, 3, 2, 0, 3, 1], [2, 1, 4, 1, 0, 4], [0, 2, 2, 4, 4, 3], [4, 0, 1, 0, 0, 0], [2, 1, 0, 3, 3, 2], [3, 4, 2, 2, 4, 4], [0, 2, 0, 0, 0, 4]]
OUTPUT: 
[0, 1, 0, 0, 1, 0]
[-3907.0]
RB OUTPUT: 403
[4, 0, 4, 3, 4, 0]
[-3907.0]
RB OUTPUT: 72232
[2, 0, 1, 4, 0, 4]
[65628.0]
RB OUTPUT: 29812
[2, 1, 3, 4, 1, 0]
[-3907.0]
RB OUTPUT: 26414
[1, 1, 3, 2, 2, 0]
[-3907.0]
RB OUTPUT: 7306
[1, 4, 4, 0, 3, 4]
[-3907.0]
RB OUTPUT: 44323
[1, 4, 3, 3, 1, 4]
[-3907.0]
RB OUTPUT: 28717
[4, 0, 1, 2, 0, 2]
[65628.0]
RB OUTPUT: 27812
[2, 1, 0, 4, 0, 0]
[65628.0]
RB OUTPUT: 28212
[2, 3, 2, 0, 3, 1]
[-3907.0]
RB OUTPUT: 13911
[2, 1, 4, 1, 0, 4]
[-3907.0]
RB OUTPUT: 26011
[0, 2, 2, 4, 4, 3]
[-3907.0]
RB OUTPUT: 32121
[4, 0, 1, 0, 0, 0]
[65628.0]
RB OUTPUT: 25812
[2, 1, 0, 3, 3, 2]
[-3907.0]
RB OUTPUT: 10410
[3, 4, 2, 2, 4, 4]
[-3907.0]
RB OUTPUT: 36924
[0, 2, 0, 0, 0, 4]
[-3907.0]
RB OUTPUT: 3605
