ACTIVATION SET: 
[['S', 'S', 'S'], ['S', 'S']]
OUTPUT ACTIVATION: ['S']
TRAINING INPUT: 
[[4, 1, 4, 0, 2, 0], [2, 2, 4, 4, 1, 3], [2, 1, 0, 2, 3, 1], [0, 1, 1, 4, 1, 2], [0, 0, 1, 1, 3, 1], [1, 4, 4, 2, 0, 2], [2, 2, 4, 3, 0, 3], [3, 3, 3, 3, 2, 4], [2, 2, 3, 1, 0, 1], [2, 0, 4, 1, 1, 3], [2, 0, 0, 3, 1, 2], [4, 1, 2, 1, 2, 1], [0, 1, 1, 0, 2, 4], [2, 2, 3, 3, 3, 1], [4, 3, 1, 3, 1, 2], [3, 3, 0, 3, 0, 3]]
OUTPUT: 
[4, 1, 4, 0, 2, 0]
[27034.626991860456]
RB OUTPUT: 51020
[2, 2, 4, 4, 1, 3]
[26863.55823333247]
RB OUTPUT: 37720
[2, 1, 0, 2, 3, 1]
[50229.883501708195]
RB OUTPUT: 7907
[0, 1, 1, 4, 1, 2]
[19219.97591036363]
RB OUTPUT: 23610
[0, 0, 1, 1, 3, 1]
[5493.57098947097]
RB OUTPUT: 6906
[1, 4, 4, 2, 0, 2]
[24048.468705351093]
RB OUTPUT: 36920
[2, 2, 4, 3, 0, 3]
[25190.472632944526]
RB OUTPUT: 26316
[3, 3, 3, 3, 2, 4]
[20190.59197050678]
RB OUTPUT: 15717
[2, 2, 3, 1, 0, 1]
[25423.83965948718]
RB OUTPUT: 7107
[2, 0, 4, 1, 1, 3]
[28261.999083581773]
RB OUTPUT: 26111
[2, 0, 0, 3, 1, 2]
[54251.317705282876]
RB OUTPUT: 9007
[4, 1, 2, 1, 2, 1]
[33235.73803767603]
RB OUTPUT: 24511
[0, 1, 1, 0, 2, 4]
[15252.176439716095]
RB OUTPUT: 603
[2, 2, 3, 3, 3, 1]
[28238.85712385037]
RB OUTPUT: 14114
[4, 3, 1, 3, 1, 2]
[13148.71278687118]
RB OUTPUT: 30217
[3, 3, 0, 3, 0, 3]
[10683.780114830808]
RB OUTPUT: 21614
