ACTIVATION SET: 
[['L', 'L', 'L'], ['L', 'L']]
OUTPUT ACTIVATION: ['L']
TESTING INPUT: 
[[4, 3, 1, 3, 2, 4], [2, 0, 0, 0, 3, 4], [4, 3, 2, 0, 2, 2], [4, 2, 0, 0, 4, 1], [2, 4, 1, 3, 3, 3], [4, 3, 0, 1, 2, 3], [3, 4, 3, 2, 1, 0], [2, 2, 0, 4, 0, 3], [4, 2, 0, 1, 2, 3], [1, 0, 3, 0, 4, 2], [1, 0, 4, 0, 4, 2], [1, 0, 4, 3, 3, 3], [1, 2, 1, 0, 1, 0], [1, 1, 1, 3, 1, 3], [4, 3, 0, 0, 3, 2], [0, 2, 0, 3, 2, 1]]
OUTPUT: 
[4, 3, 1, 3, 2, 4]
[-3907.0]
RB OUTPUT: 28618
[2, 0, 0, 0, 3, 4]
[-3907.0]
RB OUTPUT: 5008
[4, 3, 2, 0, 2, 2]
[-3907.0]
RB OUTPUT: 24216
[4, 2, 0, 0, 4, 1]
[-3907.0]
RB OUTPUT: 45321
[2, 4, 1, 3, 3, 3]
[-3907.0]
RB OUTPUT: 30118
[4, 3, 0, 1, 2, 3]
[-3907.0]
RB OUTPUT: 25315
[3, 4, 3, 2, 1, 0]
[-3907.0]
RB OUTPUT: 25318
[2, 2, 0, 4, 0, 3]
[-3907.0]
RB OUTPUT: 30113
[4, 2, 0, 1, 2, 3]
[-3907.0]
RB OUTPUT: 21512
[1, 0, 3, 0, 4, 2]
[-3907.0]
RB OUTPUT: 30315
[1, 0, 4, 0, 4, 2]
[-3907.0]
RB OUTPUT: 48520
[1, 0, 4, 3, 3, 3]
[-3907.0]
RB OUTPUT: 25818
[1, 2, 1, 0, 1, 0]
[-3907.0]
RB OUTPUT: 1302
[1, 1, 1, 3, 1, 3]
[-3907.0]
RB OUTPUT: 7204
[4, 3, 0, 0, 3, 2]
[-3907.0]
RB OUTPUT: 30819
[0, 2, 0, 3, 2, 1]
[-3907.0]
RB OUTPUT: 8708
