ACTIVATION SET: 
[['G', 'G', 'G', 'G', 'G']]
OUTPUT ACTIVATION: ['R']
TRAINING INPUT: 
[[0, 0], [4, 3], [1, 1], [3, 4], [4, 3], [0, 3], [0, 1], [1, 0], [4, 2], [0, 0], [1, 3], [3, 1], [0, 1], [3, 0], [3, 4], [1, 3]]
OUTPUT: 
[0, 0]
[3558.6937241857167]
RB OUTPUT: 1
[4, 3]
[229315.16010443337]
RB OUTPUT: 16909
[1, 1]
[3736.9408568678632]
RB OUTPUT: 0
[3, 4]
[33067.256074888792]
RB OUTPUT: 2504
[4, 3]
[229315.16010443337]
RB OUTPUT: 16909
[0, 3]
[3407.4666466706999]
RB OUTPUT: 901
[0, 1]
[3568.0682444813087]
RB OUTPUT: 101
[1, 0]
[3877.2152921379347]
RB OUTPUT: 100
[4, 2]
[113857.75318604354]
RB OUTPUT: 19609
[0, 0]
[3558.6937241857167]
RB OUTPUT: 1
[1, 3]
[-734.12577962526211]
RB OUTPUT: 400
[3, 1]
[1892.4353095680076]
RB OUTPUT: 6404
[0, 1]
[3568.0682444813087]
RB OUTPUT: 101
[3, 0]
[5401.1362119945734]
RB OUTPUT: 8104
[3, 4]
[33067.256074888792]
RB OUTPUT: 2504
[1, 3]
[-734.12577962526211]
RB OUTPUT: 400
