ACTIVATION SET: 
[['G', 'G', 'G', 'G', 'G', 'G', 'G']]
OUTPUT ACTIVATION: ['R']
TESTING INPUT: 
[[3, 4], [2, 4], [2, 1], [1, 4], [2, 3], [0, 1], [0, 4], [1, 4], [2, 1], [4, 0], [4, 3], [1, 3], [0, 2], [4, 1], [3, 3], [1, 1]]
OUTPUT: 
[3, 4]
[-14511.821819297329]
RB OUTPUT: 2504
[2, 4]
[-6739.9018646531631]
RB OUTPUT: 1
[2, 1]
[927.38706295537452]
RB OUTPUT: 901
[1, 4]
[775.61944409602472]
RB OUTPUT: 900
[2, 3]
[-12622.262307983985]
RB OUTPUT: 101
[0, 1]
[-680.32386112507527]
RB OUTPUT: 101
[0, 4]
[460.77147049728052]
RB OUTPUT: 1601
[1, 4]
[775.61944409602472]
RB OUTPUT: 900
[2, 1]
[927.38706295537452]
RB OUTPUT: 901
[4, 0]
[25526.990861714134]
RB OUTPUT: 25609
[4, 3]
[-6989.651761906508]
RB OUTPUT: 16909
[1, 3]
[869.35843216365799]
RB OUTPUT: 400
[0, 2]
[662.79724306700962]
RB OUTPUT: 401
[4, 1]
[52708.720616735598]
RB OUTPUT: 22509
[3, 3]
[-19714.888496006472]
RB OUTPUT: 3604
[1, 1]
[-972.26829535430579]
RB OUTPUT: 0
