ACTIVATION SET: 
[['G', 'G', 'G']]
OUTPUT ACTIVATION: ['R']
TRAINING INPUT: 
[[1, 2], [4, 2], [3, 2], [4, 2], [4, 3], [0, 4], [2, 3], [1, 2], [1, 2], [1, 0], [4, 3], [1, 4], [2, 1], [2, 1], [3, 3], [4, 1]]
OUTPUT: 
[1, 2]
[-1879.3857935105984]
RB OUTPUT: 100
[4, 2]
[8200.738523151038]
RB OUTPUT: 19609
[3, 2]
[4389.0679437741783]
RB OUTPUT: 4904
[4, 2]
[8200.738523151038]
RB OUTPUT: 19609
[4, 3]
[-696.20074329304384]
RB OUTPUT: 16909
[0, 4]
[4596.0448339317481]
RB OUTPUT: 1601
[2, 3]
[-2659.5458398397782]
RB OUTPUT: 101
[1, 2]
[-1879.3857935105984]
RB OUTPUT: 100
[1, 2]
[-1879.3857935105984]
RB OUTPUT: 100
[1, 0]
[-5259.2560150252511]
RB OUTPUT: 100
[4, 3]
[-696.20074329304384]
RB OUTPUT: 16909
[1, 4]
[2317.7000898417773]
RB OUTPUT: 900
[2, 1]
[3728.5844843156947]
RB OUTPUT: 901
[2, 1]
[3728.5844843156947]
RB OUTPUT: 901
[3, 3]
[-3382.3392546279688]
RB OUTPUT: 3604
[4, 1]
[19085.770143791062]
RB OUTPUT: 22509
