ACTIVATION SET: 
[['G', 'G', 'G', 'G', 'G']]
OUTPUT ACTIVATION: ['R']
TESTING INPUT: 
[[1, 2, 1], [4, 4, 0], [1, 0, 0], [3, 3, 4], [0, 4, 2], [1, 4, 3], [2, 1, 0], [1, 4, 0], [3, 1, 0], [2, 3, 0], [2, 0, 0], [4, 2, 1], [2, 0, 3], [2, 2, 3], [4, 4, 4], [2, 0, 2]]
OUTPUT: 
[1, 2, 1]
[-4930.3066387743756]
RB OUTPUT: 1001
[4, 4, 0]
[12999.442704738221]
RB OUTPUT: 40018
[1, 0, 0]
[5647.5764425168727]
RB OUTPUT: 101
[3, 3, 4]
[23669.960197460819]
RB OUTPUT: 6108
[0, 4, 2]
[14889.960891552046]
RB OUTPUT: 21210
[1, 4, 3]
[17176.186254942619]
RB OUTPUT: 17809
[2, 1, 0]
[-16488.282293720891]
RB OUTPUT: 1001
[1, 4, 0]
[12852.982002585999]
RB OUTPUT: 26509
[3, 1, 0]
[-13996.107734598911]
RB OUTPUT: 6504
[2, 3, 0]
[-6088.9610560312731]
RB OUTPUT: 8205
[2, 0, 0]
[-818.91245325239584]
RB OUTPUT: 1602
[4, 2, 1]
[2596.6488772397638]
RB OUTPUT: 20510
[2, 0, 3]
[11826.119051785057]
RB OUTPUT: 2502
[2, 2, 3]
[11046.712406717501]
RB OUTPUT: 502
[4, 4, 4]
[20601.455121564039]
RB OUTPUT: 28818
[2, 0, 2]
[7438.5669873872585]
RB OUTPUT: 2002
