ACTIVATION SET: 
[['G', 'G', 'G', 'G', 'G', 'G', 'G']]
OUTPUT ACTIVATION: ['R']
TRAINING INPUT: 
[[1, 4, 1], [2, 4, 1], [1, 3, 3], [0, 1, 3], [3, 0, 3], [2, 4, 1], [1, 2, 1], [2, 0, 0], [1, 2, 1], [4, 3, 0], [1, 1, 2], [1, 2, 1], [2, 2, 1], [3, 1, 4], [2, 0, 2], [1, 4, 2]]
OUTPUT: 
[1, 4, 1]
[15774.125859748361]
RB OUTPUT: 23409
[2, 4, 1]
[18039.739132378279]
RB OUTPUT: 22510
[1, 3, 3]
[8617.7173193228664]
RB OUTPUT: 4004
[0, 1, 3]
[4772.4014756322731]
RB OUTPUT: 501
[3, 0, 3]
[12454.984451065982]
RB OUTPUT: 9005
[2, 4, 1]
[18039.739132378279]
RB OUTPUT: 22510
[1, 2, 1]
[788.57386717266775]
RB OUTPUT: 1001
[2, 0, 0]
[6257.186418655695]
RB OUTPUT: 1602
[1, 2, 1]
[788.57386717266775]
RB OUTPUT: 1001
[4, 3, 0]
[18590.563010080481]
RB OUTPUT: 25013
[1, 1, 2]
[-10943.013551771463]
RB OUTPUT: 100
[1, 2, 1]
[788.57386717266775]
RB OUTPUT: 1001
[2, 2, 1]
[19736.217016695238]
RB OUTPUT: 1302
[3, 1, 4]
[-3681.1232349341039]
RB OUTPUT: 7304
[2, 0, 2]
[7330.0481538619397]
RB OUTPUT: 2002
[1, 4, 2]
[13929.920082643825]
RB OUTPUT: 20509
