ACTIVATION SET: 
[['G', 'G', 'G']]
OUTPUT ACTIVATION: ['R']
TRAINING INPUT: 
[[2, 4, 1], [1, 0, 4], [3, 0, 1], [0, 4, 1], [0, 0, 0], [4, 1, 4], [0, 0, 2], [2, 0, 3], [0, 2, 0], [0, 3, 3], [3, 2, 2], [4, 0, 3], [1, 3, 4], [1, 0, 4], [2, 2, 0], [1, 4, 4]]
OUTPUT: 
[2, 4, 1]
[8554.5152897723056]
RB OUTPUT: 22510
[1, 0, 4]
[17691.215173479326]
RB OUTPUT: 1701
[3, 0, 1]
[-2781.5653490125264]
RB OUTPUT: 8205
[0, 4, 1]
[13308.670646802106]
RB OUTPUT: 24110
[0, 0, 0]
[10960.251908217208]
RB OUTPUT: 2
[4, 1, 4]
[17374.027488457788]
RB OUTPUT: 23409
[0, 0, 2]
[14131.621852840339]
RB OUTPUT: 402
[2, 0, 3]
[13464.844254282274]
RB OUTPUT: 2502
[0, 2, 0]
[9450.517856279308]
RB OUTPUT: 2002
[0, 3, 3]
[11443.43191191511]
RB OUTPUT: 4505
[3, 2, 2]
[1638.3410879234316]
RB OUTPUT: 5305
[4, 0, 3]
[14413.887635508225]
RB OUTPUT: 26510
[1, 3, 4]
[12704.668620190807]
RB OUTPUT: 2904
[1, 0, 4]
[17691.215173479326]
RB OUTPUT: 1701
[2, 2, 0]
[-5805.5744924352484]
RB OUTPUT: 2002
[1, 4, 4]
[13263.657034972653]
RB OUTPUT: 15309
