ACTIVATION SET: 
[['G', 'G', 'G', 'G', 'G', 'G', 'G']]
OUTPUT ACTIVATION: ['R']
TESTING INPUT: 
[[3, 3, 0, 4], [1, 0, 3, 3], [1, 4, 0, 4], [2, 2, 0, 1], [1, 4, 1, 4], [3, 2, 4, 3], [2, 1, 0, 2], [3, 0, 2, 0], [1, 3, 4, 2], [3, 0, 3, 4], [4, 3, 3, 3], [3, 2, 4, 2], [0, 1, 1, 4], [4, 2, 4, 2], [0, 2, 4, 2], [1, 4, 4, 2]]
OUTPUT: 
[3, 3, 0, 4]
[13107.062101760223]
RB OUTPUT: 13309
[1, 0, 3, 3]
[9900.3718449606658]
RB OUTPUT: 4605
[1, 4, 0, 4]
[15423.551036639992]
RB OUTPUT: 28110
[2, 2, 0, 1]
[8196.7512622940612]
RB OUTPUT: 2103
[1, 4, 1, 4]
[14555.929426778457]
RB OUTPUT: 24309
[3, 2, 4, 3]
[22011.240321506277]
RB OUTPUT: 21814
[2, 1, 0, 2]
[-7210.1613458887568]
RB OUTPUT: 1402
[3, 0, 2, 0]
[13587.357036822135]
RB OUTPUT: 10106
[1, 3, 4, 2]
[-9260.9968577918808]
RB OUTPUT: 22513
[3, 0, 3, 4]
[14601.162818957646]
RB OUTPUT: 11509
[4, 3, 3, 3]
[16251.384043092145]
RB OUTPUT: 24117
[3, 2, 4, 2]
[20497.789290527693]
RB OUTPUT: 24514
[0, 1, 1, 4]
[12134.328140042533]
RB OUTPUT: 1001
[4, 2, 4, 2]
[17561.334251436841]
RB OUTPUT: 39219
[0, 2, 4, 2]
[-19451.440502264948]
RB OUTPUT: 20011
[1, 4, 4, 2]
[7431.8275936109612]
RB OUTPUT: 34918
