ACTIVATION SET: 
[['G', 'G', 'G']]
OUTPUT ACTIVATION: ['R']
TRAINING INPUT: 
[[4, 1, 2, 1], [3, 2, 1, 4], [2, 2, 0, 4], [1, 1, 3, 3], [3, 4, 3, 3], [0, 4, 0, 3], [2, 3, 0, 1], [4, 2, 2, 0], [3, 3, 3, 4], [2, 2, 0, 0], [3, 0, 3, 1], [1, 3, 0, 2], [2, 0, 4, 4], [1, 0, 1, 4], [1, 2, 4, 2], [4, 4, 4, 0]]
OUTPUT: 
[4, 1, 2, 1]
[16151.355997073766]
RB OUTPUT: 23510
[3, 2, 1, 4]
[8575.1932137584972]
RB OUTPUT: 6705
[2, 2, 0, 4]
[11771.737099893047]
RB OUTPUT: 3603
[1, 1, 3, 3]
[4262.9118313840208]
RB OUTPUT: 4004
[3, 4, 3, 3]
[15900.646569796547]
RB OUTPUT: 23017
[0, 4, 0, 3]
[16670.307254576233]
RB OUTPUT: 28111
[2, 3, 0, 1]
[16346.085084872921]
RB OUTPUT: 8306
[4, 2, 2, 0]
[16629.262989490591]
RB OUTPUT: 21611
[3, 3, 3, 4]
[12544.353972187591]
RB OUTPUT: 9712
[2, 2, 0, 0]
[16599.746085736584]
RB OUTPUT: 2003
[3, 0, 3, 1]
[16842.561156816708]
RB OUTPUT: 15409
[1, 3, 0, 2]
[15735.46343428438]
RB OUTPUT: 8905
[2, 0, 4, 4]
[11473.41094677125]
RB OUTPUT: 17611
[1, 0, 1, 4]
[7449.7005451794739]
RB OUTPUT: 1101
[1, 2, 4, 2]
[15085.031195517751]
RB OUTPUT: 19710
[4, 4, 4, 0]
[16693.207702355769]
RB OUTPUT: 54427
