ACTIVATION SET: 
[['G', 'G', 'G', 'G', 'G']]
OUTPUT ACTIVATION: ['R']
TESTING INPUT: 
[[0, 2, 1, 3], [4, 0, 2, 4], [0, 4, 1, 0], [4, 0, 3, 3], [0, 3, 2, 0], [4, 2, 4, 0], [2, 1, 4, 4], [3, 3, 3, 1], [3, 2, 2, 2], [1, 0, 2, 4], [1, 4, 3, 4], [0, 4, 0, 1], [3, 0, 2, 1], [1, 0, 3, 0], [0, 0, 2, 4], [0, 3, 3, 2]]
OUTPUT: 
[0, 2, 1, 3]
[10671.959946590328]
RB OUTPUT: 1702
[4, 0, 2, 4]
[11106.048583919086]
RB OUTPUT: 26011
[0, 4, 1, 0]
[11178.174529602431]
RB OUTPUT: 24210
[4, 0, 3, 3]
[11135.596028705409]
RB OUTPUT: 30114
[0, 3, 2, 0]
[11406.917548006766]
RB OUTPUT: 7406
[4, 2, 4, 0]
[64325.119478879991]
RB OUTPUT: 45219
[2, 1, 4, 4]
[10548.874671939668]
RB OUTPUT: 16210
[3, 3, 3, 1]
[277538.20820660394]
RB OUTPUT: 13612
[3, 2, 2, 2]
[16563.003262091934]
RB OUTPUT: 5706
[1, 0, 2, 4]
[10850.325312264122]
RB OUTPUT: 502
[1, 4, 3, 4]
[15282.03035382392]
RB OUTPUT: 20313
[0, 4, 0, 1]
[11129.443759013859]
RB OUTPUT: 27311
[3, 0, 2, 1]
[872.51322318664916]
RB OUTPUT: 9406
[1, 0, 3, 0]
[9950.7275685008517]
RB OUTPUT: 9105
[0, 0, 2, 4]
[11062.619810478753]
RB OUTPUT: 403
[0, 3, 3, 2]
[31715.240980961153]
RB OUTPUT: 9409
