ACTIVATION SET: 
[['G', 'G', 'G']]
OUTPUT ACTIVATION: ['R']
TESTING INPUT: 
[[0, 3, 3, 2, 1], [3, 1, 1, 4, 1], [4, 4, 0, 0, 2], [3, 4, 2, 0, 1], [0, 2, 2, 1, 4], [2, 2, 1, 2, 1], [2, 2, 0, 0, 1], [0, 0, 1, 3, 1], [0, 2, 1, 3, 1], [4, 3, 0, 3, 1], [3, 2, 4, 3, 2], [0, 1, 0, 1, 0], [2, 0, 4, 1, 3], [3, 1, 2, 1, 0], [0, 2, 3, 0, 2], [4, 1, 2, 4, 1]]
OUTPUT: 
[0, 3, 3, 2, 1]
[7992.0831350061353]
RB OUTPUT: 10310
[3, 1, 1, 4, 1]
[28777.413098369896]
RB OUTPUT: 29813
[4, 4, 0, 0, 2]
[19284.723135764354]
RB OUTPUT: 40420
[3, 4, 2, 0, 1]
[21382.284113091839]
RB OUTPUT: 23815
[0, 2, 2, 1, 4]
[21549.669955887359]
RB OUTPUT: 2603
[2, 2, 1, 2, 1]
[16507.91374070142]
RB OUTPUT: 2303
[2, 2, 0, 0, 1]
[28139.664679225636]
RB OUTPUT: 2104
[0, 0, 1, 3, 1]
[26848.321474117452]
RB OUTPUT: 6906
[0, 2, 1, 3, 1]
[18366.116674912126]
RB OUTPUT: 8106
[4, 3, 0, 3, 1]
[27619.438954546375]
RB OUTPUT: 32318
[3, 2, 4, 3, 2]
[15688.66453119096]
RB OUTPUT: 26718
[0, 1, 0, 1, 0]
[33386.617576795667]
RB OUTPUT: 402
[2, 0, 4, 1, 3]
[26143.306550901263]
RB OUTPUT: 26111
[3, 1, 2, 1, 0]
[26232.208258173716]
RB OUTPUT: 7505
[0, 2, 3, 0, 2]
[21743.837486861255]
RB OUTPUT: 9007
[4, 1, 2, 4, 1]
[30083.587435867768]
RB OUTPUT: 45119
