ACTIVATION SET: 
[['G', 'G', 'G', 'G', 'G']]
OUTPUT ACTIVATION: ['R']
TRAINING INPUT: 
[[2, 4, 0, 0, 0], [4, 0, 0, 0, 0], [3, 4, 3, 3, 2], [1, 4, 1, 4, 4], [0, 2, 4, 2, 2], [3, 1, 4, 3, 4], [0, 1, 3, 1, 3], [1, 2, 3, 3, 4], [2, 2, 3, 0, 0], [0, 4, 1, 1, 0], [3, 3, 0, 3, 1], [4, 0, 0, 0, 0], [1, 3, 2, 1, 1], [1, 4, 2, 4, 4], [4, 1, 0, 2, 1], [2, 0, 3, 3, 1]]
OUTPUT: 
[2, 4, 0, 0, 0]
[16304.77247416502]
RB OUTPUT: 25612
[4, 0, 0, 0, 0]
[13820.881608252635]
RB OUTPUT: 25612
[3, 4, 3, 3, 2]
[60589.814221130866]
RB OUTPUT: 27921
[1, 4, 1, 4, 4]
[31476.317513150141]
RB OUTPUT: 38718
[0, 2, 4, 2, 2]
[29065.133365868012]
RB OUTPUT: 20412
[3, 1, 4, 3, 4]
[40394.019818978515]
RB OUTPUT: 26717
[0, 1, 3, 1, 3]
[13291.474704568151]
RB OUTPUT: 7305
[1, 2, 3, 3, 4]
[39882.185363225843]
RB OUTPUT: 6309
[2, 2, 3, 0, 0]
[1652.5169009285419]
RB OUTPUT: 8607
[0, 4, 1, 1, 0]
[11756.900210430347]
RB OUTPUT: 24210
[3, 3, 0, 3, 1]
[30901.365687571841]
RB OUTPUT: 19013
[4, 0, 0, 0, 0]
[13820.881608252635]
RB OUTPUT: 25612
[1, 3, 2, 1, 1]
[-2187.8458431004965]
RB OUTPUT: 6205
[1, 4, 2, 4, 4]
[37274.461058476903]
RB OUTPUT: 34919
[4, 1, 0, 2, 1]
[16697.710019847495]
RB OUTPUT: 23911
[2, 0, 3, 3, 1]
[20266.271996855812]
RB OUTPUT: 12510
