ACTIVATION SET: 
[['G', 'G', 'G', 'G', 'G', 'G', 'G']]
OUTPUT ACTIVATION: ['R']
TRAINING INPUT: 
[[1, 4, 4, 4, 2], [0, 2, 4, 1, 3], [2, 0, 4, 0, 2], [0, 0, 4, 1, 4], [1, 3, 3, 2, 1], [3, 4, 3, 0, 4], [1, 0, 4, 4, 2], [4, 3, 0, 1, 2], [4, 3, 0, 3, 1], [0, 3, 4, 2, 3], [2, 1, 0, 1, 1], [2, 4, 3, 0, 2], [1, 3, 3, 2, 4], [2, 2, 2, 0, 1], [3, 2, 3, 4, 2], [3, 1, 4, 3, 4]]
OUTPUT: 
[1, 4, 4, 4, 2]
[47379.073352221356]
RB OUTPUT: 49327
[0, 2, 4, 1, 3]
[18782.765084931209]
RB OUTPUT: 23311
[2, 0, 4, 0, 2]
[25188.070035514389]
RB OUTPUT: 29212
[0, 0, 4, 1, 4]
[27438.924080706602]
RB OUTPUT: 25011
[1, 3, 3, 2, 1]
[4824.6518327095819]
RB OUTPUT: 9809
[3, 4, 3, 0, 4]
[38770.029460843987]
RB OUTPUT: 29118
[1, 0, 4, 4, 2]
[30944.183380432354]
RB OUTPUT: 35719
[4, 3, 0, 1, 2]
[25919.847655942016]
RB OUTPUT: 25214
[4, 3, 0, 3, 1]
[30962.573596902643]
RB OUTPUT: 32318
[0, 3, 4, 2, 3]
[30453.646856834788]
RB OUTPUT: 23115
[2, 1, 0, 1, 1]
[-18166.52632009588]
RB OUTPUT: 1102
[2, 4, 3, 0, 2]
[24198.354406360289]
RB OUTPUT: 25415
[1, 3, 3, 2, 4]
[26868.761740475649]
RB OUTPUT: 8909
[2, 2, 2, 0, 1]
[-40864.213087761127]
RB OUTPUT: 2504
[3, 2, 3, 4, 2]
[9268.5749778774116]
RB OUTPUT: 27118
[3, 1, 4, 3, 4]
[-31762.935059441028]
RB OUTPUT: 26717
