ACTIVATION SET: 
[['G', 'G', 'G', 'G', 'G']]
OUTPUT ACTIVATION: ['R']
TRAINING INPUT: 
[[2, 0, 1, 1, 4, 0], [4, 2, 1, 2, 1, 4], [0, 4, 2, 0, 2, 2], [2, 1, 1, 3, 0, 1], [2, 3, 2, 2, 1, 2], [1, 1, 2, 3, 3, 2], [4, 1, 4, 2, 2, 3], [0, 0, 3, 4, 1, 0], [3, 1, 3, 0, 4, 2], [1, 2, 4, 0, 1, 2], [1, 1, 2, 2, 1, 4], [2, 0, 2, 4, 2, 4], [1, 1, 0, 2, 1, 4], [3, 0, 2, 1, 2, 0], [3, 3, 3, 1, 2, 3], [3, 1, 4, 1, 4, 0]]
OUTPUT: 
[2, 0, 1, 1, 4, 0]
[31831.790620682459]
RB OUTPUT: 28211
[4, 2, 1, 2, 1, 4]
[18721.697051913252]
RB OUTPUT: 22411
[0, 4, 2, 0, 2, 2]
[29080.143296375347]
RB OUTPUT: 23613
[2, 1, 1, 3, 0, 1]
[20553.932817434077]
RB OUTPUT: 9506
[2, 3, 2, 2, 1, 2]
[-14464.894328306123]
RB OUTPUT: 6407
[1, 1, 2, 3, 3, 2]
[20228.768982297708]
RB OUTPUT: 8709
[4, 1, 4, 2, 2, 3]
[24394.325843266233]
RB OUTPUT: 43520
[0, 0, 3, 4, 1, 0]
[22768.446762052212]
RB OUTPUT: 26015
[3, 1, 3, 0, 4, 2]
[14262.427985476666]
RB OUTPUT: 36118
[1, 2, 4, 0, 1, 2]
[9946.1068418459254]
RB OUTPUT: 25911
[1, 1, 2, 2, 1, 4]
[21556.044078914092]
RB OUTPUT: 2302
[2, 0, 2, 4, 2, 4]
[32471.586522542759]
RB OUTPUT: 21613
[1, 1, 0, 2, 1, 4]
[31005.279524087873]
RB OUTPUT: 2302
[3, 0, 2, 1, 2, 0]
[19845.069375283852]
RB OUTPUT: 11107
[3, 3, 3, 1, 2, 3]
[-4524.3215240510326]
RB OUTPUT: 13813
[3, 1, 4, 1, 4, 0]
[30931.162223487903]
RB OUTPUT: 56322
