ACTIVATION SET: 
[['G', 'G', 'G']]
OUTPUT ACTIVATION: ['R']
TRAINING INPUT: 
[[4, 0, 0, 1, 0, 2], [1, 1, 0, 0, 1, 0], [4, 1, 0, 3, 3, 3], [0, 0, 0, 3, 2, 2], [1, 4, 0, 3, 2, 0], [0, 2, 4, 3, 1, 0], [0, 1, 4, 0, 0, 2], [4, 3, 2, 0, 1, 1], [1, 0, 3, 4, 4, 1], [2, 0, 3, 2, 1, 1], [1, 2, 4, 1, 1, 1], [1, 2, 0, 4, 2, 2], [4, 2, 1, 4, 0, 1], [4, 1, 4, 1, 2, 1], [4, 4, 0, 0, 1, 3], [0, 0, 0, 2, 4, 0]]
OUTPUT: 
[4, 0, 0, 1, 0, 2]
[29257.243323551749]
RB OUTPUT: 26212
[1, 1, 0, 0, 1, 0]
[24645.766323853582]
RB OUTPUT: 302
[4, 1, 0, 3, 3, 3]
[30802.35324883298]
RB OUTPUT: 30718
[0, 0, 0, 3, 2, 2]
[30696.160402676691]
RB OUTPUT: 6208
[1, 4, 0, 3, 2, 0]
[35308.523963849373]
RB OUTPUT: 33915
[0, 2, 4, 3, 1, 0]
[33350.603166017499]
RB OUTPUT: 23815
[0, 1, 4, 0, 0, 2]
[31933.697789091242]
RB OUTPUT: 27012
[4, 3, 2, 0, 1, 1]
[28696.230142629433]
RB OUTPUT: 23515
[1, 0, 3, 4, 4, 1]
[30860.713162708656]
RB OUTPUT: 40423
[2, 0, 3, 2, 1, 1]
[18391.91043698023]
RB OUTPUT: 8307
[1, 2, 4, 1, 1, 1]
[26133.346601008176]
RB OUTPUT: 22610
[1, 2, 0, 4, 2, 2]
[32367.867657890692]
RB OUTPUT: 23312
[4, 2, 1, 4, 0, 1]
[35367.102003725377]
RB OUTPUT: 47120
[4, 1, 4, 1, 2, 1]
[27377.90521755199]
RB OUTPUT: 46919
[4, 4, 0, 0, 1, 3]
[27152.28245054177]
RB OUTPUT: 40520
[0, 0, 0, 2, 4, 0]
[29269.274954626784]
RB OUTPUT: 26013
