ACTIVATION SET: 
[['G', 'G', 'G', 'G', 'G', 'G', 'G']]
OUTPUT ACTIVATION: ['R']
TESTING INPUT: 
[[1, 3, 2, 0, 0, 2], [4, 1, 0, 2, 3, 0], [4, 4, 2, 3, 3, 1], [4, 1, 1, 3, 3, 4], [1, 3, 4, 2, 4, 1], [0, 2, 4, 3, 0, 0], [2, 1, 1, 2, 4, 3], [2, 3, 1, 3, 3, 4], [1, 0, 0, 4, 0, 1], [0, 2, 3, 0, 0, 1], [1, 4, 4, 3, 3, 4], [4, 4, 0, 4, 4, 1], [3, 1, 2, 2, 0, 2], [1, 1, 2, 1, 1, 1], [3, 3, 4, 1, 0, 1], [0, 3, 1, 4, 0, 1]]
OUTPUT: 
[1, 3, 2, 0, 0, 2]
[11252.856041231931]
RB OUTPUT: 7307
[4, 1, 0, 2, 3, 0]
[31992.581040348829]
RB OUTPUT: 31215
[4, 4, 2, 3, 3, 1]
[32078.493049589051]
RB OUTPUT: 44127
[4, 1, 1, 3, 3, 4]
[29369.218021410361]
RB OUTPUT: 29017
[1, 3, 4, 2, 4, 1]
[33138.367428071448]
RB OUTPUT: 45023
[0, 2, 4, 3, 0, 0]
[32690.083360148536]
RB OUTPUT: 25416
[2, 1, 1, 2, 4, 3]
[20469.50196350638]
RB OUTPUT: 17911
[2, 3, 1, 3, 3, 4]
[15020.233964843508]
RB OUTPUT: 13013
[1, 0, 0, 4, 0, 1]
[33741.40446945552]
RB OUTPUT: 27412
[0, 2, 3, 0, 0, 1]
[-17944.721476561706]
RB OUTPUT: 8708
[1, 4, 4, 3, 3, 4]
[32907.965606372549]
RB OUTPUT: 38326
[4, 4, 0, 4, 4, 1]
[35833.258074653815]
RB OUTPUT: 78537
[3, 1, 2, 2, 0, 2]
[-2625.4428419081523]
RB OUTPUT: 8907
[1, 1, 2, 1, 1, 1]
[-57617.691219520915]
RB OUTPUT: 1001
[3, 3, 4, 1, 0, 1]
[32201.158184828782]
RB OUTPUT: 28818
[0, 3, 1, 4, 0, 1]
[33686.044096176382]
RB OUTPUT: 33915
